[ 2015-05-25T08:29:32+08:00 ] 127.0.0.1 /wemall/WeiPHP/index.php/User/UserCenter/index.html
INFO: [ app_init ] --START--
INFO: Run Behavior\BuildLiteBehavior [ RunTime:0.000000s ]
INFO: [ app_init ] --END-- [ RunTime:0.000000s ]
INFO: [ app_begin ] --START--
INFO: Run Behavior\ReadHtmlCacheBehavior [ RunTime:0.000000s ]
INFO: [ app_begin ] --END-- [ RunTime:0.000000s ]
INFO: [ view_parse ] --START--
INFO: [ template_filter ] --START--
INFO: Run Behavior\ContentReplaceBehavior [ RunTime:0.000000s ]
INFO: [ template_filter ] --END-- [ RunTime:0.000000s ]
INFO: Run Behavior\ParseTemplateBehavior [ RunTime:0.000000s ]
INFO: [ view_parse ] --END-- [ RunTime:0.000000s ]
INFO: [ view_filter ] --START--
INFO: Run Behavior\WriteHtmlCacheBehavior [ RunTime:0.010000s ]
INFO: [ view_filter ] --END-- [ RunTime:0.010000s ]
INFO: [ view_parse ] --START--
INFO: [ template_filter ] --START--
INFO: Run Behavior\ContentReplaceBehavior [ RunTime:0.000000s ]
INFO: [ template_filter ] --END-- [ RunTime:-0.020000s ]
INFO: Run Behavior\ParseTemplateBehavior [ RunTime:0.010000s ]
INFO: [ view_parse ] --END-- [ RunTime:-0.010000s ]
INFO: [ view_filter ] --START--
INFO: Run Behavior\WriteHtmlCacheBehavior [ RunTime:0.000000s ]
INFO: [ view_filter ] --END-- [ RunTime:-0.010000s ]
INFO: [ view_parse ] --START--
INFO: [ template_filter ] --START--
INFO: Run Behavior\ContentReplaceBehavior [ RunTime:0.000000s ]
INFO: [ template_filter ] --END-- [ RunTime:-0.020000s ]
INFO: Run Behavior\ParseTemplateBehavior [ RunTime:0.000000s ]
INFO: [ view_parse ] --END-- [ RunTime:-0.020000s ]
INFO: [ view_filter ] --START--
INFO: Run Behavior\WriteHtmlCacheBehavior [ RunTime:0.010000s ]
INFO: [ view_filter ] --END-- [ RunTime:-0.010000s ]
SQL: SHOW COLUMNS FROM `wemall_customer` [ RunTime:0.0100s ]
SQL: SELECT * FROM `wemall_customer` WHERE `openid` = 'oZuoxt8tnEUUf6YPBG-mNPYjoKQA' LIMIT 1   [ RunTime:0.0100s ]
SQL: SHOW COLUMNS FROM `wemall_order_form` [ RunTime:0.0100s ]
SQL: SELECT COUNT(*) AS tp_count FROM `wemall_order_form` WHERE `is_pay` = 0 AND `is_cancel` = 0 AND `openid` = 'oZuoxt8tnEUUf6YPBG-mNPYjoKQA' LIMIT 1   [ RunTime:0.0100s ]
SQL: SELECT COUNT(*) AS tp_count FROM `wemall_order_form` WHERE `is_pay` = 1 AND `is_cancel` = 0 AND `is_finish` = 0 AND `openid` = 'oZuoxt8tnEUUf6YPBG-mNPYjoKQA' LIMIT 1   [ RunTime:0.0100s ]
SQL: SHOW COLUMNS FROM `wemall_config` [ RunTime:0.0100s ]
NOTIC: [8] Undefined variable: beginDate D:\xampp\htdocs\wemall\ThinkPHP\Application\Config\Model\ConfigModel.class.php 第 69 行.
NOTIC: [8] Undefined variable: endDate D:\xampp\htdocs\wemall\ThinkPHP\Application\Config\Model\ConfigModel.class.php 第 69 行.
NOTIC: [8] Undefined variable: beginDate D:\xampp\htdocs\wemall\ThinkPHP\Application\Config\Model\ConfigModel.class.php 第 90 行.
NOTIC: [8] Undefined variable: endDate D:\xampp\htdocs\wemall\ThinkPHP\Application\Config\Model\ConfigModel.class.php 第 100 行.
NOTIC: [8] Undefined variable: beginDate D:\xampp\htdocs\wemall\ThinkPHP\Application\Config\Model\ConfigModel.class.php 第 112 行.
NOTIC: [8] Undefined variable: endDate D:\xampp\htdocs\wemall\ThinkPHP\Application\Config\Model\ConfigModel.class.php 第 113 行.
SQL: SHOW COLUMNS FROM `wemall_order_relation` [ RunTime:0.0100s ]
SQL: SELECT * FROM `wemall_order_relation` WHERE `is_payed` = 1 AND `is_cancel` = 0 AND `payed_time` BETWEEN '1430323200' AND '1432513771' AND `buy_openid` = 'oZuoxt8tnEUUf6YPBG-mNPYjoKQA'  [ RunTime:0.0100s ]
SQL: SHOW COLUMNS FROM `wemall_customer` [ RunTime:0.0100s ]
SQL: SELECT * FROM `wemall_customer` WHERE `openid` = 'oZuoxt8tnEUUf6YPBG-mNPYjoKQA' LIMIT 1   [ RunTime:0.0100s ]
SQL: SELECT * FROM `wemall_customer` WHERE `parentid` = 26  [ RunTime:0.0100s ]
SQL: SELECT * FROM `wemall_order_relation` WHERE `is_payed` = 1 AND `is_cancel` = 0 AND `payed_time` BETWEEN '1430323200' AND '1432513771' AND `buy_openid` = 'oZuoxt8tnEUUf6YPBG-mNPYjoKQA'  [ RunTime:0.0100s ]
SQL: SELECT * FROM `wemall_order_relation` WHERE `is_payed` = 1 AND `is_cancel` = 0 AND `payed_time` BETWEEN '1430323200' AND '1432513771' AND `buy_openid` = 'oZuoxt244k6RpXL1q5BHiShF1CQE'  [ RunTime:0.0100s ]
SQL: SHOW COLUMNS FROM `wemall_rebate` [ RunTime:0.0100s ]
SQL: SELECT * FROM `wemall_rebate` WHERE `top_money` <= 569077 AND `type` = 0 ORDER BY top_money desc LIMIT 1   [ RunTime:0.0000s ]
SQL: SELECT * FROM `wemall_rebate` WHERE `top_money` <= 569077 AND `type` = 1 ORDER BY top_money desc LIMIT 1   [ RunTime:0.0100s ]
SQL: SELECT * FROM `wemall_rebate` WHERE `top_money` <= 569077 AND `type` = 0 ORDER BY top_money desc LIMIT 1   [ RunTime:0.0100s ]
SQL: SELECT * FROM `wemall_rebate` WHERE `top_money` <= 569077 AND `type` = 1 ORDER BY top_money desc LIMIT 1   [ RunTime:0.0100s ]
NOTIC: [8] Undefined variable: count D:\xampp\htdocs\wemall\ThinkPHP\Application\User\Controller\UserCenterController.class.php 第 118 行.
INFO: [ view_parse ] --START--
INFO: [ template_filter ] --START--
INFO: Run Behavior\ContentReplaceBehavior [ RunTime:0.000000s ]
INFO: [ template_filter ] --END-- [ RunTime:-0.720001s ]
INFO: Run Behavior\ParseTemplateBehavior [ RunTime:0.010000s ]
INFO: [ view_parse ] --END-- [ RunTime:-0.710001s ]
INFO: [ view_filter ] --START--
INFO: Run Behavior\WriteHtmlCacheBehavior [ RunTime:0.000000s ]
INFO: [ view_filter ] --END-- [ RunTime:-0.710001s ]
INFO: [ view_parse ] --START--
INFO: [ template_filter ] --START--
INFO: Run Behavior\ContentReplaceBehavior [ RunTime:0.000000s ]
INFO: [ template_filter ] --END-- [ RunTime:-0.730001s ]
NOTIC: [8] Undefined variable: lineFee D:\xampp\htdocs\wemall\ThinkPHP\Application\Runtime\Cache\User\cceb317778cdaec8ec9f40a28912348a.php 第 79 行.
NOTIC: [8] Undefined variable: line D:\xampp\htdocs\wemall\ThinkPHP\Application\Runtime\Cache\User\cceb317778cdaec8ec9f40a28912348a.php 第 85 行.
INFO: Run Behavior\ParseTemplateBehavior [ RunTime:0.020000s ]
INFO: [ view_parse ] --END-- [ RunTime:-0.720001s ]
INFO: [ view_filter ] --START--
INFO: Run Behavior\WriteHtmlCacheBehavior [ RunTime:0.000000s ]
INFO: [ view_filter ] --END-- [ RunTime:-0.730001s ]
INFO: [ view_parse ] --START--
INFO: [ template_filter ] --START--
INFO: Run Behavior\ContentReplaceBehavior [ RunTime:0.000000s ]
INFO: [ template_filter ] --END-- [ RunTime:-0.750001s ]
NOTIC: [8] Undefined variable: YZTitle D:\xampp\htdocs\wemall\ThinkPHP\Application\Runtime\Cache\User\f64d738dec9062ca568444d9a07e17dd.php 第 15 行.
INFO: Run Behavior\ParseTemplateBehavior [ RunTime:0.010000s ]
INFO: [ view_parse ] --END-- [ RunTime:-0.740001s ]
INFO: [ view_filter ] --START--
INFO: Run Behavior\WriteHtmlCacheBehavior [ RunTime:0.000000s ]
INFO: [ view_filter ] --END-- [ RunTime:-0.740001s ]
INFO: [ app_end ] --START--
INFO: Run Behavior\ShowPageTraceBehavior [ RunTime:0.000000s ]
INFO: [ app_end ] --END-- [ RunTime:0.000000s ]

[ 2015-05-25T08:50:13+08:00 ] 192.168.137.92 /wemall/WeiPHP/index.php/User/UserCenter/index.html
INFO: [ app_init ] --START--
INFO: Run Behavior\BuildLiteBehavior [ RunTime:0.000000s ]
INFO: [ app_init ] --END-- [ RunTime:0.001000s ]
INFO: [ app_begin ] --START--
INFO: Run Behavior\ReadHtmlCacheBehavior [ RunTime:0.001000s ]
INFO: [ app_begin ] --END-- [ RunTime:0.002000s ]
INFO: [ view_parse ] --START--
INFO: [ template_filter ] --START--
INFO: Run Behavior\ContentReplaceBehavior [ RunTime:0.000000s ]
INFO: [ template_filter ] --END-- [ RunTime:0.001000s ]
INFO: Run Behavior\ParseTemplateBehavior [ RunTime:0.026002s ]
INFO: [ view_parse ] --END-- [ RunTime:0.026002s ]
INFO: [ view_filter ] --START--
INFO: Run Behavior\WriteHtmlCacheBehavior [ RunTime:0.002000s ]
INFO: [ view_filter ] --END-- [ RunTime:0.002000s ]
INFO: [ view_parse ] --START--
INFO: [ template_filter ] --START--
INFO: Run Behavior\ContentReplaceBehavior [ RunTime:0.000000s ]
INFO: [ template_filter ] --END-- [ RunTime:-0.030002s ]
INFO: Run Behavior\ParseTemplateBehavior [ RunTime:0.007000s ]
INFO: [ view_parse ] --END-- [ RunTime:-0.003000s ]
INFO: [ view_filter ] --START--
INFO: Run Behavior\WriteHtmlCacheBehavior [ RunTime:0.000000s ]
INFO: [ view_filter ] --END-- [ RunTime:-0.008000s ]
INFO: [ view_parse ] --START--
INFO: [ template_filter ] --START--
INFO: Run Behavior\ContentReplaceBehavior [ RunTime:0.000000s ]
INFO: [ template_filter ] --END-- [ RunTime:-0.043003s ]
INFO: Run Behavior\ParseTemplateBehavior [ RunTime:0.022002s ]
INFO: [ view_parse ] --END-- [ RunTime:-0.012000s ]
INFO: [ view_filter ] --START--
INFO: Run Behavior\WriteHtmlCacheBehavior [ RunTime:0.000000s ]
INFO: [ view_filter ] --END-- [ RunTime:-0.032002s ]
SQL: SHOW COLUMNS FROM `wemall_customer` [ RunTime:0.0100s ]
SQL: SELECT * FROM `wemall_customer` WHERE `openid` = 'oZuoxt8tnEUUf6YPBG-mNPYjoKQA' LIMIT 1   [ RunTime:0.0080s ]
SQL: SHOW COLUMNS FROM `wemall_order_form` [ RunTime:0.0110s ]
SQL: SELECT COUNT(*) AS tp_count FROM `wemall_order_form` WHERE `is_pay` = 0 AND `is_cancel` = 0 AND `openid` = 'oZuoxt8tnEUUf6YPBG-mNPYjoKQA' LIMIT 1   [ RunTime:0.0080s ]
SQL: SELECT COUNT(*) AS tp_count FROM `wemall_order_form` WHERE `is_pay` = 1 AND `is_cancel` = 0 AND `is_finish` = 0 AND `openid` = 'oZuoxt8tnEUUf6YPBG-mNPYjoKQA' LIMIT 1   [ RunTime:0.0080s ]
SQL: SHOW COLUMNS FROM `wemall_config` [ RunTime:0.0100s ]
NOTIC: [8] Undefined variable: beginDate D:\xampp\htdocs\wemall\ThinkPHP\Application\Config\Model\ConfigModel.class.php 第 69 行.
NOTIC: [8] Undefined variable: endDate D:\xampp\htdocs\wemall\ThinkPHP\Application\Config\Model\ConfigModel.class.php 第 69 行.
NOTIC: [8] Undefined variable: beginDate D:\xampp\htdocs\wemall\ThinkPHP\Application\Config\Model\ConfigModel.class.php 第 90 行.
NOTIC: [8] Undefined variable: endDate D:\xampp\htdocs\wemall\ThinkPHP\Application\Config\Model\ConfigModel.class.php 第 100 行.
NOTIC: [8] Undefined variable: beginDate D:\xampp\htdocs\wemall\ThinkPHP\Application\Config\Model\ConfigModel.class.php 第 112 行.
NOTIC: [8] Undefined variable: endDate D:\xampp\htdocs\wemall\ThinkPHP\Application\Config\Model\ConfigModel.class.php 第 113 行.
SQL: SHOW COLUMNS FROM `wemall_order_relation` [ RunTime:0.0120s ]
SQL: SELECT * FROM `wemall_order_relation` WHERE `is_payed` = 1 AND `is_cancel` = 0 AND `payed_time` BETWEEN '1430323200' AND '1432515013' AND `buy_openid` = 'oZuoxt8tnEUUf6YPBG-mNPYjoKQA'  [ RunTime:0.0130s ]
SQL: SHOW COLUMNS FROM `wemall_customer` [ RunTime:0.0110s ]
SQL: SELECT * FROM `wemall_customer` WHERE `openid` = 'oZuoxt8tnEUUf6YPBG-mNPYjoKQA' LIMIT 1   [ RunTime:0.0090s ]
SQL: SELECT * FROM `wemall_customer` WHERE `parentid` = 26  [ RunTime:0.0090s ]
SQL: SELECT * FROM `wemall_order_relation` WHERE `is_payed` = 1 AND `is_cancel` = 0 AND `payed_time` BETWEEN '1430323200' AND '1432515013' AND `buy_openid` = 'oZuoxt8tnEUUf6YPBG-mNPYjoKQA'  [ RunTime:0.0100s ]
SQL: SELECT * FROM `wemall_order_relation` WHERE `is_payed` = 1 AND `is_cancel` = 0 AND `payed_time` BETWEEN '1430323200' AND '1432515013' AND `buy_openid` = 'oZuoxt244k6RpXL1q5BHiShF1CQE'  [ RunTime:0.0090s ]
SQL: SHOW COLUMNS FROM `wemall_rebate` [ RunTime:0.0120s ]
SQL: SELECT * FROM `wemall_rebate` WHERE `top_money` <= 569077 AND `type` = 0 ORDER BY top_money desc LIMIT 1   [ RunTime:0.0100s ]
SQL: SELECT * FROM `wemall_rebate` WHERE `top_money` <= 569077 AND `type` = 1 ORDER BY top_money desc LIMIT 1   [ RunTime:0.0080s ]
SQL: SELECT * FROM `wemall_rebate` WHERE `top_money` <= 569077 AND `type` = 0 ORDER BY top_money desc LIMIT 1   [ RunTime:0.0090s ]
SQL: SELECT * FROM `wemall_rebate` WHERE `top_money` <= 569077 AND `type` = 1 ORDER BY top_money desc LIMIT 1   [ RunTime:0.0080s ]
NOTIC: [8] Undefined variable: count D:\xampp\htdocs\wemall\ThinkPHP\Application\User\Controller\UserCenterController.class.php 第 118 行.
INFO: [ view_parse ] --START--
INFO: [ template_filter ] --START--
INFO: Run Behavior\ContentReplaceBehavior [ RunTime:0.000000s ]
INFO: [ template_filter ] --END-- [ RunTime:-0.405024s ]
INFO: Run Behavior\ParseTemplateBehavior [ RunTime:0.005001s ]
INFO: [ view_parse ] --END-- [ RunTime:-0.380021s ]
INFO: [ view_filter ] --START--
INFO: Run Behavior\WriteHtmlCacheBehavior [ RunTime:0.000000s ]
INFO: [ view_filter ] --END-- [ RunTime:-0.384022s ]
INFO: [ view_parse ] --START--
INFO: [ template_filter ] --START--
INFO: Run Behavior\ContentReplaceBehavior [ RunTime:0.000000s ]
INFO: [ template_filter ] --END-- [ RunTime:-0.425025s ]
NOTIC: [8] Undefined variable: lineFee D:\xampp\htdocs\wemall\ThinkPHP\Application\Runtime\Cache\User\cceb317778cdaec8ec9f40a28912348a.php 第 79 行.
NOTIC: [8] Undefined variable: line D:\xampp\htdocs\wemall\ThinkPHP\Application\Runtime\Cache\User\cceb317778cdaec8ec9f40a28912348a.php 第 85 行.
INFO: Run Behavior\ParseTemplateBehavior [ RunTime:0.020001s ]
INFO: [ view_parse ] --END-- [ RunTime:-0.387022s ]
INFO: [ view_filter ] --START--
INFO: Run Behavior\WriteHtmlCacheBehavior [ RunTime:0.000000s ]
INFO: [ view_filter ] --END-- [ RunTime:-0.405023s ]
INFO: [ view_parse ] --START--
INFO: [ template_filter ] --START--
INFO: Run Behavior\ContentReplaceBehavior [ RunTime:0.001000s ]
INFO: [ template_filter ] --END-- [ RunTime:-0.462027s ]
NOTIC: [8] Undefined variable: YZTitle D:\xampp\htdocs\wemall\ThinkPHP\Application\Runtime\Cache\User\f64d738dec9062ca568444d9a07e17dd.php 第 15 行.
INFO: Run Behavior\ParseTemplateBehavior [ RunTime:0.026001s ]
INFO: [ view_parse ] --END-- [ RunTime:-0.417024s ]
INFO: [ view_filter ] --START--
INFO: Run Behavior\WriteHtmlCacheBehavior [ RunTime:0.000000s ]
INFO: [ view_filter ] --END-- [ RunTime:-0.441025s ]
INFO: [ app_end ] --START--
INFO: Run Behavior\ShowPageTraceBehavior [ RunTime:0.001000s ]
INFO: [ app_end ] --END-- [ RunTime:0.002000s ]

[ 2015-05-25T10:39:54+08:00 ] 192.168.137.92 /wemall/WeiPHP/index.php/User/UserCenter/index.html
INFO: [ app_init ] --START--
INFO: Run Behavior\BuildLiteBehavior [ RunTime:0.000000s ]
INFO: [ app_init ] --END-- [ RunTime:0.001000s ]
INFO: [ app_begin ] --START--
INFO: Run Behavior\ReadHtmlCacheBehavior [ RunTime:0.000000s ]
INFO: [ app_begin ] --END-- [ RunTime:0.000000s ]
INFO: [ view_parse ] --START--
INFO: [ template_filter ] --START--
INFO: Run Behavior\ContentReplaceBehavior [ RunTime:0.000000s ]
INFO: [ template_filter ] --END-- [ RunTime:0.001000s ]
INFO: Run Behavior\ParseTemplateBehavior [ RunTime:0.004000s ]
INFO: [ view_parse ] --END-- [ RunTime:0.004000s ]
INFO: [ view_filter ] --START--
INFO: Run Behavior\WriteHtmlCacheBehavior [ RunTime:0.001000s ]
INFO: [ view_filter ] --END-- [ RunTime:0.001000s ]
INFO: [ view_parse ] --START--
INFO: [ template_filter ] --START--
INFO: Run Behavior\ContentReplaceBehavior [ RunTime:0.000000s ]
INFO: [ template_filter ] --END-- [ RunTime:-0.007001s ]
INFO: Run Behavior\ParseTemplateBehavior [ RunTime:0.006001s ]
INFO: [ view_parse ] --END-- [ RunTime:-0.002000s ]
INFO: [ view_filter ] --START--
INFO: Run Behavior\WriteHtmlCacheBehavior [ RunTime:0.000000s ]
INFO: [ view_filter ] --END-- [ RunTime:-0.008001s ]
INFO: [ view_parse ] --START--
INFO: [ template_filter ] --START--
INFO: Run Behavior\ContentReplaceBehavior [ RunTime:0.000000s ]
INFO: [ template_filter ] --END-- [ RunTime:-0.014001s ]
INFO: Run Behavior\ParseTemplateBehavior [ RunTime:0.005000s ]
INFO: [ view_parse ] --END-- [ RunTime:-0.010001s ]
INFO: [ view_filter ] --START--
INFO: Run Behavior\WriteHtmlCacheBehavior [ RunTime:0.000000s ]
INFO: [ view_filter ] --END-- [ RunTime:-0.014001s ]
SQL: SHOW COLUMNS FROM `wemall_customer` [ RunTime:0.0090s ]
SQL: SELECT * FROM `wemall_customer` WHERE `openid` = 'oZuoxt8tnEUUf6YPBG-mNPYjoKQA' LIMIT 1   [ RunTime:0.0090s ]
SQL: SHOW COLUMNS FROM `wemall_order_form` [ RunTime:0.0110s ]
SQL: SELECT COUNT(*) AS tp_count FROM `wemall_order_form` WHERE `is_pay` = 0 AND `is_cancel` = 0 AND `openid` = 'oZuoxt8tnEUUf6YPBG-mNPYjoKQA' LIMIT 1   [ RunTime:0.0090s ]
SQL: SELECT COUNT(*) AS tp_count FROM `wemall_order_form` WHERE `is_pay` = 1 AND `is_cancel` = 0 AND `is_finish` = 0 AND `openid` = 'oZuoxt8tnEUUf6YPBG-mNPYjoKQA' LIMIT 1   [ RunTime:0.0080s ]
SQL: SHOW COLUMNS FROM `wemall_config` [ RunTime:0.0090s ]
NOTIC: [8] Undefined variable: beginDate D:\xampp\htdocs\wemall\ThinkPHP\Application\Config\Model\ConfigModel.class.php 第 69 行.
NOTIC: [8] Undefined variable: endDate D:\xampp\htdocs\wemall\ThinkPHP\Application\Config\Model\ConfigModel.class.php 第 69 行.
NOTIC: [8] Undefined variable: beginDate D:\xampp\htdocs\wemall\ThinkPHP\Application\Config\Model\ConfigModel.class.php 第 90 行.
NOTIC: [8] Undefined variable: endDate D:\xampp\htdocs\wemall\ThinkPHP\Application\Config\Model\ConfigModel.class.php 第 100 行.
NOTIC: [8] Undefined variable: beginDate D:\xampp\htdocs\wemall\ThinkPHP\Application\Config\Model\ConfigModel.class.php 第 112 行.
NOTIC: [8] Undefined variable: endDate D:\xampp\htdocs\wemall\ThinkPHP\Application\Config\Model\ConfigModel.class.php 第 113 行.
SQL: SHOW COLUMNS FROM `wemall_order_relation` [ RunTime:0.0090s ]
SQL: SELECT * FROM `wemall_order_relation` WHERE `is_payed` = 1 AND `is_cancel` = 0 AND `payed_time` BETWEEN '1430323200' AND '1432521594' AND `buy_openid` = 'oZuoxt8tnEUUf6YPBG-mNPYjoKQA'  [ RunTime:0.0080s ]
SQL: SHOW COLUMNS FROM `wemall_customer` [ RunTime:0.0080s ]
SQL: SELECT * FROM `wemall_customer` WHERE `openid` = 'oZuoxt8tnEUUf6YPBG-mNPYjoKQA' LIMIT 1   [ RunTime:0.0080s ]
SQL: SELECT * FROM `wemall_customer` WHERE `parentid` = 26  [ RunTime:0.0090s ]
SQL: SELECT * FROM `wemall_order_relation` WHERE `is_payed` = 1 AND `is_cancel` = 0 AND `payed_time` BETWEEN '1430323200' AND '1432521594' AND `buy_openid` = 'oZuoxt8tnEUUf6YPBG-mNPYjoKQA'  [ RunTime:0.0100s ]
SQL: SELECT * FROM `wemall_order_relation` WHERE `is_payed` = 1 AND `is_cancel` = 0 AND `payed_time` BETWEEN '1430323200' AND '1432521594' AND `buy_openid` = 'oZuoxt244k6RpXL1q5BHiShF1CQE'  [ RunTime:0.0080s ]
SQL: SHOW COLUMNS FROM `wemall_rebate` [ RunTime:0.0090s ]
SQL: SELECT * FROM `wemall_rebate` WHERE `top_money` <= 569077 AND `type` = 0 ORDER BY top_money desc LIMIT 1   [ RunTime:0.0090s ]
SQL: SELECT * FROM `wemall_rebate` WHERE `top_money` <= 569077 AND `type` = 1 ORDER BY top_money desc LIMIT 1   [ RunTime:0.0080s ]
SQL: SELECT * FROM `wemall_rebate` WHERE `top_money` <= 569077 AND `type` = 0 ORDER BY top_money desc LIMIT 1   [ RunTime:0.0070s ]
SQL: SELECT * FROM `wemall_rebate` WHERE `top_money` <= 569077 AND `type` = 1 ORDER BY top_money desc LIMIT 1   [ RunTime:0.0080s ]
NOTIC: [8] Undefined variable: count D:\xampp\htdocs\wemall\ThinkPHP\Application\User\Controller\UserCenterController.class.php 第 118 行.
INFO: [ view_parse ] --START--
INFO: [ template_filter ] --START--
INFO: Run Behavior\ContentReplaceBehavior [ RunTime:0.000000s ]
INFO: [ template_filter ] --END-- [ RunTime:-0.303018s ]
INFO: Run Behavior\ParseTemplateBehavior [ RunTime:0.004001s ]
INFO: [ view_parse ] --END-- [ RunTime:-0.299017s ]
INFO: [ view_filter ] --START--
INFO: Run Behavior\WriteHtmlCacheBehavior [ RunTime:0.000000s ]
INFO: [ view_filter ] --END-- [ RunTime:-0.302018s ]
INFO: [ view_parse ] --START--
INFO: [ template_filter ] --START--
INFO: Run Behavior\ContentReplaceBehavior [ RunTime:0.000000s ]
INFO: [ template_filter ] --END-- [ RunTime:-0.311018s ]
NOTIC: [8] Undefined variable: lineFee D:\xampp\htdocs\wemall\ThinkPHP\Application\Runtime\Cache\User\cceb317778cdaec8ec9f40a28912348a.php 第 79 行.
NOTIC: [8] Undefined variable: line D:\xampp\htdocs\wemall\ThinkPHP\Application\Runtime\Cache\User\cceb317778cdaec8ec9f40a28912348a.php 第 85 行.
INFO: Run Behavior\ParseTemplateBehavior [ RunTime:0.010000s ]
INFO: [ view_parse ] --END-- [ RunTime:-0.304018s ]
INFO: [ view_filter ] --START--
INFO: Run Behavior\WriteHtmlCacheBehavior [ RunTime:0.000000s ]
INFO: [ view_filter ] --END-- [ RunTime:-0.313018s ]
INFO: [ view_parse ] --START--
INFO: [ template_filter ] --START--
INFO: Run Behavior\ContentReplaceBehavior [ RunTime:0.000000s ]
INFO: [ template_filter ] --END-- [ RunTime:-0.321019s ]
NOTIC: [8] Undefined variable: YZTitle D:\xampp\htdocs\wemall\ThinkPHP\Application\Runtime\Cache\User\f64d738dec9062ca568444d9a07e17dd.php 第 15 行.
INFO: Run Behavior\ParseTemplateBehavior [ RunTime:0.008001s ]
INFO: [ view_parse ] --END-- [ RunTime:-0.315018s ]
INFO: [ view_filter ] --START--
INFO: Run Behavior\WriteHtmlCacheBehavior [ RunTime:0.000000s ]
INFO: [ view_filter ] --END-- [ RunTime:-0.322019s ]
INFO: [ app_end ] --START--
INFO: Run Behavior\ShowPageTraceBehavior [ RunTime:0.001000s ]
INFO: [ app_end ] --END-- [ RunTime:0.002000s ]

[ 2015-05-25T12:33:08+08:00 ] 127.0.0.1 /wemall/WeiPHP/admin.php/User/Index/index.html
INFO: [ app_init ] --START--
INFO: Run Behavior\BuildLiteBehavior [ RunTime:0.000000s ]
INFO: [ app_init ] --END-- [ RunTime:0.000000s ]
INFO: [ app_begin ] --START--
INFO: Run Behavior\ReadHtmlCacheBehavior [ RunTime:0.000000s ]
INFO: [ app_begin ] --END-- [ RunTime:0.000000s ]
SQL: SHOW COLUMNS FROM `wemall_admin_menu` [ RunTime:0.0100s ]
SQL: SELECT * FROM `wemall_admin_menu` WHERE ( pid = 0 ) ORDER BY sort desc  [ RunTime:0.0100s ]
NOTIC: [8] Undefined variable: menuList D:\xampp\htdocs\wemall\ThinkPHP\Application\Admin\Model\AdminMenuModel.class.php 第 66 行.
NOTIC: [8] Undefined variable: menuList D:\xampp\htdocs\wemall\ThinkPHP\Application\Admin\Model\AdminMenuModel.class.php 第 66 行.
NOTIC: [8] Undefined variable: menuList D:\xampp\htdocs\wemall\ThinkPHP\Application\Admin\Model\AdminMenuModel.class.php 第 66 行.
NOTIC: [8] Undefined variable: menuList D:\xampp\htdocs\wemall\ThinkPHP\Application\Admin\Model\AdminMenuModel.class.php 第 66 行.
NOTIC: [8] Undefined variable: menuList D:\xampp\htdocs\wemall\ThinkPHP\Application\Admin\Model\AdminMenuModel.class.php 第 66 行.
NOTIC: [8] Undefined variable: menuList D:\xampp\htdocs\wemall\ThinkPHP\Application\Admin\Model\AdminMenuModel.class.php 第 66 行.
NOTIC: [8] Undefined variable: menuList D:\xampp\htdocs\wemall\ThinkPHP\Application\Admin\Model\AdminMenuModel.class.php 第 66 行.
NOTIC: [8] Undefined variable: menuList D:\xampp\htdocs\wemall\ThinkPHP\Application\Admin\Model\AdminMenuModel.class.php 第 66 行.
NOTIC: [8] Undefined variable: menuList D:\xampp\htdocs\wemall\ThinkPHP\Application\Admin\Model\AdminMenuModel.class.php 第 66 行.
NOTIC: [8] Undefined variable: menuList D:\xampp\htdocs\wemall\ThinkPHP\Application\Admin\Model\AdminMenuModel.class.php 第 66 行.
NOTIC: [8] Undefined variable: menuList D:\xampp\htdocs\wemall\ThinkPHP\Application\Admin\Model\AdminMenuModel.class.php 第 66 行.
NOTIC: [8] Use of undefined constant url - assumed 'url' D:\xampp\htdocs\wemall\ThinkPHP\Application\Admin\Controller\MenuListController.class.php 第 30 行.
NOTIC: [8] Use of undefined constant url - assumed 'url' D:\xampp\htdocs\wemall\ThinkPHP\Application\Admin\Controller\MenuListController.class.php 第 30 行.
NOTIC: [8] Use of undefined constant url - assumed 'url' D:\xampp\htdocs\wemall\ThinkPHP\Application\Admin\Controller\MenuListController.class.php 第 30 行.
NOTIC: [8] Use of undefined constant url - assumed 'url' D:\xampp\htdocs\wemall\ThinkPHP\Application\Admin\Controller\MenuListController.class.php 第 30 行.
NOTIC: [8] Use of undefined constant url - assumed 'url' D:\xampp\htdocs\wemall\ThinkPHP\Application\Admin\Controller\MenuListController.class.php 第 30 行.
NOTIC: [8] Use of undefined constant url - assumed 'url' D:\xampp\htdocs\wemall\ThinkPHP\Application\Admin\Controller\MenuListController.class.php 第 30 行.
NOTIC: [8] Use of undefined constant url - assumed 'url' D:\xampp\htdocs\wemall\ThinkPHP\Application\Admin\Controller\MenuListController.class.php 第 30 行.
NOTIC: [8] Use of undefined constant url - assumed 'url' D:\xampp\htdocs\wemall\ThinkPHP\Application\Admin\Controller\MenuListController.class.php 第 30 行.
NOTIC: [8] Use of undefined constant url - assumed 'url' D:\xampp\htdocs\wemall\ThinkPHP\Application\Admin\Controller\MenuListController.class.php 第 30 行.
NOTIC: [8] Use of undefined constant url - assumed 'url' D:\xampp\htdocs\wemall\ThinkPHP\Application\Admin\Controller\MenuListController.class.php 第 30 行.
NOTIC: [8] Use of undefined constant url - assumed 'url' D:\xampp\htdocs\wemall\ThinkPHP\Application\Admin\Controller\MenuListController.class.php 第 30 行.
SQL: SHOW COLUMNS FROM `wemall_admin_menu` [ RunTime:0.0000s ]
SQL: SELECT * FROM `wemall_admin_menu` WHERE `module` = 'User' AND `controller` = 'Index' AND `action` = 'index' LIMIT 1   [ RunTime:0.0000s ]
SQL: SELECT * FROM `wemall_admin_menu` WHERE `id` = 8 LIMIT 1   [ RunTime:0.0100s ]
NOTIC: [8] Use of undefined constant pid - assumed 'pid' D:\xampp\htdocs\wemall\ThinkPHP\Application\Admin\Model\AdminMenuModel.class.php 第 44 行.
INFO: [ view_parse ] --START--
INFO: [ template_filter ] --START--
INFO: Run Behavior\ContentReplaceBehavior [ RunTime:0.000000s ]
INFO: [ template_filter ] --END-- [ RunTime:0.000000s ]
NOTIC: [8] Undefined index: class D:\xampp\htdocs\wemall\ThinkPHP\Application\Runtime\Cache\User\bc62bb2a7402468c1e0e6ba68e4517bd.php 第 2 行.
NOTIC: [8] Undefined index: class D:\xampp\htdocs\wemall\ThinkPHP\Application\Runtime\Cache\User\bc62bb2a7402468c1e0e6ba68e4517bd.php 第 2 行.
NOTIC: [8] Undefined index: class D:\xampp\htdocs\wemall\ThinkPHP\Application\Runtime\Cache\User\bc62bb2a7402468c1e0e6ba68e4517bd.php 第 2 行.
NOTIC: [8] Undefined index: class D:\xampp\htdocs\wemall\ThinkPHP\Application\Runtime\Cache\User\bc62bb2a7402468c1e0e6ba68e4517bd.php 第 2 行.
NOTIC: [8] Undefined index: class D:\xampp\htdocs\wemall\ThinkPHP\Application\Runtime\Cache\User\bc62bb2a7402468c1e0e6ba68e4517bd.php 第 2 行.
NOTIC: [8] Undefined index: class D:\xampp\htdocs\wemall\ThinkPHP\Application\Runtime\Cache\User\bc62bb2a7402468c1e0e6ba68e4517bd.php 第 2 行.
NOTIC: [8] Undefined index: class D:\xampp\htdocs\wemall\ThinkPHP\Application\Runtime\Cache\User\bc62bb2a7402468c1e0e6ba68e4517bd.php 第 2 行.
NOTIC: [8] Undefined index: class D:\xampp\htdocs\wemall\ThinkPHP\Application\Runtime\Cache\User\bc62bb2a7402468c1e0e6ba68e4517bd.php 第 2 行.
NOTIC: [8] Undefined index: class D:\xampp\htdocs\wemall\ThinkPHP\Application\Runtime\Cache\User\bc62bb2a7402468c1e0e6ba68e4517bd.php 第 2 行.
NOTIC: [8] Undefined index: class D:\xampp\htdocs\wemall\ThinkPHP\Application\Runtime\Cache\User\bc62bb2a7402468c1e0e6ba68e4517bd.php 第 2 行.
INFO: Run Behavior\ParseTemplateBehavior [ RunTime:0.010000s ]
INFO: [ view_parse ] --END-- [ RunTime:0.010000s ]
INFO: [ view_filter ] --START--
INFO: Run Behavior\WriteHtmlCacheBehavior [ RunTime:0.000000s ]
INFO: [ view_filter ] --END-- [ RunTime:0.000000s ]
SQL: SELECT * FROM `wemall_admin_menu` WHERE `module` = 'User' AND `controller` = 'Index' AND `action` = 'index' LIMIT 1   [ RunTime:0.0100s ]
SQL: SELECT * FROM `wemall_admin_menu` WHERE `id` = 8 LIMIT 1   [ RunTime:0.0100s ]
NOTIC: [8] Use of undefined constant pid - assumed 'pid' D:\xampp\htdocs\wemall\ThinkPHP\Application\Admin\Model\AdminMenuModel.class.php 第 44 行.
SQL: SELECT * FROM `wemall_admin_menu` WHERE ( pid = 8 ) ORDER BY sort desc  [ RunTime:0.0100s ]
SQL: SELECT * FROM `wemall_admin_menu` WHERE ( pid = 40 ) ORDER BY sort desc  [ RunTime:0.0000s ]
NOTIC: [8] Undefined index: _child D:\xampp\htdocs\wemall\ThinkPHP\Application\Common\Common\function.php 第 126 行.
SQL: SELECT * FROM `wemall_admin_menu` WHERE `module` = 'User' AND `controller` = 'Index' AND `action` = 'index' LIMIT 1   [ RunTime:0.0000s ]
SQL: SHOW COLUMNS FROM `wemall_user` [ RunTime:0.0100s ]
SQL: SELECT * FROM `wemall_user` WHERE `userid` = 'xuao' LIMIT 1   [ RunTime:0.0100s ]
SQL: SHOW COLUMNS FROM `wemall_user` [ RunTime:0.0100s ]
SQL: SELECT * FROM `wemall_user`  [ RunTime:0.0100s ]
NOTIC: [8] Undefined variable: counts D:\xampp\htdocs\wemall\ThinkPHP\Application\Admin\Controller\PageController.class.php 第 135 行.
NOTIC: [8] Undefined variable: counts D:\xampp\htdocs\wemall\ThinkPHP\Application\Admin\Controller\PageController.class.php 第 135 行.
NOTIC: [8] Undefined variable: showPage D:\xampp\htdocs\wemall\ThinkPHP\Application\Admin\Controller\PageController.class.php 第 269 行.
INFO: [ view_parse ] --START--
INFO: [ template_filter ] --START--
INFO: Run Behavior\ContentReplaceBehavior [ RunTime:0.000000s ]
INFO: [ template_filter ] --END-- [ RunTime:-0.140000s ]
INFO: Run Behavior\ParseTemplateBehavior [ RunTime:0.010000s ]
INFO: [ view_parse ] --END-- [ RunTime:-0.130000s ]
INFO: [ view_filter ] --START--
INFO: Run Behavior\WriteHtmlCacheBehavior [ RunTime:0.000000s ]
INFO: [ view_filter ] --END-- [ RunTime:-0.130000s ]
INFO: [ view_parse ] --START--
INFO: [ template_filter ] --START--
INFO: Run Behavior\ContentReplaceBehavior [ RunTime:0.000000s ]
INFO: [ template_filter ] --END-- [ RunTime:-0.150000s ]
NOTIC: [8] Undefined variable: YZFooterJs D:\xampp\htdocs\wemall\ThinkPHP\Application\Runtime\Cache\User\bbbf7050b05668fa13be77e37d2e0d3d.php 第 40 行.
INFO: Run Behavior\ParseTemplateBehavior [ RunTime:0.020000s ]
INFO: [ view_parse ] --END-- [ RunTime:-0.140000s ]
INFO: [ view_filter ] --START--
INFO: Run Behavior\WriteHtmlCacheBehavior [ RunTime:0.000000s ]
INFO: [ view_filter ] --END-- [ RunTime:-0.150000s ]
INFO: [ app_end ] --START--
INFO: Run Behavior\ShowPageTraceBehavior [ RunTime:0.000000s ]
INFO: [ app_end ] --END-- [ RunTime:0.000000s ]

[ 2015-05-25T19:54:22+08:00 ] 127.0.0.1 /wemall/WeiPHP/index.php/User/UserCenter/index.html
INFO: [ app_init ] --START--
INFO: Run Behavior\BuildLiteBehavior [ RunTime:0.000000s ]
INFO: [ app_init ] --END-- [ RunTime:0.000000s ]
INFO: [ app_begin ] --START--
INFO: Run Behavior\ReadHtmlCacheBehavior [ RunTime:0.001000s ]
INFO: [ app_begin ] --END-- [ RunTime:0.001000s ]
INFO: [ view_parse ] --START--
INFO: [ template_filter ] --START--
INFO: Run Behavior\ContentReplaceBehavior [ RunTime:0.000000s ]
INFO: [ template_filter ] --END-- [ RunTime:0.000000s ]
INFO: Run Behavior\ParseTemplateBehavior [ RunTime:0.024001s ]
INFO: [ view_parse ] --END-- [ RunTime:0.025001s ]
INFO: [ view_filter ] --START--
INFO: Run Behavior\WriteHtmlCacheBehavior [ RunTime:0.001000s ]
INFO: [ view_filter ] --END-- [ RunTime:0.001000s ]
INFO: [ view_parse ] --START--
INFO: [ template_filter ] --START--
INFO: Run Behavior\ContentReplaceBehavior [ RunTime:0.000000s ]
INFO: [ template_filter ] --END-- [ RunTime:-0.030002s ]
INFO: Run Behavior\ParseTemplateBehavior [ RunTime:0.016001s ]
INFO: [ view_parse ] --END-- [ RunTime:-0.003001s ]
INFO: [ view_filter ] --START--
INFO: Run Behavior\WriteHtmlCacheBehavior [ RunTime:0.000000s ]
INFO: [ view_filter ] --END-- [ RunTime:-0.018001s ]
INFO: [ view_parse ] --START--
INFO: [ template_filter ] --START--
INFO: Run Behavior\ContentReplaceBehavior [ RunTime:0.000000s ]
INFO: [ template_filter ] --END-- [ RunTime:-0.044003s ]
INFO: Run Behavior\ParseTemplateBehavior [ RunTime:0.015001s ]
INFO: [ view_parse ] --END-- [ RunTime:-0.021002s ]
INFO: [ view_filter ] --START--
INFO: Run Behavior\WriteHtmlCacheBehavior [ RunTime:0.000000s ]
INFO: [ view_filter ] --END-- [ RunTime:-0.035002s ]
SQL: SHOW COLUMNS FROM `wemall_customer` [ RunTime:0.0330s ]
SQL: SELECT * FROM `wemall_customer` WHERE `openid` = 'oZuoxt8tnEUUf6YPBG-mNPYjoKQA' LIMIT 1   [ RunTime:0.0100s ]
SQL: SHOW COLUMNS FROM `wemall_order_form` [ RunTime:0.0110s ]
SQL: SELECT COUNT(*) AS tp_count FROM `wemall_order_form` WHERE `is_pay` = 0 AND `is_cancel` = 0 AND `openid` = 'oZuoxt8tnEUUf6YPBG-mNPYjoKQA' LIMIT 1   [ RunTime:0.0100s ]
SQL: SELECT COUNT(*) AS tp_count FROM `wemall_order_form` WHERE `is_pay` = 1 AND `is_cancel` = 0 AND `is_finish` = 0 AND `openid` = 'oZuoxt8tnEUUf6YPBG-mNPYjoKQA' LIMIT 1   [ RunTime:0.0090s ]
SQL: SHOW COLUMNS FROM `wemall_config` [ RunTime:0.0100s ]
NOTIC: [8] Undefined variable: beginDate D:\xampp\htdocs\wemall\ThinkPHP\Application\Config\Model\ConfigModel.class.php 第 69 行.
NOTIC: [8] Undefined variable: endDate D:\xampp\htdocs\wemall\ThinkPHP\Application\Config\Model\ConfigModel.class.php 第 69 行.
NOTIC: [8] Undefined variable: beginDate D:\xampp\htdocs\wemall\ThinkPHP\Application\Config\Model\ConfigModel.class.php 第 90 行.
NOTIC: [8] Undefined variable: endDate D:\xampp\htdocs\wemall\ThinkPHP\Application\Config\Model\ConfigModel.class.php 第 100 行.
NOTIC: [8] Undefined variable: beginDate D:\xampp\htdocs\wemall\ThinkPHP\Application\Config\Model\ConfigModel.class.php 第 112 行.
NOTIC: [8] Undefined variable: endDate D:\xampp\htdocs\wemall\ThinkPHP\Application\Config\Model\ConfigModel.class.php 第 113 行.
SQL: SHOW COLUMNS FROM `wemall_order_relation` [ RunTime:0.0110s ]
SQL: SELECT * FROM `wemall_order_relation` WHERE `is_payed` = 1 AND `is_cancel` = 0 AND `payed_time` BETWEEN '1430323200' AND '1432554862' AND `buy_openid` = 'oZuoxt8tnEUUf6YPBG-mNPYjoKQA'  [ RunTime:0.0110s ]
SQL: SHOW COLUMNS FROM `wemall_customer` [ RunTime:0.0100s ]
SQL: SELECT * FROM `wemall_customer` WHERE `openid` = 'oZuoxt8tnEUUf6YPBG-mNPYjoKQA' LIMIT 1   [ RunTime:0.0100s ]
SQL: SELECT * FROM `wemall_customer` WHERE `parentid` = 26  [ RunTime:0.0100s ]
SQL: SELECT * FROM `wemall_order_relation` WHERE `is_payed` = 1 AND `is_cancel` = 0 AND `payed_time` BETWEEN '1430323200' AND '1432554862' AND `buy_openid` = 'oZuoxt8tnEUUf6YPBG-mNPYjoKQA'  [ RunTime:0.0110s ]
SQL: SELECT * FROM `wemall_order_relation` WHERE `is_payed` = 1 AND `is_cancel` = 0 AND `payed_time` BETWEEN '1430323200' AND '1432554862' AND `buy_openid` = 'oZuoxt244k6RpXL1q5BHiShF1CQE'  [ RunTime:0.0100s ]
SQL: SHOW COLUMNS FROM `wemall_rebate` [ RunTime:0.0090s ]
SQL: SELECT * FROM `wemall_rebate` WHERE `top_money` <= 569077 AND `type` = 0 ORDER BY top_money desc LIMIT 1   [ RunTime:0.0090s ]
SQL: SELECT * FROM `wemall_rebate` WHERE `top_money` <= 569077 AND `type` = 1 ORDER BY top_money desc LIMIT 1   [ RunTime:0.0090s ]
SQL: SELECT * FROM `wemall_rebate` WHERE `top_money` <= 569077 AND `type` = 0 ORDER BY top_money desc LIMIT 1   [ RunTime:0.0100s ]
SQL: SELECT * FROM `wemall_rebate` WHERE `top_money` <= 569077 AND `type` = 1 ORDER BY top_money desc LIMIT 1   [ RunTime:0.0090s ]
NOTIC: [8] Undefined variable: count D:\xampp\htdocs\wemall\ThinkPHP\Application\User\Controller\UserCenterController.class.php 第 118 行.
INFO: [ view_parse ] --START--
INFO: [ template_filter ] --START--
INFO: Run Behavior\ContentReplaceBehavior [ RunTime:0.000000s ]
INFO: [ template_filter ] --END-- [ RunTime:-0.388022s ]
INFO: Run Behavior\ParseTemplateBehavior [ RunTime:0.004001s ]
INFO: [ view_parse ] --END-- [ RunTime:-0.365021s ]
INFO: [ view_filter ] --START--
INFO: Run Behavior\WriteHtmlCacheBehavior [ RunTime:0.000000s ]
INFO: [ view_filter ] --END-- [ RunTime:-0.367021s ]
INFO: [ view_parse ] --START--
INFO: [ template_filter ] --START--
INFO: Run Behavior\ContentReplaceBehavior [ RunTime:0.000000s ]
INFO: [ template_filter ] --END-- [ RunTime:-0.398023s ]
NOTIC: [8] Undefined variable: lineFee D:\xampp\htdocs\wemall\ThinkPHP\Application\Runtime\Cache\User\cceb317778cdaec8ec9f40a28912348a.php 第 79 行.
NOTIC: [8] Undefined variable: line D:\xampp\htdocs\wemall\ThinkPHP\Application\Runtime\Cache\User\cceb317778cdaec8ec9f40a28912348a.php 第 85 行.
INFO: Run Behavior\ParseTemplateBehavior [ RunTime:0.012000s ]
INFO: [ view_parse ] --END-- [ RunTime:-0.370022s ]
INFO: [ view_filter ] --START--
INFO: Run Behavior\WriteHtmlCacheBehavior [ RunTime:0.001000s ]
INFO: [ view_filter ] --END-- [ RunTime:-0.380021s ]
INFO: [ view_parse ] --START--
INFO: [ template_filter ] --START--
INFO: Run Behavior\ContentReplaceBehavior [ RunTime:0.000000s ]
INFO: [ template_filter ] --END-- [ RunTime:-0.414024s ]
NOTIC: [8] Undefined variable: YZTitle D:\xampp\htdocs\wemall\ThinkPHP\Application\Runtime\Cache\User\f64d738dec9062ca568444d9a07e17dd.php 第 15 行.
INFO: Run Behavior\ParseTemplateBehavior [ RunTime:0.013001s ]
INFO: [ view_parse ] --END-- [ RunTime:-0.383022s ]
INFO: [ view_filter ] --START--
INFO: Run Behavior\WriteHtmlCacheBehavior [ RunTime:0.000000s ]
INFO: [ view_filter ] --END-- [ RunTime:-0.394022s ]
INFO: [ app_end ] --START--
INFO: Run Behavior\ShowPageTraceBehavior [ RunTime:0.001000s ]
INFO: [ app_end ] --END-- [ RunTime:0.001000s ]

[ 2015-05-25T20:17:18+08:00 ] 127.0.0.1 /wemall/WeiPHP/index.php/User/UserCenter/index.html
INFO: [ app_init ] --START--
INFO: Run Behavior\BuildLiteBehavior [ RunTime:0.000000s ]
INFO: [ app_init ] --END-- [ RunTime:0.001000s ]
INFO: [ app_begin ] --START--
INFO: Run Behavior\ReadHtmlCacheBehavior [ RunTime:0.001000s ]
INFO: [ app_begin ] --END-- [ RunTime:0.001000s ]
INFO: [ view_parse ] --START--
INFO: [ template_filter ] --START--
INFO: Run Behavior\ContentReplaceBehavior [ RunTime:0.000000s ]
INFO: [ template_filter ] --END-- [ RunTime:0.001000s ]
INFO: Run Behavior\ParseTemplateBehavior [ RunTime:0.003000s ]
INFO: [ view_parse ] --END-- [ RunTime:0.005000s ]
INFO: [ view_filter ] --START--
INFO: Run Behavior\WriteHtmlCacheBehavior [ RunTime:0.000000s ]
INFO: [ view_filter ] --END-- [ RunTime:0.000000s ]
INFO: [ view_parse ] --START--
INFO: [ template_filter ] --START--
INFO: Run Behavior\ContentReplaceBehavior [ RunTime:0.000000s ]
INFO: [ template_filter ] --END-- [ RunTime:-0.008000s ]
INFO: Run Behavior\ParseTemplateBehavior [ RunTime:0.008001s ]
INFO: [ view_parse ] --END-- [ RunTime:-0.001000s ]
INFO: [ view_filter ] --START--
INFO: Run Behavior\WriteHtmlCacheBehavior [ RunTime:0.000000s ]
INFO: [ view_filter ] --END-- [ RunTime:-0.010001s ]
INFO: [ view_parse ] --START--
INFO: [ template_filter ] --START--
INFO: Run Behavior\ContentReplaceBehavior [ RunTime:0.000000s ]
INFO: [ template_filter ] --END-- [ RunTime:-0.014001s ]
INFO: Run Behavior\ParseTemplateBehavior [ RunTime:0.003000s ]
INFO: [ view_parse ] --END-- [ RunTime:-0.011001s ]
INFO: [ view_filter ] --START--
INFO: Run Behavior\WriteHtmlCacheBehavior [ RunTime:0.000000s ]
INFO: [ view_filter ] --END-- [ RunTime:-0.015001s ]
SQL: SHOW COLUMNS FROM `wemall_customer` [ RunTime:0.0130s ]
SQL: SELECT * FROM `wemall_customer` WHERE `openid` = 'oZuoxt8tnEUUf6YPBG-mNPYjoKQA' LIMIT 1   [ RunTime:0.0110s ]
SQL: SHOW COLUMNS FROM `wemall_order_form` [ RunTime:0.0180s ]
SQL: SELECT COUNT(*) AS tp_count FROM `wemall_order_form` WHERE `is_pay` = 0 AND `is_cancel` = 0 AND `openid` = 'oZuoxt8tnEUUf6YPBG-mNPYjoKQA' LIMIT 1   [ RunTime:0.0110s ]
SQL: SELECT COUNT(*) AS tp_count FROM `wemall_order_form` WHERE `is_pay` = 1 AND `is_cancel` = 0 AND `is_finish` = 0 AND `openid` = 'oZuoxt8tnEUUf6YPBG-mNPYjoKQA' LIMIT 1   [ RunTime:0.2220s ]
SQL: SHOW COLUMNS FROM `wemall_config` [ RunTime:0.0130s ]
NOTIC: [8] Undefined variable: beginDate D:\xampp\htdocs\wemall\ThinkPHP\Application\Config\Model\ConfigModel.class.php 第 69 行.
NOTIC: [8] Undefined variable: endDate D:\xampp\htdocs\wemall\ThinkPHP\Application\Config\Model\ConfigModel.class.php 第 69 行.
NOTIC: [8] Undefined variable: beginDate D:\xampp\htdocs\wemall\ThinkPHP\Application\Config\Model\ConfigModel.class.php 第 90 行.
NOTIC: [8] Undefined variable: endDate D:\xampp\htdocs\wemall\ThinkPHP\Application\Config\Model\ConfigModel.class.php 第 100 行.
NOTIC: [8] Undefined variable: beginDate D:\xampp\htdocs\wemall\ThinkPHP\Application\Config\Model\ConfigModel.class.php 第 112 行.
NOTIC: [8] Undefined variable: endDate D:\xampp\htdocs\wemall\ThinkPHP\Application\Config\Model\ConfigModel.class.php 第 113 行.
SQL: SHOW COLUMNS FROM `wemall_order_relation` [ RunTime:0.0140s ]
SQL: SELECT * FROM `wemall_order_relation` WHERE `is_payed` = 1 AND `is_cancel` = 0 AND `payed_time` BETWEEN '1430323200' AND '1432556237' AND `buy_openid` = 'oZuoxt8tnEUUf6YPBG-mNPYjoKQA'  [ RunTime:0.0240s ]
SQL: SHOW COLUMNS FROM `wemall_customer` [ RunTime:0.0120s ]
SQL: SELECT * FROM `wemall_customer` WHERE `openid` = 'oZuoxt8tnEUUf6YPBG-mNPYjoKQA' LIMIT 1   [ RunTime:0.0100s ]
SQL: SELECT * FROM `wemall_customer` WHERE `parentid` = 26  [ RunTime:0.4320s ]
SQL: SELECT * FROM `wemall_order_relation` WHERE `is_payed` = 1 AND `is_cancel` = 0 AND `payed_time` BETWEEN '1430323200' AND '1432556237' AND `buy_openid` = 'oZuoxt8tnEUUf6YPBG-mNPYjoKQA'  [ RunTime:0.0240s ]
SQL: SELECT * FROM `wemall_order_relation` WHERE `is_payed` = 1 AND `is_cancel` = 0 AND `payed_time` BETWEEN '1430323200' AND '1432556237' AND `buy_openid` = 'oZuoxt244k6RpXL1q5BHiShF1CQE'  [ RunTime:0.0120s ]
SQL: SHOW COLUMNS FROM `wemall_rebate` [ RunTime:0.0110s ]
SQL: SELECT * FROM `wemall_rebate` WHERE `top_money` <= 569077 AND `type` = 0 ORDER BY top_money desc LIMIT 1   [ RunTime:0.0110s ]
SQL: SELECT * FROM `wemall_rebate` WHERE `top_money` <= 569077 AND `type` = 1 ORDER BY top_money desc LIMIT 1   [ RunTime:0.0120s ]
SQL: SELECT * FROM `wemall_rebate` WHERE `top_money` <= 569077 AND `type` = 0 ORDER BY top_money desc LIMIT 1   [ RunTime:0.0110s ]
SQL: SELECT * FROM `wemall_rebate` WHERE `top_money` <= 569077 AND `type` = 1 ORDER BY top_money desc LIMIT 1   [ RunTime:0.0110s ]
NOTIC: [8] Undefined variable: count D:\xampp\htdocs\wemall\ThinkPHP\Application\User\Controller\UserCenterController.class.php 第 118 行.
INFO: [ view_parse ] --START--
INFO: [ template_filter ] --START--
INFO: Run Behavior\ContentReplaceBehavior [ RunTime:0.000000s ]
INFO: [ template_filter ] --END-- [ RunTime:-2.718155s ]
INFO: Run Behavior\ParseTemplateBehavior [ RunTime:0.002000s ]
INFO: [ view_parse ] --END-- [ RunTime:-2.716155s ]
INFO: [ view_filter ] --START--
INFO: Run Behavior\WriteHtmlCacheBehavior [ RunTime:0.000000s ]
INFO: [ view_filter ] --END-- [ RunTime:-2.719156s ]
INFO: [ view_parse ] --START--
INFO: [ template_filter ] --START--
INFO: Run Behavior\ContentReplaceBehavior [ RunTime:0.000000s ]
INFO: [ template_filter ] --END-- [ RunTime:-2.725156s ]
NOTIC: [8] Undefined variable: lineFee D:\xampp\htdocs\wemall\ThinkPHP\Application\Runtime\Cache\User\cceb317778cdaec8ec9f40a28912348a.php 第 79 行.
NOTIC: [8] Undefined variable: line D:\xampp\htdocs\wemall\ThinkPHP\Application\Runtime\Cache\User\cceb317778cdaec8ec9f40a28912348a.php 第 85 行.
INFO: Run Behavior\ParseTemplateBehavior [ RunTime:0.009000s ]
INFO: [ view_parse ] --END-- [ RunTime:-2.719156s ]
INFO: [ view_filter ] --START--
INFO: Run Behavior\WriteHtmlCacheBehavior [ RunTime:0.000000s ]
INFO: [ view_filter ] --END-- [ RunTime:-2.729156s ]
INFO: [ view_parse ] --START--
INFO: [ template_filter ] --START--
INFO: Run Behavior\ContentReplaceBehavior [ RunTime:0.001000s ]
INFO: [ template_filter ] --END-- [ RunTime:-2.735156s ]
NOTIC: [8] Undefined variable: YZTitle D:\xampp\htdocs\wemall\ThinkPHP\Application\Runtime\Cache\User\f64d738dec9062ca568444d9a07e17dd.php 第 15 行.
INFO: Run Behavior\ParseTemplateBehavior [ RunTime:0.008001s ]
INFO: [ view_parse ] --END-- [ RunTime:-2.729156s ]
INFO: [ view_filter ] --START--
INFO: Run Behavior\WriteHtmlCacheBehavior [ RunTime:0.000000s ]
INFO: [ view_filter ] --END-- [ RunTime:-2.738157s ]
INFO: [ app_end ] --START--
INFO: Run Behavior\ShowPageTraceBehavior [ RunTime:0.003000s ]
INFO: [ app_end ] --END-- [ RunTime:0.003000s ]

[ 2015-05-25T21:51:48+08:00 ] 127.0.0.1 /wemall/WeiPHP/index.php/User/UserCenter/index.html
INFO: [ app_init ] --START--
INFO: Run Behavior\BuildLiteBehavior [ RunTime:0.000000s ]
INFO: [ app_init ] --END-- [ RunTime:0.000000s ]
INFO: [ app_begin ] --START--
INFO: Run Behavior\ReadHtmlCacheBehavior [ RunTime:0.000000s ]
INFO: [ app_begin ] --END-- [ RunTime:0.000000s ]
INFO: [ view_parse ] --START--
INFO: [ template_filter ] --START--
INFO: Run Behavior\ContentReplaceBehavior [ RunTime:0.000000s ]
INFO: [ template_filter ] --END-- [ RunTime:0.000000s ]
INFO: Run Behavior\ParseTemplateBehavior [ RunTime:0.000000s ]
INFO: [ view_parse ] --END-- [ RunTime:0.010000s ]
INFO: [ view_filter ] --START--
INFO: Run Behavior\WriteHtmlCacheBehavior [ RunTime:0.000000s ]
INFO: [ view_filter ] --END-- [ RunTime:0.000000s ]
INFO: [ view_parse ] --START--
INFO: [ template_filter ] --START--
INFO: Run Behavior\ContentReplaceBehavior [ RunTime:0.000000s ]
INFO: [ template_filter ] --END-- [ RunTime:-0.010000s ]
INFO: Run Behavior\ParseTemplateBehavior [ RunTime:0.010000s ]
INFO: [ view_parse ] --END-- [ RunTime:0.000000s ]
INFO: [ view_filter ] --START--
INFO: Run Behavior\WriteHtmlCacheBehavior [ RunTime:0.000000s ]
INFO: [ view_filter ] --END-- [ RunTime:-0.010000s ]
INFO: [ view_parse ] --START--
INFO: [ template_filter ] --START--
INFO: Run Behavior\ContentReplaceBehavior [ RunTime:0.000000s ]
INFO: [ template_filter ] --END-- [ RunTime:-0.020000s ]
INFO: Run Behavior\ParseTemplateBehavior [ RunTime:0.000000s ]
INFO: [ view_parse ] --END-- [ RunTime:-0.010000s ]
INFO: [ view_filter ] --START--
INFO: Run Behavior\WriteHtmlCacheBehavior [ RunTime:0.000000s ]
INFO: [ view_filter ] --END-- [ RunTime:-0.010000s ]
SQL: SHOW COLUMNS FROM `wemall_customer` [ RunTime:0.0300s ]
SQL: SELECT * FROM `wemall_customer` WHERE `openid` = 'oZuoxt8tnEUUf6YPBG-mNPYjoKQA' LIMIT 1   [ RunTime:0.0100s ]
SQL: SHOW COLUMNS FROM `wemall_order_form` [ RunTime:0.0100s ]
SQL: SELECT COUNT(*) AS tp_count FROM `wemall_order_form` WHERE `is_pay` = 0 AND `is_cancel` = 0 AND `openid` = 'oZuoxt8tnEUUf6YPBG-mNPYjoKQA' LIMIT 1   [ RunTime:0.0100s ]
SQL: SELECT COUNT(*) AS tp_count FROM `wemall_order_form` WHERE `is_pay` = 1 AND `is_cancel` = 0 AND `is_finish` = 0 AND `openid` = 'oZuoxt8tnEUUf6YPBG-mNPYjoKQA' LIMIT 1   [ RunTime:0.0000s ]
SQL: SHOW COLUMNS FROM `wemall_config` [ RunTime:0.0100s ]
NOTIC: [8] Undefined variable: beginDate D:\xampp\htdocs\wemall\ThinkPHP\Application\Config\Model\ConfigModel.class.php 第 69 行.
NOTIC: [8] Undefined variable: endDate D:\xampp\htdocs\wemall\ThinkPHP\Application\Config\Model\ConfigModel.class.php 第 69 行.
NOTIC: [8] Undefined variable: beginDate D:\xampp\htdocs\wemall\ThinkPHP\Application\Config\Model\ConfigModel.class.php 第 90 行.
NOTIC: [8] Undefined variable: endDate D:\xampp\htdocs\wemall\ThinkPHP\Application\Config\Model\ConfigModel.class.php 第 100 行.
NOTIC: [8] Undefined variable: beginDate D:\xampp\htdocs\wemall\ThinkPHP\Application\Config\Model\ConfigModel.class.php 第 112 行.
NOTIC: [8] Undefined variable: endDate D:\xampp\htdocs\wemall\ThinkPHP\Application\Config\Model\ConfigModel.class.php 第 113 行.
SQL: SHOW COLUMNS FROM `wemall_order_relation` [ RunTime:0.0100s ]
SQL: SELECT * FROM `wemall_order_relation` WHERE `is_payed` = 1 AND `is_cancel` = 0 AND `payed_time` BETWEEN '1430323200' AND '1432561908' AND `buy_openid` = 'oZuoxt8tnEUUf6YPBG-mNPYjoKQA'  [ RunTime:0.0100s ]
SQL: SHOW COLUMNS FROM `wemall_customer` [ RunTime:0.0100s ]
SQL: SELECT * FROM `wemall_customer` WHERE `openid` = 'oZuoxt8tnEUUf6YPBG-mNPYjoKQA' LIMIT 1   [ RunTime:0.0100s ]
SQL: SELECT * FROM `wemall_customer` WHERE `parentid` = 26  [ RunTime:0.0100s ]
SQL: SELECT * FROM `wemall_order_relation` WHERE `is_payed` = 1 AND `is_cancel` = 0 AND `payed_time` BETWEEN '1430323200' AND '1432561908' AND `buy_openid` = 'oZuoxt244k6RpXL1q5BHiShF1CQE'  [ RunTime:0.0100s ]
SQL: SHOW COLUMNS FROM `wemall_rebate` [ RunTime:0.0100s ]
SQL: SELECT * FROM `wemall_rebate` WHERE `top_money` <= 569077 AND `type` = 0 ORDER BY top_money desc LIMIT 1   [ RunTime:0.0000s ]
SQL: SELECT * FROM `wemall_rebate` WHERE `top_money` <= 569077 AND `type` = 1 ORDER BY top_money desc LIMIT 1   [ RunTime:0.0100s ]
SQL: SELECT * FROM `wemall_rebate` WHERE `top_money` <= 0 AND `type` = 0 ORDER BY top_money desc LIMIT 1   [ RunTime:0.0100s ]
SQL: SELECT * FROM `wemall_rebate` WHERE `top_money` <= 0 AND `type` = 1 ORDER BY top_money desc LIMIT 1   [ RunTime:0.0100s ]
NOTIC: [8] Undefined variable: count D:\xampp\htdocs\wemall\ThinkPHP\Application\User\Controller\UserCenterController.class.php 第 118 行.
INFO: [ view_parse ] --START--
INFO: [ template_filter ] --START--
INFO: Run Behavior\ContentReplaceBehavior [ RunTime:0.000000s ]
INFO: [ template_filter ] --END-- [ RunTime:-0.290001s ]
INFO: Run Behavior\ParseTemplateBehavior [ RunTime:0.000000s ]
INFO: [ view_parse ] --END-- [ RunTime:-0.280001s ]
INFO: [ view_filter ] --START--
INFO: Run Behavior\WriteHtmlCacheBehavior [ RunTime:0.010000s ]
INFO: [ view_filter ] --END-- [ RunTime:-0.280001s ]
INFO: [ view_parse ] --START--
INFO: [ template_filter ] --START--
INFO: Run Behavior\ContentReplaceBehavior [ RunTime:0.000000s ]
INFO: [ template_filter ] --END-- [ RunTime:-0.300001s ]
NOTIC: [8] Undefined variable: lineFee D:\xampp\htdocs\wemall\ThinkPHP\Application\Runtime\Cache\User\cceb317778cdaec8ec9f40a28912348a.php 第 79 行.
NOTIC: [8] Undefined variable: line D:\xampp\htdocs\wemall\ThinkPHP\Application\Runtime\Cache\User\cceb317778cdaec8ec9f40a28912348a.php 第 85 行.
INFO: Run Behavior\ParseTemplateBehavior [ RunTime:0.000000s ]
INFO: [ view_parse ] --END-- [ RunTime:-0.290001s ]
INFO: [ view_filter ] --START--
INFO: Run Behavior\WriteHtmlCacheBehavior [ RunTime:0.000000s ]
INFO: [ view_filter ] --END-- [ RunTime:-0.290001s ]
INFO: [ view_parse ] --START--
INFO: [ template_filter ] --START--
INFO: Run Behavior\ContentReplaceBehavior [ RunTime:0.000000s ]
INFO: [ template_filter ] --END-- [ RunTime:-0.310001s ]
NOTIC: [8] Undefined variable: YZTitle D:\xampp\htdocs\wemall\ThinkPHP\Application\Runtime\Cache\User\f64d738dec9062ca568444d9a07e17dd.php 第 15 行.
INFO: Run Behavior\ParseTemplateBehavior [ RunTime:0.020000s ]
INFO: [ view_parse ] --END-- [ RunTime:-0.290001s ]
INFO: [ view_filter ] --START--
INFO: Run Behavior\WriteHtmlCacheBehavior [ RunTime:0.000000s ]
INFO: [ view_filter ] --END-- [ RunTime:-0.310001s ]
INFO: [ app_end ] --START--
INFO: Run Behavior\ShowPageTraceBehavior [ RunTime:0.000000s ]
INFO: [ app_end ] --END-- [ RunTime:0.000000s ]

