[ 2015-05-24T06:43:59+08:00 ] 127.0.0.1 /wemall/WeiPHP/index.php/User/UserCenter/index.html
INFO: [ app_init ] --START--
INFO: Run Behavior\BuildLiteBehavior [ RunTime:0.000000s ]
INFO: [ app_init ] --END-- [ RunTime:0.002000s ]
INFO: [ app_begin ] --START--
INFO: Run Behavior\ReadHtmlCacheBehavior [ RunTime:0.001001s ]
INFO: [ app_begin ] --END-- [ RunTime:0.001001s ]
INFO: [ view_parse ] --START--
INFO: [ template_filter ] --START--
INFO: Run Behavior\ContentReplaceBehavior [ RunTime:0.000000s ]
INFO: [ template_filter ] --END-- [ RunTime:0.000000s ]
INFO: Run Behavior\ParseTemplateBehavior [ RunTime:0.003000s ]
INFO: [ view_parse ] --END-- [ RunTime:0.003000s ]
INFO: [ view_filter ] --START--
INFO: Run Behavior\WriteHtmlCacheBehavior [ RunTime:0.000000s ]
INFO: [ view_filter ] --END-- [ RunTime:0.001001s ]
INFO: [ view_parse ] --START--
INFO: [ template_filter ] --START--
INFO: Run Behavior\ContentReplaceBehavior [ RunTime:0.000000s ]
INFO: [ template_filter ] --END-- [ RunTime:-0.006001s ]
INFO: Run Behavior\ParseTemplateBehavior [ RunTime:0.005000s ]
INFO: [ view_parse ] --END-- [ RunTime:-0.002001s ]
INFO: [ view_filter ] --START--
INFO: Run Behavior\WriteHtmlCacheBehavior [ RunTime:0.000000s ]
INFO: [ view_filter ] --END-- [ RunTime:-0.006000s ]
INFO: [ view_parse ] --START--
INFO: [ template_filter ] --START--
INFO: Run Behavior\ContentReplaceBehavior [ RunTime:0.000000s ]
INFO: [ template_filter ] --END-- [ RunTime:-0.011001s ]
INFO: Run Behavior\ParseTemplateBehavior [ RunTime:0.004000s ]
INFO: [ view_parse ] --END-- [ RunTime:-0.008001s ]
INFO: [ view_filter ] --START--
INFO: Run Behavior\WriteHtmlCacheBehavior [ RunTime:0.001000s ]
INFO: [ view_filter ] --END-- [ RunTime:-0.011000s ]
SQL: SHOW COLUMNS FROM `wemall_customer` [ RunTime:0.0180s ]
SQL: SELECT * FROM `wemall_customer` WHERE `openid` = 'oZuoxt8tnEUUf6YPBG-mNPYjoKQA' LIMIT 1   [ RunTime:0.0180s ]
SQL: SHOW COLUMNS FROM `wemall_order_form` [ RunTime:0.0190s ]
SQL: SELECT COUNT(*) AS tp_count FROM `wemall_order_form` WHERE `is_pay` = 0 AND `is_cancel` = 0 AND `openid` = 'oZuoxt8tnEUUf6YPBG-mNPYjoKQA' LIMIT 1   [ RunTime:0.0180s ]
SQL: SELECT COUNT(*) AS tp_count FROM `wemall_order_form` WHERE `is_pay` = 1 AND `is_cancel` = 0 AND `is_finish` = 0 AND `openid` = 'oZuoxt8tnEUUf6YPBG-mNPYjoKQA' LIMIT 1   [ RunTime:0.0160s ]
SQL: SHOW COLUMNS FROM `wemall_config` [ RunTime:0.0200s ]
NOTIC: [8] Undefined variable: beginDate D:\xampp\htdocs\wemall\ThinkPHP\Application\Config\Model\ConfigModel.class.php 第 69 行.
NOTIC: [8] Undefined variable: endDate D:\xampp\htdocs\wemall\ThinkPHP\Application\Config\Model\ConfigModel.class.php 第 69 行.
NOTIC: [8] Undefined variable: beginDate D:\xampp\htdocs\wemall\ThinkPHP\Application\Config\Model\ConfigModel.class.php 第 90 行.
NOTIC: [8] Undefined variable: endDate D:\xampp\htdocs\wemall\ThinkPHP\Application\Config\Model\ConfigModel.class.php 第 100 行.
NOTIC: [8] Undefined variable: beginDate D:\xampp\htdocs\wemall\ThinkPHP\Application\Config\Model\ConfigModel.class.php 第 112 行.
NOTIC: [8] Undefined variable: endDate D:\xampp\htdocs\wemall\ThinkPHP\Application\Config\Model\ConfigModel.class.php 第 113 行.
SQL: SHOW COLUMNS FROM `wemall_order_relation` [ RunTime:0.0180s ]
SQL: SELECT * FROM `wemall_order_relation` WHERE `is_payed` = 1 AND `is_cancel` = 0 AND `payed_time` BETWEEN '1430323200' AND '1432421039' AND `buy_openid` = 'oZuoxt8tnEUUf6YPBG-mNPYjoKQA'  [ RunTime:0.0180s ]
SQL: SHOW COLUMNS FROM `wemall_customer` [ RunTime:0.0190s ]
SQL: SELECT * FROM `wemall_customer` WHERE `openid` = 'oZuoxt8tnEUUf6YPBG-mNPYjoKQA' LIMIT 1   [ RunTime:0.0170s ]
SQL: SELECT * FROM `wemall_customer` WHERE `parentid` = 26  [ RunTime:0.0190s ]
SQL: SELECT * FROM `wemall_order_relation` WHERE `is_payed` = 1 AND `is_cancel` = 0 AND `payed_time` BETWEEN '1430323200' AND '1432421039' AND `buy_openid` = 'oZuoxt8tnEUUf6YPBG-mNPYjoKQA'  [ RunTime:0.0210s ]
SQL: SELECT * FROM `wemall_order_relation` WHERE `is_payed` = 1 AND `is_cancel` = 0 AND `payed_time` BETWEEN '1430323200' AND '1432421039' AND `buy_openid` = 'oZuoxt244k6RpXL1q5BHiShF1CQE'  [ RunTime:0.0180s ]
SQL: SHOW COLUMNS FROM `wemall_rebate` [ RunTime:0.0170s ]
SQL: SELECT * FROM `wemall_rebate` WHERE `top_money` <= 568277 AND `type` = 0 ORDER BY top_money desc LIMIT 1   [ RunTime:0.0160s ]
SQL: SELECT * FROM `wemall_rebate` WHERE `top_money` <= 568277 AND `type` = 1 ORDER BY top_money desc LIMIT 1   [ RunTime:0.0180s ]
SQL: SELECT * FROM `wemall_rebate` WHERE `top_money` <= 568277 AND `type` = 0 ORDER BY top_money desc LIMIT 1   [ RunTime:0.0180s ]
SQL: SELECT * FROM `wemall_rebate` WHERE `top_money` <= 568277 AND `type` = 1 ORDER BY top_money desc LIMIT 1   [ RunTime:0.0190s ]
NOTIC: [8] Undefined variable: count D:\xampp\htdocs\wemall\ThinkPHP\Application\User\Controller\UserCenterController.class.php 第 118 行.
INFO: [ view_parse ] --START--
INFO: [ template_filter ] --START--
INFO: Run Behavior\ContentReplaceBehavior [ RunTime:0.000000s ]
INFO: [ template_filter ] --END-- [ RunTime:-0.566033s ]
INFO: Run Behavior\ParseTemplateBehavior [ RunTime:0.003000s ]
INFO: [ view_parse ] --END-- [ RunTime:-0.564033s ]
INFO: [ view_filter ] --START--
INFO: Run Behavior\WriteHtmlCacheBehavior [ RunTime:0.000000s ]
INFO: [ view_filter ] --END-- [ RunTime:-0.566032s ]
INFO: [ view_parse ] --START--
INFO: [ template_filter ] --START--
INFO: Run Behavior\ContentReplaceBehavior [ RunTime:0.000000s ]
INFO: [ template_filter ] --END-- [ RunTime:-0.574033s ]
NOTIC: [8] Undefined variable: lineFee D:\xampp\htdocs\wemall\ThinkPHP\Application\Runtime\Cache\User\cceb317778cdaec8ec9f40a28912348a.php 第 79 行.
NOTIC: [8] Undefined variable: line D:\xampp\htdocs\wemall\ThinkPHP\Application\Runtime\Cache\User\cceb317778cdaec8ec9f40a28912348a.php 第 85 行.
INFO: Run Behavior\ParseTemplateBehavior [ RunTime:0.009000s ]
INFO: [ view_parse ] --END-- [ RunTime:-0.568033s ]
INFO: [ view_filter ] --START--
INFO: Run Behavior\WriteHtmlCacheBehavior [ RunTime:0.000000s ]
INFO: [ view_filter ] --END-- [ RunTime:-0.576032s ]
INFO: [ view_parse ] --START--
INFO: [ template_filter ] --START--
INFO: Run Behavior\ContentReplaceBehavior [ RunTime:0.000000s ]
INFO: [ template_filter ] --END-- [ RunTime:-0.585034s ]
NOTIC: [8] Undefined variable: YZTitle D:\xampp\htdocs\wemall\ThinkPHP\Application\Runtime\Cache\User\f64d738dec9062ca568444d9a07e17dd.php 第 15 行.
INFO: Run Behavior\ParseTemplateBehavior [ RunTime:0.008000s ]
INFO: [ view_parse ] --END-- [ RunTime:-0.578034s ]
INFO: [ view_filter ] --START--
INFO: Run Behavior\WriteHtmlCacheBehavior [ RunTime:0.000000s ]
INFO: [ view_filter ] --END-- [ RunTime:-0.586033s ]
INFO: [ app_end ] --START--
INFO: Run Behavior\ShowPageTraceBehavior [ RunTime:0.001000s ]
INFO: [ app_end ] --END-- [ RunTime:0.001000s ]

[ 2015-05-24T07:44:23+08:00 ] 127.0.0.1 /wemall/WeiPHP/index.php/User/UserCenter/index.html
INFO: [ app_init ] --START--
INFO: Run Behavior\BuildLiteBehavior [ RunTime:0.000000s ]
INFO: [ app_init ] --END-- [ RunTime:0.001000s ]
INFO: [ app_begin ] --START--
INFO: Run Behavior\ReadHtmlCacheBehavior [ RunTime:0.001000s ]
INFO: [ app_begin ] --END-- [ RunTime:0.001000s ]
INFO: [ view_parse ] --START--
INFO: [ template_filter ] --START--
INFO: Run Behavior\ContentReplaceBehavior [ RunTime:0.000000s ]
INFO: [ template_filter ] --END-- [ RunTime:0.001000s ]
INFO: Run Behavior\ParseTemplateBehavior [ RunTime:0.004000s ]
INFO: [ view_parse ] --END-- [ RunTime:0.004000s ]
INFO: [ view_filter ] --START--
INFO: Run Behavior\WriteHtmlCacheBehavior [ RunTime:0.001001s ]
INFO: [ view_filter ] --END-- [ RunTime:0.001001s ]
INFO: [ view_parse ] --START--
INFO: [ template_filter ] --START--
INFO: Run Behavior\ContentReplaceBehavior [ RunTime:0.000000s ]
INFO: [ template_filter ] --END-- [ RunTime:-0.008001s ]
INFO: Run Behavior\ParseTemplateBehavior [ RunTime:0.008000s ]
INFO: [ view_parse ] --END-- [ RunTime:-0.001001s ]
INFO: [ view_filter ] --START--
INFO: Run Behavior\WriteHtmlCacheBehavior [ RunTime:0.000000s ]
INFO: [ view_filter ] --END-- [ RunTime:-0.008000s ]
INFO: [ view_parse ] --START--
INFO: [ template_filter ] --START--
INFO: Run Behavior\ContentReplaceBehavior [ RunTime:0.000000s ]
INFO: [ template_filter ] --END-- [ RunTime:-0.014001s ]
INFO: Run Behavior\ParseTemplateBehavior [ RunTime:0.005000s ]
INFO: [ view_parse ] --END-- [ RunTime:-0.010001s ]
INFO: [ view_filter ] --START--
INFO: Run Behavior\WriteHtmlCacheBehavior [ RunTime:0.000000s ]
INFO: [ view_filter ] --END-- [ RunTime:-0.014000s ]
SQL: SHOW COLUMNS FROM `wemall_customer` [ RunTime:0.0410s ]
SQL: SELECT * FROM `wemall_customer` WHERE `openid` = 'oZuoxt8tnEUUf6YPBG-mNPYjoKQA' LIMIT 1   [ RunTime:0.0180s ]
SQL: SHOW COLUMNS FROM `wemall_order_form` [ RunTime:0.0190s ]
SQL: SELECT COUNT(*) AS tp_count FROM `wemall_order_form` WHERE `is_pay` = 0 AND `is_cancel` = 0 AND `openid` = 'oZuoxt8tnEUUf6YPBG-mNPYjoKQA' LIMIT 1   [ RunTime:0.0150s ]
SQL: SELECT COUNT(*) AS tp_count FROM `wemall_order_form` WHERE `is_pay` = 1 AND `is_cancel` = 0 AND `is_finish` = 0 AND `openid` = 'oZuoxt8tnEUUf6YPBG-mNPYjoKQA' LIMIT 1   [ RunTime:0.0170s ]
SQL: SHOW COLUMNS FROM `wemall_config` [ RunTime:0.0190s ]
NOTIC: [8] Undefined variable: beginDate D:\xampp\htdocs\wemall\ThinkPHP\Application\Config\Model\ConfigModel.class.php 第 69 行.
NOTIC: [8] Undefined variable: endDate D:\xampp\htdocs\wemall\ThinkPHP\Application\Config\Model\ConfigModel.class.php 第 69 行.
NOTIC: [8] Undefined variable: beginDate D:\xampp\htdocs\wemall\ThinkPHP\Application\Config\Model\ConfigModel.class.php 第 90 行.
NOTIC: [8] Undefined variable: endDate D:\xampp\htdocs\wemall\ThinkPHP\Application\Config\Model\ConfigModel.class.php 第 100 行.
NOTIC: [8] Undefined variable: beginDate D:\xampp\htdocs\wemall\ThinkPHP\Application\Config\Model\ConfigModel.class.php 第 112 行.
NOTIC: [8] Undefined variable: endDate D:\xampp\htdocs\wemall\ThinkPHP\Application\Config\Model\ConfigModel.class.php 第 113 行.
SQL: SHOW COLUMNS FROM `wemall_order_relation` [ RunTime:0.0170s ]
SQL: SELECT * FROM `wemall_order_relation` WHERE `is_payed` = 1 AND `is_cancel` = 0 AND `payed_time` BETWEEN '1430323200' AND '1432424663' AND `buy_openid` = 'oZuoxt8tnEUUf6YPBG-mNPYjoKQA'  [ RunTime:0.0180s ]
SQL: SHOW COLUMNS FROM `wemall_customer` [ RunTime:0.0180s ]
SQL: SELECT * FROM `wemall_customer` WHERE `openid` = 'oZuoxt8tnEUUf6YPBG-mNPYjoKQA' LIMIT 1   [ RunTime:0.0180s ]
SQL: SELECT * FROM `wemall_customer` WHERE `parentid` = 26  [ RunTime:0.0160s ]
SQL: SELECT * FROM `wemall_order_relation` WHERE `is_payed` = 1 AND `is_cancel` = 0 AND `payed_time` BETWEEN '1430323200' AND '1432424663' AND `buy_openid` = 'oZuoxt8tnEUUf6YPBG-mNPYjoKQA'  [ RunTime:0.0180s ]
SQL: SELECT * FROM `wemall_order_relation` WHERE `is_payed` = 1 AND `is_cancel` = 0 AND `payed_time` BETWEEN '1430323200' AND '1432424663' AND `buy_openid` = 'oZuoxt244k6RpXL1q5BHiShF1CQE'  [ RunTime:0.0170s ]
SQL: SHOW COLUMNS FROM `wemall_rebate` [ RunTime:0.0160s ]
SQL: SELECT * FROM `wemall_rebate` WHERE `top_money` <= 568277 AND `type` = 0 ORDER BY top_money desc LIMIT 1   [ RunTime:0.0160s ]
SQL: SELECT * FROM `wemall_rebate` WHERE `top_money` <= 568277 AND `type` = 1 ORDER BY top_money desc LIMIT 1   [ RunTime:0.0160s ]
SQL: SELECT * FROM `wemall_rebate` WHERE `top_money` <= 568277 AND `type` = 0 ORDER BY top_money desc LIMIT 1   [ RunTime:0.0170s ]
SQL: SELECT * FROM `wemall_rebate` WHERE `top_money` <= 568277 AND `type` = 1 ORDER BY top_money desc LIMIT 1   [ RunTime:0.0150s ]
NOTIC: [8] Undefined variable: count D:\xampp\htdocs\wemall\ThinkPHP\Application\User\Controller\UserCenterController.class.php 第 118 行.
INFO: [ view_parse ] --START--
INFO: [ template_filter ] --START--
INFO: Run Behavior\ContentReplaceBehavior [ RunTime:0.000000s ]
INFO: [ template_filter ] --END-- [ RunTime:-0.469027s ]
INFO: Run Behavior\ParseTemplateBehavior [ RunTime:0.000000s ]
INFO: [ view_parse ] --END-- [ RunTime:-0.468027s ]
INFO: [ view_filter ] --START--
INFO: Run Behavior\WriteHtmlCacheBehavior [ RunTime:0.000000s ]
INFO: [ view_filter ] --END-- [ RunTime:-0.467026s ]
INFO: [ view_parse ] --START--
INFO: [ template_filter ] --START--
INFO: Run Behavior\ContentReplaceBehavior [ RunTime:0.000000s ]
INFO: [ template_filter ] --END-- [ RunTime:-0.479027s ]
NOTIC: [8] Undefined variable: lineFee D:\xampp\htdocs\wemall\ThinkPHP\Application\Runtime\Cache\User\cceb317778cdaec8ec9f40a28912348a.php 第 79 行.
NOTIC: [8] Undefined variable: line D:\xampp\htdocs\wemall\ThinkPHP\Application\Runtime\Cache\User\cceb317778cdaec8ec9f40a28912348a.php 第 85 行.
INFO: Run Behavior\ParseTemplateBehavior [ RunTime:0.010000s ]
INFO: [ view_parse ] --END-- [ RunTime:-0.468027s ]
INFO: [ view_filter ] --START--
INFO: Run Behavior\WriteHtmlCacheBehavior [ RunTime:0.000000s ]
INFO: [ view_filter ] --END-- [ RunTime:-0.477026s ]
INFO: [ view_parse ] --START--
INFO: [ template_filter ] --START--
INFO: Run Behavior\ContentReplaceBehavior [ RunTime:0.000000s ]
INFO: [ template_filter ] --END-- [ RunTime:-0.489027s ]
NOTIC: [8] Undefined variable: YZTitle D:\xampp\htdocs\wemall\ThinkPHP\Application\Runtime\Cache\User\f64d738dec9062ca568444d9a07e17dd.php 第 15 行.
INFO: Run Behavior\ParseTemplateBehavior [ RunTime:0.010000s ]
INFO: [ view_parse ] --END-- [ RunTime:-0.478027s ]
INFO: [ view_filter ] --START--
INFO: Run Behavior\WriteHtmlCacheBehavior [ RunTime:0.000000s ]
INFO: [ view_filter ] --END-- [ RunTime:-0.487026s ]
INFO: [ app_end ] --START--
INFO: Run Behavior\ShowPageTraceBehavior [ RunTime:0.000000s ]
INFO: [ app_end ] --END-- [ RunTime:0.000000s ]

