[ 2015-05-10T16:20:17+08:00 ] 127.0.0.1 /wemall/WeiPHP/admin.php/menu/Index/index.html
INFO: [ app_init ] --START--
INFO: Run Behavior\BuildLiteBehavior [ RunTime:0.000000s ]
INFO: [ app_init ] --END-- [ RunTime:0.000000s ]
INFO: [ app_begin ] --START--
INFO: Run Behavior\ReadHtmlCacheBehavior [ RunTime:0.000000s ]
INFO: [ app_begin ] --END-- [ RunTime:0.000000s ]
SQL: SHOW COLUMNS FROM `wemall_admin_menu` [ RunTime:0.0300s ]
SQL: SELECT * FROM `wemall_admin_menu` WHERE ( pid = 0 ) ORDER BY sort desc  [ RunTime:0.0100s ]
NOTIC: [8] Undefined variable: menuList D:\xampp\htdocs\wemall\ThinkPHP\Application\Admin\Model\AdminMenuModel.class.php 第 66 行.
NOTIC: [8] Undefined variable: menuList D:\xampp\htdocs\wemall\ThinkPHP\Application\Admin\Model\AdminMenuModel.class.php 第 66 行.
NOTIC: [8] Undefined variable: menuList D:\xampp\htdocs\wemall\ThinkPHP\Application\Admin\Model\AdminMenuModel.class.php 第 66 行.
NOTIC: [8] Undefined variable: menuList D:\xampp\htdocs\wemall\ThinkPHP\Application\Admin\Model\AdminMenuModel.class.php 第 66 行.
NOTIC: [8] Undefined variable: menuList D:\xampp\htdocs\wemall\ThinkPHP\Application\Admin\Model\AdminMenuModel.class.php 第 66 行.
NOTIC: [8] Undefined variable: menuList D:\xampp\htdocs\wemall\ThinkPHP\Application\Admin\Model\AdminMenuModel.class.php 第 66 行.
NOTIC: [8] Undefined variable: menuList D:\xampp\htdocs\wemall\ThinkPHP\Application\Admin\Model\AdminMenuModel.class.php 第 66 行.
NOTIC: [8] Undefined variable: menuList D:\xampp\htdocs\wemall\ThinkPHP\Application\Admin\Model\AdminMenuModel.class.php 第 66 行.
NOTIC: [8] Undefined variable: menuList D:\xampp\htdocs\wemall\ThinkPHP\Application\Admin\Model\AdminMenuModel.class.php 第 66 行.
NOTIC: [8] Undefined variable: menuList D:\xampp\htdocs\wemall\ThinkPHP\Application\Admin\Model\AdminMenuModel.class.php 第 66 行.
NOTIC: [8] Undefined variable: menuList D:\xampp\htdocs\wemall\ThinkPHP\Application\Admin\Model\AdminMenuModel.class.php 第 66 行.
NOTIC: [8] Use of undefined constant url - assumed 'url' D:\xampp\htdocs\wemall\ThinkPHP\Application\Admin\Controller\MenuListController.class.php 第 30 行.
NOTIC: [8] Use of undefined constant url - assumed 'url' D:\xampp\htdocs\wemall\ThinkPHP\Application\Admin\Controller\MenuListController.class.php 第 30 行.
NOTIC: [8] Use of undefined constant url - assumed 'url' D:\xampp\htdocs\wemall\ThinkPHP\Application\Admin\Controller\MenuListController.class.php 第 30 行.
NOTIC: [8] Use of undefined constant url - assumed 'url' D:\xampp\htdocs\wemall\ThinkPHP\Application\Admin\Controller\MenuListController.class.php 第 30 行.
NOTIC: [8] Use of undefined constant url - assumed 'url' D:\xampp\htdocs\wemall\ThinkPHP\Application\Admin\Controller\MenuListController.class.php 第 30 行.
NOTIC: [8] Use of undefined constant url - assumed 'url' D:\xampp\htdocs\wemall\ThinkPHP\Application\Admin\Controller\MenuListController.class.php 第 30 行.
NOTIC: [8] Use of undefined constant url - assumed 'url' D:\xampp\htdocs\wemall\ThinkPHP\Application\Admin\Controller\MenuListController.class.php 第 30 行.
NOTIC: [8] Use of undefined constant url - assumed 'url' D:\xampp\htdocs\wemall\ThinkPHP\Application\Admin\Controller\MenuListController.class.php 第 30 行.
NOTIC: [8] Use of undefined constant url - assumed 'url' D:\xampp\htdocs\wemall\ThinkPHP\Application\Admin\Controller\MenuListController.class.php 第 30 行.
NOTIC: [8] Use of undefined constant url - assumed 'url' D:\xampp\htdocs\wemall\ThinkPHP\Application\Admin\Controller\MenuListController.class.php 第 30 行.
NOTIC: [8] Use of undefined constant url - assumed 'url' D:\xampp\htdocs\wemall\ThinkPHP\Application\Admin\Controller\MenuListController.class.php 第 30 行.
SQL: SHOW COLUMNS FROM `wemall_admin_menu` [ RunTime:0.0100s ]
SQL: SELECT * FROM `wemall_admin_menu` WHERE `module` = 'Menu' AND `controller` = 'Index' AND `action` = 'index' LIMIT 1   [ RunTime:0.0100s ]
SQL: SELECT * FROM `wemall_admin_menu` WHERE `id` = 10 LIMIT 1   [ RunTime:0.0100s ]
NOTIC: [8] Use of undefined constant pid - assumed 'pid' D:\xampp\htdocs\wemall\ThinkPHP\Application\Admin\Model\AdminMenuModel.class.php 第 44 行.
INFO: [ view_parse ] --START--
INFO: [ template_filter ] --START--
INFO: Run Behavior\ContentReplaceBehavior [ RunTime:0.000000s ]
INFO: [ template_filter ] --END-- [ RunTime:0.000000s ]
NOTIC: [8] Undefined index: class D:\xampp\htdocs\wemall\ThinkPHP\Application\Runtime\Cache\Menu\bc62bb2a7402468c1e0e6ba68e4517bd.php 第 2 行.
NOTIC: [8] Undefined index: class D:\xampp\htdocs\wemall\ThinkPHP\Application\Runtime\Cache\Menu\bc62bb2a7402468c1e0e6ba68e4517bd.php 第 2 行.
NOTIC: [8] Undefined index: class D:\xampp\htdocs\wemall\ThinkPHP\Application\Runtime\Cache\Menu\bc62bb2a7402468c1e0e6ba68e4517bd.php 第 2 行.
NOTIC: [8] Undefined index: class D:\xampp\htdocs\wemall\ThinkPHP\Application\Runtime\Cache\Menu\bc62bb2a7402468c1e0e6ba68e4517bd.php 第 2 行.
NOTIC: [8] Undefined index: class D:\xampp\htdocs\wemall\ThinkPHP\Application\Runtime\Cache\Menu\bc62bb2a7402468c1e0e6ba68e4517bd.php 第 2 行.
NOTIC: [8] Undefined index: class D:\xampp\htdocs\wemall\ThinkPHP\Application\Runtime\Cache\Menu\bc62bb2a7402468c1e0e6ba68e4517bd.php 第 2 行.
NOTIC: [8] Undefined index: class D:\xampp\htdocs\wemall\ThinkPHP\Application\Runtime\Cache\Menu\bc62bb2a7402468c1e0e6ba68e4517bd.php 第 2 行.
NOTIC: [8] Undefined index: class D:\xampp\htdocs\wemall\ThinkPHP\Application\Runtime\Cache\Menu\bc62bb2a7402468c1e0e6ba68e4517bd.php 第 2 行.
NOTIC: [8] Undefined index: class D:\xampp\htdocs\wemall\ThinkPHP\Application\Runtime\Cache\Menu\bc62bb2a7402468c1e0e6ba68e4517bd.php 第 2 行.
NOTIC: [8] Undefined index: class D:\xampp\htdocs\wemall\ThinkPHP\Application\Runtime\Cache\Menu\bc62bb2a7402468c1e0e6ba68e4517bd.php 第 2 行.
INFO: Run Behavior\ParseTemplateBehavior [ RunTime:0.010000s ]
INFO: [ view_parse ] --END-- [ RunTime:0.010000s ]
INFO: [ view_filter ] --START--
INFO: Run Behavior\WriteHtmlCacheBehavior [ RunTime:0.000000s ]
INFO: [ view_filter ] --END-- [ RunTime:0.000000s ]
SQL: SELECT * FROM `wemall_admin_menu` WHERE `module` = 'Menu' AND `controller` = 'Index' AND `action` = 'index' LIMIT 1   [ RunTime:0.0100s ]
SQL: SELECT * FROM `wemall_admin_menu` WHERE `id` = 10 LIMIT 1   [ RunTime:0.0100s ]
NOTIC: [8] Use of undefined constant pid - assumed 'pid' D:\xampp\htdocs\wemall\ThinkPHP\Application\Admin\Model\AdminMenuModel.class.php 第 44 行.
SQL: SELECT * FROM `wemall_admin_menu` WHERE ( pid = 10 ) ORDER BY sort desc  [ RunTime:0.0100s ]
SQL: SELECT * FROM `wemall_admin_menu` WHERE ( pid = 30 ) ORDER BY sort desc  [ RunTime:0.0100s ]
SQL: SELECT * FROM `wemall_admin_menu` WHERE ( pid = 31 ) ORDER BY sort desc  [ RunTime:0.0100s ]
SQL: SELECT * FROM `wemall_admin_menu` WHERE `module` = 'Menu' AND `controller` = 'Index' AND `action` = 'index' LIMIT 1   [ RunTime:0.0200s ]
SQL: SHOW COLUMNS FROM `wemall_admin_menu` [ RunTime:0.0100s ]
SQL: SELECT * FROM `wemall_admin_menu` WHERE ( pid = 0 ) ORDER BY sort desc  [ RunTime:0.0200s ]
SQL: SELECT * FROM `wemall_admin_menu` WHERE ( pid = 23 ) ORDER BY sort desc  [ RunTime:0.0100s ]
SQL: SELECT * FROM `wemall_admin_menu` WHERE ( pid = 1 ) ORDER BY sort desc  [ RunTime:0.0100s ]
SQL: SELECT * FROM `wemall_admin_menu` WHERE ( pid = 33 ) ORDER BY sort desc  [ RunTime:0.0200s ]
SQL: SELECT * FROM `wemall_admin_menu` WHERE ( pid = 32 ) ORDER BY sort desc  [ RunTime:0.0100s ]
SQL: SELECT * FROM `wemall_admin_menu` WHERE ( pid = 34 ) ORDER BY sort desc  [ RunTime:0.0100s ]
SQL: SELECT * FROM `wemall_admin_menu` WHERE ( pid = 75 ) ORDER BY sort desc  [ RunTime:0.0100s ]
SQL: SELECT * FROM `wemall_admin_menu` WHERE ( pid = 2 ) ORDER BY sort desc  [ RunTime:0.0200s ]
SQL: SELECT * FROM `wemall_admin_menu` WHERE ( pid = 37 ) ORDER BY sort desc  [ RunTime:0.0100s ]
SQL: SELECT * FROM `wemall_admin_menu` WHERE ( pid = 38 ) ORDER BY sort desc  [ RunTime:0.0100s ]
SQL: SELECT * FROM `wemall_admin_menu` WHERE ( pid = 48 ) ORDER BY sort desc  [ RunTime:0.0200s ]
SQL: SELECT * FROM `wemall_admin_menu` WHERE ( pid = 39 ) ORDER BY sort desc  [ RunTime:0.0100s ]
SQL: SELECT * FROM `wemall_admin_menu` WHERE ( pid = 47 ) ORDER BY sort desc  [ RunTime:0.0100s ]
SQL: SELECT * FROM `wemall_admin_menu` WHERE ( pid = 3 ) ORDER BY sort desc  [ RunTime:0.0100s ]
SQL: SELECT * FROM `wemall_admin_menu` WHERE ( pid = 36 ) ORDER BY sort desc  [ RunTime:0.0200s ]
SQL: SELECT * FROM `wemall_admin_menu` WHERE ( pid = 43 ) ORDER BY sort desc  [ RunTime:0.0100s ]
SQL: SELECT * FROM `wemall_admin_menu` WHERE ( pid = 44 ) ORDER BY sort desc  [ RunTime:0.0100s ]
SQL: SELECT * FROM `wemall_admin_menu` WHERE ( pid = 45 ) ORDER BY sort desc  [ RunTime:0.0100s ]
SQL: SELECT * FROM `wemall_admin_menu` WHERE ( pid = 72 ) ORDER BY sort desc  [ RunTime:0.0100s ]
SQL: SELECT * FROM `wemall_admin_menu` WHERE ( pid = 73 ) ORDER BY sort desc  [ RunTime:0.0100s ]
SQL: SELECT * FROM `wemall_admin_menu` WHERE ( pid = 74 ) ORDER BY sort desc  [ RunTime:0.0100s ]
SQL: SELECT * FROM `wemall_admin_menu` WHERE ( pid = 4 ) ORDER BY sort desc  [ RunTime:0.0200s ]
SQL: SELECT * FROM `wemall_admin_menu` WHERE ( pid = 53 ) ORDER BY sort desc  [ RunTime:0.0100s ]
SQL: SELECT * FROM `wemall_admin_menu` WHERE ( pid = 54 ) ORDER BY sort desc  [ RunTime:0.0100s ]
SQL: SELECT * FROM `wemall_admin_menu` WHERE ( pid = 55 ) ORDER BY sort desc  [ RunTime:0.0100s ]
SQL: SELECT * FROM `wemall_admin_menu` WHERE ( pid = 19 ) ORDER BY sort desc  [ RunTime:0.0100s ]
SQL: SELECT * FROM `wemall_admin_menu` WHERE ( pid = 24 ) ORDER BY sort desc  [ RunTime:0.0200s ]
SQL: SELECT * FROM `wemall_admin_menu` WHERE ( pid = 20 ) ORDER BY sort desc  [ RunTime:0.0100s ]
SQL: SELECT * FROM `wemall_admin_menu` WHERE ( pid = 22 ) ORDER BY sort desc  [ RunTime:0.0100s ]
SQL: SELECT * FROM `wemall_admin_menu` WHERE ( pid = 56 ) ORDER BY sort desc  [ RunTime:0.0100s ]
SQL: SELECT * FROM `wemall_admin_menu` WHERE ( pid = 66 ) ORDER BY sort desc  [ RunTime:0.0100s ]
SQL: SELECT * FROM `wemall_admin_menu` WHERE ( pid = 25 ) ORDER BY sort desc  [ RunTime:0.0100s ]
SQL: SELECT * FROM `wemall_admin_menu` WHERE ( pid = 26 ) ORDER BY sort desc  [ RunTime:0.0100s ]
SQL: SELECT * FROM `wemall_admin_menu` WHERE ( pid = 27 ) ORDER BY sort desc  [ RunTime:0.0100s ]
SQL: SELECT * FROM `wemall_admin_menu` WHERE ( pid = 28 ) ORDER BY sort desc  [ RunTime:0.0100s ]
SQL: SELECT * FROM `wemall_admin_menu` WHERE ( pid = 29 ) ORDER BY sort desc  [ RunTime:0.0100s ]
SQL: SELECT * FROM `wemall_admin_menu` WHERE ( pid = 46 ) ORDER BY sort desc  [ RunTime:0.0200s ]
SQL: SELECT * FROM `wemall_admin_menu` WHERE ( pid = 58 ) ORDER BY sort desc  [ RunTime:0.0100s ]
SQL: SELECT * FROM `wemall_admin_menu` WHERE ( pid = 68 ) ORDER BY sort desc  [ RunTime:0.0100s ]
SQL: SELECT * FROM `wemall_admin_menu` WHERE ( pid = 69 ) ORDER BY sort desc  [ RunTime:0.0100s ]
SQL: SELECT * FROM `wemall_admin_menu` WHERE ( pid = 59 ) ORDER BY sort desc  [ RunTime:0.0200s ]
SQL: SELECT * FROM `wemall_admin_menu` WHERE ( pid = 70 ) ORDER BY sort desc  [ RunTime:0.0100s ]
SQL: SELECT * FROM `wemall_admin_menu` WHERE ( pid = 71 ) ORDER BY sort desc  [ RunTime:0.0200s ]
SQL: SELECT * FROM `wemall_admin_menu` WHERE ( pid = 6 ) ORDER BY sort desc  [ RunTime:0.0100s ]
SQL: SELECT * FROM `wemall_admin_menu` WHERE ( pid = 35 ) ORDER BY sort desc  [ RunTime:0.0100s ]
SQL: SELECT * FROM `wemall_admin_menu` WHERE ( pid = 67 ) ORDER BY sort desc  [ RunTime:0.0100s ]
SQL: SELECT * FROM `wemall_admin_menu` WHERE ( pid = 7 ) ORDER BY sort desc  [ RunTime:0.0100s ]
SQL: SELECT * FROM `wemall_admin_menu` WHERE ( pid = 52 ) ORDER BY sort desc  [ RunTime:0.0100s ]
SQL: SELECT * FROM `wemall_admin_menu` WHERE ( pid = 60 ) ORDER BY sort desc  [ RunTime:0.0100s ]
SQL: SELECT * FROM `wemall_admin_menu` WHERE ( pid = 61 ) ORDER BY sort desc  [ RunTime:0.0100s ]
SQL: SELECT * FROM `wemall_admin_menu` WHERE ( pid = 63 ) ORDER BY sort desc  [ RunTime:0.0100s ]
SQL: SELECT * FROM `wemall_admin_menu` WHERE ( pid = 64 ) ORDER BY sort desc  [ RunTime:0.0100s ]
SQL: SELECT * FROM `wemall_admin_menu` WHERE ( pid = 65 ) ORDER BY sort desc  [ RunTime:0.0100s ]
SQL: SELECT * FROM `wemall_admin_menu` WHERE ( pid = 8 ) ORDER BY sort desc  [ RunTime:0.0200s ]
SQL: SELECT * FROM `wemall_admin_menu` WHERE ( pid = 40 ) ORDER BY sort desc  [ RunTime:0.0100s ]
SQL: SELECT * FROM `wemall_admin_menu` WHERE ( pid = 9 ) ORDER BY sort desc  [ RunTime:0.0100s ]
SQL: SELECT * FROM `wemall_admin_menu` WHERE ( pid = 42 ) ORDER BY sort desc  [ RunTime:0.0100s ]
SQL: SELECT * FROM `wemall_admin_menu` WHERE ( pid = 10 ) ORDER BY sort desc  [ RunTime:0.0100s ]
SQL: SELECT * FROM `wemall_admin_menu` WHERE ( pid = 30 ) ORDER BY sort desc  [ RunTime:0.0200s ]
SQL: SELECT * FROM `wemall_admin_menu` WHERE ( pid = 31 ) ORDER BY sort desc  [ RunTime:0.0100s ]
NOTIC: [8] Undefined index: _child D:\xampp\htdocs\wemall\ThinkPHP\Application\Menu\Controller\IndexController.class.php 第 177 行.
NOTIC: [8] Undefined index: _child D:\xampp\htdocs\wemall\ThinkPHP\Application\Menu\Controller\IndexController.class.php 第 177 行.
NOTIC: [8] Undefined index: _child D:\xampp\htdocs\wemall\ThinkPHP\Application\Menu\Controller\IndexController.class.php 第 177 行.
NOTIC: [8] Undefined index: _child D:\xampp\htdocs\wemall\ThinkPHP\Application\Menu\Controller\IndexController.class.php 第 177 行.
NOTIC: [8] Undefined index: _child D:\xampp\htdocs\wemall\ThinkPHP\Application\Menu\Controller\IndexController.class.php 第 177 行.
NOTIC: [8] Undefined index: _child D:\xampp\htdocs\wemall\ThinkPHP\Application\Menu\Controller\IndexController.class.php 第 177 行.
NOTIC: [8] Undefined index: _child D:\xampp\htdocs\wemall\ThinkPHP\Application\Menu\Controller\IndexController.class.php 第 177 行.
NOTIC: [8] Undefined index: _child D:\xampp\htdocs\wemall\ThinkPHP\Application\Menu\Controller\IndexController.class.php 第 177 行.
NOTIC: [8] Undefined index: _child D:\xampp\htdocs\wemall\ThinkPHP\Application\Menu\Controller\IndexController.class.php 第 177 行.
NOTIC: [8] Undefined index: _child D:\xampp\htdocs\wemall\ThinkPHP\Application\Menu\Controller\IndexController.class.php 第 177 行.
NOTIC: [8] Undefined index: _child D:\xampp\htdocs\wemall\ThinkPHP\Application\Menu\Controller\IndexController.class.php 第 177 行.
NOTIC: [8] Undefined index: _child D:\xampp\htdocs\wemall\ThinkPHP\Application\Menu\Controller\IndexController.class.php 第 177 行.
NOTIC: [8] Undefined index: _child D:\xampp\htdocs\wemall\ThinkPHP\Application\Menu\Controller\IndexController.class.php 第 177 行.
NOTIC: [8] Undefined index: _child D:\xampp\htdocs\wemall\ThinkPHP\Application\Menu\Controller\IndexController.class.php 第 177 行.
NOTIC: [8] Undefined index: _child D:\xampp\htdocs\wemall\ThinkPHP\Application\Menu\Controller\IndexController.class.php 第 177 行.
NOTIC: [8] Undefined index: _child D:\xampp\htdocs\wemall\ThinkPHP\Application\Menu\Controller\IndexController.class.php 第 177 行.
NOTIC: [8] Undefined index: _child D:\xampp\htdocs\wemall\ThinkPHP\Application\Menu\Controller\IndexController.class.php 第 177 行.
NOTIC: [8] Undefined index: _child D:\xampp\htdocs\wemall\ThinkPHP\Application\Menu\Controller\IndexController.class.php 第 177 行.
NOTIC: [8] Undefined index: _child D:\xampp\htdocs\wemall\ThinkPHP\Application\Menu\Controller\IndexController.class.php 第 177 行.
NOTIC: [8] Undefined index: _child D:\xampp\htdocs\wemall\ThinkPHP\Application\Menu\Controller\IndexController.class.php 第 177 行.
NOTIC: [8] Undefined index: _child D:\xampp\htdocs\wemall\ThinkPHP\Application\Menu\Controller\IndexController.class.php 第 177 行.
NOTIC: [8] Undefined index: _child D:\xampp\htdocs\wemall\ThinkPHP\Application\Menu\Controller\IndexController.class.php 第 177 行.
NOTIC: [8] Undefined index: _child D:\xampp\htdocs\wemall\ThinkPHP\Application\Menu\Controller\IndexController.class.php 第 177 行.
NOTIC: [8] Undefined index: _child D:\xampp\htdocs\wemall\ThinkPHP\Application\Menu\Controller\IndexController.class.php 第 177 行.
NOTIC: [8] Undefined index: _child D:\xampp\htdocs\wemall\ThinkPHP\Application\Menu\Controller\IndexController.class.php 第 177 行.
NOTIC: [8] Undefined index: _child D:\xampp\htdocs\wemall\ThinkPHP\Application\Menu\Controller\IndexController.class.php 第 177 行.
NOTIC: [8] Undefined index: _child D:\xampp\htdocs\wemall\ThinkPHP\Application\Menu\Controller\IndexController.class.php 第 177 行.
NOTIC: [8] Undefined index: _child D:\xampp\htdocs\wemall\ThinkPHP\Application\Menu\Controller\IndexController.class.php 第 177 行.
NOTIC: [8] Undefined index: _child D:\xampp\htdocs\wemall\ThinkPHP\Application\Menu\Controller\IndexController.class.php 第 177 行.
NOTIC: [8] Undefined index: _child D:\xampp\htdocs\wemall\ThinkPHP\Application\Menu\Controller\IndexController.class.php 第 177 行.
NOTIC: [8] Undefined index: _child D:\xampp\htdocs\wemall\ThinkPHP\Application\Menu\Controller\IndexController.class.php 第 177 行.
NOTIC: [8] Undefined index: _child D:\xampp\htdocs\wemall\ThinkPHP\Application\Menu\Controller\IndexController.class.php 第 177 行.
NOTIC: [8] Undefined index: _child D:\xampp\htdocs\wemall\ThinkPHP\Application\Menu\Controller\IndexController.class.php 第 177 行.
NOTIC: [8] Undefined index: _child D:\xampp\htdocs\wemall\ThinkPHP\Application\Menu\Controller\IndexController.class.php 第 177 行.
NOTIC: [8] Undefined index: _child D:\xampp\htdocs\wemall\ThinkPHP\Application\Menu\Controller\IndexController.class.php 第 177 行.
NOTIC: [8] Undefined index: _child D:\xampp\htdocs\wemall\ThinkPHP\Application\Menu\Controller\IndexController.class.php 第 177 行.
NOTIC: [8] Undefined index: _child D:\xampp\htdocs\wemall\ThinkPHP\Application\Menu\Controller\IndexController.class.php 第 177 行.
NOTIC: [8] Undefined index: _child D:\xampp\htdocs\wemall\ThinkPHP\Application\Menu\Controller\IndexController.class.php 第 177 行.
NOTIC: [8] Undefined index: _child D:\xampp\htdocs\wemall\ThinkPHP\Application\Menu\Controller\IndexController.class.php 第 177 行.
NOTIC: [8] Undefined index: _child D:\xampp\htdocs\wemall\ThinkPHP\Application\Menu\Controller\IndexController.class.php 第 177 行.
NOTIC: [8] Undefined index: _child D:\xampp\htdocs\wemall\ThinkPHP\Application\Menu\Controller\IndexController.class.php 第 177 行.
NOTIC: [8] Undefined index: _child D:\xampp\htdocs\wemall\ThinkPHP\Application\Menu\Controller\IndexController.class.php 第 177 行.
NOTIC: [8] Undefined variable: counts D:\xampp\htdocs\wemall\ThinkPHP\Application\Admin\Controller\PageController.class.php 第 135 行.
NOTIC: [8] Undefined variable: counts D:\xampp\htdocs\wemall\ThinkPHP\Application\Admin\Controller\PageController.class.php 第 135 行.
NOTIC: [8] Undefined variable: showPage D:\xampp\htdocs\wemall\ThinkPHP\Application\Admin\Controller\PageController.class.php 第 269 行.
INFO: [ view_parse ] --START--
INFO: [ template_filter ] --START--
INFO: Run Behavior\ContentReplaceBehavior [ RunTime:0.000000s ]
INFO: [ template_filter ] --END-- [ RunTime:-0.930002s ]
INFO: Run Behavior\ParseTemplateBehavior [ RunTime:0.010000s ]
INFO: [ view_parse ] --END-- [ RunTime:-0.930002s ]
INFO: [ view_filter ] --START--
INFO: Run Behavior\WriteHtmlCacheBehavior [ RunTime:0.000000s ]
INFO: [ view_filter ] --END-- [ RunTime:-0.940002s ]
INFO: [ view_parse ] --START--
INFO: [ template_filter ] --START--
INFO: Run Behavior\ContentReplaceBehavior [ RunTime:0.000000s ]
INFO: [ template_filter ] --END-- [ RunTime:-0.950002s ]
NOTIC: [8] Undefined variable: YZFooterJs D:\xampp\htdocs\wemall\ThinkPHP\Application\Runtime\Cache\Menu\bbbf7050b05668fa13be77e37d2e0d3d.php 第 40 行.
INFO: Run Behavior\ParseTemplateBehavior [ RunTime:0.280000s ]
INFO: [ view_parse ] --END-- [ RunTime:-0.940002s ]
INFO: [ view_filter ] --START--
INFO: Run Behavior\WriteHtmlCacheBehavior [ RunTime:0.000000s ]
INFO: [ view_filter ] --END-- [ RunTime:-1.220002s ]
INFO: [ app_end ] --START--
INFO: Run Behavior\ShowPageTraceBehavior [ RunTime:0.010000s ]
INFO: [ app_end ] --END-- [ RunTime:0.010000s ]

[ 2015-05-10T16:22:18+08:00 ] 127.0.0.1 /wemall/WeiPHP/admin.php/menu/Index/index.html
INFO: [ app_init ] --START--
INFO: Run Behavior\BuildLiteBehavior [ RunTime:0.000000s ]
INFO: [ app_init ] --END-- [ RunTime:0.000000s ]
INFO: [ app_begin ] --START--
INFO: Run Behavior\ReadHtmlCacheBehavior [ RunTime:0.000000s ]
INFO: [ app_begin ] --END-- [ RunTime:0.000000s ]
SQL: SHOW COLUMNS FROM `wemall_admin_menu` [ RunTime:0.0300s ]
SQL: SELECT * FROM `wemall_admin_menu` WHERE ( pid = 0 ) ORDER BY sort desc  [ RunTime:0.0100s ]
NOTIC: [8] Undefined variable: menuList D:\xampp\htdocs\wemall\ThinkPHP\Application\Admin\Model\AdminMenuModel.class.php 第 66 行.
NOTIC: [8] Undefined variable: menuList D:\xampp\htdocs\wemall\ThinkPHP\Application\Admin\Model\AdminMenuModel.class.php 第 66 行.
NOTIC: [8] Undefined variable: menuList D:\xampp\htdocs\wemall\ThinkPHP\Application\Admin\Model\AdminMenuModel.class.php 第 66 行.
NOTIC: [8] Undefined variable: menuList D:\xampp\htdocs\wemall\ThinkPHP\Application\Admin\Model\AdminMenuModel.class.php 第 66 行.
NOTIC: [8] Undefined variable: menuList D:\xampp\htdocs\wemall\ThinkPHP\Application\Admin\Model\AdminMenuModel.class.php 第 66 行.
NOTIC: [8] Undefined variable: menuList D:\xampp\htdocs\wemall\ThinkPHP\Application\Admin\Model\AdminMenuModel.class.php 第 66 行.
NOTIC: [8] Undefined variable: menuList D:\xampp\htdocs\wemall\ThinkPHP\Application\Admin\Model\AdminMenuModel.class.php 第 66 行.
NOTIC: [8] Undefined variable: menuList D:\xampp\htdocs\wemall\ThinkPHP\Application\Admin\Model\AdminMenuModel.class.php 第 66 行.
NOTIC: [8] Undefined variable: menuList D:\xampp\htdocs\wemall\ThinkPHP\Application\Admin\Model\AdminMenuModel.class.php 第 66 行.
NOTIC: [8] Undefined variable: menuList D:\xampp\htdocs\wemall\ThinkPHP\Application\Admin\Model\AdminMenuModel.class.php 第 66 行.
NOTIC: [8] Undefined variable: menuList D:\xampp\htdocs\wemall\ThinkPHP\Application\Admin\Model\AdminMenuModel.class.php 第 66 行.
NOTIC: [8] Use of undefined constant url - assumed 'url' D:\xampp\htdocs\wemall\ThinkPHP\Application\Admin\Controller\MenuListController.class.php 第 30 行.
NOTIC: [8] Use of undefined constant url - assumed 'url' D:\xampp\htdocs\wemall\ThinkPHP\Application\Admin\Controller\MenuListController.class.php 第 30 行.
NOTIC: [8] Use of undefined constant url - assumed 'url' D:\xampp\htdocs\wemall\ThinkPHP\Application\Admin\Controller\MenuListController.class.php 第 30 行.
NOTIC: [8] Use of undefined constant url - assumed 'url' D:\xampp\htdocs\wemall\ThinkPHP\Application\Admin\Controller\MenuListController.class.php 第 30 行.
NOTIC: [8] Use of undefined constant url - assumed 'url' D:\xampp\htdocs\wemall\ThinkPHP\Application\Admin\Controller\MenuListController.class.php 第 30 行.
NOTIC: [8] Use of undefined constant url - assumed 'url' D:\xampp\htdocs\wemall\ThinkPHP\Application\Admin\Controller\MenuListController.class.php 第 30 行.
NOTIC: [8] Use of undefined constant url - assumed 'url' D:\xampp\htdocs\wemall\ThinkPHP\Application\Admin\Controller\MenuListController.class.php 第 30 行.
NOTIC: [8] Use of undefined constant url - assumed 'url' D:\xampp\htdocs\wemall\ThinkPHP\Application\Admin\Controller\MenuListController.class.php 第 30 行.
NOTIC: [8] Use of undefined constant url - assumed 'url' D:\xampp\htdocs\wemall\ThinkPHP\Application\Admin\Controller\MenuListController.class.php 第 30 行.
NOTIC: [8] Use of undefined constant url - assumed 'url' D:\xampp\htdocs\wemall\ThinkPHP\Application\Admin\Controller\MenuListController.class.php 第 30 行.
NOTIC: [8] Use of undefined constant url - assumed 'url' D:\xampp\htdocs\wemall\ThinkPHP\Application\Admin\Controller\MenuListController.class.php 第 30 行.
SQL: SHOW COLUMNS FROM `wemall_admin_menu` [ RunTime:0.0100s ]
SQL: SELECT * FROM `wemall_admin_menu` WHERE `module` = 'Menu' AND `controller` = 'Index' AND `action` = 'index' LIMIT 1   [ RunTime:0.0100s ]
SQL: SELECT * FROM `wemall_admin_menu` WHERE `id` = 10 LIMIT 1   [ RunTime:0.0100s ]
NOTIC: [8] Use of undefined constant pid - assumed 'pid' D:\xampp\htdocs\wemall\ThinkPHP\Application\Admin\Model\AdminMenuModel.class.php 第 44 行.
INFO: [ view_parse ] --START--
INFO: [ template_filter ] --START--
INFO: Run Behavior\ContentReplaceBehavior [ RunTime:0.000000s ]
INFO: [ template_filter ] --END-- [ RunTime:0.000000s ]
NOTIC: [8] Undefined index: class D:\xampp\htdocs\wemall\ThinkPHP\Application\Runtime\Cache\Menu\bc62bb2a7402468c1e0e6ba68e4517bd.php 第 2 行.
NOTIC: [8] Undefined index: class D:\xampp\htdocs\wemall\ThinkPHP\Application\Runtime\Cache\Menu\bc62bb2a7402468c1e0e6ba68e4517bd.php 第 2 行.
NOTIC: [8] Undefined index: class D:\xampp\htdocs\wemall\ThinkPHP\Application\Runtime\Cache\Menu\bc62bb2a7402468c1e0e6ba68e4517bd.php 第 2 行.
NOTIC: [8] Undefined index: class D:\xampp\htdocs\wemall\ThinkPHP\Application\Runtime\Cache\Menu\bc62bb2a7402468c1e0e6ba68e4517bd.php 第 2 行.
NOTIC: [8] Undefined index: class D:\xampp\htdocs\wemall\ThinkPHP\Application\Runtime\Cache\Menu\bc62bb2a7402468c1e0e6ba68e4517bd.php 第 2 行.
NOTIC: [8] Undefined index: class D:\xampp\htdocs\wemall\ThinkPHP\Application\Runtime\Cache\Menu\bc62bb2a7402468c1e0e6ba68e4517bd.php 第 2 行.
NOTIC: [8] Undefined index: class D:\xampp\htdocs\wemall\ThinkPHP\Application\Runtime\Cache\Menu\bc62bb2a7402468c1e0e6ba68e4517bd.php 第 2 行.
NOTIC: [8] Undefined index: class D:\xampp\htdocs\wemall\ThinkPHP\Application\Runtime\Cache\Menu\bc62bb2a7402468c1e0e6ba68e4517bd.php 第 2 行.
NOTIC: [8] Undefined index: class D:\xampp\htdocs\wemall\ThinkPHP\Application\Runtime\Cache\Menu\bc62bb2a7402468c1e0e6ba68e4517bd.php 第 2 行.
NOTIC: [8] Undefined index: class D:\xampp\htdocs\wemall\ThinkPHP\Application\Runtime\Cache\Menu\bc62bb2a7402468c1e0e6ba68e4517bd.php 第 2 行.
INFO: Run Behavior\ParseTemplateBehavior [ RunTime:0.020000s ]
INFO: [ view_parse ] --END-- [ RunTime:0.020000s ]
INFO: [ view_filter ] --START--
INFO: Run Behavior\WriteHtmlCacheBehavior [ RunTime:0.000000s ]
INFO: [ view_filter ] --END-- [ RunTime:0.000000s ]
SQL: SELECT * FROM `wemall_admin_menu` WHERE `module` = 'Menu' AND `controller` = 'Index' AND `action` = 'index' LIMIT 1   [ RunTime:0.0100s ]
SQL: SELECT * FROM `wemall_admin_menu` WHERE `id` = 10 LIMIT 1   [ RunTime:0.0100s ]
NOTIC: [8] Use of undefined constant pid - assumed 'pid' D:\xampp\htdocs\wemall\ThinkPHP\Application\Admin\Model\AdminMenuModel.class.php 第 44 行.
SQL: SELECT * FROM `wemall_admin_menu` WHERE ( pid = 10 ) ORDER BY sort desc  [ RunTime:0.0200s ]
SQL: SELECT * FROM `wemall_admin_menu` WHERE ( pid = 30 ) ORDER BY sort desc  [ RunTime:0.0100s ]
SQL: SELECT * FROM `wemall_admin_menu` WHERE ( pid = 31 ) ORDER BY sort desc  [ RunTime:0.0100s ]
SQL: SELECT * FROM `wemall_admin_menu` WHERE `module` = 'Menu' AND `controller` = 'Index' AND `action` = 'index' LIMIT 1   [ RunTime:0.0100s ]
SQL: SHOW COLUMNS FROM `wemall_admin_menu` [ RunTime:0.0100s ]
SQL: SELECT * FROM `wemall_admin_menu` WHERE ( pid = 0 ) ORDER BY sort desc  [ RunTime:0.0100s ]
SQL: SELECT * FROM `wemall_admin_menu` WHERE ( pid = 23 ) ORDER BY sort desc  [ RunTime:0.0100s ]
SQL: SELECT * FROM `wemall_admin_menu` WHERE ( pid = 1 ) ORDER BY sort desc  [ RunTime:0.0200s ]
SQL: SELECT * FROM `wemall_admin_menu` WHERE ( pid = 33 ) ORDER BY sort desc  [ RunTime:0.0100s ]
SQL: SELECT * FROM `wemall_admin_menu` WHERE ( pid = 32 ) ORDER BY sort desc  [ RunTime:0.0100s ]
SQL: SELECT * FROM `wemall_admin_menu` WHERE ( pid = 34 ) ORDER BY sort desc  [ RunTime:0.0100s ]
SQL: SELECT * FROM `wemall_admin_menu` WHERE ( pid = 75 ) ORDER BY sort desc  [ RunTime:0.0100s ]
SQL: SELECT * FROM `wemall_admin_menu` WHERE ( pid = 2 ) ORDER BY sort desc  [ RunTime:0.0100s ]
SQL: SELECT * FROM `wemall_admin_menu` WHERE ( pid = 37 ) ORDER BY sort desc  [ RunTime:0.0100s ]
SQL: SELECT * FROM `wemall_admin_menu` WHERE ( pid = 38 ) ORDER BY sort desc  [ RunTime:0.0100s ]
SQL: SELECT * FROM `wemall_admin_menu` WHERE ( pid = 48 ) ORDER BY sort desc  [ RunTime:0.0200s ]
SQL: SELECT * FROM `wemall_admin_menu` WHERE ( pid = 39 ) ORDER BY sort desc  [ RunTime:0.0100s ]
SQL: SELECT * FROM `wemall_admin_menu` WHERE ( pid = 47 ) ORDER BY sort desc  [ RunTime:0.0100s ]
SQL: SELECT * FROM `wemall_admin_menu` WHERE ( pid = 3 ) ORDER BY sort desc  [ RunTime:0.0100s ]
SQL: SELECT * FROM `wemall_admin_menu` WHERE ( pid = 36 ) ORDER BY sort desc  [ RunTime:0.0100s ]
SQL: SELECT * FROM `wemall_admin_menu` WHERE ( pid = 43 ) ORDER BY sort desc  [ RunTime:0.0100s ]
SQL: SELECT * FROM `wemall_admin_menu` WHERE ( pid = 44 ) ORDER BY sort desc  [ RunTime:0.0100s ]
SQL: SELECT * FROM `wemall_admin_menu` WHERE ( pid = 45 ) ORDER BY sort desc  [ RunTime:0.0100s ]
SQL: SELECT * FROM `wemall_admin_menu` WHERE ( pid = 72 ) ORDER BY sort desc  [ RunTime:0.0200s ]
SQL: SELECT * FROM `wemall_admin_menu` WHERE ( pid = 73 ) ORDER BY sort desc  [ RunTime:0.0100s ]
SQL: SELECT * FROM `wemall_admin_menu` WHERE ( pid = 74 ) ORDER BY sort desc  [ RunTime:0.0100s ]
SQL: SELECT * FROM `wemall_admin_menu` WHERE ( pid = 4 ) ORDER BY sort desc  [ RunTime:0.0100s ]
SQL: SELECT * FROM `wemall_admin_menu` WHERE ( pid = 53 ) ORDER BY sort desc  [ RunTime:0.0100s ]
SQL: SELECT * FROM `wemall_admin_menu` WHERE ( pid = 54 ) ORDER BY sort desc  [ RunTime:0.0100s ]
SQL: SELECT * FROM `wemall_admin_menu` WHERE ( pid = 55 ) ORDER BY sort desc  [ RunTime:0.0100s ]
SQL: SELECT * FROM `wemall_admin_menu` WHERE ( pid = 19 ) ORDER BY sort desc  [ RunTime:0.0100s ]
SQL: SELECT * FROM `wemall_admin_menu` WHERE ( pid = 24 ) ORDER BY sort desc  [ RunTime:0.0100s ]
SQL: SELECT * FROM `wemall_admin_menu` WHERE ( pid = 20 ) ORDER BY sort desc  [ RunTime:0.0100s ]
SQL: SELECT * FROM `wemall_admin_menu` WHERE ( pid = 22 ) ORDER BY sort desc  [ RunTime:0.0100s ]
SQL: SELECT * FROM `wemall_admin_menu` WHERE ( pid = 56 ) ORDER BY sort desc  [ RunTime:0.0100s ]
SQL: SELECT * FROM `wemall_admin_menu` WHERE ( pid = 66 ) ORDER BY sort desc  [ RunTime:0.0200s ]
SQL: SELECT * FROM `wemall_admin_menu` WHERE ( pid = 25 ) ORDER BY sort desc  [ RunTime:0.0100s ]
SQL: SELECT * FROM `wemall_admin_menu` WHERE ( pid = 26 ) ORDER BY sort desc  [ RunTime:0.0100s ]
SQL: SELECT * FROM `wemall_admin_menu` WHERE ( pid = 27 ) ORDER BY sort desc  [ RunTime:0.0100s ]
SQL: SELECT * FROM `wemall_admin_menu` WHERE ( pid = 28 ) ORDER BY sort desc  [ RunTime:0.0100s ]
SQL: SELECT * FROM `wemall_admin_menu` WHERE ( pid = 29 ) ORDER BY sort desc  [ RunTime:0.0100s ]
SQL: SELECT * FROM `wemall_admin_menu` WHERE ( pid = 46 ) ORDER BY sort desc  [ RunTime:0.0100s ]
SQL: SELECT * FROM `wemall_admin_menu` WHERE ( pid = 58 ) ORDER BY sort desc  [ RunTime:0.0100s ]
SQL: SELECT * FROM `wemall_admin_menu` WHERE ( pid = 68 ) ORDER BY sort desc  [ RunTime:0.0100s ]
SQL: SELECT * FROM `wemall_admin_menu` WHERE ( pid = 69 ) ORDER BY sort desc  [ RunTime:0.0100s ]
SQL: SELECT * FROM `wemall_admin_menu` WHERE ( pid = 59 ) ORDER BY sort desc  [ RunTime:0.0100s ]
SQL: SELECT * FROM `wemall_admin_menu` WHERE ( pid = 70 ) ORDER BY sort desc  [ RunTime:0.0100s ]
SQL: SELECT * FROM `wemall_admin_menu` WHERE ( pid = 71 ) ORDER BY sort desc  [ RunTime:0.0200s ]
SQL: SELECT * FROM `wemall_admin_menu` WHERE ( pid = 6 ) ORDER BY sort desc  [ RunTime:0.0100s ]
SQL: SELECT * FROM `wemall_admin_menu` WHERE ( pid = 35 ) ORDER BY sort desc  [ RunTime:0.0100s ]
SQL: SELECT * FROM `wemall_admin_menu` WHERE ( pid = 67 ) ORDER BY sort desc  [ RunTime:0.0100s ]
SQL: SELECT * FROM `wemall_admin_menu` WHERE ( pid = 7 ) ORDER BY sort desc  [ RunTime:0.0100s ]
SQL: SELECT * FROM `wemall_admin_menu` WHERE ( pid = 52 ) ORDER BY sort desc  [ RunTime:0.0100s ]
SQL: SELECT * FROM `wemall_admin_menu` WHERE ( pid = 60 ) ORDER BY sort desc  [ RunTime:0.0100s ]
SQL: SELECT * FROM `wemall_admin_menu` WHERE ( pid = 61 ) ORDER BY sort desc  [ RunTime:0.0200s ]
SQL: SELECT * FROM `wemall_admin_menu` WHERE ( pid = 63 ) ORDER BY sort desc  [ RunTime:0.0100s ]
SQL: SELECT * FROM `wemall_admin_menu` WHERE ( pid = 64 ) ORDER BY sort desc  [ RunTime:0.0100s ]
SQL: SELECT * FROM `wemall_admin_menu` WHERE ( pid = 65 ) ORDER BY sort desc  [ RunTime:0.0200s ]
SQL: SELECT * FROM `wemall_admin_menu` WHERE ( pid = 8 ) ORDER BY sort desc  [ RunTime:0.0200s ]
SQL: SELECT * FROM `wemall_admin_menu` WHERE ( pid = 40 ) ORDER BY sort desc  [ RunTime:0.0200s ]
SQL: SELECT * FROM `wemall_admin_menu` WHERE ( pid = 9 ) ORDER BY sort desc  [ RunTime:0.0100s ]
SQL: SELECT * FROM `wemall_admin_menu` WHERE ( pid = 42 ) ORDER BY sort desc  [ RunTime:0.0200s ]
SQL: SELECT * FROM `wemall_admin_menu` WHERE ( pid = 10 ) ORDER BY sort desc  [ RunTime:0.0200s ]
SQL: SELECT * FROM `wemall_admin_menu` WHERE ( pid = 30 ) ORDER BY sort desc  [ RunTime:0.0100s ]
SQL: SELECT * FROM `wemall_admin_menu` WHERE ( pid = 31 ) ORDER BY sort desc  [ RunTime:0.0100s ]
NOTIC: [8] Undefined index: _child D:\xampp\htdocs\wemall\ThinkPHP\Application\Menu\Controller\IndexController.class.php 第 177 行.
NOTIC: [8] Undefined index: _child D:\xampp\htdocs\wemall\ThinkPHP\Application\Menu\Controller\IndexController.class.php 第 177 行.
NOTIC: [8] Undefined index: _child D:\xampp\htdocs\wemall\ThinkPHP\Application\Menu\Controller\IndexController.class.php 第 177 行.
NOTIC: [8] Undefined index: _child D:\xampp\htdocs\wemall\ThinkPHP\Application\Menu\Controller\IndexController.class.php 第 177 行.
NOTIC: [8] Undefined index: _child D:\xampp\htdocs\wemall\ThinkPHP\Application\Menu\Controller\IndexController.class.php 第 177 行.
NOTIC: [8] Undefined index: _child D:\xampp\htdocs\wemall\ThinkPHP\Application\Menu\Controller\IndexController.class.php 第 177 行.
NOTIC: [8] Undefined index: _child D:\xampp\htdocs\wemall\ThinkPHP\Application\Menu\Controller\IndexController.class.php 第 177 行.
NOTIC: [8] Undefined index: _child D:\xampp\htdocs\wemall\ThinkPHP\Application\Menu\Controller\IndexController.class.php 第 177 行.
NOTIC: [8] Undefined index: _child D:\xampp\htdocs\wemall\ThinkPHP\Application\Menu\Controller\IndexController.class.php 第 177 行.
NOTIC: [8] Undefined index: _child D:\xampp\htdocs\wemall\ThinkPHP\Application\Menu\Controller\IndexController.class.php 第 177 行.
NOTIC: [8] Undefined index: _child D:\xampp\htdocs\wemall\ThinkPHP\Application\Menu\Controller\IndexController.class.php 第 177 行.
NOTIC: [8] Undefined index: _child D:\xampp\htdocs\wemall\ThinkPHP\Application\Menu\Controller\IndexController.class.php 第 177 行.
NOTIC: [8] Undefined index: _child D:\xampp\htdocs\wemall\ThinkPHP\Application\Menu\Controller\IndexController.class.php 第 177 行.
NOTIC: [8] Undefined index: _child D:\xampp\htdocs\wemall\ThinkPHP\Application\Menu\Controller\IndexController.class.php 第 177 行.
NOTIC: [8] Undefined index: _child D:\xampp\htdocs\wemall\ThinkPHP\Application\Menu\Controller\IndexController.class.php 第 177 行.
NOTIC: [8] Undefined index: _child D:\xampp\htdocs\wemall\ThinkPHP\Application\Menu\Controller\IndexController.class.php 第 177 行.
NOTIC: [8] Undefined index: _child D:\xampp\htdocs\wemall\ThinkPHP\Application\Menu\Controller\IndexController.class.php 第 177 行.
NOTIC: [8] Undefined index: _child D:\xampp\htdocs\wemall\ThinkPHP\Application\Menu\Controller\IndexController.class.php 第 177 行.
NOTIC: [8] Undefined index: _child D:\xampp\htdocs\wemall\ThinkPHP\Application\Menu\Controller\IndexController.class.php 第 177 行.
NOTIC: [8] Undefined index: _child D:\xampp\htdocs\wemall\ThinkPHP\Application\Menu\Controller\IndexController.class.php 第 177 行.
NOTIC: [8] Undefined index: _child D:\xampp\htdocs\wemall\ThinkPHP\Application\Menu\Controller\IndexController.class.php 第 177 行.
NOTIC: [8] Undefined index: _child D:\xampp\htdocs\wemall\ThinkPHP\Application\Menu\Controller\IndexController.class.php 第 177 行.
NOTIC: [8] Undefined index: _child D:\xampp\htdocs\wemall\ThinkPHP\Application\Menu\Controller\IndexController.class.php 第 177 行.
NOTIC: [8] Undefined index: _child D:\xampp\htdocs\wemall\ThinkPHP\Application\Menu\Controller\IndexController.class.php 第 177 行.
NOTIC: [8] Undefined index: _child D:\xampp\htdocs\wemall\ThinkPHP\Application\Menu\Controller\IndexController.class.php 第 177 行.
NOTIC: [8] Undefined index: _child D:\xampp\htdocs\wemall\ThinkPHP\Application\Menu\Controller\IndexController.class.php 第 177 行.
NOTIC: [8] Undefined index: _child D:\xampp\htdocs\wemall\ThinkPHP\Application\Menu\Controller\IndexController.class.php 第 177 行.
NOTIC: [8] Undefined index: _child D:\xampp\htdocs\wemall\ThinkPHP\Application\Menu\Controller\IndexController.class.php 第 177 行.
NOTIC: [8] Undefined index: _child D:\xampp\htdocs\wemall\ThinkPHP\Application\Menu\Controller\IndexController.class.php 第 177 行.
NOTIC: [8] Undefined index: _child D:\xampp\htdocs\wemall\ThinkPHP\Application\Menu\Controller\IndexController.class.php 第 177 行.
NOTIC: [8] Undefined index: _child D:\xampp\htdocs\wemall\ThinkPHP\Application\Menu\Controller\IndexController.class.php 第 177 行.
NOTIC: [8] Undefined index: _child D:\xampp\htdocs\wemall\ThinkPHP\Application\Menu\Controller\IndexController.class.php 第 177 行.
NOTIC: [8] Undefined index: _child D:\xampp\htdocs\wemall\ThinkPHP\Application\Menu\Controller\IndexController.class.php 第 177 行.
NOTIC: [8] Undefined index: _child D:\xampp\htdocs\wemall\ThinkPHP\Application\Menu\Controller\IndexController.class.php 第 177 行.
NOTIC: [8] Undefined index: _child D:\xampp\htdocs\wemall\ThinkPHP\Application\Menu\Controller\IndexController.class.php 第 177 行.
NOTIC: [8] Undefined index: _child D:\xampp\htdocs\wemall\ThinkPHP\Application\Menu\Controller\IndexController.class.php 第 177 行.
NOTIC: [8] Undefined index: _child D:\xampp\htdocs\wemall\ThinkPHP\Application\Menu\Controller\IndexController.class.php 第 177 行.
NOTIC: [8] Undefined index: _child D:\xampp\htdocs\wemall\ThinkPHP\Application\Menu\Controller\IndexController.class.php 第 177 行.
NOTIC: [8] Undefined index: _child D:\xampp\htdocs\wemall\ThinkPHP\Application\Menu\Controller\IndexController.class.php 第 177 行.
NOTIC: [8] Undefined index: _child D:\xampp\htdocs\wemall\ThinkPHP\Application\Menu\Controller\IndexController.class.php 第 177 行.
NOTIC: [8] Undefined index: _child D:\xampp\htdocs\wemall\ThinkPHP\Application\Menu\Controller\IndexController.class.php 第 177 行.
NOTIC: [8] Undefined index: _child D:\xampp\htdocs\wemall\ThinkPHP\Application\Menu\Controller\IndexController.class.php 第 177 行.
NOTIC: [8] Undefined variable: counts D:\xampp\htdocs\wemall\ThinkPHP\Application\Admin\Controller\PageController.class.php 第 135 行.
NOTIC: [8] Undefined variable: counts D:\xampp\htdocs\wemall\ThinkPHP\Application\Admin\Controller\PageController.class.php 第 135 行.
NOTIC: [8] Undefined variable: showPage D:\xampp\htdocs\wemall\ThinkPHP\Application\Admin\Controller\PageController.class.php 第 269 行.
INFO: [ view_parse ] --START--
INFO: [ template_filter ] --START--
INFO: Run Behavior\ContentReplaceBehavior [ RunTime:0.000000s ]
INFO: [ template_filter ] --END-- [ RunTime:-0.940001s ]
INFO: Run Behavior\ParseTemplateBehavior [ RunTime:0.010000s ]
INFO: [ view_parse ] --END-- [ RunTime:-0.920001s ]
INFO: [ view_filter ] --START--
INFO: Run Behavior\WriteHtmlCacheBehavior [ RunTime:0.000000s ]
INFO: [ view_filter ] --END-- [ RunTime:-0.930001s ]
INFO: [ view_parse ] --START--
INFO: [ template_filter ] --START--
INFO: Run Behavior\ContentReplaceBehavior [ RunTime:0.000000s ]
INFO: [ template_filter ] --END-- [ RunTime:-0.950001s ]
NOTIC: [8] Undefined variable: YZFooterJs D:\xampp\htdocs\wemall\ThinkPHP\Application\Runtime\Cache\Menu\bbbf7050b05668fa13be77e37d2e0d3d.php 第 40 行.
INFO: Run Behavior\ParseTemplateBehavior [ RunTime:0.010000s ]
INFO: [ view_parse ] --END-- [ RunTime:-0.940001s ]
INFO: [ view_filter ] --START--
INFO: Run Behavior\WriteHtmlCacheBehavior [ RunTime:0.000000s ]
INFO: [ view_filter ] --END-- [ RunTime:-0.950001s ]
INFO: [ app_end ] --START--
INFO: Run Behavior\ShowPageTraceBehavior [ RunTime:0.000000s ]
INFO: [ app_end ] --END-- [ RunTime:0.000000s ]

