[ 2015-04-23T07:52:35+08:00 ] 127.0.0.1 /wemall/WeiPHP/index.php
INFO: [ app_init ] --START--
INFO: Run Behavior\BuildLiteBehavior [ RunTime:0.000000s ]
INFO: [ app_init ] --END-- [ RunTime:0.016001s ]
INFO: [ app_begin ] --START--
INFO: Run Behavior\ReadHtmlCacheBehavior [ RunTime:0.001000s ]
INFO: [ app_begin ] --END-- [ RunTime:0.001000s ]
SQL: SHOW COLUMNS FROM `wemall_goods` [ RunTime:0.0110s ]
SQL: SELECT * FROM `wemall_goods` WHERE ( state=1 ) ORDER BY reorder desc LIMIT 0,5   [ RunTime:0.0130s ]
INFO: [ view_parse ] --START--
INFO: [ template_filter ] --START--
INFO: Run Behavior\ContentReplaceBehavior [ RunTime:0.000000s ]
INFO: [ template_filter ] --END-- [ RunTime:0.000000s ]
INFO: Run Behavior\ParseTemplateBehavior [ RunTime:0.012001s ]
INFO: [ view_parse ] --END-- [ RunTime:0.012001s ]
INFO: [ view_filter ] --START--
INFO: Run Behavior\WriteHtmlCacheBehavior [ RunTime:0.000000s ]
INFO: [ view_filter ] --END-- [ RunTime:0.001000s ]
INFO: [ view_parse ] --START--
INFO: [ template_filter ] --START--
INFO: Run Behavior\ContentReplaceBehavior [ RunTime:0.000000s ]
INFO: [ template_filter ] --END-- [ RunTime:-0.006000s ]
INFO: Run Behavior\ParseTemplateBehavior [ RunTime:0.006000s ]
INFO: [ view_parse ] --END-- [ RunTime:-0.002000s ]
INFO: [ view_filter ] --START--
INFO: Run Behavior\WriteHtmlCacheBehavior [ RunTime:0.000000s ]
INFO: [ view_filter ] --END-- [ RunTime:-0.007000s ]
INFO: [ view_parse ] --START--
INFO: [ template_filter ] --START--
INFO: Run Behavior\ContentReplaceBehavior [ RunTime:0.000000s ]
INFO: [ template_filter ] --END-- [ RunTime:-0.015001s ]
INFO: Run Behavior\ParseTemplateBehavior [ RunTime:0.006000s ]
INFO: [ view_parse ] --END-- [ RunTime:-0.010001s ]
INFO: [ view_filter ] --START--
INFO: Run Behavior\WriteHtmlCacheBehavior [ RunTime:0.000000s ]
INFO: [ view_filter ] --END-- [ RunTime:-0.015001s ]
INFO: [ view_parse ] --START--
INFO: [ template_filter ] --START--
INFO: Run Behavior\ContentReplaceBehavior [ RunTime:0.000000s ]
INFO: [ template_filter ] --END-- [ RunTime:-0.022001s ]
INFO: Run Behavior\ParseTemplateBehavior [ RunTime:0.003000s ]
INFO: [ view_parse ] --END-- [ RunTime:-0.019001s ]
INFO: [ view_filter ] --START--
INFO: Run Behavior\WriteHtmlCacheBehavior [ RunTime:0.000000s ]
INFO: [ view_filter ] --END-- [ RunTime:-0.021001s ]
INFO: [ view_parse ] --START--
INFO: [ template_filter ] --START--
INFO: Run Behavior\ContentReplaceBehavior [ RunTime:0.000000s ]
INFO: [ template_filter ] --END-- [ RunTime:-0.029002s ]
INFO: Run Behavior\ParseTemplateBehavior [ RunTime:0.006001s ]
INFO: [ view_parse ] --END-- [ RunTime:-0.024001s ]
INFO: [ view_filter ] --START--
INFO: Run Behavior\WriteHtmlCacheBehavior [ RunTime:0.000000s ]
INFO: [ view_filter ] --END-- [ RunTime:-0.028002s ]
INFO: [ view_parse ] --START--
INFO: [ template_filter ] --START--
INFO: Run Behavior\ContentReplaceBehavior [ RunTime:0.001000s ]
INFO: [ template_filter ] --END-- [ RunTime:-0.042002s ]
NOTIC: [8] Undefined index: policy D:\xampp\htdocs\wemall\ThinkPHP\Application\Runtime\Cache\Home\dc2fd1a790c1b5068eb9330f1fc932c4.php 第 21 行.
NOTIC: [8] Undefined index: direct_ratio D:\xampp\htdocs\wemall\ThinkPHP\Application\Runtime\Cache\Home\dc2fd1a790c1b5068eb9330f1fc932c4.php 第 25 行.
NOTIC: [8] Undefined index: line_ratio D:\xampp\htdocs\wemall\ThinkPHP\Application\Runtime\Cache\Home\dc2fd1a790c1b5068eb9330f1fc932c4.php 第 26 行.
NOTIC: [8] Undefined index: policy D:\xampp\htdocs\wemall\ThinkPHP\Application\Runtime\Cache\Home\dc2fd1a790c1b5068eb9330f1fc932c4.php 第 21 行.
NOTIC: [8] Undefined index: direct_ratio D:\xampp\htdocs\wemall\ThinkPHP\Application\Runtime\Cache\Home\dc2fd1a790c1b5068eb9330f1fc932c4.php 第 25 行.
NOTIC: [8] Undefined index: line_ratio D:\xampp\htdocs\wemall\ThinkPHP\Application\Runtime\Cache\Home\dc2fd1a790c1b5068eb9330f1fc932c4.php 第 26 行.
NOTIC: [8] Undefined index: policy D:\xampp\htdocs\wemall\ThinkPHP\Application\Runtime\Cache\Home\dc2fd1a790c1b5068eb9330f1fc932c4.php 第 21 行.
NOTIC: [8] Undefined index: direct_ratio D:\xampp\htdocs\wemall\ThinkPHP\Application\Runtime\Cache\Home\dc2fd1a790c1b5068eb9330f1fc932c4.php 第 25 行.
NOTIC: [8] Undefined index: line_ratio D:\xampp\htdocs\wemall\ThinkPHP\Application\Runtime\Cache\Home\dc2fd1a790c1b5068eb9330f1fc932c4.php 第 26 行.
NOTIC: [8] Undefined index: policy D:\xampp\htdocs\wemall\ThinkPHP\Application\Runtime\Cache\Home\dc2fd1a790c1b5068eb9330f1fc932c4.php 第 21 行.
NOTIC: [8] Undefined index: direct_ratio D:\xampp\htdocs\wemall\ThinkPHP\Application\Runtime\Cache\Home\dc2fd1a790c1b5068eb9330f1fc932c4.php 第 25 行.
NOTIC: [8] Undefined index: line_ratio D:\xampp\htdocs\wemall\ThinkPHP\Application\Runtime\Cache\Home\dc2fd1a790c1b5068eb9330f1fc932c4.php 第 26 行.
NOTIC: [8] Undefined index: policy D:\xampp\htdocs\wemall\ThinkPHP\Application\Runtime\Cache\Home\dc2fd1a790c1b5068eb9330f1fc932c4.php 第 21 行.
NOTIC: [8] Undefined index: direct_ratio D:\xampp\htdocs\wemall\ThinkPHP\Application\Runtime\Cache\Home\dc2fd1a790c1b5068eb9330f1fc932c4.php 第 25 行.
NOTIC: [8] Undefined index: line_ratio D:\xampp\htdocs\wemall\ThinkPHP\Application\Runtime\Cache\Home\dc2fd1a790c1b5068eb9330f1fc932c4.php 第 26 行.
INFO: Run Behavior\ParseTemplateBehavior [ RunTime:0.016001s ]
INFO: [ view_parse ] --END-- [ RunTime:-0.031002s ]
INFO: [ view_filter ] --START--
INFO: Run Behavior\WriteHtmlCacheBehavior [ RunTime:0.000000s ]
INFO: [ view_filter ] --END-- [ RunTime:-0.046003s ]
INFO: [ view_parse ] --START--
INFO: [ template_filter ] --START--
INFO: Run Behavior\ContentReplaceBehavior [ RunTime:0.000000s ]
INFO: [ template_filter ] --END-- [ RunTime:-0.053003s ]
INFO: Run Behavior\ParseTemplateBehavior [ RunTime:0.006000s ]
INFO: [ view_parse ] --END-- [ RunTime:-0.048003s ]
INFO: [ view_filter ] --START--
INFO: Run Behavior\WriteHtmlCacheBehavior [ RunTime:0.000000s ]
INFO: [ view_filter ] --END-- [ RunTime:-0.053003s ]
INFO: [ view_parse ] --START--
INFO: [ template_filter ] --START--
INFO: Run Behavior\ContentReplaceBehavior [ RunTime:0.000000s ]
INFO: [ template_filter ] --END-- [ RunTime:-0.061003s ]
INFO: Run Behavior\ParseTemplateBehavior [ RunTime:0.006001s ]
INFO: [ view_parse ] --END-- [ RunTime:-0.056003s ]
INFO: [ view_filter ] --START--
INFO: Run Behavior\WriteHtmlCacheBehavior [ RunTime:0.000000s ]
INFO: [ view_filter ] --END-- [ RunTime:-0.060004s ]
INFO: [ view_parse ] --START--
INFO: [ template_filter ] --START--
INFO: Run Behavior\ContentReplaceBehavior [ RunTime:0.000000s ]
INFO: [ template_filter ] --END-- [ RunTime:-0.077004s ]
NOTIC: [8] Undefined variable: YZTitle D:\xampp\htdocs\wemall\ThinkPHP\Application\Runtime\Cache\Home\233fbf9168edde0a88a274a719127571.php 第 10 行.
INFO: Run Behavior\ParseTemplateBehavior [ RunTime:0.017001s ]
INFO: [ view_parse ] --END-- [ RunTime:-0.063004s ]
INFO: [ view_filter ] --START--
INFO: Run Behavior\WriteHtmlCacheBehavior [ RunTime:0.000000s ]
INFO: [ view_filter ] --END-- [ RunTime:-0.079005s ]
INFO: [ app_end ] --START--
INFO: Run Behavior\ShowPageTraceBehavior [ RunTime:0.001000s ]
INFO: [ app_end ] --END-- [ RunTime:0.001000s ]

[ 2015-04-23T09:00:15+08:00 ] 127.0.0.1 /wemall/WeiPHP/index.php?XDEBUG_SESSION_START=netbeans-xdebug
INFO: [ app_init ] --START--
INFO: Run Behavior\BuildLiteBehavior [ RunTime:0.000000s ]
INFO: [ app_init ] --END-- [ RunTime:0.001000s ]
INFO: [ app_begin ] --START--
INFO: Run Behavior\ReadHtmlCacheBehavior [ RunTime:0.001000s ]
INFO: [ app_begin ] --END-- [ RunTime:0.001000s ]
SQL: SHOW COLUMNS FROM `wemall_goods` [ RunTime:0.0080s ]
SQL: SELECT * FROM `wemall_goods` WHERE ( state=1 ) ORDER BY reorder desc LIMIT 0,5   [ RunTime:0.0080s ]
INFO: [ view_parse ] --START--
INFO: [ template_filter ] --START--
INFO: Run Behavior\ContentReplaceBehavior [ RunTime:0.001000s ]
INFO: [ template_filter ] --END-- [ RunTime:0.001000s ]
INFO: Run Behavior\ParseTemplateBehavior [ RunTime:0.020001s ]
INFO: [ view_parse ] --END-- [ RunTime:0.021001s ]
INFO: [ view_filter ] --START--
INFO: Run Behavior\WriteHtmlCacheBehavior [ RunTime:0.001000s ]
INFO: [ view_filter ] --END-- [ RunTime:0.002000s ]
INFO: [ view_parse ] --START--
INFO: [ template_filter ] --START--
INFO: Run Behavior\ContentReplaceBehavior [ RunTime:0.000000s ]
INFO: [ template_filter ] --END-- [ RunTime:-0.011000s ]
INFO: Run Behavior\ParseTemplateBehavior [ RunTime:0.007001s ]
INFO: [ view_parse ] --END-- [ RunTime:-0.003000s ]
INFO: [ view_filter ] --START--
INFO: Run Behavior\WriteHtmlCacheBehavior [ RunTime:0.000000s ]
INFO: [ view_filter ] --END-- [ RunTime:-0.010001s ]
INFO: [ view_parse ] --START--
INFO: [ template_filter ] --START--
INFO: Run Behavior\ContentReplaceBehavior [ RunTime:0.000000s ]
INFO: [ template_filter ] --END-- [ RunTime:-0.031001s ]
INFO: Run Behavior\ParseTemplateBehavior [ RunTime:0.018001s ]
INFO: [ view_parse ] --END-- [ RunTime:-0.014001s ]
INFO: [ view_filter ] --START--
INFO: Run Behavior\WriteHtmlCacheBehavior [ RunTime:0.000000s ]
INFO: [ view_filter ] --END-- [ RunTime:-0.030002s ]
INFO: [ view_parse ] --START--
INFO: [ template_filter ] --START--
INFO: Run Behavior\ContentReplaceBehavior [ RunTime:0.000000s ]
INFO: [ template_filter ] --END-- [ RunTime:-0.039002s ]
INFO: Run Behavior\ParseTemplateBehavior [ RunTime:0.003000s ]
INFO: [ view_parse ] --END-- [ RunTime:-0.034002s ]
INFO: [ view_filter ] --START--
INFO: Run Behavior\WriteHtmlCacheBehavior [ RunTime:0.000000s ]
INFO: [ view_filter ] --END-- [ RunTime:-0.036002s ]
INFO: [ view_parse ] --START--
INFO: [ template_filter ] --START--
INFO: Run Behavior\ContentReplaceBehavior [ RunTime:0.000000s ]
INFO: [ template_filter ] --END-- [ RunTime:-0.046002s ]
INFO: Run Behavior\ParseTemplateBehavior [ RunTime:0.005000s ]
INFO: [ view_parse ] --END-- [ RunTime:-0.039002s ]
INFO: [ view_filter ] --START--
INFO: Run Behavior\WriteHtmlCacheBehavior [ RunTime:0.000000s ]
INFO: [ view_filter ] --END-- [ RunTime:-0.043002s ]
INFO: [ view_parse ] --START--
INFO: [ template_filter ] --START--
INFO: Run Behavior\ContentReplaceBehavior [ RunTime:0.000000s ]
INFO: [ template_filter ] --END-- [ RunTime:-0.056003s ]
NOTIC: [8] Undefined index: policy D:\xampp\htdocs\wemall\ThinkPHP\Application\Runtime\Cache\Home\dc2fd1a790c1b5068eb9330f1fc932c4.php 第 21 行.
NOTIC: [8] Undefined index: direct_ratio D:\xampp\htdocs\wemall\ThinkPHP\Application\Runtime\Cache\Home\dc2fd1a790c1b5068eb9330f1fc932c4.php 第 25 行.
NOTIC: [8] Undefined index: line_ratio D:\xampp\htdocs\wemall\ThinkPHP\Application\Runtime\Cache\Home\dc2fd1a790c1b5068eb9330f1fc932c4.php 第 26 行.
NOTIC: [8] Undefined index: policy D:\xampp\htdocs\wemall\ThinkPHP\Application\Runtime\Cache\Home\dc2fd1a790c1b5068eb9330f1fc932c4.php 第 21 行.
NOTIC: [8] Undefined index: direct_ratio D:\xampp\htdocs\wemall\ThinkPHP\Application\Runtime\Cache\Home\dc2fd1a790c1b5068eb9330f1fc932c4.php 第 25 行.
NOTIC: [8] Undefined index: line_ratio D:\xampp\htdocs\wemall\ThinkPHP\Application\Runtime\Cache\Home\dc2fd1a790c1b5068eb9330f1fc932c4.php 第 26 行.
NOTIC: [8] Undefined index: policy D:\xampp\htdocs\wemall\ThinkPHP\Application\Runtime\Cache\Home\dc2fd1a790c1b5068eb9330f1fc932c4.php 第 21 行.
NOTIC: [8] Undefined index: direct_ratio D:\xampp\htdocs\wemall\ThinkPHP\Application\Runtime\Cache\Home\dc2fd1a790c1b5068eb9330f1fc932c4.php 第 25 行.
NOTIC: [8] Undefined index: line_ratio D:\xampp\htdocs\wemall\ThinkPHP\Application\Runtime\Cache\Home\dc2fd1a790c1b5068eb9330f1fc932c4.php 第 26 行.
NOTIC: [8] Undefined index: policy D:\xampp\htdocs\wemall\ThinkPHP\Application\Runtime\Cache\Home\dc2fd1a790c1b5068eb9330f1fc932c4.php 第 21 行.
NOTIC: [8] Undefined index: direct_ratio D:\xampp\htdocs\wemall\ThinkPHP\Application\Runtime\Cache\Home\dc2fd1a790c1b5068eb9330f1fc932c4.php 第 25 行.
NOTIC: [8] Undefined index: line_ratio D:\xampp\htdocs\wemall\ThinkPHP\Application\Runtime\Cache\Home\dc2fd1a790c1b5068eb9330f1fc932c4.php 第 26 行.
NOTIC: [8] Undefined index: policy D:\xampp\htdocs\wemall\ThinkPHP\Application\Runtime\Cache\Home\dc2fd1a790c1b5068eb9330f1fc932c4.php 第 21 行.
NOTIC: [8] Undefined index: direct_ratio D:\xampp\htdocs\wemall\ThinkPHP\Application\Runtime\Cache\Home\dc2fd1a790c1b5068eb9330f1fc932c4.php 第 25 行.
NOTIC: [8] Undefined index: line_ratio D:\xampp\htdocs\wemall\ThinkPHP\Application\Runtime\Cache\Home\dc2fd1a790c1b5068eb9330f1fc932c4.php 第 26 行.
INFO: Run Behavior\ParseTemplateBehavior [ RunTime:0.012000s ]
INFO: [ view_parse ] --END-- [ RunTime:-0.046003s ]
INFO: [ view_filter ] --START--
INFO: Run Behavior\WriteHtmlCacheBehavior [ RunTime:0.000000s ]
INFO: [ view_filter ] --END-- [ RunTime:-0.056003s ]
INFO: [ view_parse ] --START--
INFO: [ template_filter ] --START--
INFO: Run Behavior\ContentReplaceBehavior [ RunTime:0.000000s ]
INFO: [ template_filter ] --END-- [ RunTime:-0.067004s ]
INFO: Run Behavior\ParseTemplateBehavior [ RunTime:0.009001s ]
INFO: [ view_parse ] --END-- [ RunTime:-0.059003s ]
INFO: [ view_filter ] --START--
INFO: Run Behavior\WriteHtmlCacheBehavior [ RunTime:0.000000s ]
INFO: [ view_filter ] --END-- [ RunTime:-0.066004s ]
INFO: [ view_parse ] --START--
INFO: [ template_filter ] --START--
INFO: Run Behavior\ContentReplaceBehavior [ RunTime:0.000000s ]
INFO: [ template_filter ] --END-- [ RunTime:-0.075004s ]
INFO: Run Behavior\ParseTemplateBehavior [ RunTime:0.005000s ]
INFO: [ view_parse ] --END-- [ RunTime:-0.069004s ]
INFO: [ view_filter ] --START--
INFO: Run Behavior\WriteHtmlCacheBehavior [ RunTime:0.000000s ]
INFO: [ view_filter ] --END-- [ RunTime:-0.073004s ]
INFO: [ view_parse ] --START--
INFO: [ template_filter ] --START--
INFO: Run Behavior\ContentReplaceBehavior [ RunTime:0.000000s ]
INFO: [ template_filter ] --END-- [ RunTime:-0.088005s ]
NOTIC: [8] Undefined variable: YZTitle D:\xampp\htdocs\wemall\ThinkPHP\Application\Runtime\Cache\Home\233fbf9168edde0a88a274a719127571.php 第 10 行.
INFO: Run Behavior\ParseTemplateBehavior [ RunTime:0.013001s ]
INFO: [ view_parse ] --END-- [ RunTime:-0.075004s ]
INFO: [ view_filter ] --START--
INFO: Run Behavior\WriteHtmlCacheBehavior [ RunTime:0.001000s ]
INFO: [ view_filter ] --END-- [ RunTime:-0.087005s ]
INFO: [ app_end ] --START--
INFO: Run Behavior\ShowPageTraceBehavior [ RunTime:0.001000s ]
INFO: [ app_end ] --END-- [ RunTime:0.001000s ]

[ 2015-04-23T10:34:01+08:00 ] 127.0.0.1 /wemall/WeiPHP/index.php
INFO: [ app_init ] --START--
INFO: Run Behavior\BuildLiteBehavior [ RunTime:0.000000s ]
INFO: [ app_init ] --END-- [ RunTime:0.001000s ]
INFO: [ app_begin ] --START--
INFO: Run Behavior\ReadHtmlCacheBehavior [ RunTime:0.001000s ]
INFO: [ app_begin ] --END-- [ RunTime:0.002000s ]
SQL: SHOW COLUMNS FROM `wemall_goods` [ RunTime:0.0080s ]
SQL: SELECT * FROM `wemall_goods` WHERE ( state=1 ) ORDER BY reorder desc LIMIT 0,5   [ RunTime:0.0070s ]
INFO: [ view_parse ] --START--
INFO: [ template_filter ] --START--
INFO: Run Behavior\ContentReplaceBehavior [ RunTime:0.000000s ]
INFO: [ template_filter ] --END-- [ RunTime:0.000000s ]
INFO: Run Behavior\ParseTemplateBehavior [ RunTime:0.010001s ]
INFO: [ view_parse ] --END-- [ RunTime:0.010001s ]
INFO: [ view_filter ] --START--
INFO: Run Behavior\WriteHtmlCacheBehavior [ RunTime:0.001000s ]
INFO: [ view_filter ] --END-- [ RunTime:0.001000s ]
INFO: [ view_parse ] --START--
INFO: [ template_filter ] --START--
INFO: Run Behavior\ContentReplaceBehavior [ RunTime:0.000000s ]
INFO: [ template_filter ] --END-- [ RunTime:-0.006000s ]
INFO: Run Behavior\ParseTemplateBehavior [ RunTime:0.004000s ]
INFO: [ view_parse ] --END-- [ RunTime:-0.002000s ]
INFO: [ view_filter ] --START--
INFO: Run Behavior\WriteHtmlCacheBehavior [ RunTime:0.000000s ]
INFO: [ view_filter ] --END-- [ RunTime:-0.005000s ]
INFO: [ view_parse ] --START--
INFO: [ template_filter ] --START--
INFO: Run Behavior\ContentReplaceBehavior [ RunTime:0.000000s ]
INFO: [ template_filter ] --END-- [ RunTime:-0.022001s ]
INFO: Run Behavior\ParseTemplateBehavior [ RunTime:0.015001s ]
INFO: [ view_parse ] --END-- [ RunTime:-0.007000s ]
INFO: [ view_filter ] --START--
INFO: Run Behavior\WriteHtmlCacheBehavior [ RunTime:0.001000s ]
INFO: [ view_filter ] --END-- [ RunTime:-0.022001s ]
INFO: [ view_parse ] --START--
INFO: [ template_filter ] --START--
INFO: Run Behavior\ContentReplaceBehavior [ RunTime:0.000000s ]
INFO: [ template_filter ] --END-- [ RunTime:-0.028001s ]
INFO: Run Behavior\ParseTemplateBehavior [ RunTime:0.003001s ]
INFO: [ view_parse ] --END-- [ RunTime:-0.024001s ]
INFO: [ view_filter ] --START--
INFO: Run Behavior\WriteHtmlCacheBehavior [ RunTime:0.000000s ]
INFO: [ view_filter ] --END-- [ RunTime:-0.027002s ]
INFO: [ view_parse ] --START--
INFO: [ template_filter ] --START--
INFO: Run Behavior\ContentReplaceBehavior [ RunTime:0.000000s ]
INFO: [ template_filter ] --END-- [ RunTime:-0.033002s ]
INFO: Run Behavior\ParseTemplateBehavior [ RunTime:0.004000s ]
INFO: [ view_parse ] --END-- [ RunTime:-0.028002s ]
INFO: [ view_filter ] --START--
INFO: Run Behavior\WriteHtmlCacheBehavior [ RunTime:0.000000s ]
INFO: [ view_filter ] --END-- [ RunTime:-0.032002s ]
INFO: [ view_parse ] --START--
INFO: [ template_filter ] --START--
INFO: Run Behavior\ContentReplaceBehavior [ RunTime:0.000000s ]
INFO: [ template_filter ] --END-- [ RunTime:-0.042002s ]
NOTIC: [8] Undefined index: policy D:\xampp\htdocs\wemall\ThinkPHP\Application\Runtime\Cache\Home\dc2fd1a790c1b5068eb9330f1fc932c4.php 第 21 行.
NOTIC: [8] Undefined index: direct_ratio D:\xampp\htdocs\wemall\ThinkPHP\Application\Runtime\Cache\Home\dc2fd1a790c1b5068eb9330f1fc932c4.php 第 25 行.
NOTIC: [8] Undefined index: line_ratio D:\xampp\htdocs\wemall\ThinkPHP\Application\Runtime\Cache\Home\dc2fd1a790c1b5068eb9330f1fc932c4.php 第 26 行.
NOTIC: [8] Undefined index: policy D:\xampp\htdocs\wemall\ThinkPHP\Application\Runtime\Cache\Home\dc2fd1a790c1b5068eb9330f1fc932c4.php 第 21 行.
NOTIC: [8] Undefined index: direct_ratio D:\xampp\htdocs\wemall\ThinkPHP\Application\Runtime\Cache\Home\dc2fd1a790c1b5068eb9330f1fc932c4.php 第 25 行.
NOTIC: [8] Undefined index: line_ratio D:\xampp\htdocs\wemall\ThinkPHP\Application\Runtime\Cache\Home\dc2fd1a790c1b5068eb9330f1fc932c4.php 第 26 行.
NOTIC: [8] Undefined index: policy D:\xampp\htdocs\wemall\ThinkPHP\Application\Runtime\Cache\Home\dc2fd1a790c1b5068eb9330f1fc932c4.php 第 21 行.
NOTIC: [8] Undefined index: direct_ratio D:\xampp\htdocs\wemall\ThinkPHP\Application\Runtime\Cache\Home\dc2fd1a790c1b5068eb9330f1fc932c4.php 第 25 行.
NOTIC: [8] Undefined index: line_ratio D:\xampp\htdocs\wemall\ThinkPHP\Application\Runtime\Cache\Home\dc2fd1a790c1b5068eb9330f1fc932c4.php 第 26 行.
NOTIC: [8] Undefined index: policy D:\xampp\htdocs\wemall\ThinkPHP\Application\Runtime\Cache\Home\dc2fd1a790c1b5068eb9330f1fc932c4.php 第 21 行.
NOTIC: [8] Undefined index: direct_ratio D:\xampp\htdocs\wemall\ThinkPHP\Application\Runtime\Cache\Home\dc2fd1a790c1b5068eb9330f1fc932c4.php 第 25 行.
NOTIC: [8] Undefined index: line_ratio D:\xampp\htdocs\wemall\ThinkPHP\Application\Runtime\Cache\Home\dc2fd1a790c1b5068eb9330f1fc932c4.php 第 26 行.
NOTIC: [8] Undefined index: policy D:\xampp\htdocs\wemall\ThinkPHP\Application\Runtime\Cache\Home\dc2fd1a790c1b5068eb9330f1fc932c4.php 第 21 行.
NOTIC: [8] Undefined index: direct_ratio D:\xampp\htdocs\wemall\ThinkPHP\Application\Runtime\Cache\Home\dc2fd1a790c1b5068eb9330f1fc932c4.php 第 25 行.
NOTIC: [8] Undefined index: line_ratio D:\xampp\htdocs\wemall\ThinkPHP\Application\Runtime\Cache\Home\dc2fd1a790c1b5068eb9330f1fc932c4.php 第 26 行.
INFO: Run Behavior\ParseTemplateBehavior [ RunTime:0.011001s ]
INFO: [ view_parse ] --END-- [ RunTime:-0.033002s ]
INFO: [ view_filter ] --START--
INFO: Run Behavior\WriteHtmlCacheBehavior [ RunTime:0.000000s ]
INFO: [ view_filter ] --END-- [ RunTime:-0.043003s ]
INFO: [ view_parse ] --START--
INFO: [ template_filter ] --START--
INFO: Run Behavior\ContentReplaceBehavior [ RunTime:0.000000s ]
INFO: [ template_filter ] --END-- [ RunTime:-0.069004s ]
INFO: Run Behavior\ParseTemplateBehavior [ RunTime:0.025001s ]
INFO: [ view_parse ] --END-- [ RunTime:-0.045003s ]
INFO: [ view_filter ] --START--
INFO: Run Behavior\WriteHtmlCacheBehavior [ RunTime:0.000000s ]
INFO: [ view_filter ] --END-- [ RunTime:-0.070004s ]
INFO: [ view_parse ] --START--
INFO: [ template_filter ] --START--
INFO: Run Behavior\ContentReplaceBehavior [ RunTime:0.000000s ]
INFO: [ template_filter ] --END-- [ RunTime:-0.077004s ]
INFO: Run Behavior\ParseTemplateBehavior [ RunTime:0.004000s ]
INFO: [ view_parse ] --END-- [ RunTime:-0.072004s ]
INFO: [ view_filter ] --START--
INFO: Run Behavior\WriteHtmlCacheBehavior [ RunTime:0.000000s ]
INFO: [ view_filter ] --END-- [ RunTime:-0.076004s ]
INFO: [ view_parse ] --START--
INFO: [ template_filter ] --START--
INFO: Run Behavior\ContentReplaceBehavior [ RunTime:0.000000s ]
INFO: [ template_filter ] --END-- [ RunTime:-0.088005s ]
NOTIC: [8] Undefined variable: YZTitle D:\xampp\htdocs\wemall\ThinkPHP\Application\Runtime\Cache\Home\233fbf9168edde0a88a274a719127571.php 第 10 行.
INFO: Run Behavior\ParseTemplateBehavior [ RunTime:0.010000s ]
INFO: [ view_parse ] --END-- [ RunTime:-0.078004s ]
INFO: [ view_filter ] --START--
INFO: Run Behavior\WriteHtmlCacheBehavior [ RunTime:0.000000s ]
INFO: [ view_filter ] --END-- [ RunTime:-0.088005s ]
INFO: [ app_end ] --START--
INFO: Run Behavior\ShowPageTraceBehavior [ RunTime:0.001000s ]
INFO: [ app_end ] --END-- [ RunTime:0.001000s ]

[ 2015-04-23T13:36:51+08:00 ] 127.0.0.1 /wemall/WeiPHP/index.php?XDEBUG_SESSION_START=netbeans-xdebug
INFO: [ app_init ] --START--
INFO: Run Behavior\BuildLiteBehavior [ RunTime:0.000000s ]
INFO: [ app_init ] --END-- [ RunTime:0.001000s ]
INFO: [ app_begin ] --START--
INFO: Run Behavior\ReadHtmlCacheBehavior [ RunTime:0.001000s ]
INFO: [ app_begin ] --END-- [ RunTime:0.002000s ]
SQL: SHOW COLUMNS FROM `wemall_goods` [ RunTime:0.0110s ]
SQL: SELECT * FROM `wemall_goods` WHERE ( state=1 ) ORDER BY reorder desc LIMIT 0,5   [ RunTime:0.0100s ]
INFO: [ view_parse ] --START--
INFO: [ template_filter ] --START--
INFO: Run Behavior\ContentReplaceBehavior [ RunTime:0.001000s ]
INFO: [ template_filter ] --END-- [ RunTime:0.001000s ]
INFO: Run Behavior\ParseTemplateBehavior [ RunTime:0.017001s ]
INFO: [ view_parse ] --END-- [ RunTime:0.018001s ]
INFO: [ view_filter ] --START--
INFO: Run Behavior\WriteHtmlCacheBehavior [ RunTime:0.000000s ]
INFO: [ view_filter ] --END-- [ RunTime:0.002000s ]
INFO: [ view_parse ] --START--
INFO: [ template_filter ] --START--
INFO: Run Behavior\ContentReplaceBehavior [ RunTime:0.000000s ]
INFO: [ template_filter ] --END-- [ RunTime:-0.009001s ]
INFO: Run Behavior\ParseTemplateBehavior [ RunTime:0.005000s ]
INFO: [ view_parse ] --END-- [ RunTime:-0.002000s ]
INFO: [ view_filter ] --START--
INFO: Run Behavior\WriteHtmlCacheBehavior [ RunTime:0.000000s ]
INFO: [ view_filter ] --END-- [ RunTime:-0.006000s ]
INFO: [ view_parse ] --START--
INFO: [ template_filter ] --START--
INFO: Run Behavior\ContentReplaceBehavior [ RunTime:0.000000s ]
INFO: [ template_filter ] --END-- [ RunTime:-0.024002s ]
INFO: Run Behavior\ParseTemplateBehavior [ RunTime:0.014001s ]
INFO: [ view_parse ] --END-- [ RunTime:-0.009000s ]
INFO: [ view_filter ] --START--
INFO: Run Behavior\WriteHtmlCacheBehavior [ RunTime:0.000000s ]
INFO: [ view_filter ] --END-- [ RunTime:-0.021001s ]
INFO: [ view_parse ] --START--
INFO: [ template_filter ] --START--
INFO: Run Behavior\ContentReplaceBehavior [ RunTime:0.000000s ]
INFO: [ template_filter ] --END-- [ RunTime:-0.033002s ]
INFO: Run Behavior\ParseTemplateBehavior [ RunTime:0.009001s ]
INFO: [ view_parse ] --END-- [ RunTime:-0.025001s ]
INFO: [ view_filter ] --START--
INFO: Run Behavior\WriteHtmlCacheBehavior [ RunTime:0.000000s ]
INFO: [ view_filter ] --END-- [ RunTime:-0.033002s ]
INFO: [ view_parse ] --START--
INFO: [ template_filter ] --START--
INFO: Run Behavior\ContentReplaceBehavior [ RunTime:0.000000s ]
INFO: [ template_filter ] --END-- [ RunTime:-0.046003s ]
INFO: Run Behavior\ParseTemplateBehavior [ RunTime:0.012000s ]
INFO: [ view_parse ] --END-- [ RunTime:-0.036002s ]
INFO: [ view_filter ] --START--
INFO: Run Behavior\WriteHtmlCacheBehavior [ RunTime:0.000000s ]
INFO: [ view_filter ] --END-- [ RunTime:-0.047002s ]
INFO: [ view_parse ] --START--
INFO: [ template_filter ] --START--
INFO: Run Behavior\ContentReplaceBehavior [ RunTime:0.000000s ]
INFO: [ template_filter ] --END-- [ RunTime:-0.066004s ]
NOTIC: [8] Undefined index: policy D:\xampp\htdocs\wemall\ThinkPHP\Application\Runtime\Cache\Home\dc2fd1a790c1b5068eb9330f1fc932c4.php 第 21 行.
NOTIC: [8] Undefined index: direct_ratio D:\xampp\htdocs\wemall\ThinkPHP\Application\Runtime\Cache\Home\dc2fd1a790c1b5068eb9330f1fc932c4.php 第 25 行.
NOTIC: [8] Undefined index: line_ratio D:\xampp\htdocs\wemall\ThinkPHP\Application\Runtime\Cache\Home\dc2fd1a790c1b5068eb9330f1fc932c4.php 第 26 行.
NOTIC: [8] Undefined index: policy D:\xampp\htdocs\wemall\ThinkPHP\Application\Runtime\Cache\Home\dc2fd1a790c1b5068eb9330f1fc932c4.php 第 21 行.
NOTIC: [8] Undefined index: direct_ratio D:\xampp\htdocs\wemall\ThinkPHP\Application\Runtime\Cache\Home\dc2fd1a790c1b5068eb9330f1fc932c4.php 第 25 行.
NOTIC: [8] Undefined index: line_ratio D:\xampp\htdocs\wemall\ThinkPHP\Application\Runtime\Cache\Home\dc2fd1a790c1b5068eb9330f1fc932c4.php 第 26 行.
NOTIC: [8] Undefined index: policy D:\xampp\htdocs\wemall\ThinkPHP\Application\Runtime\Cache\Home\dc2fd1a790c1b5068eb9330f1fc932c4.php 第 21 行.
NOTIC: [8] Undefined index: direct_ratio D:\xampp\htdocs\wemall\ThinkPHP\Application\Runtime\Cache\Home\dc2fd1a790c1b5068eb9330f1fc932c4.php 第 25 行.
NOTIC: [8] Undefined index: line_ratio D:\xampp\htdocs\wemall\ThinkPHP\Application\Runtime\Cache\Home\dc2fd1a790c1b5068eb9330f1fc932c4.php 第 26 行.
NOTIC: [8] Undefined index: policy D:\xampp\htdocs\wemall\ThinkPHP\Application\Runtime\Cache\Home\dc2fd1a790c1b5068eb9330f1fc932c4.php 第 21 行.
NOTIC: [8] Undefined index: direct_ratio D:\xampp\htdocs\wemall\ThinkPHP\Application\Runtime\Cache\Home\dc2fd1a790c1b5068eb9330f1fc932c4.php 第 25 行.
NOTIC: [8] Undefined index: line_ratio D:\xampp\htdocs\wemall\ThinkPHP\Application\Runtime\Cache\Home\dc2fd1a790c1b5068eb9330f1fc932c4.php 第 26 行.
NOTIC: [8] Undefined index: policy D:\xampp\htdocs\wemall\ThinkPHP\Application\Runtime\Cache\Home\dc2fd1a790c1b5068eb9330f1fc932c4.php 第 21 行.
NOTIC: [8] Undefined index: direct_ratio D:\xampp\htdocs\wemall\ThinkPHP\Application\Runtime\Cache\Home\dc2fd1a790c1b5068eb9330f1fc932c4.php 第 25 行.
NOTIC: [8] Undefined index: line_ratio D:\xampp\htdocs\wemall\ThinkPHP\Application\Runtime\Cache\Home\dc2fd1a790c1b5068eb9330f1fc932c4.php 第 26 行.
INFO: Run Behavior\ParseTemplateBehavior [ RunTime:0.018001s ]
INFO: [ view_parse ] --END-- [ RunTime:-0.051003s ]
INFO: [ view_filter ] --START--
INFO: Run Behavior\WriteHtmlCacheBehavior [ RunTime:0.000000s ]
INFO: [ view_filter ] --END-- [ RunTime:-0.067004s ]
INFO: [ view_parse ] --START--
INFO: [ template_filter ] --START--
INFO: Run Behavior\ContentReplaceBehavior [ RunTime:0.001000s ]
INFO: [ template_filter ] --END-- [ RunTime:-0.078005s ]
INFO: Run Behavior\ParseTemplateBehavior [ RunTime:0.010000s ]
INFO: [ view_parse ] --END-- [ RunTime:-0.070004s ]
INFO: [ view_filter ] --START--
INFO: Run Behavior\WriteHtmlCacheBehavior [ RunTime:0.000000s ]
INFO: [ view_filter ] --END-- [ RunTime:-0.079004s ]
INFO: [ view_parse ] --START--
INFO: [ template_filter ] --START--
INFO: Run Behavior\ContentReplaceBehavior [ RunTime:0.000000s ]
INFO: [ template_filter ] --END-- [ RunTime:-0.089006s ]
INFO: Run Behavior\ParseTemplateBehavior [ RunTime:0.006001s ]
INFO: [ view_parse ] --END-- [ RunTime:-0.082004s ]
INFO: [ view_filter ] --START--
INFO: Run Behavior\WriteHtmlCacheBehavior [ RunTime:0.000000s ]
INFO: [ view_filter ] --END-- [ RunTime:-0.087005s ]
INFO: [ view_parse ] --START--
INFO: [ template_filter ] --START--
INFO: Run Behavior\ContentReplaceBehavior [ RunTime:0.001001s ]
INFO: [ template_filter ] --END-- [ RunTime:-0.106006s ]
NOTIC: [8] Undefined variable: YZTitle D:\xampp\htdocs\wemall\ThinkPHP\Application\Runtime\Cache\Home\233fbf9168edde0a88a274a719127571.php 第 10 行.
INFO: Run Behavior\ParseTemplateBehavior [ RunTime:0.016001s ]
INFO: [ view_parse ] --END-- [ RunTime:-0.090005s ]
INFO: [ view_filter ] --START--
INFO: Run Behavior\WriteHtmlCacheBehavior [ RunTime:0.000000s ]
INFO: [ view_filter ] --END-- [ RunTime:-0.105006s ]
INFO: [ app_end ] --START--
INFO: Run Behavior\ShowPageTraceBehavior [ RunTime:0.001000s ]
INFO: [ app_end ] --END-- [ RunTime:0.001000s ]

[ 2015-04-23T14:39:49+08:00 ] 127.0.0.1 /wemall/WeiPHP/index.php?XDEBUG_SESSION_START=netbeans-xdebug
INFO: [ app_init ] --START--
INFO: Run Behavior\BuildLiteBehavior [ RunTime:0.000000s ]
INFO: [ app_init ] --END-- [ RunTime:0.001000s ]
INFO: [ app_begin ] --START--
INFO: Run Behavior\ReadHtmlCacheBehavior [ RunTime:0.001000s ]
INFO: [ app_begin ] --END-- [ RunTime:0.002000s ]
SQL: SHOW COLUMNS FROM `wemall_goods` [ RunTime:0.0080s ]
SQL: SELECT * FROM `wemall_goods` WHERE ( state=1 ) ORDER BY reorder desc LIMIT 0,5   [ RunTime:0.0070s ]
INFO: [ view_parse ] --START--
INFO: [ template_filter ] --START--
INFO: Run Behavior\ContentReplaceBehavior [ RunTime:0.000000s ]
INFO: [ template_filter ] --END-- [ RunTime:0.000000s ]
INFO: Run Behavior\ParseTemplateBehavior [ RunTime:0.008000s ]
INFO: [ view_parse ] --END-- [ RunTime:0.008000s ]
INFO: [ view_filter ] --START--
INFO: Run Behavior\WriteHtmlCacheBehavior [ RunTime:0.000000s ]
INFO: [ view_filter ] --END-- [ RunTime:0.000000s ]
INFO: [ view_parse ] --START--
INFO: [ template_filter ] --START--
INFO: Run Behavior\ContentReplaceBehavior [ RunTime:0.000000s ]
INFO: [ template_filter ] --END-- [ RunTime:-0.006001s ]
INFO: Run Behavior\ParseTemplateBehavior [ RunTime:0.004000s ]
INFO: [ view_parse ] --END-- [ RunTime:-0.003001s ]
INFO: [ view_filter ] --START--
INFO: Run Behavior\WriteHtmlCacheBehavior [ RunTime:0.000000s ]
INFO: [ view_filter ] --END-- [ RunTime:-0.007000s ]
INFO: [ view_parse ] --START--
INFO: [ template_filter ] --START--
INFO: Run Behavior\ContentReplaceBehavior [ RunTime:0.000000s ]
INFO: [ template_filter ] --END-- [ RunTime:-0.014001s ]
INFO: Run Behavior\ParseTemplateBehavior [ RunTime:0.005000s ]
INFO: [ view_parse ] --END-- [ RunTime:-0.008001s ]
INFO: [ view_filter ] --START--
INFO: Run Behavior\WriteHtmlCacheBehavior [ RunTime:0.000000s ]
INFO: [ view_filter ] --END-- [ RunTime:-0.015000s ]
INFO: [ view_parse ] --START--
INFO: [ template_filter ] --START--
INFO: Run Behavior\ContentReplaceBehavior [ RunTime:0.000000s ]
INFO: [ template_filter ] --END-- [ RunTime:-0.020002s ]
INFO: Run Behavior\ParseTemplateBehavior [ RunTime:0.005001s ]
INFO: [ view_parse ] --END-- [ RunTime:-0.017001s ]
INFO: [ view_filter ] --START--
INFO: Run Behavior\WriteHtmlCacheBehavior [ RunTime:0.000000s ]
INFO: [ view_filter ] --END-- [ RunTime:-0.022001s ]
INFO: [ view_parse ] --START--
INFO: [ template_filter ] --START--
INFO: Run Behavior\ContentReplaceBehavior [ RunTime:0.000000s ]
INFO: [ template_filter ] --END-- [ RunTime:-0.028002s ]
INFO: Run Behavior\ParseTemplateBehavior [ RunTime:0.004000s ]
INFO: [ view_parse ] --END-- [ RunTime:-0.025002s ]
INFO: [ view_filter ] --START--
INFO: Run Behavior\WriteHtmlCacheBehavior [ RunTime:0.001000s ]
INFO: [ view_filter ] --END-- [ RunTime:-0.028001s ]
INFO: [ view_parse ] --START--
INFO: [ template_filter ] --START--
INFO: Run Behavior\ContentReplaceBehavior [ RunTime:0.000000s ]
INFO: [ template_filter ] --END-- [ RunTime:-0.039003s ]
NOTIC: [8] Undefined index: policy D:\xampp\htdocs\wemall\ThinkPHP\Application\Runtime\Cache\Home\dc2fd1a790c1b5068eb9330f1fc932c4.php 第 21 行.
NOTIC: [8] Undefined index: direct_ratio D:\xampp\htdocs\wemall\ThinkPHP\Application\Runtime\Cache\Home\dc2fd1a790c1b5068eb9330f1fc932c4.php 第 25 行.
NOTIC: [8] Undefined index: line_ratio D:\xampp\htdocs\wemall\ThinkPHP\Application\Runtime\Cache\Home\dc2fd1a790c1b5068eb9330f1fc932c4.php 第 26 行.
NOTIC: [8] Undefined index: policy D:\xampp\htdocs\wemall\ThinkPHP\Application\Runtime\Cache\Home\dc2fd1a790c1b5068eb9330f1fc932c4.php 第 21 行.
NOTIC: [8] Undefined index: direct_ratio D:\xampp\htdocs\wemall\ThinkPHP\Application\Runtime\Cache\Home\dc2fd1a790c1b5068eb9330f1fc932c4.php 第 25 行.
NOTIC: [8] Undefined index: line_ratio D:\xampp\htdocs\wemall\ThinkPHP\Application\Runtime\Cache\Home\dc2fd1a790c1b5068eb9330f1fc932c4.php 第 26 行.
NOTIC: [8] Undefined index: policy D:\xampp\htdocs\wemall\ThinkPHP\Application\Runtime\Cache\Home\dc2fd1a790c1b5068eb9330f1fc932c4.php 第 21 行.
NOTIC: [8] Undefined index: direct_ratio D:\xampp\htdocs\wemall\ThinkPHP\Application\Runtime\Cache\Home\dc2fd1a790c1b5068eb9330f1fc932c4.php 第 25 行.
NOTIC: [8] Undefined index: line_ratio D:\xampp\htdocs\wemall\ThinkPHP\Application\Runtime\Cache\Home\dc2fd1a790c1b5068eb9330f1fc932c4.php 第 26 行.
NOTIC: [8] Undefined index: policy D:\xampp\htdocs\wemall\ThinkPHP\Application\Runtime\Cache\Home\dc2fd1a790c1b5068eb9330f1fc932c4.php 第 21 行.
NOTIC: [8] Undefined index: direct_ratio D:\xampp\htdocs\wemall\ThinkPHP\Application\Runtime\Cache\Home\dc2fd1a790c1b5068eb9330f1fc932c4.php 第 25 行.
NOTIC: [8] Undefined index: line_ratio D:\xampp\htdocs\wemall\ThinkPHP\Application\Runtime\Cache\Home\dc2fd1a790c1b5068eb9330f1fc932c4.php 第 26 行.
NOTIC: [8] Undefined index: policy D:\xampp\htdocs\wemall\ThinkPHP\Application\Runtime\Cache\Home\dc2fd1a790c1b5068eb9330f1fc932c4.php 第 21 行.
NOTIC: [8] Undefined index: direct_ratio D:\xampp\htdocs\wemall\ThinkPHP\Application\Runtime\Cache\Home\dc2fd1a790c1b5068eb9330f1fc932c4.php 第 25 行.
NOTIC: [8] Undefined index: line_ratio D:\xampp\htdocs\wemall\ThinkPHP\Application\Runtime\Cache\Home\dc2fd1a790c1b5068eb9330f1fc932c4.php 第 26 行.
INFO: Run Behavior\ParseTemplateBehavior [ RunTime:0.014001s ]
INFO: [ view_parse ] --END-- [ RunTime:-0.030002s ]
INFO: [ view_filter ] --START--
INFO: Run Behavior\WriteHtmlCacheBehavior [ RunTime:0.000000s ]
INFO: [ view_filter ] --END-- [ RunTime:-0.044002s ]
INFO: [ view_parse ] --START--
INFO: [ template_filter ] --START--
INFO: Run Behavior\ContentReplaceBehavior [ RunTime:0.000000s ]
INFO: [ template_filter ] --END-- [ RunTime:-0.050003s ]
INFO: Run Behavior\ParseTemplateBehavior [ RunTime:0.006000s ]
INFO: [ view_parse ] --END-- [ RunTime:-0.046003s ]
INFO: [ view_filter ] --START--
INFO: Run Behavior\WriteHtmlCacheBehavior [ RunTime:0.000000s ]
INFO: [ view_filter ] --END-- [ RunTime:-0.051002s ]
INFO: [ view_parse ] --START--
INFO: [ template_filter ] --START--
INFO: Run Behavior\ContentReplaceBehavior [ RunTime:0.000000s ]
INFO: [ template_filter ] --END-- [ RunTime:-0.057004s ]
INFO: Run Behavior\ParseTemplateBehavior [ RunTime:0.006000s ]
INFO: [ view_parse ] --END-- [ RunTime:-0.053004s ]
INFO: [ view_filter ] --START--
INFO: Run Behavior\WriteHtmlCacheBehavior [ RunTime:0.000000s ]
INFO: [ view_filter ] --END-- [ RunTime:-0.059003s ]
INFO: [ view_parse ] --START--
INFO: [ template_filter ] --START--
INFO: Run Behavior\ContentReplaceBehavior [ RunTime:0.000000s ]
INFO: [ template_filter ] --END-- [ RunTime:-0.070004s ]
NOTIC: [8] Undefined variable: YZTitle D:\xampp\htdocs\wemall\ThinkPHP\Application\Runtime\Cache\Home\233fbf9168edde0a88a274a719127571.php 第 10 行.
INFO: Run Behavior\ParseTemplateBehavior [ RunTime:0.011001s ]
INFO: [ view_parse ] --END-- [ RunTime:-0.061004s ]
INFO: [ view_filter ] --START--
INFO: Run Behavior\WriteHtmlCacheBehavior [ RunTime:0.000000s ]
INFO: [ view_filter ] --END-- [ RunTime:-0.072004s ]
INFO: [ app_end ] --START--
INFO: Run Behavior\ShowPageTraceBehavior [ RunTime:0.001000s ]
INFO: [ app_end ] --END-- [ RunTime:0.002000s ]

[ 2015-04-23T14:40:57+08:00 ] 127.0.0.1 /wemall/WeiPHP/index.php?XDEBUG_SESSION_START=netbeans-xdebug
INFO: [ app_init ] --START--
INFO: Run Behavior\BuildLiteBehavior [ RunTime:0.000000s ]
INFO: [ app_init ] --END-- [ RunTime:0.001000s ]
INFO: [ app_begin ] --START--
INFO: Run Behavior\ReadHtmlCacheBehavior [ RunTime:0.001000s ]
INFO: [ app_begin ] --END-- [ RunTime:0.002000s ]
SQL: SHOW COLUMNS FROM `wemall_goods` [ RunTime:0.0210s ]
SQL: SELECT * FROM `wemall_goods` WHERE ( state=1 ) ORDER BY reorder desc LIMIT 0,5   [ RunTime:0.0280s ]
INFO: [ view_parse ] --START--
INFO: [ template_filter ] --START--
INFO: Run Behavior\ContentReplaceBehavior [ RunTime:0.000000s ]
INFO: [ template_filter ] --END-- [ RunTime:0.000000s ]
INFO: Run Behavior\ParseTemplateBehavior [ RunTime:0.026001s ]
INFO: [ view_parse ] --END-- [ RunTime:0.026001s ]
INFO: [ view_filter ] --START--
INFO: Run Behavior\WriteHtmlCacheBehavior [ RunTime:0.002000s ]
INFO: [ view_filter ] --END-- [ RunTime:0.002000s ]
INFO: [ view_parse ] --START--
INFO: [ template_filter ] --START--
INFO: Run Behavior\ContentReplaceBehavior [ RunTime:0.000000s ]
INFO: [ template_filter ] --END-- [ RunTime:-0.008001s ]
INFO: Run Behavior\ParseTemplateBehavior [ RunTime:0.004001s ]
INFO: [ view_parse ] --END-- [ RunTime:-0.003000s ]
INFO: [ view_filter ] --START--
INFO: Run Behavior\WriteHtmlCacheBehavior [ RunTime:0.001000s ]
INFO: [ view_filter ] --END-- [ RunTime:-0.005001s ]
INFO: [ view_parse ] --START--
INFO: [ template_filter ] --START--
INFO: Run Behavior\ContentReplaceBehavior [ RunTime:0.000000s ]
INFO: [ template_filter ] --END-- [ RunTime:-0.015001s ]
INFO: Run Behavior\ParseTemplateBehavior [ RunTime:0.006000s ]
INFO: [ view_parse ] --END-- [ RunTime:-0.009001s ]
INFO: [ view_filter ] --START--
INFO: Run Behavior\WriteHtmlCacheBehavior [ RunTime:0.000000s ]
INFO: [ view_filter ] --END-- [ RunTime:-0.013001s ]
INFO: [ view_parse ] --START--
INFO: [ template_filter ] --START--
INFO: Run Behavior\ContentReplaceBehavior [ RunTime:0.000000s ]
INFO: [ template_filter ] --END-- [ RunTime:-0.023001s ]
INFO: Run Behavior\ParseTemplateBehavior [ RunTime:0.004000s ]
INFO: [ view_parse ] --END-- [ RunTime:-0.017001s ]
INFO: [ view_filter ] --START--
INFO: Run Behavior\WriteHtmlCacheBehavior [ RunTime:0.000000s ]
INFO: [ view_filter ] --END-- [ RunTime:-0.020001s ]
INFO: [ view_parse ] --START--
INFO: [ template_filter ] --START--
INFO: Run Behavior\ContentReplaceBehavior [ RunTime:0.000000s ]
INFO: [ template_filter ] --END-- [ RunTime:-0.029002s ]
INFO: Run Behavior\ParseTemplateBehavior [ RunTime:0.004000s ]
INFO: [ view_parse ] --END-- [ RunTime:-0.024002s ]
INFO: [ view_filter ] --START--
INFO: Run Behavior\WriteHtmlCacheBehavior [ RunTime:0.000000s ]
INFO: [ view_filter ] --END-- [ RunTime:-0.027002s ]
INFO: [ view_parse ] --START--
INFO: [ template_filter ] --START--
INFO: Run Behavior\ContentReplaceBehavior [ RunTime:0.000000s ]
INFO: [ template_filter ] --END-- [ RunTime:-0.045003s ]
NOTIC: [8] Undefined index: policy D:\xampp\htdocs\wemall\ThinkPHP\Application\Runtime\Cache\Home\dc2fd1a790c1b5068eb9330f1fc932c4.php 第 21 行.
NOTIC: [8] Undefined index: direct_ratio D:\xampp\htdocs\wemall\ThinkPHP\Application\Runtime\Cache\Home\dc2fd1a790c1b5068eb9330f1fc932c4.php 第 25 行.
NOTIC: [8] Undefined index: line_ratio D:\xampp\htdocs\wemall\ThinkPHP\Application\Runtime\Cache\Home\dc2fd1a790c1b5068eb9330f1fc932c4.php 第 26 行.
NOTIC: [8] Undefined index: policy D:\xampp\htdocs\wemall\ThinkPHP\Application\Runtime\Cache\Home\dc2fd1a790c1b5068eb9330f1fc932c4.php 第 21 行.
NOTIC: [8] Undefined index: direct_ratio D:\xampp\htdocs\wemall\ThinkPHP\Application\Runtime\Cache\Home\dc2fd1a790c1b5068eb9330f1fc932c4.php 第 25 行.
NOTIC: [8] Undefined index: line_ratio D:\xampp\htdocs\wemall\ThinkPHP\Application\Runtime\Cache\Home\dc2fd1a790c1b5068eb9330f1fc932c4.php 第 26 行.
NOTIC: [8] Undefined index: policy D:\xampp\htdocs\wemall\ThinkPHP\Application\Runtime\Cache\Home\dc2fd1a790c1b5068eb9330f1fc932c4.php 第 21 行.
NOTIC: [8] Undefined index: direct_ratio D:\xampp\htdocs\wemall\ThinkPHP\Application\Runtime\Cache\Home\dc2fd1a790c1b5068eb9330f1fc932c4.php 第 25 行.
NOTIC: [8] Undefined index: line_ratio D:\xampp\htdocs\wemall\ThinkPHP\Application\Runtime\Cache\Home\dc2fd1a790c1b5068eb9330f1fc932c4.php 第 26 行.
NOTIC: [8] Undefined index: policy D:\xampp\htdocs\wemall\ThinkPHP\Application\Runtime\Cache\Home\dc2fd1a790c1b5068eb9330f1fc932c4.php 第 21 行.
NOTIC: [8] Undefined index: direct_ratio D:\xampp\htdocs\wemall\ThinkPHP\Application\Runtime\Cache\Home\dc2fd1a790c1b5068eb9330f1fc932c4.php 第 25 行.
NOTIC: [8] Undefined index: line_ratio D:\xampp\htdocs\wemall\ThinkPHP\Application\Runtime\Cache\Home\dc2fd1a790c1b5068eb9330f1fc932c4.php 第 26 行.
NOTIC: [8] Undefined index: policy D:\xampp\htdocs\wemall\ThinkPHP\Application\Runtime\Cache\Home\dc2fd1a790c1b5068eb9330f1fc932c4.php 第 21 行.
NOTIC: [8] Undefined index: direct_ratio D:\xampp\htdocs\wemall\ThinkPHP\Application\Runtime\Cache\Home\dc2fd1a790c1b5068eb9330f1fc932c4.php 第 25 行.
NOTIC: [8] Undefined index: line_ratio D:\xampp\htdocs\wemall\ThinkPHP\Application\Runtime\Cache\Home\dc2fd1a790c1b5068eb9330f1fc932c4.php 第 26 行.
INFO: Run Behavior\ParseTemplateBehavior [ RunTime:0.020001s ]
INFO: [ view_parse ] --END-- [ RunTime:-0.030002s ]
INFO: [ view_filter ] --START--
INFO: Run Behavior\WriteHtmlCacheBehavior [ RunTime:0.001000s ]
INFO: [ view_filter ] --END-- [ RunTime:-0.048003s ]
INFO: [ view_parse ] --START--
INFO: [ template_filter ] --START--
INFO: Run Behavior\ContentReplaceBehavior [ RunTime:0.000000s ]
INFO: [ template_filter ] --END-- [ RunTime:-0.058003s ]
INFO: Run Behavior\ParseTemplateBehavior [ RunTime:0.006001s ]
INFO: [ view_parse ] --END-- [ RunTime:-0.052003s ]
INFO: [ view_filter ] --START--
INFO: Run Behavior\WriteHtmlCacheBehavior [ RunTime:0.000000s ]
INFO: [ view_filter ] --END-- [ RunTime:-0.057004s ]
INFO: [ view_parse ] --START--
INFO: [ template_filter ] --START--
INFO: Run Behavior\ContentReplaceBehavior [ RunTime:0.000000s ]
INFO: [ template_filter ] --END-- [ RunTime:-0.070004s ]
INFO: Run Behavior\ParseTemplateBehavior [ RunTime:0.009000s ]
INFO: [ view_parse ] --END-- [ RunTime:-0.061004s ]
INFO: [ view_filter ] --START--
INFO: Run Behavior\WriteHtmlCacheBehavior [ RunTime:0.000000s ]
INFO: [ view_filter ] --END-- [ RunTime:-0.069004s ]
INFO: [ view_parse ] --START--
INFO: [ template_filter ] --START--
INFO: Run Behavior\ContentReplaceBehavior [ RunTime:0.000000s ]
INFO: [ template_filter ] --END-- [ RunTime:-0.089005s ]
NOTIC: [8] Undefined variable: YZTitle D:\xampp\htdocs\wemall\ThinkPHP\Application\Runtime\Cache\Home\233fbf9168edde0a88a274a719127571.php 第 10 行.
INFO: Run Behavior\ParseTemplateBehavior [ RunTime:0.017001s ]
INFO: [ view_parse ] --END-- [ RunTime:-0.072004s ]
INFO: [ view_filter ] --START--
INFO: Run Behavior\WriteHtmlCacheBehavior [ RunTime:0.000000s ]
INFO: [ view_filter ] --END-- [ RunTime:-0.089005s ]
INFO: [ app_end ] --START--
INFO: Run Behavior\ShowPageTraceBehavior [ RunTime:0.001000s ]
INFO: [ app_end ] --END-- [ RunTime:0.002001s ]

[ 2015-04-23T15:17:20+08:00 ] 127.0.0.1 /wemall/WeiPHP/index.php?s=/home/index/main.html
INFO: [ app_init ] --START--
INFO: Run Behavior\BuildLiteBehavior [ RunTime:0.001000s ]
INFO: [ app_init ] --END-- [ RunTime:0.002000s ]
INFO: [ app_begin ] --START--
INFO: Run Behavior\ReadHtmlCacheBehavior [ RunTime:0.001000s ]
INFO: [ app_begin ] --END-- [ RunTime:0.002000s ]
ERR: 非法操作:main

[ 2015-04-23T16:20:48+08:00 ] 127.0.0.1 /wemall/WeiPHP/index.php
INFO: [ app_init ] --START--
INFO: Run Behavior\BuildLiteBehavior [ RunTime:0.000000s ]
INFO: [ app_init ] --END-- [ RunTime:0.001000s ]
INFO: [ app_begin ] --START--
INFO: Run Behavior\ReadHtmlCacheBehavior [ RunTime:0.001000s ]
INFO: [ app_begin ] --END-- [ RunTime:0.002000s ]
SQL: SHOW COLUMNS FROM `wemall_goods` [ RunTime:0.0080s ]
SQL: SELECT * FROM `wemall_goods` WHERE ( state=1 ) ORDER BY reorder desc LIMIT 0,5   [ RunTime:0.0070s ]
INFO: [ view_parse ] --START--
INFO: [ template_filter ] --START--
INFO: Run Behavior\ContentReplaceBehavior [ RunTime:0.000000s ]
INFO: [ template_filter ] --END-- [ RunTime:0.000000s ]
INFO: Run Behavior\ParseTemplateBehavior [ RunTime:0.011001s ]
INFO: [ view_parse ] --END-- [ RunTime:0.011001s ]
INFO: [ view_filter ] --START--
INFO: Run Behavior\WriteHtmlCacheBehavior [ RunTime:0.001000s ]
INFO: [ view_filter ] --END-- [ RunTime:0.001000s ]
INFO: [ view_parse ] --START--
INFO: [ template_filter ] --START--
INFO: Run Behavior\ContentReplaceBehavior [ RunTime:0.000000s ]
INFO: [ template_filter ] --END-- [ RunTime:-0.005000s ]
INFO: Run Behavior\ParseTemplateBehavior [ RunTime:0.003000s ]
INFO: [ view_parse ] --END-- [ RunTime:-0.001000s ]
INFO: [ view_filter ] --START--
INFO: Run Behavior\WriteHtmlCacheBehavior [ RunTime:0.000000s ]
INFO: [ view_filter ] --END-- [ RunTime:-0.005000s ]
INFO: [ view_parse ] --START--
INFO: [ template_filter ] --START--
INFO: Run Behavior\ContentReplaceBehavior [ RunTime:0.000000s ]
INFO: [ template_filter ] --END-- [ RunTime:-0.023001s ]
INFO: Run Behavior\ParseTemplateBehavior [ RunTime:0.015001s ]
INFO: [ view_parse ] --END-- [ RunTime:-0.008000s ]
INFO: [ view_filter ] --START--
INFO: Run Behavior\WriteHtmlCacheBehavior [ RunTime:0.000000s ]
INFO: [ view_filter ] --END-- [ RunTime:-0.022001s ]
INFO: [ view_parse ] --START--
INFO: [ template_filter ] --START--
INFO: Run Behavior\ContentReplaceBehavior [ RunTime:0.000000s ]
INFO: [ template_filter ] --END-- [ RunTime:-0.029002s ]
INFO: Run Behavior\ParseTemplateBehavior [ RunTime:0.004001s ]
INFO: [ view_parse ] --END-- [ RunTime:-0.024001s ]
INFO: [ view_filter ] --START--
INFO: Run Behavior\WriteHtmlCacheBehavior [ RunTime:0.000000s ]
INFO: [ view_filter ] --END-- [ RunTime:-0.028002s ]
INFO: [ view_parse ] --START--
INFO: [ template_filter ] --START--
INFO: Run Behavior\ContentReplaceBehavior [ RunTime:0.001000s ]
INFO: [ template_filter ] --END-- [ RunTime:-0.055003s ]
INFO: Run Behavior\ParseTemplateBehavior [ RunTime:0.026001s ]
INFO: [ view_parse ] --END-- [ RunTime:-0.029002s ]
INFO: [ view_filter ] --START--
INFO: Run Behavior\WriteHtmlCacheBehavior [ RunTime:0.000000s ]
INFO: [ view_filter ] --END-- [ RunTime:-0.054003s ]
INFO: [ view_parse ] --START--
INFO: [ template_filter ] --START--
INFO: Run Behavior\ContentReplaceBehavior [ RunTime:0.000000s ]
INFO: [ template_filter ] --END-- [ RunTime:-0.069004s ]
NOTIC: [8] Undefined index: policy D:\xampp\htdocs\wemall\ThinkPHP\Application\Runtime\Cache\Home\dc2fd1a790c1b5068eb9330f1fc932c4.php 第 21 行.
NOTIC: [8] Undefined index: direct_ratio D:\xampp\htdocs\wemall\ThinkPHP\Application\Runtime\Cache\Home\dc2fd1a790c1b5068eb9330f1fc932c4.php 第 25 行.
NOTIC: [8] Undefined index: line_ratio D:\xampp\htdocs\wemall\ThinkPHP\Application\Runtime\Cache\Home\dc2fd1a790c1b5068eb9330f1fc932c4.php 第 26 行.
NOTIC: [8] Undefined index: policy D:\xampp\htdocs\wemall\ThinkPHP\Application\Runtime\Cache\Home\dc2fd1a790c1b5068eb9330f1fc932c4.php 第 21 行.
NOTIC: [8] Undefined index: direct_ratio D:\xampp\htdocs\wemall\ThinkPHP\Application\Runtime\Cache\Home\dc2fd1a790c1b5068eb9330f1fc932c4.php 第 25 行.
NOTIC: [8] Undefined index: line_ratio D:\xampp\htdocs\wemall\ThinkPHP\Application\Runtime\Cache\Home\dc2fd1a790c1b5068eb9330f1fc932c4.php 第 26 行.
NOTIC: [8] Undefined index: policy D:\xampp\htdocs\wemall\ThinkPHP\Application\Runtime\Cache\Home\dc2fd1a790c1b5068eb9330f1fc932c4.php 第 21 行.
NOTIC: [8] Undefined index: direct_ratio D:\xampp\htdocs\wemall\ThinkPHP\Application\Runtime\Cache\Home\dc2fd1a790c1b5068eb9330f1fc932c4.php 第 25 行.
NOTIC: [8] Undefined index: line_ratio D:\xampp\htdocs\wemall\ThinkPHP\Application\Runtime\Cache\Home\dc2fd1a790c1b5068eb9330f1fc932c4.php 第 26 行.
NOTIC: [8] Undefined index: policy D:\xampp\htdocs\wemall\ThinkPHP\Application\Runtime\Cache\Home\dc2fd1a790c1b5068eb9330f1fc932c4.php 第 21 行.
NOTIC: [8] Undefined index: direct_ratio D:\xampp\htdocs\wemall\ThinkPHP\Application\Runtime\Cache\Home\dc2fd1a790c1b5068eb9330f1fc932c4.php 第 25 行.
NOTIC: [8] Undefined index: line_ratio D:\xampp\htdocs\wemall\ThinkPHP\Application\Runtime\Cache\Home\dc2fd1a790c1b5068eb9330f1fc932c4.php 第 26 行.
NOTIC: [8] Undefined index: policy D:\xampp\htdocs\wemall\ThinkPHP\Application\Runtime\Cache\Home\dc2fd1a790c1b5068eb9330f1fc932c4.php 第 21 行.
NOTIC: [8] Undefined index: direct_ratio D:\xampp\htdocs\wemall\ThinkPHP\Application\Runtime\Cache\Home\dc2fd1a790c1b5068eb9330f1fc932c4.php 第 25 行.
NOTIC: [8] Undefined index: line_ratio D:\xampp\htdocs\wemall\ThinkPHP\Application\Runtime\Cache\Home\dc2fd1a790c1b5068eb9330f1fc932c4.php 第 26 行.
INFO: Run Behavior\ParseTemplateBehavior [ RunTime:0.020001s ]
INFO: [ view_parse ] --END-- [ RunTime:-0.056003s ]
INFO: [ view_filter ] --START--
INFO: Run Behavior\WriteHtmlCacheBehavior [ RunTime:0.000000s ]
INFO: [ view_filter ] --END-- [ RunTime:-0.076004s ]
INFO: [ view_parse ] --START--
INFO: [ template_filter ] --START--
INFO: Run Behavior\ContentReplaceBehavior [ RunTime:0.000000s ]
INFO: [ template_filter ] --END-- [ RunTime:-0.085005s ]
INFO: Run Behavior\ParseTemplateBehavior [ RunTime:0.011001s ]
INFO: [ view_parse ] --END-- [ RunTime:-0.078004s ]
INFO: [ view_filter ] --START--
INFO: Run Behavior\WriteHtmlCacheBehavior [ RunTime:0.000000s ]
INFO: [ view_filter ] --END-- [ RunTime:-0.088005s ]
INFO: [ view_parse ] --START--
INFO: [ template_filter ] --START--
INFO: Run Behavior\ContentReplaceBehavior [ RunTime:0.000000s ]
INFO: [ template_filter ] --END-- [ RunTime:-0.095005s ]
INFO: Run Behavior\ParseTemplateBehavior [ RunTime:0.005000s ]
INFO: [ view_parse ] --END-- [ RunTime:-0.090005s ]
INFO: [ view_filter ] --START--
INFO: Run Behavior\WriteHtmlCacheBehavior [ RunTime:0.000000s ]
INFO: [ view_filter ] --END-- [ RunTime:-0.094005s ]
INFO: [ view_parse ] --START--
INFO: [ template_filter ] --START--
INFO: Run Behavior\ContentReplaceBehavior [ RunTime:0.001000s ]
INFO: [ template_filter ] --END-- [ RunTime:-0.119007s ]
NOTIC: [8] Undefined variable: YZTitle D:\xampp\htdocs\wemall\ThinkPHP\Application\Runtime\Cache\Home\233fbf9168edde0a88a274a719127571.php 第 10 行.
INFO: Run Behavior\ParseTemplateBehavior [ RunTime:0.023001s ]
INFO: [ view_parse ] --END-- [ RunTime:-0.097006s ]
INFO: [ view_filter ] --START--
INFO: Run Behavior\WriteHtmlCacheBehavior [ RunTime:0.000000s ]
INFO: [ view_filter ] --END-- [ RunTime:-0.119007s ]
INFO: [ app_end ] --START--
INFO: Run Behavior\ShowPageTraceBehavior [ RunTime:0.005000s ]
INFO: [ app_end ] --END-- [ RunTime:0.005000s ]

[ 2015-04-23T20:33:48+08:00 ] 127.0.0.1 /wemall/WeiPHP/index.php
INFO: [ app_init ] --START--
INFO: Run Behavior\BuildLiteBehavior [ RunTime:0.000000s ]
INFO: [ app_init ] --END-- [ RunTime:0.024001s ]
INFO: [ app_begin ] --START--
INFO: Run Behavior\ReadHtmlCacheBehavior [ RunTime:0.002001s ]
INFO: [ app_begin ] --END-- [ RunTime:0.002001s ]
SQL: SHOW COLUMNS FROM `wemall_goods` [ RunTime:0.0350s ]
SQL: SELECT * FROM `wemall_goods` WHERE ( state=1 ) ORDER BY reorder desc LIMIT 0,5   [ RunTime:0.0100s ]
INFO: [ view_parse ] --START--
INFO: [ template_filter ] --START--
INFO: Run Behavior\ContentReplaceBehavior [ RunTime:0.000000s ]
INFO: [ template_filter ] --END-- [ RunTime:0.001000s ]
INFO: Run Behavior\ParseTemplateBehavior [ RunTime:0.014001s ]
INFO: [ view_parse ] --END-- [ RunTime:0.014001s ]
INFO: [ view_filter ] --START--
INFO: Run Behavior\WriteHtmlCacheBehavior [ RunTime:0.001000s ]
INFO: [ view_filter ] --END-- [ RunTime:0.001000s ]
INFO: [ view_parse ] --START--
INFO: [ template_filter ] --START--
INFO: Run Behavior\ContentReplaceBehavior [ RunTime:0.001000s ]
INFO: [ template_filter ] --END-- [ RunTime:-0.007000s ]
INFO: Run Behavior\ParseTemplateBehavior [ RunTime:0.006000s ]
INFO: [ view_parse ] --END-- [ RunTime:-0.002000s ]
INFO: [ view_filter ] --START--
INFO: Run Behavior\WriteHtmlCacheBehavior [ RunTime:0.000000s ]
INFO: [ view_filter ] --END-- [ RunTime:-0.008000s ]
INFO: [ view_parse ] --START--
INFO: [ template_filter ] --START--
INFO: Run Behavior\ContentReplaceBehavior [ RunTime:0.001000s ]
INFO: [ template_filter ] --END-- [ RunTime:-0.016001s ]
INFO: Run Behavior\ParseTemplateBehavior [ RunTime:0.008001s ]
INFO: [ view_parse ] --END-- [ RunTime:-0.010000s ]
INFO: [ view_filter ] --START--
INFO: Run Behavior\WriteHtmlCacheBehavior [ RunTime:0.000000s ]
INFO: [ view_filter ] --END-- [ RunTime:-0.018001s ]
INFO: [ view_parse ] --START--
INFO: [ template_filter ] --START--
INFO: Run Behavior\ContentReplaceBehavior [ RunTime:0.000000s ]
INFO: [ template_filter ] --END-- [ RunTime:-0.025001s ]
INFO: Run Behavior\ParseTemplateBehavior [ RunTime:0.005000s ]
INFO: [ view_parse ] --END-- [ RunTime:-0.020001s ]
INFO: [ view_filter ] --START--
INFO: Run Behavior\WriteHtmlCacheBehavior [ RunTime:0.000000s ]
INFO: [ view_filter ] --END-- [ RunTime:-0.024001s ]
INFO: [ view_parse ] --START--
INFO: [ template_filter ] --START--
INFO: Run Behavior\ContentReplaceBehavior [ RunTime:0.000000s ]
INFO: [ template_filter ] --END-- [ RunTime:-0.034002s ]
INFO: Run Behavior\ParseTemplateBehavior [ RunTime:0.011001s ]
INFO: [ view_parse ] --END-- [ RunTime:-0.027001s ]
INFO: [ view_filter ] --START--
INFO: Run Behavior\WriteHtmlCacheBehavior [ RunTime:0.000000s ]
INFO: [ view_filter ] --END-- [ RunTime:-0.037002s ]
INFO: [ view_parse ] --START--
INFO: [ template_filter ] --START--
INFO: Run Behavior\ContentReplaceBehavior [ RunTime:0.001000s ]
INFO: [ template_filter ] --END-- [ RunTime:-0.054003s ]
NOTIC: [8] Undefined index: policy D:\xampp\htdocs\wemall\ThinkPHP\Application\Runtime\Cache\Home\dc2fd1a790c1b5068eb9330f1fc932c4.php 第 21 行.
NOTIC: [8] Undefined index: direct_ratio D:\xampp\htdocs\wemall\ThinkPHP\Application\Runtime\Cache\Home\dc2fd1a790c1b5068eb9330f1fc932c4.php 第 25 行.
NOTIC: [8] Undefined index: line_ratio D:\xampp\htdocs\wemall\ThinkPHP\Application\Runtime\Cache\Home\dc2fd1a790c1b5068eb9330f1fc932c4.php 第 26 行.
NOTIC: [8] Undefined index: policy D:\xampp\htdocs\wemall\ThinkPHP\Application\Runtime\Cache\Home\dc2fd1a790c1b5068eb9330f1fc932c4.php 第 21 行.
NOTIC: [8] Undefined index: direct_ratio D:\xampp\htdocs\wemall\ThinkPHP\Application\Runtime\Cache\Home\dc2fd1a790c1b5068eb9330f1fc932c4.php 第 25 行.
NOTIC: [8] Undefined index: line_ratio D:\xampp\htdocs\wemall\ThinkPHP\Application\Runtime\Cache\Home\dc2fd1a790c1b5068eb9330f1fc932c4.php 第 26 行.
NOTIC: [8] Undefined index: policy D:\xampp\htdocs\wemall\ThinkPHP\Application\Runtime\Cache\Home\dc2fd1a790c1b5068eb9330f1fc932c4.php 第 21 行.
NOTIC: [8] Undefined index: direct_ratio D:\xampp\htdocs\wemall\ThinkPHP\Application\Runtime\Cache\Home\dc2fd1a790c1b5068eb9330f1fc932c4.php 第 25 行.
NOTIC: [8] Undefined index: line_ratio D:\xampp\htdocs\wemall\ThinkPHP\Application\Runtime\Cache\Home\dc2fd1a790c1b5068eb9330f1fc932c4.php 第 26 行.
NOTIC: [8] Undefined index: policy D:\xampp\htdocs\wemall\ThinkPHP\Application\Runtime\Cache\Home\dc2fd1a790c1b5068eb9330f1fc932c4.php 第 21 行.
NOTIC: [8] Undefined index: direct_ratio D:\xampp\htdocs\wemall\ThinkPHP\Application\Runtime\Cache\Home\dc2fd1a790c1b5068eb9330f1fc932c4.php 第 25 行.
NOTIC: [8] Undefined index: line_ratio D:\xampp\htdocs\wemall\ThinkPHP\Application\Runtime\Cache\Home\dc2fd1a790c1b5068eb9330f1fc932c4.php 第 26 行.
NOTIC: [8] Undefined index: policy D:\xampp\htdocs\wemall\ThinkPHP\Application\Runtime\Cache\Home\dc2fd1a790c1b5068eb9330f1fc932c4.php 第 21 行.
NOTIC: [8] Undefined index: direct_ratio D:\xampp\htdocs\wemall\ThinkPHP\Application\Runtime\Cache\Home\dc2fd1a790c1b5068eb9330f1fc932c4.php 第 25 行.
NOTIC: [8] Undefined index: line_ratio D:\xampp\htdocs\wemall\ThinkPHP\Application\Runtime\Cache\Home\dc2fd1a790c1b5068eb9330f1fc932c4.php 第 26 行.
INFO: Run Behavior\ParseTemplateBehavior [ RunTime:0.021001s ]
INFO: [ view_parse ] --END-- [ RunTime:-0.039002s ]
INFO: [ view_filter ] --START--
INFO: Run Behavior\WriteHtmlCacheBehavior [ RunTime:0.000000s ]
INFO: [ view_filter ] --END-- [ RunTime:-0.061003s ]
INFO: [ view_parse ] --START--
INFO: [ template_filter ] --START--
INFO: Run Behavior\ContentReplaceBehavior [ RunTime:0.001000s ]
INFO: [ template_filter ] --END-- [ RunTime:-0.069004s ]
INFO: Run Behavior\ParseTemplateBehavior [ RunTime:0.009001s ]
INFO: [ view_parse ] --END-- [ RunTime:-0.063003s ]
INFO: [ view_filter ] --START--
INFO: Run Behavior\WriteHtmlCacheBehavior [ RunTime:0.000000s ]
INFO: [ view_filter ] --END-- [ RunTime:-0.071004s ]
INFO: [ view_parse ] --START--
INFO: [ template_filter ] --START--
INFO: Run Behavior\ContentReplaceBehavior [ RunTime:0.000000s ]
INFO: [ template_filter ] --END-- [ RunTime:-0.080004s ]
INFO: Run Behavior\ParseTemplateBehavior [ RunTime:0.009001s ]
INFO: [ view_parse ] --END-- [ RunTime:-0.074004s ]
INFO: [ view_filter ] --START--
INFO: Run Behavior\WriteHtmlCacheBehavior [ RunTime:0.000000s ]
INFO: [ view_filter ] --END-- [ RunTime:-0.082005s ]
INFO: [ view_parse ] --START--
INFO: [ template_filter ] --START--
INFO: Run Behavior\ContentReplaceBehavior [ RunTime:0.000000s ]
INFO: [ template_filter ] --END-- [ RunTime:-0.103006s ]
NOTIC: [8] Undefined variable: YZTitle D:\xampp\htdocs\wemall\ThinkPHP\Application\Runtime\Cache\Home\233fbf9168edde0a88a274a719127571.php 第 10 行.
INFO: Run Behavior\ParseTemplateBehavior [ RunTime:0.022001s ]
INFO: [ view_parse ] --END-- [ RunTime:-0.084005s ]
INFO: [ view_filter ] --START--
INFO: Run Behavior\WriteHtmlCacheBehavior [ RunTime:0.000000s ]
INFO: [ view_filter ] --END-- [ RunTime:-0.106006s ]
INFO: [ app_end ] --START--
INFO: Run Behavior\ShowPageTraceBehavior [ RunTime:0.001000s ]
INFO: [ app_end ] --END-- [ RunTime:0.002000s ]

