[ 2015-05-21T08:22:24+08:00 ] 127.0.0.1 /wemall/WeiPHP/index.php
INFO: [ app_init ] --START--
INFO: Run Behavior\BuildLiteBehavior [ RunTime:0.000000s ]
INFO: [ app_init ] --END-- [ RunTime:0.016001s ]
INFO: [ app_begin ] --START--
INFO: Run Behavior\ReadHtmlCacheBehavior [ RunTime:0.001000s ]
INFO: [ app_begin ] --END-- [ RunTime:0.001000s ]
INFO: [ view_parse ] --START--
INFO: [ template_filter ] --START--
INFO: Run Behavior\ContentReplaceBehavior [ RunTime:0.000000s ]
INFO: [ template_filter ] --END-- [ RunTime:0.000000s ]
INFO: Run Behavior\ParseTemplateBehavior [ RunTime:0.003000s ]
INFO: [ view_parse ] --END-- [ RunTime:0.004000s ]
INFO: [ view_filter ] --START--
INFO: Run Behavior\WriteHtmlCacheBehavior [ RunTime:0.001000s ]
INFO: [ view_filter ] --END-- [ RunTime:0.001000s ]
INFO: [ view_parse ] --START--
INFO: [ template_filter ] --START--
INFO: Run Behavior\ContentReplaceBehavior [ RunTime:0.000000s ]
INFO: [ template_filter ] --END-- [ RunTime:-0.010001s ]
INFO: Run Behavior\ParseTemplateBehavior [ RunTime:0.008001s ]
INFO: [ view_parse ] --END-- [ RunTime:-0.001000s ]
INFO: [ view_filter ] --START--
INFO: Run Behavior\WriteHtmlCacheBehavior [ RunTime:0.001000s ]
INFO: [ view_filter ] --END-- [ RunTime:-0.009001s ]

[ 2015-05-21T08:33:45+08:00 ] 127.0.0.1 /wemall/WeiPHP/index.php?XDEBUG_SESSION_START=netbeans-xdebug
INFO: [ app_init ] --START--
INFO: Run Behavior\BuildLiteBehavior [ RunTime:0.000000s ]
INFO: [ app_init ] --END-- [ RunTime:0.001000s ]
INFO: [ app_begin ] --START--
INFO: Run Behavior\ReadHtmlCacheBehavior [ RunTime:0.001000s ]
INFO: [ app_begin ] --END-- [ RunTime:0.001000s ]
INFO: [ view_parse ] --START--
INFO: [ template_filter ] --START--
INFO: Run Behavior\ContentReplaceBehavior [ RunTime:0.001000s ]
INFO: [ template_filter ] --END-- [ RunTime:0.001000s ]
INFO: Run Behavior\ParseTemplateBehavior [ RunTime:0.005000s ]
INFO: [ view_parse ] --END-- [ RunTime:0.005000s ]
INFO: [ view_filter ] --START--
INFO: Run Behavior\WriteHtmlCacheBehavior [ RunTime:0.001000s ]
INFO: [ view_filter ] --END-- [ RunTime:0.001000s ]
INFO: [ view_parse ] --START--
INFO: [ template_filter ] --START--
INFO: Run Behavior\ContentReplaceBehavior [ RunTime:0.000000s ]
INFO: [ template_filter ] --END-- [ RunTime:-0.007000s ]
INFO: Run Behavior\ParseTemplateBehavior [ RunTime:0.006000s ]
INFO: [ view_parse ] --END-- [ RunTime:-0.002000s ]
INFO: [ view_filter ] --START--
INFO: Run Behavior\WriteHtmlCacheBehavior [ RunTime:0.000000s ]
INFO: [ view_filter ] --END-- [ RunTime:-0.008001s ]

[ 2015-05-21T09:42:55+08:00 ] 127.0.0.1 /wemall/WeiPHP/index.php?XDEBUG_SESSION_START=netbeans-xdebug
INFO: [ app_init ] --START--
INFO: Run Behavior\BuildLiteBehavior [ RunTime:0.000000s ]
INFO: [ app_init ] --END-- [ RunTime:0.002000s ]
INFO: [ app_begin ] --START--
INFO: Run Behavior\ReadHtmlCacheBehavior [ RunTime:0.001000s ]
INFO: [ app_begin ] --END-- [ RunTime:0.001000s ]
INFO: [ view_parse ] --START--
INFO: [ template_filter ] --START--
INFO: Run Behavior\ContentReplaceBehavior [ RunTime:0.000000s ]
INFO: [ template_filter ] --END-- [ RunTime:0.000000s ]
INFO: Run Behavior\ParseTemplateBehavior [ RunTime:0.007001s ]
INFO: [ view_parse ] --END-- [ RunTime:0.008001s ]
INFO: [ view_filter ] --START--
INFO: Run Behavior\WriteHtmlCacheBehavior [ RunTime:0.001000s ]
INFO: [ view_filter ] --END-- [ RunTime:0.002000s ]
INFO: [ view_parse ] --START--
INFO: [ template_filter ] --START--
INFO: Run Behavior\ContentReplaceBehavior [ RunTime:0.000000s ]
INFO: [ template_filter ] --END-- [ RunTime:-0.014001s ]
INFO: Run Behavior\ParseTemplateBehavior [ RunTime:0.010000s ]
INFO: [ view_parse ] --END-- [ RunTime:-0.003000s ]
INFO: [ view_filter ] --START--
INFO: Run Behavior\WriteHtmlCacheBehavior [ RunTime:0.001000s ]
INFO: [ view_filter ] --END-- [ RunTime:-0.011000s ]

[ 2015-05-21T09:56:35+08:00 ] 127.0.0.1 /wemall/WeiPHP/index.php
INFO: [ app_init ] --START--
INFO: Run Behavior\BuildLiteBehavior [ RunTime:0.000000s ]
INFO: [ app_init ] --END-- [ RunTime:0.000000s ]
INFO: [ app_begin ] --START--
INFO: Run Behavior\ReadHtmlCacheBehavior [ RunTime:0.000000s ]
INFO: [ app_begin ] --END-- [ RunTime:0.000000s ]
INFO: [ view_parse ] --START--
INFO: [ template_filter ] --START--
INFO: Run Behavior\ContentReplaceBehavior [ RunTime:0.000000s ]
INFO: [ template_filter ] --END-- [ RunTime:0.000000s ]
INFO: Run Behavior\ParseTemplateBehavior [ RunTime:0.000000s ]
INFO: [ view_parse ] --END-- [ RunTime:0.000000s ]
INFO: [ view_filter ] --START--
INFO: Run Behavior\WriteHtmlCacheBehavior [ RunTime:0.000000s ]
INFO: [ view_filter ] --END-- [ RunTime:0.000000s ]
INFO: [ view_parse ] --START--
INFO: [ template_filter ] --START--
INFO: Run Behavior\ContentReplaceBehavior [ RunTime:0.000000s ]
INFO: [ template_filter ] --END-- [ RunTime:0.000000s ]
INFO: Run Behavior\ParseTemplateBehavior [ RunTime:0.000000s ]
INFO: [ view_parse ] --END-- [ RunTime:0.000000s ]
INFO: [ view_filter ] --START--
INFO: Run Behavior\WriteHtmlCacheBehavior [ RunTime:0.000000s ]
INFO: [ view_filter ] --END-- [ RunTime:0.000000s ]

[ 2015-05-21T09:58:42+08:00 ] 127.0.0.1 /wemall/WeiPHP/index.php
INFO: [ app_init ] --START--
INFO: Run Behavior\BuildLiteBehavior [ RunTime:0.000000s ]
INFO: [ app_init ] --END-- [ RunTime:0.000000s ]
INFO: [ app_begin ] --START--
INFO: Run Behavior\ReadHtmlCacheBehavior [ RunTime:0.000000s ]
INFO: [ app_begin ] --END-- [ RunTime:0.000000s ]
INFO: [ view_parse ] --START--
INFO: [ template_filter ] --START--
INFO: Run Behavior\ContentReplaceBehavior [ RunTime:0.000000s ]
INFO: [ template_filter ] --END-- [ RunTime:0.000000s ]
INFO: Run Behavior\ParseTemplateBehavior [ RunTime:0.015600s ]
INFO: [ view_parse ] --END-- [ RunTime:0.015600s ]
INFO: [ view_filter ] --START--
INFO: Run Behavior\WriteHtmlCacheBehavior [ RunTime:0.000000s ]
INFO: [ view_filter ] --END-- [ RunTime:0.000000s ]
INFO: [ view_parse ] --START--
INFO: [ template_filter ] --START--
INFO: Run Behavior\ContentReplaceBehavior [ RunTime:0.000000s ]
INFO: [ template_filter ] --END-- [ RunTime:0.000000s ]
INFO: Run Behavior\ParseTemplateBehavior [ RunTime:0.015600s ]
INFO: [ view_parse ] --END-- [ RunTime:0.000000s ]
INFO: [ view_filter ] --START--
INFO: Run Behavior\WriteHtmlCacheBehavior [ RunTime:0.000000s ]
INFO: [ view_filter ] --END-- [ RunTime:-0.015600s ]
SQL: SHOW COLUMNS FROM `wemall_customer` [ RunTime:0.0156s ]
SQL: SELECT * FROM `wemall_customer` WHERE `id` = 0 LIMIT 1   [ RunTime:0.0000s ]
SQL: SHOW COLUMNS FROM `wemall_goods` [ RunTime:0.0156s ]
SQL: SELECT * FROM `wemall_goods` WHERE ( state=1 ) ORDER BY reorder desc LIMIT 0,10   [ RunTime:0.0000s ]
SQL: SHOW COLUMNS FROM `wemall_attachment` [ RunTime:0.0156s ]
SQL: SELECT * FROM `wemall_attachment` WHERE `id` = 605  [ RunTime:0.0000s ]
SQL: SELECT * FROM `wemall_attachment` WHERE `id` = 591  [ RunTime:0.0000s ]
SQL: SELECT * FROM `wemall_attachment` WHERE `id` = 582  [ RunTime:0.0156s ]
SQL: SELECT * FROM `wemall_attachment` WHERE `id` = 573  [ RunTime:0.0156s ]
SQL: SELECT * FROM `wemall_attachment` WHERE `id` = 570  [ RunTime:0.0000s ]
SQL: SELECT * FROM `wemall_attachment` WHERE `id` = 441  [ RunTime:0.0156s ]
SQL: SELECT * FROM `wemall_attachment` WHERE `id` = 475  [ RunTime:0.0156s ]
SQL: SELECT * FROM `wemall_attachment` WHERE `id` = 461  [ RunTime:0.0000s ]
SQL: SELECT * FROM `wemall_attachment` WHERE `id` = 458  [ RunTime:0.0000s ]
SQL: SELECT * FROM `wemall_attachment` WHERE `id` = 432  [ RunTime:0.0156s ]
SQL: SHOW COLUMNS FROM `wemall_source` [ RunTime:0.0156s ]
SQL: SELECT * FROM `wemall_source` WHERE `id` = 9 LIMIT 1   [ RunTime:0.0000s ]
SQL: SHOW COLUMNS FROM `wemall_attachment` [ RunTime:0.0156s ]
SQL: SELECT * FROM `wemall_attachment` WHERE `id` = 184 LIMIT 1   [ RunTime:0.0156s ]
SQL: SELECT * FROM `wemall_attachment` WHERE `id` = 184 LIMIT 1   [ RunTime:0.0156s ]
SQL: SELECT * FROM `wemall_source` WHERE `id` = 9 LIMIT 1   [ RunTime:0.0000s ]
SQL: SELECT * FROM `wemall_attachment` WHERE `id` = 184 LIMIT 1   [ RunTime:0.0156s ]
SQL: SELECT * FROM `wemall_attachment` WHERE `id` = 184 LIMIT 1   [ RunTime:0.0156s ]
SQL: SELECT * FROM `wemall_source` WHERE `id` = 9 LIMIT 1   [ RunTime:0.0156s ]
SQL: SELECT * FROM `wemall_attachment` WHERE `id` = 184 LIMIT 1   [ RunTime:0.0000s ]
SQL: SELECT * FROM `wemall_attachment` WHERE `id` = 184 LIMIT 1   [ RunTime:0.0156s ]
SQL: SELECT * FROM `wemall_source` WHERE `id` = 9 LIMIT 1   [ RunTime:0.0156s ]
SQL: SELECT * FROM `wemall_attachment` WHERE `id` = 184 LIMIT 1   [ RunTime:0.0000s ]
SQL: SELECT * FROM `wemall_attachment` WHERE `id` = 184 LIMIT 1   [ RunTime:0.0156s ]
SQL: SELECT * FROM `wemall_source` WHERE `id` = 9 LIMIT 1   [ RunTime:0.0156s ]
SQL: SELECT * FROM `wemall_attachment` WHERE `id` = 184 LIMIT 1   [ RunTime:0.0156s ]
SQL: SELECT * FROM `wemall_attachment` WHERE `id` = 184 LIMIT 1   [ RunTime:0.0000s ]
SQL: SELECT * FROM `wemall_source` WHERE `id` = 1 LIMIT 1   [ RunTime:0.0156s ]
SQL: SELECT * FROM `wemall_attachment` WHERE `id` = 491 LIMIT 1   [ RunTime:0.0000s ]
SQL: SELECT * FROM `wemall_attachment` WHERE `id` = 491 LIMIT 1   [ RunTime:0.0000s ]
SQL: SELECT * FROM `wemall_source` WHERE `id` = 1 LIMIT 1   [ RunTime:0.0156s ]
SQL: SELECT * FROM `wemall_attachment` WHERE `id` = 491 LIMIT 1   [ RunTime:0.0156s ]
SQL: SELECT * FROM `wemall_attachment` WHERE `id` = 491 LIMIT 1   [ RunTime:0.0156s ]
SQL: SELECT * FROM `wemall_source` WHERE `id` = 1 LIMIT 1   [ RunTime:0.0000s ]
SQL: SELECT * FROM `wemall_attachment` WHERE `id` = 491 LIMIT 1   [ RunTime:0.0156s ]
SQL: SELECT * FROM `wemall_attachment` WHERE `id` = 491 LIMIT 1   [ RunTime:0.0156s ]
SQL: SELECT * FROM `wemall_source` WHERE `id` = 1 LIMIT 1   [ RunTime:0.0000s ]
SQL: SELECT * FROM `wemall_attachment` WHERE `id` = 491 LIMIT 1   [ RunTime:0.0156s ]
SQL: SELECT * FROM `wemall_attachment` WHERE `id` = 491 LIMIT 1   [ RunTime:0.0156s ]
SQL: SELECT * FROM `wemall_source` WHERE `id` = 9 LIMIT 1   [ RunTime:0.0156s ]
SQL: SELECT * FROM `wemall_attachment` WHERE `id` = 184 LIMIT 1   [ RunTime:0.0000s ]
SQL: SELECT * FROM `wemall_attachment` WHERE `id` = 184 LIMIT 1   [ RunTime:0.0156s ]
SQL: SHOW COLUMNS FROM `wemall_logistics` [ RunTime:0.0156s ]
SQL: SELECT * FROM `wemall_logistics` WHERE `mode` = 1 LIMIT 1   [ RunTime:0.0156s ]
SQL: SELECT * FROM `wemall_logistics` WHERE `mode` = 1 LIMIT 1   [ RunTime:0.0000s ]
SQL: SELECT * FROM `wemall_logistics` WHERE `mode` = 1 LIMIT 1   [ RunTime:0.0156s ]
SQL: SELECT * FROM `wemall_logistics` WHERE `mode` = 1 LIMIT 1   [ RunTime:0.0156s ]
SQL: SELECT * FROM `wemall_logistics` WHERE `mode` = 1 LIMIT 1   [ RunTime:0.0000s ]
SQL: SELECT * FROM `wemall_logistics` WHERE `mode` = 0 LIMIT 1   [ RunTime:0.0156s ]
SQL: SELECT * FROM `wemall_logistics` WHERE `mode` = 1 LIMIT 1   [ RunTime:0.0156s ]
SQL: SELECT * FROM `wemall_logistics` WHERE `mode` = 0 LIMIT 1   [ RunTime:0.0000s ]
SQL: SELECT * FROM `wemall_logistics` WHERE `mode` = 0 LIMIT 1   [ RunTime:0.0156s ]
SQL: SELECT * FROM `wemall_logistics` WHERE `mode` = 0 LIMIT 1   [ RunTime:0.0156s ]
INFO: [ view_parse ] --START--
INFO: [ template_filter ] --START--
INFO: Run Behavior\ContentReplaceBehavior [ RunTime:0.000000s ]
INFO: [ template_filter ] --END-- [ RunTime:-0.780001s ]
INFO: Run Behavior\ParseTemplateBehavior [ RunTime:0.000000s ]
INFO: [ view_parse ] --END-- [ RunTime:-0.780001s ]
INFO: [ view_filter ] --START--
INFO: Run Behavior\WriteHtmlCacheBehavior [ RunTime:0.000000s ]
INFO: [ view_filter ] --END-- [ RunTime:-0.780001s ]
INFO: [ view_parse ] --START--
INFO: [ template_filter ] --START--
INFO: Run Behavior\ContentReplaceBehavior [ RunTime:0.000000s ]
INFO: [ template_filter ] --END-- [ RunTime:-0.780001s ]
INFO: Run Behavior\ParseTemplateBehavior [ RunTime:0.000000s ]
INFO: [ view_parse ] --END-- [ RunTime:-0.780001s ]
INFO: [ view_filter ] --START--
INFO: Run Behavior\WriteHtmlCacheBehavior [ RunTime:0.000000s ]
INFO: [ view_filter ] --END-- [ RunTime:-0.780001s ]
SQL: SHOW COLUMNS FROM `wemall_slide_show` [ RunTime:0.0000s ]
SQL: SELECT * FROM `wemall_slide_show` WHERE `status` = 1 ORDER BY weight desc LIMIT 6   [ RunTime:0.0156s ]
SQL: SHOW COLUMNS FROM `wemall_attachment` [ RunTime:0.0156s ]
SQL: SELECT * FROM `wemall_attachment` WHERE `id` = 453  [ RunTime:0.0156s ]
SQL: SELECT * FROM `wemall_attachment` WHERE `id` = 452  [ RunTime:0.0000s ]
SQL: SELECT * FROM `wemall_attachment` WHERE `id` = 175  [ RunTime:0.0156s ]
SQL: SELECT * FROM `wemall_attachment` WHERE `id` = 174  [ RunTime:0.0156s ]
SQL: SELECT * FROM `wemall_attachment` WHERE `id` = 173  [ RunTime:0.0000s ]
INFO: [ view_parse ] --START--
INFO: [ template_filter ] --START--
INFO: Run Behavior\ContentReplaceBehavior [ RunTime:0.000000s ]
INFO: [ template_filter ] --END-- [ RunTime:-0.889201s ]
INFO: Run Behavior\ParseTemplateBehavior [ RunTime:0.015600s ]
INFO: [ view_parse ] --END-- [ RunTime:-0.873601s ]
INFO: [ view_filter ] --START--
INFO: Run Behavior\WriteHtmlCacheBehavior [ RunTime:0.000000s ]
INFO: [ view_filter ] --END-- [ RunTime:-0.889201s ]
INFO: [ view_parse ] --START--
INFO: [ template_filter ] --START--
INFO: Run Behavior\ContentReplaceBehavior [ RunTime:0.000000s ]
INFO: [ template_filter ] --END-- [ RunTime:-0.904801s ]
INFO: Run Behavior\ParseTemplateBehavior [ RunTime:0.015600s ]
INFO: [ view_parse ] --END-- [ RunTime:-0.904801s ]
INFO: [ view_filter ] --START--
INFO: Run Behavior\WriteHtmlCacheBehavior [ RunTime:0.000000s ]
INFO: [ view_filter ] --END-- [ RunTime:-0.920401s ]
INFO: [ view_parse ] --START--
INFO: [ template_filter ] --START--
INFO: Run Behavior\ContentReplaceBehavior [ RunTime:0.000000s ]
INFO: [ template_filter ] --END-- [ RunTime:-0.936001s ]
INFO: Run Behavior\ParseTemplateBehavior [ RunTime:0.015600s ]
INFO: [ view_parse ] --END-- [ RunTime:-0.920401s ]
INFO: [ view_filter ] --START--
INFO: Run Behavior\WriteHtmlCacheBehavior [ RunTime:0.000000s ]
INFO: [ view_filter ] --END-- [ RunTime:-0.936001s ]
INFO: [ view_parse ] --START--
INFO: [ template_filter ] --START--
INFO: Run Behavior\ContentReplaceBehavior [ RunTime:0.000000s ]
INFO: [ template_filter ] --END-- [ RunTime:-0.936001s ]
INFO: Run Behavior\ParseTemplateBehavior [ RunTime:0.000000s ]
INFO: [ view_parse ] --END-- [ RunTime:-0.936001s ]
INFO: [ view_filter ] --START--
INFO: Run Behavior\WriteHtmlCacheBehavior [ RunTime:0.000000s ]
INFO: [ view_filter ] --END-- [ RunTime:-0.936001s ]
INFO: [ view_parse ] --START--
INFO: [ template_filter ] --START--
INFO: Run Behavior\ContentReplaceBehavior [ RunTime:0.000000s ]
INFO: [ template_filter ] --END-- [ RunTime:-0.951601s ]
INFO: Run Behavior\ParseTemplateBehavior [ RunTime:0.015600s ]
INFO: [ view_parse ] --END-- [ RunTime:-0.936001s ]
INFO: [ view_filter ] --START--
INFO: Run Behavior\WriteHtmlCacheBehavior [ RunTime:0.000000s ]
INFO: [ view_filter ] --END-- [ RunTime:-0.951601s ]
INFO: [ view_parse ] --START--
INFO: [ template_filter ] --START--
INFO: Run Behavior\ContentReplaceBehavior [ RunTime:0.000000s ]
INFO: [ template_filter ] --END-- [ RunTime:-0.967201s ]
INFO: Run Behavior\ParseTemplateBehavior [ RunTime:0.015600s ]
INFO: [ view_parse ] --END-- [ RunTime:-0.951601s ]
INFO: [ view_filter ] --START--
INFO: Run Behavior\WriteHtmlCacheBehavior [ RunTime:0.000000s ]
INFO: [ view_filter ] --END-- [ RunTime:-0.967201s ]
INFO: [ view_parse ] --START--
INFO: [ template_filter ] --START--
INFO: Run Behavior\ContentReplaceBehavior [ RunTime:0.000000s ]
INFO: [ template_filter ] --END-- [ RunTime:-0.998402s ]
NOTIC: [8] Undefined variable: YZTitle D:\xampp\htdocs\wemall\ThinkPHP\Application\Runtime\Cache\Home\f64d738dec9062ca568444d9a07e17dd.php 第 15 行.
NOTIC: [8] Undefined variable: header D:\xampp\htdocs\wemall\ThinkPHP\Application\Runtime\Cache\Home\f64d738dec9062ca568444d9a07e17dd.php 第 25 行.
INFO: Run Behavior\ParseTemplateBehavior [ RunTime:0.031201s ]
INFO: [ view_parse ] --END-- [ RunTime:-0.967201s ]
INFO: [ view_filter ] --START--
INFO: Run Behavior\WriteHtmlCacheBehavior [ RunTime:0.000000s ]
INFO: [ view_filter ] --END-- [ RunTime:-0.998402s ]
INFO: [ app_end ] --START--
INFO: Run Behavior\ShowPageTraceBehavior [ RunTime:0.000000s ]
INFO: [ app_end ] --END-- [ RunTime:0.000000s ]

[ 2015-05-21T10:33:05+08:00 ] 127.0.0.1 /wemall/WeiPHP/index.php
INFO: [ app_init ] --START--
INFO: Run Behavior\BuildLiteBehavior [ RunTime:0.000000s ]
INFO: [ app_init ] --END-- [ RunTime:0.002000s ]
INFO: [ app_begin ] --START--
INFO: Run Behavior\ReadHtmlCacheBehavior [ RunTime:0.001000s ]
INFO: [ app_begin ] --END-- [ RunTime:0.001000s ]
INFO: [ view_parse ] --START--
INFO: [ template_filter ] --START--
INFO: Run Behavior\ContentReplaceBehavior [ RunTime:0.000000s ]
INFO: [ template_filter ] --END-- [ RunTime:0.001000s ]
INFO: Run Behavior\ParseTemplateBehavior [ RunTime:0.007001s ]
INFO: [ view_parse ] --END-- [ RunTime:0.008001s ]
INFO: [ view_filter ] --START--
INFO: Run Behavior\WriteHtmlCacheBehavior [ RunTime:0.001000s ]
INFO: [ view_filter ] --END-- [ RunTime:0.001000s ]
INFO: [ view_parse ] --START--
INFO: [ template_filter ] --START--
INFO: Run Behavior\ContentReplaceBehavior [ RunTime:0.000000s ]
INFO: [ template_filter ] --END-- [ RunTime:-0.010001s ]
INFO: Run Behavior\ParseTemplateBehavior [ RunTime:0.008000s ]
INFO: [ view_parse ] --END-- [ RunTime:-0.001000s ]
INFO: [ view_filter ] --START--
INFO: Run Behavior\WriteHtmlCacheBehavior [ RunTime:0.000000s ]
INFO: [ view_filter ] --END-- [ RunTime:-0.010000s ]
SQL: SHOW COLUMNS FROM `wemall_customer` [ RunTime:0.0080s ]
SQL: SELECT * FROM `wemall_customer` WHERE `id` = 0 LIMIT 1   [ RunTime:0.0070s ]
SQL: SHOW COLUMNS FROM `wemall_goods` [ RunTime:0.0090s ]
SQL: SELECT * FROM `wemall_goods` WHERE ( state=1 ) ORDER BY reorder desc LIMIT 0,10   [ RunTime:0.0090s ]
SQL: SHOW COLUMNS FROM `wemall_attachment` [ RunTime:0.0080s ]
SQL: SELECT * FROM `wemall_attachment` WHERE `id` = 605  [ RunTime:0.0080s ]
SQL: SELECT * FROM `wemall_attachment` WHERE `id` = 591  [ RunTime:0.0070s ]
SQL: SELECT * FROM `wemall_attachment` WHERE `id` = 582  [ RunTime:0.0070s ]
SQL: SELECT * FROM `wemall_attachment` WHERE `id` = 573  [ RunTime:0.0070s ]
SQL: SELECT * FROM `wemall_attachment` WHERE `id` = 570  [ RunTime:0.0070s ]
SQL: SELECT * FROM `wemall_attachment` WHERE `id` = 441  [ RunTime:0.0070s ]
SQL: SELECT * FROM `wemall_attachment` WHERE `id` = 475  [ RunTime:0.0070s ]
SQL: SELECT * FROM `wemall_attachment` WHERE `id` = 461  [ RunTime:0.0070s ]
SQL: SELECT * FROM `wemall_attachment` WHERE `id` = 458  [ RunTime:0.0080s ]
SQL: SELECT * FROM `wemall_attachment` WHERE `id` = 432  [ RunTime:0.0070s ]
SQL: SHOW COLUMNS FROM `wemall_source` [ RunTime:0.0080s ]
SQL: SELECT * FROM `wemall_source` WHERE `id` = 9 LIMIT 1   [ RunTime:0.0090s ]
SQL: SHOW COLUMNS FROM `wemall_attachment` [ RunTime:0.0090s ]
SQL: SELECT * FROM `wemall_attachment` WHERE `id` = 184 LIMIT 1   [ RunTime:0.0080s ]
SQL: SELECT * FROM `wemall_attachment` WHERE `id` = 184 LIMIT 1   [ RunTime:0.0080s ]
SQL: SELECT * FROM `wemall_source` WHERE `id` = 9 LIMIT 1   [ RunTime:0.0060s ]
SQL: SELECT * FROM `wemall_attachment` WHERE `id` = 184 LIMIT 1   [ RunTime:0.0070s ]
SQL: SELECT * FROM `wemall_attachment` WHERE `id` = 184 LIMIT 1   [ RunTime:0.0070s ]
SQL: SELECT * FROM `wemall_source` WHERE `id` = 9 LIMIT 1   [ RunTime:0.0070s ]
SQL: SELECT * FROM `wemall_attachment` WHERE `id` = 184 LIMIT 1   [ RunTime:0.0080s ]
SQL: SELECT * FROM `wemall_attachment` WHERE `id` = 184 LIMIT 1   [ RunTime:0.0070s ]
SQL: SELECT * FROM `wemall_source` WHERE `id` = 9 LIMIT 1   [ RunTime:0.0070s ]
SQL: SELECT * FROM `wemall_attachment` WHERE `id` = 184 LIMIT 1   [ RunTime:0.0080s ]
SQL: SELECT * FROM `wemall_attachment` WHERE `id` = 184 LIMIT 1   [ RunTime:0.0090s ]
SQL: SELECT * FROM `wemall_source` WHERE `id` = 9 LIMIT 1   [ RunTime:0.0090s ]
SQL: SELECT * FROM `wemall_attachment` WHERE `id` = 184 LIMIT 1   [ RunTime:0.0060s ]
SQL: SELECT * FROM `wemall_attachment` WHERE `id` = 184 LIMIT 1   [ RunTime:0.0090s ]
SQL: SELECT * FROM `wemall_source` WHERE `id` = 1 LIMIT 1   [ RunTime:0.0070s ]
SQL: SELECT * FROM `wemall_attachment` WHERE `id` = 491 LIMIT 1   [ RunTime:0.0070s ]
SQL: SELECT * FROM `wemall_attachment` WHERE `id` = 491 LIMIT 1   [ RunTime:0.0070s ]
SQL: SELECT * FROM `wemall_source` WHERE `id` = 1 LIMIT 1   [ RunTime:0.0060s ]
SQL: SELECT * FROM `wemall_attachment` WHERE `id` = 491 LIMIT 1   [ RunTime:0.0070s ]
SQL: SELECT * FROM `wemall_attachment` WHERE `id` = 491 LIMIT 1   [ RunTime:0.0090s ]
SQL: SELECT * FROM `wemall_source` WHERE `id` = 1 LIMIT 1   [ RunTime:0.0070s ]
SQL: SELECT * FROM `wemall_attachment` WHERE `id` = 491 LIMIT 1   [ RunTime:0.0080s ]
SQL: SELECT * FROM `wemall_attachment` WHERE `id` = 491 LIMIT 1   [ RunTime:0.0070s ]
SQL: SELECT * FROM `wemall_source` WHERE `id` = 1 LIMIT 1   [ RunTime:0.0070s ]
SQL: SELECT * FROM `wemall_attachment` WHERE `id` = 491 LIMIT 1   [ RunTime:0.0070s ]
SQL: SELECT * FROM `wemall_attachment` WHERE `id` = 491 LIMIT 1   [ RunTime:0.0070s ]
SQL: SELECT * FROM `wemall_source` WHERE `id` = 9 LIMIT 1   [ RunTime:0.0080s ]
SQL: SELECT * FROM `wemall_attachment` WHERE `id` = 184 LIMIT 1   [ RunTime:0.0090s ]
SQL: SELECT * FROM `wemall_attachment` WHERE `id` = 184 LIMIT 1   [ RunTime:0.0080s ]
SQL: SHOW COLUMNS FROM `wemall_logistics` [ RunTime:0.0070s ]
SQL: SELECT * FROM `wemall_logistics` WHERE `mode` = 1 LIMIT 1   [ RunTime:0.0060s ]
SQL: SELECT * FROM `wemall_logistics` WHERE `mode` = 1 LIMIT 1   [ RunTime:0.0070s ]
SQL: SELECT * FROM `wemall_logistics` WHERE `mode` = 1 LIMIT 1   [ RunTime:0.0070s ]
SQL: SELECT * FROM `wemall_logistics` WHERE `mode` = 1 LIMIT 1   [ RunTime:0.0070s ]
SQL: SELECT * FROM `wemall_logistics` WHERE `mode` = 1 LIMIT 1   [ RunTime:0.0060s ]
SQL: SELECT * FROM `wemall_logistics` WHERE `mode` = 0 LIMIT 1   [ RunTime:0.0060s ]
SQL: SELECT * FROM `wemall_logistics` WHERE `mode` = 1 LIMIT 1   [ RunTime:0.0070s ]
SQL: SELECT * FROM `wemall_logistics` WHERE `mode` = 0 LIMIT 1   [ RunTime:0.0070s ]
SQL: SELECT * FROM `wemall_logistics` WHERE `mode` = 0 LIMIT 1   [ RunTime:0.0080s ]
SQL: SELECT * FROM `wemall_logistics` WHERE `mode` = 0 LIMIT 1   [ RunTime:0.0060s ]
INFO: [ view_parse ] --START--
INFO: [ template_filter ] --START--
INFO: Run Behavior\ContentReplaceBehavior [ RunTime:0.000000s ]
INFO: [ template_filter ] --END-- [ RunTime:-0.612035s ]
INFO: Run Behavior\ParseTemplateBehavior [ RunTime:0.004001s ]
INFO: [ view_parse ] --END-- [ RunTime:-0.606034s ]
INFO: [ view_filter ] --START--
INFO: Run Behavior\WriteHtmlCacheBehavior [ RunTime:0.001000s ]
INFO: [ view_filter ] --END-- [ RunTime:-0.612035s ]
INFO: [ view_parse ] --START--
INFO: [ template_filter ] --START--
INFO: Run Behavior\ContentReplaceBehavior [ RunTime:0.000000s ]
INFO: [ template_filter ] --END-- [ RunTime:-0.620036s ]
INFO: Run Behavior\ParseTemplateBehavior [ RunTime:0.004000s ]
INFO: [ view_parse ] --END-- [ RunTime:-0.615035s ]
INFO: [ view_filter ] --START--
INFO: Run Behavior\WriteHtmlCacheBehavior [ RunTime:0.000000s ]
INFO: [ view_filter ] --END-- [ RunTime:-0.618035s ]
SQL: SHOW COLUMNS FROM `wemall_slide_show` [ RunTime:0.0080s ]
SQL: SELECT * FROM `wemall_slide_show` WHERE `status` = 1 ORDER BY weight desc LIMIT 6   [ RunTime:0.0080s ]
SQL: SHOW COLUMNS FROM `wemall_attachment` [ RunTime:0.0090s ]
SQL: SELECT * FROM `wemall_attachment` WHERE `id` = 453  [ RunTime:0.0080s ]
SQL: SELECT * FROM `wemall_attachment` WHERE `id` = 452  [ RunTime:0.0070s ]
SQL: SELECT * FROM `wemall_attachment` WHERE `id` = 175  [ RunTime:0.0070s ]
SQL: SELECT * FROM `wemall_attachment` WHERE `id` = 174  [ RunTime:0.0070s ]
SQL: SELECT * FROM `wemall_attachment` WHERE `id` = 173  [ RunTime:0.0080s ]
INFO: [ view_parse ] --START--
INFO: [ template_filter ] --START--
INFO: Run Behavior\ContentReplaceBehavior [ RunTime:0.000000s ]
INFO: [ template_filter ] --END-- [ RunTime:-0.721042s ]
INFO: Run Behavior\ParseTemplateBehavior [ RunTime:0.026002s ]
INFO: [ view_parse ] --END-- [ RunTime:-0.693039s ]
INFO: [ view_filter ] --START--
INFO: Run Behavior\WriteHtmlCacheBehavior [ RunTime:0.000000s ]
INFO: [ view_filter ] --END-- [ RunTime:-0.720041s ]
INFO: [ view_parse ] --START--
INFO: [ template_filter ] --START--
INFO: Run Behavior\ContentReplaceBehavior [ RunTime:0.000000s ]
INFO: [ template_filter ] --END-- [ RunTime:-0.739043s ]
INFO: Run Behavior\ParseTemplateBehavior [ RunTime:0.016001s ]
INFO: [ view_parse ] --END-- [ RunTime:-0.722041s ]
INFO: [ view_filter ] --START--
INFO: Run Behavior\WriteHtmlCacheBehavior [ RunTime:0.000000s ]
INFO: [ view_filter ] --END-- [ RunTime:-0.738042s ]
INFO: [ view_parse ] --START--
INFO: [ template_filter ] --START--
INFO: Run Behavior\ContentReplaceBehavior [ RunTime:0.000000s ]
INFO: [ template_filter ] --END-- [ RunTime:-0.758044s ]
INFO: Run Behavior\ParseTemplateBehavior [ RunTime:0.018001s ]
INFO: [ view_parse ] --END-- [ RunTime:-0.740042s ]
INFO: [ view_filter ] --START--
INFO: Run Behavior\WriteHtmlCacheBehavior [ RunTime:0.000000s ]
INFO: [ view_filter ] --END-- [ RunTime:-0.757043s ]
INFO: [ view_parse ] --START--
INFO: [ template_filter ] --START--
INFO: Run Behavior\ContentReplaceBehavior [ RunTime:0.000000s ]
INFO: [ template_filter ] --END-- [ RunTime:-0.765044s ]
INFO: Run Behavior\ParseTemplateBehavior [ RunTime:0.004000s ]
INFO: [ view_parse ] --END-- [ RunTime:-0.759043s ]
INFO: [ view_filter ] --START--
INFO: Run Behavior\WriteHtmlCacheBehavior [ RunTime:0.000000s ]
INFO: [ view_filter ] --END-- [ RunTime:-0.764043s ]
INFO: [ view_parse ] --START--
INFO: [ template_filter ] --START--
INFO: Run Behavior\ContentReplaceBehavior [ RunTime:0.000000s ]
INFO: [ template_filter ] --END-- [ RunTime:-0.779045s ]
INFO: Run Behavior\ParseTemplateBehavior [ RunTime:0.015001s ]
INFO: [ view_parse ] --END-- [ RunTime:-0.766043s ]
INFO: [ view_filter ] --START--
INFO: Run Behavior\WriteHtmlCacheBehavior [ RunTime:0.000000s ]
INFO: [ view_filter ] --END-- [ RunTime:-0.780044s ]
INFO: [ view_parse ] --START--
INFO: [ template_filter ] --START--
INFO: Run Behavior\ContentReplaceBehavior [ RunTime:0.000000s ]
INFO: [ template_filter ] --END-- [ RunTime:-0.788045s ]
INFO: Run Behavior\ParseTemplateBehavior [ RunTime:0.005001s ]
INFO: [ view_parse ] --END-- [ RunTime:-0.782044s ]
INFO: [ view_filter ] --START--
INFO: Run Behavior\WriteHtmlCacheBehavior [ RunTime:0.000000s ]
INFO: [ view_filter ] --END-- [ RunTime:-0.786045s ]
INFO: [ view_parse ] --START--
INFO: [ template_filter ] --START--
INFO: Run Behavior\ContentReplaceBehavior [ RunTime:0.000000s ]
INFO: [ template_filter ] --END-- [ RunTime:-0.799046s ]
NOTIC: [8] Undefined variable: YZTitle D:\xampp\htdocs\wemall\ThinkPHP\Application\Runtime\Cache\Home\f64d738dec9062ca568444d9a07e17dd.php 第 15 行.
NOTIC: [8] Undefined variable: header D:\xampp\htdocs\wemall\ThinkPHP\Application\Runtime\Cache\Home\f64d738dec9062ca568444d9a07e17dd.php 第 25 行.
INFO: Run Behavior\ParseTemplateBehavior [ RunTime:0.010000s ]
INFO: [ view_parse ] --END-- [ RunTime:-0.788045s ]
INFO: [ view_filter ] --START--
INFO: Run Behavior\WriteHtmlCacheBehavior [ RunTime:0.000000s ]
INFO: [ view_filter ] --END-- [ RunTime:-0.798045s ]
INFO: [ app_end ] --START--
INFO: Run Behavior\ShowPageTraceBehavior [ RunTime:0.001000s ]
INFO: [ app_end ] --END-- [ RunTime:0.001000s ]

[ 2015-05-21T13:41:17+08:00 ] 127.0.0.1 /wemall/WeiPHP/index.php?XDEBUG_SESSION_START=netbeans-xdebug
INFO: [ app_init ] --START--
INFO: Run Behavior\BuildLiteBehavior [ RunTime:0.000000s ]
INFO: [ app_init ] --END-- [ RunTime:0.001000s ]
INFO: [ app_begin ] --START--
INFO: Run Behavior\ReadHtmlCacheBehavior [ RunTime:0.001000s ]
INFO: [ app_begin ] --END-- [ RunTime:0.002000s ]
INFO: [ view_parse ] --START--
INFO: [ template_filter ] --START--
INFO: Run Behavior\ContentReplaceBehavior [ RunTime:0.000000s ]
INFO: [ template_filter ] --END-- [ RunTime:0.001000s ]
INFO: Run Behavior\ParseTemplateBehavior [ RunTime:0.006001s ]
INFO: [ view_parse ] --END-- [ RunTime:0.006001s ]
INFO: [ view_filter ] --START--
INFO: Run Behavior\WriteHtmlCacheBehavior [ RunTime:0.001000s ]
INFO: [ view_filter ] --END-- [ RunTime:0.001000s ]
INFO: [ view_parse ] --START--
INFO: [ template_filter ] --START--
INFO: Run Behavior\ContentReplaceBehavior [ RunTime:0.000000s ]
INFO: [ template_filter ] --END-- [ RunTime:-0.009000s ]
INFO: Run Behavior\ParseTemplateBehavior [ RunTime:0.009000s ]
INFO: [ view_parse ] --END-- [ RunTime:-0.002000s ]
INFO: [ view_filter ] --START--
INFO: Run Behavior\WriteHtmlCacheBehavior [ RunTime:0.000000s ]
INFO: [ view_filter ] --END-- [ RunTime:-0.010000s ]
SQL: SHOW COLUMNS FROM `wemall_customer` [ RunTime:0.0140s ]
SQL: SELECT * FROM `wemall_customer` WHERE `id` = 0 LIMIT 1   [ RunTime:0.0110s ]
SQL: SHOW COLUMNS FROM `wemall_goods` [ RunTime:0.0110s ]
SQL: SELECT * FROM `wemall_goods` WHERE ( state=1 ) ORDER BY reorder desc LIMIT 0,10   [ RunTime:0.0120s ]
SQL: SHOW COLUMNS FROM `wemall_attachment` [ RunTime:0.0120s ]
SQL: SELECT * FROM `wemall_attachment` WHERE `id` = 605  [ RunTime:0.0090s ]
SQL: SELECT * FROM `wemall_attachment` WHERE `id` = 591  [ RunTime:0.0120s ]
SQL: SELECT * FROM `wemall_attachment` WHERE `id` = 582  [ RunTime:0.0150s ]
SQL: SELECT * FROM `wemall_attachment` WHERE `id` = 573  [ RunTime:0.0090s ]
SQL: SELECT * FROM `wemall_attachment` WHERE `id` = 570  [ RunTime:0.0100s ]
SQL: SELECT * FROM `wemall_attachment` WHERE `id` = 441  [ RunTime:0.0090s ]
SQL: SELECT * FROM `wemall_attachment` WHERE `id` = 475  [ RunTime:0.0100s ]
SQL: SELECT * FROM `wemall_attachment` WHERE `id` = 461  [ RunTime:0.0090s ]
SQL: SELECT * FROM `wemall_attachment` WHERE `id` = 458  [ RunTime:0.0100s ]
SQL: SELECT * FROM `wemall_attachment` WHERE `id` = 432  [ RunTime:0.0100s ]
SQL: SHOW COLUMNS FROM `wemall_source` [ RunTime:0.0090s ]
SQL: SELECT * FROM `wemall_source` WHERE `id` = 9 LIMIT 1   [ RunTime:0.0090s ]
SQL: SHOW COLUMNS FROM `wemall_attachment` [ RunTime:0.0130s ]
SQL: SELECT * FROM `wemall_attachment` WHERE `id` = 184 LIMIT 1   [ RunTime:0.0120s ]
SQL: SELECT * FROM `wemall_attachment` WHERE `id` = 184 LIMIT 1   [ RunTime:0.0100s ]
SQL: SELECT * FROM `wemall_source` WHERE `id` = 9 LIMIT 1   [ RunTime:0.0100s ]
SQL: SELECT * FROM `wemall_attachment` WHERE `id` = 184 LIMIT 1   [ RunTime:0.0110s ]
SQL: SELECT * FROM `wemall_attachment` WHERE `id` = 184 LIMIT 1   [ RunTime:0.0090s ]
SQL: SELECT * FROM `wemall_source` WHERE `id` = 9 LIMIT 1   [ RunTime:0.0090s ]
SQL: SELECT * FROM `wemall_attachment` WHERE `id` = 184 LIMIT 1   [ RunTime:0.0140s ]
SQL: SELECT * FROM `wemall_attachment` WHERE `id` = 184 LIMIT 1   [ RunTime:0.0120s ]
SQL: SELECT * FROM `wemall_source` WHERE `id` = 9 LIMIT 1   [ RunTime:0.0100s ]
SQL: SELECT * FROM `wemall_attachment` WHERE `id` = 184 LIMIT 1   [ RunTime:0.0120s ]
SQL: SELECT * FROM `wemall_attachment` WHERE `id` = 184 LIMIT 1   [ RunTime:0.0160s ]
SQL: SELECT * FROM `wemall_source` WHERE `id` = 9 LIMIT 1   [ RunTime:0.0110s ]
SQL: SELECT * FROM `wemall_attachment` WHERE `id` = 184 LIMIT 1   [ RunTime:0.0120s ]
SQL: SELECT * FROM `wemall_attachment` WHERE `id` = 184 LIMIT 1   [ RunTime:0.0090s ]
SQL: SELECT * FROM `wemall_source` WHERE `id` = 1 LIMIT 1   [ RunTime:0.0090s ]
SQL: SELECT * FROM `wemall_attachment` WHERE `id` = 491 LIMIT 1   [ RunTime:0.0100s ]
SQL: SELECT * FROM `wemall_attachment` WHERE `id` = 491 LIMIT 1   [ RunTime:0.0150s ]
SQL: SELECT * FROM `wemall_source` WHERE `id` = 1 LIMIT 1   [ RunTime:0.0120s ]
SQL: SELECT * FROM `wemall_attachment` WHERE `id` = 491 LIMIT 1   [ RunTime:0.0100s ]
SQL: SELECT * FROM `wemall_attachment` WHERE `id` = 491 LIMIT 1   [ RunTime:0.0080s ]
SQL: SELECT * FROM `wemall_source` WHERE `id` = 1 LIMIT 1   [ RunTime:0.0110s ]
SQL: SELECT * FROM `wemall_attachment` WHERE `id` = 491 LIMIT 1   [ RunTime:0.0140s ]
SQL: SELECT * FROM `wemall_attachment` WHERE `id` = 491 LIMIT 1   [ RunTime:0.0120s ]
SQL: SELECT * FROM `wemall_source` WHERE `id` = 1 LIMIT 1   [ RunTime:0.0130s ]
SQL: SELECT * FROM `wemall_attachment` WHERE `id` = 491 LIMIT 1   [ RunTime:0.0100s ]
SQL: SELECT * FROM `wemall_attachment` WHERE `id` = 491 LIMIT 1   [ RunTime:0.0120s ]
SQL: SELECT * FROM `wemall_source` WHERE `id` = 9 LIMIT 1   [ RunTime:0.0130s ]
SQL: SELECT * FROM `wemall_attachment` WHERE `id` = 184 LIMIT 1   [ RunTime:0.0120s ]
SQL: SELECT * FROM `wemall_attachment` WHERE `id` = 184 LIMIT 1   [ RunTime:0.0120s ]
SQL: SHOW COLUMNS FROM `wemall_logistics` [ RunTime:0.0100s ]
SQL: SELECT * FROM `wemall_logistics` WHERE `mode` = 1 LIMIT 1   [ RunTime:0.0140s ]
SQL: SELECT * FROM `wemall_logistics` WHERE `mode` = 1 LIMIT 1   [ RunTime:0.0130s ]
SQL: SELECT * FROM `wemall_logistics` WHERE `mode` = 1 LIMIT 1   [ RunTime:0.0100s ]
SQL: SELECT * FROM `wemall_logistics` WHERE `mode` = 1 LIMIT 1   [ RunTime:0.0140s ]
SQL: SELECT * FROM `wemall_logistics` WHERE `mode` = 1 LIMIT 1   [ RunTime:0.0090s ]
SQL: SELECT * FROM `wemall_logistics` WHERE `mode` = 0 LIMIT 1   [ RunTime:0.0100s ]
SQL: SELECT * FROM `wemall_logistics` WHERE `mode` = 1 LIMIT 1   [ RunTime:0.0100s ]
SQL: SELECT * FROM `wemall_logistics` WHERE `mode` = 0 LIMIT 1   [ RunTime:0.0110s ]
SQL: SELECT * FROM `wemall_logistics` WHERE `mode` = 0 LIMIT 1   [ RunTime:0.0110s ]
SQL: SELECT * FROM `wemall_logistics` WHERE `mode` = 0 LIMIT 1   [ RunTime:0.0090s ]
INFO: [ view_parse ] --START--
INFO: [ template_filter ] --START--
INFO: Run Behavior\ContentReplaceBehavior [ RunTime:0.000000s ]
INFO: [ template_filter ] --END-- [ RunTime:-0.884050s ]
INFO: Run Behavior\ParseTemplateBehavior [ RunTime:0.005000s ]
INFO: [ view_parse ] --END-- [ RunTime:-0.879050s ]
INFO: [ view_filter ] --START--
INFO: Run Behavior\WriteHtmlCacheBehavior [ RunTime:0.000000s ]
INFO: [ view_filter ] --END-- [ RunTime:-0.884050s ]
INFO: [ view_parse ] --START--
INFO: [ template_filter ] --START--
INFO: Run Behavior\ContentReplaceBehavior [ RunTime:0.001001s ]
INFO: [ template_filter ] --END-- [ RunTime:-0.889050s ]
INFO: Run Behavior\ParseTemplateBehavior [ RunTime:0.004001s ]
INFO: [ view_parse ] --END-- [ RunTime:-0.886050s ]
INFO: [ view_filter ] --START--
INFO: Run Behavior\WriteHtmlCacheBehavior [ RunTime:0.000000s ]
INFO: [ view_filter ] --END-- [ RunTime:-0.889051s ]
SQL: SHOW COLUMNS FROM `wemall_slide_show` [ RunTime:0.0090s ]
SQL: SELECT * FROM `wemall_slide_show` WHERE `status` = 1 ORDER BY weight desc LIMIT 6   [ RunTime:0.0120s ]
SQL: SHOW COLUMNS FROM `wemall_attachment` [ RunTime:0.0130s ]
SQL: SELECT * FROM `wemall_attachment` WHERE `id` = 453  [ RunTime:0.0120s ]
SQL: SELECT * FROM `wemall_attachment` WHERE `id` = 452  [ RunTime:0.0100s ]
SQL: SELECT * FROM `wemall_attachment` WHERE `id` = 175  [ RunTime:0.0090s ]
SQL: SELECT * FROM `wemall_attachment` WHERE `id` = 174  [ RunTime:0.0090s ]
SQL: SELECT * FROM `wemall_attachment` WHERE `id` = 173  [ RunTime:0.0090s ]
INFO: [ view_parse ] --START--
INFO: [ template_filter ] --START--
INFO: Run Behavior\ContentReplaceBehavior [ RunTime:0.000000s ]
INFO: [ template_filter ] --END-- [ RunTime:-1.054060s ]
INFO: Run Behavior\ParseTemplateBehavior [ RunTime:0.012001s ]
INFO: [ view_parse ] --END-- [ RunTime:-1.042059s ]
INFO: [ view_filter ] --START--
INFO: Run Behavior\WriteHtmlCacheBehavior [ RunTime:0.000000s ]
INFO: [ view_filter ] --END-- [ RunTime:-1.054060s ]
INFO: [ view_parse ] --START--
INFO: [ template_filter ] --START--
INFO: Run Behavior\ContentReplaceBehavior [ RunTime:0.000000s ]
INFO: [ template_filter ] --END-- [ RunTime:-1.060060s ]
INFO: Run Behavior\ParseTemplateBehavior [ RunTime:0.005000s ]
INFO: [ view_parse ] --END-- [ RunTime:-1.056060s ]
INFO: [ view_filter ] --START--
INFO: Run Behavior\WriteHtmlCacheBehavior [ RunTime:0.000000s ]
INFO: [ view_filter ] --END-- [ RunTime:-1.061060s ]
INFO: [ view_parse ] --START--
INFO: [ template_filter ] --START--
INFO: Run Behavior\ContentReplaceBehavior [ RunTime:0.001000s ]
INFO: [ template_filter ] --END-- [ RunTime:-1.082062s ]
INFO: Run Behavior\ParseTemplateBehavior [ RunTime:0.021002s ]
INFO: [ view_parse ] --END-- [ RunTime:-1.063060s ]
INFO: [ view_filter ] --START--
INFO: Run Behavior\WriteHtmlCacheBehavior [ RunTime:0.000000s ]
INFO: [ view_filter ] --END-- [ RunTime:-1.083062s ]
INFO: [ view_parse ] --START--
INFO: [ template_filter ] --START--
INFO: Run Behavior\ContentReplaceBehavior [ RunTime:0.000000s ]
INFO: [ template_filter ] --END-- [ RunTime:-1.089062s ]
INFO: Run Behavior\ParseTemplateBehavior [ RunTime:0.004000s ]
INFO: [ view_parse ] --END-- [ RunTime:-1.085062s ]
INFO: [ view_filter ] --START--
INFO: Run Behavior\WriteHtmlCacheBehavior [ RunTime:0.000000s ]
INFO: [ view_filter ] --END-- [ RunTime:-1.089062s ]
INFO: [ view_parse ] --START--
INFO: [ template_filter ] --START--
INFO: Run Behavior\ContentReplaceBehavior [ RunTime:0.000000s ]
INFO: [ template_filter ] --END-- [ RunTime:-1.103063s ]
INFO: Run Behavior\ParseTemplateBehavior [ RunTime:0.016001s ]
INFO: [ view_parse ] --END-- [ RunTime:-1.091062s ]
INFO: [ view_filter ] --START--
INFO: Run Behavior\WriteHtmlCacheBehavior [ RunTime:0.000000s ]
INFO: [ view_filter ] --END-- [ RunTime:-1.106063s ]
INFO: [ view_parse ] --START--
INFO: [ template_filter ] --START--
INFO: Run Behavior\ContentReplaceBehavior [ RunTime:0.001000s ]
INFO: [ template_filter ] --END-- [ RunTime:-1.114063s ]
INFO: Run Behavior\ParseTemplateBehavior [ RunTime:0.007001s ]
INFO: [ view_parse ] --END-- [ RunTime:-1.109063s ]
INFO: [ view_filter ] --START--
INFO: Run Behavior\WriteHtmlCacheBehavior [ RunTime:0.000000s ]
INFO: [ view_filter ] --END-- [ RunTime:-1.115064s ]
INFO: [ view_parse ] --START--
INFO: [ template_filter ] --START--
INFO: Run Behavior\ContentReplaceBehavior [ RunTime:0.000000s ]
INFO: [ template_filter ] --END-- [ RunTime:-1.125064s ]
NOTIC: [8] Undefined variable: YZTitle D:\xampp\htdocs\wemall\ThinkPHP\Application\Runtime\Cache\Home\f64d738dec9062ca568444d9a07e17dd.php 第 15 行.
NOTIC: [8] Undefined variable: header D:\xampp\htdocs\wemall\ThinkPHP\Application\Runtime\Cache\Home\f64d738dec9062ca568444d9a07e17dd.php 第 25 行.
INFO: Run Behavior\ParseTemplateBehavior [ RunTime:0.010000s ]
INFO: [ view_parse ] --END-- [ RunTime:-1.117064s ]
INFO: [ view_filter ] --START--
INFO: Run Behavior\WriteHtmlCacheBehavior [ RunTime:0.001000s ]
INFO: [ view_filter ] --END-- [ RunTime:-1.126064s ]
INFO: [ app_end ] --START--
INFO: Run Behavior\ShowPageTraceBehavior [ RunTime:0.001000s ]
INFO: [ app_end ] --END-- [ RunTime:0.001000s ]

[ 2015-05-21T14:47:12+08:00 ] 127.0.0.1 /wemall/WeiPHP/index.php?XDEBUG_SESSION_START=netbeans-xdebug
INFO: [ app_init ] --START--
INFO: Run Behavior\BuildLiteBehavior [ RunTime:0.000000s ]
INFO: [ app_init ] --END-- [ RunTime:0.001000s ]
INFO: [ app_begin ] --START--
INFO: Run Behavior\ReadHtmlCacheBehavior [ RunTime:0.001000s ]
INFO: [ app_begin ] --END-- [ RunTime:0.001000s ]
INFO: [ view_parse ] --START--
INFO: [ template_filter ] --START--
INFO: Run Behavior\ContentReplaceBehavior [ RunTime:0.001000s ]
INFO: [ template_filter ] --END-- [ RunTime:0.001000s ]
INFO: Run Behavior\ParseTemplateBehavior [ RunTime:0.004000s ]
INFO: [ view_parse ] --END-- [ RunTime:0.005000s ]
INFO: [ view_filter ] --START--
INFO: Run Behavior\WriteHtmlCacheBehavior [ RunTime:0.000000s ]
INFO: [ view_filter ] --END-- [ RunTime:0.001000s ]
INFO: [ view_parse ] --START--
INFO: [ template_filter ] --START--
INFO: Run Behavior\ContentReplaceBehavior [ RunTime:0.001000s ]
INFO: [ template_filter ] --END-- [ RunTime:-0.010001s ]
INFO: Run Behavior\ParseTemplateBehavior [ RunTime:0.010001s ]
INFO: [ view_parse ] --END-- [ RunTime:-0.002000s ]
INFO: [ view_filter ] --START--
INFO: Run Behavior\WriteHtmlCacheBehavior [ RunTime:0.000000s ]
INFO: [ view_filter ] --END-- [ RunTime:-0.012001s ]
SQL: SHOW COLUMNS FROM `wemall_customer` [ RunTime:0.0100s ]
SQL: SELECT * FROM `wemall_customer` WHERE `openid` = 'oZuoxt8tnEUUf6YPBG-mNPYjoKQA' LIMIT 1   [ RunTime:0.0090s ]
SQL: SHOW COLUMNS FROM `wemall_goods` [ RunTime:0.0120s ]
SQL: SELECT * FROM `wemall_goods` WHERE ( state=1 ) ORDER BY reorder desc LIMIT 0,10   [ RunTime:0.0120s ]
SQL: SHOW COLUMNS FROM `wemall_attachment` [ RunTime:0.0100s ]
SQL: SELECT * FROM `wemall_attachment` WHERE `id` = 605  [ RunTime:0.0080s ]
SQL: SELECT * FROM `wemall_attachment` WHERE `id` = 591  [ RunTime:0.0080s ]
SQL: SELECT * FROM `wemall_attachment` WHERE `id` = 582  [ RunTime:0.0100s ]
SQL: SELECT * FROM `wemall_attachment` WHERE `id` = 573  [ RunTime:0.0090s ]
SQL: SELECT * FROM `wemall_attachment` WHERE `id` = 570  [ RunTime:0.0100s ]
SQL: SELECT * FROM `wemall_attachment` WHERE `id` = 441  [ RunTime:0.0100s ]
SQL: SELECT * FROM `wemall_attachment` WHERE `id` = 475  [ RunTime:0.0120s ]
SQL: SELECT * FROM `wemall_attachment` WHERE `id` = 461  [ RunTime:0.0080s ]
SQL: SELECT * FROM `wemall_attachment` WHERE `id` = 458  [ RunTime:0.0080s ]
SQL: SELECT * FROM `wemall_attachment` WHERE `id` = 432  [ RunTime:0.0100s ]
SQL: SHOW COLUMNS FROM `wemall_source` [ RunTime:0.0100s ]
SQL: SELECT * FROM `wemall_source` WHERE `id` = 9 LIMIT 1   [ RunTime:0.0070s ]
SQL: SHOW COLUMNS FROM `wemall_attachment` [ RunTime:0.0100s ]
SQL: SELECT * FROM `wemall_attachment` WHERE `id` = 184 LIMIT 1   [ RunTime:0.0090s ]
SQL: SELECT * FROM `wemall_attachment` WHERE `id` = 184 LIMIT 1   [ RunTime:0.0090s ]
SQL: SELECT * FROM `wemall_source` WHERE `id` = 9 LIMIT 1   [ RunTime:0.0080s ]
SQL: SELECT * FROM `wemall_attachment` WHERE `id` = 184 LIMIT 1   [ RunTime:0.0090s ]
SQL: SELECT * FROM `wemall_attachment` WHERE `id` = 184 LIMIT 1   [ RunTime:0.0080s ]
SQL: SELECT * FROM `wemall_source` WHERE `id` = 9 LIMIT 1   [ RunTime:0.0090s ]
SQL: SELECT * FROM `wemall_attachment` WHERE `id` = 184 LIMIT 1   [ RunTime:0.0090s ]
SQL: SELECT * FROM `wemall_attachment` WHERE `id` = 184 LIMIT 1   [ RunTime:0.0110s ]
SQL: SELECT * FROM `wemall_source` WHERE `id` = 9 LIMIT 1   [ RunTime:0.0070s ]
SQL: SELECT * FROM `wemall_attachment` WHERE `id` = 184 LIMIT 1   [ RunTime:0.0090s ]
SQL: SELECT * FROM `wemall_attachment` WHERE `id` = 184 LIMIT 1   [ RunTime:0.0080s ]
SQL: SELECT * FROM `wemall_source` WHERE `id` = 9 LIMIT 1   [ RunTime:0.0100s ]
SQL: SELECT * FROM `wemall_attachment` WHERE `id` = 184 LIMIT 1   [ RunTime:0.0090s ]
SQL: SELECT * FROM `wemall_attachment` WHERE `id` = 184 LIMIT 1   [ RunTime:0.0090s ]
SQL: SELECT * FROM `wemall_source` WHERE `id` = 1 LIMIT 1   [ RunTime:0.0080s ]
SQL: SELECT * FROM `wemall_attachment` WHERE `id` = 491 LIMIT 1   [ RunTime:0.0090s ]
SQL: SELECT * FROM `wemall_attachment` WHERE `id` = 491 LIMIT 1   [ RunTime:0.0080s ]
SQL: SELECT * FROM `wemall_source` WHERE `id` = 1 LIMIT 1   [ RunTime:0.0090s ]
SQL: SELECT * FROM `wemall_attachment` WHERE `id` = 491 LIMIT 1   [ RunTime:0.0090s ]
SQL: SELECT * FROM `wemall_attachment` WHERE `id` = 491 LIMIT 1   [ RunTime:0.0090s ]
SQL: SELECT * FROM `wemall_source` WHERE `id` = 1 LIMIT 1   [ RunTime:0.0080s ]
SQL: SELECT * FROM `wemall_attachment` WHERE `id` = 491 LIMIT 1   [ RunTime:0.0090s ]
SQL: SELECT * FROM `wemall_attachment` WHERE `id` = 491 LIMIT 1   [ RunTime:0.0080s ]
SQL: SELECT * FROM `wemall_source` WHERE `id` = 1 LIMIT 1   [ RunTime:0.0090s ]
SQL: SELECT * FROM `wemall_attachment` WHERE `id` = 491 LIMIT 1   [ RunTime:0.0090s ]
SQL: SELECT * FROM `wemall_attachment` WHERE `id` = 491 LIMIT 1   [ RunTime:0.0090s ]
SQL: SELECT * FROM `wemall_source` WHERE `id` = 9 LIMIT 1   [ RunTime:0.0080s ]
SQL: SELECT * FROM `wemall_attachment` WHERE `id` = 184 LIMIT 1   [ RunTime:0.0090s ]
SQL: SELECT * FROM `wemall_attachment` WHERE `id` = 184 LIMIT 1   [ RunTime:0.0080s ]
SQL: SHOW COLUMNS FROM `wemall_logistics` [ RunTime:0.0090s ]
SQL: SELECT * FROM `wemall_logistics` WHERE `mode` = 1 LIMIT 1   [ RunTime:0.0070s ]
SQL: SELECT * FROM `wemall_logistics` WHERE `mode` = 1 LIMIT 1   [ RunTime:0.0250s ]
SQL: SELECT * FROM `wemall_logistics` WHERE `mode` = 1 LIMIT 1   [ RunTime:0.0130s ]
SQL: SELECT * FROM `wemall_logistics` WHERE `mode` = 1 LIMIT 1   [ RunTime:0.0090s ]
SQL: SELECT * FROM `wemall_logistics` WHERE `mode` = 1 LIMIT 1   [ RunTime:0.0110s ]
SQL: SELECT * FROM `wemall_logistics` WHERE `mode` = 0 LIMIT 1   [ RunTime:0.0310s ]
SQL: SELECT * FROM `wemall_logistics` WHERE `mode` = 1 LIMIT 1   [ RunTime:0.0090s ]
SQL: SELECT * FROM `wemall_logistics` WHERE `mode` = 0 LIMIT 1   [ RunTime:0.0090s ]
SQL: SELECT * FROM `wemall_logistics` WHERE `mode` = 0 LIMIT 1   [ RunTime:0.0070s ]
SQL: SELECT * FROM `wemall_logistics` WHERE `mode` = 0 LIMIT 1   [ RunTime:0.0090s ]
INFO: [ view_parse ] --START--
INFO: [ template_filter ] --START--
INFO: Run Behavior\ContentReplaceBehavior [ RunTime:0.000000s ]
INFO: [ template_filter ] --END-- [ RunTime:-0.780045s ]
INFO: Run Behavior\ParseTemplateBehavior [ RunTime:0.019001s ]
INFO: [ view_parse ] --END-- [ RunTime:-0.765044s ]
INFO: [ view_filter ] --START--
INFO: Run Behavior\WriteHtmlCacheBehavior [ RunTime:0.000000s ]
INFO: [ view_filter ] --END-- [ RunTime:-0.785045s ]
INFO: [ view_parse ] --START--
INFO: [ template_filter ] --START--
INFO: Run Behavior\ContentReplaceBehavior [ RunTime:0.000000s ]
INFO: [ template_filter ] --END-- [ RunTime:-0.792046s ]
INFO: Run Behavior\ParseTemplateBehavior [ RunTime:0.005001s ]
INFO: [ view_parse ] --END-- [ RunTime:-0.788045s ]
INFO: [ view_filter ] --START--
INFO: Run Behavior\WriteHtmlCacheBehavior [ RunTime:0.000000s ]
INFO: [ view_filter ] --END-- [ RunTime:-0.793046s ]
SQL: SHOW COLUMNS FROM `wemall_slide_show` [ RunTime:0.0080s ]
SQL: SELECT * FROM `wemall_slide_show` WHERE `status` = 1 ORDER BY weight desc LIMIT 6   [ RunTime:0.0080s ]
SQL: SHOW COLUMNS FROM `wemall_attachment` [ RunTime:0.0100s ]
SQL: SELECT * FROM `wemall_attachment` WHERE `id` = 453  [ RunTime:0.0130s ]
SQL: SELECT * FROM `wemall_attachment` WHERE `id` = 452  [ RunTime:0.0090s ]
SQL: SELECT * FROM `wemall_attachment` WHERE `id` = 175  [ RunTime:0.0090s ]
SQL: SELECT * FROM `wemall_attachment` WHERE `id` = 174  [ RunTime:0.0080s ]
SQL: SELECT * FROM `wemall_attachment` WHERE `id` = 173  [ RunTime:0.0100s ]
INFO: [ view_parse ] --START--
INFO: [ template_filter ] --START--
INFO: Run Behavior\ContentReplaceBehavior [ RunTime:0.000000s ]
INFO: [ template_filter ] --END-- [ RunTime:-0.944054s ]
INFO: Run Behavior\ParseTemplateBehavior [ RunTime:0.011000s ]
INFO: [ view_parse ] --END-- [ RunTime:-0.933054s ]
INFO: [ view_filter ] --START--
INFO: Run Behavior\WriteHtmlCacheBehavior [ RunTime:0.000000s ]
INFO: [ view_filter ] --END-- [ RunTime:-0.945054s ]
INFO: [ view_parse ] --START--
INFO: [ template_filter ] --START--
INFO: Run Behavior\ContentReplaceBehavior [ RunTime:0.000000s ]
INFO: [ template_filter ] --END-- [ RunTime:-0.951055s ]
INFO: Run Behavior\ParseTemplateBehavior [ RunTime:0.005001s ]
INFO: [ view_parse ] --END-- [ RunTime:-0.947054s ]
INFO: [ view_filter ] --START--
INFO: Run Behavior\WriteHtmlCacheBehavior [ RunTime:0.000000s ]
INFO: [ view_filter ] --END-- [ RunTime:-0.951055s ]
INFO: [ view_parse ] --START--
INFO: [ template_filter ] --START--
INFO: Run Behavior\ContentReplaceBehavior [ RunTime:0.000000s ]
INFO: [ template_filter ] --END-- [ RunTime:-0.974056s ]
INFO: Run Behavior\ParseTemplateBehavior [ RunTime:0.023001s ]
INFO: [ view_parse ] --END-- [ RunTime:-0.953055s ]
INFO: [ view_filter ] --START--
INFO: Run Behavior\WriteHtmlCacheBehavior [ RunTime:0.000000s ]
INFO: [ view_filter ] --END-- [ RunTime:-0.977056s ]
INFO: [ view_parse ] --START--
INFO: [ template_filter ] --START--
INFO: Run Behavior\ContentReplaceBehavior [ RunTime:0.000000s ]
INFO: [ template_filter ] --END-- [ RunTime:-0.982056s ]
INFO: Run Behavior\ParseTemplateBehavior [ RunTime:0.004001s ]
INFO: [ view_parse ] --END-- [ RunTime:-0.979056s ]
INFO: [ view_filter ] --START--
INFO: Run Behavior\WriteHtmlCacheBehavior [ RunTime:0.000000s ]
INFO: [ view_filter ] --END-- [ RunTime:-0.983057s ]
INFO: [ view_parse ] --START--
INFO: [ template_filter ] --START--
INFO: Run Behavior\ContentReplaceBehavior [ RunTime:0.000000s ]
INFO: [ template_filter ] --END-- [ RunTime:-1.004058s ]
INFO: Run Behavior\ParseTemplateBehavior [ RunTime:0.024001s ]
INFO: [ view_parse ] --END-- [ RunTime:-0.985057s ]
INFO: [ view_filter ] --START--
INFO: Run Behavior\WriteHtmlCacheBehavior [ RunTime:0.000000s ]
INFO: [ view_filter ] --END-- [ RunTime:-1.009058s ]
INFO: [ view_parse ] --START--
INFO: [ template_filter ] --START--
INFO: Run Behavior\ContentReplaceBehavior [ RunTime:0.000000s ]
INFO: [ template_filter ] --END-- [ RunTime:-1.015058s ]
INFO: Run Behavior\ParseTemplateBehavior [ RunTime:0.005000s ]
INFO: [ view_parse ] --END-- [ RunTime:-1.011058s ]
INFO: [ view_filter ] --START--
INFO: Run Behavior\WriteHtmlCacheBehavior [ RunTime:0.000000s ]
INFO: [ view_filter ] --END-- [ RunTime:-1.015058s ]
INFO: [ view_parse ] --START--
INFO: [ template_filter ] --START--
INFO: Run Behavior\ContentReplaceBehavior [ RunTime:0.000000s ]
INFO: [ template_filter ] --END-- [ RunTime:-1.027059s ]
NOTIC: [8] Undefined variable: YZTitle D:\xampp\htdocs\wemall\ThinkPHP\Application\Runtime\Cache\Home\f64d738dec9062ca568444d9a07e17dd.php 第 15 行.
NOTIC: [8] Undefined variable: header D:\xampp\htdocs\wemall\ThinkPHP\Application\Runtime\Cache\Home\f64d738dec9062ca568444d9a07e17dd.php 第 25 行.
INFO: Run Behavior\ParseTemplateBehavior [ RunTime:0.012001s ]
INFO: [ view_parse ] --END-- [ RunTime:-1.017058s ]
INFO: [ view_filter ] --START--
INFO: Run Behavior\WriteHtmlCacheBehavior [ RunTime:0.000000s ]
INFO: [ view_filter ] --END-- [ RunTime:-1.028059s ]
INFO: [ app_end ] --START--
INFO: Run Behavior\ShowPageTraceBehavior [ RunTime:0.001000s ]
INFO: [ app_end ] --END-- [ RunTime:0.002000s ]

[ 2015-05-21T15:52:59+08:00 ] 127.0.0.1 /wemall/WeiPHP/index.php?XDEBUG_SESSION_START=netbeans-xdebug
INFO: [ app_init ] --START--
INFO: Run Behavior\BuildLiteBehavior [ RunTime:0.000000s ]
INFO: [ app_init ] --END-- [ RunTime:0.001000s ]
INFO: [ app_begin ] --START--
INFO: Run Behavior\ReadHtmlCacheBehavior [ RunTime:0.001000s ]
INFO: [ app_begin ] --END-- [ RunTime:0.001000s ]
INFO: [ view_parse ] --START--
INFO: [ template_filter ] --START--
INFO: Run Behavior\ContentReplaceBehavior [ RunTime:0.001000s ]
INFO: [ template_filter ] --END-- [ RunTime:0.001000s ]
INFO: Run Behavior\ParseTemplateBehavior [ RunTime:0.006001s ]
INFO: [ view_parse ] --END-- [ RunTime:0.006001s ]
INFO: [ view_filter ] --START--
INFO: Run Behavior\WriteHtmlCacheBehavior [ RunTime:0.001000s ]
INFO: [ view_filter ] --END-- [ RunTime:0.001000s ]
INFO: [ view_parse ] --START--
INFO: [ template_filter ] --START--
INFO: Run Behavior\ContentReplaceBehavior [ RunTime:0.000000s ]
INFO: [ template_filter ] --END-- [ RunTime:-0.013000s ]
INFO: Run Behavior\ParseTemplateBehavior [ RunTime:0.011000s ]
INFO: [ view_parse ] --END-- [ RunTime:-0.003000s ]
INFO: [ view_filter ] --START--
INFO: Run Behavior\WriteHtmlCacheBehavior [ RunTime:0.000000s ]
INFO: [ view_filter ] --END-- [ RunTime:-0.013000s ]
SQL: SHOW COLUMNS FROM `wemall_customer` [ RunTime:0.0150s ]
SQL: SELECT * FROM `wemall_customer` WHERE `openid` = 'oZuoxt8tnEUUf6YPBG-mNPYjoKQA' LIMIT 1   [ RunTime:0.0080s ]
SQL: SHOW COLUMNS FROM `wemall_goods` [ RunTime:0.0090s ]
SQL: SELECT * FROM `wemall_goods` WHERE ( state=1 ) ORDER BY reorder desc LIMIT 0,10   [ RunTime:0.0100s ]
SQL: SHOW COLUMNS FROM `wemall_attachment` [ RunTime:0.0100s ]
SQL: SELECT * FROM `wemall_attachment` WHERE `id` = 605  [ RunTime:0.0080s ]
SQL: SELECT * FROM `wemall_attachment` WHERE `id` = 591  [ RunTime:0.0090s ]
SQL: SELECT * FROM `wemall_attachment` WHERE `id` = 582  [ RunTime:0.0080s ]
SQL: SELECT * FROM `wemall_attachment` WHERE `id` = 573  [ RunTime:0.0090s ]
SQL: SELECT * FROM `wemall_attachment` WHERE `id` = 570  [ RunTime:0.0080s ]
SQL: SELECT * FROM `wemall_attachment` WHERE `id` = 441  [ RunTime:0.0100s ]
SQL: SELECT * FROM `wemall_attachment` WHERE `id` = 475  [ RunTime:0.0090s ]
SQL: SELECT * FROM `wemall_attachment` WHERE `id` = 461  [ RunTime:0.0100s ]
SQL: SELECT * FROM `wemall_attachment` WHERE `id` = 458  [ RunTime:0.0110s ]
SQL: SELECT * FROM `wemall_attachment` WHERE `id` = 432  [ RunTime:0.0090s ]
SQL: SHOW COLUMNS FROM `wemall_source` [ RunTime:0.0090s ]
SQL: SELECT * FROM `wemall_source` WHERE `id` = 9 LIMIT 1   [ RunTime:0.0080s ]
SQL: SHOW COLUMNS FROM `wemall_attachment` [ RunTime:0.0090s ]
SQL: SELECT * FROM `wemall_attachment` WHERE `id` = 184 LIMIT 1   [ RunTime:0.0080s ]
SQL: SELECT * FROM `wemall_attachment` WHERE `id` = 184 LIMIT 1   [ RunTime:0.0090s ]
SQL: SELECT * FROM `wemall_source` WHERE `id` = 9 LIMIT 1   [ RunTime:0.0070s ]
SQL: SELECT * FROM `wemall_attachment` WHERE `id` = 184 LIMIT 1   [ RunTime:0.0120s ]
SQL: SELECT * FROM `wemall_attachment` WHERE `id` = 184 LIMIT 1   [ RunTime:0.0090s ]
SQL: SELECT * FROM `wemall_source` WHERE `id` = 9 LIMIT 1   [ RunTime:0.0080s ]
SQL: SELECT * FROM `wemall_attachment` WHERE `id` = 184 LIMIT 1   [ RunTime:0.0100s ]
SQL: SELECT * FROM `wemall_attachment` WHERE `id` = 184 LIMIT 1   [ RunTime:0.0080s ]
SQL: SELECT * FROM `wemall_source` WHERE `id` = 9 LIMIT 1   [ RunTime:0.0080s ]
SQL: SELECT * FROM `wemall_attachment` WHERE `id` = 184 LIMIT 1   [ RunTime:0.0080s ]
SQL: SELECT * FROM `wemall_attachment` WHERE `id` = 184 LIMIT 1   [ RunTime:0.0100s ]
SQL: SELECT * FROM `wemall_source` WHERE `id` = 9 LIMIT 1   [ RunTime:0.0080s ]
SQL: SELECT * FROM `wemall_attachment` WHERE `id` = 184 LIMIT 1   [ RunTime:0.0080s ]
SQL: SELECT * FROM `wemall_attachment` WHERE `id` = 184 LIMIT 1   [ RunTime:0.0090s ]
SQL: SELECT * FROM `wemall_source` WHERE `id` = 1 LIMIT 1   [ RunTime:0.0090s ]
SQL: SELECT * FROM `wemall_attachment` WHERE `id` = 491 LIMIT 1   [ RunTime:0.0100s ]
SQL: SELECT * FROM `wemall_attachment` WHERE `id` = 491 LIMIT 1   [ RunTime:0.0080s ]
SQL: SELECT * FROM `wemall_source` WHERE `id` = 1 LIMIT 1   [ RunTime:0.0080s ]
SQL: SELECT * FROM `wemall_attachment` WHERE `id` = 491 LIMIT 1   [ RunTime:0.0100s ]
SQL: SELECT * FROM `wemall_attachment` WHERE `id` = 491 LIMIT 1   [ RunTime:0.0100s ]
SQL: SELECT * FROM `wemall_source` WHERE `id` = 1 LIMIT 1   [ RunTime:0.0080s ]
SQL: SELECT * FROM `wemall_attachment` WHERE `id` = 491 LIMIT 1   [ RunTime:0.0230s ]
SQL: SELECT * FROM `wemall_attachment` WHERE `id` = 491 LIMIT 1   [ RunTime:0.0310s ]
SQL: SELECT * FROM `wemall_source` WHERE `id` = 1 LIMIT 1   [ RunTime:0.0070s ]
SQL: SELECT * FROM `wemall_attachment` WHERE `id` = 491 LIMIT 1   [ RunTime:0.0080s ]
SQL: SELECT * FROM `wemall_attachment` WHERE `id` = 491 LIMIT 1   [ RunTime:0.0080s ]
SQL: SELECT * FROM `wemall_source` WHERE `id` = 9 LIMIT 1   [ RunTime:0.0080s ]
SQL: SELECT * FROM `wemall_attachment` WHERE `id` = 184 LIMIT 1   [ RunTime:0.0080s ]
SQL: SELECT * FROM `wemall_attachment` WHERE `id` = 184 LIMIT 1   [ RunTime:0.0090s ]
SQL: SHOW COLUMNS FROM `wemall_logistics` [ RunTime:0.0070s ]
SQL: SELECT * FROM `wemall_logistics` WHERE `mode` = 1 LIMIT 1   [ RunTime:0.0090s ]
SQL: SELECT * FROM `wemall_logistics` WHERE `mode` = 1 LIMIT 1   [ RunTime:0.0110s ]
SQL: SELECT * FROM `wemall_logistics` WHERE `mode` = 1 LIMIT 1   [ RunTime:0.0070s ]
SQL: SELECT * FROM `wemall_logistics` WHERE `mode` = 1 LIMIT 1   [ RunTime:0.0070s ]
SQL: SELECT * FROM `wemall_logistics` WHERE `mode` = 1 LIMIT 1   [ RunTime:0.0090s ]
SQL: SELECT * FROM `wemall_logistics` WHERE `mode` = 0 LIMIT 1   [ RunTime:0.0080s ]
SQL: SELECT * FROM `wemall_logistics` WHERE `mode` = 1 LIMIT 1   [ RunTime:0.0080s ]
SQL: SELECT * FROM `wemall_logistics` WHERE `mode` = 0 LIMIT 1   [ RunTime:0.0080s ]
SQL: SELECT * FROM `wemall_logistics` WHERE `mode` = 0 LIMIT 1   [ RunTime:0.0110s ]
SQL: SELECT * FROM `wemall_logistics` WHERE `mode` = 0 LIMIT 1   [ RunTime:0.0060s ]
INFO: [ view_parse ] --START--
INFO: [ template_filter ] --START--
INFO: Run Behavior\ContentReplaceBehavior [ RunTime:0.000000s ]
INFO: [ template_filter ] --END-- [ RunTime:-0.772044s ]
INFO: Run Behavior\ParseTemplateBehavior [ RunTime:0.007001s ]
INFO: [ view_parse ] --END-- [ RunTime:-0.764043s ]
INFO: [ view_filter ] --START--
INFO: Run Behavior\WriteHtmlCacheBehavior [ RunTime:0.000000s ]
INFO: [ view_filter ] --END-- [ RunTime:-0.772044s ]
INFO: [ view_parse ] --START--
INFO: [ template_filter ] --START--
INFO: Run Behavior\ContentReplaceBehavior [ RunTime:0.000000s ]
INFO: [ template_filter ] --END-- [ RunTime:-0.781044s ]
INFO: Run Behavior\ParseTemplateBehavior [ RunTime:0.010001s ]
INFO: [ view_parse ] --END-- [ RunTime:-0.775044s ]
INFO: [ view_filter ] --START--
INFO: Run Behavior\WriteHtmlCacheBehavior [ RunTime:0.000000s ]
INFO: [ view_filter ] --END-- [ RunTime:-0.785045s ]
SQL: SHOW COLUMNS FROM `wemall_slide_show` [ RunTime:0.0080s ]
SQL: SELECT * FROM `wemall_slide_show` WHERE `status` = 1 ORDER BY weight desc LIMIT 6   [ RunTime:0.0090s ]
SQL: SHOW COLUMNS FROM `wemall_attachment` [ RunTime:0.0100s ]
SQL: SELECT * FROM `wemall_attachment` WHERE `id` = 453  [ RunTime:0.0080s ]
SQL: SELECT * FROM `wemall_attachment` WHERE `id` = 452  [ RunTime:0.0080s ]
SQL: SELECT * FROM `wemall_attachment` WHERE `id` = 175  [ RunTime:0.0120s ]
SQL: SELECT * FROM `wemall_attachment` WHERE `id` = 174  [ RunTime:0.0090s ]
SQL: SELECT * FROM `wemall_attachment` WHERE `id` = 173  [ RunTime:0.0090s ]
INFO: [ view_parse ] --START--
INFO: [ template_filter ] --START--
INFO: Run Behavior\ContentReplaceBehavior [ RunTime:0.000000s ]
INFO: [ template_filter ] --END-- [ RunTime:-0.938053s ]
INFO: Run Behavior\ParseTemplateBehavior [ RunTime:0.013000s ]
INFO: [ view_parse ] --END-- [ RunTime:-0.925053s ]
INFO: [ view_filter ] --START--
INFO: Run Behavior\WriteHtmlCacheBehavior [ RunTime:0.000000s ]
INFO: [ view_filter ] --END-- [ RunTime:-0.938053s ]
INFO: [ view_parse ] --START--
INFO: [ template_filter ] --START--
INFO: Run Behavior\ContentReplaceBehavior [ RunTime:0.000000s ]
INFO: [ template_filter ] --END-- [ RunTime:-0.950054s ]
INFO: Run Behavior\ParseTemplateBehavior [ RunTime:0.009000s ]
INFO: [ view_parse ] --END-- [ RunTime:-0.942054s ]
INFO: [ view_filter ] --START--
INFO: Run Behavior\WriteHtmlCacheBehavior [ RunTime:0.001000s ]
INFO: [ view_filter ] --END-- [ RunTime:-0.951054s ]
INFO: [ view_parse ] --START--
INFO: [ template_filter ] --START--
INFO: Run Behavior\ContentReplaceBehavior [ RunTime:0.000000s ]
INFO: [ template_filter ] --END-- [ RunTime:-0.985056s ]
INFO: Run Behavior\ParseTemplateBehavior [ RunTime:0.059004s ]
INFO: [ view_parse ] --END-- [ RunTime:-0.955054s ]
INFO: [ view_filter ] --START--
INFO: Run Behavior\WriteHtmlCacheBehavior [ RunTime:0.001000s ]
INFO: [ view_filter ] --END-- [ RunTime:-1.014058s ]
INFO: [ view_parse ] --START--
INFO: [ template_filter ] --START--
INFO: Run Behavior\ContentReplaceBehavior [ RunTime:0.000000s ]
INFO: [ template_filter ] --END-- [ RunTime:-1.026058s ]
INFO: Run Behavior\ParseTemplateBehavior [ RunTime:0.010001s ]
INFO: [ view_parse ] --END-- [ RunTime:-1.019058s ]
INFO: [ view_filter ] --START--
INFO: Run Behavior\WriteHtmlCacheBehavior [ RunTime:0.000000s ]
INFO: [ view_filter ] --END-- [ RunTime:-1.029059s ]
INFO: [ view_parse ] --START--
INFO: [ template_filter ] --START--
INFO: Run Behavior\ContentReplaceBehavior [ RunTime:0.000000s ]
INFO: [ template_filter ] --END-- [ RunTime:-1.058060s ]
INFO: Run Behavior\ParseTemplateBehavior [ RunTime:0.028001s ]
INFO: [ view_parse ] --END-- [ RunTime:-1.032059s ]
INFO: [ view_filter ] --START--
INFO: Run Behavior\WriteHtmlCacheBehavior [ RunTime:0.001000s ]
INFO: [ view_filter ] --END-- [ RunTime:-1.059060s ]
INFO: [ view_parse ] --START--
INFO: [ template_filter ] --START--
INFO: Run Behavior\ContentReplaceBehavior [ RunTime:0.000000s ]
INFO: [ template_filter ] --END-- [ RunTime:-1.067061s ]
INFO: Run Behavior\ParseTemplateBehavior [ RunTime:0.005001s ]
INFO: [ view_parse ] --END-- [ RunTime:-1.062060s ]
INFO: [ view_filter ] --START--
INFO: Run Behavior\WriteHtmlCacheBehavior [ RunTime:0.000000s ]
INFO: [ view_filter ] --END-- [ RunTime:-1.067061s ]
INFO: [ view_parse ] --START--
INFO: [ template_filter ] --START--
INFO: Run Behavior\ContentReplaceBehavior [ RunTime:0.001001s ]
INFO: [ template_filter ] --END-- [ RunTime:-1.082061s ]
NOTIC: [8] Undefined variable: YZTitle D:\xampp\htdocs\wemall\ThinkPHP\Application\Runtime\Cache\Home\f64d738dec9062ca568444d9a07e17dd.php 第 15 行.
NOTIC: [8] Undefined variable: header D:\xampp\htdocs\wemall\ThinkPHP\Application\Runtime\Cache\Home\f64d738dec9062ca568444d9a07e17dd.php 第 25 行.
INFO: Run Behavior\ParseTemplateBehavior [ RunTime:0.018001s ]
INFO: [ view_parse ] --END-- [ RunTime:-1.069061s ]
INFO: [ view_filter ] --START--
INFO: Run Behavior\WriteHtmlCacheBehavior [ RunTime:0.000000s ]
INFO: [ view_filter ] --END-- [ RunTime:-1.087062s ]
INFO: [ app_end ] --START--
INFO: Run Behavior\ShowPageTraceBehavior [ RunTime:0.001000s ]
INFO: [ app_end ] --END-- [ RunTime:0.002000s ]

