[ 2015-06-08T08:52:33+08:00 ] 127.0.0.1 /wemall/WeiPHP/index.php
INFO: [ app_init ] --START--
INFO: Run Behavior\BuildLiteBehavior [ RunTime:0.000000s ]
INFO: [ app_init ] --END-- [ RunTime:0.003000s ]
INFO: [ app_begin ] --START--
INFO: Run Behavior\ReadHtmlCacheBehavior [ RunTime:0.001000s ]
INFO: [ app_begin ] --END-- [ RunTime:0.001000s ]
INFO: [ view_parse ] --START--
INFO: [ template_filter ] --START--
INFO: Run Behavior\ContentReplaceBehavior [ RunTime:0.000000s ]
INFO: [ template_filter ] --END-- [ RunTime:0.000000s ]
INFO: Run Behavior\ParseTemplateBehavior [ RunTime:0.006000s ]
INFO: [ view_parse ] --END-- [ RunTime:0.006000s ]
INFO: [ view_filter ] --START--
INFO: Run Behavior\WriteHtmlCacheBehavior [ RunTime:0.001000s ]
INFO: [ view_filter ] --END-- [ RunTime:0.001000s ]
INFO: [ view_parse ] --START--
INFO: [ template_filter ] --START--
INFO: Run Behavior\ContentReplaceBehavior [ RunTime:0.000000s ]
INFO: [ template_filter ] --END-- [ RunTime:-0.024002s ]
INFO: Run Behavior\ParseTemplateBehavior [ RunTime:0.023002s ]
INFO: [ view_parse ] --END-- [ RunTime:-0.002000s ]
INFO: [ view_filter ] --START--
INFO: Run Behavior\WriteHtmlCacheBehavior [ RunTime:0.000000s ]
INFO: [ view_filter ] --END-- [ RunTime:-0.024002s ]
SQL: SHOW COLUMNS FROM `wemall_customer` [ RunTime:0.0110s ]
SQL: SELECT * FROM `wemall_customer` WHERE `openid` = 'oZuoxt8tnEUUf6YPBG-mNPYjoKQA' LIMIT 1   [ RunTime:0.0090s ]
SQL: SHOW COLUMNS FROM `wemall_goods` [ RunTime:0.0090s ]
SQL: SELECT * FROM `wemall_goods` WHERE ( state=1 ) ORDER BY reorder desc LIMIT 0,10   [ RunTime:0.0080s ]
SQL: SHOW COLUMNS FROM `wemall_attachment` [ RunTime:0.0090s ]
SQL: SELECT * FROM `wemall_attachment` WHERE `id` = 1135  [ RunTime:0.0070s ]
SQL: SELECT * FROM `wemall_attachment` WHERE `id` = 1152  [ RunTime:0.0070s ]
SQL: SELECT * FROM `wemall_attachment` WHERE `id` = 1166  [ RunTime:0.0070s ]
SQL: SELECT * FROM `wemall_attachment` WHERE `id` = 1174  [ RunTime:0.0080s ]
SQL: SELECT * FROM `wemall_attachment` WHERE `id` = 655  [ RunTime:0.0090s ]
SQL: SELECT * FROM `wemall_attachment` WHERE `id` = 652  [ RunTime:0.0060s ]
SQL: SELECT * FROM `wemall_attachment` WHERE `id` = 649  [ RunTime:0.0100s ]
SQL: SELECT * FROM `wemall_attachment` WHERE `id` = 658  [ RunTime:0.0070s ]
SQL: SELECT * FROM `wemall_attachment` WHERE `id` = 661  [ RunTime:0.0070s ]
SQL: SELECT * FROM `wemall_attachment` WHERE `id` = 1120  [ RunTime:0.0080s ]
SQL: SHOW COLUMNS FROM `wemall_source` [ RunTime:0.0080s ]
SQL: SELECT * FROM `wemall_source` WHERE `id` = 7 LIMIT 1   [ RunTime:0.0080s ]
SQL: SHOW COLUMNS FROM `wemall_attachment` [ RunTime:0.0080s ]
SQL: SELECT * FROM `wemall_attachment` WHERE `id` = 182 LIMIT 1   [ RunTime:0.0080s ]
SQL: SELECT * FROM `wemall_attachment` WHERE `id` = 182 LIMIT 1   [ RunTime:0.0090s ]
SQL: SELECT * FROM `wemall_source` WHERE `id` = 7 LIMIT 1   [ RunTime:0.0070s ]
SQL: SELECT * FROM `wemall_attachment` WHERE `id` = 182 LIMIT 1   [ RunTime:0.0070s ]
SQL: SELECT * FROM `wemall_attachment` WHERE `id` = 182 LIMIT 1   [ RunTime:0.0080s ]
SQL: SELECT * FROM `wemall_source` WHERE `id` = 7 LIMIT 1   [ RunTime:0.0070s ]
SQL: SELECT * FROM `wemall_attachment` WHERE `id` = 182 LIMIT 1   [ RunTime:0.0090s ]
SQL: SELECT * FROM `wemall_attachment` WHERE `id` = 182 LIMIT 1   [ RunTime:0.0090s ]
SQL: SELECT * FROM `wemall_source` WHERE `id` = 7 LIMIT 1   [ RunTime:0.0070s ]
SQL: SELECT * FROM `wemall_attachment` WHERE `id` = 182 LIMIT 1   [ RunTime:0.0080s ]
SQL: SELECT * FROM `wemall_attachment` WHERE `id` = 182 LIMIT 1   [ RunTime:0.0070s ]
SQL: SELECT * FROM `wemall_source` WHERE `id` = 9 LIMIT 1   [ RunTime:0.0090s ]
SQL: SELECT * FROM `wemall_attachment` WHERE `id` = 184 LIMIT 1   [ RunTime:0.0080s ]
SQL: SELECT * FROM `wemall_attachment` WHERE `id` = 184 LIMIT 1   [ RunTime:0.0090s ]
SQL: SELECT * FROM `wemall_source` WHERE `id` = 9 LIMIT 1   [ RunTime:0.0080s ]
SQL: SELECT * FROM `wemall_attachment` WHERE `id` = 184 LIMIT 1   [ RunTime:0.0080s ]
SQL: SELECT * FROM `wemall_attachment` WHERE `id` = 184 LIMIT 1   [ RunTime:0.0070s ]
SQL: SELECT * FROM `wemall_source` WHERE `id` = 9 LIMIT 1   [ RunTime:0.0070s ]
SQL: SELECT * FROM `wemall_attachment` WHERE `id` = 184 LIMIT 1   [ RunTime:0.0070s ]
SQL: SELECT * FROM `wemall_attachment` WHERE `id` = 184 LIMIT 1   [ RunTime:0.0080s ]
SQL: SELECT * FROM `wemall_source` WHERE `id` = 9 LIMIT 1   [ RunTime:0.0070s ]
SQL: SELECT * FROM `wemall_attachment` WHERE `id` = 184 LIMIT 1   [ RunTime:0.0080s ]
SQL: SELECT * FROM `wemall_attachment` WHERE `id` = 184 LIMIT 1   [ RunTime:0.0080s ]
SQL: SELECT * FROM `wemall_source` WHERE `id` = 9 LIMIT 1   [ RunTime:0.0070s ]
SQL: SELECT * FROM `wemall_attachment` WHERE `id` = 184 LIMIT 1   [ RunTime:0.0070s ]
SQL: SELECT * FROM `wemall_attachment` WHERE `id` = 184 LIMIT 1   [ RunTime:0.0100s ]
SQL: SELECT * FROM `wemall_source` WHERE `id` = 9 LIMIT 1   [ RunTime:0.0070s ]
SQL: SELECT * FROM `wemall_attachment` WHERE `id` = 184 LIMIT 1   [ RunTime:0.0080s ]
SQL: SELECT * FROM `wemall_attachment` WHERE `id` = 184 LIMIT 1   [ RunTime:0.0090s ]
SQL: SHOW COLUMNS FROM `wemall_logistics` [ RunTime:0.0090s ]
SQL: SELECT * FROM `wemall_logistics` WHERE `mode` = 1 LIMIT 1   [ RunTime:0.0060s ]
SQL: SELECT * FROM `wemall_logistics` WHERE `mode` = 1 LIMIT 1   [ RunTime:0.0070s ]
SQL: SELECT * FROM `wemall_logistics` WHERE `mode` = 1 LIMIT 1   [ RunTime:0.0090s ]
SQL: SELECT * FROM `wemall_logistics` WHERE `mode` = 1 LIMIT 1   [ RunTime:0.0070s ]
SQL: SELECT * FROM `wemall_logistics` WHERE `mode` = 0 LIMIT 1   [ RunTime:0.0080s ]
SQL: SELECT * FROM `wemall_logistics` WHERE `mode` = 0 LIMIT 1   [ RunTime:0.0070s ]
SQL: SELECT * FROM `wemall_logistics` WHERE `mode` = 0 LIMIT 1   [ RunTime:0.0070s ]
SQL: SELECT * FROM `wemall_logistics` WHERE `mode` = 0 LIMIT 1   [ RunTime:0.0070s ]
SQL: SELECT * FROM `wemall_logistics` WHERE `mode` = 0 LIMIT 1   [ RunTime:0.0080s ]
SQL: SELECT * FROM `wemall_logistics` WHERE `mode` = 0 LIMIT 1   [ RunTime:0.0070s ]
INFO: [ view_parse ] --START--
INFO: [ template_filter ] --START--
INFO: Run Behavior\ContentReplaceBehavior [ RunTime:0.001000s ]
INFO: [ template_filter ] --END-- [ RunTime:-0.955055s ]
INFO: Run Behavior\ParseTemplateBehavior [ RunTime:0.003000s ]
INFO: [ view_parse ] --END-- [ RunTime:-0.951055s ]
INFO: [ view_filter ] --START--
INFO: Run Behavior\WriteHtmlCacheBehavior [ RunTime:0.000000s ]
INFO: [ view_filter ] --END-- [ RunTime:-0.954055s ]
INFO: [ view_parse ] --START--
INFO: [ template_filter ] --START--
INFO: Run Behavior\ContentReplaceBehavior [ RunTime:0.000000s ]
INFO: [ template_filter ] --END-- [ RunTime:-0.960055s ]
INFO: Run Behavior\ParseTemplateBehavior [ RunTime:0.003000s ]
INFO: [ view_parse ] --END-- [ RunTime:-0.956055s ]
INFO: [ view_filter ] --START--
INFO: Run Behavior\WriteHtmlCacheBehavior [ RunTime:0.001000s ]
INFO: [ view_filter ] --END-- [ RunTime:-0.958055s ]
SQL: SHOW COLUMNS FROM `wemall_slide_show` [ RunTime:0.0080s ]
SQL: SELECT * FROM `wemall_slide_show` WHERE `status` = 1 ORDER BY weight desc LIMIT 6   [ RunTime:0.0150s ]
SQL: SHOW COLUMNS FROM `wemall_attachment` [ RunTime:0.0080s ]
SQL: SELECT * FROM `wemall_attachment` WHERE `id` = 864  [ RunTime:0.0100s ]
SQL: SELECT * FROM `wemall_attachment` WHERE `id` = 865  [ RunTime:0.0080s ]
SQL: SELECT * FROM `wemall_attachment` WHERE `id` = 863  [ RunTime:0.0080s ]
INFO: [ view_parse ] --START--
INFO: [ template_filter ] --START--
INFO: Run Behavior\ContentReplaceBehavior [ RunTime:0.000000s ]
INFO: [ template_filter ] --END-- [ RunTime:-1.033059s ]
INFO: Run Behavior\ParseTemplateBehavior [ RunTime:0.005001s ]
INFO: [ view_parse ] --END-- [ RunTime:-1.028059s ]
INFO: [ view_filter ] --START--
INFO: Run Behavior\WriteHtmlCacheBehavior [ RunTime:0.000000s ]
INFO: [ view_filter ] --END-- [ RunTime:-1.034060s ]
INFO: [ view_parse ] --START--
INFO: [ template_filter ] --START--
INFO: Run Behavior\ContentReplaceBehavior [ RunTime:0.000000s ]
INFO: [ template_filter ] --END-- [ RunTime:-1.047060s ]
INFO: Run Behavior\ParseTemplateBehavior [ RunTime:0.010000s ]
INFO: [ view_parse ] --END-- [ RunTime:-1.036060s ]
INFO: [ view_filter ] --START--
INFO: Run Behavior\WriteHtmlCacheBehavior [ RunTime:0.000000s ]
INFO: [ view_filter ] --END-- [ RunTime:-1.046060s ]
INFO: [ view_parse ] --START--
INFO: [ template_filter ] --START--
INFO: Run Behavior\ContentReplaceBehavior [ RunTime:0.000000s ]
INFO: [ template_filter ] --END-- [ RunTime:-1.069061s ]
INFO: Run Behavior\ParseTemplateBehavior [ RunTime:0.023002s ]
INFO: [ view_parse ] --END-- [ RunTime:-1.048060s ]
INFO: [ view_filter ] --START--
INFO: Run Behavior\WriteHtmlCacheBehavior [ RunTime:0.001000s ]
INFO: [ view_filter ] --END-- [ RunTime:-1.070062s ]
INFO: [ view_parse ] --START--
INFO: [ template_filter ] --START--
INFO: Run Behavior\ContentReplaceBehavior [ RunTime:0.000000s ]
INFO: [ template_filter ] --END-- [ RunTime:-1.077062s ]
INFO: Run Behavior\ParseTemplateBehavior [ RunTime:0.004000s ]
INFO: [ view_parse ] --END-- [ RunTime:-1.072062s ]
INFO: [ view_filter ] --START--
INFO: Run Behavior\WriteHtmlCacheBehavior [ RunTime:0.000000s ]
INFO: [ view_filter ] --END-- [ RunTime:-1.075062s ]
INFO: [ view_parse ] --START--
INFO: [ template_filter ] --START--
INFO: Run Behavior\ContentReplaceBehavior [ RunTime:0.000000s ]
INFO: [ template_filter ] --END-- [ RunTime:-1.111064s ]
INFO: Run Behavior\ParseTemplateBehavior [ RunTime:0.036002s ]
INFO: [ view_parse ] --END-- [ RunTime:-1.077062s ]
INFO: [ view_filter ] --START--
INFO: Run Behavior\WriteHtmlCacheBehavior [ RunTime:0.000000s ]
INFO: [ view_filter ] --END-- [ RunTime:-1.112064s ]
INFO: [ view_parse ] --START--
INFO: [ template_filter ] --START--
INFO: Run Behavior\ContentReplaceBehavior [ RunTime:0.000000s ]
INFO: [ template_filter ] --END-- [ RunTime:-1.121064s ]
INFO: Run Behavior\ParseTemplateBehavior [ RunTime:0.006000s ]
INFO: [ view_parse ] --END-- [ RunTime:-1.115064s ]
INFO: [ view_filter ] --START--
INFO: Run Behavior\WriteHtmlCacheBehavior [ RunTime:0.000000s ]
INFO: [ view_filter ] --END-- [ RunTime:-1.121065s ]
INFO: [ view_parse ] --START--
INFO: [ template_filter ] --START--
INFO: Run Behavior\ContentReplaceBehavior [ RunTime:0.000000s ]
INFO: [ template_filter ] --END-- [ RunTime:-1.158066s ]
NOTIC: [8] Undefined variable: YZTitle D:\xampp\htdocs\wemall\ThinkPHP\Application\Runtime\Cache\Home\f64d738dec9062ca568444d9a07e17dd.php 第 7 行.
NOTIC: [8] Undefined variable: header D:\xampp\htdocs\wemall\ThinkPHP\Application\Runtime\Cache\Home\f64d738dec9062ca568444d9a07e17dd.php 第 17 行.
INFO: Run Behavior\ParseTemplateBehavior [ RunTime:0.037002s ]
INFO: [ view_parse ] --END-- [ RunTime:-1.123065s ]
INFO: [ view_filter ] --START--
INFO: Run Behavior\WriteHtmlCacheBehavior [ RunTime:0.000000s ]
INFO: [ view_filter ] --END-- [ RunTime:-1.159067s ]
INFO: [ app_end ] --START--
INFO: Run Behavior\ShowPageTraceBehavior [ RunTime:0.008000s ]
INFO: [ app_end ] --END-- [ RunTime:0.009000s ]

[ 2015-06-08T11:44:43+08:00 ] 127.0.0.1 /wemall/WeiPHP/index.php
INFO: [ app_init ] --START--
INFO: Run Behavior\BuildLiteBehavior [ RunTime:0.000000s ]
INFO: [ app_init ] --END-- [ RunTime:0.001000s ]
INFO: [ app_begin ] --START--
INFO: Run Behavior\ReadHtmlCacheBehavior [ RunTime:0.001000s ]
INFO: [ app_begin ] --END-- [ RunTime:0.001000s ]
INFO: [ view_parse ] --START--
INFO: [ template_filter ] --START--
INFO: Run Behavior\ContentReplaceBehavior [ RunTime:0.000000s ]
INFO: [ template_filter ] --END-- [ RunTime:0.000000s ]
INFO: Run Behavior\ParseTemplateBehavior [ RunTime:0.004000s ]
INFO: [ view_parse ] --END-- [ RunTime:0.005000s ]
INFO: [ view_filter ] --START--
INFO: Run Behavior\WriteHtmlCacheBehavior [ RunTime:0.000000s ]
INFO: [ view_filter ] --END-- [ RunTime:0.000000s ]
INFO: [ view_parse ] --START--
INFO: [ template_filter ] --START--
INFO: Run Behavior\ContentReplaceBehavior [ RunTime:0.000000s ]
INFO: [ template_filter ] --END-- [ RunTime:-0.020001s ]
INFO: Run Behavior\ParseTemplateBehavior [ RunTime:0.019002s ]
INFO: [ view_parse ] --END-- [ RunTime:-0.001000s ]
INFO: [ view_filter ] --START--
INFO: Run Behavior\WriteHtmlCacheBehavior [ RunTime:0.000000s ]
INFO: [ view_filter ] --END-- [ RunTime:-0.021002s ]
SQL: SHOW COLUMNS FROM `wemall_customer` [ RunTime:0.0090s ]
SQL: SELECT * FROM `wemall_customer` WHERE `id` = 0 LIMIT 1   [ RunTime:0.0080s ]
SQL: SHOW COLUMNS FROM `wemall_goods` [ RunTime:0.0110s ]
SQL: SELECT * FROM `wemall_goods` WHERE ( state=1 ) ORDER BY reorder desc LIMIT 0,10   [ RunTime:0.0090s ]
SQL: SHOW COLUMNS FROM `wemall_attachment` [ RunTime:0.0090s ]
SQL: SELECT * FROM `wemall_attachment` WHERE `id` = 1135  [ RunTime:0.0080s ]
SQL: SELECT * FROM `wemall_attachment` WHERE `id` = 1152  [ RunTime:0.0100s ]
SQL: SELECT * FROM `wemall_attachment` WHERE `id` = 1166  [ RunTime:0.0090s ]
SQL: SELECT * FROM `wemall_attachment` WHERE `id` = 1174  [ RunTime:0.0100s ]
SQL: SELECT * FROM `wemall_attachment` WHERE `id` = 655  [ RunTime:0.0080s ]
SQL: SELECT * FROM `wemall_attachment` WHERE `id` = 652  [ RunTime:0.0080s ]
SQL: SELECT * FROM `wemall_attachment` WHERE `id` = 649  [ RunTime:0.0080s ]
SQL: SELECT * FROM `wemall_attachment` WHERE `id` = 658  [ RunTime:0.0090s ]
SQL: SELECT * FROM `wemall_attachment` WHERE `id` = 661  [ RunTime:0.0090s ]
SQL: SELECT * FROM `wemall_attachment` WHERE `id` = 1120  [ RunTime:0.0080s ]
SQL: SHOW COLUMNS FROM `wemall_source` [ RunTime:0.0090s ]
SQL: SELECT * FROM `wemall_source` WHERE `id` = 7 LIMIT 1   [ RunTime:0.0080s ]
SQL: SHOW COLUMNS FROM `wemall_attachment` [ RunTime:0.0080s ]
SQL: SELECT * FROM `wemall_attachment` WHERE `id` = 182 LIMIT 1   [ RunTime:0.0080s ]
SQL: SELECT * FROM `wemall_attachment` WHERE `id` = 182 LIMIT 1   [ RunTime:0.0090s ]
SQL: SELECT * FROM `wemall_source` WHERE `id` = 7 LIMIT 1   [ RunTime:0.0090s ]
SQL: SELECT * FROM `wemall_attachment` WHERE `id` = 182 LIMIT 1   [ RunTime:0.0100s ]
SQL: SELECT * FROM `wemall_attachment` WHERE `id` = 182 LIMIT 1   [ RunTime:0.0090s ]
SQL: SELECT * FROM `wemall_source` WHERE `id` = 7 LIMIT 1   [ RunTime:0.0090s ]
SQL: SELECT * FROM `wemall_attachment` WHERE `id` = 182 LIMIT 1   [ RunTime:0.0080s ]
SQL: SELECT * FROM `wemall_attachment` WHERE `id` = 182 LIMIT 1   [ RunTime:0.0080s ]
SQL: SELECT * FROM `wemall_source` WHERE `id` = 7 LIMIT 1   [ RunTime:0.0090s ]
SQL: SELECT * FROM `wemall_attachment` WHERE `id` = 182 LIMIT 1   [ RunTime:0.0130s ]
SQL: SELECT * FROM `wemall_attachment` WHERE `id` = 182 LIMIT 1   [ RunTime:0.0100s ]
SQL: SELECT * FROM `wemall_source` WHERE `id` = 9 LIMIT 1   [ RunTime:0.0090s ]
SQL: SELECT * FROM `wemall_attachment` WHERE `id` = 184 LIMIT 1   [ RunTime:0.0090s ]
SQL: SELECT * FROM `wemall_attachment` WHERE `id` = 184 LIMIT 1   [ RunTime:0.0100s ]
SQL: SELECT * FROM `wemall_source` WHERE `id` = 9 LIMIT 1   [ RunTime:0.0080s ]
SQL: SELECT * FROM `wemall_attachment` WHERE `id` = 184 LIMIT 1   [ RunTime:0.0090s ]
SQL: SELECT * FROM `wemall_attachment` WHERE `id` = 184 LIMIT 1   [ RunTime:0.0100s ]
SQL: SELECT * FROM `wemall_source` WHERE `id` = 9 LIMIT 1   [ RunTime:0.0080s ]
SQL: SELECT * FROM `wemall_attachment` WHERE `id` = 184 LIMIT 1   [ RunTime:0.0110s ]
SQL: SELECT * FROM `wemall_attachment` WHERE `id` = 184 LIMIT 1   [ RunTime:0.0090s ]
SQL: SELECT * FROM `wemall_source` WHERE `id` = 9 LIMIT 1   [ RunTime:0.0090s ]
SQL: SELECT * FROM `wemall_attachment` WHERE `id` = 184 LIMIT 1   [ RunTime:0.0090s ]
SQL: SELECT * FROM `wemall_attachment` WHERE `id` = 184 LIMIT 1   [ RunTime:0.0090s ]
SQL: SELECT * FROM `wemall_source` WHERE `id` = 9 LIMIT 1   [ RunTime:0.0110s ]
SQL: SELECT * FROM `wemall_attachment` WHERE `id` = 184 LIMIT 1   [ RunTime:0.0080s ]
SQL: SELECT * FROM `wemall_attachment` WHERE `id` = 184 LIMIT 1   [ RunTime:0.0080s ]
SQL: SELECT * FROM `wemall_source` WHERE `id` = 9 LIMIT 1   [ RunTime:0.0090s ]
SQL: SELECT * FROM `wemall_attachment` WHERE `id` = 184 LIMIT 1   [ RunTime:0.0090s ]
SQL: SELECT * FROM `wemall_attachment` WHERE `id` = 184 LIMIT 1   [ RunTime:0.0080s ]
SQL: SHOW COLUMNS FROM `wemall_logistics` [ RunTime:0.0080s ]
SQL: SELECT * FROM `wemall_logistics` WHERE `mode` = 1 LIMIT 1   [ RunTime:0.0080s ]
SQL: SELECT * FROM `wemall_logistics` WHERE `mode` = 1 LIMIT 1   [ RunTime:0.0080s ]
SQL: SELECT * FROM `wemall_logistics` WHERE `mode` = 1 LIMIT 1   [ RunTime:0.0080s ]
SQL: SELECT * FROM `wemall_logistics` WHERE `mode` = 1 LIMIT 1   [ RunTime:0.0080s ]
SQL: SELECT * FROM `wemall_logistics` WHERE `mode` = 0 LIMIT 1   [ RunTime:0.0090s ]
SQL: SELECT * FROM `wemall_logistics` WHERE `mode` = 0 LIMIT 1   [ RunTime:0.0080s ]
SQL: SELECT * FROM `wemall_logistics` WHERE `mode` = 0 LIMIT 1   [ RunTime:0.0080s ]
SQL: SELECT * FROM `wemall_logistics` WHERE `mode` = 0 LIMIT 1   [ RunTime:0.0070s ]
SQL: SELECT * FROM `wemall_logistics` WHERE `mode` = 0 LIMIT 1   [ RunTime:0.0080s ]
SQL: SELECT * FROM `wemall_logistics` WHERE `mode` = 0 LIMIT 1   [ RunTime:0.0090s ]
INFO: [ view_parse ] --START--
INFO: [ template_filter ] --START--
INFO: Run Behavior\ContentReplaceBehavior [ RunTime:0.000000s ]
INFO: [ template_filter ] --END-- [ RunTime:-2.310132s ]
INFO: Run Behavior\ParseTemplateBehavior [ RunTime:0.004001s ]
INFO: [ view_parse ] --END-- [ RunTime:-2.305132s ]
INFO: [ view_filter ] --START--
INFO: Run Behavior\WriteHtmlCacheBehavior [ RunTime:0.000000s ]
INFO: [ view_filter ] --END-- [ RunTime:-2.311133s ]
INFO: [ view_parse ] --START--
INFO: [ template_filter ] --START--
INFO: Run Behavior\ContentReplaceBehavior [ RunTime:0.000000s ]
INFO: [ template_filter ] --END-- [ RunTime:-2.317133s ]
INFO: Run Behavior\ParseTemplateBehavior [ RunTime:0.005000s ]
INFO: [ view_parse ] --END-- [ RunTime:-2.312133s ]
INFO: [ view_filter ] --START--
INFO: Run Behavior\WriteHtmlCacheBehavior [ RunTime:0.000000s ]
INFO: [ view_filter ] --END-- [ RunTime:-2.317133s ]
SQL: SHOW COLUMNS FROM `wemall_slide_show` [ RunTime:0.0080s ]
SQL: SELECT * FROM `wemall_slide_show` WHERE `status` = 1 ORDER BY weight desc LIMIT 6   [ RunTime:0.0090s ]
SQL: SHOW COLUMNS FROM `wemall_attachment` [ RunTime:0.0100s ]
SQL: SELECT * FROM `wemall_attachment` WHERE `id` = 864  [ RunTime:0.0140s ]
SQL: SELECT * FROM `wemall_attachment` WHERE `id` = 865  [ RunTime:0.0080s ]
SQL: SELECT * FROM `wemall_attachment` WHERE `id` = 863  [ RunTime:0.0100s ]
INFO: [ view_parse ] --START--
INFO: [ template_filter ] --START--
INFO: Run Behavior\ContentReplaceBehavior [ RunTime:0.001000s ]
INFO: [ template_filter ] --END-- [ RunTime:-2.466141s ]
INFO: Run Behavior\ParseTemplateBehavior [ RunTime:0.016001s ]
INFO: [ view_parse ] --END-- [ RunTime:-2.452141s ]
INFO: [ view_filter ] --START--
INFO: Run Behavior\WriteHtmlCacheBehavior [ RunTime:0.000000s ]
INFO: [ view_filter ] --END-- [ RunTime:-2.468142s ]
INFO: [ view_parse ] --START--
INFO: [ template_filter ] --START--
INFO: Run Behavior\ContentReplaceBehavior [ RunTime:0.000000s ]
INFO: [ template_filter ] --END-- [ RunTime:-2.486142s ]
INFO: Run Behavior\ParseTemplateBehavior [ RunTime:0.016001s ]
INFO: [ view_parse ] --END-- [ RunTime:-2.469142s ]
INFO: [ view_filter ] --START--
INFO: Run Behavior\WriteHtmlCacheBehavior [ RunTime:0.000000s ]
INFO: [ view_filter ] --END-- [ RunTime:-2.486143s ]
INFO: [ view_parse ] --START--
INFO: [ template_filter ] --START--
INFO: Run Behavior\ContentReplaceBehavior [ RunTime:0.000000s ]
INFO: [ template_filter ] --END-- [ RunTime:-2.505144s ]
INFO: Run Behavior\ParseTemplateBehavior [ RunTime:0.018001s ]
INFO: [ view_parse ] --END-- [ RunTime:-2.488143s ]
INFO: [ view_filter ] --START--
INFO: Run Behavior\WriteHtmlCacheBehavior [ RunTime:0.001000s ]
INFO: [ view_filter ] --END-- [ RunTime:-2.506144s ]
INFO: [ view_parse ] --START--
INFO: [ template_filter ] --START--
INFO: Run Behavior\ContentReplaceBehavior [ RunTime:0.000000s ]
INFO: [ template_filter ] --END-- [ RunTime:-2.515144s ]
INFO: Run Behavior\ParseTemplateBehavior [ RunTime:0.008000s ]
INFO: [ view_parse ] --END-- [ RunTime:-2.508144s ]
INFO: [ view_filter ] --START--
INFO: Run Behavior\WriteHtmlCacheBehavior [ RunTime:0.000000s ]
INFO: [ view_filter ] --END-- [ RunTime:-2.516144s ]
INFO: [ view_parse ] --START--
INFO: [ template_filter ] --START--
INFO: Run Behavior\ContentReplaceBehavior [ RunTime:0.000000s ]
INFO: [ template_filter ] --END-- [ RunTime:-2.540146s ]
INFO: Run Behavior\ParseTemplateBehavior [ RunTime:0.026002s ]
INFO: [ view_parse ] --END-- [ RunTime:-2.518144s ]
INFO: [ view_filter ] --START--
INFO: Run Behavior\WriteHtmlCacheBehavior [ RunTime:0.000000s ]
INFO: [ view_filter ] --END-- [ RunTime:-2.544146s ]
INFO: [ view_parse ] --START--
INFO: [ template_filter ] --START--
INFO: Run Behavior\ContentReplaceBehavior [ RunTime:0.000000s ]
INFO: [ template_filter ] --END-- [ RunTime:-2.552146s ]
INFO: Run Behavior\ParseTemplateBehavior [ RunTime:0.006000s ]
INFO: [ view_parse ] --END-- [ RunTime:-2.546146s ]
INFO: [ view_filter ] --START--
INFO: Run Behavior\WriteHtmlCacheBehavior [ RunTime:0.000000s ]
INFO: [ view_filter ] --END-- [ RunTime:-2.553146s ]
INFO: [ view_parse ] --START--
INFO: [ template_filter ] --START--
INFO: Run Behavior\ContentReplaceBehavior [ RunTime:0.001000s ]
INFO: [ template_filter ] --END-- [ RunTime:-2.603149s ]
NOTIC: [8] Undefined variable: YZTitle D:\xampp\htdocs\wemall\ThinkPHP\Application\Runtime\Cache\Home\f64d738dec9062ca568444d9a07e17dd.php 第 7 行.
NOTIC: [8] Undefined variable: header D:\xampp\htdocs\wemall\ThinkPHP\Application\Runtime\Cache\Home\f64d738dec9062ca568444d9a07e17dd.php 第 17 行.
INFO: Run Behavior\ParseTemplateBehavior [ RunTime:0.051003s ]
INFO: [ view_parse ] --END-- [ RunTime:-2.554146s ]
INFO: [ view_filter ] --START--
INFO: Run Behavior\WriteHtmlCacheBehavior [ RunTime:0.000000s ]
INFO: [ view_filter ] --END-- [ RunTime:-2.605149s ]
INFO: [ app_end ] --START--
INFO: Run Behavior\ShowPageTraceBehavior [ RunTime:0.004001s ]
INFO: [ app_end ] --END-- [ RunTime:0.004001s ]

[ 2015-06-08T11:44:48+08:00 ] 127.0.0.1 /wemall/WeiPHP/index.php?XDEBUG_SESSION_START=netbeans-xdebug
INFO: [ app_init ] --START--
INFO: Run Behavior\BuildLiteBehavior [ RunTime:0.000000s ]
INFO: [ app_init ] --END-- [ RunTime:0.001000s ]
INFO: [ app_begin ] --START--
INFO: Run Behavior\ReadHtmlCacheBehavior [ RunTime:0.001000s ]
INFO: [ app_begin ] --END-- [ RunTime:0.001000s ]
INFO: [ view_parse ] --START--
INFO: [ template_filter ] --START--
INFO: Run Behavior\ContentReplaceBehavior [ RunTime:0.000000s ]
INFO: [ template_filter ] --END-- [ RunTime:0.001000s ]
INFO: Run Behavior\ParseTemplateBehavior [ RunTime:0.005000s ]
INFO: [ view_parse ] --END-- [ RunTime:0.005000s ]
INFO: [ view_filter ] --START--
INFO: Run Behavior\WriteHtmlCacheBehavior [ RunTime:0.000000s ]
INFO: [ view_filter ] --END-- [ RunTime:0.000000s ]
INFO: [ view_parse ] --START--
INFO: [ template_filter ] --START--
INFO: Run Behavior\ContentReplaceBehavior [ RunTime:0.000000s ]
INFO: [ template_filter ] --END-- [ RunTime:-0.012001s ]
INFO: Run Behavior\ParseTemplateBehavior [ RunTime:0.011001s ]
INFO: [ view_parse ] --END-- [ RunTime:-0.002000s ]
INFO: [ view_filter ] --START--
INFO: Run Behavior\WriteHtmlCacheBehavior [ RunTime:0.000000s ]
INFO: [ view_filter ] --END-- [ RunTime:-0.013001s ]
SQL: SHOW COLUMNS FROM `wemall_customer` [ RunTime:0.0100s ]
SQL: SELECT * FROM `wemall_customer` WHERE `id` = 0 LIMIT 1   [ RunTime:0.0100s ]
SQL: SHOW COLUMNS FROM `wemall_goods` [ RunTime:0.0120s ]
SQL: SELECT * FROM `wemall_goods` WHERE ( state=1 ) ORDER BY reorder desc LIMIT 0,10   [ RunTime:0.0110s ]
SQL: SHOW COLUMNS FROM `wemall_attachment` [ RunTime:0.0150s ]
SQL: SELECT * FROM `wemall_attachment` WHERE `id` = 1135  [ RunTime:0.0100s ]
SQL: SELECT * FROM `wemall_attachment` WHERE `id` = 1152  [ RunTime:0.0160s ]
SQL: SELECT * FROM `wemall_attachment` WHERE `id` = 1166  [ RunTime:0.0090s ]
SQL: SELECT * FROM `wemall_attachment` WHERE `id` = 1174  [ RunTime:0.0170s ]
SQL: SELECT * FROM `wemall_attachment` WHERE `id` = 655  [ RunTime:0.0180s ]
SQL: SELECT * FROM `wemall_attachment` WHERE `id` = 652  [ RunTime:0.0180s ]
SQL: SELECT * FROM `wemall_attachment` WHERE `id` = 649  [ RunTime:0.0180s ]
SQL: SELECT * FROM `wemall_attachment` WHERE `id` = 658  [ RunTime:0.0180s ]
SQL: SELECT * FROM `wemall_attachment` WHERE `id` = 661  [ RunTime:0.0180s ]
SQL: SELECT * FROM `wemall_attachment` WHERE `id` = 1120  [ RunTime:0.0240s ]
SQL: SHOW COLUMNS FROM `wemall_source` [ RunTime:0.0200s ]
SQL: SELECT * FROM `wemall_source` WHERE `id` = 7 LIMIT 1   [ RunTime:0.0100s ]
SQL: SHOW COLUMNS FROM `wemall_attachment` [ RunTime:0.0130s ]
SQL: SELECT * FROM `wemall_attachment` WHERE `id` = 182 LIMIT 1   [ RunTime:0.0110s ]
SQL: SELECT * FROM `wemall_attachment` WHERE `id` = 182 LIMIT 1   [ RunTime:0.0090s ]
SQL: SELECT * FROM `wemall_source` WHERE `id` = 7 LIMIT 1   [ RunTime:0.0090s ]
SQL: SELECT * FROM `wemall_attachment` WHERE `id` = 182 LIMIT 1   [ RunTime:0.0100s ]
SQL: SELECT * FROM `wemall_attachment` WHERE `id` = 182 LIMIT 1   [ RunTime:0.0090s ]
SQL: SELECT * FROM `wemall_source` WHERE `id` = 7 LIMIT 1   [ RunTime:0.0120s ]
SQL: SELECT * FROM `wemall_attachment` WHERE `id` = 182 LIMIT 1   [ RunTime:0.0090s ]
SQL: SELECT * FROM `wemall_attachment` WHERE `id` = 182 LIMIT 1   [ RunTime:0.0150s ]
SQL: SELECT * FROM `wemall_source` WHERE `id` = 7 LIMIT 1   [ RunTime:0.0120s ]
SQL: SELECT * FROM `wemall_attachment` WHERE `id` = 182 LIMIT 1   [ RunTime:0.0110s ]
SQL: SELECT * FROM `wemall_attachment` WHERE `id` = 182 LIMIT 1   [ RunTime:0.0240s ]
SQL: SELECT * FROM `wemall_source` WHERE `id` = 9 LIMIT 1   [ RunTime:0.0130s ]
SQL: SELECT * FROM `wemall_attachment` WHERE `id` = 184 LIMIT 1   [ RunTime:0.0100s ]
SQL: SELECT * FROM `wemall_attachment` WHERE `id` = 184 LIMIT 1   [ RunTime:0.0150s ]
SQL: SELECT * FROM `wemall_source` WHERE `id` = 9 LIMIT 1   [ RunTime:0.0090s ]
SQL: SELECT * FROM `wemall_attachment` WHERE `id` = 184 LIMIT 1   [ RunTime:0.0100s ]
SQL: SELECT * FROM `wemall_attachment` WHERE `id` = 184 LIMIT 1   [ RunTime:0.0090s ]
SQL: SELECT * FROM `wemall_source` WHERE `id` = 9 LIMIT 1   [ RunTime:0.0150s ]
SQL: SELECT * FROM `wemall_attachment` WHERE `id` = 184 LIMIT 1   [ RunTime:0.0100s ]
SQL: SELECT * FROM `wemall_attachment` WHERE `id` = 184 LIMIT 1   [ RunTime:0.0100s ]
SQL: SELECT * FROM `wemall_source` WHERE `id` = 9 LIMIT 1   [ RunTime:0.0080s ]
SQL: SELECT * FROM `wemall_attachment` WHERE `id` = 184 LIMIT 1   [ RunTime:0.0170s ]
SQL: SELECT * FROM `wemall_attachment` WHERE `id` = 184 LIMIT 1   [ RunTime:0.0090s ]
SQL: SELECT * FROM `wemall_source` WHERE `id` = 9 LIMIT 1   [ RunTime:0.0090s ]
SQL: SELECT * FROM `wemall_attachment` WHERE `id` = 184 LIMIT 1   [ RunTime:0.0160s ]
SQL: SELECT * FROM `wemall_attachment` WHERE `id` = 184 LIMIT 1   [ RunTime:0.0090s ]
SQL: SELECT * FROM `wemall_source` WHERE `id` = 9 LIMIT 1   [ RunTime:0.0090s ]
SQL: SELECT * FROM `wemall_attachment` WHERE `id` = 184 LIMIT 1   [ RunTime:0.0090s ]
SQL: SELECT * FROM `wemall_attachment` WHERE `id` = 184 LIMIT 1   [ RunTime:0.0100s ]
SQL: SHOW COLUMNS FROM `wemall_logistics` [ RunTime:0.0160s ]
SQL: SELECT * FROM `wemall_logistics` WHERE `mode` = 1 LIMIT 1   [ RunTime:0.0180s ]
SQL: SELECT * FROM `wemall_logistics` WHERE `mode` = 1 LIMIT 1   [ RunTime:0.0180s ]
SQL: SELECT * FROM `wemall_logistics` WHERE `mode` = 1 LIMIT 1   [ RunTime:0.0090s ]
SQL: SELECT * FROM `wemall_logistics` WHERE `mode` = 1 LIMIT 1   [ RunTime:0.0100s ]
SQL: SELECT * FROM `wemall_logistics` WHERE `mode` = 0 LIMIT 1   [ RunTime:0.0080s ]
SQL: SELECT * FROM `wemall_logistics` WHERE `mode` = 0 LIMIT 1   [ RunTime:0.0170s ]
SQL: SELECT * FROM `wemall_logistics` WHERE `mode` = 0 LIMIT 1   [ RunTime:0.0090s ]
SQL: SELECT * FROM `wemall_logistics` WHERE `mode` = 0 LIMIT 1   [ RunTime:0.0080s ]
SQL: SELECT * FROM `wemall_logistics` WHERE `mode` = 0 LIMIT 1   [ RunTime:0.0090s ]
SQL: SELECT * FROM `wemall_logistics` WHERE `mode` = 0 LIMIT 1   [ RunTime:0.0090s ]
INFO: [ view_parse ] --START--
INFO: [ template_filter ] --START--
INFO: Run Behavior\ContentReplaceBehavior [ RunTime:0.000000s ]
INFO: [ template_filter ] --END-- [ RunTime:-0.908052s ]
INFO: Run Behavior\ParseTemplateBehavior [ RunTime:0.005000s ]
INFO: [ view_parse ] --END-- [ RunTime:-0.904052s ]
INFO: [ view_filter ] --START--
INFO: Run Behavior\WriteHtmlCacheBehavior [ RunTime:0.000000s ]
INFO: [ view_filter ] --END-- [ RunTime:-0.909052s ]
INFO: [ view_parse ] --START--
INFO: [ template_filter ] --START--
INFO: Run Behavior\ContentReplaceBehavior [ RunTime:0.000000s ]
INFO: [ template_filter ] --END-- [ RunTime:-0.914052s ]
INFO: Run Behavior\ParseTemplateBehavior [ RunTime:0.003000s ]
INFO: [ view_parse ] --END-- [ RunTime:-0.911052s ]
INFO: [ view_filter ] --START--
INFO: Run Behavior\WriteHtmlCacheBehavior [ RunTime:0.000000s ]
INFO: [ view_filter ] --END-- [ RunTime:-0.914052s ]
SQL: SHOW COLUMNS FROM `wemall_slide_show` [ RunTime:0.0110s ]
SQL: SELECT * FROM `wemall_slide_show` WHERE `status` = 1 ORDER BY weight desc LIMIT 6   [ RunTime:0.0090s ]
SQL: SHOW COLUMNS FROM `wemall_attachment` [ RunTime:0.0140s ]
SQL: SELECT * FROM `wemall_attachment` WHERE `id` = 864  [ RunTime:0.0180s ]
SQL: SELECT * FROM `wemall_attachment` WHERE `id` = 865  [ RunTime:0.0180s ]
SQL: SELECT * FROM `wemall_attachment` WHERE `id` = 863  [ RunTime:0.0100s ]
INFO: [ view_parse ] --START--
INFO: [ template_filter ] --START--
INFO: Run Behavior\ContentReplaceBehavior [ RunTime:0.000000s ]
INFO: [ template_filter ] --END-- [ RunTime:-1.009058s ]
INFO: Run Behavior\ParseTemplateBehavior [ RunTime:0.004000s ]
INFO: [ view_parse ] --END-- [ RunTime:-1.006058s ]
INFO: [ view_filter ] --START--
INFO: Run Behavior\WriteHtmlCacheBehavior [ RunTime:0.000000s ]
INFO: [ view_filter ] --END-- [ RunTime:-1.009058s ]
INFO: [ view_parse ] --START--
INFO: [ template_filter ] --START--
INFO: Run Behavior\ContentReplaceBehavior [ RunTime:0.000000s ]
INFO: [ template_filter ] --END-- [ RunTime:-1.015058s ]
INFO: Run Behavior\ParseTemplateBehavior [ RunTime:0.005000s ]
INFO: [ view_parse ] --END-- [ RunTime:-1.011058s ]
INFO: [ view_filter ] --START--
INFO: Run Behavior\WriteHtmlCacheBehavior [ RunTime:0.000000s ]
INFO: [ view_filter ] --END-- [ RunTime:-1.015058s ]
INFO: [ view_parse ] --START--
INFO: [ template_filter ] --START--
INFO: Run Behavior\ContentReplaceBehavior [ RunTime:0.001000s ]
INFO: [ template_filter ] --END-- [ RunTime:-1.024059s ]
INFO: Run Behavior\ParseTemplateBehavior [ RunTime:0.009001s ]
INFO: [ view_parse ] --END-- [ RunTime:-1.017058s ]
INFO: [ view_filter ] --START--
INFO: Run Behavior\WriteHtmlCacheBehavior [ RunTime:0.000000s ]
INFO: [ view_filter ] --END-- [ RunTime:-1.025059s ]
INFO: [ view_parse ] --START--
INFO: [ template_filter ] --START--
INFO: Run Behavior\ContentReplaceBehavior [ RunTime:0.000000s ]
INFO: [ template_filter ] --END-- [ RunTime:-1.030059s ]
INFO: Run Behavior\ParseTemplateBehavior [ RunTime:0.004000s ]
INFO: [ view_parse ] --END-- [ RunTime:-1.027059s ]
INFO: [ view_filter ] --START--
INFO: Run Behavior\WriteHtmlCacheBehavior [ RunTime:0.000000s ]
INFO: [ view_filter ] --END-- [ RunTime:-1.030059s ]
INFO: [ view_parse ] --START--
INFO: [ template_filter ] --START--
INFO: Run Behavior\ContentReplaceBehavior [ RunTime:0.000000s ]
INFO: [ template_filter ] --END-- [ RunTime:-1.039059s ]
INFO: Run Behavior\ParseTemplateBehavior [ RunTime:0.012001s ]
INFO: [ view_parse ] --END-- [ RunTime:-1.032059s ]
INFO: [ view_filter ] --START--
INFO: Run Behavior\WriteHtmlCacheBehavior [ RunTime:0.000000s ]
INFO: [ view_filter ] --END-- [ RunTime:-1.044060s ]
INFO: [ view_parse ] --START--
INFO: [ template_filter ] --START--
INFO: Run Behavior\ContentReplaceBehavior [ RunTime:0.000000s ]
INFO: [ template_filter ] --END-- [ RunTime:-1.050060s ]
INFO: Run Behavior\ParseTemplateBehavior [ RunTime:0.005000s ]
INFO: [ view_parse ] --END-- [ RunTime:-1.046060s ]
INFO: [ view_filter ] --START--
INFO: Run Behavior\WriteHtmlCacheBehavior [ RunTime:0.000000s ]
INFO: [ view_filter ] --END-- [ RunTime:-1.051060s ]
INFO: [ view_parse ] --START--
INFO: [ template_filter ] --START--
INFO: Run Behavior\ContentReplaceBehavior [ RunTime:0.000000s ]
INFO: [ template_filter ] --END-- [ RunTime:-1.064061s ]
NOTIC: [8] Undefined variable: YZTitle D:\xampp\htdocs\wemall\ThinkPHP\Application\Runtime\Cache\Home\f64d738dec9062ca568444d9a07e17dd.php 第 7 行.
NOTIC: [8] Undefined variable: header D:\xampp\htdocs\wemall\ThinkPHP\Application\Runtime\Cache\Home\f64d738dec9062ca568444d9a07e17dd.php 第 17 行.
INFO: Run Behavior\ParseTemplateBehavior [ RunTime:0.011001s ]
INFO: [ view_parse ] --END-- [ RunTime:-1.054060s ]
INFO: [ view_filter ] --START--
INFO: Run Behavior\WriteHtmlCacheBehavior [ RunTime:0.000000s ]
INFO: [ view_filter ] --END-- [ RunTime:-1.065061s ]
INFO: [ app_end ] --START--
INFO: Run Behavior\ShowPageTraceBehavior [ RunTime:0.001000s ]
INFO: [ app_end ] --END-- [ RunTime:0.001000s ]

[ 2015-06-08T12:48:08+08:00 ] 127.0.0.1 /wemall/WeiPHP/index.php?XDEBUG_SESSION_START=netbeans-xdebug
INFO: [ app_init ] --START--
INFO: Run Behavior\BuildLiteBehavior [ RunTime:0.001000s ]
INFO: [ app_init ] --END-- [ RunTime:0.001000s ]
INFO: [ app_begin ] --START--
INFO: Run Behavior\ReadHtmlCacheBehavior [ RunTime:0.002001s ]
INFO: [ app_begin ] --END-- [ RunTime:0.002001s ]
INFO: [ view_parse ] --START--
INFO: [ template_filter ] --START--
INFO: Run Behavior\ContentReplaceBehavior [ RunTime:0.000000s ]
INFO: [ template_filter ] --END-- [ RunTime:0.000000s ]
INFO: Run Behavior\ParseTemplateBehavior [ RunTime:0.015001s ]
INFO: [ view_parse ] --END-- [ RunTime:0.015001s ]
INFO: [ view_filter ] --START--
INFO: Run Behavior\WriteHtmlCacheBehavior [ RunTime:0.007000s ]
INFO: [ view_filter ] --END-- [ RunTime:0.009000s ]
INFO: [ view_parse ] --START--
INFO: [ template_filter ] --START--
INFO: Run Behavior\ContentReplaceBehavior [ RunTime:0.001000s ]
INFO: [ template_filter ] --END-- [ RunTime:-0.036002s ]
INFO: Run Behavior\ParseTemplateBehavior [ RunTime:0.025001s ]
INFO: [ view_parse ] --END-- [ RunTime:-0.011001s ]
INFO: [ view_filter ] --START--
INFO: Run Behavior\WriteHtmlCacheBehavior [ RunTime:0.001000s ]
INFO: [ view_filter ] --END-- [ RunTime:-0.027002s ]
SQL: SHOW COLUMNS FROM `wemall_customer` [ RunTime:0.0080s ]
SQL: SELECT * FROM `wemall_customer` WHERE `id` = 0 LIMIT 1   [ RunTime:0.0090s ]
SQL: SHOW COLUMNS FROM `wemall_goods` [ RunTime:0.0090s ]
SQL: SELECT * FROM `wemall_goods` WHERE ( state=1 ) ORDER BY reorder desc LIMIT 0,10   [ RunTime:0.0140s ]
SQL: SHOW COLUMNS FROM `wemall_attachment` [ RunTime:0.0090s ]
SQL: SELECT * FROM `wemall_attachment` WHERE `id` = 1135  [ RunTime:0.0100s ]
SQL: SELECT * FROM `wemall_attachment` WHERE `id` = 1152  [ RunTime:0.0070s ]
SQL: SELECT * FROM `wemall_attachment` WHERE `id` = 1166  [ RunTime:0.0080s ]
SQL: SELECT * FROM `wemall_attachment` WHERE `id` = 1174  [ RunTime:0.0080s ]
SQL: SELECT * FROM `wemall_attachment` WHERE `id` = 655  [ RunTime:0.0070s ]
SQL: SELECT * FROM `wemall_attachment` WHERE `id` = 652  [ RunTime:0.0100s ]
SQL: SELECT * FROM `wemall_attachment` WHERE `id` = 649  [ RunTime:0.0080s ]
SQL: SELECT * FROM `wemall_attachment` WHERE `id` = 658  [ RunTime:0.0090s ]
SQL: SELECT * FROM `wemall_attachment` WHERE `id` = 661  [ RunTime:0.0110s ]
SQL: SELECT * FROM `wemall_attachment` WHERE `id` = 1120  [ RunTime:0.0070s ]
SQL: SHOW COLUMNS FROM `wemall_source` [ RunTime:0.0100s ]
SQL: SELECT * FROM `wemall_source` WHERE `id` = 7 LIMIT 1   [ RunTime:0.0090s ]
SQL: SHOW COLUMNS FROM `wemall_attachment` [ RunTime:0.0080s ]
SQL: SELECT * FROM `wemall_attachment` WHERE `id` = 182 LIMIT 1   [ RunTime:0.0060s ]
SQL: SELECT * FROM `wemall_attachment` WHERE `id` = 182 LIMIT 1   [ RunTime:0.0080s ]
SQL: SELECT * FROM `wemall_source` WHERE `id` = 7 LIMIT 1   [ RunTime:0.0070s ]
SQL: SELECT * FROM `wemall_attachment` WHERE `id` = 182 LIMIT 1   [ RunTime:0.0080s ]
SQL: SELECT * FROM `wemall_attachment` WHERE `id` = 182 LIMIT 1   [ RunTime:0.0080s ]
SQL: SELECT * FROM `wemall_source` WHERE `id` = 7 LIMIT 1   [ RunTime:0.0070s ]
SQL: SELECT * FROM `wemall_attachment` WHERE `id` = 182 LIMIT 1   [ RunTime:0.0070s ]
SQL: SELECT * FROM `wemall_attachment` WHERE `id` = 182 LIMIT 1   [ RunTime:0.0070s ]
SQL: SELECT * FROM `wemall_source` WHERE `id` = 7 LIMIT 1   [ RunTime:0.0070s ]
SQL: SELECT * FROM `wemall_attachment` WHERE `id` = 182 LIMIT 1   [ RunTime:0.0090s ]
SQL: SELECT * FROM `wemall_attachment` WHERE `id` = 182 LIMIT 1   [ RunTime:0.0070s ]
SQL: SELECT * FROM `wemall_source` WHERE `id` = 9 LIMIT 1   [ RunTime:0.0090s ]
SQL: SELECT * FROM `wemall_attachment` WHERE `id` = 184 LIMIT 1   [ RunTime:0.0120s ]
SQL: SELECT * FROM `wemall_attachment` WHERE `id` = 184 LIMIT 1   [ RunTime:0.0070s ]
SQL: SELECT * FROM `wemall_source` WHERE `id` = 9 LIMIT 1   [ RunTime:0.0070s ]
SQL: SELECT * FROM `wemall_attachment` WHERE `id` = 184 LIMIT 1   [ RunTime:0.0070s ]
SQL: SELECT * FROM `wemall_attachment` WHERE `id` = 184 LIMIT 1   [ RunTime:0.0080s ]
SQL: SELECT * FROM `wemall_source` WHERE `id` = 9 LIMIT 1   [ RunTime:0.0070s ]
SQL: SELECT * FROM `wemall_attachment` WHERE `id` = 184 LIMIT 1   [ RunTime:0.0070s ]
SQL: SELECT * FROM `wemall_attachment` WHERE `id` = 184 LIMIT 1   [ RunTime:0.0090s ]
SQL: SELECT * FROM `wemall_source` WHERE `id` = 9 LIMIT 1   [ RunTime:0.0070s ]
SQL: SELECT * FROM `wemall_attachment` WHERE `id` = 184 LIMIT 1   [ RunTime:0.0080s ]
SQL: SELECT * FROM `wemall_attachment` WHERE `id` = 184 LIMIT 1   [ RunTime:0.0090s ]
SQL: SELECT * FROM `wemall_source` WHERE `id` = 9 LIMIT 1   [ RunTime:0.0080s ]
SQL: SELECT * FROM `wemall_attachment` WHERE `id` = 184 LIMIT 1   [ RunTime:0.0080s ]
SQL: SELECT * FROM `wemall_attachment` WHERE `id` = 184 LIMIT 1   [ RunTime:0.0080s ]
SQL: SELECT * FROM `wemall_source` WHERE `id` = 9 LIMIT 1   [ RunTime:0.0070s ]
SQL: SELECT * FROM `wemall_attachment` WHERE `id` = 184 LIMIT 1   [ RunTime:0.0080s ]
SQL: SELECT * FROM `wemall_attachment` WHERE `id` = 184 LIMIT 1   [ RunTime:0.0070s ]
SQL: SHOW COLUMNS FROM `wemall_logistics` [ RunTime:0.0080s ]
SQL: SELECT * FROM `wemall_logistics` WHERE `mode` = 1 LIMIT 1   [ RunTime:0.0060s ]
SQL: SELECT * FROM `wemall_logistics` WHERE `mode` = 1 LIMIT 1   [ RunTime:0.0070s ]
SQL: SELECT * FROM `wemall_logistics` WHERE `mode` = 1 LIMIT 1   [ RunTime:0.0080s ]
SQL: SELECT * FROM `wemall_logistics` WHERE `mode` = 1 LIMIT 1   [ RunTime:0.0070s ]
SQL: SELECT * FROM `wemall_logistics` WHERE `mode` = 0 LIMIT 1   [ RunTime:0.0100s ]
SQL: SELECT * FROM `wemall_logistics` WHERE `mode` = 0 LIMIT 1   [ RunTime:0.0090s ]
SQL: SELECT * FROM `wemall_logistics` WHERE `mode` = 0 LIMIT 1   [ RunTime:0.0080s ]
SQL: SELECT * FROM `wemall_logistics` WHERE `mode` = 0 LIMIT 1   [ RunTime:0.0090s ]
SQL: SELECT * FROM `wemall_logistics` WHERE `mode` = 0 LIMIT 1   [ RunTime:0.0080s ]
SQL: SELECT * FROM `wemall_logistics` WHERE `mode` = 0 LIMIT 1   [ RunTime:0.0070s ]
INFO: [ view_parse ] --START--
INFO: [ template_filter ] --START--
INFO: Run Behavior\ContentReplaceBehavior [ RunTime:0.000000s ]
INFO: [ template_filter ] --END-- [ RunTime:-0.702040s ]
INFO: Run Behavior\ParseTemplateBehavior [ RunTime:0.004000s ]
INFO: [ view_parse ] --END-- [ RunTime:-0.698040s ]
INFO: [ view_filter ] --START--
INFO: Run Behavior\WriteHtmlCacheBehavior [ RunTime:0.000000s ]
INFO: [ view_filter ] --END-- [ RunTime:-0.693040s ]
INFO: [ view_parse ] --START--
INFO: [ template_filter ] --START--
INFO: Run Behavior\ContentReplaceBehavior [ RunTime:0.001000s ]
INFO: [ template_filter ] --END-- [ RunTime:-0.707040s ]
INFO: Run Behavior\ParseTemplateBehavior [ RunTime:0.004000s ]
INFO: [ view_parse ] --END-- [ RunTime:-0.703040s ]
INFO: [ view_filter ] --START--
INFO: Run Behavior\WriteHtmlCacheBehavior [ RunTime:0.000000s ]
INFO: [ view_filter ] --END-- [ RunTime:-0.699040s ]
SQL: SHOW COLUMNS FROM `wemall_slide_show` [ RunTime:0.0070s ]
SQL: SELECT * FROM `wemall_slide_show` WHERE `status` = 1 ORDER BY weight desc LIMIT 6   [ RunTime:0.0070s ]
SQL: SHOW COLUMNS FROM `wemall_attachment` [ RunTime:0.0100s ]
SQL: SELECT * FROM `wemall_attachment` WHERE `id` = 864  [ RunTime:0.0080s ]
SQL: SELECT * FROM `wemall_attachment` WHERE `id` = 865  [ RunTime:0.0070s ]
SQL: SELECT * FROM `wemall_attachment` WHERE `id` = 863  [ RunTime:0.0070s ]
INFO: [ view_parse ] --START--
INFO: [ template_filter ] --START--
INFO: Run Behavior\ContentReplaceBehavior [ RunTime:0.000000s ]
INFO: [ template_filter ] --END-- [ RunTime:-0.818047s ]
INFO: Run Behavior\ParseTemplateBehavior [ RunTime:0.004000s ]
INFO: [ view_parse ] --END-- [ RunTime:-0.814047s ]
INFO: [ view_filter ] --START--
INFO: Run Behavior\WriteHtmlCacheBehavior [ RunTime:0.000000s ]
INFO: [ view_filter ] --END-- [ RunTime:-0.809047s ]
INFO: [ view_parse ] --START--
INFO: [ template_filter ] --START--
INFO: Run Behavior\ContentReplaceBehavior [ RunTime:0.000000s ]
INFO: [ template_filter ] --END-- [ RunTime:-0.833048s ]
INFO: Run Behavior\ParseTemplateBehavior [ RunTime:0.014001s ]
INFO: [ view_parse ] --END-- [ RunTime:-0.819047s ]
INFO: [ view_filter ] --START--
INFO: Run Behavior\WriteHtmlCacheBehavior [ RunTime:0.000000s ]
INFO: [ view_filter ] --END-- [ RunTime:-0.825048s ]
INFO: [ view_parse ] --START--
INFO: [ template_filter ] --START--
INFO: Run Behavior\ContentReplaceBehavior [ RunTime:0.000000s ]
INFO: [ template_filter ] --END-- [ RunTime:-0.851049s ]
INFO: Run Behavior\ParseTemplateBehavior [ RunTime:0.017001s ]
INFO: [ view_parse ] --END-- [ RunTime:-0.835048s ]
INFO: [ view_filter ] --START--
INFO: Run Behavior\WriteHtmlCacheBehavior [ RunTime:0.000000s ]
INFO: [ view_filter ] --END-- [ RunTime:-0.843049s ]
INFO: [ view_parse ] --START--
INFO: [ template_filter ] --START--
INFO: Run Behavior\ContentReplaceBehavior [ RunTime:0.001000s ]
INFO: [ template_filter ] --END-- [ RunTime:-0.858049s ]
INFO: Run Behavior\ParseTemplateBehavior [ RunTime:0.004000s ]
INFO: [ view_parse ] --END-- [ RunTime:-0.853049s ]
INFO: [ view_filter ] --START--
INFO: Run Behavior\WriteHtmlCacheBehavior [ RunTime:0.000000s ]
INFO: [ view_filter ] --END-- [ RunTime:-0.850049s ]
INFO: [ view_parse ] --START--
INFO: [ template_filter ] --START--
INFO: Run Behavior\ContentReplaceBehavior [ RunTime:0.000000s ]
INFO: [ template_filter ] --END-- [ RunTime:-0.874050s ]
INFO: Run Behavior\ParseTemplateBehavior [ RunTime:0.015001s ]
INFO: [ view_parse ] --END-- [ RunTime:-0.860049s ]
INFO: [ view_filter ] --START--
INFO: Run Behavior\WriteHtmlCacheBehavior [ RunTime:0.000000s ]
INFO: [ view_filter ] --END-- [ RunTime:-0.867050s ]
INFO: [ view_parse ] --START--
INFO: [ template_filter ] --START--
INFO: Run Behavior\ContentReplaceBehavior [ RunTime:0.000000s ]
INFO: [ template_filter ] --END-- [ RunTime:-0.882050s ]
INFO: Run Behavior\ParseTemplateBehavior [ RunTime:0.005000s ]
INFO: [ view_parse ] --END-- [ RunTime:-0.877050s ]
INFO: [ view_filter ] --START--
INFO: Run Behavior\WriteHtmlCacheBehavior [ RunTime:0.000000s ]
INFO: [ view_filter ] --END-- [ RunTime:-0.873050s ]
INFO: [ view_parse ] --START--
INFO: [ template_filter ] --START--
INFO: Run Behavior\ContentReplaceBehavior [ RunTime:0.000000s ]
INFO: [ template_filter ] --END-- [ RunTime:-0.920052s ]
NOTIC: [8] Undefined variable: YZTitle D:\xampp\htdocs\wemall\ThinkPHP\Application\Runtime\Cache\Home\f64d738dec9062ca568444d9a07e17dd.php 第 7 行.
NOTIC: [8] Undefined variable: header D:\xampp\htdocs\wemall\ThinkPHP\Application\Runtime\Cache\Home\f64d738dec9062ca568444d9a07e17dd.php 第 17 行.
INFO: Run Behavior\ParseTemplateBehavior [ RunTime:0.038003s ]
INFO: [ view_parse ] --END-- [ RunTime:-0.883050s ]
INFO: [ view_filter ] --START--
INFO: Run Behavior\WriteHtmlCacheBehavior [ RunTime:0.000000s ]
INFO: [ view_filter ] --END-- [ RunTime:-0.912053s ]
INFO: [ app_end ] --START--
INFO: Run Behavior\ShowPageTraceBehavior [ RunTime:0.000000s ]
INFO: [ app_end ] --END-- [ RunTime:0.002000s ]

[ 2015-06-08T14:53:05+08:00 ] 127.0.0.1 /wemall/WeiPHP/index.php?XDEBUG_SESSION_START=netbeans-xdebug
INFO: [ app_init ] --START--
INFO: Run Behavior\BuildLiteBehavior [ RunTime:0.000000s ]
INFO: [ app_init ] --END-- [ RunTime:0.001000s ]
INFO: [ app_begin ] --START--
INFO: Run Behavior\ReadHtmlCacheBehavior [ RunTime:0.001000s ]
INFO: [ app_begin ] --END-- [ RunTime:0.002000s ]
INFO: [ view_parse ] --START--
INFO: [ template_filter ] --START--
INFO: Run Behavior\ContentReplaceBehavior [ RunTime:0.000000s ]
INFO: [ template_filter ] --END-- [ RunTime:0.000000s ]
INFO: Run Behavior\ParseTemplateBehavior [ RunTime:0.005000s ]
INFO: [ view_parse ] --END-- [ RunTime:0.005000s ]
INFO: [ view_filter ] --START--
INFO: Run Behavior\WriteHtmlCacheBehavior [ RunTime:0.001000s ]
INFO: [ view_filter ] --END-- [ RunTime:0.001000s ]
INFO: [ view_parse ] --START--
INFO: [ template_filter ] --START--
INFO: Run Behavior\ContentReplaceBehavior [ RunTime:0.000000s ]
INFO: [ template_filter ] --END-- [ RunTime:-0.010000s ]
INFO: Run Behavior\ParseTemplateBehavior [ RunTime:0.009001s ]
INFO: [ view_parse ] --END-- [ RunTime:-0.002000s ]
INFO: [ view_filter ] --START--
INFO: Run Behavior\WriteHtmlCacheBehavior [ RunTime:0.000000s ]
INFO: [ view_filter ] --END-- [ RunTime:-0.010001s ]
SQL: SHOW COLUMNS FROM `wemall_customer` [ RunTime:0.0110s ]
SQL: SELECT * FROM `wemall_customer` WHERE `id` = 0 LIMIT 1   [ RunTime:0.0110s ]
SQL: SHOW COLUMNS FROM `wemall_goods` [ RunTime:0.0100s ]
SQL: SELECT * FROM `wemall_goods` WHERE ( state=1 ) ORDER BY reorder desc LIMIT 0,10   [ RunTime:0.0210s ]
SQL: SHOW COLUMNS FROM `wemall_attachment` [ RunTime:0.0170s ]
SQL: SELECT * FROM `wemall_attachment` WHERE `id` = 1135  [ RunTime:0.0190s ]
SQL: SELECT * FROM `wemall_attachment` WHERE `id` = 1152  [ RunTime:0.0270s ]
SQL: SELECT * FROM `wemall_attachment` WHERE `id` = 1166  [ RunTime:0.0200s ]
SQL: SELECT * FROM `wemall_attachment` WHERE `id` = 1174  [ RunTime:0.0180s ]
SQL: SELECT * FROM `wemall_attachment` WHERE `id` = 655  [ RunTime:0.0180s ]
SQL: SELECT * FROM `wemall_attachment` WHERE `id` = 652  [ RunTime:0.0190s ]
SQL: SELECT * FROM `wemall_attachment` WHERE `id` = 649  [ RunTime:0.0180s ]
SQL: SELECT * FROM `wemall_attachment` WHERE `id` = 658  [ RunTime:0.0190s ]
SQL: SELECT * FROM `wemall_attachment` WHERE `id` = 661  [ RunTime:0.0170s ]
SQL: SELECT * FROM `wemall_attachment` WHERE `id` = 1120  [ RunTime:0.0090s ]
SQL: SHOW COLUMNS FROM `wemall_source` [ RunTime:0.0180s ]
SQL: SELECT * FROM `wemall_source` WHERE `id` = 7 LIMIT 1   [ RunTime:0.0080s ]
SQL: SHOW COLUMNS FROM `wemall_attachment` [ RunTime:0.0170s ]
SQL: SELECT * FROM `wemall_attachment` WHERE `id` = 182 LIMIT 1   [ RunTime:0.0090s ]
SQL: SELECT * FROM `wemall_attachment` WHERE `id` = 182 LIMIT 1   [ RunTime:0.0180s ]
SQL: SELECT * FROM `wemall_source` WHERE `id` = 7 LIMIT 1   [ RunTime:0.0190s ]
SQL: SELECT * FROM `wemall_attachment` WHERE `id` = 182 LIMIT 1   [ RunTime:0.0180s ]
SQL: SELECT * FROM `wemall_attachment` WHERE `id` = 182 LIMIT 1   [ RunTime:0.0090s ]
SQL: SELECT * FROM `wemall_source` WHERE `id` = 7 LIMIT 1   [ RunTime:0.0190s ]
SQL: SELECT * FROM `wemall_attachment` WHERE `id` = 182 LIMIT 1   [ RunTime:0.0190s ]
SQL: SELECT * FROM `wemall_attachment` WHERE `id` = 182 LIMIT 1   [ RunTime:0.0280s ]
SQL: SELECT * FROM `wemall_source` WHERE `id` = 7 LIMIT 1   [ RunTime:0.0180s ]
SQL: SELECT * FROM `wemall_attachment` WHERE `id` = 182 LIMIT 1   [ RunTime:0.0090s ]
SQL: SELECT * FROM `wemall_attachment` WHERE `id` = 182 LIMIT 1   [ RunTime:0.0180s ]
SQL: SELECT * FROM `wemall_source` WHERE `id` = 9 LIMIT 1   [ RunTime:0.0230s ]
SQL: SELECT * FROM `wemall_attachment` WHERE `id` = 184 LIMIT 1   [ RunTime:0.4510s ]
SQL: SELECT * FROM `wemall_attachment` WHERE `id` = 184 LIMIT 1   [ RunTime:0.0190s ]
SQL: SELECT * FROM `wemall_source` WHERE `id` = 9 LIMIT 1   [ RunTime:0.0090s ]
SQL: SELECT * FROM `wemall_attachment` WHERE `id` = 184 LIMIT 1   [ RunTime:0.0180s ]
SQL: SELECT * FROM `wemall_attachment` WHERE `id` = 184 LIMIT 1   [ RunTime:0.0290s ]
SQL: SELECT * FROM `wemall_source` WHERE `id` = 9 LIMIT 1   [ RunTime:0.0180s ]
SQL: SELECT * FROM `wemall_attachment` WHERE `id` = 184 LIMIT 1   [ RunTime:0.0190s ]
SQL: SELECT * FROM `wemall_attachment` WHERE `id` = 184 LIMIT 1   [ RunTime:0.0210s ]
SQL: SELECT * FROM `wemall_source` WHERE `id` = 9 LIMIT 1   [ RunTime:0.0160s ]
SQL: SELECT * FROM `wemall_attachment` WHERE `id` = 184 LIMIT 1   [ RunTime:0.0200s ]
SQL: SELECT * FROM `wemall_attachment` WHERE `id` = 184 LIMIT 1   [ RunTime:0.0090s ]
SQL: SELECT * FROM `wemall_source` WHERE `id` = 9 LIMIT 1   [ RunTime:0.0170s ]
SQL: SELECT * FROM `wemall_attachment` WHERE `id` = 184 LIMIT 1   [ RunTime:0.0190s ]
SQL: SELECT * FROM `wemall_attachment` WHERE `id` = 184 LIMIT 1   [ RunTime:0.0290s ]
SQL: SELECT * FROM `wemall_source` WHERE `id` = 9 LIMIT 1   [ RunTime:0.0180s ]
SQL: SELECT * FROM `wemall_attachment` WHERE `id` = 184 LIMIT 1   [ RunTime:0.0290s ]
SQL: SELECT * FROM `wemall_attachment` WHERE `id` = 184 LIMIT 1   [ RunTime:0.0180s ]
SQL: SHOW COLUMNS FROM `wemall_logistics` [ RunTime:0.0180s ]
SQL: SELECT * FROM `wemall_logistics` WHERE `mode` = 1 LIMIT 1   [ RunTime:0.0090s ]
SQL: SELECT * FROM `wemall_logistics` WHERE `mode` = 1 LIMIT 1   [ RunTime:0.0080s ]
SQL: SELECT * FROM `wemall_logistics` WHERE `mode` = 1 LIMIT 1   [ RunTime:0.0090s ]
SQL: SELECT * FROM `wemall_logistics` WHERE `mode` = 1 LIMIT 1   [ RunTime:0.0090s ]
SQL: SELECT * FROM `wemall_logistics` WHERE `mode` = 0 LIMIT 1   [ RunTime:0.0090s ]
SQL: SELECT * FROM `wemall_logistics` WHERE `mode` = 0 LIMIT 1   [ RunTime:0.0080s ]
SQL: SELECT * FROM `wemall_logistics` WHERE `mode` = 0 LIMIT 1   [ RunTime:0.0100s ]
SQL: SELECT * FROM `wemall_logistics` WHERE `mode` = 0 LIMIT 1   [ RunTime:0.0130s ]
SQL: SELECT * FROM `wemall_logistics` WHERE `mode` = 0 LIMIT 1   [ RunTime:0.0090s ]
SQL: SELECT * FROM `wemall_logistics` WHERE `mode` = 0 LIMIT 1   [ RunTime:0.0090s ]
INFO: [ view_parse ] --START--
INFO: [ template_filter ] --START--
INFO: Run Behavior\ContentReplaceBehavior [ RunTime:0.000000s ]
INFO: [ template_filter ] --END-- [ RunTime:-2.181125s ]
INFO: Run Behavior\ParseTemplateBehavior [ RunTime:0.063004s ]
INFO: [ view_parse ] --END-- [ RunTime:-2.176124s ]
INFO: [ view_filter ] --START--
INFO: Run Behavior\WriteHtmlCacheBehavior [ RunTime:0.001000s ]
INFO: [ view_filter ] --END-- [ RunTime:-2.240128s ]
INFO: [ view_parse ] --START--
INFO: [ template_filter ] --START--
INFO: Run Behavior\ContentReplaceBehavior [ RunTime:0.000000s ]
INFO: [ template_filter ] --END-- [ RunTime:-2.249128s ]
INFO: Run Behavior\ParseTemplateBehavior [ RunTime:0.005001s ]
INFO: [ view_parse ] --END-- [ RunTime:-2.245128s ]
INFO: [ view_filter ] --START--
INFO: Run Behavior\WriteHtmlCacheBehavior [ RunTime:0.000000s ]
INFO: [ view_filter ] --END-- [ RunTime:-2.250129s ]
SQL: SHOW COLUMNS FROM `wemall_slide_show` [ RunTime:0.2430s ]
SQL: SELECT * FROM `wemall_slide_show` WHERE `status` = 1 ORDER BY weight desc LIMIT 6   [ RunTime:0.0170s ]
SQL: SHOW COLUMNS FROM `wemall_attachment` [ RunTime:0.0190s ]
SQL: SELECT * FROM `wemall_attachment` WHERE `id` = 864  [ RunTime:0.0170s ]
SQL: SELECT * FROM `wemall_attachment` WHERE `id` = 865  [ RunTime:0.0190s ]
SQL: SELECT * FROM `wemall_attachment` WHERE `id` = 863  [ RunTime:0.0170s ]
INFO: [ view_parse ] --START--
INFO: [ template_filter ] --START--
INFO: Run Behavior\ContentReplaceBehavior [ RunTime:0.000000s ]
INFO: [ template_filter ] --END-- [ RunTime:-2.601149s ]
INFO: Run Behavior\ParseTemplateBehavior [ RunTime:0.005001s ]
INFO: [ view_parse ] --END-- [ RunTime:-2.597148s ]
INFO: [ view_filter ] --START--
INFO: Run Behavior\WriteHtmlCacheBehavior [ RunTime:0.001000s ]
INFO: [ view_filter ] --END-- [ RunTime:-2.602149s ]
INFO: [ view_parse ] --START--
INFO: [ template_filter ] --START--
INFO: Run Behavior\ContentReplaceBehavior [ RunTime:0.000000s ]
INFO: [ template_filter ] --END-- [ RunTime:-2.614149s ]
INFO: Run Behavior\ParseTemplateBehavior [ RunTime:0.010001s ]
INFO: [ view_parse ] --END-- [ RunTime:-2.606149s ]
INFO: [ view_filter ] --START--
INFO: Run Behavior\WriteHtmlCacheBehavior [ RunTime:0.000000s ]
INFO: [ view_filter ] --END-- [ RunTime:-2.615150s ]
INFO: [ view_parse ] --START--
INFO: [ template_filter ] --START--
INFO: Run Behavior\ContentReplaceBehavior [ RunTime:0.000000s ]
INFO: [ template_filter ] --END-- [ RunTime:-2.630150s ]
INFO: Run Behavior\ParseTemplateBehavior [ RunTime:0.014001s ]
INFO: [ view_parse ] --END-- [ RunTime:-2.618150s ]
INFO: [ view_filter ] --START--
INFO: Run Behavior\WriteHtmlCacheBehavior [ RunTime:0.000000s ]
INFO: [ view_filter ] --END-- [ RunTime:-2.632151s ]
INFO: [ view_parse ] --START--
INFO: [ template_filter ] --START--
INFO: Run Behavior\ContentReplaceBehavior [ RunTime:0.001000s ]
INFO: [ template_filter ] --END-- [ RunTime:-2.643151s ]
INFO: Run Behavior\ParseTemplateBehavior [ RunTime:0.008000s ]
INFO: [ view_parse ] --END-- [ RunTime:-2.636151s ]
INFO: [ view_filter ] --START--
INFO: Run Behavior\WriteHtmlCacheBehavior [ RunTime:0.000000s ]
INFO: [ view_filter ] --END-- [ RunTime:-2.643151s ]
INFO: [ view_parse ] --START--
INFO: [ template_filter ] --START--
INFO: Run Behavior\ContentReplaceBehavior [ RunTime:0.001000s ]
INFO: [ template_filter ] --END-- [ RunTime:-2.664152s ]
INFO: Run Behavior\ParseTemplateBehavior [ RunTime:0.023002s ]
INFO: [ view_parse ] --END-- [ RunTime:-2.647151s ]
INFO: [ view_filter ] --START--
INFO: Run Behavior\WriteHtmlCacheBehavior [ RunTime:0.000000s ]
INFO: [ view_filter ] --END-- [ RunTime:-2.671153s ]
INFO: [ view_parse ] --START--
INFO: [ template_filter ] --START--
INFO: Run Behavior\ContentReplaceBehavior [ RunTime:0.000000s ]
INFO: [ template_filter ] --END-- [ RunTime:-2.682153s ]
INFO: Run Behavior\ParseTemplateBehavior [ RunTime:0.009000s ]
INFO: [ view_parse ] --END-- [ RunTime:-2.675153s ]
INFO: [ view_filter ] --START--
INFO: Run Behavior\WriteHtmlCacheBehavior [ RunTime:0.000000s ]
INFO: [ view_filter ] --END-- [ RunTime:-2.684153s ]
INFO: [ view_parse ] --START--
INFO: [ template_filter ] --START--
INFO: Run Behavior\ContentReplaceBehavior [ RunTime:0.000000s ]
INFO: [ template_filter ] --END-- [ RunTime:-2.700154s ]
NOTIC: [8] Undefined variable: YZTitle D:\xampp\htdocs\wemall\ThinkPHP\Application\Runtime\Cache\Home\f64d738dec9062ca568444d9a07e17dd.php 第 7 行.
NOTIC: [8] Undefined variable: header D:\xampp\htdocs\wemall\ThinkPHP\Application\Runtime\Cache\Home\f64d738dec9062ca568444d9a07e17dd.php 第 17 行.
INFO: Run Behavior\ParseTemplateBehavior [ RunTime:0.012000s ]
INFO: [ view_parse ] --END-- [ RunTime:-2.688154s ]
INFO: [ view_filter ] --START--
INFO: Run Behavior\WriteHtmlCacheBehavior [ RunTime:0.000000s ]
INFO: [ view_filter ] --END-- [ RunTime:-2.701154s ]
INFO: [ app_end ] --START--
INFO: Run Behavior\ShowPageTraceBehavior [ RunTime:0.002000s ]
INFO: [ app_end ] --END-- [ RunTime:0.002000s ]

[ 2015-06-08T14:53:15+08:00 ] 127.0.0.1 /wemall/WeiPHP/index.php?XDEBUG_SESSION_START=netbeans-xdebug
INFO: [ app_init ] --START--
INFO: Run Behavior\BuildLiteBehavior [ RunTime:0.000000s ]
INFO: [ app_init ] --END-- [ RunTime:0.001000s ]
INFO: [ app_begin ] --START--
INFO: Run Behavior\ReadHtmlCacheBehavior [ RunTime:0.000000s ]
INFO: [ app_begin ] --END-- [ RunTime:0.002000s ]
INFO: [ view_parse ] --START--
INFO: [ template_filter ] --START--
INFO: Run Behavior\ContentReplaceBehavior [ RunTime:0.000000s ]
INFO: [ template_filter ] --END-- [ RunTime:0.001000s ]
INFO: Run Behavior\ParseTemplateBehavior [ RunTime:0.008001s ]
INFO: [ view_parse ] --END-- [ RunTime:0.008001s ]
INFO: [ view_filter ] --START--
INFO: Run Behavior\WriteHtmlCacheBehavior [ RunTime:0.001000s ]
INFO: [ view_filter ] --END-- [ RunTime:0.001000s ]
INFO: [ view_parse ] --START--
INFO: [ template_filter ] --START--
INFO: Run Behavior\ContentReplaceBehavior [ RunTime:0.000000s ]
INFO: [ template_filter ] --END-- [ RunTime:-0.012001s ]
INFO: Run Behavior\ParseTemplateBehavior [ RunTime:0.011001s ]
INFO: [ view_parse ] --END-- [ RunTime:-0.004000s ]
INFO: [ view_filter ] --START--
INFO: Run Behavior\WriteHtmlCacheBehavior [ RunTime:0.000000s ]
INFO: [ view_filter ] --END-- [ RunTime:-0.014001s ]
SQL: SHOW COLUMNS FROM `wemall_customer` [ RunTime:0.0100s ]
SQL: SELECT * FROM `wemall_customer` WHERE `id` = 0 LIMIT 1   [ RunTime:0.0090s ]
SQL: SHOW COLUMNS FROM `wemall_goods` [ RunTime:0.0090s ]
SQL: SELECT * FROM `wemall_goods` WHERE ( state=1 ) ORDER BY reorder desc LIMIT 0,10   [ RunTime:0.0120s ]
SQL: SHOW COLUMNS FROM `wemall_attachment` [ RunTime:0.0160s ]
SQL: SELECT * FROM `wemall_attachment` WHERE `id` = 1135  [ RunTime:0.0200s ]
SQL: SELECT * FROM `wemall_attachment` WHERE `id` = 1152  [ RunTime:0.0090s ]
SQL: SELECT * FROM `wemall_attachment` WHERE `id` = 1166  [ RunTime:0.0080s ]
SQL: SELECT * FROM `wemall_attachment` WHERE `id` = 1174  [ RunTime:0.0080s ]
SQL: SELECT * FROM `wemall_attachment` WHERE `id` = 655  [ RunTime:0.0090s ]
SQL: SELECT * FROM `wemall_attachment` WHERE `id` = 652  [ RunTime:0.0080s ]
SQL: SELECT * FROM `wemall_attachment` WHERE `id` = 649  [ RunTime:0.0090s ]
SQL: SELECT * FROM `wemall_attachment` WHERE `id` = 658  [ RunTime:0.0180s ]
SQL: SELECT * FROM `wemall_attachment` WHERE `id` = 661  [ RunTime:0.0160s ]
SQL: SELECT * FROM `wemall_attachment` WHERE `id` = 1120  [ RunTime:0.0180s ]
SQL: SHOW COLUMNS FROM `wemall_source` [ RunTime:0.0090s ]
SQL: SELECT * FROM `wemall_source` WHERE `id` = 7 LIMIT 1   [ RunTime:0.0080s ]
SQL: SHOW COLUMNS FROM `wemall_attachment` [ RunTime:0.0170s ]
SQL: SELECT * FROM `wemall_attachment` WHERE `id` = 182 LIMIT 1   [ RunTime:0.0160s ]
SQL: SELECT * FROM `wemall_attachment` WHERE `id` = 182 LIMIT 1   [ RunTime:0.0090s ]
SQL: SELECT * FROM `wemall_source` WHERE `id` = 7 LIMIT 1   [ RunTime:0.0080s ]
SQL: SELECT * FROM `wemall_attachment` WHERE `id` = 182 LIMIT 1   [ RunTime:0.0090s ]
SQL: SELECT * FROM `wemall_attachment` WHERE `id` = 182 LIMIT 1   [ RunTime:0.0090s ]
SQL: SELECT * FROM `wemall_source` WHERE `id` = 7 LIMIT 1   [ RunTime:0.0070s ]
SQL: SELECT * FROM `wemall_attachment` WHERE `id` = 182 LIMIT 1   [ RunTime:0.0080s ]
SQL: SELECT * FROM `wemall_attachment` WHERE `id` = 182 LIMIT 1   [ RunTime:0.0100s ]
SQL: SELECT * FROM `wemall_source` WHERE `id` = 7 LIMIT 1   [ RunTime:0.0160s ]
SQL: SELECT * FROM `wemall_attachment` WHERE `id` = 182 LIMIT 1   [ RunTime:0.0090s ]
SQL: SELECT * FROM `wemall_attachment` WHERE `id` = 182 LIMIT 1   [ RunTime:0.0090s ]
SQL: SELECT * FROM `wemall_source` WHERE `id` = 9 LIMIT 1   [ RunTime:0.0280s ]
SQL: SELECT * FROM `wemall_attachment` WHERE `id` = 184 LIMIT 1   [ RunTime:0.0100s ]
SQL: SELECT * FROM `wemall_attachment` WHERE `id` = 184 LIMIT 1   [ RunTime:0.0280s ]
SQL: SELECT * FROM `wemall_source` WHERE `id` = 9 LIMIT 1   [ RunTime:0.0090s ]
SQL: SELECT * FROM `wemall_attachment` WHERE `id` = 184 LIMIT 1   [ RunTime:0.4490s ]
SQL: SELECT * FROM `wemall_attachment` WHERE `id` = 184 LIMIT 1   [ RunTime:0.0100s ]
SQL: SELECT * FROM `wemall_source` WHERE `id` = 9 LIMIT 1   [ RunTime:0.0180s ]
SQL: SELECT * FROM `wemall_attachment` WHERE `id` = 184 LIMIT 1   [ RunTime:0.0090s ]
SQL: SELECT * FROM `wemall_attachment` WHERE `id` = 184 LIMIT 1   [ RunTime:0.0180s ]
SQL: SELECT * FROM `wemall_source` WHERE `id` = 9 LIMIT 1   [ RunTime:0.0170s ]
SQL: SELECT * FROM `wemall_attachment` WHERE `id` = 184 LIMIT 1   [ RunTime:0.0190s ]
SQL: SELECT * FROM `wemall_attachment` WHERE `id` = 184 LIMIT 1   [ RunTime:0.4490s ]
SQL: SELECT * FROM `wemall_source` WHERE `id` = 9 LIMIT 1   [ RunTime:0.0090s ]
SQL: SELECT * FROM `wemall_attachment` WHERE `id` = 184 LIMIT 1   [ RunTime:0.0170s ]
SQL: SELECT * FROM `wemall_attachment` WHERE `id` = 184 LIMIT 1   [ RunTime:0.0090s ]
SQL: SELECT * FROM `wemall_source` WHERE `id` = 9 LIMIT 1   [ RunTime:0.0090s ]
SQL: SELECT * FROM `wemall_attachment` WHERE `id` = 184 LIMIT 1   [ RunTime:0.0090s ]
SQL: SELECT * FROM `wemall_attachment` WHERE `id` = 184 LIMIT 1   [ RunTime:0.0090s ]
SQL: SHOW COLUMNS FROM `wemall_logistics` [ RunTime:0.0110s ]
SQL: SELECT * FROM `wemall_logistics` WHERE `mode` = 1 LIMIT 1   [ RunTime:0.0090s ]
SQL: SELECT * FROM `wemall_logistics` WHERE `mode` = 1 LIMIT 1   [ RunTime:0.0180s ]
SQL: SELECT * FROM `wemall_logistics` WHERE `mode` = 1 LIMIT 1   [ RunTime:0.0150s ]
SQL: SELECT * FROM `wemall_logistics` WHERE `mode` = 1 LIMIT 1   [ RunTime:0.0180s ]
SQL: SELECT * FROM `wemall_logistics` WHERE `mode` = 0 LIMIT 1   [ RunTime:0.0180s ]
SQL: SELECT * FROM `wemall_logistics` WHERE `mode` = 0 LIMIT 1   [ RunTime:0.0090s ]
SQL: SELECT * FROM `wemall_logistics` WHERE `mode` = 0 LIMIT 1   [ RunTime:0.0090s ]
SQL: SELECT * FROM `wemall_logistics` WHERE `mode` = 0 LIMIT 1   [ RunTime:0.2290s ]
SQL: SELECT * FROM `wemall_logistics` WHERE `mode` = 0 LIMIT 1   [ RunTime:0.0190s ]
SQL: SELECT * FROM `wemall_logistics` WHERE `mode` = 0 LIMIT 1   [ RunTime:0.0090s ]
INFO: [ view_parse ] --START--
INFO: [ template_filter ] --START--
INFO: Run Behavior\ContentReplaceBehavior [ RunTime:0.000000s ]
INFO: [ template_filter ] --END-- [ RunTime:-1.991114s ]
INFO: Run Behavior\ParseTemplateBehavior [ RunTime:0.006000s ]
INFO: [ view_parse ] --END-- [ RunTime:-1.987114s ]
INFO: [ view_filter ] --START--
INFO: Run Behavior\WriteHtmlCacheBehavior [ RunTime:0.000000s ]
INFO: [ view_filter ] --END-- [ RunTime:-1.991114s ]
INFO: [ view_parse ] --START--
INFO: [ template_filter ] --START--
INFO: Run Behavior\ContentReplaceBehavior [ RunTime:0.000000s ]
INFO: [ template_filter ] --END-- [ RunTime:-2.001114s ]
INFO: Run Behavior\ParseTemplateBehavior [ RunTime:0.006000s ]
INFO: [ view_parse ] --END-- [ RunTime:-1.995114s ]
INFO: [ view_filter ] --START--
INFO: Run Behavior\WriteHtmlCacheBehavior [ RunTime:0.000000s ]
INFO: [ view_filter ] --END-- [ RunTime:-2.001115s ]
SQL: SHOW COLUMNS FROM `wemall_slide_show` [ RunTime:0.0180s ]
SQL: SELECT * FROM `wemall_slide_show` WHERE `status` = 1 ORDER BY weight desc LIMIT 6   [ RunTime:0.0080s ]
SQL: SHOW COLUMNS FROM `wemall_attachment` [ RunTime:0.0120s ]
SQL: SELECT * FROM `wemall_attachment` WHERE `id` = 864  [ RunTime:0.0090s ]
SQL: SELECT * FROM `wemall_attachment` WHERE `id` = 865  [ RunTime:0.0090s ]
SQL: SELECT * FROM `wemall_attachment` WHERE `id` = 863  [ RunTime:0.0080s ]
INFO: [ view_parse ] --START--
INFO: [ template_filter ] --START--
INFO: Run Behavior\ContentReplaceBehavior [ RunTime:0.000000s ]
INFO: [ template_filter ] --END-- [ RunTime:-2.099120s ]
INFO: Run Behavior\ParseTemplateBehavior [ RunTime:0.013001s ]
INFO: [ view_parse ] --END-- [ RunTime:-2.088119s ]
INFO: [ view_filter ] --START--
INFO: Run Behavior\WriteHtmlCacheBehavior [ RunTime:0.000000s ]
INFO: [ view_filter ] --END-- [ RunTime:-2.099120s ]
INFO: [ view_parse ] --START--
INFO: [ template_filter ] --START--
INFO: Run Behavior\ContentReplaceBehavior [ RunTime:0.001000s ]
INFO: [ template_filter ] --END-- [ RunTime:-2.111121s ]
INFO: Run Behavior\ParseTemplateBehavior [ RunTime:0.009001s ]
INFO: [ view_parse ] --END-- [ RunTime:-2.104120s ]
INFO: [ view_filter ] --START--
INFO: Run Behavior\WriteHtmlCacheBehavior [ RunTime:0.000000s ]
INFO: [ view_filter ] --END-- [ RunTime:-2.113121s ]
INFO: [ view_parse ] --START--
INFO: [ template_filter ] --START--
INFO: Run Behavior\ContentReplaceBehavior [ RunTime:0.000000s ]
INFO: [ template_filter ] --END-- [ RunTime:-2.124121s ]
INFO: Run Behavior\ParseTemplateBehavior [ RunTime:0.010001s ]
INFO: [ view_parse ] --END-- [ RunTime:-2.116121s ]
INFO: [ view_filter ] --START--
INFO: Run Behavior\WriteHtmlCacheBehavior [ RunTime:0.000000s ]
INFO: [ view_filter ] --END-- [ RunTime:-2.125122s ]
INFO: [ view_parse ] --START--
INFO: [ template_filter ] --START--
INFO: Run Behavior\ContentReplaceBehavior [ RunTime:0.001000s ]
INFO: [ template_filter ] --END-- [ RunTime:-2.135122s ]
INFO: Run Behavior\ParseTemplateBehavior [ RunTime:0.007000s ]
INFO: [ view_parse ] --END-- [ RunTime:-2.129122s ]
INFO: [ view_filter ] --START--
INFO: Run Behavior\WriteHtmlCacheBehavior [ RunTime:0.000000s ]
INFO: [ view_filter ] --END-- [ RunTime:-2.136122s ]
INFO: [ view_parse ] --START--
INFO: [ template_filter ] --START--
INFO: Run Behavior\ContentReplaceBehavior [ RunTime:0.000000s ]
INFO: [ template_filter ] --END-- [ RunTime:-2.153123s ]
INFO: Run Behavior\ParseTemplateBehavior [ RunTime:0.017001s ]
INFO: [ view_parse ] --END-- [ RunTime:-2.140122s ]
INFO: [ view_filter ] --START--
INFO: Run Behavior\WriteHtmlCacheBehavior [ RunTime:0.000000s ]
INFO: [ view_filter ] --END-- [ RunTime:-2.156123s ]
INFO: [ view_parse ] --START--
INFO: [ template_filter ] --START--
INFO: Run Behavior\ContentReplaceBehavior [ RunTime:0.001000s ]
INFO: [ template_filter ] --END-- [ RunTime:-2.167124s ]
INFO: Run Behavior\ParseTemplateBehavior [ RunTime:0.010000s ]
INFO: [ view_parse ] --END-- [ RunTime:-2.160124s ]
INFO: [ view_filter ] --START--
INFO: Run Behavior\WriteHtmlCacheBehavior [ RunTime:0.000000s ]
INFO: [ view_filter ] --END-- [ RunTime:-2.168124s ]
INFO: [ view_parse ] --START--
INFO: [ template_filter ] --START--
INFO: Run Behavior\ContentReplaceBehavior [ RunTime:0.000000s ]
INFO: [ template_filter ] --END-- [ RunTime:-2.187125s ]
NOTIC: [8] Undefined variable: YZTitle D:\xampp\htdocs\wemall\ThinkPHP\Application\Runtime\Cache\Home\f64d738dec9062ca568444d9a07e17dd.php 第 7 行.
NOTIC: [8] Undefined variable: header D:\xampp\htdocs\wemall\ThinkPHP\Application\Runtime\Cache\Home\f64d738dec9062ca568444d9a07e17dd.php 第 17 行.
INFO: Run Behavior\ParseTemplateBehavior [ RunTime:0.018001s ]
INFO: [ view_parse ] --END-- [ RunTime:-2.172124s ]
INFO: [ view_filter ] --START--
INFO: Run Behavior\WriteHtmlCacheBehavior [ RunTime:0.000000s ]
INFO: [ view_filter ] --END-- [ RunTime:-2.188125s ]
INFO: [ app_end ] --START--
INFO: Run Behavior\ShowPageTraceBehavior [ RunTime:0.003001s ]
INFO: [ app_end ] --END-- [ RunTime:0.004001s ]

[ 2015-06-08T16:32:45+08:00 ] 127.0.0.1 /wemall/WeiPHP/index.php?XDEBUG_SESSION_START=netbeans-xdebug
INFO: [ app_init ] --START--
INFO: Run Behavior\BuildLiteBehavior [ RunTime:0.000000s ]
INFO: [ app_init ] --END-- [ RunTime:0.000000s ]
INFO: [ app_begin ] --START--
INFO: Run Behavior\ReadHtmlCacheBehavior [ RunTime:0.000000s ]
INFO: [ app_begin ] --END-- [ RunTime:0.002000s ]
INFO: [ view_parse ] --START--
INFO: [ template_filter ] --START--
INFO: Run Behavior\ContentReplaceBehavior [ RunTime:0.000000s ]
INFO: [ template_filter ] --END-- [ RunTime:0.001000s ]
INFO: Run Behavior\ParseTemplateBehavior [ RunTime:0.006001s ]
INFO: [ view_parse ] --END-- [ RunTime:0.008001s ]
INFO: [ view_filter ] --START--
INFO: Run Behavior\WriteHtmlCacheBehavior [ RunTime:0.001000s ]
INFO: [ view_filter ] --END-- [ RunTime:0.002000s ]
INFO: [ view_parse ] --START--
INFO: [ template_filter ] --START--
INFO: Run Behavior\ContentReplaceBehavior [ RunTime:0.000000s ]
INFO: [ template_filter ] --END-- [ RunTime:-0.021001s ]
INFO: Run Behavior\ParseTemplateBehavior [ RunTime:0.035002s ]
INFO: [ view_parse ] --END-- [ RunTime:-0.002000s ]
INFO: [ view_filter ] --START--
INFO: Run Behavior\WriteHtmlCacheBehavior [ RunTime:0.000000s ]
INFO: [ view_filter ] --END-- [ RunTime:-0.036002s ]
SQL: SHOW COLUMNS FROM `wemall_customer` [ RunTime:0.0090s ]
SQL: SELECT * FROM `wemall_customer` WHERE `id` = 0 LIMIT 1   [ RunTime:0.0080s ]
SQL: SHOW COLUMNS FROM `wemall_goods` [ RunTime:0.0100s ]
SQL: SELECT * FROM `wemall_goods` WHERE ( state=1 ) ORDER BY reorder desc LIMIT 0,10   [ RunTime:0.0100s ]
SQL: SHOW COLUMNS FROM `wemall_attachment` [ RunTime:0.0120s ]
SQL: SELECT * FROM `wemall_attachment` WHERE `id` = 1135  [ RunTime:0.0100s ]
SQL: SELECT * FROM `wemall_attachment` WHERE `id` = 1152  [ RunTime:0.0100s ]
SQL: SELECT * FROM `wemall_attachment` WHERE `id` = 1166  [ RunTime:0.0080s ]
SQL: SELECT * FROM `wemall_attachment` WHERE `id` = 1174  [ RunTime:0.0100s ]
SQL: SELECT * FROM `wemall_attachment` WHERE `id` = 655  [ RunTime:0.0110s ]
SQL: SELECT * FROM `wemall_attachment` WHERE `id` = 652  [ RunTime:0.0090s ]
SQL: SELECT * FROM `wemall_attachment` WHERE `id` = 649  [ RunTime:0.0080s ]
SQL: SELECT * FROM `wemall_attachment` WHERE `id` = 658  [ RunTime:0.0080s ]
SQL: SELECT * FROM `wemall_attachment` WHERE `id` = 661  [ RunTime:0.0090s ]
SQL: SELECT * FROM `wemall_attachment` WHERE `id` = 1120  [ RunTime:0.0090s ]
SQL: SHOW COLUMNS FROM `wemall_source` [ RunTime:0.0100s ]
SQL: SELECT * FROM `wemall_source` WHERE `id` = 7 LIMIT 1   [ RunTime:0.0080s ]
SQL: SHOW COLUMNS FROM `wemall_attachment` [ RunTime:0.0080s ]
SQL: SELECT * FROM `wemall_attachment` WHERE `id` = 182 LIMIT 1   [ RunTime:0.0100s ]
SQL: SELECT * FROM `wemall_attachment` WHERE `id` = 182 LIMIT 1   [ RunTime:0.0090s ]
SQL: SELECT * FROM `wemall_source` WHERE `id` = 7 LIMIT 1   [ RunTime:0.0080s ]
SQL: SELECT * FROM `wemall_attachment` WHERE `id` = 182 LIMIT 1   [ RunTime:0.0090s ]
SQL: SELECT * FROM `wemall_attachment` WHERE `id` = 182 LIMIT 1   [ RunTime:0.0080s ]
SQL: SELECT * FROM `wemall_source` WHERE `id` = 7 LIMIT 1   [ RunTime:0.0090s ]
SQL: SELECT * FROM `wemall_attachment` WHERE `id` = 182 LIMIT 1   [ RunTime:0.0120s ]
SQL: SELECT * FROM `wemall_attachment` WHERE `id` = 182 LIMIT 1   [ RunTime:0.0110s ]
SQL: SELECT * FROM `wemall_source` WHERE `id` = 7 LIMIT 1   [ RunTime:0.0090s ]
SQL: SELECT * FROM `wemall_attachment` WHERE `id` = 182 LIMIT 1   [ RunTime:0.0090s ]
SQL: SELECT * FROM `wemall_attachment` WHERE `id` = 182 LIMIT 1   [ RunTime:0.0080s ]
SQL: SELECT * FROM `wemall_source` WHERE `id` = 9 LIMIT 1   [ RunTime:0.0080s ]
SQL: SELECT * FROM `wemall_attachment` WHERE `id` = 184 LIMIT 1   [ RunTime:0.0110s ]
SQL: SELECT * FROM `wemall_attachment` WHERE `id` = 184 LIMIT 1   [ RunTime:0.0080s ]
SQL: SELECT * FROM `wemall_source` WHERE `id` = 9 LIMIT 1   [ RunTime:0.0090s ]
SQL: SELECT * FROM `wemall_attachment` WHERE `id` = 184 LIMIT 1   [ RunTime:0.0090s ]
SQL: SELECT * FROM `wemall_attachment` WHERE `id` = 184 LIMIT 1   [ RunTime:0.0110s ]
SQL: SELECT * FROM `wemall_source` WHERE `id` = 9 LIMIT 1   [ RunTime:0.0090s ]
SQL: SELECT * FROM `wemall_attachment` WHERE `id` = 184 LIMIT 1   [ RunTime:0.0090s ]
SQL: SELECT * FROM `wemall_attachment` WHERE `id` = 184 LIMIT 1   [ RunTime:0.0080s ]
SQL: SELECT * FROM `wemall_source` WHERE `id` = 9 LIMIT 1   [ RunTime:0.0130s ]
SQL: SELECT * FROM `wemall_attachment` WHERE `id` = 184 LIMIT 1   [ RunTime:0.0100s ]
SQL: SELECT * FROM `wemall_attachment` WHERE `id` = 184 LIMIT 1   [ RunTime:0.0090s ]
SQL: SELECT * FROM `wemall_source` WHERE `id` = 9 LIMIT 1   [ RunTime:0.0070s ]
SQL: SELECT * FROM `wemall_attachment` WHERE `id` = 184 LIMIT 1   [ RunTime:0.0080s ]
SQL: SELECT * FROM `wemall_attachment` WHERE `id` = 184 LIMIT 1   [ RunTime:0.0090s ]
SQL: SELECT * FROM `wemall_source` WHERE `id` = 9 LIMIT 1   [ RunTime:0.0100s ]
SQL: SELECT * FROM `wemall_attachment` WHERE `id` = 184 LIMIT 1   [ RunTime:0.0080s ]
SQL: SELECT * FROM `wemall_attachment` WHERE `id` = 184 LIMIT 1   [ RunTime:0.0090s ]
SQL: SHOW COLUMNS FROM `wemall_logistics` [ RunTime:0.0090s ]
SQL: SELECT * FROM `wemall_logistics` WHERE `mode` = 1 LIMIT 1   [ RunTime:0.0080s ]
SQL: SELECT * FROM `wemall_logistics` WHERE `mode` = 1 LIMIT 1   [ RunTime:0.0080s ]
SQL: SELECT * FROM `wemall_logistics` WHERE `mode` = 1 LIMIT 1   [ RunTime:0.0090s ]
SQL: SELECT * FROM `wemall_logistics` WHERE `mode` = 1 LIMIT 1   [ RunTime:0.0070s ]
SQL: SELECT * FROM `wemall_logistics` WHERE `mode` = 0 LIMIT 1   [ RunTime:0.0070s ]
SQL: SELECT * FROM `wemall_logistics` WHERE `mode` = 0 LIMIT 1   [ RunTime:0.0110s ]
SQL: SELECT * FROM `wemall_logistics` WHERE `mode` = 0 LIMIT 1   [ RunTime:0.0080s ]
SQL: SELECT * FROM `wemall_logistics` WHERE `mode` = 0 LIMIT 1   [ RunTime:0.0090s ]
SQL: SELECT * FROM `wemall_logistics` WHERE `mode` = 0 LIMIT 1   [ RunTime:0.0090s ]
SQL: SELECT * FROM `wemall_logistics` WHERE `mode` = 0 LIMIT 1   [ RunTime:0.0080s ]
INFO: [ view_parse ] --START--
INFO: [ template_filter ] --START--
INFO: Run Behavior\ContentReplaceBehavior [ RunTime:0.000000s ]
INFO: [ template_filter ] --END-- [ RunTime:-0.761043s ]
INFO: Run Behavior\ParseTemplateBehavior [ RunTime:0.006000s ]
INFO: [ view_parse ] --END-- [ RunTime:-0.756043s ]
INFO: [ view_filter ] --START--
INFO: Run Behavior\WriteHtmlCacheBehavior [ RunTime:0.000000s ]
INFO: [ view_filter ] --END-- [ RunTime:-0.760043s ]
INFO: [ view_parse ] --START--
INFO: [ template_filter ] --START--
INFO: Run Behavior\ContentReplaceBehavior [ RunTime:0.000000s ]
INFO: [ template_filter ] --END-- [ RunTime:-0.768044s ]
INFO: Run Behavior\ParseTemplateBehavior [ RunTime:0.005000s ]
INFO: [ view_parse ] --END-- [ RunTime:-0.764044s ]
INFO: [ view_filter ] --START--
INFO: Run Behavior\WriteHtmlCacheBehavior [ RunTime:0.000000s ]
INFO: [ view_filter ] --END-- [ RunTime:-0.767044s ]
SQL: SHOW COLUMNS FROM `wemall_slide_show` [ RunTime:0.0090s ]
SQL: SELECT * FROM `wemall_slide_show` WHERE `status` = 1 ORDER BY weight desc LIMIT 6   [ RunTime:0.0090s ]
SQL: SHOW COLUMNS FROM `wemall_attachment` [ RunTime:0.0080s ]
SQL: SELECT * FROM `wemall_attachment` WHERE `id` = 864  [ RunTime:0.0090s ]
SQL: SELECT * FROM `wemall_attachment` WHERE `id` = 865  [ RunTime:0.0100s ]
SQL: SELECT * FROM `wemall_attachment` WHERE `id` = 863  [ RunTime:0.0160s ]
INFO: [ view_parse ] --START--
INFO: [ template_filter ] --START--
INFO: Run Behavior\ContentReplaceBehavior [ RunTime:0.000000s ]
INFO: [ template_filter ] --END-- [ RunTime:-0.886050s ]
INFO: Run Behavior\ParseTemplateBehavior [ RunTime:0.005001s ]
INFO: [ view_parse ] --END-- [ RunTime:-0.881050s ]
INFO: [ view_filter ] --START--
INFO: Run Behavior\WriteHtmlCacheBehavior [ RunTime:0.000000s ]
INFO: [ view_filter ] --END-- [ RunTime:-0.884051s ]
INFO: [ view_parse ] --START--
INFO: [ template_filter ] --START--
INFO: Run Behavior\ContentReplaceBehavior [ RunTime:0.000000s ]
INFO: [ template_filter ] --END-- [ RunTime:-0.900051s ]
INFO: Run Behavior\ParseTemplateBehavior [ RunTime:0.013000s ]
INFO: [ view_parse ] --END-- [ RunTime:-0.888051s ]
INFO: [ view_filter ] --START--
INFO: Run Behavior\WriteHtmlCacheBehavior [ RunTime:0.000000s ]
INFO: [ view_filter ] --END-- [ RunTime:-0.900051s ]
INFO: [ view_parse ] --START--
INFO: [ template_filter ] --START--
INFO: Run Behavior\ContentReplaceBehavior [ RunTime:0.000000s ]
INFO: [ template_filter ] --END-- [ RunTime:-0.930053s ]
INFO: Run Behavior\ParseTemplateBehavior [ RunTime:0.026001s ]
INFO: [ view_parse ] --END-- [ RunTime:-0.905052s ]
INFO: [ view_filter ] --START--
INFO: Run Behavior\WriteHtmlCacheBehavior [ RunTime:0.000000s ]
INFO: [ view_filter ] --END-- [ RunTime:-0.931053s ]
INFO: [ view_parse ] --START--
INFO: [ template_filter ] --START--
INFO: Run Behavior\ContentReplaceBehavior [ RunTime:0.000000s ]
INFO: [ template_filter ] --END-- [ RunTime:-0.942054s ]
INFO: Run Behavior\ParseTemplateBehavior [ RunTime:0.008001s ]
INFO: [ view_parse ] --END-- [ RunTime:-0.935053s ]
INFO: [ view_filter ] --START--
INFO: Run Behavior\WriteHtmlCacheBehavior [ RunTime:0.000000s ]
INFO: [ view_filter ] --END-- [ RunTime:-0.941054s ]
INFO: [ view_parse ] --START--
INFO: [ template_filter ] --START--
INFO: Run Behavior\ContentReplaceBehavior [ RunTime:0.001000s ]
INFO: [ template_filter ] --END-- [ RunTime:-0.967055s ]
INFO: Run Behavior\ParseTemplateBehavior [ RunTime:0.026001s ]
INFO: [ view_parse ] --END-- [ RunTime:-0.946054s ]
INFO: [ view_filter ] --START--
INFO: Run Behavior\WriteHtmlCacheBehavior [ RunTime:0.000000s ]
INFO: [ view_filter ] --END-- [ RunTime:-0.970055s ]
INFO: [ view_parse ] --START--
INFO: [ template_filter ] --START--
INFO: Run Behavior\ContentReplaceBehavior [ RunTime:0.001000s ]
INFO: [ template_filter ] --END-- [ RunTime:-0.982056s ]
INFO: Run Behavior\ParseTemplateBehavior [ RunTime:0.009000s ]
INFO: [ view_parse ] --END-- [ RunTime:-0.974056s ]
INFO: [ view_filter ] --START--
INFO: Run Behavior\WriteHtmlCacheBehavior [ RunTime:0.000000s ]
INFO: [ view_filter ] --END-- [ RunTime:-0.983056s ]
INFO: [ view_parse ] --START--
INFO: [ template_filter ] --START--
INFO: Run Behavior\ContentReplaceBehavior [ RunTime:0.000000s ]
INFO: [ template_filter ] --END-- [ RunTime:-1.016058s ]
NOTIC: [8] Undefined variable: YZTitle D:\xampp\htdocs\wemall\ThinkPHP\Application\Runtime\Cache\Home\f64d738dec9062ca568444d9a07e17dd.php 第 7 行.
NOTIC: [8] Undefined variable: header D:\xampp\htdocs\wemall\ThinkPHP\Application\Runtime\Cache\Home\f64d738dec9062ca568444d9a07e17dd.php 第 17 行.
INFO: Run Behavior\ParseTemplateBehavior [ RunTime:0.033002s ]
INFO: [ view_parse ] --END-- [ RunTime:-0.986056s ]
INFO: [ view_filter ] --START--
INFO: Run Behavior\WriteHtmlCacheBehavior [ RunTime:0.000000s ]
INFO: [ view_filter ] --END-- [ RunTime:-1.017058s ]
INFO: [ app_end ] --START--
INFO: Run Behavior\ShowPageTraceBehavior [ RunTime:0.001000s ]
INFO: [ app_end ] --END-- [ RunTime:0.001000s ]

