[ 2015-04-22T08:18:29+08:00 ] 127.0.0.1 /wemall/WeiPHP/index.php
INFO: [ app_init ] --START--
INFO: Run Behavior\BuildLiteBehavior [ RunTime:0.000000s ]
INFO: [ app_init ] --END-- [ RunTime:0.015001s ]
INFO: [ app_begin ] --START--
INFO: Run Behavior\ReadHtmlCacheBehavior [ RunTime:0.001000s ]
INFO: [ app_begin ] --END-- [ RunTime:0.001000s ]
SQL: SHOW COLUMNS FROM `wemall_goods` [ RunTime:0.0140s ]
SQL: SELECT * FROM `wemall_goods` WHERE ( state=1 ) ORDER BY reorder desc LIMIT 0,5   [ RunTime:0.0130s ]
INFO: [ view_parse ] --START--
INFO: [ template_filter ] --START--
INFO: Run Behavior\ContentReplaceBehavior [ RunTime:0.000000s ]
INFO: [ template_filter ] --END-- [ RunTime:0.000000s ]
INFO: Run Behavior\ParseTemplateBehavior [ RunTime:0.015001s ]
INFO: [ view_parse ] --END-- [ RunTime:0.016001s ]
INFO: [ view_filter ] --START--
INFO: Run Behavior\WriteHtmlCacheBehavior [ RunTime:0.001000s ]
INFO: [ view_filter ] --END-- [ RunTime:0.001000s ]
INFO: [ view_parse ] --START--
INFO: [ template_filter ] --START--
INFO: Run Behavior\ContentReplaceBehavior [ RunTime:0.000000s ]
INFO: [ template_filter ] --END-- [ RunTime:-0.006001s ]
INFO: Run Behavior\ParseTemplateBehavior [ RunTime:0.004001s ]
INFO: [ view_parse ] --END-- [ RunTime:-0.002000s ]
INFO: [ view_filter ] --START--
INFO: Run Behavior\WriteHtmlCacheBehavior [ RunTime:0.000000s ]
INFO: [ view_filter ] --END-- [ RunTime:-0.005001s ]
INFO: [ view_parse ] --START--
INFO: [ template_filter ] --START--
INFO: Run Behavior\ContentReplaceBehavior [ RunTime:0.001000s ]
INFO: [ template_filter ] --END-- [ RunTime:-0.013001s ]
INFO: Run Behavior\ParseTemplateBehavior [ RunTime:0.014001s ]
INFO: [ view_parse ] --END-- [ RunTime:-0.007001s ]
INFO: [ view_filter ] --START--
INFO: Run Behavior\WriteHtmlCacheBehavior [ RunTime:0.000000s ]
INFO: [ view_filter ] --END-- [ RunTime:-0.022002s ]
INFO: [ view_parse ] --START--
INFO: [ template_filter ] --START--
INFO: Run Behavior\ContentReplaceBehavior [ RunTime:0.001000s ]
INFO: [ template_filter ] --END-- [ RunTime:-0.028002s ]
INFO: Run Behavior\ParseTemplateBehavior [ RunTime:0.004000s ]
INFO: [ view_parse ] --END-- [ RunTime:-0.024002s ]
INFO: [ view_filter ] --START--
INFO: Run Behavior\WriteHtmlCacheBehavior [ RunTime:0.000000s ]
INFO: [ view_filter ] --END-- [ RunTime:-0.027002s ]
INFO: [ view_parse ] --START--
INFO: [ template_filter ] --START--
INFO: Run Behavior\ContentReplaceBehavior [ RunTime:0.000000s ]
INFO: [ template_filter ] --END-- [ RunTime:-0.033002s ]
INFO: Run Behavior\ParseTemplateBehavior [ RunTime:0.003000s ]
INFO: [ view_parse ] --END-- [ RunTime:-0.029002s ]
INFO: [ view_filter ] --START--
INFO: Run Behavior\WriteHtmlCacheBehavior [ RunTime:0.000000s ]
INFO: [ view_filter ] --END-- [ RunTime:-0.032002s ]
INFO: [ view_parse ] --START--
INFO: [ template_filter ] --START--
INFO: Run Behavior\ContentReplaceBehavior [ RunTime:0.000000s ]
INFO: [ template_filter ] --END-- [ RunTime:-0.047003s ]
NOTIC: [8] Undefined index: policy D:\xampp\htdocs\wemall\ThinkPHP\Application\Runtime\Cache\Home\dc2fd1a790c1b5068eb9330f1fc932c4.php 第 21 行.
NOTIC: [8] Undefined index: direct_ratio D:\xampp\htdocs\wemall\ThinkPHP\Application\Runtime\Cache\Home\dc2fd1a790c1b5068eb9330f1fc932c4.php 第 25 行.
NOTIC: [8] Undefined index: line_ratio D:\xampp\htdocs\wemall\ThinkPHP\Application\Runtime\Cache\Home\dc2fd1a790c1b5068eb9330f1fc932c4.php 第 26 行.
NOTIC: [8] Undefined index: policy D:\xampp\htdocs\wemall\ThinkPHP\Application\Runtime\Cache\Home\dc2fd1a790c1b5068eb9330f1fc932c4.php 第 21 行.
NOTIC: [8] Undefined index: direct_ratio D:\xampp\htdocs\wemall\ThinkPHP\Application\Runtime\Cache\Home\dc2fd1a790c1b5068eb9330f1fc932c4.php 第 25 行.
NOTIC: [8] Undefined index: line_ratio D:\xampp\htdocs\wemall\ThinkPHP\Application\Runtime\Cache\Home\dc2fd1a790c1b5068eb9330f1fc932c4.php 第 26 行.
NOTIC: [8] Undefined index: policy D:\xampp\htdocs\wemall\ThinkPHP\Application\Runtime\Cache\Home\dc2fd1a790c1b5068eb9330f1fc932c4.php 第 21 行.
NOTIC: [8] Undefined index: direct_ratio D:\xampp\htdocs\wemall\ThinkPHP\Application\Runtime\Cache\Home\dc2fd1a790c1b5068eb9330f1fc932c4.php 第 25 行.
NOTIC: [8] Undefined index: line_ratio D:\xampp\htdocs\wemall\ThinkPHP\Application\Runtime\Cache\Home\dc2fd1a790c1b5068eb9330f1fc932c4.php 第 26 行.
NOTIC: [8] Undefined index: policy D:\xampp\htdocs\wemall\ThinkPHP\Application\Runtime\Cache\Home\dc2fd1a790c1b5068eb9330f1fc932c4.php 第 21 行.
NOTIC: [8] Undefined index: direct_ratio D:\xampp\htdocs\wemall\ThinkPHP\Application\Runtime\Cache\Home\dc2fd1a790c1b5068eb9330f1fc932c4.php 第 25 行.
NOTIC: [8] Undefined index: line_ratio D:\xampp\htdocs\wemall\ThinkPHP\Application\Runtime\Cache\Home\dc2fd1a790c1b5068eb9330f1fc932c4.php 第 26 行.
NOTIC: [8] Undefined index: policy D:\xampp\htdocs\wemall\ThinkPHP\Application\Runtime\Cache\Home\dc2fd1a790c1b5068eb9330f1fc932c4.php 第 21 行.
NOTIC: [8] Undefined index: direct_ratio D:\xampp\htdocs\wemall\ThinkPHP\Application\Runtime\Cache\Home\dc2fd1a790c1b5068eb9330f1fc932c4.php 第 25 行.
NOTIC: [8] Undefined index: line_ratio D:\xampp\htdocs\wemall\ThinkPHP\Application\Runtime\Cache\Home\dc2fd1a790c1b5068eb9330f1fc932c4.php 第 26 行.
INFO: Run Behavior\ParseTemplateBehavior [ RunTime:0.017001s ]
INFO: [ view_parse ] --END-- [ RunTime:-0.034002s ]
INFO: [ view_filter ] --START--
INFO: Run Behavior\WriteHtmlCacheBehavior [ RunTime:0.000000s ]
INFO: [ view_filter ] --END-- [ RunTime:-0.050003s ]
INFO: [ view_parse ] --START--
INFO: [ template_filter ] --START--
INFO: Run Behavior\ContentReplaceBehavior [ RunTime:0.001000s ]
INFO: [ template_filter ] --END-- [ RunTime:-0.059004s ]
INFO: Run Behavior\ParseTemplateBehavior [ RunTime:0.007001s ]
INFO: [ view_parse ] --END-- [ RunTime:-0.052003s ]
INFO: [ view_filter ] --START--
INFO: Run Behavior\WriteHtmlCacheBehavior [ RunTime:0.000000s ]
INFO: [ view_filter ] --END-- [ RunTime:-0.060004s ]
INFO: [ view_parse ] --START--
INFO: [ template_filter ] --START--
INFO: Run Behavior\ContentReplaceBehavior [ RunTime:0.000000s ]
INFO: [ template_filter ] --END-- [ RunTime:-0.068004s ]
INFO: Run Behavior\ParseTemplateBehavior [ RunTime:0.007000s ]
INFO: [ view_parse ] --END-- [ RunTime:-0.062004s ]
INFO: [ view_filter ] --START--
INFO: Run Behavior\WriteHtmlCacheBehavior [ RunTime:0.000000s ]
INFO: [ view_filter ] --END-- [ RunTime:-0.068004s ]
INFO: [ view_parse ] --START--
INFO: [ template_filter ] --START--
INFO: Run Behavior\ContentReplaceBehavior [ RunTime:0.000000s ]
INFO: [ template_filter ] --END-- [ RunTime:-0.087005s ]
NOTIC: [8] Undefined variable: YZTitle D:\xampp\htdocs\wemall\ThinkPHP\Application\Runtime\Cache\Home\233fbf9168edde0a88a274a719127571.php 第 10 行.
INFO: Run Behavior\ParseTemplateBehavior [ RunTime:0.020001s ]
INFO: [ view_parse ] --END-- [ RunTime:-0.070004s ]
INFO: [ view_filter ] --START--
INFO: Run Behavior\WriteHtmlCacheBehavior [ RunTime:0.000000s ]
INFO: [ view_filter ] --END-- [ RunTime:-0.090006s ]
INFO: [ app_end ] --START--
INFO: Run Behavior\ShowPageTraceBehavior [ RunTime:0.001000s ]
INFO: [ app_end ] --END-- [ RunTime:0.001000s ]

[ 2015-04-22T08:18:33+08:00 ] 127.0.0.1 /wemall/WeiPHP/index.php/Home/Index/load.html
INFO: [ app_init ] --START--
INFO: Run Behavior\BuildLiteBehavior [ RunTime:0.000000s ]
INFO: [ app_init ] --END-- [ RunTime:0.000000s ]
INFO: [ app_begin ] --START--
INFO: Run Behavior\ReadHtmlCacheBehavior [ RunTime:0.001000s ]
INFO: [ app_begin ] --END-- [ RunTime:0.001000s ]
SQL: SHOW COLUMNS FROM `wemall_goods` [ RunTime:0.0120s ]
SQL: SELECT * FROM `wemall_goods` WHERE ( state=1 ) ORDER BY reorder desc LIMIT 5,5   [ RunTime:0.0120s ]
INFO: [ view_parse ] --START--
INFO: [ template_filter ] --START--
INFO: Run Behavior\ContentReplaceBehavior [ RunTime:0.000000s ]
INFO: [ template_filter ] --END-- [ RunTime:0.000000s ]
INFO: Run Behavior\ParseTemplateBehavior [ RunTime:0.008001s ]
INFO: [ view_parse ] --END-- [ RunTime:0.008001s ]
INFO: [ view_filter ] --START--
INFO: Run Behavior\WriteHtmlCacheBehavior [ RunTime:0.001000s ]
INFO: [ view_filter ] --END-- [ RunTime:0.001000s ]
INFO: [ view_parse ] --START--
INFO: [ template_filter ] --START--
INFO: Run Behavior\ContentReplaceBehavior [ RunTime:0.000000s ]
INFO: [ template_filter ] --END-- [ RunTime:-0.010001s ]
NOTIC: [8] Undefined index: policy D:\xampp\htdocs\wemall\ThinkPHP\Application\Runtime\Cache\Home\dc2fd1a790c1b5068eb9330f1fc932c4.php 第 21 行.
NOTIC: [8] Undefined index: direct_ratio D:\xampp\htdocs\wemall\ThinkPHP\Application\Runtime\Cache\Home\dc2fd1a790c1b5068eb9330f1fc932c4.php 第 25 行.
NOTIC: [8] Undefined index: line_ratio D:\xampp\htdocs\wemall\ThinkPHP\Application\Runtime\Cache\Home\dc2fd1a790c1b5068eb9330f1fc932c4.php 第 26 行.
NOTIC: [8] Undefined index: policy D:\xampp\htdocs\wemall\ThinkPHP\Application\Runtime\Cache\Home\dc2fd1a790c1b5068eb9330f1fc932c4.php 第 21 行.
NOTIC: [8] Undefined index: direct_ratio D:\xampp\htdocs\wemall\ThinkPHP\Application\Runtime\Cache\Home\dc2fd1a790c1b5068eb9330f1fc932c4.php 第 25 行.
NOTIC: [8] Undefined index: line_ratio D:\xampp\htdocs\wemall\ThinkPHP\Application\Runtime\Cache\Home\dc2fd1a790c1b5068eb9330f1fc932c4.php 第 26 行.
NOTIC: [8] Undefined index: policy D:\xampp\htdocs\wemall\ThinkPHP\Application\Runtime\Cache\Home\dc2fd1a790c1b5068eb9330f1fc932c4.php 第 21 行.
NOTIC: [8] Undefined index: direct_ratio D:\xampp\htdocs\wemall\ThinkPHP\Application\Runtime\Cache\Home\dc2fd1a790c1b5068eb9330f1fc932c4.php 第 25 行.
NOTIC: [8] Undefined index: line_ratio D:\xampp\htdocs\wemall\ThinkPHP\Application\Runtime\Cache\Home\dc2fd1a790c1b5068eb9330f1fc932c4.php 第 26 行.
NOTIC: [8] Undefined index: policy D:\xampp\htdocs\wemall\ThinkPHP\Application\Runtime\Cache\Home\dc2fd1a790c1b5068eb9330f1fc932c4.php 第 21 行.
NOTIC: [8] Undefined index: direct_ratio D:\xampp\htdocs\wemall\ThinkPHP\Application\Runtime\Cache\Home\dc2fd1a790c1b5068eb9330f1fc932c4.php 第 25 行.
NOTIC: [8] Undefined index: line_ratio D:\xampp\htdocs\wemall\ThinkPHP\Application\Runtime\Cache\Home\dc2fd1a790c1b5068eb9330f1fc932c4.php 第 26 行.
NOTIC: [8] Undefined index: policy D:\xampp\htdocs\wemall\ThinkPHP\Application\Runtime\Cache\Home\dc2fd1a790c1b5068eb9330f1fc932c4.php 第 21 行.
NOTIC: [8] Undefined index: direct_ratio D:\xampp\htdocs\wemall\ThinkPHP\Application\Runtime\Cache\Home\dc2fd1a790c1b5068eb9330f1fc932c4.php 第 25 行.
NOTIC: [8] Undefined index: line_ratio D:\xampp\htdocs\wemall\ThinkPHP\Application\Runtime\Cache\Home\dc2fd1a790c1b5068eb9330f1fc932c4.php 第 26 行.
INFO: Run Behavior\ParseTemplateBehavior [ RunTime:0.009000s ]
INFO: [ view_parse ] --END-- [ RunTime:-0.002000s ]
INFO: [ view_filter ] --START--
INFO: Run Behavior\WriteHtmlCacheBehavior [ RunTime:0.000000s ]
INFO: [ view_filter ] --END-- [ RunTime:-0.010000s ]
INFO: [ view_parse ] --START--
INFO: [ template_filter ] --START--
INFO: Run Behavior\ContentReplaceBehavior [ RunTime:0.000000s ]
INFO: [ template_filter ] --END-- [ RunTime:-0.016001s ]
INFO: Run Behavior\ParseTemplateBehavior [ RunTime:0.003000s ]
INFO: [ view_parse ] --END-- [ RunTime:-0.012000s ]
INFO: [ view_filter ] --START--
INFO: Run Behavior\WriteHtmlCacheBehavior [ RunTime:0.000000s ]
INFO: [ view_filter ] --END-- [ RunTime:-0.014000s ]
INFO: [ app_end ] --START--
INFO: Run Behavior\ShowPageTraceBehavior [ RunTime:0.001001s ]
INFO: [ app_end ] --END-- [ RunTime:0.001001s ]

[ 2015-04-22T08:18:55+08:00 ] 127.0.0.1 /wemall/WeiPHP/index.php
INFO: [ app_init ] --START--
INFO: Run Behavior\BuildLiteBehavior [ RunTime:0.000000s ]
INFO: [ app_init ] --END-- [ RunTime:0.001000s ]
INFO: [ app_begin ] --START--
INFO: Run Behavior\ReadHtmlCacheBehavior [ RunTime:0.002000s ]
INFO: [ app_begin ] --END-- [ RunTime:0.002000s ]
SQL: SHOW COLUMNS FROM `wemall_goods` [ RunTime:0.0130s ]
SQL: SELECT * FROM `wemall_goods` WHERE ( state=1 ) ORDER BY reorder desc LIMIT 0,5   [ RunTime:0.0150s ]
INFO: [ view_parse ] --START--
INFO: [ template_filter ] --START--
INFO: Run Behavior\ContentReplaceBehavior [ RunTime:0.000000s ]
INFO: [ template_filter ] --END-- [ RunTime:0.000000s ]
INFO: Run Behavior\ParseTemplateBehavior [ RunTime:0.013000s ]
INFO: [ view_parse ] --END-- [ RunTime:0.013000s ]
INFO: [ view_filter ] --START--
INFO: Run Behavior\WriteHtmlCacheBehavior [ RunTime:0.001000s ]
INFO: [ view_filter ] --END-- [ RunTime:0.001000s ]
INFO: [ view_parse ] --START--
INFO: [ template_filter ] --START--
INFO: Run Behavior\ContentReplaceBehavior [ RunTime:0.000000s ]
INFO: [ template_filter ] --END-- [ RunTime:-0.005000s ]
INFO: Run Behavior\ParseTemplateBehavior [ RunTime:0.003001s ]
INFO: [ view_parse ] --END-- [ RunTime:-0.001000s ]
INFO: [ view_filter ] --START--
INFO: Run Behavior\WriteHtmlCacheBehavior [ RunTime:0.000000s ]
INFO: [ view_filter ] --END-- [ RunTime:-0.004001s ]
INFO: [ view_parse ] --START--
INFO: [ template_filter ] --START--
INFO: Run Behavior\ContentReplaceBehavior [ RunTime:0.001000s ]
INFO: [ template_filter ] --END-- [ RunTime:-0.012001s ]
INFO: Run Behavior\ParseTemplateBehavior [ RunTime:0.007000s ]
INFO: [ view_parse ] --END-- [ RunTime:-0.006001s ]
INFO: [ view_filter ] --START--
INFO: Run Behavior\WriteHtmlCacheBehavior [ RunTime:0.000000s ]
INFO: [ view_filter ] --END-- [ RunTime:-0.012001s ]
INFO: [ view_parse ] --START--
INFO: [ template_filter ] --START--
INFO: Run Behavior\ContentReplaceBehavior [ RunTime:0.000000s ]
INFO: [ template_filter ] --END-- [ RunTime:-0.018001s ]
INFO: Run Behavior\ParseTemplateBehavior [ RunTime:0.004000s ]
INFO: [ view_parse ] --END-- [ RunTime:-0.014001s ]
INFO: [ view_filter ] --START--
INFO: Run Behavior\WriteHtmlCacheBehavior [ RunTime:0.000000s ]
INFO: [ view_filter ] --END-- [ RunTime:-0.017001s ]
INFO: [ view_parse ] --START--
INFO: [ template_filter ] --START--
INFO: Run Behavior\ContentReplaceBehavior [ RunTime:0.001001s ]
INFO: [ template_filter ] --END-- [ RunTime:-0.023001s ]
INFO: Run Behavior\ParseTemplateBehavior [ RunTime:0.005001s ]
INFO: [ view_parse ] --END-- [ RunTime:-0.019001s ]
INFO: [ view_filter ] --START--
INFO: Run Behavior\WriteHtmlCacheBehavior [ RunTime:0.000000s ]
INFO: [ view_filter ] --END-- [ RunTime:-0.024002s ]
INFO: [ view_parse ] --START--
INFO: [ template_filter ] --START--
INFO: Run Behavior\ContentReplaceBehavior [ RunTime:0.000000s ]
INFO: [ template_filter ] --END-- [ RunTime:-0.034002s ]
NOTIC: [8] Undefined index: policy D:\xampp\htdocs\wemall\ThinkPHP\Application\Runtime\Cache\Home\dc2fd1a790c1b5068eb9330f1fc932c4.php 第 21 行.
NOTIC: [8] Undefined index: direct_ratio D:\xampp\htdocs\wemall\ThinkPHP\Application\Runtime\Cache\Home\dc2fd1a790c1b5068eb9330f1fc932c4.php 第 25 行.
NOTIC: [8] Undefined index: line_ratio D:\xampp\htdocs\wemall\ThinkPHP\Application\Runtime\Cache\Home\dc2fd1a790c1b5068eb9330f1fc932c4.php 第 26 行.
NOTIC: [8] Undefined index: policy D:\xampp\htdocs\wemall\ThinkPHP\Application\Runtime\Cache\Home\dc2fd1a790c1b5068eb9330f1fc932c4.php 第 21 行.
NOTIC: [8] Undefined index: direct_ratio D:\xampp\htdocs\wemall\ThinkPHP\Application\Runtime\Cache\Home\dc2fd1a790c1b5068eb9330f1fc932c4.php 第 25 行.
NOTIC: [8] Undefined index: line_ratio D:\xampp\htdocs\wemall\ThinkPHP\Application\Runtime\Cache\Home\dc2fd1a790c1b5068eb9330f1fc932c4.php 第 26 行.
NOTIC: [8] Undefined index: policy D:\xampp\htdocs\wemall\ThinkPHP\Application\Runtime\Cache\Home\dc2fd1a790c1b5068eb9330f1fc932c4.php 第 21 行.
NOTIC: [8] Undefined index: direct_ratio D:\xampp\htdocs\wemall\ThinkPHP\Application\Runtime\Cache\Home\dc2fd1a790c1b5068eb9330f1fc932c4.php 第 25 行.
NOTIC: [8] Undefined index: line_ratio D:\xampp\htdocs\wemall\ThinkPHP\Application\Runtime\Cache\Home\dc2fd1a790c1b5068eb9330f1fc932c4.php 第 26 行.
NOTIC: [8] Undefined index: policy D:\xampp\htdocs\wemall\ThinkPHP\Application\Runtime\Cache\Home\dc2fd1a790c1b5068eb9330f1fc932c4.php 第 21 行.
NOTIC: [8] Undefined index: direct_ratio D:\xampp\htdocs\wemall\ThinkPHP\Application\Runtime\Cache\Home\dc2fd1a790c1b5068eb9330f1fc932c4.php 第 25 行.
NOTIC: [8] Undefined index: line_ratio D:\xampp\htdocs\wemall\ThinkPHP\Application\Runtime\Cache\Home\dc2fd1a790c1b5068eb9330f1fc932c4.php 第 26 行.
NOTIC: [8] Undefined index: policy D:\xampp\htdocs\wemall\ThinkPHP\Application\Runtime\Cache\Home\dc2fd1a790c1b5068eb9330f1fc932c4.php 第 21 行.
NOTIC: [8] Undefined index: direct_ratio D:\xampp\htdocs\wemall\ThinkPHP\Application\Runtime\Cache\Home\dc2fd1a790c1b5068eb9330f1fc932c4.php 第 25 行.
NOTIC: [8] Undefined index: line_ratio D:\xampp\htdocs\wemall\ThinkPHP\Application\Runtime\Cache\Home\dc2fd1a790c1b5068eb9330f1fc932c4.php 第 26 行.
INFO: Run Behavior\ParseTemplateBehavior [ RunTime:0.011000s ]
INFO: [ view_parse ] --END-- [ RunTime:-0.026002s ]
INFO: [ view_filter ] --START--
INFO: Run Behavior\WriteHtmlCacheBehavior [ RunTime:0.000000s ]
INFO: [ view_filter ] --END-- [ RunTime:-0.036002s ]
INFO: [ view_parse ] --START--
INFO: [ template_filter ] --START--
INFO: Run Behavior\ContentReplaceBehavior [ RunTime:0.001000s ]
INFO: [ template_filter ] --END-- [ RunTime:-0.042003s ]
INFO: Run Behavior\ParseTemplateBehavior [ RunTime:0.005001s ]
INFO: [ view_parse ] --END-- [ RunTime:-0.038002s ]
INFO: [ view_filter ] --START--
INFO: Run Behavior\WriteHtmlCacheBehavior [ RunTime:0.000000s ]
INFO: [ view_filter ] --END-- [ RunTime:-0.042003s ]
INFO: [ view_parse ] --START--
INFO: [ template_filter ] --START--
INFO: Run Behavior\ContentReplaceBehavior [ RunTime:0.000000s ]
INFO: [ template_filter ] --END-- [ RunTime:-0.048003s ]
INFO: Run Behavior\ParseTemplateBehavior [ RunTime:0.004000s ]
INFO: [ view_parse ] --END-- [ RunTime:-0.044003s ]
INFO: [ view_filter ] --START--
INFO: Run Behavior\WriteHtmlCacheBehavior [ RunTime:0.000000s ]
INFO: [ view_filter ] --END-- [ RunTime:-0.047003s ]
INFO: [ view_parse ] --START--
INFO: [ template_filter ] --START--
INFO: Run Behavior\ContentReplaceBehavior [ RunTime:0.000000s ]
INFO: [ template_filter ] --END-- [ RunTime:-0.059004s ]
NOTIC: [8] Undefined variable: YZTitle D:\xampp\htdocs\wemall\ThinkPHP\Application\Runtime\Cache\Home\233fbf9168edde0a88a274a719127571.php 第 10 行.
INFO: Run Behavior\ParseTemplateBehavior [ RunTime:0.011001s ]
INFO: [ view_parse ] --END-- [ RunTime:-0.049003s ]
INFO: [ view_filter ] --START--
INFO: Run Behavior\WriteHtmlCacheBehavior [ RunTime:0.000000s ]
INFO: [ view_filter ] --END-- [ RunTime:-0.059004s ]
INFO: [ app_end ] --START--
INFO: Run Behavior\ShowPageTraceBehavior [ RunTime:0.001000s ]
INFO: [ app_end ] --END-- [ RunTime:0.001000s ]

[ 2015-04-22T08:22:33+08:00 ] 127.0.0.1 /wemall/WeiPHP/index.php?XDEBUG_SESSION_START=netbeans-xdebug
INFO: [ app_init ] --START--
INFO: Run Behavior\BuildLiteBehavior [ RunTime:0.000000s ]
INFO: [ app_init ] --END-- [ RunTime:0.002000s ]
INFO: [ app_begin ] --START--
INFO: Run Behavior\ReadHtmlCacheBehavior [ RunTime:0.001000s ]
INFO: [ app_begin ] --END-- [ RunTime:0.001000s ]
SQL: SHOW COLUMNS FROM `wemall_goods` [ RunTime:0.0090s ]
SQL: SELECT * FROM `wemall_goods` WHERE ( state=1 ) ORDER BY reorder desc LIMIT 0,5   [ RunTime:0.0080s ]
INFO: [ view_parse ] --START--
INFO: [ template_filter ] --START--
INFO: Run Behavior\ContentReplaceBehavior [ RunTime:0.001000s ]
INFO: [ template_filter ] --END-- [ RunTime:0.001000s ]
INFO: Run Behavior\ParseTemplateBehavior [ RunTime:0.010001s ]
INFO: [ view_parse ] --END-- [ RunTime:0.011001s ]
INFO: [ view_filter ] --START--
INFO: Run Behavior\WriteHtmlCacheBehavior [ RunTime:0.001000s ]
INFO: [ view_filter ] --END-- [ RunTime:0.001000s ]
INFO: [ view_parse ] --START--
INFO: [ template_filter ] --START--
INFO: Run Behavior\ContentReplaceBehavior [ RunTime:0.000000s ]
INFO: [ template_filter ] --END-- [ RunTime:-0.006000s ]
INFO: Run Behavior\ParseTemplateBehavior [ RunTime:0.004000s ]
INFO: [ view_parse ] --END-- [ RunTime:-0.002000s ]
INFO: [ view_filter ] --START--
INFO: Run Behavior\WriteHtmlCacheBehavior [ RunTime:0.000000s ]
INFO: [ view_filter ] --END-- [ RunTime:-0.005000s ]
INFO: [ view_parse ] --START--
INFO: [ template_filter ] --START--
INFO: Run Behavior\ContentReplaceBehavior [ RunTime:0.000000s ]
INFO: [ template_filter ] --END-- [ RunTime:-0.013001s ]
INFO: Run Behavior\ParseTemplateBehavior [ RunTime:0.006001s ]
INFO: [ view_parse ] --END-- [ RunTime:-0.009000s ]
INFO: [ view_filter ] --START--
INFO: Run Behavior\WriteHtmlCacheBehavior [ RunTime:0.000000s ]
INFO: [ view_filter ] --END-- [ RunTime:-0.013001s ]
INFO: [ view_parse ] --START--
INFO: [ template_filter ] --START--
INFO: Run Behavior\ContentReplaceBehavior [ RunTime:0.001000s ]
INFO: [ template_filter ] --END-- [ RunTime:-0.020001s ]
INFO: Run Behavior\ParseTemplateBehavior [ RunTime:0.004000s ]
INFO: [ view_parse ] --END-- [ RunTime:-0.017001s ]
INFO: [ view_filter ] --START--
INFO: Run Behavior\WriteHtmlCacheBehavior [ RunTime:0.001000s ]
INFO: [ view_filter ] --END-- [ RunTime:-0.019001s ]
INFO: [ view_parse ] --START--
INFO: [ template_filter ] --START--
INFO: Run Behavior\ContentReplaceBehavior [ RunTime:0.001000s ]
INFO: [ template_filter ] --END-- [ RunTime:-0.026001s ]
INFO: Run Behavior\ParseTemplateBehavior [ RunTime:0.005000s ]
INFO: [ view_parse ] --END-- [ RunTime:-0.022001s ]
INFO: [ view_filter ] --START--
INFO: Run Behavior\WriteHtmlCacheBehavior [ RunTime:0.000000s ]
INFO: [ view_filter ] --END-- [ RunTime:-0.026001s ]
INFO: [ view_parse ] --START--
INFO: [ template_filter ] --START--
INFO: Run Behavior\ContentReplaceBehavior [ RunTime:0.001000s ]
INFO: [ template_filter ] --END-- [ RunTime:-0.041002s ]
NOTIC: [8] Undefined index: policy D:\xampp\htdocs\wemall\ThinkPHP\Application\Runtime\Cache\Home\dc2fd1a790c1b5068eb9330f1fc932c4.php 第 21 行.
NOTIC: [8] Undefined index: direct_ratio D:\xampp\htdocs\wemall\ThinkPHP\Application\Runtime\Cache\Home\dc2fd1a790c1b5068eb9330f1fc932c4.php 第 25 行.
NOTIC: [8] Undefined index: line_ratio D:\xampp\htdocs\wemall\ThinkPHP\Application\Runtime\Cache\Home\dc2fd1a790c1b5068eb9330f1fc932c4.php 第 26 行.
NOTIC: [8] Undefined index: policy D:\xampp\htdocs\wemall\ThinkPHP\Application\Runtime\Cache\Home\dc2fd1a790c1b5068eb9330f1fc932c4.php 第 21 行.
NOTIC: [8] Undefined index: direct_ratio D:\xampp\htdocs\wemall\ThinkPHP\Application\Runtime\Cache\Home\dc2fd1a790c1b5068eb9330f1fc932c4.php 第 25 行.
NOTIC: [8] Undefined index: line_ratio D:\xampp\htdocs\wemall\ThinkPHP\Application\Runtime\Cache\Home\dc2fd1a790c1b5068eb9330f1fc932c4.php 第 26 行.
NOTIC: [8] Undefined index: policy D:\xampp\htdocs\wemall\ThinkPHP\Application\Runtime\Cache\Home\dc2fd1a790c1b5068eb9330f1fc932c4.php 第 21 行.
NOTIC: [8] Undefined index: direct_ratio D:\xampp\htdocs\wemall\ThinkPHP\Application\Runtime\Cache\Home\dc2fd1a790c1b5068eb9330f1fc932c4.php 第 25 行.
NOTIC: [8] Undefined index: line_ratio D:\xampp\htdocs\wemall\ThinkPHP\Application\Runtime\Cache\Home\dc2fd1a790c1b5068eb9330f1fc932c4.php 第 26 行.
NOTIC: [8] Undefined index: policy D:\xampp\htdocs\wemall\ThinkPHP\Application\Runtime\Cache\Home\dc2fd1a790c1b5068eb9330f1fc932c4.php 第 21 行.
NOTIC: [8] Undefined index: direct_ratio D:\xampp\htdocs\wemall\ThinkPHP\Application\Runtime\Cache\Home\dc2fd1a790c1b5068eb9330f1fc932c4.php 第 25 行.
NOTIC: [8] Undefined index: line_ratio D:\xampp\htdocs\wemall\ThinkPHP\Application\Runtime\Cache\Home\dc2fd1a790c1b5068eb9330f1fc932c4.php 第 26 行.
NOTIC: [8] Undefined index: policy D:\xampp\htdocs\wemall\ThinkPHP\Application\Runtime\Cache\Home\dc2fd1a790c1b5068eb9330f1fc932c4.php 第 21 行.
NOTIC: [8] Undefined index: direct_ratio D:\xampp\htdocs\wemall\ThinkPHP\Application\Runtime\Cache\Home\dc2fd1a790c1b5068eb9330f1fc932c4.php 第 25 行.
NOTIC: [8] Undefined index: line_ratio D:\xampp\htdocs\wemall\ThinkPHP\Application\Runtime\Cache\Home\dc2fd1a790c1b5068eb9330f1fc932c4.php 第 26 行.
INFO: Run Behavior\ParseTemplateBehavior [ RunTime:0.015000s ]
INFO: [ view_parse ] --END-- [ RunTime:-0.030002s ]
INFO: [ view_filter ] --START--
INFO: Run Behavior\WriteHtmlCacheBehavior [ RunTime:0.000000s ]
INFO: [ view_filter ] --END-- [ RunTime:-0.044002s ]
INFO: [ view_parse ] --START--
INFO: [ template_filter ] --START--
INFO: Run Behavior\ContentReplaceBehavior [ RunTime:0.000000s ]
INFO: [ template_filter ] --END-- [ RunTime:-0.051003s ]
INFO: Run Behavior\ParseTemplateBehavior [ RunTime:0.006000s ]
INFO: [ view_parse ] --END-- [ RunTime:-0.047003s ]
INFO: [ view_filter ] --START--
INFO: Run Behavior\WriteHtmlCacheBehavior [ RunTime:0.000000s ]
INFO: [ view_filter ] --END-- [ RunTime:-0.051003s ]
INFO: [ view_parse ] --START--
INFO: [ template_filter ] --START--
INFO: Run Behavior\ContentReplaceBehavior [ RunTime:0.001000s ]
INFO: [ template_filter ] --END-- [ RunTime:-0.058003s ]
INFO: Run Behavior\ParseTemplateBehavior [ RunTime:0.005000s ]
INFO: [ view_parse ] --END-- [ RunTime:-0.054003s ]
INFO: [ view_filter ] --START--
INFO: Run Behavior\WriteHtmlCacheBehavior [ RunTime:0.000000s ]
INFO: [ view_filter ] --END-- [ RunTime:-0.058003s ]
INFO: [ view_parse ] --START--
INFO: [ template_filter ] --START--
INFO: Run Behavior\ContentReplaceBehavior [ RunTime:0.000000s ]
INFO: [ template_filter ] --END-- [ RunTime:-0.075004s ]
NOTIC: [8] Undefined variable: YZTitle D:\xampp\htdocs\wemall\ThinkPHP\Application\Runtime\Cache\Home\233fbf9168edde0a88a274a719127571.php 第 10 行.
INFO: Run Behavior\ParseTemplateBehavior [ RunTime:0.016001s ]
INFO: [ view_parse ] --END-- [ RunTime:-0.061003s ]
INFO: [ view_filter ] --START--
INFO: Run Behavior\WriteHtmlCacheBehavior [ RunTime:0.000000s ]
INFO: [ view_filter ] --END-- [ RunTime:-0.076004s ]
INFO: [ app_end ] --START--
INFO: Run Behavior\ShowPageTraceBehavior [ RunTime:0.002001s ]
INFO: [ app_end ] --END-- [ RunTime:0.003001s ]

[ 2015-04-22T08:27:05+08:00 ] 127.0.0.1 /wemall/WeiPHP/index.php?s=/home/index/main.html
INFO: [ app_init ] --START--
INFO: Run Behavior\BuildLiteBehavior [ RunTime:0.000000s ]
INFO: [ app_init ] --END-- [ RunTime:0.000000s ]
INFO: [ app_begin ] --START--
INFO: Run Behavior\ReadHtmlCacheBehavior [ RunTime:0.001000s ]
INFO: [ app_begin ] --END-- [ RunTime:0.001000s ]
ERR: 非法操作:main

[ 2015-04-22T09:53:11+08:00 ] 127.0.0.1 /wemall/WeiPHP/index.php?XDEBUG_SESSION_START=netbeans-xdebug
INFO: [ app_init ] --START--
INFO: Run Behavior\BuildLiteBehavior [ RunTime:0.000000s ]
INFO: [ app_init ] --END-- [ RunTime:0.001000s ]
INFO: [ app_begin ] --START--
INFO: Run Behavior\ReadHtmlCacheBehavior [ RunTime:0.001000s ]
INFO: [ app_begin ] --END-- [ RunTime:0.001000s ]
SQL: SHOW COLUMNS FROM `wemall_goods` [ RunTime:0.0110s ]
SQL: SELECT * FROM `wemall_goods` WHERE ( state=1 ) ORDER BY reorder desc LIMIT 0,5   [ RunTime:0.0070s ]
INFO: [ view_parse ] --START--
INFO: [ template_filter ] --START--
INFO: Run Behavior\ContentReplaceBehavior [ RunTime:0.001001s ]
INFO: [ template_filter ] --END-- [ RunTime:0.001001s ]
INFO: Run Behavior\ParseTemplateBehavior [ RunTime:0.017001s ]
INFO: [ view_parse ] --END-- [ RunTime:0.018001s ]
INFO: [ view_filter ] --START--
INFO: Run Behavior\WriteHtmlCacheBehavior [ RunTime:0.000000s ]
INFO: [ view_filter ] --END-- [ RunTime:0.001000s ]
INFO: [ view_parse ] --START--
INFO: [ template_filter ] --START--
INFO: Run Behavior\ContentReplaceBehavior [ RunTime:0.000000s ]
INFO: [ template_filter ] --END-- [ RunTime:-0.007000s ]
INFO: Run Behavior\ParseTemplateBehavior [ RunTime:0.005000s ]
INFO: [ view_parse ] --END-- [ RunTime:-0.003000s ]
INFO: [ view_filter ] --START--
INFO: Run Behavior\WriteHtmlCacheBehavior [ RunTime:0.000000s ]
INFO: [ view_filter ] --END-- [ RunTime:-0.008000s ]
INFO: [ view_parse ] --START--
INFO: [ template_filter ] --START--
INFO: Run Behavior\ContentReplaceBehavior [ RunTime:0.001000s ]
INFO: [ template_filter ] --END-- [ RunTime:-0.018001s ]
INFO: Run Behavior\ParseTemplateBehavior [ RunTime:0.010001s ]
INFO: [ view_parse ] --END-- [ RunTime:-0.010000s ]
INFO: [ view_filter ] --START--
INFO: Run Behavior\WriteHtmlCacheBehavior [ RunTime:0.000000s ]
INFO: [ view_filter ] --END-- [ RunTime:-0.020001s ]
INFO: [ view_parse ] --START--
INFO: [ template_filter ] --START--
INFO: Run Behavior\ContentReplaceBehavior [ RunTime:0.000000s ]
INFO: [ template_filter ] --END-- [ RunTime:-0.028001s ]
INFO: Run Behavior\ParseTemplateBehavior [ RunTime:0.006000s ]
INFO: [ view_parse ] --END-- [ RunTime:-0.023001s ]
INFO: [ view_filter ] --START--
INFO: Run Behavior\WriteHtmlCacheBehavior [ RunTime:0.000000s ]
INFO: [ view_filter ] --END-- [ RunTime:-0.028001s ]
INFO: [ view_parse ] --START--
INFO: [ template_filter ] --START--
INFO: Run Behavior\ContentReplaceBehavior [ RunTime:0.000000s ]
INFO: [ template_filter ] --END-- [ RunTime:-0.038002s ]
INFO: Run Behavior\ParseTemplateBehavior [ RunTime:0.008000s ]
INFO: [ view_parse ] --END-- [ RunTime:-0.031001s ]
INFO: [ view_filter ] --START--
INFO: Run Behavior\WriteHtmlCacheBehavior [ RunTime:0.001000s ]
INFO: [ view_filter ] --END-- [ RunTime:-0.040002s ]
INFO: [ view_parse ] --START--
INFO: [ template_filter ] --START--
INFO: Run Behavior\ContentReplaceBehavior [ RunTime:0.000000s ]
INFO: [ template_filter ] --END-- [ RunTime:-0.057003s ]
NOTIC: [8] Undefined index: policy D:\xampp\htdocs\wemall\ThinkPHP\Application\Runtime\Cache\Home\dc2fd1a790c1b5068eb9330f1fc932c4.php 第 21 行.
NOTIC: [8] Undefined index: direct_ratio D:\xampp\htdocs\wemall\ThinkPHP\Application\Runtime\Cache\Home\dc2fd1a790c1b5068eb9330f1fc932c4.php 第 25 行.
NOTIC: [8] Undefined index: line_ratio D:\xampp\htdocs\wemall\ThinkPHP\Application\Runtime\Cache\Home\dc2fd1a790c1b5068eb9330f1fc932c4.php 第 26 行.
NOTIC: [8] Undefined index: policy D:\xampp\htdocs\wemall\ThinkPHP\Application\Runtime\Cache\Home\dc2fd1a790c1b5068eb9330f1fc932c4.php 第 21 行.
NOTIC: [8] Undefined index: direct_ratio D:\xampp\htdocs\wemall\ThinkPHP\Application\Runtime\Cache\Home\dc2fd1a790c1b5068eb9330f1fc932c4.php 第 25 行.
NOTIC: [8] Undefined index: line_ratio D:\xampp\htdocs\wemall\ThinkPHP\Application\Runtime\Cache\Home\dc2fd1a790c1b5068eb9330f1fc932c4.php 第 26 行.
NOTIC: [8] Undefined index: policy D:\xampp\htdocs\wemall\ThinkPHP\Application\Runtime\Cache\Home\dc2fd1a790c1b5068eb9330f1fc932c4.php 第 21 行.
NOTIC: [8] Undefined index: direct_ratio D:\xampp\htdocs\wemall\ThinkPHP\Application\Runtime\Cache\Home\dc2fd1a790c1b5068eb9330f1fc932c4.php 第 25 行.
NOTIC: [8] Undefined index: line_ratio D:\xampp\htdocs\wemall\ThinkPHP\Application\Runtime\Cache\Home\dc2fd1a790c1b5068eb9330f1fc932c4.php 第 26 行.
NOTIC: [8] Undefined index: policy D:\xampp\htdocs\wemall\ThinkPHP\Application\Runtime\Cache\Home\dc2fd1a790c1b5068eb9330f1fc932c4.php 第 21 行.
NOTIC: [8] Undefined index: direct_ratio D:\xampp\htdocs\wemall\ThinkPHP\Application\Runtime\Cache\Home\dc2fd1a790c1b5068eb9330f1fc932c4.php 第 25 行.
NOTIC: [8] Undefined index: line_ratio D:\xampp\htdocs\wemall\ThinkPHP\Application\Runtime\Cache\Home\dc2fd1a790c1b5068eb9330f1fc932c4.php 第 26 行.
NOTIC: [8] Undefined index: policy D:\xampp\htdocs\wemall\ThinkPHP\Application\Runtime\Cache\Home\dc2fd1a790c1b5068eb9330f1fc932c4.php 第 21 行.
NOTIC: [8] Undefined index: direct_ratio D:\xampp\htdocs\wemall\ThinkPHP\Application\Runtime\Cache\Home\dc2fd1a790c1b5068eb9330f1fc932c4.php 第 25 行.
NOTIC: [8] Undefined index: line_ratio D:\xampp\htdocs\wemall\ThinkPHP\Application\Runtime\Cache\Home\dc2fd1a790c1b5068eb9330f1fc932c4.php 第 26 行.
INFO: Run Behavior\ParseTemplateBehavior [ RunTime:0.020001s ]
INFO: [ view_parse ] --END-- [ RunTime:-0.043002s ]
INFO: [ view_filter ] --START--
INFO: Run Behavior\WriteHtmlCacheBehavior [ RunTime:0.000000s ]
INFO: [ view_filter ] --END-- [ RunTime:-0.063003s ]
INFO: [ view_parse ] --START--
INFO: [ template_filter ] --START--
INFO: Run Behavior\ContentReplaceBehavior [ RunTime:0.000000s ]
INFO: [ template_filter ] --END-- [ RunTime:-0.075004s ]
INFO: Run Behavior\ParseTemplateBehavior [ RunTime:0.012001s ]
INFO: [ view_parse ] --END-- [ RunTime:-0.066003s ]
INFO: [ view_filter ] --START--
INFO: Run Behavior\WriteHtmlCacheBehavior [ RunTime:0.000000s ]
INFO: [ view_filter ] --END-- [ RunTime:-0.078004s ]
INFO: [ view_parse ] --START--
INFO: [ template_filter ] --START--
INFO: Run Behavior\ContentReplaceBehavior [ RunTime:0.000000s ]
INFO: [ template_filter ] --END-- [ RunTime:-0.087005s ]
INFO: Run Behavior\ParseTemplateBehavior [ RunTime:0.009001s ]
INFO: [ view_parse ] --END-- [ RunTime:-0.080004s ]
INFO: [ view_filter ] --START--
INFO: Run Behavior\WriteHtmlCacheBehavior [ RunTime:0.000000s ]
INFO: [ view_filter ] --END-- [ RunTime:-0.089005s ]
INFO: [ view_parse ] --START--
INFO: [ template_filter ] --START--
INFO: Run Behavior\ContentReplaceBehavior [ RunTime:0.000000s ]
INFO: [ template_filter ] --END-- [ RunTime:-0.112006s ]
NOTIC: [8] Undefined variable: YZTitle D:\xampp\htdocs\wemall\ThinkPHP\Application\Runtime\Cache\Home\233fbf9168edde0a88a274a719127571.php 第 10 行.
INFO: Run Behavior\ParseTemplateBehavior [ RunTime:0.024001s ]
INFO: [ view_parse ] --END-- [ RunTime:-0.091005s ]
INFO: [ view_filter ] --START--
INFO: Run Behavior\WriteHtmlCacheBehavior [ RunTime:0.001000s ]
INFO: [ view_filter ] --END-- [ RunTime:-0.114006s ]
INFO: [ app_end ] --START--
INFO: Run Behavior\ShowPageTraceBehavior [ RunTime:0.001000s ]
INFO: [ app_end ] --END-- [ RunTime:0.002000s ]

[ 2015-04-22T09:53:23+08:00 ] 127.0.0.1 /wemall/WeiPHP/index.php?s=/home/index/main.html
INFO: [ app_init ] --START--
INFO: Run Behavior\BuildLiteBehavior [ RunTime:0.000000s ]
INFO: [ app_init ] --END-- [ RunTime:0.001000s ]
INFO: [ app_begin ] --START--
INFO: Run Behavior\ReadHtmlCacheBehavior [ RunTime:0.001000s ]
INFO: [ app_begin ] --END-- [ RunTime:0.001000s ]
ERR: 非法操作:main

[ 2015-04-22T10:30:00+08:00 ] 127.0.0.1 /wemall/WeiPHP/index.php
INFO: [ app_init ] --START--
INFO: Run Behavior\BuildLiteBehavior [ RunTime:0.000000s ]
INFO: [ app_init ] --END-- [ RunTime:0.001000s ]
INFO: [ app_begin ] --START--
INFO: Run Behavior\ReadHtmlCacheBehavior [ RunTime:0.001000s ]
INFO: [ app_begin ] --END-- [ RunTime:0.001000s ]
SQL: SHOW COLUMNS FROM `wemall_goods` [ RunTime:0.0100s ]
SQL: SELECT * FROM `wemall_goods` WHERE ( state=1 ) ORDER BY reorder desc LIMIT 0,5   [ RunTime:0.0090s ]
INFO: [ view_parse ] --START--
INFO: [ template_filter ] --START--
INFO: Run Behavior\ContentReplaceBehavior [ RunTime:0.001001s ]
INFO: [ template_filter ] --END-- [ RunTime:0.001001s ]
INFO: Run Behavior\ParseTemplateBehavior [ RunTime:0.016001s ]
INFO: [ view_parse ] --END-- [ RunTime:0.016001s ]
INFO: [ view_filter ] --START--
INFO: Run Behavior\WriteHtmlCacheBehavior [ RunTime:0.001000s ]
INFO: [ view_filter ] --END-- [ RunTime:0.002000s ]
INFO: [ view_parse ] --START--
INFO: [ template_filter ] --START--
INFO: Run Behavior\ContentReplaceBehavior [ RunTime:0.000000s ]
INFO: [ template_filter ] --END-- [ RunTime:-0.009000s ]
INFO: Run Behavior\ParseTemplateBehavior [ RunTime:0.005000s ]
INFO: [ view_parse ] --END-- [ RunTime:-0.003000s ]
INFO: [ view_filter ] --START--
INFO: Run Behavior\WriteHtmlCacheBehavior [ RunTime:0.000000s ]
INFO: [ view_filter ] --END-- [ RunTime:-0.007000s ]
INFO: [ view_parse ] --START--
INFO: [ template_filter ] --START--
INFO: Run Behavior\ContentReplaceBehavior [ RunTime:0.000000s ]
INFO: [ template_filter ] --END-- [ RunTime:-0.016000s ]
INFO: Run Behavior\ParseTemplateBehavior [ RunTime:0.005001s ]
INFO: [ view_parse ] --END-- [ RunTime:-0.010000s ]
INFO: [ view_filter ] --START--
INFO: Run Behavior\WriteHtmlCacheBehavior [ RunTime:0.001000s ]
INFO: [ view_filter ] --END-- [ RunTime:-0.013001s ]
INFO: [ view_parse ] --START--
INFO: [ template_filter ] --START--
INFO: Run Behavior\ContentReplaceBehavior [ RunTime:0.000000s ]
INFO: [ template_filter ] --END-- [ RunTime:-0.022001s ]
INFO: Run Behavior\ParseTemplateBehavior [ RunTime:0.006000s ]
INFO: [ view_parse ] --END-- [ RunTime:-0.016001s ]
INFO: [ view_filter ] --START--
INFO: Run Behavior\WriteHtmlCacheBehavior [ RunTime:0.001000s ]
INFO: [ view_filter ] --END-- [ RunTime:-0.020001s ]
INFO: [ view_parse ] --START--
INFO: [ template_filter ] --START--
INFO: Run Behavior\ContentReplaceBehavior [ RunTime:0.000000s ]
INFO: [ template_filter ] --END-- [ RunTime:-0.031001s ]
INFO: Run Behavior\ParseTemplateBehavior [ RunTime:0.007000s ]
INFO: [ view_parse ] --END-- [ RunTime:-0.024001s ]
INFO: [ view_filter ] --START--
INFO: Run Behavior\WriteHtmlCacheBehavior [ RunTime:0.000000s ]
INFO: [ view_filter ] --END-- [ RunTime:-0.029001s ]
INFO: [ view_parse ] --START--
INFO: [ template_filter ] --START--
INFO: Run Behavior\ContentReplaceBehavior [ RunTime:0.001000s ]
INFO: [ template_filter ] --END-- [ RunTime:-0.044002s ]
NOTIC: [8] Undefined index: policy D:\xampp\htdocs\wemall\ThinkPHP\Application\Runtime\Cache\Home\dc2fd1a790c1b5068eb9330f1fc932c4.php 第 21 行.
NOTIC: [8] Undefined index: direct_ratio D:\xampp\htdocs\wemall\ThinkPHP\Application\Runtime\Cache\Home\dc2fd1a790c1b5068eb9330f1fc932c4.php 第 25 行.
NOTIC: [8] Undefined index: line_ratio D:\xampp\htdocs\wemall\ThinkPHP\Application\Runtime\Cache\Home\dc2fd1a790c1b5068eb9330f1fc932c4.php 第 26 行.
NOTIC: [8] Undefined index: policy D:\xampp\htdocs\wemall\ThinkPHP\Application\Runtime\Cache\Home\dc2fd1a790c1b5068eb9330f1fc932c4.php 第 21 行.
NOTIC: [8] Undefined index: direct_ratio D:\xampp\htdocs\wemall\ThinkPHP\Application\Runtime\Cache\Home\dc2fd1a790c1b5068eb9330f1fc932c4.php 第 25 行.
NOTIC: [8] Undefined index: line_ratio D:\xampp\htdocs\wemall\ThinkPHP\Application\Runtime\Cache\Home\dc2fd1a790c1b5068eb9330f1fc932c4.php 第 26 行.
NOTIC: [8] Undefined index: policy D:\xampp\htdocs\wemall\ThinkPHP\Application\Runtime\Cache\Home\dc2fd1a790c1b5068eb9330f1fc932c4.php 第 21 行.
NOTIC: [8] Undefined index: direct_ratio D:\xampp\htdocs\wemall\ThinkPHP\Application\Runtime\Cache\Home\dc2fd1a790c1b5068eb9330f1fc932c4.php 第 25 行.
NOTIC: [8] Undefined index: line_ratio D:\xampp\htdocs\wemall\ThinkPHP\Application\Runtime\Cache\Home\dc2fd1a790c1b5068eb9330f1fc932c4.php 第 26 行.
NOTIC: [8] Undefined index: policy D:\xampp\htdocs\wemall\ThinkPHP\Application\Runtime\Cache\Home\dc2fd1a790c1b5068eb9330f1fc932c4.php 第 21 行.
NOTIC: [8] Undefined index: direct_ratio D:\xampp\htdocs\wemall\ThinkPHP\Application\Runtime\Cache\Home\dc2fd1a790c1b5068eb9330f1fc932c4.php 第 25 行.
NOTIC: [8] Undefined index: line_ratio D:\xampp\htdocs\wemall\ThinkPHP\Application\Runtime\Cache\Home\dc2fd1a790c1b5068eb9330f1fc932c4.php 第 26 行.
NOTIC: [8] Undefined index: policy D:\xampp\htdocs\wemall\ThinkPHP\Application\Runtime\Cache\Home\dc2fd1a790c1b5068eb9330f1fc932c4.php 第 21 行.
NOTIC: [8] Undefined index: direct_ratio D:\xampp\htdocs\wemall\ThinkPHP\Application\Runtime\Cache\Home\dc2fd1a790c1b5068eb9330f1fc932c4.php 第 25 行.
NOTIC: [8] Undefined index: line_ratio D:\xampp\htdocs\wemall\ThinkPHP\Application\Runtime\Cache\Home\dc2fd1a790c1b5068eb9330f1fc932c4.php 第 26 行.
INFO: Run Behavior\ParseTemplateBehavior [ RunTime:0.013000s ]
INFO: [ view_parse ] --END-- [ RunTime:-0.033002s ]
INFO: [ view_filter ] --START--
INFO: Run Behavior\WriteHtmlCacheBehavior [ RunTime:0.000000s ]
INFO: [ view_filter ] --END-- [ RunTime:-0.045002s ]
INFO: [ view_parse ] --START--
INFO: [ template_filter ] --START--
INFO: Run Behavior\ContentReplaceBehavior [ RunTime:0.000000s ]
INFO: [ template_filter ] --END-- [ RunTime:-0.054003s ]
INFO: Run Behavior\ParseTemplateBehavior [ RunTime:0.007001s ]
INFO: [ view_parse ] --END-- [ RunTime:-0.048002s ]
INFO: [ view_filter ] --START--
INFO: Run Behavior\WriteHtmlCacheBehavior [ RunTime:0.001000s ]
INFO: [ view_filter ] --END-- [ RunTime:-0.053003s ]
INFO: [ view_parse ] --START--
INFO: [ template_filter ] --START--
INFO: Run Behavior\ContentReplaceBehavior [ RunTime:0.000000s ]
INFO: [ template_filter ] --END-- [ RunTime:-0.066003s ]
INFO: Run Behavior\ParseTemplateBehavior [ RunTime:0.011001s ]
INFO: [ view_parse ] --END-- [ RunTime:-0.057003s ]
INFO: [ view_filter ] --START--
INFO: Run Behavior\WriteHtmlCacheBehavior [ RunTime:0.000000s ]
INFO: [ view_filter ] --END-- [ RunTime:-0.067004s ]
INFO: [ view_parse ] --START--
INFO: [ template_filter ] --START--
INFO: Run Behavior\ContentReplaceBehavior [ RunTime:0.000000s ]
INFO: [ template_filter ] --END-- [ RunTime:-0.085004s ]
NOTIC: [8] Undefined variable: YZTitle D:\xampp\htdocs\wemall\ThinkPHP\Application\Runtime\Cache\Home\233fbf9168edde0a88a274a719127571.php 第 10 行.
INFO: Run Behavior\ParseTemplateBehavior [ RunTime:0.014001s ]
INFO: [ view_parse ] --END-- [ RunTime:-0.071004s ]
INFO: [ view_filter ] --START--
INFO: Run Behavior\WriteHtmlCacheBehavior [ RunTime:0.000000s ]
INFO: [ view_filter ] --END-- [ RunTime:-0.084005s ]
INFO: [ app_end ] --START--
INFO: Run Behavior\ShowPageTraceBehavior [ RunTime:0.003000s ]
INFO: [ app_end ] --END-- [ RunTime:0.005000s ]

[ 2015-04-22T10:57:29+08:00 ] 127.0.0.1 /wemall/WeiPHP/index.php?s=/home/index/main.html
INFO: [ app_init ] --START--
INFO: Run Behavior\BuildLiteBehavior [ RunTime:0.000000s ]
INFO: [ app_init ] --END-- [ RunTime:0.000000s ]
INFO: [ app_begin ] --START--
INFO: Run Behavior\ReadHtmlCacheBehavior [ RunTime:0.001000s ]
INFO: [ app_begin ] --END-- [ RunTime:0.001000s ]
ERR: 非法操作:main

[ 2015-04-22T12:41:06+08:00 ] 127.0.0.1 /wemall/WeiPHP/admin.php/home/Index/index.html
INFO: [ app_init ] --START--
INFO: Run Behavior\BuildLiteBehavior [ RunTime:0.000000s ]
INFO: [ app_init ] --END-- [ RunTime:0.002000s ]
INFO: [ app_begin ] --START--
INFO: Run Behavior\ReadHtmlCacheBehavior [ RunTime:0.001000s ]
INFO: [ app_begin ] --END-- [ RunTime:0.001000s ]
SQL: SHOW COLUMNS FROM `wemall_goods` [ RunTime:0.0080s ]
SQL: SELECT * FROM `wemall_goods` WHERE ( state=1 ) ORDER BY reorder desc LIMIT 0,5   [ RunTime:0.0070s ]
INFO: [ view_parse ] --START--
INFO: [ template_filter ] --START--
INFO: Run Behavior\ContentReplaceBehavior [ RunTime:0.000000s ]
INFO: [ template_filter ] --END-- [ RunTime:0.000000s ]
INFO: Run Behavior\ParseTemplateBehavior [ RunTime:0.016001s ]
INFO: [ view_parse ] --END-- [ RunTime:0.016001s ]
INFO: [ view_filter ] --START--
INFO: Run Behavior\WriteHtmlCacheBehavior [ RunTime:0.001000s ]
INFO: [ view_filter ] --END-- [ RunTime:0.001000s ]
INFO: [ view_parse ] --START--
INFO: [ template_filter ] --START--
INFO: Run Behavior\ContentReplaceBehavior [ RunTime:0.000000s ]
INFO: [ template_filter ] --END-- [ RunTime:-0.012000s ]
INFO: Run Behavior\ParseTemplateBehavior [ RunTime:0.002000s ]
INFO: [ view_parse ] --END-- [ RunTime:-0.001000s ]
INFO: [ view_filter ] --START--
INFO: Run Behavior\WriteHtmlCacheBehavior [ RunTime:0.000000s ]
INFO: [ view_filter ] --END-- [ RunTime:-0.004001s ]
INFO: [ view_parse ] --START--
INFO: [ template_filter ] --START--
INFO: Run Behavior\ContentReplaceBehavior [ RunTime:0.000000s ]
INFO: [ template_filter ] --END-- [ RunTime:-0.024001s ]
INFO: Run Behavior\ParseTemplateBehavior [ RunTime:0.009000s ]
INFO: [ view_parse ] --END-- [ RunTime:-0.005001s ]
INFO: [ view_filter ] --START--
INFO: Run Behavior\WriteHtmlCacheBehavior [ RunTime:0.000000s ]
INFO: [ view_filter ] --END-- [ RunTime:-0.014001s ]
INFO: [ view_parse ] --START--
INFO: [ template_filter ] --START--
INFO: Run Behavior\ContentReplaceBehavior [ RunTime:0.000000s ]
INFO: [ template_filter ] --END-- [ RunTime:-0.024001s ]
INFO: Run Behavior\ParseTemplateBehavior [ RunTime:0.000000s ]
INFO: [ view_parse ] --END-- [ RunTime:-0.015001s ]
INFO: [ view_filter ] --START--
INFO: Run Behavior\WriteHtmlCacheBehavior [ RunTime:0.000000s ]
INFO: [ view_filter ] --END-- [ RunTime:-0.014001s ]
INFO: [ view_parse ] --START--
INFO: [ template_filter ] --START--
INFO: Run Behavior\ContentReplaceBehavior [ RunTime:0.000000s ]
INFO: [ template_filter ] --END-- [ RunTime:-0.037001s ]
INFO: Run Behavior\ParseTemplateBehavior [ RunTime:0.005000s ]
INFO: [ view_parse ] --END-- [ RunTime:-0.025001s ]
INFO: [ view_filter ] --START--
INFO: Run Behavior\WriteHtmlCacheBehavior [ RunTime:0.000000s ]
INFO: [ view_filter ] --END-- [ RunTime:-0.029001s ]
INFO: [ view_parse ] --START--
INFO: [ template_filter ] --START--
INFO: Run Behavior\ContentReplaceBehavior [ RunTime:0.000000s ]
INFO: [ template_filter ] --END-- [ RunTime:-0.045002s ]
NOTIC: [8] Undefined index: policy D:\xampp\htdocs\wemall\ThinkPHP\Application\Runtime\Cache\Home\dc2fd1a790c1b5068eb9330f1fc932c4.php 第 21 行.
NOTIC: [8] Undefined index: direct_ratio D:\xampp\htdocs\wemall\ThinkPHP\Application\Runtime\Cache\Home\dc2fd1a790c1b5068eb9330f1fc932c4.php 第 25 行.
NOTIC: [8] Undefined index: line_ratio D:\xampp\htdocs\wemall\ThinkPHP\Application\Runtime\Cache\Home\dc2fd1a790c1b5068eb9330f1fc932c4.php 第 26 行.
NOTIC: [8] Undefined index: policy D:\xampp\htdocs\wemall\ThinkPHP\Application\Runtime\Cache\Home\dc2fd1a790c1b5068eb9330f1fc932c4.php 第 21 行.
NOTIC: [8] Undefined index: direct_ratio D:\xampp\htdocs\wemall\ThinkPHP\Application\Runtime\Cache\Home\dc2fd1a790c1b5068eb9330f1fc932c4.php 第 25 行.
NOTIC: [8] Undefined index: line_ratio D:\xampp\htdocs\wemall\ThinkPHP\Application\Runtime\Cache\Home\dc2fd1a790c1b5068eb9330f1fc932c4.php 第 26 行.
NOTIC: [8] Undefined index: policy D:\xampp\htdocs\wemall\ThinkPHP\Application\Runtime\Cache\Home\dc2fd1a790c1b5068eb9330f1fc932c4.php 第 21 行.
NOTIC: [8] Undefined index: direct_ratio D:\xampp\htdocs\wemall\ThinkPHP\Application\Runtime\Cache\Home\dc2fd1a790c1b5068eb9330f1fc932c4.php 第 25 行.
NOTIC: [8] Undefined index: line_ratio D:\xampp\htdocs\wemall\ThinkPHP\Application\Runtime\Cache\Home\dc2fd1a790c1b5068eb9330f1fc932c4.php 第 26 行.
NOTIC: [8] Undefined index: policy D:\xampp\htdocs\wemall\ThinkPHP\Application\Runtime\Cache\Home\dc2fd1a790c1b5068eb9330f1fc932c4.php 第 21 行.
NOTIC: [8] Undefined index: direct_ratio D:\xampp\htdocs\wemall\ThinkPHP\Application\Runtime\Cache\Home\dc2fd1a790c1b5068eb9330f1fc932c4.php 第 25 行.
NOTIC: [8] Undefined index: line_ratio D:\xampp\htdocs\wemall\ThinkPHP\Application\Runtime\Cache\Home\dc2fd1a790c1b5068eb9330f1fc932c4.php 第 26 行.
NOTIC: [8] Undefined index: policy D:\xampp\htdocs\wemall\ThinkPHP\Application\Runtime\Cache\Home\dc2fd1a790c1b5068eb9330f1fc932c4.php 第 21 行.
NOTIC: [8] Undefined index: direct_ratio D:\xampp\htdocs\wemall\ThinkPHP\Application\Runtime\Cache\Home\dc2fd1a790c1b5068eb9330f1fc932c4.php 第 25 行.
NOTIC: [8] Undefined index: line_ratio D:\xampp\htdocs\wemall\ThinkPHP\Application\Runtime\Cache\Home\dc2fd1a790c1b5068eb9330f1fc932c4.php 第 26 行.
INFO: Run Behavior\ParseTemplateBehavior [ RunTime:0.009001s ]
INFO: [ view_parse ] --END-- [ RunTime:-0.031001s ]
INFO: [ view_filter ] --START--
INFO: Run Behavior\WriteHtmlCacheBehavior [ RunTime:0.000000s ]
INFO: [ view_filter ] --END-- [ RunTime:-0.039002s ]
INFO: [ view_parse ] --START--
INFO: [ template_filter ] --START--
INFO: Run Behavior\ContentReplaceBehavior [ RunTime:0.000000s ]
INFO: [ template_filter ] --END-- [ RunTime:-0.053002s ]
INFO: Run Behavior\ParseTemplateBehavior [ RunTime:0.005000s ]
INFO: [ view_parse ] --END-- [ RunTime:-0.041002s ]
INFO: [ view_filter ] --START--
INFO: Run Behavior\WriteHtmlCacheBehavior [ RunTime:0.000000s ]
INFO: [ view_filter ] --END-- [ RunTime:-0.045002s ]
INFO: [ view_parse ] --START--
INFO: [ template_filter ] --START--
INFO: Run Behavior\ContentReplaceBehavior [ RunTime:0.000000s ]
INFO: [ template_filter ] --END-- [ RunTime:-0.059003s ]
INFO: Run Behavior\ParseTemplateBehavior [ RunTime:0.003001s ]
INFO: [ view_parse ] --END-- [ RunTime:-0.048002s ]
INFO: [ view_filter ] --START--
INFO: Run Behavior\WriteHtmlCacheBehavior [ RunTime:0.000000s ]
INFO: [ view_filter ] --END-- [ RunTime:-0.050003s ]
INFO: [ view_parse ] --START--
INFO: [ template_filter ] --START--
INFO: Run Behavior\ContentReplaceBehavior [ RunTime:0.000000s ]
INFO: [ template_filter ] --END-- [ RunTime:-0.081004s ]
NOTIC: [8] Undefined variable: YZTitle D:\xampp\htdocs\wemall\ThinkPHP\Application\Runtime\Cache\Home\233fbf9168edde0a88a274a719127571.php 第 10 行.
INFO: Run Behavior\ParseTemplateBehavior [ RunTime:0.014001s ]
INFO: [ view_parse ] --END-- [ RunTime:-0.060003s ]
INFO: [ view_filter ] --START--
INFO: Run Behavior\WriteHtmlCacheBehavior [ RunTime:0.000000s ]
INFO: [ view_filter ] --END-- [ RunTime:-0.073004s ]
INFO: [ app_end ] --START--
INFO: Run Behavior\ShowPageTraceBehavior [ RunTime:0.001000s ]
INFO: [ app_end ] --END-- [ RunTime:0.001000s ]

[ 2015-04-22T13:01:56+08:00 ] 127.0.0.1 /wemall/WeiPHP/index.php?XDEBUG_SESSION_START=netbeans-xdebug
INFO: [ app_init ] --START--
INFO: Run Behavior\BuildLiteBehavior [ RunTime:0.000000s ]
INFO: [ app_init ] --END-- [ RunTime:0.002000s ]
INFO: [ app_begin ] --START--
INFO: Run Behavior\ReadHtmlCacheBehavior [ RunTime:0.001000s ]
INFO: [ app_begin ] --END-- [ RunTime:0.001000s ]
SQL: SHOW COLUMNS FROM `wemall_goods` [ RunTime:0.0090s ]
SQL: SELECT * FROM `wemall_goods` WHERE ( state=1 ) ORDER BY reorder desc LIMIT 0,5   [ RunTime:0.0070s ]
INFO: [ view_parse ] --START--
INFO: [ template_filter ] --START--
INFO: Run Behavior\ContentReplaceBehavior [ RunTime:0.001000s ]
INFO: [ template_filter ] --END-- [ RunTime:0.001000s ]
INFO: Run Behavior\ParseTemplateBehavior [ RunTime:0.013001s ]
INFO: [ view_parse ] --END-- [ RunTime:0.013001s ]
INFO: [ view_filter ] --START--
INFO: Run Behavior\WriteHtmlCacheBehavior [ RunTime:0.001000s ]
INFO: [ view_filter ] --END-- [ RunTime:0.001000s ]
INFO: [ view_parse ] --START--
INFO: [ template_filter ] --START--
INFO: Run Behavior\ContentReplaceBehavior [ RunTime:0.001000s ]
INFO: [ template_filter ] --END-- [ RunTime:-0.008000s ]
INFO: Run Behavior\ParseTemplateBehavior [ RunTime:0.004001s ]
INFO: [ view_parse ] --END-- [ RunTime:-0.003000s ]
INFO: [ view_filter ] --START--
INFO: Run Behavior\WriteHtmlCacheBehavior [ RunTime:0.000000s ]
INFO: [ view_filter ] --END-- [ RunTime:-0.007001s ]
INFO: [ view_parse ] --START--
INFO: [ template_filter ] --START--
INFO: Run Behavior\ContentReplaceBehavior [ RunTime:0.000000s ]
INFO: [ template_filter ] --END-- [ RunTime:-0.015001s ]
INFO: Run Behavior\ParseTemplateBehavior [ RunTime:0.006000s ]
INFO: [ view_parse ] --END-- [ RunTime:-0.010001s ]
INFO: [ view_filter ] --START--
INFO: Run Behavior\WriteHtmlCacheBehavior [ RunTime:0.000000s ]
INFO: [ view_filter ] --END-- [ RunTime:-0.016001s ]
INFO: [ view_parse ] --START--
INFO: [ template_filter ] --START--
INFO: Run Behavior\ContentReplaceBehavior [ RunTime:0.000000s ]
INFO: [ template_filter ] --END-- [ RunTime:-0.024001s ]
INFO: Run Behavior\ParseTemplateBehavior [ RunTime:0.006001s ]
INFO: [ view_parse ] --END-- [ RunTime:-0.019001s ]
INFO: [ view_filter ] --START--
INFO: Run Behavior\WriteHtmlCacheBehavior [ RunTime:0.000000s ]
INFO: [ view_filter ] --END-- [ RunTime:-0.023002s ]
INFO: [ view_parse ] --START--
INFO: [ template_filter ] --START--
INFO: Run Behavior\ContentReplaceBehavior [ RunTime:0.000000s ]
INFO: [ template_filter ] --END-- [ RunTime:-0.031002s ]
INFO: Run Behavior\ParseTemplateBehavior [ RunTime:0.003000s ]
INFO: [ view_parse ] --END-- [ RunTime:-0.026002s ]
INFO: [ view_filter ] --START--
INFO: Run Behavior\WriteHtmlCacheBehavior [ RunTime:0.000000s ]
INFO: [ view_filter ] --END-- [ RunTime:-0.029002s ]
INFO: [ view_parse ] --START--
INFO: [ template_filter ] --START--
INFO: Run Behavior\ContentReplaceBehavior [ RunTime:0.000000s ]
INFO: [ template_filter ] --END-- [ RunTime:-0.042002s ]
NOTIC: [8] Undefined index: policy D:\xampp\htdocs\wemall\ThinkPHP\Application\Runtime\Cache\Home\dc2fd1a790c1b5068eb9330f1fc932c4.php 第 21 行.
NOTIC: [8] Undefined index: direct_ratio D:\xampp\htdocs\wemall\ThinkPHP\Application\Runtime\Cache\Home\dc2fd1a790c1b5068eb9330f1fc932c4.php 第 25 行.
NOTIC: [8] Undefined index: line_ratio D:\xampp\htdocs\wemall\ThinkPHP\Application\Runtime\Cache\Home\dc2fd1a790c1b5068eb9330f1fc932c4.php 第 26 行.
NOTIC: [8] Undefined index: policy D:\xampp\htdocs\wemall\ThinkPHP\Application\Runtime\Cache\Home\dc2fd1a790c1b5068eb9330f1fc932c4.php 第 21 行.
NOTIC: [8] Undefined index: direct_ratio D:\xampp\htdocs\wemall\ThinkPHP\Application\Runtime\Cache\Home\dc2fd1a790c1b5068eb9330f1fc932c4.php 第 25 行.
NOTIC: [8] Undefined index: line_ratio D:\xampp\htdocs\wemall\ThinkPHP\Application\Runtime\Cache\Home\dc2fd1a790c1b5068eb9330f1fc932c4.php 第 26 行.
NOTIC: [8] Undefined index: policy D:\xampp\htdocs\wemall\ThinkPHP\Application\Runtime\Cache\Home\dc2fd1a790c1b5068eb9330f1fc932c4.php 第 21 行.
NOTIC: [8] Undefined index: direct_ratio D:\xampp\htdocs\wemall\ThinkPHP\Application\Runtime\Cache\Home\dc2fd1a790c1b5068eb9330f1fc932c4.php 第 25 行.
NOTIC: [8] Undefined index: line_ratio D:\xampp\htdocs\wemall\ThinkPHP\Application\Runtime\Cache\Home\dc2fd1a790c1b5068eb9330f1fc932c4.php 第 26 行.
NOTIC: [8] Undefined index: policy D:\xampp\htdocs\wemall\ThinkPHP\Application\Runtime\Cache\Home\dc2fd1a790c1b5068eb9330f1fc932c4.php 第 21 行.
NOTIC: [8] Undefined index: direct_ratio D:\xampp\htdocs\wemall\ThinkPHP\Application\Runtime\Cache\Home\dc2fd1a790c1b5068eb9330f1fc932c4.php 第 25 行.
NOTIC: [8] Undefined index: line_ratio D:\xampp\htdocs\wemall\ThinkPHP\Application\Runtime\Cache\Home\dc2fd1a790c1b5068eb9330f1fc932c4.php 第 26 行.
NOTIC: [8] Undefined index: policy D:\xampp\htdocs\wemall\ThinkPHP\Application\Runtime\Cache\Home\dc2fd1a790c1b5068eb9330f1fc932c4.php 第 21 行.
NOTIC: [8] Undefined index: direct_ratio D:\xampp\htdocs\wemall\ThinkPHP\Application\Runtime\Cache\Home\dc2fd1a790c1b5068eb9330f1fc932c4.php 第 25 行.
NOTIC: [8] Undefined index: line_ratio D:\xampp\htdocs\wemall\ThinkPHP\Application\Runtime\Cache\Home\dc2fd1a790c1b5068eb9330f1fc932c4.php 第 26 行.
INFO: Run Behavior\ParseTemplateBehavior [ RunTime:0.013001s ]
INFO: [ view_parse ] --END-- [ RunTime:-0.032002s ]
INFO: [ view_filter ] --START--
INFO: Run Behavior\WriteHtmlCacheBehavior [ RunTime:0.000000s ]
INFO: [ view_filter ] --END-- [ RunTime:-0.044003s ]
INFO: [ view_parse ] --START--
INFO: [ template_filter ] --START--
INFO: Run Behavior\ContentReplaceBehavior [ RunTime:0.000000s ]
INFO: [ template_filter ] --END-- [ RunTime:-0.053003s ]
INFO: Run Behavior\ParseTemplateBehavior [ RunTime:0.007000s ]
INFO: [ view_parse ] --END-- [ RunTime:-0.047003s ]
INFO: [ view_filter ] --START--
INFO: Run Behavior\WriteHtmlCacheBehavior [ RunTime:0.000000s ]
INFO: [ view_filter ] --END-- [ RunTime:-0.053003s ]
INFO: [ view_parse ] --START--
INFO: [ template_filter ] --START--
INFO: Run Behavior\ContentReplaceBehavior [ RunTime:0.000000s ]
INFO: [ template_filter ] --END-- [ RunTime:-0.060003s ]
INFO: Run Behavior\ParseTemplateBehavior [ RunTime:0.005001s ]
INFO: [ view_parse ] --END-- [ RunTime:-0.056003s ]
INFO: [ view_filter ] --START--
INFO: Run Behavior\WriteHtmlCacheBehavior [ RunTime:0.000000s ]
INFO: [ view_filter ] --END-- [ RunTime:-0.059004s ]
INFO: [ view_parse ] --START--
INFO: [ template_filter ] --START--
INFO: Run Behavior\ContentReplaceBehavior [ RunTime:0.001000s ]
INFO: [ template_filter ] --END-- [ RunTime:-0.076004s ]
NOTIC: [8] Undefined variable: YZTitle D:\xampp\htdocs\wemall\ThinkPHP\Application\Runtime\Cache\Home\233fbf9168edde0a88a274a719127571.php 第 10 行.
INFO: Run Behavior\ParseTemplateBehavior [ RunTime:0.016001s ]
INFO: [ view_parse ] --END-- [ RunTime:-0.062004s ]
INFO: [ view_filter ] --START--
INFO: Run Behavior\WriteHtmlCacheBehavior [ RunTime:0.000000s ]
INFO: [ view_filter ] --END-- [ RunTime:-0.076005s ]
INFO: [ app_end ] --START--
INFO: Run Behavior\ShowPageTraceBehavior [ RunTime:0.001000s ]
INFO: [ app_end ] --END-- [ RunTime:0.002000s ]

[ 2015-04-22T13:10:48+08:00 ] 127.0.0.1 /wemall/WeiPHP/index.php
INFO: [ app_init ] --START--
INFO: Run Behavior\BuildLiteBehavior [ RunTime:0.000000s ]
INFO: [ app_init ] --END-- [ RunTime:0.001000s ]
INFO: [ app_begin ] --START--
INFO: Run Behavior\ReadHtmlCacheBehavior [ RunTime:0.001000s ]
INFO: [ app_begin ] --END-- [ RunTime:0.001000s ]
SQL: SHOW COLUMNS FROM `wemall_goods` [ RunTime:0.0110s ]
SQL: SELECT * FROM `wemall_goods` WHERE ( state=1 ) ORDER BY reorder desc LIMIT 0,5   [ RunTime:0.0090s ]
INFO: [ view_parse ] --START--
INFO: [ template_filter ] --START--
INFO: Run Behavior\ContentReplaceBehavior [ RunTime:0.000000s ]
INFO: [ template_filter ] --END-- [ RunTime:0.000000s ]
INFO: Run Behavior\ParseTemplateBehavior [ RunTime:0.013001s ]
INFO: [ view_parse ] --END-- [ RunTime:0.014001s ]
INFO: [ view_filter ] --START--
INFO: Run Behavior\WriteHtmlCacheBehavior [ RunTime:0.001000s ]
INFO: [ view_filter ] --END-- [ RunTime:0.001000s ]
INFO: [ view_parse ] --START--
INFO: [ template_filter ] --START--
INFO: Run Behavior\ContentReplaceBehavior [ RunTime:0.000000s ]
INFO: [ template_filter ] --END-- [ RunTime:-0.015001s ]
INFO: Run Behavior\ParseTemplateBehavior [ RunTime:0.015001s ]
INFO: [ view_parse ] --END-- [ RunTime:-0.002000s ]
INFO: [ view_filter ] --START--
INFO: Run Behavior\WriteHtmlCacheBehavior [ RunTime:0.000000s ]
INFO: [ view_filter ] --END-- [ RunTime:-0.019001s ]
INFO: [ view_parse ] --START--
INFO: [ template_filter ] --START--
INFO: Run Behavior\ContentReplaceBehavior [ RunTime:0.001000s ]
INFO: [ template_filter ] --END-- [ RunTime:-0.030002s ]
INFO: Run Behavior\ParseTemplateBehavior [ RunTime:0.009000s ]
INFO: [ view_parse ] --END-- [ RunTime:-0.022001s ]
INFO: [ view_filter ] --START--
INFO: Run Behavior\WriteHtmlCacheBehavior [ RunTime:0.000000s ]
INFO: [ view_filter ] --END-- [ RunTime:-0.031001s ]
INFO: [ view_parse ] --START--
INFO: [ template_filter ] --START--
INFO: Run Behavior\ContentReplaceBehavior [ RunTime:0.000000s ]
INFO: [ template_filter ] --END-- [ RunTime:-0.040003s ]
INFO: Run Behavior\ParseTemplateBehavior [ RunTime:0.004000s ]
INFO: [ view_parse ] --END-- [ RunTime:-0.034002s ]
INFO: [ view_filter ] --START--
INFO: Run Behavior\WriteHtmlCacheBehavior [ RunTime:0.001000s ]
INFO: [ view_filter ] --END-- [ RunTime:-0.038002s ]
INFO: [ view_parse ] --START--
INFO: [ template_filter ] --START--
INFO: Run Behavior\ContentReplaceBehavior [ RunTime:0.000000s ]
INFO: [ template_filter ] --END-- [ RunTime:-0.048003s ]
INFO: Run Behavior\ParseTemplateBehavior [ RunTime:0.006000s ]
INFO: [ view_parse ] --END-- [ RunTime:-0.041002s ]
INFO: [ view_filter ] --START--
INFO: Run Behavior\WriteHtmlCacheBehavior [ RunTime:0.000000s ]
INFO: [ view_filter ] --END-- [ RunTime:-0.047002s ]
INFO: [ view_parse ] --START--
INFO: [ template_filter ] --START--
INFO: Run Behavior\ContentReplaceBehavior [ RunTime:0.000000s ]
INFO: [ template_filter ] --END-- [ RunTime:-0.059004s ]
NOTIC: [8] Undefined index: policy D:\xampp\htdocs\wemall\ThinkPHP\Application\Runtime\Cache\Home\dc2fd1a790c1b5068eb9330f1fc932c4.php 第 21 行.
NOTIC: [8] Undefined index: direct_ratio D:\xampp\htdocs\wemall\ThinkPHP\Application\Runtime\Cache\Home\dc2fd1a790c1b5068eb9330f1fc932c4.php 第 25 行.
NOTIC: [8] Undefined index: line_ratio D:\xampp\htdocs\wemall\ThinkPHP\Application\Runtime\Cache\Home\dc2fd1a790c1b5068eb9330f1fc932c4.php 第 26 行.
NOTIC: [8] Undefined index: policy D:\xampp\htdocs\wemall\ThinkPHP\Application\Runtime\Cache\Home\dc2fd1a790c1b5068eb9330f1fc932c4.php 第 21 行.
NOTIC: [8] Undefined index: direct_ratio D:\xampp\htdocs\wemall\ThinkPHP\Application\Runtime\Cache\Home\dc2fd1a790c1b5068eb9330f1fc932c4.php 第 25 行.
NOTIC: [8] Undefined index: line_ratio D:\xampp\htdocs\wemall\ThinkPHP\Application\Runtime\Cache\Home\dc2fd1a790c1b5068eb9330f1fc932c4.php 第 26 行.
NOTIC: [8] Undefined index: policy D:\xampp\htdocs\wemall\ThinkPHP\Application\Runtime\Cache\Home\dc2fd1a790c1b5068eb9330f1fc932c4.php 第 21 行.
NOTIC: [8] Undefined index: direct_ratio D:\xampp\htdocs\wemall\ThinkPHP\Application\Runtime\Cache\Home\dc2fd1a790c1b5068eb9330f1fc932c4.php 第 25 行.
NOTIC: [8] Undefined index: line_ratio D:\xampp\htdocs\wemall\ThinkPHP\Application\Runtime\Cache\Home\dc2fd1a790c1b5068eb9330f1fc932c4.php 第 26 行.
NOTIC: [8] Undefined index: policy D:\xampp\htdocs\wemall\ThinkPHP\Application\Runtime\Cache\Home\dc2fd1a790c1b5068eb9330f1fc932c4.php 第 21 行.
NOTIC: [8] Undefined index: direct_ratio D:\xampp\htdocs\wemall\ThinkPHP\Application\Runtime\Cache\Home\dc2fd1a790c1b5068eb9330f1fc932c4.php 第 25 行.
NOTIC: [8] Undefined index: line_ratio D:\xampp\htdocs\wemall\ThinkPHP\Application\Runtime\Cache\Home\dc2fd1a790c1b5068eb9330f1fc932c4.php 第 26 行.
NOTIC: [8] Undefined index: policy D:\xampp\htdocs\wemall\ThinkPHP\Application\Runtime\Cache\Home\dc2fd1a790c1b5068eb9330f1fc932c4.php 第 21 行.
NOTIC: [8] Undefined index: direct_ratio D:\xampp\htdocs\wemall\ThinkPHP\Application\Runtime\Cache\Home\dc2fd1a790c1b5068eb9330f1fc932c4.php 第 25 行.
NOTIC: [8] Undefined index: line_ratio D:\xampp\htdocs\wemall\ThinkPHP\Application\Runtime\Cache\Home\dc2fd1a790c1b5068eb9330f1fc932c4.php 第 26 行.
INFO: Run Behavior\ParseTemplateBehavior [ RunTime:0.013001s ]
INFO: [ view_parse ] --END-- [ RunTime:-0.050002s ]
INFO: [ view_filter ] --START--
INFO: Run Behavior\WriteHtmlCacheBehavior [ RunTime:0.000000s ]
INFO: [ view_filter ] --END-- [ RunTime:-0.062003s ]
INFO: [ view_parse ] --START--
INFO: [ template_filter ] --START--
INFO: Run Behavior\ContentReplaceBehavior [ RunTime:0.001000s ]
INFO: [ template_filter ] --END-- [ RunTime:-0.070004s ]
INFO: Run Behavior\ParseTemplateBehavior [ RunTime:0.006001s ]
INFO: [ view_parse ] --END-- [ RunTime:-0.064003s ]
INFO: [ view_filter ] --START--
INFO: Run Behavior\WriteHtmlCacheBehavior [ RunTime:0.000000s ]
INFO: [ view_filter ] --END-- [ RunTime:-0.069004s ]
INFO: [ view_parse ] --START--
INFO: [ template_filter ] --START--
INFO: Run Behavior\ContentReplaceBehavior [ RunTime:0.001000s ]
INFO: [ template_filter ] --END-- [ RunTime:-0.078005s ]
INFO: Run Behavior\ParseTemplateBehavior [ RunTime:0.006000s ]
INFO: [ view_parse ] --END-- [ RunTime:-0.071004s ]
INFO: [ view_filter ] --START--
INFO: Run Behavior\WriteHtmlCacheBehavior [ RunTime:0.000000s ]
INFO: [ view_filter ] --END-- [ RunTime:-0.077004s ]
INFO: [ view_parse ] --START--
INFO: [ template_filter ] --START--
INFO: Run Behavior\ContentReplaceBehavior [ RunTime:0.000000s ]
INFO: [ template_filter ] --END-- [ RunTime:-0.091006s ]
NOTIC: [8] Undefined variable: YZTitle D:\xampp\htdocs\wemall\ThinkPHP\Application\Runtime\Cache\Home\233fbf9168edde0a88a274a719127571.php 第 10 行.
INFO: Run Behavior\ParseTemplateBehavior [ RunTime:0.013001s ]
INFO: [ view_parse ] --END-- [ RunTime:-0.079004s ]
INFO: [ view_filter ] --START--
INFO: Run Behavior\WriteHtmlCacheBehavior [ RunTime:0.001000s ]
INFO: [ view_filter ] --END-- [ RunTime:-0.091005s ]
INFO: [ app_end ] --START--
INFO: Run Behavior\ShowPageTraceBehavior [ RunTime:0.001000s ]
INFO: [ app_end ] --END-- [ RunTime:0.001000s ]

[ 2015-04-22T13:10:55+08:00 ] 127.0.0.1 /wemall/WeiPHP/admin.php/home/Index/index.html
INFO: [ app_init ] --START--
INFO: Run Behavior\BuildLiteBehavior [ RunTime:0.000000s ]
INFO: [ app_init ] --END-- [ RunTime:0.002000s ]
INFO: [ app_begin ] --START--
INFO: Run Behavior\ReadHtmlCacheBehavior [ RunTime:0.002000s ]
INFO: [ app_begin ] --END-- [ RunTime:0.002000s ]
SQL: SHOW COLUMNS FROM `wemall_goods` [ RunTime:0.0090s ]
SQL: SELECT * FROM `wemall_goods` WHERE ( state=1 ) ORDER BY reorder desc LIMIT 0,5   [ RunTime:0.0080s ]
INFO: [ view_parse ] --START--
INFO: [ template_filter ] --START--
INFO: Run Behavior\ContentReplaceBehavior [ RunTime:0.000000s ]
INFO: [ template_filter ] --END-- [ RunTime:0.004000s ]
INFO: Run Behavior\ParseTemplateBehavior [ RunTime:0.020002s ]
INFO: [ view_parse ] --END-- [ RunTime:0.022002s ]
INFO: [ view_filter ] --START--
INFO: Run Behavior\WriteHtmlCacheBehavior [ RunTime:0.001000s ]
INFO: [ view_filter ] --END-- [ RunTime:0.001000s ]
INFO: [ view_parse ] --START--
INFO: [ template_filter ] --START--
INFO: Run Behavior\ContentReplaceBehavior [ RunTime:0.000000s ]
INFO: [ template_filter ] --END-- [ RunTime:-0.012001s ]
INFO: Run Behavior\ParseTemplateBehavior [ RunTime:0.006000s ]
INFO: [ view_parse ] --END-- [ RunTime:-0.002000s ]
INFO: [ view_filter ] --START--
INFO: Run Behavior\WriteHtmlCacheBehavior [ RunTime:0.000000s ]
INFO: [ view_filter ] --END-- [ RunTime:-0.014001s ]
INFO: [ view_parse ] --START--
INFO: [ template_filter ] --START--
INFO: Run Behavior\ContentReplaceBehavior [ RunTime:0.001000s ]
INFO: [ template_filter ] --END-- [ RunTime:-0.030002s ]
INFO: Run Behavior\ParseTemplateBehavior [ RunTime:0.009000s ]
INFO: [ view_parse ] --END-- [ RunTime:-0.019001s ]
INFO: [ view_filter ] --START--
INFO: Run Behavior\WriteHtmlCacheBehavior [ RunTime:0.001000s ]
INFO: [ view_filter ] --END-- [ RunTime:-0.027001s ]
INFO: [ view_parse ] --START--
INFO: [ template_filter ] --START--
INFO: Run Behavior\ContentReplaceBehavior [ RunTime:0.000000s ]
INFO: [ template_filter ] --END-- [ RunTime:-0.039003s ]
INFO: Run Behavior\ParseTemplateBehavior [ RunTime:0.006001s ]
INFO: [ view_parse ] --END-- [ RunTime:-0.030001s ]
INFO: [ view_filter ] --START--
INFO: Run Behavior\WriteHtmlCacheBehavior [ RunTime:0.000000s ]
INFO: [ view_filter ] --END-- [ RunTime:-0.036002s ]
INFO: [ view_parse ] --START--
INFO: [ template_filter ] --START--
INFO: Run Behavior\ContentReplaceBehavior [ RunTime:0.000000s ]
INFO: [ template_filter ] --END-- [ RunTime:-0.049003s ]
INFO: Run Behavior\ParseTemplateBehavior [ RunTime:0.007000s ]
INFO: [ view_parse ] --END-- [ RunTime:-0.039002s ]
INFO: [ view_filter ] --START--
INFO: Run Behavior\WriteHtmlCacheBehavior [ RunTime:0.000000s ]
INFO: [ view_filter ] --END-- [ RunTime:-0.046002s ]
INFO: [ view_parse ] --START--
INFO: [ template_filter ] --START--
INFO: Run Behavior\ContentReplaceBehavior [ RunTime:0.000000s ]
INFO: [ template_filter ] --END-- [ RunTime:-0.066004s ]
NOTIC: [8] Undefined index: policy D:\xampp\htdocs\wemall\ThinkPHP\Application\Runtime\Cache\Home\dc2fd1a790c1b5068eb9330f1fc932c4.php 第 21 行.
NOTIC: [8] Undefined index: direct_ratio D:\xampp\htdocs\wemall\ThinkPHP\Application\Runtime\Cache\Home\dc2fd1a790c1b5068eb9330f1fc932c4.php 第 25 行.
NOTIC: [8] Undefined index: line_ratio D:\xampp\htdocs\wemall\ThinkPHP\Application\Runtime\Cache\Home\dc2fd1a790c1b5068eb9330f1fc932c4.php 第 26 行.
NOTIC: [8] Undefined index: policy D:\xampp\htdocs\wemall\ThinkPHP\Application\Runtime\Cache\Home\dc2fd1a790c1b5068eb9330f1fc932c4.php 第 21 行.
NOTIC: [8] Undefined index: direct_ratio D:\xampp\htdocs\wemall\ThinkPHP\Application\Runtime\Cache\Home\dc2fd1a790c1b5068eb9330f1fc932c4.php 第 25 行.
NOTIC: [8] Undefined index: line_ratio D:\xampp\htdocs\wemall\ThinkPHP\Application\Runtime\Cache\Home\dc2fd1a790c1b5068eb9330f1fc932c4.php 第 26 行.
NOTIC: [8] Undefined index: policy D:\xampp\htdocs\wemall\ThinkPHP\Application\Runtime\Cache\Home\dc2fd1a790c1b5068eb9330f1fc932c4.php 第 21 行.
NOTIC: [8] Undefined index: direct_ratio D:\xampp\htdocs\wemall\ThinkPHP\Application\Runtime\Cache\Home\dc2fd1a790c1b5068eb9330f1fc932c4.php 第 25 行.
NOTIC: [8] Undefined index: line_ratio D:\xampp\htdocs\wemall\ThinkPHP\Application\Runtime\Cache\Home\dc2fd1a790c1b5068eb9330f1fc932c4.php 第 26 行.
NOTIC: [8] Undefined index: policy D:\xampp\htdocs\wemall\ThinkPHP\Application\Runtime\Cache\Home\dc2fd1a790c1b5068eb9330f1fc932c4.php 第 21 行.
NOTIC: [8] Undefined index: direct_ratio D:\xampp\htdocs\wemall\ThinkPHP\Application\Runtime\Cache\Home\dc2fd1a790c1b5068eb9330f1fc932c4.php 第 25 行.
NOTIC: [8] Undefined index: line_ratio D:\xampp\htdocs\wemall\ThinkPHP\Application\Runtime\Cache\Home\dc2fd1a790c1b5068eb9330f1fc932c4.php 第 26 行.
NOTIC: [8] Undefined index: policy D:\xampp\htdocs\wemall\ThinkPHP\Application\Runtime\Cache\Home\dc2fd1a790c1b5068eb9330f1fc932c4.php 第 21 行.
NOTIC: [8] Undefined index: direct_ratio D:\xampp\htdocs\wemall\ThinkPHP\Application\Runtime\Cache\Home\dc2fd1a790c1b5068eb9330f1fc932c4.php 第 25 行.
NOTIC: [8] Undefined index: line_ratio D:\xampp\htdocs\wemall\ThinkPHP\Application\Runtime\Cache\Home\dc2fd1a790c1b5068eb9330f1fc932c4.php 第 26 行.
INFO: Run Behavior\ParseTemplateBehavior [ RunTime:0.020002s ]
INFO: [ view_parse ] --END-- [ RunTime:-0.048002s ]
INFO: [ view_filter ] --START--
INFO: Run Behavior\WriteHtmlCacheBehavior [ RunTime:0.000000s ]
INFO: [ view_filter ] --END-- [ RunTime:-0.069004s ]
INFO: [ view_parse ] --START--
INFO: [ template_filter ] --START--
INFO: Run Behavior\ContentReplaceBehavior [ RunTime:0.001000s ]
INFO: [ template_filter ] --END-- [ RunTime:-0.083005s ]
INFO: Run Behavior\ParseTemplateBehavior [ RunTime:0.010000s ]
INFO: [ view_parse ] --END-- [ RunTime:-0.071004s ]
INFO: [ view_filter ] --START--
INFO: Run Behavior\WriteHtmlCacheBehavior [ RunTime:0.001000s ]
INFO: [ view_filter ] --END-- [ RunTime:-0.082004s ]
INFO: [ view_parse ] --START--
INFO: [ template_filter ] --START--
INFO: Run Behavior\ContentReplaceBehavior [ RunTime:0.000000s ]
INFO: [ template_filter ] --END-- [ RunTime:-0.096006s ]
INFO: Run Behavior\ParseTemplateBehavior [ RunTime:0.008000s ]
INFO: [ view_parse ] --END-- [ RunTime:-0.085005s ]
INFO: [ view_filter ] --START--
INFO: Run Behavior\WriteHtmlCacheBehavior [ RunTime:0.001000s ]
INFO: [ view_filter ] --END-- [ RunTime:-0.094005s ]
INFO: [ view_parse ] --START--
INFO: [ template_filter ] --START--
INFO: Run Behavior\ContentReplaceBehavior [ RunTime:0.000000s ]
INFO: [ template_filter ] --END-- [ RunTime:-0.118007s ]
NOTIC: [8] Undefined variable: YZTitle D:\xampp\htdocs\wemall\ThinkPHP\Application\Runtime\Cache\Home\233fbf9168edde0a88a274a719127571.php 第 10 行.
INFO: Run Behavior\ParseTemplateBehavior [ RunTime:0.020001s ]
INFO: [ view_parse ] --END-- [ RunTime:-0.097005s ]
INFO: [ view_filter ] --START--
INFO: Run Behavior\WriteHtmlCacheBehavior [ RunTime:0.000000s ]
INFO: [ view_filter ] --END-- [ RunTime:-0.117006s ]
INFO: [ app_end ] --START--
INFO: Run Behavior\ShowPageTraceBehavior [ RunTime:0.001000s ]
INFO: [ app_end ] --END-- [ RunTime:0.001000s ]

