[ 2015-04-14T09:12:58+08:00 ] 127.0.0.1 /wemall/WeiPHP/index.php
INFO: [ app_init ] --START--
INFO: Run Behavior\BuildLiteBehavior [ RunTime:0.000000s ]
INFO: [ app_init ] --END-- [ RunTime:0.000000s ]
INFO: [ app_begin ] --START--
INFO: Run Behavior\ReadHtmlCacheBehavior [ RunTime:0.000000s ]
INFO: [ app_begin ] --END-- [ RunTime:0.000000s ]
NOTIC: [2] Invalid argument supplied for foreach() D:\xampp\htdocs\wemall\ThinkPHP\Application\Common\Common\function.php 第 120 行.
NOTIC: [2] Invalid argument supplied for foreach() D:\xampp\htdocs\wemall\ThinkPHP\Application\Common\Common\function.php 第 120 行.
INFO: [ view_parse ] --START--
INFO: [ template_filter ] --START--
INFO: Run Behavior\ContentReplaceBehavior [ RunTime:0.000000s ]
INFO: [ template_filter ] --END-- [ RunTime:0.000000s ]
INFO: Run Behavior\ParseTemplateBehavior [ RunTime:0.015600s ]
INFO: [ view_parse ] --END-- [ RunTime:0.015600s ]
INFO: [ view_filter ] --START--
INFO: Run Behavior\WriteHtmlCacheBehavior [ RunTime:0.000000s ]
INFO: [ view_filter ] --END-- [ RunTime:0.000000s ]
INFO: [ app_end ] --START--
INFO: Run Behavior\ShowPageTraceBehavior [ RunTime:0.000000s ]
INFO: [ app_end ] --END-- [ RunTime:0.000000s ]

[ 2015-04-14T09:22:40+08:00 ] 127.0.0.1 /wemall/WeiPHP/index.php
INFO: [ app_init ] --START--
INFO: Run Behavior\BuildLiteBehavior [ RunTime:0.000000s ]
INFO: [ app_init ] --END-- [ RunTime:0.000000s ]
INFO: [ app_begin ] --START--
INFO: Run Behavior\ReadHtmlCacheBehavior [ RunTime:0.000000s ]
INFO: [ app_begin ] --END-- [ RunTime:0.015600s ]
NOTIC: [2] Invalid argument supplied for foreach() D:\xampp\htdocs\wemall\ThinkPHP\Application\Common\Common\function.php 第 120 行.
NOTIC: [2] Invalid argument supplied for foreach() D:\xampp\htdocs\wemall\ThinkPHP\Application\Common\Common\function.php 第 120 行.
INFO: [ view_parse ] --START--
INFO: [ template_filter ] --START--
INFO: Run Behavior\ContentReplaceBehavior [ RunTime:0.000000s ]
INFO: [ template_filter ] --END-- [ RunTime:0.000000s ]
INFO: Run Behavior\ParseTemplateBehavior [ RunTime:0.015600s ]
INFO: [ view_parse ] --END-- [ RunTime:0.015600s ]
INFO: [ view_filter ] --START--
INFO: Run Behavior\WriteHtmlCacheBehavior [ RunTime:0.000000s ]
INFO: [ view_filter ] --END-- [ RunTime:0.000000s ]
INFO: [ app_end ] --START--
INFO: Run Behavior\ShowPageTraceBehavior [ RunTime:0.000000s ]
INFO: [ app_end ] --END-- [ RunTime:0.000000s ]

[ 2015-04-14T10:09:55+08:00 ] 127.0.0.1 /wemall/WeiPHP/index.php
INFO: [ app_init ] --START--
INFO: Run Behavior\BuildLiteBehavior [ RunTime:0.000000s ]
INFO: [ app_init ] --END-- [ RunTime:0.001000s ]
INFO: [ app_begin ] --START--
INFO: Run Behavior\ReadHtmlCacheBehavior [ RunTime:0.000000s ]
INFO: [ app_begin ] --END-- [ RunTime:0.001000s ]
NOTIC: [2] Invalid argument supplied for foreach() D:\xampp\htdocs\wemall\ThinkPHP\Application\Common\Common\function.php 第 120 行.
NOTIC: [2] Invalid argument supplied for foreach() D:\xampp\htdocs\wemall\ThinkPHP\Application\Common\Common\function.php 第 120 行.
INFO: [ view_parse ] --START--
INFO: [ template_filter ] --START--
INFO: Run Behavior\ContentReplaceBehavior [ RunTime:0.000000s ]
INFO: [ template_filter ] --END-- [ RunTime:0.000000s ]
NOTIC: [8] Undefined variable: YZHead D:\xampp\htdocs\wemall\ThinkPHP\Application\Runtime\Cache\Home\233fbf9168edde0a88a274a719127571.php 第 13 行.
INFO: Run Behavior\ParseTemplateBehavior [ RunTime:0.014001s ]
INFO: [ view_parse ] --END-- [ RunTime:0.014001s ]
INFO: [ view_filter ] --START--
INFO: Run Behavior\WriteHtmlCacheBehavior [ RunTime:0.000000s ]
INFO: [ view_filter ] --END-- [ RunTime:0.001000s ]
INFO: [ app_end ] --START--
INFO: Run Behavior\ShowPageTraceBehavior [ RunTime:0.001000s ]
INFO: [ app_end ] --END-- [ RunTime:0.001000s ]

[ 2015-04-14T10:45:34+08:00 ] 127.0.0.1 /wemall/WeiPHP/index.php
INFO: [ app_init ] --START--
INFO: Run Behavior\BuildLiteBehavior [ RunTime:0.000000s ]
INFO: [ app_init ] --END-- [ RunTime:0.001000s ]
INFO: [ app_begin ] --START--
INFO: Run Behavior\ReadHtmlCacheBehavior [ RunTime:0.001000s ]
INFO: [ app_begin ] --END-- [ RunTime:0.002000s ]
NOTIC: [2] Invalid argument supplied for foreach() D:\xampp\htdocs\wemall\ThinkPHP\Application\Common\Common\function.php 第 120 行.
NOTIC: [2] Invalid argument supplied for foreach() D:\xampp\htdocs\wemall\ThinkPHP\Application\Common\Common\function.php 第 120 行.
INFO: [ view_parse ] --START--
INFO: [ template_filter ] --START--
INFO: Run Behavior\ContentReplaceBehavior [ RunTime:0.000000s ]
INFO: [ template_filter ] --END-- [ RunTime:0.001000s ]
NOTIC: [8] Undefined variable: YZHead D:\xampp\htdocs\wemall\ThinkPHP\Application\Runtime\Cache\Home\233fbf9168edde0a88a274a719127571.php 第 13 行.
INFO: Run Behavior\ParseTemplateBehavior [ RunTime:0.018001s ]
INFO: [ view_parse ] --END-- [ RunTime:0.018001s ]
INFO: [ view_filter ] --START--
INFO: Run Behavior\WriteHtmlCacheBehavior [ RunTime:0.000000s ]
INFO: [ view_filter ] --END-- [ RunTime:0.001000s ]
INFO: [ app_end ] --START--
INFO: Run Behavior\ShowPageTraceBehavior [ RunTime:0.001001s ]
INFO: [ app_end ] --END-- [ RunTime:0.001001s ]

[ 2015-04-14T11:02:06+08:00 ] 127.0.0.1 /wemall/WeiPHP/index.php?XDEBUG_SESSION_START=netbeans-xdebug
INFO: [ app_init ] --START--
INFO: Run Behavior\BuildLiteBehavior [ RunTime:0.000000s ]
INFO: [ app_init ] --END-- [ RunTime:0.000000s ]
INFO: [ app_begin ] --START--
INFO: Run Behavior\ReadHtmlCacheBehavior [ RunTime:0.001000s ]
INFO: [ app_begin ] --END-- [ RunTime:0.001000s ]
NOTIC: [2] Invalid argument supplied for foreach() D:\xampp\htdocs\wemall\ThinkPHP\Application\Common\Common\function.php 第 120 行.
NOTIC: [2] Invalid argument supplied for foreach() D:\xampp\htdocs\wemall\ThinkPHP\Application\Common\Common\function.php 第 120 行.
INFO: [ view_parse ] --START--
INFO: [ template_filter ] --START--
INFO: Run Behavior\ContentReplaceBehavior [ RunTime:0.000000s ]
INFO: [ template_filter ] --END-- [ RunTime:0.001000s ]
NOTIC: [8] Undefined variable: YZHead D:\xampp\htdocs\wemall\ThinkPHP\Application\Runtime\Cache\Home\233fbf9168edde0a88a274a719127571.php 第 13 行.
INFO: Run Behavior\ParseTemplateBehavior [ RunTime:0.014001s ]
INFO: [ view_parse ] --END-- [ RunTime:0.014001s ]
INFO: [ view_filter ] --START--
INFO: Run Behavior\WriteHtmlCacheBehavior [ RunTime:0.001000s ]
INFO: [ view_filter ] --END-- [ RunTime:0.001000s ]
INFO: [ app_end ] --START--
INFO: Run Behavior\ShowPageTraceBehavior [ RunTime:0.000000s ]
INFO: [ app_end ] --END-- [ RunTime:0.001000s ]

[ 2015-04-14T12:02:43+08:00 ] 127.0.0.1 /wemall/WeiPHP/index.php?XDEBUG_SESSION_START=netbeans-xdebug
INFO: [ app_init ] --START--
INFO: Run Behavior\BuildLiteBehavior [ RunTime:0.000000s ]
INFO: [ app_init ] --END-- [ RunTime:0.001000s ]
INFO: [ app_begin ] --START--
INFO: Run Behavior\ReadHtmlCacheBehavior [ RunTime:0.002000s ]
INFO: [ app_begin ] --END-- [ RunTime:0.002000s ]
NOTIC: [2] Invalid argument supplied for foreach() D:\xampp\htdocs\wemall\ThinkPHP\Application\Common\Common\function.php 第 120 行.
NOTIC: [2] Invalid argument supplied for foreach() D:\xampp\htdocs\wemall\ThinkPHP\Application\Common\Common\function.php 第 120 行.
INFO: [ view_parse ] --START--
INFO: [ template_filter ] --START--
INFO: Run Behavior\ContentReplaceBehavior [ RunTime:0.000000s ]
INFO: [ template_filter ] --END-- [ RunTime:0.000000s ]
NOTIC: [8] Undefined variable: YZHead D:\xampp\htdocs\wemall\ThinkPHP\Application\Runtime\Cache\Home\233fbf9168edde0a88a274a719127571.php 第 13 行.
INFO: Run Behavior\ParseTemplateBehavior [ RunTime:0.015000s ]
INFO: [ view_parse ] --END-- [ RunTime:0.015000s ]
INFO: [ view_filter ] --START--
INFO: Run Behavior\WriteHtmlCacheBehavior [ RunTime:0.000000s ]
INFO: [ view_filter ] --END-- [ RunTime:0.000000s ]
INFO: [ app_end ] --START--
INFO: Run Behavior\ShowPageTraceBehavior [ RunTime:0.000000s ]
INFO: [ app_end ] --END-- [ RunTime:0.000000s ]

[ 2015-04-14T12:05:13+08:00 ] 127.0.0.1 /wemall/WeiPHP/index.php?XDEBUG_SESSION_START=netbeans-xdebug
INFO: [ app_init ] --START--
INFO: Run Behavior\BuildLiteBehavior [ RunTime:0.000000s ]
INFO: [ app_init ] --END-- [ RunTime:0.001000s ]
INFO: [ app_begin ] --START--
INFO: Run Behavior\ReadHtmlCacheBehavior [ RunTime:0.001000s ]
INFO: [ app_begin ] --END-- [ RunTime:0.001000s ]
NOTIC: [2] Invalid argument supplied for foreach() D:\xampp\htdocs\wemall\ThinkPHP\Application\Common\Common\function.php 第 120 行.
NOTIC: [2] Invalid argument supplied for foreach() D:\xampp\htdocs\wemall\ThinkPHP\Application\Common\Common\function.php 第 120 行.
INFO: [ view_parse ] --START--
INFO: [ template_filter ] --START--
INFO: Run Behavior\ContentReplaceBehavior [ RunTime:0.000000s ]
INFO: [ template_filter ] --END-- [ RunTime:0.001000s ]
NOTIC: [8] Undefined variable: YZHead D:\xampp\htdocs\wemall\ThinkPHP\Application\Runtime\Cache\Home\233fbf9168edde0a88a274a719127571.php 第 13 行.
INFO: Run Behavior\ParseTemplateBehavior [ RunTime:0.020001s ]
INFO: [ view_parse ] --END-- [ RunTime:0.020001s ]
INFO: [ view_filter ] --START--
INFO: Run Behavior\WriteHtmlCacheBehavior [ RunTime:0.000000s ]
INFO: [ view_filter ] --END-- [ RunTime:0.001000s ]
INFO: [ app_end ] --START--
INFO: Run Behavior\ShowPageTraceBehavior [ RunTime:0.001000s ]
INFO: [ app_end ] --END-- [ RunTime:0.001000s ]

[ 2015-04-14T12:05:23+08:00 ] 127.0.0.1 /wemall/WeiPHP/index.php?XDEBUG_SESSION_START=netbeans-xdebug
INFO: [ app_init ] --START--
INFO: Run Behavior\BuildLiteBehavior [ RunTime:0.000000s ]
INFO: [ app_init ] --END-- [ RunTime:0.000000s ]
INFO: [ app_begin ] --START--
INFO: Run Behavior\ReadHtmlCacheBehavior [ RunTime:0.001000s ]
INFO: [ app_begin ] --END-- [ RunTime:0.002000s ]
NOTIC: [2] Invalid argument supplied for foreach() D:\xampp\htdocs\wemall\ThinkPHP\Application\Common\Common\function.php 第 120 行.
NOTIC: [2] Invalid argument supplied for foreach() D:\xampp\htdocs\wemall\ThinkPHP\Application\Common\Common\function.php 第 120 行.
INFO: [ view_parse ] --START--
INFO: [ template_filter ] --START--
INFO: Run Behavior\ContentReplaceBehavior [ RunTime:0.000000s ]
INFO: [ template_filter ] --END-- [ RunTime:0.001000s ]
NOTIC: [8] Undefined variable: YZHead D:\xampp\htdocs\wemall\ThinkPHP\Application\Runtime\Cache\Home\233fbf9168edde0a88a274a719127571.php 第 13 行.
INFO: Run Behavior\ParseTemplateBehavior [ RunTime:0.014001s ]
INFO: [ view_parse ] --END-- [ RunTime:0.014001s ]
INFO: [ view_filter ] --START--
INFO: Run Behavior\WriteHtmlCacheBehavior [ RunTime:0.000000s ]
INFO: [ view_filter ] --END-- [ RunTime:0.001000s ]
INFO: [ app_end ] --START--
INFO: Run Behavior\ShowPageTraceBehavior [ RunTime:0.001000s ]
INFO: [ app_end ] --END-- [ RunTime:0.001000s ]

[ 2015-04-14T15:37:41+08:00 ] 127.0.0.1 /wemall/WeiPHP/index.php?XDEBUG_SESSION_START=netbeans-xdebug
INFO: [ app_init ] --START--
INFO: Run Behavior\BuildLiteBehavior [ RunTime:0.000000s ]
INFO: [ app_init ] --END-- [ RunTime:0.002001s ]
INFO: [ app_begin ] --START--
INFO: Run Behavior\ReadHtmlCacheBehavior [ RunTime:0.002000s ]
INFO: [ app_begin ] --END-- [ RunTime:0.002000s ]
NOTIC: [2] Invalid argument supplied for foreach() D:\xampp\htdocs\wemall\ThinkPHP\Application\Common\Common\function.php 第 120 行.
NOTIC: [2] Invalid argument supplied for foreach() D:\xampp\htdocs\wemall\ThinkPHP\Application\Common\Common\function.php 第 120 行.
INFO: [ view_parse ] --START--
INFO: [ template_filter ] --START--
INFO: Run Behavior\ContentReplaceBehavior [ RunTime:0.000000s ]
INFO: [ template_filter ] --END-- [ RunTime:0.001000s ]
NOTIC: [8] Undefined variable: YZHead D:\xampp\htdocs\wemall\ThinkPHP\Application\Runtime\Cache\Home\233fbf9168edde0a88a274a719127571.php 第 13 行.
INFO: Run Behavior\ParseTemplateBehavior [ RunTime:0.025002s ]
INFO: [ view_parse ] --END-- [ RunTime:0.026002s ]
INFO: [ view_filter ] --START--
INFO: Run Behavior\WriteHtmlCacheBehavior [ RunTime:0.001000s ]
INFO: [ view_filter ] --END-- [ RunTime:0.002000s ]
INFO: [ app_end ] --START--
INFO: Run Behavior\ShowPageTraceBehavior [ RunTime:0.001000s ]
INFO: [ app_end ] --END-- [ RunTime:0.001000s ]

[ 2015-04-14T15:53:17+08:00 ] 127.0.0.1 /wemall/WeiPHP/index.php?XDEBUG_SESSION_START=netbeans-xdebug
INFO: [ app_init ] --START--
INFO: Run Behavior\BuildLiteBehavior [ RunTime:0.001000s ]
INFO: [ app_init ] --END-- [ RunTime:0.001000s ]
INFO: [ app_begin ] --START--
INFO: Run Behavior\ReadHtmlCacheBehavior [ RunTime:0.001000s ]
INFO: [ app_begin ] --END-- [ RunTime:0.002000s ]
NOTIC: [2] Invalid argument supplied for foreach() D:\xampp\htdocs\wemall\ThinkPHP\Application\Common\Common\function.php 第 120 行.
NOTIC: [2] Invalid argument supplied for foreach() D:\xampp\htdocs\wemall\ThinkPHP\Application\Common\Common\function.php 第 120 行.
INFO: [ view_parse ] --START--
INFO: [ template_filter ] --START--
INFO: Run Behavior\ContentReplaceBehavior [ RunTime:0.000000s ]
INFO: [ template_filter ] --END-- [ RunTime:0.001000s ]
NOTIC: [8] Undefined variable: YZHead D:\xampp\htdocs\wemall\ThinkPHP\Application\Runtime\Cache\Home\233fbf9168edde0a88a274a719127571.php 第 13 行.
INFO: Run Behavior\ParseTemplateBehavior [ RunTime:0.022001s ]
INFO: [ view_parse ] --END-- [ RunTime:0.022001s ]
INFO: [ view_filter ] --START--
INFO: Run Behavior\WriteHtmlCacheBehavior [ RunTime:0.002000s ]
INFO: [ view_filter ] --END-- [ RunTime:0.002000s ]
INFO: [ app_end ] --START--
INFO: Run Behavior\ShowPageTraceBehavior [ RunTime:0.003000s ]
INFO: [ app_end ] --END-- [ RunTime:0.003000s ]

[ 2015-04-14T15:54:22+08:00 ] 127.0.0.1 /wemall/WeiPHP/index.php?XDEBUG_SESSION_START=netbeans-xdebug
INFO: [ app_init ] --START--
INFO: Run Behavior\BuildLiteBehavior [ RunTime:0.000000s ]
INFO: [ app_init ] --END-- [ RunTime:0.001000s ]
INFO: [ app_begin ] --START--
INFO: Run Behavior\ReadHtmlCacheBehavior [ RunTime:0.001000s ]
INFO: [ app_begin ] --END-- [ RunTime:0.001000s ]
NOTIC: [2] Invalid argument supplied for foreach() D:\xampp\htdocs\wemall\ThinkPHP\Application\Common\Common\function.php 第 120 行.
NOTIC: [2] Invalid argument supplied for foreach() D:\xampp\htdocs\wemall\ThinkPHP\Application\Common\Common\function.php 第 120 行.
INFO: [ view_parse ] --START--
INFO: [ template_filter ] --START--
INFO: Run Behavior\ContentReplaceBehavior [ RunTime:0.000000s ]
INFO: [ template_filter ] --END-- [ RunTime:0.000000s ]
NOTIC: [8] Undefined variable: YZHead D:\xampp\htdocs\wemall\ThinkPHP\Application\Runtime\Cache\Home\233fbf9168edde0a88a274a719127571.php 第 13 行.
INFO: Run Behavior\ParseTemplateBehavior [ RunTime:0.020001s ]
INFO: [ view_parse ] --END-- [ RunTime:0.022001s ]
INFO: [ view_filter ] --START--
INFO: Run Behavior\WriteHtmlCacheBehavior [ RunTime:0.000000s ]
INFO: [ view_filter ] --END-- [ RunTime:0.001000s ]
INFO: [ app_end ] --START--
INFO: Run Behavior\ShowPageTraceBehavior [ RunTime:0.001000s ]
INFO: [ app_end ] --END-- [ RunTime:0.001000s ]

[ 2015-04-14T16:18:33+08:00 ] 127.0.0.1 /wemall/WeiPHP/index.php
INFO: [ app_init ] --START--
INFO: Run Behavior\BuildLiteBehavior [ RunTime:0.000000s ]
INFO: [ app_init ] --END-- [ RunTime:0.000000s ]
INFO: [ app_begin ] --START--
INFO: Run Behavior\ReadHtmlCacheBehavior [ RunTime:0.000000s ]
INFO: [ app_begin ] --END-- [ RunTime:0.000000s ]
NOTIC: [2] Invalid argument supplied for foreach() D:\xampp\htdocs\wemall\ThinkPHP\Application\Common\Common\function.php 第 120 行.
NOTIC: [2] Invalid argument supplied for foreach() D:\xampp\htdocs\wemall\ThinkPHP\Application\Common\Common\function.php 第 120 行.
INFO: [ view_parse ] --START--
INFO: [ template_filter ] --START--
INFO: Run Behavior\ContentReplaceBehavior [ RunTime:0.000000s ]
INFO: [ template_filter ] --END-- [ RunTime:0.000000s ]
NOTIC: [8] Undefined variable: YZHead D:\xampp\htdocs\wemall\ThinkPHP\Application\Runtime\Cache\Home\233fbf9168edde0a88a274a719127571.php 第 13 行.
INFO: Run Behavior\ParseTemplateBehavior [ RunTime:0.031200s ]
INFO: [ view_parse ] --END-- [ RunTime:0.031200s ]
INFO: [ view_filter ] --START--
INFO: Run Behavior\WriteHtmlCacheBehavior [ RunTime:0.000000s ]
INFO: [ view_filter ] --END-- [ RunTime:0.000000s ]
INFO: [ app_end ] --START--
INFO: Run Behavior\ShowPageTraceBehavior [ RunTime:0.000000s ]
INFO: [ app_end ] --END-- [ RunTime:0.000000s ]

[ 2015-04-14T16:39:14+08:00 ] 127.0.0.1 /wemall/WeiPHP/index.php
INFO: [ app_init ] --START--
INFO: Run Behavior\BuildLiteBehavior [ RunTime:0.000000s ]
INFO: [ app_init ] --END-- [ RunTime:0.000000s ]
INFO: [ app_begin ] --START--
INFO: Run Behavior\ReadHtmlCacheBehavior [ RunTime:0.000000s ]
INFO: [ app_begin ] --END-- [ RunTime:0.000000s ]
NOTIC: [2] Invalid argument supplied for foreach() D:\xampp\htdocs\wemall\ThinkPHP\Application\Common\Common\function.php 第 120 行.
NOTIC: [2] Invalid argument supplied for foreach() D:\xampp\htdocs\wemall\ThinkPHP\Application\Common\Common\function.php 第 120 行.
INFO: [ view_parse ] --START--
INFO: [ template_filter ] --START--
INFO: Run Behavior\ContentReplaceBehavior [ RunTime:0.000000s ]
INFO: [ template_filter ] --END-- [ RunTime:0.000000s ]
NOTIC: [8] Undefined variable: YZHead D:\xampp\htdocs\wemall\ThinkPHP\Application\Runtime\Cache\Home\233fbf9168edde0a88a274a719127571.php 第 13 行.
INFO: Run Behavior\ParseTemplateBehavior [ RunTime:0.015600s ]
INFO: [ view_parse ] --END-- [ RunTime:0.015600s ]
INFO: [ view_filter ] --START--
INFO: Run Behavior\WriteHtmlCacheBehavior [ RunTime:0.000000s ]
INFO: [ view_filter ] --END-- [ RunTime:0.000000s ]
INFO: [ app_end ] --START--
INFO: Run Behavior\ShowPageTraceBehavior [ RunTime:0.000000s ]
INFO: [ app_end ] --END-- [ RunTime:0.000000s ]

[ 2015-04-14T20:33:32+08:00 ] 127.0.0.1 /wemall/WeiPHP/index.php
INFO: [ app_init ] --START--
INFO: Run Behavior\BuildLiteBehavior [ RunTime:0.000000s ]
INFO: [ app_init ] --END-- [ RunTime:0.024001s ]
INFO: [ app_begin ] --START--
INFO: Run Behavior\ReadHtmlCacheBehavior [ RunTime:0.001000s ]
INFO: [ app_begin ] --END-- [ RunTime:0.002001s ]
NOTIC: [2] Invalid argument supplied for foreach() D:\xampp\htdocs\wemall\ThinkPHP\Application\Common\Common\function.php 第 120 行.
NOTIC: [2] Invalid argument supplied for foreach() D:\xampp\htdocs\wemall\ThinkPHP\Application\Common\Common\function.php 第 120 行.
INFO: [ view_parse ] --START--
INFO: [ template_filter ] --START--
INFO: Run Behavior\ContentReplaceBehavior [ RunTime:0.000000s ]
INFO: [ template_filter ] --END-- [ RunTime:0.000000s ]
NOTIC: [8] Undefined variable: YZHead D:\xampp\htdocs\wemall\ThinkPHP\Application\Runtime\Cache\Home\233fbf9168edde0a88a274a719127571.php 第 13 行.
INFO: Run Behavior\ParseTemplateBehavior [ RunTime:0.043003s ]
INFO: [ view_parse ] --END-- [ RunTime:0.043003s ]
INFO: [ view_filter ] --START--
INFO: Run Behavior\WriteHtmlCacheBehavior [ RunTime:0.001000s ]
INFO: [ view_filter ] --END-- [ RunTime:0.001000s ]
INFO: [ app_end ] --START--
INFO: Run Behavior\ShowPageTraceBehavior [ RunTime:0.001000s ]
INFO: [ app_end ] --END-- [ RunTime:0.001000s ]

[ 2015-04-14T20:38:09+08:00 ] 127.0.0.1 /wemall/WeiPHP/admin.php/home/Index/index.html
INFO: [ app_init ] --START--
INFO: Run Behavior\BuildLiteBehavior [ RunTime:0.000000s ]
INFO: [ app_init ] --END-- [ RunTime:0.000000s ]
INFO: [ app_begin ] --START--
INFO: Run Behavior\ReadHtmlCacheBehavior [ RunTime:0.000000s ]
INFO: [ app_begin ] --END-- [ RunTime:0.000000s ]
NOTIC: [2] Invalid argument supplied for foreach() D:\xampp\htdocs\wemall\ThinkPHP\Application\Common\Common\function.php 第 120 行.
NOTIC: [2] Invalid argument supplied for foreach() D:\xampp\htdocs\wemall\ThinkPHP\Application\Common\Common\function.php 第 120 行.
INFO: [ view_parse ] --START--
INFO: [ template_filter ] --START--
INFO: Run Behavior\ContentReplaceBehavior [ RunTime:0.000000s ]
INFO: [ template_filter ] --END-- [ RunTime:0.000000s ]
NOTIC: [8] Undefined variable: YZHead D:\xampp\htdocs\wemall\ThinkPHP\Application\Runtime\Cache\Home\233fbf9168edde0a88a274a719127571.php 第 13 行.
INFO: Run Behavior\ParseTemplateBehavior [ RunTime:0.015600s ]
INFO: [ view_parse ] --END-- [ RunTime:0.015600s ]
INFO: [ view_filter ] --START--
INFO: Run Behavior\WriteHtmlCacheBehavior [ RunTime:0.000000s ]
INFO: [ view_filter ] --END-- [ RunTime:0.000000s ]
INFO: [ app_end ] --START--
INFO: Run Behavior\ShowPageTraceBehavior [ RunTime:0.000000s ]
INFO: [ app_end ] --END-- [ RunTime:0.000000s ]

[ 2015-04-14T20:38:21+08:00 ] 127.0.0.1 /wemall/WeiPHP/admin.php/Home/Index/index.html
INFO: [ app_init ] --START--
INFO: Run Behavior\BuildLiteBehavior [ RunTime:0.000000s ]
INFO: [ app_init ] --END-- [ RunTime:0.000000s ]
INFO: [ app_begin ] --START--
INFO: Run Behavior\ReadHtmlCacheBehavior [ RunTime:0.000000s ]
INFO: [ app_begin ] --END-- [ RunTime:0.000000s ]
NOTIC: [2] Invalid argument supplied for foreach() D:\xampp\htdocs\wemall\ThinkPHP\Application\Common\Common\function.php 第 120 行.
NOTIC: [2] Invalid argument supplied for foreach() D:\xampp\htdocs\wemall\ThinkPHP\Application\Common\Common\function.php 第 120 行.
INFO: [ view_parse ] --START--
INFO: [ template_filter ] --START--
INFO: Run Behavior\ContentReplaceBehavior [ RunTime:0.000000s ]
INFO: [ template_filter ] --END-- [ RunTime:0.000000s ]
NOTIC: [8] Undefined variable: YZHead D:\xampp\htdocs\wemall\ThinkPHP\Application\Runtime\Cache\Home\233fbf9168edde0a88a274a719127571.php 第 13 行.
INFO: Run Behavior\ParseTemplateBehavior [ RunTime:0.015600s ]
INFO: [ view_parse ] --END-- [ RunTime:0.015600s ]
INFO: [ view_filter ] --START--
INFO: Run Behavior\WriteHtmlCacheBehavior [ RunTime:0.000000s ]
INFO: [ view_filter ] --END-- [ RunTime:0.000000s ]
INFO: [ app_end ] --START--
INFO: Run Behavior\ShowPageTraceBehavior [ RunTime:0.000000s ]
INFO: [ app_end ] --END-- [ RunTime:0.000000s ]

[ 2015-04-14T20:40:09+08:00 ] 127.0.0.1 /wemall/WeiPHP/index.php?XDEBUG_SESSION_START=netbeans-xdebug
INFO: [ app_init ] --START--
INFO: Run Behavior\BuildLiteBehavior [ RunTime:0.000000s ]
INFO: [ app_init ] --END-- [ RunTime:0.001000s ]
INFO: [ app_begin ] --START--
INFO: Run Behavior\ReadHtmlCacheBehavior [ RunTime:0.001000s ]
INFO: [ app_begin ] --END-- [ RunTime:0.002000s ]
NOTIC: [2] Invalid argument supplied for foreach() D:\xampp\htdocs\wemall\ThinkPHP\Application\Common\Common\function.php 第 120 行.
NOTIC: [2] Invalid argument supplied for foreach() D:\xampp\htdocs\wemall\ThinkPHP\Application\Common\Common\function.php 第 120 行.
INFO: [ view_parse ] --START--
INFO: [ template_filter ] --START--
INFO: Run Behavior\ContentReplaceBehavior [ RunTime:0.000000s ]
INFO: [ template_filter ] --END-- [ RunTime:0.000000s ]
NOTIC: [8] Undefined variable: YZHead D:\xampp\htdocs\wemall\ThinkPHP\Application\Runtime\Cache\Home\233fbf9168edde0a88a274a719127571.php 第 13 行.
INFO: Run Behavior\ParseTemplateBehavior [ RunTime:0.022001s ]
INFO: [ view_parse ] --END-- [ RunTime:0.023001s ]
INFO: [ view_filter ] --START--
INFO: Run Behavior\WriteHtmlCacheBehavior [ RunTime:0.001000s ]
INFO: [ view_filter ] --END-- [ RunTime:0.002000s ]
INFO: [ app_end ] --START--
INFO: Run Behavior\ShowPageTraceBehavior [ RunTime:0.001000s ]
INFO: [ app_end ] --END-- [ RunTime:0.001000s ]

[ 2015-04-14T21:11:00+08:00 ] 127.0.0.1 /wemall/WeiPHP/index.php?XDEBUG_SESSION_START=netbeans-xdebug
INFO: [ app_init ] --START--
INFO: Run Behavior\BuildLiteBehavior [ RunTime:0.000000s ]
INFO: [ app_init ] --END-- [ RunTime:0.001000s ]
INFO: [ app_begin ] --START--
INFO: Run Behavior\ReadHtmlCacheBehavior [ RunTime:0.001000s ]
INFO: [ app_begin ] --END-- [ RunTime:0.001000s ]
NOTIC: [2] Invalid argument supplied for foreach() D:\xampp\htdocs\wemall\ThinkPHP\Application\Common\Common\function.php 第 120 行.
NOTIC: [2] Invalid argument supplied for foreach() D:\xampp\htdocs\wemall\ThinkPHP\Application\Common\Common\function.php 第 120 行.
INFO: [ view_parse ] --START--
INFO: [ template_filter ] --START--
INFO: Run Behavior\ContentReplaceBehavior [ RunTime:0.000000s ]
INFO: [ template_filter ] --END-- [ RunTime:0.001000s ]
NOTIC: [8] Undefined variable: YZHead D:\xampp\htdocs\wemall\ThinkPHP\Application\Runtime\Cache\Home\233fbf9168edde0a88a274a719127571.php 第 13 行.
INFO: Run Behavior\ParseTemplateBehavior [ RunTime:0.017001s ]
INFO: [ view_parse ] --END-- [ RunTime:0.017001s ]
INFO: [ view_filter ] --START--
INFO: Run Behavior\WriteHtmlCacheBehavior [ RunTime:0.000000s ]
INFO: [ view_filter ] --END-- [ RunTime:0.001000s ]
INFO: [ app_end ] --START--
INFO: Run Behavior\ShowPageTraceBehavior [ RunTime:0.001000s ]
INFO: [ app_end ] --END-- [ RunTime:0.001000s ]

[ 2015-04-14T21:33:45+08:00 ] 127.0.0.1 /wemall/WeiPHP/admin.php/home/Index/index.html
INFO: [ app_init ] --START--
INFO: Run Behavior\BuildLiteBehavior [ RunTime:0.000000s ]
INFO: [ app_init ] --END-- [ RunTime:0.000000s ]
INFO: [ app_begin ] --START--
INFO: Run Behavior\ReadHtmlCacheBehavior [ RunTime:0.010000s ]
INFO: [ app_begin ] --END-- [ RunTime:0.010000s ]
NOTIC: [2] Invalid argument supplied for foreach() D:\xampp\htdocs\wemall\ThinkPHP\Application\Common\Common\function.php 第 120 行.
NOTIC: [2] Invalid argument supplied for foreach() D:\xampp\htdocs\wemall\ThinkPHP\Application\Common\Common\function.php 第 120 行.
INFO: [ view_parse ] --START--
INFO: [ template_filter ] --START--
INFO: Run Behavior\ContentReplaceBehavior [ RunTime:0.000000s ]
INFO: [ template_filter ] --END-- [ RunTime:0.000000s ]
NOTIC: [8] Undefined variable: YZHead D:\xampp\htdocs\wemall\ThinkPHP\Application\Runtime\Cache\Home\233fbf9168edde0a88a274a719127571.php 第 13 行.
INFO: Run Behavior\ParseTemplateBehavior [ RunTime:0.015001s ]
INFO: [ view_parse ] --END-- [ RunTime:0.016001s ]
INFO: [ view_filter ] --START--
INFO: Run Behavior\WriteHtmlCacheBehavior [ RunTime:0.000000s ]
INFO: [ view_filter ] --END-- [ RunTime:0.000000s ]
INFO: [ app_end ] --START--
INFO: Run Behavior\ShowPageTraceBehavior [ RunTime:0.001000s ]
INFO: [ app_end ] --END-- [ RunTime:0.001000s ]

[ 2015-04-14T21:33:49+08:00 ] 127.0.0.1 /wemall/WeiPHP/admin.php/home/Index/index.html
INFO: [ app_init ] --START--
INFO: Run Behavior\BuildLiteBehavior [ RunTime:0.000000s ]
INFO: [ app_init ] --END-- [ RunTime:0.000000s ]
INFO: [ app_begin ] --START--
INFO: Run Behavior\ReadHtmlCacheBehavior [ RunTime:0.001000s ]
INFO: [ app_begin ] --END-- [ RunTime:0.001000s ]
NOTIC: [2] Invalid argument supplied for foreach() D:\xampp\htdocs\wemall\ThinkPHP\Application\Common\Common\function.php 第 120 行.
NOTIC: [2] Invalid argument supplied for foreach() D:\xampp\htdocs\wemall\ThinkPHP\Application\Common\Common\function.php 第 120 行.
INFO: [ view_parse ] --START--
INFO: [ template_filter ] --START--
INFO: Run Behavior\ContentReplaceBehavior [ RunTime:0.000000s ]
INFO: [ template_filter ] --END-- [ RunTime:0.000000s ]
NOTIC: [8] Undefined variable: YZHead D:\xampp\htdocs\wemall\ThinkPHP\Application\Runtime\Cache\Home\233fbf9168edde0a88a274a719127571.php 第 13 行.
INFO: Run Behavior\ParseTemplateBehavior [ RunTime:0.016001s ]
INFO: [ view_parse ] --END-- [ RunTime:0.017001s ]
INFO: [ view_filter ] --START--
INFO: Run Behavior\WriteHtmlCacheBehavior [ RunTime:0.000000s ]
INFO: [ view_filter ] --END-- [ RunTime:0.000000s ]
INFO: [ app_end ] --START--
INFO: Run Behavior\ShowPageTraceBehavior [ RunTime:0.000000s ]
INFO: [ app_end ] --END-- [ RunTime:0.001000s ]

[ 2015-04-14T21:23:13+08:00 ] ::1 /wemall/WeiPHP/index.php
INFO: [ app_init ] --START--
INFO: Run Behavior\BuildLiteBehavior [ RunTime:0.000915s ]
INFO: [ app_init ] --END-- [ RunTime:0.045633s ]
INFO: [ app_begin ] --START--
INFO: Run Behavior\ReadHtmlCacheBehavior [ RunTime:0.015257s ]
INFO: [ app_begin ] --END-- [ RunTime:0.020765s ]
NOTIC: [2] Invalid argument supplied for foreach() C:\xampp\htdocs\wemall\ThinkPHP\Application\Common\Common\function.php 第 120 行.
NOTIC: [2] Invalid argument supplied for foreach() C:\xampp\htdocs\wemall\ThinkPHP\Application\Common\Common\function.php 第 120 行.
INFO: [ view_parse ] --START--
INFO: [ template_filter ] --START--
INFO: Run Behavior\ContentReplaceBehavior [ RunTime:0.001742s ]
INFO: [ template_filter ] --END-- [ RunTime:0.006326s ]
NOTIC: [8] Undefined variable: YZHead C:\xampp\htdocs\wemall\ThinkPHP\Application\Runtime\Cache\Home\233fbf9168edde0a88a274a719127571.php 第 13 行.
INFO: Run Behavior\ParseTemplateBehavior [ RunTime:0.225672s ]
INFO: [ view_parse ] --END-- [ RunTime:0.231463s ]
INFO: [ view_filter ] --START--
INFO: Run Behavior\WriteHtmlCacheBehavior [ RunTime:0.040343s ]
INFO: [ view_filter ] --END-- [ RunTime:0.046683s ]
NOTIC: [2] Cannot modify header information - headers already sent by (output started at C:\xampp\htdocs\wemall\ThinkPHP\Application\User\Controller\UserController.class.php:35) C:\xampp\htdocs\wemall\ThinkPHP\ThinkPHP\Library\Think\View.class.php 第 91 行.
NOTIC: [2] Cannot modify header information - headers already sent by (output started at C:\xampp\htdocs\wemall\ThinkPHP\Application\User\Controller\UserController.class.php:35) C:\xampp\htdocs\wemall\ThinkPHP\ThinkPHP\Library\Think\View.class.php 第 92 行.
NOTIC: [2] Cannot modify header information - headers already sent by (output started at C:\xampp\htdocs\wemall\ThinkPHP\Application\User\Controller\UserController.class.php:35) C:\xampp\htdocs\wemall\ThinkPHP\ThinkPHP\Library\Think\View.class.php 第 93 行.
INFO: [ app_end ] --START--
INFO: Run Behavior\ShowPageTraceBehavior [ RunTime:0.017707s ]
INFO: [ app_end ] --END-- [ RunTime:0.023971s ]

[ 2015-04-14T21:25:59+08:00 ] ::1 /wemall/WeiPHP/admin.php/home/Index/index.html
INFO: [ app_init ] --START--
INFO: Run Behavior\BuildLiteBehavior [ RunTime:0.000897s ]
INFO: [ app_init ] --END-- [ RunTime:0.007674s ]
INFO: [ app_begin ] --START--
INFO: Run Behavior\ReadHtmlCacheBehavior [ RunTime:0.004378s ]
INFO: [ app_begin ] --END-- [ RunTime:0.010946s ]
NOTIC: [2] Invalid argument supplied for foreach() C:\xampp\htdocs\wemall\ThinkPHP\Application\Common\Common\function.php 第 120 行.
NOTIC: [2] Invalid argument supplied for foreach() C:\xampp\htdocs\wemall\ThinkPHP\Application\Common\Common\function.php 第 120 行.
INFO: [ view_parse ] --START--
INFO: [ template_filter ] --START--
INFO: Run Behavior\ContentReplaceBehavior [ RunTime:0.002116s ]
INFO: [ template_filter ] --END-- [ RunTime:0.008062s ]
NOTIC: [8] Undefined variable: YZHead C:\xampp\htdocs\wemall\ThinkPHP\Application\Runtime\Cache\Home\233fbf9168edde0a88a274a719127571.php 第 13 行.
INFO: Run Behavior\ParseTemplateBehavior [ RunTime:0.200258s ]
INFO: [ view_parse ] --END-- [ RunTime:0.206340s ]
INFO: [ view_filter ] --START--
INFO: Run Behavior\WriteHtmlCacheBehavior [ RunTime:0.005228s ]
INFO: [ view_filter ] --END-- [ RunTime:0.010898s ]
NOTIC: [2] Cannot modify header information - headers already sent by (output started at C:\xampp\htdocs\wemall\ThinkPHP\Application\User\Controller\UserController.class.php:35) C:\xampp\htdocs\wemall\ThinkPHP\ThinkPHP\Library\Think\View.class.php 第 91 行.
NOTIC: [2] Cannot modify header information - headers already sent by (output started at C:\xampp\htdocs\wemall\ThinkPHP\Application\User\Controller\UserController.class.php:35) C:\xampp\htdocs\wemall\ThinkPHP\ThinkPHP\Library\Think\View.class.php 第 92 行.
NOTIC: [2] Cannot modify header information - headers already sent by (output started at C:\xampp\htdocs\wemall\ThinkPHP\Application\User\Controller\UserController.class.php:35) C:\xampp\htdocs\wemall\ThinkPHP\ThinkPHP\Library\Think\View.class.php 第 93 行.
INFO: [ app_end ] --START--
INFO: Run Behavior\ShowPageTraceBehavior [ RunTime:0.005654s ]
INFO: [ app_end ] --END-- [ RunTime:0.012363s ]

[ 2015-04-14T21:40:32+08:00 ] ::1 /wemall/WeiPHP/index.php/
INFO: [ app_init ] --START--
INFO: Run Behavior\BuildLiteBehavior [ RunTime:0.000871s ]
INFO: [ app_init ] --END-- [ RunTime:0.006700s ]
INFO: [ app_begin ] --START--
INFO: Run Behavior\ReadHtmlCacheBehavior [ RunTime:0.003985s ]
INFO: [ app_begin ] --END-- [ RunTime:0.008753s ]
INFO: [ view_parse ] --START--
INFO: [ template_filter ] --START--
INFO: Run Behavior\ContentReplaceBehavior [ RunTime:0.001821s ]
INFO: [ template_filter ] --END-- [ RunTime:0.006659s ]
NOTIC: [8] Undefined variable: YZHead C:\xampp\htdocs\wemall\ThinkPHP\Application\Runtime\Cache\Home\233fbf9168edde0a88a274a719127571.php 第 13 行.
INFO: Run Behavior\ParseTemplateBehavior [ RunTime:0.165537s ]
INFO: [ view_parse ] --END-- [ RunTime:0.170241s ]
INFO: [ view_filter ] --START--
INFO: Run Behavior\WriteHtmlCacheBehavior [ RunTime:0.003639s ]
INFO: [ view_filter ] --END-- [ RunTime:0.008516s ]
NOTIC: [2] Cannot modify header information - headers already sent by (output started at C:\xampp\htdocs\wemall\ThinkPHP\Application\User\Controller\UserController.class.php:37) C:\xampp\htdocs\wemall\ThinkPHP\ThinkPHP\Library\Think\View.class.php 第 91 行.
NOTIC: [2] Cannot modify header information - headers already sent by (output started at C:\xampp\htdocs\wemall\ThinkPHP\Application\User\Controller\UserController.class.php:37) C:\xampp\htdocs\wemall\ThinkPHP\ThinkPHP\Library\Think\View.class.php 第 92 行.
NOTIC: [2] Cannot modify header information - headers already sent by (output started at C:\xampp\htdocs\wemall\ThinkPHP\Application\User\Controller\UserController.class.php:37) C:\xampp\htdocs\wemall\ThinkPHP\ThinkPHP\Library\Think\View.class.php 第 93 行.
INFO: [ app_end ] --START--
INFO: Run Behavior\ShowPageTraceBehavior [ RunTime:0.004042s ]
INFO: [ app_end ] --END-- [ RunTime:0.008818s ]

[ 2015-04-14T21:41:25+08:00 ] ::1 /wemall/WeiPHP/index.php/
INFO: [ app_init ] --START--
INFO: Run Behavior\BuildLiteBehavior [ RunTime:0.000838s ]
INFO: [ app_init ] --END-- [ RunTime:0.006898s ]
INFO: [ app_begin ] --START--
INFO: Run Behavior\ReadHtmlCacheBehavior [ RunTime:0.004333s ]
INFO: [ app_begin ] --END-- [ RunTime:0.008981s ]
INFO: [ view_parse ] --START--
INFO: [ template_filter ] --START--
INFO: Run Behavior\ContentReplaceBehavior [ RunTime:0.001763s ]
INFO: [ template_filter ] --END-- [ RunTime:0.006283s ]
NOTIC: [8] Undefined variable: YZHead C:\xampp\htdocs\wemall\ThinkPHP\Application\Runtime\Cache\Home\233fbf9168edde0a88a274a719127571.php 第 13 行.
INFO: Run Behavior\ParseTemplateBehavior [ RunTime:0.148144s ]
INFO: [ view_parse ] --END-- [ RunTime:0.152709s ]
INFO: [ view_filter ] --START--
INFO: Run Behavior\WriteHtmlCacheBehavior [ RunTime:0.003655s ]
INFO: [ view_filter ] --END-- [ RunTime:0.008462s ]
NOTIC: [2] Cannot modify header information - headers already sent by (output started at C:\xampp\htdocs\wemall\ThinkPHP\Application\User\Controller\UserController.class.php:37) C:\xampp\htdocs\wemall\ThinkPHP\ThinkPHP\Library\Think\View.class.php 第 91 行.
NOTIC: [2] Cannot modify header information - headers already sent by (output started at C:\xampp\htdocs\wemall\ThinkPHP\Application\User\Controller\UserController.class.php:37) C:\xampp\htdocs\wemall\ThinkPHP\ThinkPHP\Library\Think\View.class.php 第 92 行.
NOTIC: [2] Cannot modify header information - headers already sent by (output started at C:\xampp\htdocs\wemall\ThinkPHP\Application\User\Controller\UserController.class.php:37) C:\xampp\htdocs\wemall\ThinkPHP\ThinkPHP\Library\Think\View.class.php 第 93 行.
INFO: [ app_end ] --START--
INFO: Run Behavior\ShowPageTraceBehavior [ RunTime:0.004672s ]
INFO: [ app_end ] --END-- [ RunTime:0.009658s ]

