[ 2015-06-03T08:29:11+08:00 ] 127.0.0.1 /wemall/WeiPHP/index.php
INFO: [ app_init ] --START--
INFO: Run Behavior\BuildLiteBehavior [ RunTime:0.000000s ]
INFO: [ app_init ] --END-- [ RunTime:0.020000s ]
INFO: [ app_begin ] --START--
INFO: Run Behavior\ReadHtmlCacheBehavior [ RunTime:0.000000s ]
INFO: [ app_begin ] --END-- [ RunTime:0.000000s ]
INFO: [ view_parse ] --START--
INFO: [ template_filter ] --START--
INFO: Run Behavior\ContentReplaceBehavior [ RunTime:0.010000s ]
INFO: [ template_filter ] --END-- [ RunTime:0.010000s ]
INFO: Run Behavior\ParseTemplateBehavior [ RunTime:0.010000s ]
INFO: [ view_parse ] --END-- [ RunTime:0.010000s ]
INFO: [ view_filter ] --START--
INFO: Run Behavior\WriteHtmlCacheBehavior [ RunTime:0.000000s ]
INFO: [ view_filter ] --END-- [ RunTime:0.000000s ]
INFO: [ view_parse ] --START--
INFO: [ template_filter ] --START--
INFO: Run Behavior\ContentReplaceBehavior [ RunTime:0.000000s ]
INFO: [ template_filter ] --END-- [ RunTime:-0.020000s ]
INFO: Run Behavior\ParseTemplateBehavior [ RunTime:0.040000s ]
INFO: [ view_parse ] --END-- [ RunTime:0.000000s ]
INFO: [ view_filter ] --START--
INFO: Run Behavior\WriteHtmlCacheBehavior [ RunTime:0.000000s ]
INFO: [ view_filter ] --END-- [ RunTime:-0.040000s ]
SQL: SHOW COLUMNS FROM `wemall_customer` [ RunTime:0.0200s ]
SQL: SELECT * FROM `wemall_customer` WHERE `openid` = 'oZuoxt8tnEUUf6YPBG-mNPYjoKQA' LIMIT 1   [ RunTime:0.0000s ]
SQL: SHOW COLUMNS FROM `wemall_goods` [ RunTime:0.0100s ]
SQL: SELECT * FROM `wemall_goods` WHERE ( state=1 ) ORDER BY reorder desc LIMIT 0,10   [ RunTime:0.0100s ]
SQL: SHOW COLUMNS FROM `wemall_attachment` [ RunTime:0.0100s ]
SQL: SELECT * FROM `wemall_attachment` WHERE `id` = 812  [ RunTime:0.0100s ]
SQL: SELECT * FROM `wemall_attachment` WHERE `id` = 839  [ RunTime:0.0100s ]
SQL: SELECT * FROM `wemall_attachment` WHERE `id` = 833  [ RunTime:0.0000s ]
SQL: SELECT * FROM `wemall_attachment` WHERE `id` = 848  [ RunTime:0.0000s ]
SQL: SELECT * FROM `wemall_attachment` WHERE `id` = 857  [ RunTime:0.0000s ]
SQL: SELECT * FROM `wemall_attachment` WHERE `id` = 872  [ RunTime:0.0000s ]
SQL: SELECT * FROM `wemall_attachment` WHERE `id` = 655  [ RunTime:0.0100s ]
SQL: SELECT * FROM `wemall_attachment` WHERE `id` = 652  [ RunTime:0.0000s ]
SQL: SELECT * FROM `wemall_attachment` WHERE `id` = 649  [ RunTime:0.0100s ]
SQL: SELECT * FROM `wemall_attachment` WHERE `id` = 658  [ RunTime:0.0100s ]
SQL: SHOW COLUMNS FROM `wemall_source` [ RunTime:0.0100s ]
SQL: SELECT * FROM `wemall_source` WHERE `id` = 6 LIMIT 1   [ RunTime:0.0100s ]
SQL: SHOW COLUMNS FROM `wemall_attachment` [ RunTime:0.0100s ]
SQL: SELECT * FROM `wemall_attachment` WHERE `id` = 181 LIMIT 1   [ RunTime:0.0100s ]
SQL: SELECT * FROM `wemall_attachment` WHERE `id` = 181 LIMIT 1   [ RunTime:0.0100s ]
SQL: SELECT * FROM `wemall_source` WHERE `id` = 6 LIMIT 1   [ RunTime:0.0100s ]
SQL: SELECT * FROM `wemall_attachment` WHERE `id` = 181 LIMIT 1   [ RunTime:0.0000s ]
SQL: SELECT * FROM `wemall_attachment` WHERE `id` = 181 LIMIT 1   [ RunTime:0.0000s ]
SQL: SELECT * FROM `wemall_source` WHERE `id` = 6 LIMIT 1   [ RunTime:0.0100s ]
SQL: SELECT * FROM `wemall_attachment` WHERE `id` = 181 LIMIT 1   [ RunTime:0.0100s ]
SQL: SELECT * FROM `wemall_attachment` WHERE `id` = 181 LIMIT 1   [ RunTime:0.0100s ]
SQL: SELECT * FROM `wemall_source` WHERE `id` = 6 LIMIT 1   [ RunTime:0.0000s ]
SQL: SELECT * FROM `wemall_attachment` WHERE `id` = 181 LIMIT 1   [ RunTime:0.0100s ]
SQL: SELECT * FROM `wemall_attachment` WHERE `id` = 181 LIMIT 1   [ RunTime:0.0100s ]
SQL: SELECT * FROM `wemall_source` WHERE `id` = 6 LIMIT 1   [ RunTime:0.0100s ]
SQL: SELECT * FROM `wemall_attachment` WHERE `id` = 181 LIMIT 1   [ RunTime:0.0100s ]
SQL: SELECT * FROM `wemall_attachment` WHERE `id` = 181 LIMIT 1   [ RunTime:0.0100s ]
SQL: SELECT * FROM `wemall_source` WHERE `id` = 6 LIMIT 1   [ RunTime:0.0100s ]
SQL: SELECT * FROM `wemall_attachment` WHERE `id` = 181 LIMIT 1   [ RunTime:0.0000s ]
SQL: SELECT * FROM `wemall_attachment` WHERE `id` = 181 LIMIT 1   [ RunTime:0.0100s ]
SQL: SELECT * FROM `wemall_source` WHERE `id` = 9 LIMIT 1   [ RunTime:0.2200s ]
SQL: SELECT * FROM `wemall_attachment` WHERE `id` = 184 LIMIT 1   [ RunTime:0.0200s ]
SQL: SELECT * FROM `wemall_attachment` WHERE `id` = 184 LIMIT 1   [ RunTime:0.0300s ]
SQL: SELECT * FROM `wemall_source` WHERE `id` = 9 LIMIT 1   [ RunTime:0.0100s ]
SQL: SELECT * FROM `wemall_attachment` WHERE `id` = 184 LIMIT 1   [ RunTime:0.0200s ]
SQL: SELECT * FROM `wemall_attachment` WHERE `id` = 184 LIMIT 1   [ RunTime:0.0100s ]
SQL: SELECT * FROM `wemall_source` WHERE `id` = 9 LIMIT 1   [ RunTime:0.0200s ]
SQL: SELECT * FROM `wemall_attachment` WHERE `id` = 184 LIMIT 1   [ RunTime:0.0100s ]
SQL: SELECT * FROM `wemall_attachment` WHERE `id` = 184 LIMIT 1   [ RunTime:0.0200s ]
SQL: SELECT * FROM `wemall_source` WHERE `id` = 9 LIMIT 1   [ RunTime:0.0200s ]
SQL: SELECT * FROM `wemall_attachment` WHERE `id` = 184 LIMIT 1   [ RunTime:0.0200s ]
SQL: SELECT * FROM `wemall_attachment` WHERE `id` = 184 LIMIT 1   [ RunTime:0.0200s ]
SQL: SHOW COLUMNS FROM `wemall_logistics` [ RunTime:0.0100s ]
SQL: SELECT * FROM `wemall_logistics` WHERE `mode` = 1 LIMIT 1   [ RunTime:0.0100s ]
SQL: SELECT * FROM `wemall_logistics` WHERE `mode` = 1 LIMIT 1   [ RunTime:0.0100s ]
SQL: SELECT * FROM `wemall_logistics` WHERE `mode` = 1 LIMIT 1   [ RunTime:0.0000s ]
SQL: SELECT * FROM `wemall_logistics` WHERE `mode` = 1 LIMIT 1   [ RunTime:0.0100s ]
SQL: SELECT * FROM `wemall_logistics` WHERE `mode` = 1 LIMIT 1   [ RunTime:0.0100s ]
SQL: SELECT * FROM `wemall_logistics` WHERE `mode` = 1 LIMIT 1   [ RunTime:0.0200s ]
SQL: SELECT * FROM `wemall_logistics` WHERE `mode` = 0 LIMIT 1   [ RunTime:0.0100s ]
SQL: SELECT * FROM `wemall_logistics` WHERE `mode` = 0 LIMIT 1   [ RunTime:0.0100s ]
SQL: SELECT * FROM `wemall_logistics` WHERE `mode` = 0 LIMIT 1   [ RunTime:0.0100s ]
SQL: SELECT * FROM `wemall_logistics` WHERE `mode` = 0 LIMIT 1   [ RunTime:0.0100s ]
INFO: [ view_parse ] --START--
INFO: [ template_filter ] --START--
INFO: Run Behavior\ContentReplaceBehavior [ RunTime:0.000000s ]
INFO: [ template_filter ] --END-- [ RunTime:-1.660002s ]
INFO: Run Behavior\ParseTemplateBehavior [ RunTime:0.000000s ]
INFO: [ view_parse ] --END-- [ RunTime:-1.660002s ]
INFO: [ view_filter ] --START--
INFO: Run Behavior\WriteHtmlCacheBehavior [ RunTime:0.000000s ]
INFO: [ view_filter ] --END-- [ RunTime:-1.660002s ]
INFO: [ view_parse ] --START--
INFO: [ template_filter ] --START--
INFO: Run Behavior\ContentReplaceBehavior [ RunTime:0.000000s ]
INFO: [ template_filter ] --END-- [ RunTime:-1.670002s ]
INFO: Run Behavior\ParseTemplateBehavior [ RunTime:0.010000s ]
INFO: [ view_parse ] --END-- [ RunTime:-1.660002s ]
INFO: [ view_filter ] --START--
INFO: Run Behavior\WriteHtmlCacheBehavior [ RunTime:0.000000s ]
INFO: [ view_filter ] --END-- [ RunTime:-1.670002s ]
SQL: SHOW COLUMNS FROM `wemall_slide_show` [ RunTime:0.0100s ]
SQL: SELECT * FROM `wemall_slide_show` WHERE `status` = 1 ORDER BY weight desc LIMIT 6   [ RunTime:0.0100s ]
SQL: SHOW COLUMNS FROM `wemall_attachment` [ RunTime:0.0000s ]
SQL: SELECT * FROM `wemall_attachment` WHERE `id` = 864  [ RunTime:0.0000s ]
SQL: SELECT * FROM `wemall_attachment` WHERE `id` = 865  [ RunTime:0.0000s ]
SQL: SELECT * FROM `wemall_attachment` WHERE `id` = 863  [ RunTime:0.0100s ]
INFO: [ view_parse ] --START--
INFO: [ template_filter ] --START--
INFO: Run Behavior\ContentReplaceBehavior [ RunTime:0.000000s ]
INFO: [ template_filter ] --END-- [ RunTime:-1.770002s ]
INFO: Run Behavior\ParseTemplateBehavior [ RunTime:0.040000s ]
INFO: [ view_parse ] --END-- [ RunTime:-1.740002s ]
INFO: [ view_filter ] --START--
INFO: Run Behavior\WriteHtmlCacheBehavior [ RunTime:0.000000s ]
INFO: [ view_filter ] --END-- [ RunTime:-1.780002s ]
INFO: [ view_parse ] --START--
INFO: [ template_filter ] --START--
INFO: Run Behavior\ContentReplaceBehavior [ RunTime:0.000000s ]
INFO: [ template_filter ] --END-- [ RunTime:-1.800002s ]
INFO: Run Behavior\ParseTemplateBehavior [ RunTime:0.020000s ]
INFO: [ view_parse ] --END-- [ RunTime:-1.780002s ]
INFO: [ view_filter ] --START--
INFO: Run Behavior\WriteHtmlCacheBehavior [ RunTime:0.000000s ]
INFO: [ view_filter ] --END-- [ RunTime:-1.800002s ]
INFO: [ view_parse ] --START--
INFO: [ template_filter ] --START--
INFO: Run Behavior\ContentReplaceBehavior [ RunTime:0.000000s ]
INFO: [ template_filter ] --END-- [ RunTime:-1.830002s ]
INFO: Run Behavior\ParseTemplateBehavior [ RunTime:0.030000s ]
INFO: [ view_parse ] --END-- [ RunTime:-1.800002s ]
INFO: [ view_filter ] --START--
INFO: Run Behavior\WriteHtmlCacheBehavior [ RunTime:0.000000s ]
INFO: [ view_filter ] --END-- [ RunTime:-1.830002s ]
INFO: [ view_parse ] --START--
INFO: [ template_filter ] --START--
INFO: Run Behavior\ContentReplaceBehavior [ RunTime:0.000000s ]
INFO: [ template_filter ] --END-- [ RunTime:-1.840002s ]
INFO: Run Behavior\ParseTemplateBehavior [ RunTime:0.010000s ]
INFO: [ view_parse ] --END-- [ RunTime:-1.830002s ]
INFO: [ view_filter ] --START--
INFO: Run Behavior\WriteHtmlCacheBehavior [ RunTime:0.000000s ]
INFO: [ view_filter ] --END-- [ RunTime:-1.840002s ]
INFO: [ view_parse ] --START--
INFO: [ template_filter ] --START--
INFO: Run Behavior\ContentReplaceBehavior [ RunTime:0.000000s ]
INFO: [ template_filter ] --END-- [ RunTime:-1.850003s ]
INFO: Run Behavior\ParseTemplateBehavior [ RunTime:0.010001s ]
INFO: [ view_parse ] --END-- [ RunTime:-1.840002s ]
INFO: [ view_filter ] --START--
INFO: Run Behavior\WriteHtmlCacheBehavior [ RunTime:0.000000s ]
INFO: [ view_filter ] --END-- [ RunTime:-1.850003s ]
INFO: [ view_parse ] --START--
INFO: [ template_filter ] --START--
INFO: Run Behavior\ContentReplaceBehavior [ RunTime:0.000000s ]
INFO: [ template_filter ] --END-- [ RunTime:-1.860003s ]
INFO: Run Behavior\ParseTemplateBehavior [ RunTime:0.000000s ]
INFO: [ view_parse ] --END-- [ RunTime:-1.860003s ]
INFO: [ view_filter ] --START--
INFO: Run Behavior\WriteHtmlCacheBehavior [ RunTime:0.000000s ]
INFO: [ view_filter ] --END-- [ RunTime:-1.860003s ]
INFO: [ view_parse ] --START--
INFO: [ template_filter ] --START--
INFO: Run Behavior\ContentReplaceBehavior [ RunTime:0.000000s ]
INFO: [ template_filter ] --END-- [ RunTime:-1.890003s ]
NOTIC: [8] Undefined variable: YZTitle D:\xampp\htdocs\wemall\ThinkPHP\Application\Runtime\Cache\Home\f64d738dec9062ca568444d9a07e17dd.php 第 7 行.
NOTIC: [8] Undefined variable: header D:\xampp\htdocs\wemall\ThinkPHP\Application\Runtime\Cache\Home\f64d738dec9062ca568444d9a07e17dd.php 第 17 行.
INFO: Run Behavior\ParseTemplateBehavior [ RunTime:0.030000s ]
INFO: [ view_parse ] --END-- [ RunTime:-1.870003s ]
INFO: [ view_filter ] --START--
INFO: Run Behavior\WriteHtmlCacheBehavior [ RunTime:0.000000s ]
INFO: [ view_filter ] --END-- [ RunTime:-1.900003s ]
INFO: [ app_end ] --START--
INFO: Run Behavior\ShowPageTraceBehavior [ RunTime:0.010000s ]
INFO: [ app_end ] --END-- [ RunTime:0.010000s ]

