[ 2015-04-26T09:32:18+08:00 ] 127.0.0.1 /wemall/WeiPHP/index.php?XDEBUG_SESSION_START=netbeans-xdebug
INFO: [ app_init ] --START--
INFO: Run Behavior\BuildLiteBehavior [ RunTime:0.000000s ]
INFO: [ app_init ] --END-- [ RunTime:0.001000s ]
INFO: [ app_begin ] --START--
INFO: Run Behavior\ReadHtmlCacheBehavior [ RunTime:0.001000s ]
INFO: [ app_begin ] --END-- [ RunTime:0.002000s ]
SQL: SHOW COLUMNS FROM `wemall_goods` [ RunTime:0.0310s ]
SQL: SELECT * FROM `wemall_goods` WHERE ( state=1 ) ORDER BY reorder desc LIMIT 0,5   [ RunTime:0.0110s ]
INFO: [ view_parse ] --START--
INFO: [ template_filter ] --START--
INFO: Run Behavior\ContentReplaceBehavior [ RunTime:0.000000s ]
INFO: [ template_filter ] --END-- [ RunTime:0.001000s ]
INFO: Run Behavior\ParseTemplateBehavior [ RunTime:0.011000s ]
INFO: [ view_parse ] --END-- [ RunTime:0.012000s ]
INFO: [ view_filter ] --START--
INFO: Run Behavior\WriteHtmlCacheBehavior [ RunTime:0.001000s ]
INFO: [ view_filter ] --END-- [ RunTime:0.001000s ]
INFO: [ view_parse ] --START--
INFO: [ template_filter ] --START--
INFO: Run Behavior\ContentReplaceBehavior [ RunTime:0.000000s ]
INFO: [ template_filter ] --END-- [ RunTime:-0.007000s ]
INFO: Run Behavior\ParseTemplateBehavior [ RunTime:0.005001s ]
INFO: [ view_parse ] --END-- [ RunTime:-0.002000s ]
INFO: [ view_filter ] --START--
INFO: Run Behavior\WriteHtmlCacheBehavior [ RunTime:0.001000s ]
INFO: [ view_filter ] --END-- [ RunTime:-0.006001s ]
INFO: [ view_parse ] --START--
INFO: [ template_filter ] --START--
INFO: Run Behavior\ContentReplaceBehavior [ RunTime:0.001000s ]
INFO: [ template_filter ] --END-- [ RunTime:-0.021001s ]
INFO: Run Behavior\ParseTemplateBehavior [ RunTime:0.013000s ]
INFO: [ view_parse ] --END-- [ RunTime:-0.009001s ]
INFO: [ view_filter ] --START--
INFO: Run Behavior\WriteHtmlCacheBehavior [ RunTime:0.000000s ]
INFO: [ view_filter ] --END-- [ RunTime:-0.022002s ]
INFO: [ view_parse ] --START--
INFO: [ template_filter ] --START--
INFO: Run Behavior\ContentReplaceBehavior [ RunTime:0.000000s ]
INFO: [ template_filter ] --END-- [ RunTime:-0.030002s ]
INFO: Run Behavior\ParseTemplateBehavior [ RunTime:0.006000s ]
INFO: [ view_parse ] --END-- [ RunTime:-0.024002s ]
INFO: [ view_filter ] --START--
INFO: Run Behavior\WriteHtmlCacheBehavior [ RunTime:0.000000s ]
INFO: [ view_filter ] --END-- [ RunTime:-0.029002s ]
INFO: [ view_parse ] --START--
INFO: [ template_filter ] --START--
INFO: Run Behavior\ContentReplaceBehavior [ RunTime:0.000000s ]
INFO: [ template_filter ] --END-- [ RunTime:-0.039002s ]
INFO: Run Behavior\ParseTemplateBehavior [ RunTime:0.006000s ]
INFO: [ view_parse ] --END-- [ RunTime:-0.032002s ]
INFO: [ view_filter ] --START--
INFO: Run Behavior\WriteHtmlCacheBehavior [ RunTime:0.000000s ]
INFO: [ view_filter ] --END-- [ RunTime:-0.039002s ]
INFO: [ view_parse ] --START--
INFO: [ template_filter ] --START--
INFO: Run Behavior\ContentReplaceBehavior [ RunTime:0.000000s ]
INFO: [ template_filter ] --END-- [ RunTime:-0.053003s ]
NOTIC: [8] Undefined index: policy D:\xampp\htdocs\wemall\ThinkPHP\Application\Runtime\Cache\Home\dc2fd1a790c1b5068eb9330f1fc932c4.php 第 21 行.
NOTIC: [8] Undefined index: direct_ratio D:\xampp\htdocs\wemall\ThinkPHP\Application\Runtime\Cache\Home\dc2fd1a790c1b5068eb9330f1fc932c4.php 第 25 行.
NOTIC: [8] Undefined index: line_ratio D:\xampp\htdocs\wemall\ThinkPHP\Application\Runtime\Cache\Home\dc2fd1a790c1b5068eb9330f1fc932c4.php 第 26 行.
NOTIC: [8] Undefined index: policy D:\xampp\htdocs\wemall\ThinkPHP\Application\Runtime\Cache\Home\dc2fd1a790c1b5068eb9330f1fc932c4.php 第 21 行.
NOTIC: [8] Undefined index: direct_ratio D:\xampp\htdocs\wemall\ThinkPHP\Application\Runtime\Cache\Home\dc2fd1a790c1b5068eb9330f1fc932c4.php 第 25 行.
NOTIC: [8] Undefined index: line_ratio D:\xampp\htdocs\wemall\ThinkPHP\Application\Runtime\Cache\Home\dc2fd1a790c1b5068eb9330f1fc932c4.php 第 26 行.
NOTIC: [8] Undefined index: policy D:\xampp\htdocs\wemall\ThinkPHP\Application\Runtime\Cache\Home\dc2fd1a790c1b5068eb9330f1fc932c4.php 第 21 行.
NOTIC: [8] Undefined index: direct_ratio D:\xampp\htdocs\wemall\ThinkPHP\Application\Runtime\Cache\Home\dc2fd1a790c1b5068eb9330f1fc932c4.php 第 25 行.
NOTIC: [8] Undefined index: line_ratio D:\xampp\htdocs\wemall\ThinkPHP\Application\Runtime\Cache\Home\dc2fd1a790c1b5068eb9330f1fc932c4.php 第 26 行.
NOTIC: [8] Undefined index: policy D:\xampp\htdocs\wemall\ThinkPHP\Application\Runtime\Cache\Home\dc2fd1a790c1b5068eb9330f1fc932c4.php 第 21 行.
NOTIC: [8] Undefined index: direct_ratio D:\xampp\htdocs\wemall\ThinkPHP\Application\Runtime\Cache\Home\dc2fd1a790c1b5068eb9330f1fc932c4.php 第 25 行.
NOTIC: [8] Undefined index: line_ratio D:\xampp\htdocs\wemall\ThinkPHP\Application\Runtime\Cache\Home\dc2fd1a790c1b5068eb9330f1fc932c4.php 第 26 行.
NOTIC: [8] Undefined index: policy D:\xampp\htdocs\wemall\ThinkPHP\Application\Runtime\Cache\Home\dc2fd1a790c1b5068eb9330f1fc932c4.php 第 21 行.
NOTIC: [8] Undefined index: direct_ratio D:\xampp\htdocs\wemall\ThinkPHP\Application\Runtime\Cache\Home\dc2fd1a790c1b5068eb9330f1fc932c4.php 第 25 行.
NOTIC: [8] Undefined index: line_ratio D:\xampp\htdocs\wemall\ThinkPHP\Application\Runtime\Cache\Home\dc2fd1a790c1b5068eb9330f1fc932c4.php 第 26 行.
INFO: Run Behavior\ParseTemplateBehavior [ RunTime:0.018001s ]
INFO: [ view_parse ] --END-- [ RunTime:-0.041003s ]
INFO: [ view_filter ] --START--
INFO: Run Behavior\WriteHtmlCacheBehavior [ RunTime:0.000000s ]
INFO: [ view_filter ] --END-- [ RunTime:-0.059004s ]
INFO: [ view_parse ] --START--
INFO: [ template_filter ] --START--
INFO: Run Behavior\ContentReplaceBehavior [ RunTime:0.000000s ]
INFO: [ template_filter ] --END-- [ RunTime:-0.068004s ]
INFO: Run Behavior\ParseTemplateBehavior [ RunTime:0.008000s ]
INFO: [ view_parse ] --END-- [ RunTime:-0.061004s ]
INFO: [ view_filter ] --START--
INFO: Run Behavior\WriteHtmlCacheBehavior [ RunTime:0.001000s ]
INFO: [ view_filter ] --END-- [ RunTime:-0.068004s ]
INFO: [ view_parse ] --START--
INFO: [ template_filter ] --START--
INFO: Run Behavior\ContentReplaceBehavior [ RunTime:0.000000s ]
INFO: [ template_filter ] --END-- [ RunTime:-0.078005s ]
INFO: Run Behavior\ParseTemplateBehavior [ RunTime:0.009001s ]
INFO: [ view_parse ] --END-- [ RunTime:-0.071004s ]
INFO: [ view_filter ] --START--
INFO: Run Behavior\WriteHtmlCacheBehavior [ RunTime:0.000000s ]
INFO: [ view_filter ] --END-- [ RunTime:-0.080005s ]
INFO: [ view_parse ] --START--
INFO: [ template_filter ] --START--
INFO: Run Behavior\ContentReplaceBehavior [ RunTime:0.001000s ]
INFO: [ template_filter ] --END-- [ RunTime:-0.101006s ]
NOTIC: [8] Undefined variable: YZTitle D:\xampp\htdocs\wemall\ThinkPHP\Application\Runtime\Cache\Home\233fbf9168edde0a88a274a719127571.php 第 10 行.
INFO: Run Behavior\ParseTemplateBehavior [ RunTime:0.020001s ]
INFO: [ view_parse ] --END-- [ RunTime:-0.083005s ]
INFO: [ view_filter ] --START--
INFO: Run Behavior\WriteHtmlCacheBehavior [ RunTime:0.001000s ]
INFO: [ view_filter ] --END-- [ RunTime:-0.102006s ]
INFO: [ app_end ] --START--
INFO: Run Behavior\ShowPageTraceBehavior [ RunTime:0.002000s ]
INFO: [ app_end ] --END-- [ RunTime:0.002000s ]

[ 2015-04-26T09:34:51+08:00 ] 127.0.0.1 /wemall/WeiPHP/index.php?XDEBUG_SESSION_START=netbeans-xdebug
INFO: [ app_init ] --START--
INFO: Run Behavior\BuildLiteBehavior [ RunTime:0.000000s ]
INFO: [ app_init ] --END-- [ RunTime:0.001000s ]
INFO: [ app_begin ] --START--
INFO: Run Behavior\ReadHtmlCacheBehavior [ RunTime:0.000000s ]
INFO: [ app_begin ] --END-- [ RunTime:0.001000s ]
SQL: SHOW COLUMNS FROM `wemall_goods` [ RunTime:0.0300s ]
SQL: SELECT * FROM `wemall_goods` WHERE ( state=1 ) ORDER BY reorder desc LIMIT 0,5   [ RunTime:0.0090s ]
INFO: [ view_parse ] --START--
INFO: [ template_filter ] --START--
INFO: Run Behavior\ContentReplaceBehavior [ RunTime:0.000000s ]
INFO: [ template_filter ] --END-- [ RunTime:0.000000s ]
INFO: Run Behavior\ParseTemplateBehavior [ RunTime:0.008000s ]
INFO: [ view_parse ] --END-- [ RunTime:0.009000s ]
INFO: [ view_filter ] --START--
INFO: Run Behavior\WriteHtmlCacheBehavior [ RunTime:0.000000s ]
INFO: [ view_filter ] --END-- [ RunTime:0.000000s ]
INFO: [ view_parse ] --START--
INFO: [ template_filter ] --START--
INFO: Run Behavior\ContentReplaceBehavior [ RunTime:0.001000s ]
INFO: [ template_filter ] --END-- [ RunTime:-0.005000s ]
INFO: Run Behavior\ParseTemplateBehavior [ RunTime:0.004001s ]
INFO: [ view_parse ] --END-- [ RunTime:-0.001000s ]
INFO: [ view_filter ] --START--
INFO: Run Behavior\WriteHtmlCacheBehavior [ RunTime:0.000000s ]
INFO: [ view_filter ] --END-- [ RunTime:-0.005001s ]
INFO: [ view_parse ] --START--
INFO: [ template_filter ] --START--
INFO: Run Behavior\ContentReplaceBehavior [ RunTime:0.000000s ]
INFO: [ template_filter ] --END-- [ RunTime:-0.011001s ]
INFO: Run Behavior\ParseTemplateBehavior [ RunTime:0.006000s ]
INFO: [ view_parse ] --END-- [ RunTime:-0.006001s ]
INFO: [ view_filter ] --START--
INFO: Run Behavior\WriteHtmlCacheBehavior [ RunTime:0.000000s ]
INFO: [ view_filter ] --END-- [ RunTime:-0.012001s ]
INFO: [ view_parse ] --START--
INFO: [ template_filter ] --START--
INFO: Run Behavior\ContentReplaceBehavior [ RunTime:0.000000s ]
INFO: [ template_filter ] --END-- [ RunTime:-0.018001s ]
INFO: Run Behavior\ParseTemplateBehavior [ RunTime:0.004000s ]
INFO: [ view_parse ] --END-- [ RunTime:-0.013001s ]
INFO: [ view_filter ] --START--
INFO: Run Behavior\WriteHtmlCacheBehavior [ RunTime:0.000000s ]
INFO: [ view_filter ] --END-- [ RunTime:-0.018001s ]
INFO: [ view_parse ] --START--
INFO: [ template_filter ] --START--
INFO: Run Behavior\ContentReplaceBehavior [ RunTime:0.000000s ]
INFO: [ template_filter ] --END-- [ RunTime:-0.023001s ]
INFO: Run Behavior\ParseTemplateBehavior [ RunTime:0.003000s ]
INFO: [ view_parse ] --END-- [ RunTime:-0.019001s ]
INFO: [ view_filter ] --START--
INFO: Run Behavior\WriteHtmlCacheBehavior [ RunTime:0.000000s ]
INFO: [ view_filter ] --END-- [ RunTime:-0.023002s ]
INFO: [ view_parse ] --START--
INFO: [ template_filter ] --START--
INFO: Run Behavior\ContentReplaceBehavior [ RunTime:0.000000s ]
INFO: [ template_filter ] --END-- [ RunTime:-0.032002s ]
NOTIC: [8] Undefined index: policy D:\xampp\htdocs\wemall\ThinkPHP\Application\Runtime\Cache\Home\dc2fd1a790c1b5068eb9330f1fc932c4.php 第 21 行.
NOTIC: [8] Undefined index: direct_ratio D:\xampp\htdocs\wemall\ThinkPHP\Application\Runtime\Cache\Home\dc2fd1a790c1b5068eb9330f1fc932c4.php 第 25 行.
NOTIC: [8] Undefined index: line_ratio D:\xampp\htdocs\wemall\ThinkPHP\Application\Runtime\Cache\Home\dc2fd1a790c1b5068eb9330f1fc932c4.php 第 26 行.
NOTIC: [8] Undefined index: policy D:\xampp\htdocs\wemall\ThinkPHP\Application\Runtime\Cache\Home\dc2fd1a790c1b5068eb9330f1fc932c4.php 第 21 行.
NOTIC: [8] Undefined index: direct_ratio D:\xampp\htdocs\wemall\ThinkPHP\Application\Runtime\Cache\Home\dc2fd1a790c1b5068eb9330f1fc932c4.php 第 25 行.
NOTIC: [8] Undefined index: line_ratio D:\xampp\htdocs\wemall\ThinkPHP\Application\Runtime\Cache\Home\dc2fd1a790c1b5068eb9330f1fc932c4.php 第 26 行.
NOTIC: [8] Undefined index: policy D:\xampp\htdocs\wemall\ThinkPHP\Application\Runtime\Cache\Home\dc2fd1a790c1b5068eb9330f1fc932c4.php 第 21 行.
NOTIC: [8] Undefined index: direct_ratio D:\xampp\htdocs\wemall\ThinkPHP\Application\Runtime\Cache\Home\dc2fd1a790c1b5068eb9330f1fc932c4.php 第 25 行.
NOTIC: [8] Undefined index: line_ratio D:\xampp\htdocs\wemall\ThinkPHP\Application\Runtime\Cache\Home\dc2fd1a790c1b5068eb9330f1fc932c4.php 第 26 行.
NOTIC: [8] Undefined index: policy D:\xampp\htdocs\wemall\ThinkPHP\Application\Runtime\Cache\Home\dc2fd1a790c1b5068eb9330f1fc932c4.php 第 21 行.
NOTIC: [8] Undefined index: direct_ratio D:\xampp\htdocs\wemall\ThinkPHP\Application\Runtime\Cache\Home\dc2fd1a790c1b5068eb9330f1fc932c4.php 第 25 行.
NOTIC: [8] Undefined index: line_ratio D:\xampp\htdocs\wemall\ThinkPHP\Application\Runtime\Cache\Home\dc2fd1a790c1b5068eb9330f1fc932c4.php 第 26 行.
NOTIC: [8] Undefined index: policy D:\xampp\htdocs\wemall\ThinkPHP\Application\Runtime\Cache\Home\dc2fd1a790c1b5068eb9330f1fc932c4.php 第 21 行.
NOTIC: [8] Undefined index: direct_ratio D:\xampp\htdocs\wemall\ThinkPHP\Application\Runtime\Cache\Home\dc2fd1a790c1b5068eb9330f1fc932c4.php 第 25 行.
NOTIC: [8] Undefined index: line_ratio D:\xampp\htdocs\wemall\ThinkPHP\Application\Runtime\Cache\Home\dc2fd1a790c1b5068eb9330f1fc932c4.php 第 26 行.
INFO: Run Behavior\ParseTemplateBehavior [ RunTime:0.012000s ]
INFO: [ view_parse ] --END-- [ RunTime:-0.024002s ]
INFO: [ view_filter ] --START--
INFO: Run Behavior\WriteHtmlCacheBehavior [ RunTime:0.000000s ]
INFO: [ view_filter ] --END-- [ RunTime:-0.036002s ]
INFO: [ view_parse ] --START--
INFO: [ template_filter ] --START--
INFO: Run Behavior\ContentReplaceBehavior [ RunTime:0.001000s ]
INFO: [ template_filter ] --END-- [ RunTime:-0.042003s ]
INFO: Run Behavior\ParseTemplateBehavior [ RunTime:0.006001s ]
INFO: [ view_parse ] --END-- [ RunTime:-0.037002s ]
INFO: [ view_filter ] --START--
INFO: Run Behavior\WriteHtmlCacheBehavior [ RunTime:0.000000s ]
INFO: [ view_filter ] --END-- [ RunTime:-0.043003s ]
INFO: [ view_parse ] --START--
INFO: [ template_filter ] --START--
INFO: Run Behavior\ContentReplaceBehavior [ RunTime:0.000000s ]
INFO: [ template_filter ] --END-- [ RunTime:-0.049003s ]
INFO: Run Behavior\ParseTemplateBehavior [ RunTime:0.005000s ]
INFO: [ view_parse ] --END-- [ RunTime:-0.044003s ]
INFO: [ view_filter ] --START--
INFO: Run Behavior\WriteHtmlCacheBehavior [ RunTime:0.000000s ]
INFO: [ view_filter ] --END-- [ RunTime:-0.050003s ]
INFO: [ view_parse ] --START--
INFO: [ template_filter ] --START--
INFO: Run Behavior\ContentReplaceBehavior [ RunTime:0.000000s ]
INFO: [ template_filter ] --END-- [ RunTime:-0.062004s ]
NOTIC: [8] Undefined variable: YZTitle D:\xampp\htdocs\wemall\ThinkPHP\Application\Runtime\Cache\Home\233fbf9168edde0a88a274a719127571.php 第 10 行.
INFO: Run Behavior\ParseTemplateBehavior [ RunTime:0.011001s ]
INFO: [ view_parse ] --END-- [ RunTime:-0.051003s ]
INFO: [ view_filter ] --START--
INFO: Run Behavior\WriteHtmlCacheBehavior [ RunTime:0.000000s ]
INFO: [ view_filter ] --END-- [ RunTime:-0.063004s ]
INFO: [ app_end ] --START--
INFO: Run Behavior\ShowPageTraceBehavior [ RunTime:0.001000s ]
INFO: [ app_end ] --END-- [ RunTime:0.001000s ]

