[ 2015-05-26T13:21:01+08:00 ] 127.0.0.1 /wemall/WeiPHP/index.php/UserCenter/OrderManage/unpayedOrder.html
INFO: [ app_init ] --START--
INFO: Run Behavior\BuildLiteBehavior [ RunTime:0.000000s ]
INFO: [ app_init ] --END-- [ RunTime:0.001000s ]
INFO: [ app_begin ] --START--
INFO: Run Behavior\ReadHtmlCacheBehavior [ RunTime:0.000000s ]
INFO: [ app_begin ] --END-- [ RunTime:0.002000s ]
INFO: [ view_parse ] --START--
INFO: [ template_filter ] --START--
INFO: Run Behavior\ContentReplaceBehavior [ RunTime:0.000000s ]
INFO: [ template_filter ] --END-- [ RunTime:0.000000s ]
INFO: Run Behavior\ParseTemplateBehavior [ RunTime:0.040002s ]
INFO: [ view_parse ] --END-- [ RunTime:0.040002s ]
INFO: [ view_filter ] --START--
INFO: Run Behavior\WriteHtmlCacheBehavior [ RunTime:0.001000s ]
INFO: [ view_filter ] --END-- [ RunTime:0.001000s ]
INFO: [ view_parse ] --START--
INFO: [ template_filter ] --START--
INFO: Run Behavior\ContentReplaceBehavior [ RunTime:0.000000s ]
INFO: [ template_filter ] --END-- [ RunTime:-0.037002s ]
INFO: Run Behavior\ParseTemplateBehavior [ RunTime:0.020002s ]
INFO: [ view_parse ] --END-- [ RunTime:-0.002000s ]
INFO: [ view_filter ] --START--
INFO: Run Behavior\WriteHtmlCacheBehavior [ RunTime:0.000000s ]
INFO: [ view_filter ] --END-- [ RunTime:-0.021002s ]
INFO: [ view_parse ] --START--
INFO: [ template_filter ] --START--
INFO: Run Behavior\ContentReplaceBehavior [ RunTime:0.000000s ]
INFO: [ template_filter ] --END-- [ RunTime:-0.052003s ]
INFO: Run Behavior\ParseTemplateBehavior [ RunTime:0.002000s ]
INFO: [ view_parse ] --END-- [ RunTime:-0.024002s ]
INFO: [ view_filter ] --START--
INFO: Run Behavior\WriteHtmlCacheBehavior [ RunTime:0.000000s ]
INFO: [ view_filter ] --END-- [ RunTime:-0.025002s ]
INFO: [ view_parse ] --START--
INFO: [ template_filter ] --START--
INFO: Run Behavior\ContentReplaceBehavior [ RunTime:0.000000s ]
INFO: [ template_filter ] --END-- [ RunTime:-0.058003s ]
INFO: Run Behavior\ParseTemplateBehavior [ RunTime:0.005000s ]
INFO: [ view_parse ] --END-- [ RunTime:-0.027002s ]
INFO: [ view_filter ] --START--
INFO: Run Behavior\WriteHtmlCacheBehavior [ RunTime:0.000000s ]
INFO: [ view_filter ] --END-- [ RunTime:-0.031002s ]
INFO: [ view_parse ] --START--
INFO: [ template_filter ] --START--
INFO: Run Behavior\ContentReplaceBehavior [ RunTime:0.000000s ]
INFO: [ template_filter ] --END-- [ RunTime:-0.065003s ]
INFO: Run Behavior\ParseTemplateBehavior [ RunTime:0.005001s ]
INFO: [ view_parse ] --END-- [ RunTime:-0.034002s ]
INFO: [ view_filter ] --START--
INFO: Run Behavior\WriteHtmlCacheBehavior [ RunTime:0.000000s ]
INFO: [ view_filter ] --END-- [ RunTime:-0.039003s ]
SQL: SHOW COLUMNS FROM `wemall_order_form` [ RunTime:0.0090s ]
SQL: SELECT * FROM `wemall_order_form` WHERE `is_pay` = 0 AND `is_cancel` = 0 AND `openid` = 'oZuoxt8tnEUUf6YPBG-mNPYjoKQA' ORDER BY id desc  [ RunTime:0.0080s ]
SQL: SHOW COLUMNS FROM `wemall_order_goods` [ RunTime:0.0080s ]
SQL: SHOW COLUMNS FROM `wemall_attachment` [ RunTime:0.0080s ]
SQL: SELECT * FROM `wemall_order_goods` WHERE `order_id` = 1329  [ RunTime:0.0080s ]
NOTIC: [8] Use of undefined constant foucsPicId - assumed 'foucsPicId' D:\xampp\htdocs\wemall\ThinkPHP\Application\OrderGoods\Model\OrderGoodsModel.class.php 第 25 行.
SQL: SELECT * FROM `wemall_attachment` WHERE `id` = 0 LIMIT 1   [ RunTime:0.0070s ]
SQL: SELECT * FROM `wemall_attachment` WHERE `id` = 9 LIMIT 1   [ RunTime:0.0070s ]
SQL: SELECT * FROM `wemall_order_goods` WHERE `order_id` = 1328  [ RunTime:0.0060s ]
NOTIC: [8] Use of undefined constant foucsPicId - assumed 'foucsPicId' D:\xampp\htdocs\wemall\ThinkPHP\Application\OrderGoods\Model\OrderGoodsModel.class.php 第 25 行.
SQL: SELECT * FROM `wemall_attachment` WHERE `id` = 0 LIMIT 1   [ RunTime:0.0080s ]
SQL: SELECT * FROM `wemall_attachment` WHERE `id` = 9 LIMIT 1   [ RunTime:0.0090s ]
SQL: SELECT * FROM `wemall_order_goods` WHERE `order_id` = 1324  [ RunTime:0.0090s ]
NOTIC: [8] Use of undefined constant foucsPicId - assumed 'foucsPicId' D:\xampp\htdocs\wemall\ThinkPHP\Application\OrderGoods\Model\OrderGoodsModel.class.php 第 25 行.
SQL: SELECT * FROM `wemall_attachment` WHERE `id` = 0 LIMIT 1   [ RunTime:0.0090s ]
SQL: SELECT * FROM `wemall_attachment` WHERE `id` = 9 LIMIT 1   [ RunTime:0.0100s ]
SQL: SELECT * FROM `wemall_order_goods` WHERE `order_id` = 1323  [ RunTime:0.0090s ]
NOTIC: [8] Use of undefined constant foucsPicId - assumed 'foucsPicId' D:\xampp\htdocs\wemall\ThinkPHP\Application\OrderGoods\Model\OrderGoodsModel.class.php 第 25 行.
SQL: SELECT * FROM `wemall_attachment` WHERE `id` = 0 LIMIT 1   [ RunTime:0.0070s ]
SQL: SELECT * FROM `wemall_attachment` WHERE `id` = 9 LIMIT 1   [ RunTime:0.0090s ]
SQL: SELECT * FROM `wemall_order_goods` WHERE `order_id` = 1320  [ RunTime:0.0120s ]
NOTIC: [8] Use of undefined constant foucsPicId - assumed 'foucsPicId' D:\xampp\htdocs\wemall\ThinkPHP\Application\OrderGoods\Model\OrderGoodsModel.class.php 第 25 行.
SQL: SELECT * FROM `wemall_attachment` WHERE `id` = 0 LIMIT 1   [ RunTime:0.0070s ]
SQL: SELECT * FROM `wemall_attachment` WHERE `id` = 9 LIMIT 1   [ RunTime:0.0070s ]
SQL: SELECT * FROM `wemall_order_goods` WHERE `order_id` = 1319  [ RunTime:0.0070s ]
NOTIC: [8] Use of undefined constant foucsPicId - assumed 'foucsPicId' D:\xampp\htdocs\wemall\ThinkPHP\Application\OrderGoods\Model\OrderGoodsModel.class.php 第 25 行.
SQL: SELECT * FROM `wemall_attachment` WHERE `id` = 0 LIMIT 1   [ RunTime:0.0080s ]
SQL: SELECT * FROM `wemall_attachment` WHERE `id` = 9 LIMIT 1   [ RunTime:0.0090s ]
SQL: SHOW COLUMNS FROM `wemall_order_relation` [ RunTime:0.0090s ]
SQL: SELECT * FROM `wemall_order_relation` WHERE `id` = 327 LIMIT 1   [ RunTime:0.0070s ]
SQL: SELECT * FROM `wemall_order_relation` WHERE `id` = 326 LIMIT 1   [ RunTime:0.0070s ]
SQL: SELECT * FROM `wemall_order_relation` WHERE `id` = 322 LIMIT 1   [ RunTime:0.0140s ]
SQL: SELECT * FROM `wemall_order_relation` WHERE `id` = 321 LIMIT 1   [ RunTime:0.0080s ]
SQL: SELECT * FROM `wemall_order_relation` WHERE `id` = 318 LIMIT 1   [ RunTime:0.0070s ]
SQL: SELECT * FROM `wemall_order_relation` WHERE `id` = 317 LIMIT 1   [ RunTime:0.0080s ]
INFO: [ view_parse ] --START--
INFO: [ template_filter ] --START--
INFO: Run Behavior\ContentReplaceBehavior [ RunTime:0.000000s ]
INFO: [ template_filter ] --END-- [ RunTime:-0.413023s ]
INFO: Run Behavior\ParseTemplateBehavior [ RunTime:0.021002s ]
INFO: [ view_parse ] --END-- [ RunTime:-0.369021s ]
INFO: [ view_filter ] --START--
INFO: Run Behavior\WriteHtmlCacheBehavior [ RunTime:0.000000s ]
INFO: [ view_filter ] --END-- [ RunTime:-0.389023s ]
INFO: [ view_parse ] --START--
INFO: [ template_filter ] --START--
INFO: Run Behavior\ContentReplaceBehavior [ RunTime:0.000000s ]
INFO: [ template_filter ] --END-- [ RunTime:-0.425024s ]
NOTIC: [8] Undefined variable: YZTitle D:\xampp\htdocs\wemall\ThinkPHP\Application\Runtime\Cache\UserCenter\f64d738dec9062ca568444d9a07e17dd.php 第 15 行.
INFO: Run Behavior\ParseTemplateBehavior [ RunTime:0.010000s ]
INFO: [ view_parse ] --END-- [ RunTime:-0.391023s ]
INFO: [ view_filter ] --START--
INFO: Run Behavior\WriteHtmlCacheBehavior [ RunTime:0.000000s ]
INFO: [ view_filter ] --END-- [ RunTime:-0.400023s ]
INFO: [ app_end ] --START--
INFO: Run Behavior\ShowPageTraceBehavior [ RunTime:0.002000s ]
INFO: [ app_end ] --END-- [ RunTime:0.002000s ]

[ 2015-05-26T14:27:15+08:00 ] 127.0.0.1 /wemall/WeiPHP/index.php/UserCenter/OrderManage/unpayedOrder.html
INFO: [ app_init ] --START--
INFO: Run Behavior\BuildLiteBehavior [ RunTime:0.000000s ]
INFO: [ app_init ] --END-- [ RunTime:0.001000s ]
INFO: [ app_begin ] --START--
INFO: Run Behavior\ReadHtmlCacheBehavior [ RunTime:0.001000s ]
INFO: [ app_begin ] --END-- [ RunTime:0.001000s ]
INFO: [ view_parse ] --START--
INFO: [ template_filter ] --START--
INFO: Run Behavior\ContentReplaceBehavior [ RunTime:0.000000s ]
INFO: [ template_filter ] --END-- [ RunTime:0.000000s ]
INFO: Run Behavior\ParseTemplateBehavior [ RunTime:0.009000s ]
INFO: [ view_parse ] --END-- [ RunTime:0.009000s ]
INFO: [ view_filter ] --START--
INFO: Run Behavior\WriteHtmlCacheBehavior [ RunTime:0.001000s ]
INFO: [ view_filter ] --END-- [ RunTime:0.001000s ]
INFO: [ view_parse ] --START--
INFO: [ template_filter ] --START--
INFO: Run Behavior\ContentReplaceBehavior [ RunTime:0.000000s ]
INFO: [ template_filter ] --END-- [ RunTime:-0.005000s ]
INFO: Run Behavior\ParseTemplateBehavior [ RunTime:0.004000s ]
INFO: [ view_parse ] --END-- [ RunTime:-0.001000s ]
INFO: [ view_filter ] --START--
INFO: Run Behavior\WriteHtmlCacheBehavior [ RunTime:0.000000s ]
INFO: [ view_filter ] --END-- [ RunTime:-0.004000s ]
INFO: [ view_parse ] --START--
INFO: [ template_filter ] --START--
INFO: Run Behavior\ContentReplaceBehavior [ RunTime:0.000000s ]
INFO: [ template_filter ] --END-- [ RunTime:-0.011001s ]
INFO: Run Behavior\ParseTemplateBehavior [ RunTime:0.003000s ]
INFO: [ view_parse ] --END-- [ RunTime:-0.008001s ]
INFO: [ view_filter ] --START--
INFO: Run Behavior\WriteHtmlCacheBehavior [ RunTime:0.000000s ]
INFO: [ view_filter ] --END-- [ RunTime:-0.010001s ]
INFO: [ view_parse ] --START--
INFO: [ template_filter ] --START--
INFO: Run Behavior\ContentReplaceBehavior [ RunTime:0.000000s ]
INFO: [ template_filter ] --END-- [ RunTime:-0.017001s ]
INFO: Run Behavior\ParseTemplateBehavior [ RunTime:0.003000s ]
INFO: [ view_parse ] --END-- [ RunTime:-0.012001s ]
INFO: [ view_filter ] --START--
INFO: Run Behavior\WriteHtmlCacheBehavior [ RunTime:0.000000s ]
INFO: [ view_filter ] --END-- [ RunTime:-0.016001s ]
INFO: [ view_parse ] --START--
INFO: [ template_filter ] --START--
INFO: Run Behavior\ContentReplaceBehavior [ RunTime:0.000000s ]
INFO: [ template_filter ] --END-- [ RunTime:-0.022001s ]
INFO: Run Behavior\ParseTemplateBehavior [ RunTime:0.004000s ]
INFO: [ view_parse ] --END-- [ RunTime:-0.017001s ]
INFO: [ view_filter ] --START--
INFO: Run Behavior\WriteHtmlCacheBehavior [ RunTime:0.000000s ]
INFO: [ view_filter ] --END-- [ RunTime:-0.020001s ]
SQL: SHOW COLUMNS FROM `wemall_order_form` [ RunTime:0.0120s ]
SQL: SELECT * FROM `wemall_order_form` WHERE `is_pay` = 0 AND `is_cancel` = 0 AND `openid` = 'oZuoxt8tnEUUf6YPBG-mNPYjoKQA' ORDER BY id desc  [ RunTime:0.0080s ]
SQL: SHOW COLUMNS FROM `wemall_order_goods` [ RunTime:0.0110s ]
SQL: SHOW COLUMNS FROM `wemall_attachment` [ RunTime:0.0100s ]
SQL: SELECT * FROM `wemall_order_goods` WHERE `order_id` = 1329  [ RunTime:0.0110s ]
NOTIC: [8] Use of undefined constant foucsPicId - assumed 'foucsPicId' D:\xampp\htdocs\wemall\ThinkPHP\Application\OrderGoods\Model\OrderGoodsModel.class.php 第 25 行.
SQL: SELECT * FROM `wemall_attachment` WHERE `id` = 0 LIMIT 1   [ RunTime:0.0100s ]
SQL: SELECT * FROM `wemall_attachment` WHERE `id` = 9 LIMIT 1   [ RunTime:0.0080s ]
SQL: SELECT * FROM `wemall_order_goods` WHERE `order_id` = 1328  [ RunTime:0.0080s ]
NOTIC: [8] Use of undefined constant foucsPicId - assumed 'foucsPicId' D:\xampp\htdocs\wemall\ThinkPHP\Application\OrderGoods\Model\OrderGoodsModel.class.php 第 25 行.
SQL: SELECT * FROM `wemall_attachment` WHERE `id` = 0 LIMIT 1   [ RunTime:0.0080s ]
SQL: SELECT * FROM `wemall_attachment` WHERE `id` = 9 LIMIT 1   [ RunTime:0.0080s ]
SQL: SELECT * FROM `wemall_order_goods` WHERE `order_id` = 1324  [ RunTime:0.0100s ]
NOTIC: [8] Use of undefined constant foucsPicId - assumed 'foucsPicId' D:\xampp\htdocs\wemall\ThinkPHP\Application\OrderGoods\Model\OrderGoodsModel.class.php 第 25 行.
SQL: SELECT * FROM `wemall_attachment` WHERE `id` = 0 LIMIT 1   [ RunTime:0.0140s ]
SQL: SELECT * FROM `wemall_attachment` WHERE `id` = 9 LIMIT 1   [ RunTime:0.0100s ]
SQL: SELECT * FROM `wemall_order_goods` WHERE `order_id` = 1323  [ RunTime:0.0110s ]
NOTIC: [8] Use of undefined constant foucsPicId - assumed 'foucsPicId' D:\xampp\htdocs\wemall\ThinkPHP\Application\OrderGoods\Model\OrderGoodsModel.class.php 第 25 行.
SQL: SELECT * FROM `wemall_attachment` WHERE `id` = 0 LIMIT 1   [ RunTime:0.0080s ]
SQL: SELECT * FROM `wemall_attachment` WHERE `id` = 9 LIMIT 1   [ RunTime:0.0090s ]
SQL: SELECT * FROM `wemall_order_goods` WHERE `order_id` = 1320  [ RunTime:0.0090s ]
NOTIC: [8] Use of undefined constant foucsPicId - assumed 'foucsPicId' D:\xampp\htdocs\wemall\ThinkPHP\Application\OrderGoods\Model\OrderGoodsModel.class.php 第 25 行.
SQL: SELECT * FROM `wemall_attachment` WHERE `id` = 0 LIMIT 1   [ RunTime:0.0080s ]
SQL: SELECT * FROM `wemall_attachment` WHERE `id` = 9 LIMIT 1   [ RunTime:0.0080s ]
SQL: SELECT * FROM `wemall_order_goods` WHERE `order_id` = 1319  [ RunTime:0.0080s ]
NOTIC: [8] Use of undefined constant foucsPicId - assumed 'foucsPicId' D:\xampp\htdocs\wemall\ThinkPHP\Application\OrderGoods\Model\OrderGoodsModel.class.php 第 25 行.
SQL: SELECT * FROM `wemall_attachment` WHERE `id` = 0 LIMIT 1   [ RunTime:0.0100s ]
SQL: SELECT * FROM `wemall_attachment` WHERE `id` = 9 LIMIT 1   [ RunTime:0.0100s ]
SQL: SHOW COLUMNS FROM `wemall_order_relation` [ RunTime:0.0100s ]
SQL: SELECT * FROM `wemall_order_relation` WHERE `id` = 327 LIMIT 1   [ RunTime:0.0090s ]
SQL: SELECT * FROM `wemall_order_relation` WHERE `id` = 326 LIMIT 1   [ RunTime:0.0090s ]
SQL: SELECT * FROM `wemall_order_relation` WHERE `id` = 322 LIMIT 1   [ RunTime:0.0110s ]
SQL: SELECT * FROM `wemall_order_relation` WHERE `id` = 321 LIMIT 1   [ RunTime:0.0090s ]
SQL: SELECT * FROM `wemall_order_relation` WHERE `id` = 318 LIMIT 1   [ RunTime:0.0090s ]
SQL: SELECT * FROM `wemall_order_relation` WHERE `id` = 317 LIMIT 1   [ RunTime:0.0080s ]
INFO: [ view_parse ] --START--
INFO: [ template_filter ] --START--
INFO: Run Behavior\ContentReplaceBehavior [ RunTime:0.000000s ]
INFO: [ template_filter ] --END-- [ RunTime:-0.403023s ]
INFO: Run Behavior\ParseTemplateBehavior [ RunTime:0.022002s ]
INFO: [ view_parse ] --END-- [ RunTime:-0.390022s ]
INFO: [ view_filter ] --START--
INFO: Run Behavior\WriteHtmlCacheBehavior [ RunTime:0.000000s ]
INFO: [ view_filter ] --END-- [ RunTime:-0.411024s ]
INFO: [ view_parse ] --START--
INFO: [ template_filter ] --START--
INFO: Run Behavior\ContentReplaceBehavior [ RunTime:0.000000s ]
INFO: [ template_filter ] --END-- [ RunTime:-0.421024s ]
NOTIC: [8] Undefined variable: YZTitle D:\xampp\htdocs\wemall\ThinkPHP\Application\Runtime\Cache\UserCenter\f64d738dec9062ca568444d9a07e17dd.php 第 15 行.
INFO: Run Behavior\ParseTemplateBehavior [ RunTime:0.008000s ]
INFO: [ view_parse ] --END-- [ RunTime:-0.413024s ]
INFO: [ view_filter ] --START--
INFO: Run Behavior\WriteHtmlCacheBehavior [ RunTime:0.000000s ]
INFO: [ view_filter ] --END-- [ RunTime:-0.421024s ]
INFO: [ app_end ] --START--
INFO: Run Behavior\ShowPageTraceBehavior [ RunTime:0.001000s ]
INFO: [ app_end ] --END-- [ RunTime:0.001000s ]

[ 2015-05-26T21:26:53+08:00 ] 127.0.0.1 /wemall/WeiPHP/index.php/UserCenter/OrderManage/allOrder.html
INFO: [ app_init ] --START--
INFO: Run Behavior\BuildLiteBehavior [ RunTime:0.000000s ]
INFO: [ app_init ] --END-- [ RunTime:0.000000s ]
INFO: [ app_begin ] --START--
INFO: Run Behavior\ReadHtmlCacheBehavior [ RunTime:0.000000s ]
INFO: [ app_begin ] --END-- [ RunTime:0.000000s ]
INFO: [ view_parse ] --START--
INFO: [ template_filter ] --START--
INFO: Run Behavior\ContentReplaceBehavior [ RunTime:0.000000s ]
INFO: [ template_filter ] --END-- [ RunTime:0.000000s ]
INFO: Run Behavior\ParseTemplateBehavior [ RunTime:0.010000s ]
INFO: [ view_parse ] --END-- [ RunTime:0.010000s ]
INFO: [ view_filter ] --START--
INFO: Run Behavior\WriteHtmlCacheBehavior [ RunTime:0.000000s ]
INFO: [ view_filter ] --END-- [ RunTime:0.000000s ]
INFO: [ view_parse ] --START--
INFO: [ template_filter ] --START--
INFO: Run Behavior\ContentReplaceBehavior [ RunTime:0.000000s ]
INFO: [ template_filter ] --END-- [ RunTime:-0.060000s ]
INFO: Run Behavior\ParseTemplateBehavior [ RunTime:0.070000s ]
INFO: [ view_parse ] --END-- [ RunTime:0.000000s ]
INFO: [ view_filter ] --START--
INFO: Run Behavior\WriteHtmlCacheBehavior [ RunTime:0.000000s ]
INFO: [ view_filter ] --END-- [ RunTime:-0.070000s ]
INFO: [ view_parse ] --START--
INFO: [ template_filter ] --START--
INFO: Run Behavior\ContentReplaceBehavior [ RunTime:0.000000s ]
INFO: [ template_filter ] --END-- [ RunTime:-0.080000s ]
INFO: Run Behavior\ParseTemplateBehavior [ RunTime:0.000000s ]
INFO: [ view_parse ] --END-- [ RunTime:-0.080000s ]
INFO: [ view_filter ] --START--
INFO: Run Behavior\WriteHtmlCacheBehavior [ RunTime:0.000000s ]
INFO: [ view_filter ] --END-- [ RunTime:-0.080000s ]
INFO: [ view_parse ] --START--
INFO: [ template_filter ] --START--
INFO: Run Behavior\ContentReplaceBehavior [ RunTime:0.000000s ]
INFO: [ template_filter ] --END-- [ RunTime:-0.090000s ]
INFO: Run Behavior\ParseTemplateBehavior [ RunTime:0.010000s ]
INFO: [ view_parse ] --END-- [ RunTime:-0.080000s ]
INFO: [ view_filter ] --START--
INFO: Run Behavior\WriteHtmlCacheBehavior [ RunTime:0.000000s ]
INFO: [ view_filter ] --END-- [ RunTime:-0.090000s ]
INFO: [ view_parse ] --START--
INFO: [ template_filter ] --START--
INFO: Run Behavior\ContentReplaceBehavior [ RunTime:0.000000s ]
INFO: [ template_filter ] --END-- [ RunTime:-0.100000s ]
INFO: Run Behavior\ParseTemplateBehavior [ RunTime:0.010000s ]
INFO: [ view_parse ] --END-- [ RunTime:-0.090000s ]
INFO: [ view_filter ] --START--
INFO: Run Behavior\WriteHtmlCacheBehavior [ RunTime:0.000000s ]
INFO: [ view_filter ] --END-- [ RunTime:-0.100000s ]
SQL: SHOW COLUMNS FROM `wemall_order_form` [ RunTime:0.0100s ]
SQL: SELECT * FROM `wemall_order_form` WHERE `openid` = 'oZuoxt8tnEUUf6YPBG-mNPYjoKQA' AND `buy_time` > 1424870811 ORDER BY id desc  [ RunTime:0.0200s ]
SQL: SHOW COLUMNS FROM `wemall_order_goods` [ RunTime:0.0100s ]
SQL: SHOW COLUMNS FROM `wemall_attachment` [ RunTime:0.0100s ]
SQL: SELECT * FROM `wemall_order_goods` WHERE `order_id` = 1348  [ RunTime:0.0100s ]
NOTIC: [8] Use of undefined constant foucsPicId - assumed 'foucsPicId' D:\xampp\htdocs\wemall\ThinkPHP\Application\OrderGoods\Model\OrderGoodsModel.class.php 第 25 行.
SQL: SELECT * FROM `wemall_attachment` WHERE `id` = 0 LIMIT 1   [ RunTime:0.0100s ]
SQL: SELECT * FROM `wemall_attachment` WHERE `id` = 9 LIMIT 1   [ RunTime:0.0100s ]
SQL: SELECT * FROM `wemall_order_goods` WHERE `order_id` = 1347  [ RunTime:0.0100s ]
NOTIC: [8] Use of undefined constant foucsPicId - assumed 'foucsPicId' D:\xampp\htdocs\wemall\ThinkPHP\Application\OrderGoods\Model\OrderGoodsModel.class.php 第 25 行.
SQL: SELECT * FROM `wemall_attachment` WHERE `id` = 0 LIMIT 1   [ RunTime:0.0100s ]
SQL: SELECT * FROM `wemall_attachment` WHERE `id` = 9 LIMIT 1   [ RunTime:0.0200s ]
SQL: SELECT * FROM `wemall_order_goods` WHERE `order_id` = 1337  [ RunTime:0.0100s ]
NOTIC: [8] Use of undefined constant foucsPicId - assumed 'foucsPicId' D:\xampp\htdocs\wemall\ThinkPHP\Application\OrderGoods\Model\OrderGoodsModel.class.php 第 25 行.
SQL: SELECT * FROM `wemall_attachment` WHERE `id` = 0 LIMIT 1   [ RunTime:0.0100s ]
SQL: SELECT * FROM `wemall_attachment` WHERE `id` = 9 LIMIT 1   [ RunTime:0.0100s ]
SQL: SELECT * FROM `wemall_order_goods` WHERE `order_id` = 1336  [ RunTime:0.0100s ]
NOTIC: [8] Use of undefined constant foucsPicId - assumed 'foucsPicId' D:\xampp\htdocs\wemall\ThinkPHP\Application\OrderGoods\Model\OrderGoodsModel.class.php 第 25 行.
SQL: SELECT * FROM `wemall_attachment` WHERE `id` = 0 LIMIT 1   [ RunTime:0.0200s ]
SQL: SELECT * FROM `wemall_attachment` WHERE `id` = 9 LIMIT 1   [ RunTime:0.0100s ]
SQL: SELECT * FROM `wemall_order_goods` WHERE `order_id` = 1334  [ RunTime:0.0100s ]
NOTIC: [8] Use of undefined constant foucsPicId - assumed 'foucsPicId' D:\xampp\htdocs\wemall\ThinkPHP\Application\OrderGoods\Model\OrderGoodsModel.class.php 第 25 行.
SQL: SELECT * FROM `wemall_attachment` WHERE `id` = 0 LIMIT 1   [ RunTime:0.0100s ]
SQL: SELECT * FROM `wemall_attachment` WHERE `id` = 9 LIMIT 1   [ RunTime:0.0100s ]
SQL: SELECT * FROM `wemall_order_goods` WHERE `order_id` = 1333  [ RunTime:0.0100s ]
NOTIC: [8] Use of undefined constant foucsPicId - assumed 'foucsPicId' D:\xampp\htdocs\wemall\ThinkPHP\Application\OrderGoods\Model\OrderGoodsModel.class.php 第 25 行.
SQL: SELECT * FROM `wemall_attachment` WHERE `id` = 0 LIMIT 1   [ RunTime:0.0100s ]
SQL: SELECT * FROM `wemall_attachment` WHERE `id` = 9 LIMIT 1   [ RunTime:0.0000s ]
NOTIC: [8] Use of undefined constant foucsPicId - assumed 'foucsPicId' D:\xampp\htdocs\wemall\ThinkPHP\Application\OrderGoods\Model\OrderGoodsModel.class.php 第 25 行.
SQL: SELECT * FROM `wemall_attachment` WHERE `id` = 0 LIMIT 1   [ RunTime:0.0100s ]
SQL: SELECT * FROM `wemall_attachment` WHERE `id` = 9 LIMIT 1   [ RunTime:0.0100s ]
SQL: SELECT * FROM `wemall_order_goods` WHERE `order_id` = 1331  [ RunTime:0.0100s ]
NOTIC: [8] Use of undefined constant foucsPicId - assumed 'foucsPicId' D:\xampp\htdocs\wemall\ThinkPHP\Application\OrderGoods\Model\OrderGoodsModel.class.php 第 25 行.
SQL: SELECT * FROM `wemall_attachment` WHERE `id` = 0 LIMIT 1   [ RunTime:0.0100s ]
SQL: SELECT * FROM `wemall_attachment` WHERE `id` = 9 LIMIT 1   [ RunTime:0.0100s ]
SQL: SELECT * FROM `wemall_order_goods` WHERE `order_id` = 1329  [ RunTime:0.0100s ]
NOTIC: [8] Use of undefined constant foucsPicId - assumed 'foucsPicId' D:\xampp\htdocs\wemall\ThinkPHP\Application\OrderGoods\Model\OrderGoodsModel.class.php 第 25 行.
SQL: SELECT * FROM `wemall_attachment` WHERE `id` = 0 LIMIT 1   [ RunTime:0.0100s ]
SQL: SELECT * FROM `wemall_attachment` WHERE `id` = 9 LIMIT 1   [ RunTime:0.0100s ]
SQL: SELECT * FROM `wemall_order_goods` WHERE `order_id` = 1328  [ RunTime:0.0000s ]
NOTIC: [8] Use of undefined constant foucsPicId - assumed 'foucsPicId' D:\xampp\htdocs\wemall\ThinkPHP\Application\OrderGoods\Model\OrderGoodsModel.class.php 第 25 行.
SQL: SELECT * FROM `wemall_attachment` WHERE `id` = 0 LIMIT 1   [ RunTime:0.0100s ]
SQL: SELECT * FROM `wemall_attachment` WHERE `id` = 9 LIMIT 1   [ RunTime:0.0100s ]
SQL: SELECT * FROM `wemall_order_goods` WHERE `order_id` = 1324  [ RunTime:0.0100s ]
NOTIC: [8] Use of undefined constant foucsPicId - assumed 'foucsPicId' D:\xampp\htdocs\wemall\ThinkPHP\Application\OrderGoods\Model\OrderGoodsModel.class.php 第 25 行.
SQL: SELECT * FROM `wemall_attachment` WHERE `id` = 0 LIMIT 1   [ RunTime:0.0100s ]
SQL: SELECT * FROM `wemall_attachment` WHERE `id` = 9 LIMIT 1   [ RunTime:0.0200s ]
SQL: SELECT * FROM `wemall_order_goods` WHERE `order_id` = 1323  [ RunTime:0.0100s ]
NOTIC: [8] Use of undefined constant foucsPicId - assumed 'foucsPicId' D:\xampp\htdocs\wemall\ThinkPHP\Application\OrderGoods\Model\OrderGoodsModel.class.php 第 25 行.
SQL: SELECT * FROM `wemall_attachment` WHERE `id` = 0 LIMIT 1   [ RunTime:0.0200s ]
SQL: SELECT * FROM `wemall_attachment` WHERE `id` = 9 LIMIT 1   [ RunTime:0.0100s ]
SQL: SELECT * FROM `wemall_order_goods` WHERE `order_id` = 1320  [ RunTime:0.0100s ]
NOTIC: [8] Use of undefined constant foucsPicId - assumed 'foucsPicId' D:\xampp\htdocs\wemall\ThinkPHP\Application\OrderGoods\Model\OrderGoodsModel.class.php 第 25 行.
SQL: SELECT * FROM `wemall_attachment` WHERE `id` = 0 LIMIT 1   [ RunTime:0.0100s ]
SQL: SELECT * FROM `wemall_attachment` WHERE `id` = 9 LIMIT 1   [ RunTime:0.0100s ]
SQL: SELECT * FROM `wemall_order_goods` WHERE `order_id` = 1319  [ RunTime:0.0100s ]
NOTIC: [8] Use of undefined constant foucsPicId - assumed 'foucsPicId' D:\xampp\htdocs\wemall\ThinkPHP\Application\OrderGoods\Model\OrderGoodsModel.class.php 第 25 行.
SQL: SELECT * FROM `wemall_attachment` WHERE `id` = 0 LIMIT 1   [ RunTime:0.0100s ]
SQL: SELECT * FROM `wemall_attachment` WHERE `id` = 9 LIMIT 1   [ RunTime:0.0100s ]
SQL: SELECT * FROM `wemall_order_goods` WHERE `order_id` = 1312  [ RunTime:0.0100s ]
NOTIC: [8] Use of undefined constant foucsPicId - assumed 'foucsPicId' D:\xampp\htdocs\wemall\ThinkPHP\Application\OrderGoods\Model\OrderGoodsModel.class.php 第 25 行.
SQL: SELECT * FROM `wemall_attachment` WHERE `id` = 0 LIMIT 1   [ RunTime:0.0100s ]
SQL: SELECT * FROM `wemall_attachment` WHERE `id` = 9 LIMIT 1   [ RunTime:0.0100s ]
SQL: SELECT * FROM `wemall_order_goods` WHERE `order_id` = 1311  [ RunTime:0.0100s ]
NOTIC: [8] Use of undefined constant foucsPicId - assumed 'foucsPicId' D:\xampp\htdocs\wemall\ThinkPHP\Application\OrderGoods\Model\OrderGoodsModel.class.php 第 25 行.
SQL: SELECT * FROM `wemall_attachment` WHERE `id` = 0 LIMIT 1   [ RunTime:0.0100s ]
SQL: SELECT * FROM `wemall_attachment` WHERE `id` = 9 LIMIT 1   [ RunTime:0.0100s ]
SQL: SELECT * FROM `wemall_order_goods` WHERE `order_id` = 1310  [ RunTime:0.0100s ]
NOTIC: [8] Use of undefined constant foucsPicId - assumed 'foucsPicId' D:\xampp\htdocs\wemall\ThinkPHP\Application\OrderGoods\Model\OrderGoodsModel.class.php 第 25 行.
SQL: SELECT * FROM `wemall_attachment` WHERE `id` = 0 LIMIT 1   [ RunTime:0.0100s ]
SQL: SELECT * FROM `wemall_attachment` WHERE `id` = 9 LIMIT 1   [ RunTime:0.0100s ]
SQL: SELECT * FROM `wemall_order_goods` WHERE `order_id` = 1309  [ RunTime:0.0100s ]
NOTIC: [8] Use of undefined constant foucsPicId - assumed 'foucsPicId' D:\xampp\htdocs\wemall\ThinkPHP\Application\OrderGoods\Model\OrderGoodsModel.class.php 第 25 行.
SQL: SELECT * FROM `wemall_attachment` WHERE `id` = 0 LIMIT 1   [ RunTime:0.0100s ]
SQL: SELECT * FROM `wemall_attachment` WHERE `id` = 9 LIMIT 1   [ RunTime:0.0100s ]
NOTIC: [8] Use of undefined constant foucsPicId - assumed 'foucsPicId' D:\xampp\htdocs\wemall\ThinkPHP\Application\OrderGoods\Model\OrderGoodsModel.class.php 第 25 行.
SQL: SELECT * FROM `wemall_attachment` WHERE `id` = 0 LIMIT 1   [ RunTime:0.0100s ]
SQL: SELECT * FROM `wemall_attachment` WHERE `id` = 9 LIMIT 1   [ RunTime:0.0100s ]
SQL: SELECT * FROM `wemall_order_goods` WHERE `order_id` = 1308  [ RunTime:0.0100s ]
NOTIC: [8] Use of undefined constant foucsPicId - assumed 'foucsPicId' D:\xampp\htdocs\wemall\ThinkPHP\Application\OrderGoods\Model\OrderGoodsModel.class.php 第 25 行.
SQL: SELECT * FROM `wemall_attachment` WHERE `id` = 0 LIMIT 1   [ RunTime:0.0100s ]
SQL: SELECT * FROM `wemall_attachment` WHERE `id` = 9 LIMIT 1   [ RunTime:0.0100s ]
NOTIC: [8] Use of undefined constant foucsPicId - assumed 'foucsPicId' D:\xampp\htdocs\wemall\ThinkPHP\Application\OrderGoods\Model\OrderGoodsModel.class.php 第 25 行.
SQL: SELECT * FROM `wemall_attachment` WHERE `id` = 0 LIMIT 1   [ RunTime:0.0100s ]
SQL: SELECT * FROM `wemall_attachment` WHERE `id` = 9 LIMIT 1   [ RunTime:0.0100s ]
SQL: SELECT * FROM `wemall_order_goods` WHERE `order_id` = 1307  [ RunTime:0.0100s ]
NOTIC: [8] Use of undefined constant foucsPicId - assumed 'foucsPicId' D:\xampp\htdocs\wemall\ThinkPHP\Application\OrderGoods\Model\OrderGoodsModel.class.php 第 25 行.
SQL: SELECT * FROM `wemall_attachment` WHERE `id` = 0 LIMIT 1   [ RunTime:0.0100s ]
SQL: SELECT * FROM `wemall_attachment` WHERE `id` = 9 LIMIT 1   [ RunTime:0.0100s ]
NOTIC: [8] Use of undefined constant foucsPicId - assumed 'foucsPicId' D:\xampp\htdocs\wemall\ThinkPHP\Application\OrderGoods\Model\OrderGoodsModel.class.php 第 25 行.
SQL: SELECT * FROM `wemall_attachment` WHERE `id` = 0 LIMIT 1   [ RunTime:0.0200s ]
SQL: SELECT * FROM `wemall_attachment` WHERE `id` = 9 LIMIT 1   [ RunTime:0.0100s ]
SQL: SELECT * FROM `wemall_order_goods` WHERE `order_id` = 1306  [ RunTime:0.0100s ]
NOTIC: [8] Use of undefined constant foucsPicId - assumed 'foucsPicId' D:\xampp\htdocs\wemall\ThinkPHP\Application\OrderGoods\Model\OrderGoodsModel.class.php 第 25 行.
SQL: SELECT * FROM `wemall_attachment` WHERE `id` = 0 LIMIT 1   [ RunTime:0.0100s ]
SQL: SELECT * FROM `wemall_attachment` WHERE `id` = 9 LIMIT 1   [ RunTime:0.0100s ]
SQL: SELECT * FROM `wemall_order_goods` WHERE `order_id` = 1304  [ RunTime:0.0100s ]
NOTIC: [8] Use of undefined constant foucsPicId - assumed 'foucsPicId' D:\xampp\htdocs\wemall\ThinkPHP\Application\OrderGoods\Model\OrderGoodsModel.class.php 第 25 行.
SQL: SELECT * FROM `wemall_attachment` WHERE `id` = 0 LIMIT 1   [ RunTime:0.0100s ]
SQL: SELECT * FROM `wemall_attachment` WHERE `id` = 9 LIMIT 1   [ RunTime:0.0200s ]
SQL: SELECT * FROM `wemall_order_goods` WHERE `order_id` = 1303  [ RunTime:0.0100s ]
NOTIC: [8] Use of undefined constant foucsPicId - assumed 'foucsPicId' D:\xampp\htdocs\wemall\ThinkPHP\Application\OrderGoods\Model\OrderGoodsModel.class.php 第 25 行.
SQL: SELECT * FROM `wemall_attachment` WHERE `id` = 0 LIMIT 1   [ RunTime:0.0100s ]
SQL: SELECT * FROM `wemall_attachment` WHERE `id` = 9 LIMIT 1   [ RunTime:0.0100s ]
SQL: SHOW COLUMNS FROM `wemall_order_relation` [ RunTime:0.0100s ]
SQL: SELECT * FROM `wemall_order_relation` WHERE `id` = 345 LIMIT 1   [ RunTime:0.0100s ]
SQL: SELECT * FROM `wemall_order_relation` WHERE `id` = 344 LIMIT 1   [ RunTime:0.0100s ]
SQL: SELECT * FROM `wemall_order_relation` WHERE `id` = 334 LIMIT 1   [ RunTime:0.0100s ]
SQL: SELECT * FROM `wemall_order_relation` WHERE `id` = 333 LIMIT 1   [ RunTime:0.0100s ]
SQL: SELECT * FROM `wemall_order_relation` WHERE `id` = 331 LIMIT 1   [ RunTime:0.0100s ]
SQL: SELECT * FROM `wemall_order_relation` WHERE `id` = 331 LIMIT 1   [ RunTime:0.0200s ]
SQL: SELECT * FROM `wemall_order_relation` WHERE `id` = 329 LIMIT 1   [ RunTime:0.0100s ]
SQL: SELECT * FROM `wemall_order_relation` WHERE `id` = 327 LIMIT 1   [ RunTime:0.0100s ]
SQL: SELECT * FROM `wemall_order_relation` WHERE `id` = 326 LIMIT 1   [ RunTime:0.0200s ]
SQL: SELECT * FROM `wemall_order_relation` WHERE `id` = 322 LIMIT 1   [ RunTime:0.0100s ]
SQL: SELECT * FROM `wemall_order_relation` WHERE `id` = 321 LIMIT 1   [ RunTime:0.0100s ]
SQL: SELECT * FROM `wemall_order_relation` WHERE `id` = 318 LIMIT 1   [ RunTime:0.0100s ]
SQL: SELECT * FROM `wemall_order_relation` WHERE `id` = 317 LIMIT 1   [ RunTime:0.0100s ]
SQL: SELECT * FROM `wemall_order_relation` WHERE `id` = 310 LIMIT 1   [ RunTime:0.0000s ]
SQL: SELECT * FROM `wemall_order_relation` WHERE `id` = 309 LIMIT 1   [ RunTime:0.0100s ]
SQL: SELECT * FROM `wemall_order_relation` WHERE `id` = 308 LIMIT 1   [ RunTime:0.0100s ]
SQL: SELECT * FROM `wemall_order_relation` WHERE `id` = 308 LIMIT 1   [ RunTime:0.0100s ]
SQL: SELECT * FROM `wemall_order_relation` WHERE `id` = 307 LIMIT 1   [ RunTime:0.0100s ]
SQL: SELECT * FROM `wemall_order_relation` WHERE `id` = 306 LIMIT 1   [ RunTime:0.0100s ]
SQL: SELECT * FROM `wemall_order_relation` WHERE `id` = 304 LIMIT 1   [ RunTime:0.0100s ]
SQL: SELECT * FROM `wemall_order_relation` WHERE `id` = 296 LIMIT 1   [ RunTime:0.0100s ]
SQL: SELECT * FROM `wemall_order_relation` WHERE `id` = 295 LIMIT 1   [ RunTime:0.0100s ]
INFO: [ view_parse ] --START--
INFO: [ template_filter ] --START--
INFO: Run Behavior\ContentReplaceBehavior [ RunTime:0.000000s ]
INFO: [ template_filter ] --END-- [ RunTime:-2.410003s ]
INFO: Run Behavior\ParseTemplateBehavior [ RunTime:0.080000s ]
INFO: [ view_parse ] --END-- [ RunTime:-2.340003s ]
INFO: [ view_filter ] --START--
INFO: Run Behavior\WriteHtmlCacheBehavior [ RunTime:0.000000s ]
INFO: [ view_filter ] --END-- [ RunTime:-2.420003s ]
INFO: [ view_parse ] --START--
INFO: [ template_filter ] --START--
INFO: Run Behavior\ContentReplaceBehavior [ RunTime:0.000000s ]
INFO: [ template_filter ] --END-- [ RunTime:-2.430003s ]
NOTIC: [8] Undefined variable: YZTitle D:\xampp\htdocs\wemall\ThinkPHP\Application\Runtime\Cache\UserCenter\f64d738dec9062ca568444d9a07e17dd.php 第 15 行.
INFO: Run Behavior\ParseTemplateBehavior [ RunTime:0.010000s ]
INFO: [ view_parse ] --END-- [ RunTime:-2.420003s ]
INFO: [ view_filter ] --START--
INFO: Run Behavior\WriteHtmlCacheBehavior [ RunTime:0.000000s ]
INFO: [ view_filter ] --END-- [ RunTime:-2.430003s ]
INFO: [ app_end ] --START--
INFO: Run Behavior\ShowPageTraceBehavior [ RunTime:0.000000s ]
INFO: [ app_end ] --END-- [ RunTime:0.000000s ]

