[ 2015-05-03T09:35:15+08:00 ] 127.0.0.1 /wemall/WeiPHP/admin.php/Achievement/Settle/index.html
INFO: [ app_init ] --START--
INFO: Run Behavior\BuildLiteBehavior [ RunTime:0.000000s ]
INFO: [ app_init ] --END-- [ RunTime:0.001000s ]
INFO: [ app_begin ] --START--
INFO: Run Behavior\ReadHtmlCacheBehavior [ RunTime:0.001000s ]
INFO: [ app_begin ] --END-- [ RunTime:0.001000s ]
SQL: SHOW COLUMNS FROM `wemall_admin_menu` [ RunTime:0.0310s ]
SQL: SELECT * FROM `wemall_admin_menu` WHERE ( pid = 0 ) ORDER BY sort desc  [ RunTime:0.0090s ]
NOTIC: [8] Undefined variable: menuList D:\xampp\htdocs\wemall\ThinkPHP\Application\Admin\Model\AdminMenuModel.class.php 第 66 行.
NOTIC: [8] Undefined variable: menuList D:\xampp\htdocs\wemall\ThinkPHP\Application\Admin\Model\AdminMenuModel.class.php 第 66 行.
NOTIC: [8] Undefined variable: menuList D:\xampp\htdocs\wemall\ThinkPHP\Application\Admin\Model\AdminMenuModel.class.php 第 66 行.
NOTIC: [8] Undefined variable: menuList D:\xampp\htdocs\wemall\ThinkPHP\Application\Admin\Model\AdminMenuModel.class.php 第 66 行.
NOTIC: [8] Undefined variable: menuList D:\xampp\htdocs\wemall\ThinkPHP\Application\Admin\Model\AdminMenuModel.class.php 第 66 行.
NOTIC: [8] Undefined variable: menuList D:\xampp\htdocs\wemall\ThinkPHP\Application\Admin\Model\AdminMenuModel.class.php 第 66 行.
NOTIC: [8] Undefined variable: menuList D:\xampp\htdocs\wemall\ThinkPHP\Application\Admin\Model\AdminMenuModel.class.php 第 66 行.
NOTIC: [8] Undefined variable: menuList D:\xampp\htdocs\wemall\ThinkPHP\Application\Admin\Model\AdminMenuModel.class.php 第 66 行.
NOTIC: [8] Undefined variable: menuList D:\xampp\htdocs\wemall\ThinkPHP\Application\Admin\Model\AdminMenuModel.class.php 第 66 行.
NOTIC: [8] Undefined variable: menuList D:\xampp\htdocs\wemall\ThinkPHP\Application\Admin\Model\AdminMenuModel.class.php 第 66 行.
NOTIC: [8] Undefined variable: menuList D:\xampp\htdocs\wemall\ThinkPHP\Application\Admin\Model\AdminMenuModel.class.php 第 66 行.
NOTIC: [8] Use of undefined constant url - assumed 'url' D:\xampp\htdocs\wemall\ThinkPHP\Application\Admin\Controller\MenuListController.class.php 第 30 行.
NOTIC: [8] Use of undefined constant url - assumed 'url' D:\xampp\htdocs\wemall\ThinkPHP\Application\Admin\Controller\MenuListController.class.php 第 30 行.
NOTIC: [8] Use of undefined constant url - assumed 'url' D:\xampp\htdocs\wemall\ThinkPHP\Application\Admin\Controller\MenuListController.class.php 第 30 行.
NOTIC: [8] Use of undefined constant url - assumed 'url' D:\xampp\htdocs\wemall\ThinkPHP\Application\Admin\Controller\MenuListController.class.php 第 30 行.
NOTIC: [8] Use of undefined constant url - assumed 'url' D:\xampp\htdocs\wemall\ThinkPHP\Application\Admin\Controller\MenuListController.class.php 第 30 行.
NOTIC: [8] Use of undefined constant url - assumed 'url' D:\xampp\htdocs\wemall\ThinkPHP\Application\Admin\Controller\MenuListController.class.php 第 30 行.
NOTIC: [8] Use of undefined constant url - assumed 'url' D:\xampp\htdocs\wemall\ThinkPHP\Application\Admin\Controller\MenuListController.class.php 第 30 行.
NOTIC: [8] Use of undefined constant url - assumed 'url' D:\xampp\htdocs\wemall\ThinkPHP\Application\Admin\Controller\MenuListController.class.php 第 30 行.
NOTIC: [8] Use of undefined constant url - assumed 'url' D:\xampp\htdocs\wemall\ThinkPHP\Application\Admin\Controller\MenuListController.class.php 第 30 行.
NOTIC: [8] Use of undefined constant url - assumed 'url' D:\xampp\htdocs\wemall\ThinkPHP\Application\Admin\Controller\MenuListController.class.php 第 30 行.
NOTIC: [8] Use of undefined constant url - assumed 'url' D:\xampp\htdocs\wemall\ThinkPHP\Application\Admin\Controller\MenuListController.class.php 第 30 行.
SQL: SHOW COLUMNS FROM `wemall_admin_menu` [ RunTime:0.0090s ]
SQL: SELECT * FROM `wemall_admin_menu` WHERE `module` = 'Achievement' AND `controller` = 'Settle' AND `action` = 'index' LIMIT 1   [ RunTime:0.0100s ]
SQL: SELECT * FROM `wemall_admin_menu` WHERE `id` = 2 LIMIT 1   [ RunTime:0.0090s ]
NOTIC: [8] Use of undefined constant pid - assumed 'pid' D:\xampp\htdocs\wemall\ThinkPHP\Application\Admin\Model\AdminMenuModel.class.php 第 44 行.
INFO: [ view_parse ] --START--
INFO: [ template_filter ] --START--
INFO: Run Behavior\ContentReplaceBehavior [ RunTime:0.000000s ]
INFO: [ template_filter ] --END-- [ RunTime:0.000000s ]
NOTIC: [8] Undefined index: class D:\xampp\htdocs\wemall\ThinkPHP\Application\Runtime\Cache\Achievement\bc62bb2a7402468c1e0e6ba68e4517bd.php 第 2 行.
NOTIC: [8] Undefined index: class D:\xampp\htdocs\wemall\ThinkPHP\Application\Runtime\Cache\Achievement\bc62bb2a7402468c1e0e6ba68e4517bd.php 第 2 行.
NOTIC: [8] Undefined index: class D:\xampp\htdocs\wemall\ThinkPHP\Application\Runtime\Cache\Achievement\bc62bb2a7402468c1e0e6ba68e4517bd.php 第 2 行.
NOTIC: [8] Undefined index: class D:\xampp\htdocs\wemall\ThinkPHP\Application\Runtime\Cache\Achievement\bc62bb2a7402468c1e0e6ba68e4517bd.php 第 2 行.
NOTIC: [8] Undefined index: class D:\xampp\htdocs\wemall\ThinkPHP\Application\Runtime\Cache\Achievement\bc62bb2a7402468c1e0e6ba68e4517bd.php 第 2 行.
NOTIC: [8] Undefined index: class D:\xampp\htdocs\wemall\ThinkPHP\Application\Runtime\Cache\Achievement\bc62bb2a7402468c1e0e6ba68e4517bd.php 第 2 行.
NOTIC: [8] Undefined index: class D:\xampp\htdocs\wemall\ThinkPHP\Application\Runtime\Cache\Achievement\bc62bb2a7402468c1e0e6ba68e4517bd.php 第 2 行.
NOTIC: [8] Undefined index: class D:\xampp\htdocs\wemall\ThinkPHP\Application\Runtime\Cache\Achievement\bc62bb2a7402468c1e0e6ba68e4517bd.php 第 2 行.
NOTIC: [8] Undefined index: class D:\xampp\htdocs\wemall\ThinkPHP\Application\Runtime\Cache\Achievement\bc62bb2a7402468c1e0e6ba68e4517bd.php 第 2 行.
NOTIC: [8] Undefined index: class D:\xampp\htdocs\wemall\ThinkPHP\Application\Runtime\Cache\Achievement\bc62bb2a7402468c1e0e6ba68e4517bd.php 第 2 行.
INFO: Run Behavior\ParseTemplateBehavior [ RunTime:0.019001s ]
INFO: [ view_parse ] --END-- [ RunTime:0.019001s ]
INFO: [ view_filter ] --START--
INFO: Run Behavior\WriteHtmlCacheBehavior [ RunTime:0.000000s ]
INFO: [ view_filter ] --END-- [ RunTime:0.002000s ]
SQL: SELECT * FROM `wemall_admin_menu` WHERE `module` = 'Achievement' AND `controller` = 'Settle' AND `action` = 'index' LIMIT 1   [ RunTime:0.0090s ]
SQL: SELECT * FROM `wemall_admin_menu` WHERE `id` = 2 LIMIT 1   [ RunTime:0.0090s ]
NOTIC: [8] Use of undefined constant pid - assumed 'pid' D:\xampp\htdocs\wemall\ThinkPHP\Application\Admin\Model\AdminMenuModel.class.php 第 44 行.
SQL: SELECT * FROM `wemall_admin_menu` WHERE ( pid = 2 ) ORDER BY sort desc  [ RunTime:0.0130s ]
SQL: SELECT * FROM `wemall_admin_menu` WHERE ( pid = 37 ) ORDER BY sort desc  [ RunTime:0.0140s ]
SQL: SELECT * FROM `wemall_admin_menu` WHERE ( pid = 38 ) ORDER BY sort desc  [ RunTime:0.0110s ]
NOTIC: [8] Undefined variable: menuList D:\xampp\htdocs\wemall\ThinkPHP\Application\Admin\Model\AdminMenuModel.class.php 第 66 行.
SQL: SELECT * FROM `wemall_admin_menu` WHERE ( pid = 39 ) ORDER BY sort desc  [ RunTime:0.0100s ]
NOTIC: [8] Undefined variable: menuList D:\xampp\htdocs\wemall\ThinkPHP\Application\Admin\Model\AdminMenuModel.class.php 第 66 行.
NOTIC: [8] Undefined index: _child D:\xampp\htdocs\wemall\ThinkPHP\Application\Admin\Controller\MenuListController.class.php 第 97 行.
SQL: SELECT * FROM `wemall_admin_menu` WHERE `module` = 'Achievement' AND `controller` = 'Settle' AND `action` = 'index' LIMIT 1   [ RunTime:0.0150s ]
SQL: SHOW COLUMNS FROM `wemall_config` [ RunTime:0.0100s ]
SQL: SELECT `value` FROM `wemall_config` WHERE `group` = 10 AND `type` = 9  [ RunTime:0.0160s ]
SQL: SHOW COLUMNS FROM `wemall_rebate` [ RunTime:0.0100s ]
INFO: [ app_end ] --START--
INFO: Run Behavior\ShowPageTraceBehavior [ RunTime:0.001000s ]
INFO: [ app_end ] --END-- [ RunTime:0.002000s ]

[ 2015-05-03T09:35:16+08:00 ] 127.0.0.1 /wemall/WeiPHP/admin.php/Achievement/Settle/current.html
INFO: [ app_init ] --START--
INFO: Run Behavior\BuildLiteBehavior [ RunTime:0.000000s ]
INFO: [ app_init ] --END-- [ RunTime:0.001000s ]
INFO: [ app_begin ] --START--
INFO: Run Behavior\ReadHtmlCacheBehavior [ RunTime:0.001000s ]
INFO: [ app_begin ] --END-- [ RunTime:0.001000s ]
SQL: SHOW COLUMNS FROM `wemall_admin_menu` [ RunTime:0.0280s ]
SQL: SELECT * FROM `wemall_admin_menu` WHERE ( pid = 0 ) ORDER BY sort desc  [ RunTime:0.0100s ]
NOTIC: [8] Undefined variable: menuList D:\xampp\htdocs\wemall\ThinkPHP\Application\Admin\Model\AdminMenuModel.class.php 第 66 行.
NOTIC: [8] Undefined variable: menuList D:\xampp\htdocs\wemall\ThinkPHP\Application\Admin\Model\AdminMenuModel.class.php 第 66 行.
NOTIC: [8] Undefined variable: menuList D:\xampp\htdocs\wemall\ThinkPHP\Application\Admin\Model\AdminMenuModel.class.php 第 66 行.
NOTIC: [8] Undefined variable: menuList D:\xampp\htdocs\wemall\ThinkPHP\Application\Admin\Model\AdminMenuModel.class.php 第 66 行.
NOTIC: [8] Undefined variable: menuList D:\xampp\htdocs\wemall\ThinkPHP\Application\Admin\Model\AdminMenuModel.class.php 第 66 行.
NOTIC: [8] Undefined variable: menuList D:\xampp\htdocs\wemall\ThinkPHP\Application\Admin\Model\AdminMenuModel.class.php 第 66 行.
NOTIC: [8] Undefined variable: menuList D:\xampp\htdocs\wemall\ThinkPHP\Application\Admin\Model\AdminMenuModel.class.php 第 66 行.
NOTIC: [8] Undefined variable: menuList D:\xampp\htdocs\wemall\ThinkPHP\Application\Admin\Model\AdminMenuModel.class.php 第 66 行.
NOTIC: [8] Undefined variable: menuList D:\xampp\htdocs\wemall\ThinkPHP\Application\Admin\Model\AdminMenuModel.class.php 第 66 行.
NOTIC: [8] Undefined variable: menuList D:\xampp\htdocs\wemall\ThinkPHP\Application\Admin\Model\AdminMenuModel.class.php 第 66 行.
NOTIC: [8] Undefined variable: menuList D:\xampp\htdocs\wemall\ThinkPHP\Application\Admin\Model\AdminMenuModel.class.php 第 66 行.
NOTIC: [8] Use of undefined constant url - assumed 'url' D:\xampp\htdocs\wemall\ThinkPHP\Application\Admin\Controller\MenuListController.class.php 第 30 行.
NOTIC: [8] Use of undefined constant url - assumed 'url' D:\xampp\htdocs\wemall\ThinkPHP\Application\Admin\Controller\MenuListController.class.php 第 30 行.
NOTIC: [8] Use of undefined constant url - assumed 'url' D:\xampp\htdocs\wemall\ThinkPHP\Application\Admin\Controller\MenuListController.class.php 第 30 行.
NOTIC: [8] Use of undefined constant url - assumed 'url' D:\xampp\htdocs\wemall\ThinkPHP\Application\Admin\Controller\MenuListController.class.php 第 30 行.
NOTIC: [8] Use of undefined constant url - assumed 'url' D:\xampp\htdocs\wemall\ThinkPHP\Application\Admin\Controller\MenuListController.class.php 第 30 行.
NOTIC: [8] Use of undefined constant url - assumed 'url' D:\xampp\htdocs\wemall\ThinkPHP\Application\Admin\Controller\MenuListController.class.php 第 30 行.
NOTIC: [8] Use of undefined constant url - assumed 'url' D:\xampp\htdocs\wemall\ThinkPHP\Application\Admin\Controller\MenuListController.class.php 第 30 行.
NOTIC: [8] Use of undefined constant url - assumed 'url' D:\xampp\htdocs\wemall\ThinkPHP\Application\Admin\Controller\MenuListController.class.php 第 30 行.
NOTIC: [8] Use of undefined constant url - assumed 'url' D:\xampp\htdocs\wemall\ThinkPHP\Application\Admin\Controller\MenuListController.class.php 第 30 行.
NOTIC: [8] Use of undefined constant url - assumed 'url' D:\xampp\htdocs\wemall\ThinkPHP\Application\Admin\Controller\MenuListController.class.php 第 30 行.
NOTIC: [8] Use of undefined constant url - assumed 'url' D:\xampp\htdocs\wemall\ThinkPHP\Application\Admin\Controller\MenuListController.class.php 第 30 行.
SQL: SHOW COLUMNS FROM `wemall_admin_menu` [ RunTime:0.0170s ]
SQL: SELECT * FROM `wemall_admin_menu` WHERE `module` = 'Achievement' AND `controller` = 'Settle' AND `action` = 'current' LIMIT 1   [ RunTime:0.0080s ]
SQL: SELECT * FROM `wemall_admin_menu` WHERE `id` = 37 LIMIT 1   [ RunTime:0.0080s ]
NOTIC: [8] Use of undefined constant pid - assumed 'pid' D:\xampp\htdocs\wemall\ThinkPHP\Application\Admin\Model\AdminMenuModel.class.php 第 44 行.
SQL: SELECT * FROM `wemall_admin_menu` WHERE `id` = 2 LIMIT 1   [ RunTime:0.0120s ]
NOTIC: [8] Use of undefined constant pid - assumed 'pid' D:\xampp\htdocs\wemall\ThinkPHP\Application\Admin\Model\AdminMenuModel.class.php 第 44 行.
INFO: [ view_parse ] --START--
INFO: [ template_filter ] --START--
INFO: Run Behavior\ContentReplaceBehavior [ RunTime:0.000000s ]
INFO: [ template_filter ] --END-- [ RunTime:0.001000s ]
NOTIC: [8] Undefined index: class D:\xampp\htdocs\wemall\ThinkPHP\Application\Runtime\Cache\Achievement\bc62bb2a7402468c1e0e6ba68e4517bd.php 第 2 行.
NOTIC: [8] Undefined index: class D:\xampp\htdocs\wemall\ThinkPHP\Application\Runtime\Cache\Achievement\bc62bb2a7402468c1e0e6ba68e4517bd.php 第 2 行.
NOTIC: [8] Undefined index: class D:\xampp\htdocs\wemall\ThinkPHP\Application\Runtime\Cache\Achievement\bc62bb2a7402468c1e0e6ba68e4517bd.php 第 2 行.
NOTIC: [8] Undefined index: class D:\xampp\htdocs\wemall\ThinkPHP\Application\Runtime\Cache\Achievement\bc62bb2a7402468c1e0e6ba68e4517bd.php 第 2 行.
NOTIC: [8] Undefined index: class D:\xampp\htdocs\wemall\ThinkPHP\Application\Runtime\Cache\Achievement\bc62bb2a7402468c1e0e6ba68e4517bd.php 第 2 行.
NOTIC: [8] Undefined index: class D:\xampp\htdocs\wemall\ThinkPHP\Application\Runtime\Cache\Achievement\bc62bb2a7402468c1e0e6ba68e4517bd.php 第 2 行.
NOTIC: [8] Undefined index: class D:\xampp\htdocs\wemall\ThinkPHP\Application\Runtime\Cache\Achievement\bc62bb2a7402468c1e0e6ba68e4517bd.php 第 2 行.
NOTIC: [8] Undefined index: class D:\xampp\htdocs\wemall\ThinkPHP\Application\Runtime\Cache\Achievement\bc62bb2a7402468c1e0e6ba68e4517bd.php 第 2 行.
NOTIC: [8] Undefined index: class D:\xampp\htdocs\wemall\ThinkPHP\Application\Runtime\Cache\Achievement\bc62bb2a7402468c1e0e6ba68e4517bd.php 第 2 行.
NOTIC: [8] Undefined index: class D:\xampp\htdocs\wemall\ThinkPHP\Application\Runtime\Cache\Achievement\bc62bb2a7402468c1e0e6ba68e4517bd.php 第 2 行.
INFO: Run Behavior\ParseTemplateBehavior [ RunTime:0.019001s ]
INFO: [ view_parse ] --END-- [ RunTime:0.019001s ]
INFO: [ view_filter ] --START--
INFO: Run Behavior\WriteHtmlCacheBehavior [ RunTime:0.001000s ]
INFO: [ view_filter ] --END-- [ RunTime:0.001000s ]
SQL: SELECT * FROM `wemall_admin_menu` WHERE `module` = 'Achievement' AND `controller` = 'Settle' AND `action` = 'current' LIMIT 1   [ RunTime:0.0080s ]
SQL: SELECT * FROM `wemall_admin_menu` WHERE `id` = 37 LIMIT 1   [ RunTime:0.0070s ]
NOTIC: [8] Use of undefined constant pid - assumed 'pid' D:\xampp\htdocs\wemall\ThinkPHP\Application\Admin\Model\AdminMenuModel.class.php 第 44 行.
SQL: SELECT * FROM `wemall_admin_menu` WHERE `id` = 2 LIMIT 1   [ RunTime:0.0120s ]
NOTIC: [8] Use of undefined constant pid - assumed 'pid' D:\xampp\htdocs\wemall\ThinkPHP\Application\Admin\Model\AdminMenuModel.class.php 第 44 行.
SQL: SELECT * FROM `wemall_admin_menu` WHERE ( pid = 2 ) ORDER BY sort desc  [ RunTime:0.0090s ]
SQL: SELECT * FROM `wemall_admin_menu` WHERE ( pid = 37 ) ORDER BY sort desc  [ RunTime:0.0100s ]
SQL: SELECT * FROM `wemall_admin_menu` WHERE ( pid = 38 ) ORDER BY sort desc  [ RunTime:0.0080s ]
NOTIC: [8] Undefined variable: menuList D:\xampp\htdocs\wemall\ThinkPHP\Application\Admin\Model\AdminMenuModel.class.php 第 66 行.
SQL: SELECT * FROM `wemall_admin_menu` WHERE ( pid = 39 ) ORDER BY sort desc  [ RunTime:0.0090s ]
NOTIC: [8] Undefined variable: menuList D:\xampp\htdocs\wemall\ThinkPHP\Application\Admin\Model\AdminMenuModel.class.php 第 66 行.
NOTIC: [8] Undefined index: _child D:\xampp\htdocs\wemall\ThinkPHP\Application\Admin\Controller\MenuListController.class.php 第 97 行.
SQL: SELECT * FROM `wemall_admin_menu` WHERE `module` = 'Achievement' AND `controller` = 'Settle' AND `action` = 'current' LIMIT 1   [ RunTime:0.0080s ]
SQL: SHOW COLUMNS FROM `wemall_config` [ RunTime:0.0080s ]
SQL: SELECT `value` FROM `wemall_config` WHERE `group` = 10 AND `type` = 9  [ RunTime:0.0080s ]
SQL: SHOW COLUMNS FROM `wemall_rebate` [ RunTime:0.0110s ]
SQL: SHOW COLUMNS FROM `wemall_order_form` [ RunTime:0.0120s ]
SQL: SELECT * FROM `wemall_order_form` WHERE `pay_time` BETWEEN 1430409600 AND 1430616916  [ RunTime:0.0090s ]
NOTIC: [8] Undefined variable: counts D:\xampp\htdocs\wemall\ThinkPHP\Application\Admin\Controller\PageController.class.php 第 135 行.
NOTIC: [8] Undefined variable: counts D:\xampp\htdocs\wemall\ThinkPHP\Application\Admin\Controller\PageController.class.php 第 135 行.
NOTIC: [8] Undefined variable: showPage D:\xampp\htdocs\wemall\ThinkPHP\Application\Admin\Controller\PageController.class.php 第 269 行.
INFO: [ view_parse ] --START--
INFO: [ template_filter ] --START--
INFO: Run Behavior\ContentReplaceBehavior [ RunTime:0.000000s ]
INFO: [ template_filter ] --END-- [ RunTime:-0.171009s ]
NOTIC: [8] Undefined variable: js D:\xampp\htdocs\wemall\ThinkPHP\Application\Runtime\Cache\Achievement\1f2c17378cd45f3e15a70a6254b5825f.php 第 42 行.
INFO: Run Behavior\ParseTemplateBehavior [ RunTime:0.076004s ]
INFO: [ view_parse ] --END-- [ RunTime:-0.157009s ]
INFO: [ view_filter ] --START--
INFO: Run Behavior\WriteHtmlCacheBehavior [ RunTime:0.000000s ]
INFO: [ view_filter ] --END-- [ RunTime:-0.232013s ]
INFO: [ view_parse ] --START--
INFO: [ template_filter ] --START--
INFO: Run Behavior\ContentReplaceBehavior [ RunTime:0.000000s ]
INFO: [ template_filter ] --END-- [ RunTime:-0.250014s ]
NOTIC: [8] Undefined variable: YZFooterJs D:\xampp\htdocs\wemall\ThinkPHP\Application\Runtime\Cache\Achievement\bbbf7050b05668fa13be77e37d2e0d3d.php 第 40 行.
INFO: Run Behavior\ParseTemplateBehavior [ RunTime:0.017001s ]
INFO: [ view_parse ] --END-- [ RunTime:-0.234013s ]
INFO: [ view_filter ] --START--
INFO: Run Behavior\WriteHtmlCacheBehavior [ RunTime:0.000000s ]
INFO: [ view_filter ] --END-- [ RunTime:-0.251014s ]
INFO: [ app_end ] --START--
INFO: Run Behavior\ShowPageTraceBehavior [ RunTime:0.001000s ]
INFO: [ app_end ] --END-- [ RunTime:0.002000s ]

[ 2015-05-03T15:33:06+08:00 ] 127.0.0.1 /wemall/WeiPHP/admin.php/Achievement/Settle/index.html
INFO: [ app_init ] --START--
INFO: Run Behavior\BuildLiteBehavior [ RunTime:0.000000s ]
INFO: [ app_init ] --END-- [ RunTime:0.000000s ]
INFO: [ app_begin ] --START--
INFO: Run Behavior\ReadHtmlCacheBehavior [ RunTime:0.001000s ]
INFO: [ app_begin ] --END-- [ RunTime:0.001000s ]
SQL: SHOW COLUMNS FROM `wemall_admin_menu` [ RunTime:0.0290s ]
SQL: SELECT * FROM `wemall_admin_menu` WHERE ( pid = 0 ) ORDER BY sort desc  [ RunTime:0.0090s ]
NOTIC: [8] Undefined variable: menuList D:\xampp\htdocs\wemall\ThinkPHP\Application\Admin\Model\AdminMenuModel.class.php 第 66 行.
NOTIC: [8] Undefined variable: menuList D:\xampp\htdocs\wemall\ThinkPHP\Application\Admin\Model\AdminMenuModel.class.php 第 66 行.
NOTIC: [8] Undefined variable: menuList D:\xampp\htdocs\wemall\ThinkPHP\Application\Admin\Model\AdminMenuModel.class.php 第 66 行.
NOTIC: [8] Undefined variable: menuList D:\xampp\htdocs\wemall\ThinkPHP\Application\Admin\Model\AdminMenuModel.class.php 第 66 行.
NOTIC: [8] Undefined variable: menuList D:\xampp\htdocs\wemall\ThinkPHP\Application\Admin\Model\AdminMenuModel.class.php 第 66 行.
NOTIC: [8] Undefined variable: menuList D:\xampp\htdocs\wemall\ThinkPHP\Application\Admin\Model\AdminMenuModel.class.php 第 66 行.
NOTIC: [8] Undefined variable: menuList D:\xampp\htdocs\wemall\ThinkPHP\Application\Admin\Model\AdminMenuModel.class.php 第 66 行.
NOTIC: [8] Undefined variable: menuList D:\xampp\htdocs\wemall\ThinkPHP\Application\Admin\Model\AdminMenuModel.class.php 第 66 行.
NOTIC: [8] Undefined variable: menuList D:\xampp\htdocs\wemall\ThinkPHP\Application\Admin\Model\AdminMenuModel.class.php 第 66 行.
NOTIC: [8] Undefined variable: menuList D:\xampp\htdocs\wemall\ThinkPHP\Application\Admin\Model\AdminMenuModel.class.php 第 66 行.
NOTIC: [8] Undefined variable: menuList D:\xampp\htdocs\wemall\ThinkPHP\Application\Admin\Model\AdminMenuModel.class.php 第 66 行.
NOTIC: [8] Use of undefined constant url - assumed 'url' D:\xampp\htdocs\wemall\ThinkPHP\Application\Admin\Controller\MenuListController.class.php 第 30 行.
NOTIC: [8] Use of undefined constant url - assumed 'url' D:\xampp\htdocs\wemall\ThinkPHP\Application\Admin\Controller\MenuListController.class.php 第 30 行.
NOTIC: [8] Use of undefined constant url - assumed 'url' D:\xampp\htdocs\wemall\ThinkPHP\Application\Admin\Controller\MenuListController.class.php 第 30 行.
NOTIC: [8] Use of undefined constant url - assumed 'url' D:\xampp\htdocs\wemall\ThinkPHP\Application\Admin\Controller\MenuListController.class.php 第 30 行.
NOTIC: [8] Use of undefined constant url - assumed 'url' D:\xampp\htdocs\wemall\ThinkPHP\Application\Admin\Controller\MenuListController.class.php 第 30 行.
NOTIC: [8] Use of undefined constant url - assumed 'url' D:\xampp\htdocs\wemall\ThinkPHP\Application\Admin\Controller\MenuListController.class.php 第 30 行.
NOTIC: [8] Use of undefined constant url - assumed 'url' D:\xampp\htdocs\wemall\ThinkPHP\Application\Admin\Controller\MenuListController.class.php 第 30 行.
NOTIC: [8] Use of undefined constant url - assumed 'url' D:\xampp\htdocs\wemall\ThinkPHP\Application\Admin\Controller\MenuListController.class.php 第 30 行.
NOTIC: [8] Use of undefined constant url - assumed 'url' D:\xampp\htdocs\wemall\ThinkPHP\Application\Admin\Controller\MenuListController.class.php 第 30 行.
NOTIC: [8] Use of undefined constant url - assumed 'url' D:\xampp\htdocs\wemall\ThinkPHP\Application\Admin\Controller\MenuListController.class.php 第 30 行.
NOTIC: [8] Use of undefined constant url - assumed 'url' D:\xampp\htdocs\wemall\ThinkPHP\Application\Admin\Controller\MenuListController.class.php 第 30 行.
SQL: SHOW COLUMNS FROM `wemall_admin_menu` [ RunTime:0.0100s ]
SQL: SELECT * FROM `wemall_admin_menu` WHERE `module` = 'Achievement' AND `controller` = 'Settle' AND `action` = 'index' LIMIT 1   [ RunTime:0.0090s ]
SQL: SELECT * FROM `wemall_admin_menu` WHERE `id` = 2 LIMIT 1   [ RunTime:0.0080s ]
NOTIC: [8] Use of undefined constant pid - assumed 'pid' D:\xampp\htdocs\wemall\ThinkPHP\Application\Admin\Model\AdminMenuModel.class.php 第 44 行.
INFO: [ view_parse ] --START--
INFO: [ template_filter ] --START--
INFO: Run Behavior\ContentReplaceBehavior [ RunTime:0.000000s ]
INFO: [ template_filter ] --END-- [ RunTime:0.000000s ]
NOTIC: [8] Undefined index: class D:\xampp\htdocs\wemall\ThinkPHP\Application\Runtime\Cache\Achievement\bc62bb2a7402468c1e0e6ba68e4517bd.php 第 2 行.
NOTIC: [8] Undefined index: class D:\xampp\htdocs\wemall\ThinkPHP\Application\Runtime\Cache\Achievement\bc62bb2a7402468c1e0e6ba68e4517bd.php 第 2 行.
NOTIC: [8] Undefined index: class D:\xampp\htdocs\wemall\ThinkPHP\Application\Runtime\Cache\Achievement\bc62bb2a7402468c1e0e6ba68e4517bd.php 第 2 行.
NOTIC: [8] Undefined index: class D:\xampp\htdocs\wemall\ThinkPHP\Application\Runtime\Cache\Achievement\bc62bb2a7402468c1e0e6ba68e4517bd.php 第 2 行.
NOTIC: [8] Undefined index: class D:\xampp\htdocs\wemall\ThinkPHP\Application\Runtime\Cache\Achievement\bc62bb2a7402468c1e0e6ba68e4517bd.php 第 2 行.
NOTIC: [8] Undefined index: class D:\xampp\htdocs\wemall\ThinkPHP\Application\Runtime\Cache\Achievement\bc62bb2a7402468c1e0e6ba68e4517bd.php 第 2 行.
NOTIC: [8] Undefined index: class D:\xampp\htdocs\wemall\ThinkPHP\Application\Runtime\Cache\Achievement\bc62bb2a7402468c1e0e6ba68e4517bd.php 第 2 行.
NOTIC: [8] Undefined index: class D:\xampp\htdocs\wemall\ThinkPHP\Application\Runtime\Cache\Achievement\bc62bb2a7402468c1e0e6ba68e4517bd.php 第 2 行.
NOTIC: [8] Undefined index: class D:\xampp\htdocs\wemall\ThinkPHP\Application\Runtime\Cache\Achievement\bc62bb2a7402468c1e0e6ba68e4517bd.php 第 2 行.
NOTIC: [8] Undefined index: class D:\xampp\htdocs\wemall\ThinkPHP\Application\Runtime\Cache\Achievement\bc62bb2a7402468c1e0e6ba68e4517bd.php 第 2 行.
INFO: Run Behavior\ParseTemplateBehavior [ RunTime:0.020001s ]
INFO: [ view_parse ] --END-- [ RunTime:0.021001s ]
INFO: [ view_filter ] --START--
INFO: Run Behavior\WriteHtmlCacheBehavior [ RunTime:0.001000s ]
INFO: [ view_filter ] --END-- [ RunTime:0.001000s ]
SQL: SELECT * FROM `wemall_admin_menu` WHERE `module` = 'Achievement' AND `controller` = 'Settle' AND `action` = 'index' LIMIT 1   [ RunTime:0.0070s ]
SQL: SELECT * FROM `wemall_admin_menu` WHERE `id` = 2 LIMIT 1   [ RunTime:0.0000s ]
NOTIC: [8] Use of undefined constant pid - assumed 'pid' D:\xampp\htdocs\wemall\ThinkPHP\Application\Admin\Model\AdminMenuModel.class.php 第 44 行.
SQL: SELECT * FROM `wemall_admin_menu` WHERE ( pid = 2 ) ORDER BY sort desc  [ RunTime:0.0206s ]
SQL: SELECT * FROM `wemall_admin_menu` WHERE ( pid = 37 ) ORDER BY sort desc  [ RunTime:0.0090s ]
SQL: SELECT * FROM `wemall_admin_menu` WHERE ( pid = 38 ) ORDER BY sort desc  [ RunTime:0.0010s ]
NOTIC: [8] Undefined variable: menuList D:\xampp\htdocs\wemall\ThinkPHP\Application\Admin\Model\AdminMenuModel.class.php 第 66 行.
SQL: SELECT * FROM `wemall_admin_menu` WHERE ( pid = 39 ) ORDER BY sort desc  [ RunTime:0.0166s ]
NOTIC: [8] Undefined variable: menuList D:\xampp\htdocs\wemall\ThinkPHP\Application\Admin\Model\AdminMenuModel.class.php 第 66 行.
NOTIC: [8] Undefined index: _child D:\xampp\htdocs\wemall\ThinkPHP\Application\Admin\Controller\MenuListController.class.php 第 97 行.
SQL: SELECT * FROM `wemall_admin_menu` WHERE `module` = 'Achievement' AND `controller` = 'Settle' AND `action` = 'index' LIMIT 1   [ RunTime:0.0080s ]
SQL: SHOW COLUMNS FROM `wemall_config` [ RunTime:0.0186s ]
SQL: SELECT `value` FROM `wemall_config` WHERE `group` = 10 AND `type` = 9  [ RunTime:0.0080s ]
SQL: SHOW COLUMNS FROM `wemall_rebate` [ RunTime:0.0090s ]
INFO: [ app_end ] --START--
INFO: Run Behavior\ShowPageTraceBehavior [ RunTime:0.002000s ]
INFO: [ app_end ] --END-- [ RunTime:0.003000s ]

[ 2015-05-03T15:33:07+08:00 ] 127.0.0.1 /wemall/WeiPHP/admin.php/Achievement/Settle/current.html
INFO: [ app_init ] --START--
INFO: Run Behavior\BuildLiteBehavior [ RunTime:0.000000s ]
INFO: [ app_init ] --END-- [ RunTime:0.000000s ]
INFO: [ app_begin ] --START--
INFO: Run Behavior\ReadHtmlCacheBehavior [ RunTime:0.000000s ]
INFO: [ app_begin ] --END-- [ RunTime:0.000000s ]
SQL: SHOW COLUMNS FROM `wemall_admin_menu` [ RunTime:0.0280s ]
SQL: SELECT * FROM `wemall_admin_menu` WHERE ( pid = 0 ) ORDER BY sort desc  [ RunTime:0.0000s ]
NOTIC: [8] Undefined variable: menuList D:\xampp\htdocs\wemall\ThinkPHP\Application\Admin\Model\AdminMenuModel.class.php 第 66 行.
NOTIC: [8] Undefined variable: menuList D:\xampp\htdocs\wemall\ThinkPHP\Application\Admin\Model\AdminMenuModel.class.php 第 66 行.
NOTIC: [8] Undefined variable: menuList D:\xampp\htdocs\wemall\ThinkPHP\Application\Admin\Model\AdminMenuModel.class.php 第 66 行.
NOTIC: [8] Undefined variable: menuList D:\xampp\htdocs\wemall\ThinkPHP\Application\Admin\Model\AdminMenuModel.class.php 第 66 行.
NOTIC: [8] Undefined variable: menuList D:\xampp\htdocs\wemall\ThinkPHP\Application\Admin\Model\AdminMenuModel.class.php 第 66 行.
NOTIC: [8] Undefined variable: menuList D:\xampp\htdocs\wemall\ThinkPHP\Application\Admin\Model\AdminMenuModel.class.php 第 66 行.
NOTIC: [8] Undefined variable: menuList D:\xampp\htdocs\wemall\ThinkPHP\Application\Admin\Model\AdminMenuModel.class.php 第 66 行.
NOTIC: [8] Undefined variable: menuList D:\xampp\htdocs\wemall\ThinkPHP\Application\Admin\Model\AdminMenuModel.class.php 第 66 行.
NOTIC: [8] Undefined variable: menuList D:\xampp\htdocs\wemall\ThinkPHP\Application\Admin\Model\AdminMenuModel.class.php 第 66 行.
NOTIC: [8] Undefined variable: menuList D:\xampp\htdocs\wemall\ThinkPHP\Application\Admin\Model\AdminMenuModel.class.php 第 66 行.
NOTIC: [8] Undefined variable: menuList D:\xampp\htdocs\wemall\ThinkPHP\Application\Admin\Model\AdminMenuModel.class.php 第 66 行.
NOTIC: [8] Use of undefined constant url - assumed 'url' D:\xampp\htdocs\wemall\ThinkPHP\Application\Admin\Controller\MenuListController.class.php 第 30 行.
NOTIC: [8] Use of undefined constant url - assumed 'url' D:\xampp\htdocs\wemall\ThinkPHP\Application\Admin\Controller\MenuListController.class.php 第 30 行.
NOTIC: [8] Use of undefined constant url - assumed 'url' D:\xampp\htdocs\wemall\ThinkPHP\Application\Admin\Controller\MenuListController.class.php 第 30 行.
NOTIC: [8] Use of undefined constant url - assumed 'url' D:\xampp\htdocs\wemall\ThinkPHP\Application\Admin\Controller\MenuListController.class.php 第 30 行.
NOTIC: [8] Use of undefined constant url - assumed 'url' D:\xampp\htdocs\wemall\ThinkPHP\Application\Admin\Controller\MenuListController.class.php 第 30 行.
NOTIC: [8] Use of undefined constant url - assumed 'url' D:\xampp\htdocs\wemall\ThinkPHP\Application\Admin\Controller\MenuListController.class.php 第 30 行.
NOTIC: [8] Use of undefined constant url - assumed 'url' D:\xampp\htdocs\wemall\ThinkPHP\Application\Admin\Controller\MenuListController.class.php 第 30 行.
NOTIC: [8] Use of undefined constant url - assumed 'url' D:\xampp\htdocs\wemall\ThinkPHP\Application\Admin\Controller\MenuListController.class.php 第 30 行.
NOTIC: [8] Use of undefined constant url - assumed 'url' D:\xampp\htdocs\wemall\ThinkPHP\Application\Admin\Controller\MenuListController.class.php 第 30 行.
NOTIC: [8] Use of undefined constant url - assumed 'url' D:\xampp\htdocs\wemall\ThinkPHP\Application\Admin\Controller\MenuListController.class.php 第 30 行.
NOTIC: [8] Use of undefined constant url - assumed 'url' D:\xampp\htdocs\wemall\ThinkPHP\Application\Admin\Controller\MenuListController.class.php 第 30 行.
SQL: SHOW COLUMNS FROM `wemall_admin_menu` [ RunTime:0.0000s ]
SQL: SELECT * FROM `wemall_admin_menu` WHERE `module` = 'Achievement' AND `controller` = 'Settle' AND `action` = 'current' LIMIT 1   [ RunTime:0.0020s ]
SQL: SELECT * FROM `wemall_admin_menu` WHERE `id` = 37 LIMIT 1   [ RunTime:0.0000s ]
NOTIC: [8] Use of undefined constant pid - assumed 'pid' D:\xampp\htdocs\wemall\ThinkPHP\Application\Admin\Model\AdminMenuModel.class.php 第 44 行.
SQL: SELECT * FROM `wemall_admin_menu` WHERE `id` = 2 LIMIT 1   [ RunTime:0.0010s ]
NOTIC: [8] Use of undefined constant pid - assumed 'pid' D:\xampp\htdocs\wemall\ThinkPHP\Application\Admin\Model\AdminMenuModel.class.php 第 44 行.
INFO: [ view_parse ] --START--
INFO: [ template_filter ] --START--
INFO: Run Behavior\ContentReplaceBehavior [ RunTime:0.000000s ]
INFO: [ template_filter ] --END-- [ RunTime:0.000000s ]
NOTIC: [8] Undefined index: class D:\xampp\htdocs\wemall\ThinkPHP\Application\Runtime\Cache\Achievement\bc62bb2a7402468c1e0e6ba68e4517bd.php 第 2 行.
NOTIC: [8] Undefined index: class D:\xampp\htdocs\wemall\ThinkPHP\Application\Runtime\Cache\Achievement\bc62bb2a7402468c1e0e6ba68e4517bd.php 第 2 行.
NOTIC: [8] Undefined index: class D:\xampp\htdocs\wemall\ThinkPHP\Application\Runtime\Cache\Achievement\bc62bb2a7402468c1e0e6ba68e4517bd.php 第 2 行.
NOTIC: [8] Undefined index: class D:\xampp\htdocs\wemall\ThinkPHP\Application\Runtime\Cache\Achievement\bc62bb2a7402468c1e0e6ba68e4517bd.php 第 2 行.
NOTIC: [8] Undefined index: class D:\xampp\htdocs\wemall\ThinkPHP\Application\Runtime\Cache\Achievement\bc62bb2a7402468c1e0e6ba68e4517bd.php 第 2 行.
NOTIC: [8] Undefined index: class D:\xampp\htdocs\wemall\ThinkPHP\Application\Runtime\Cache\Achievement\bc62bb2a7402468c1e0e6ba68e4517bd.php 第 2 行.
NOTIC: [8] Undefined index: class D:\xampp\htdocs\wemall\ThinkPHP\Application\Runtime\Cache\Achievement\bc62bb2a7402468c1e0e6ba68e4517bd.php 第 2 行.
NOTIC: [8] Undefined index: class D:\xampp\htdocs\wemall\ThinkPHP\Application\Runtime\Cache\Achievement\bc62bb2a7402468c1e0e6ba68e4517bd.php 第 2 行.
NOTIC: [8] Undefined index: class D:\xampp\htdocs\wemall\ThinkPHP\Application\Runtime\Cache\Achievement\bc62bb2a7402468c1e0e6ba68e4517bd.php 第 2 行.
NOTIC: [8] Undefined index: class D:\xampp\htdocs\wemall\ThinkPHP\Application\Runtime\Cache\Achievement\bc62bb2a7402468c1e0e6ba68e4517bd.php 第 2 行.
INFO: Run Behavior\ParseTemplateBehavior [ RunTime:0.033200s ]
INFO: [ view_parse ] --END-- [ RunTime:0.033200s ]
INFO: [ view_filter ] --START--
INFO: Run Behavior\WriteHtmlCacheBehavior [ RunTime:0.000000s ]
INFO: [ view_filter ] --END-- [ RunTime:0.000000s ]
SQL: SELECT * FROM `wemall_admin_menu` WHERE `module` = 'Achievement' AND `controller` = 'Settle' AND `action` = 'current' LIMIT 1   [ RunTime:0.0000s ]
SQL: SELECT * FROM `wemall_admin_menu` WHERE `id` = 37 LIMIT 1   [ RunTime:0.0156s ]
NOTIC: [8] Use of undefined constant pid - assumed 'pid' D:\xampp\htdocs\wemall\ThinkPHP\Application\Admin\Model\AdminMenuModel.class.php 第 44 行.
SQL: SELECT * FROM `wemall_admin_menu` WHERE `id` = 2 LIMIT 1   [ RunTime:0.0000s ]
NOTIC: [8] Use of undefined constant pid - assumed 'pid' D:\xampp\htdocs\wemall\ThinkPHP\Application\Admin\Model\AdminMenuModel.class.php 第 44 行.
SQL: SELECT * FROM `wemall_admin_menu` WHERE ( pid = 2 ) ORDER BY sort desc  [ RunTime:0.0186s ]
SQL: SELECT * FROM `wemall_admin_menu` WHERE ( pid = 37 ) ORDER BY sort desc  [ RunTime:0.0070s ]
SQL: SELECT * FROM `wemall_admin_menu` WHERE ( pid = 38 ) ORDER BY sort desc  [ RunTime:0.0070s ]
NOTIC: [8] Undefined variable: menuList D:\xampp\htdocs\wemall\ThinkPHP\Application\Admin\Model\AdminMenuModel.class.php 第 66 行.
SQL: SELECT * FROM `wemall_admin_menu` WHERE ( pid = 39 ) ORDER BY sort desc  [ RunTime:0.0110s ]
NOTIC: [8] Undefined variable: menuList D:\xampp\htdocs\wemall\ThinkPHP\Application\Admin\Model\AdminMenuModel.class.php 第 66 行.
NOTIC: [8] Undefined index: _child D:\xampp\htdocs\wemall\ThinkPHP\Application\Admin\Controller\MenuListController.class.php 第 97 行.
SQL: SELECT * FROM `wemall_admin_menu` WHERE `module` = 'Achievement' AND `controller` = 'Settle' AND `action` = 'current' LIMIT 1   [ RunTime:0.0080s ]
SQL: SHOW COLUMNS FROM `wemall_config` [ RunTime:0.0000s ]
SQL: SELECT `value` FROM `wemall_config` WHERE `group` = 10 AND `type` = 9  [ RunTime:0.0156s ]
SQL: SHOW COLUMNS FROM `wemall_rebate` [ RunTime:0.0156s ]
SQL: SHOW COLUMNS FROM `wemall_order_form` [ RunTime:0.0090s ]
SQL: SELECT * FROM `wemall_order_form` WHERE `pay_time` BETWEEN 1430409600 AND 1430638387  [ RunTime:0.0080s ]
NOTIC: [8] Undefined variable: counts D:\xampp\htdocs\wemall\ThinkPHP\Application\Admin\Controller\PageController.class.php 第 135 行.
NOTIC: [8] Undefined variable: counts D:\xampp\htdocs\wemall\ThinkPHP\Application\Admin\Controller\PageController.class.php 第 135 行.
NOTIC: [8] Undefined variable: showPage D:\xampp\htdocs\wemall\ThinkPHP\Application\Admin\Controller\PageController.class.php 第 269 行.
INFO: [ view_parse ] --START--
INFO: [ template_filter ] --START--
INFO: Run Behavior\ContentReplaceBehavior [ RunTime:0.000000s ]
INFO: [ template_filter ] --END-- [ RunTime:-0.200007s ]
NOTIC: [8] Undefined variable: js D:\xampp\htdocs\wemall\ThinkPHP\Application\Runtime\Cache\Achievement\1f2c17378cd45f3e15a70a6254b5825f.php 第 42 行.
INFO: Run Behavior\ParseTemplateBehavior [ RunTime:0.002000s ]
INFO: [ view_parse ] --END-- [ RunTime:-0.180407s ]
INFO: [ view_filter ] --START--
INFO: Run Behavior\WriteHtmlCacheBehavior [ RunTime:0.000000s ]
INFO: [ view_filter ] --END-- [ RunTime:-0.182407s ]
INFO: [ view_parse ] --START--
INFO: [ template_filter ] --START--
INFO: Run Behavior\ContentReplaceBehavior [ RunTime:0.000000s ]
INFO: [ template_filter ] --END-- [ RunTime:-0.215607s ]
NOTIC: [8] Undefined variable: YZFooterJs D:\xampp\htdocs\wemall\ThinkPHP\Application\Runtime\Cache\Achievement\bbbf7050b05668fa13be77e37d2e0d3d.php 第 40 行.
INFO: Run Behavior\ParseTemplateBehavior [ RunTime:0.017600s ]
INFO: [ view_parse ] --END-- [ RunTime:-0.182407s ]
INFO: [ view_filter ] --START--
INFO: Run Behavior\WriteHtmlCacheBehavior [ RunTime:0.000000s ]
INFO: [ view_filter ] --END-- [ RunTime:-0.200007s ]
INFO: [ app_end ] --START--
INFO: Run Behavior\ShowPageTraceBehavior [ RunTime:0.000000s ]
INFO: [ app_end ] --END-- [ RunTime:0.000000s ]

