[ 2015-05-17T11:22:24+08:00 ] 127.0.0.1 /wemall/WeiPHP/index.php/Uploads/CountryIcon/7.png
INFO: [ app_init ] --START--
INFO: Run Behavior\BuildLiteBehavior [ RunTime:0.000000s ]
INFO: [ app_init ] --END-- [ RunTime:0.000000s ]
ERR: 无法加载模块:Uploads

[ 2015-05-17T11:22:24+08:00 ] 127.0.0.1 /wemall/WeiPHP/index.php/Uploads/CountryIcon/9.png
INFO: [ app_init ] --START--
INFO: Run Behavior\BuildLiteBehavior [ RunTime:0.001000s ]
INFO: [ app_init ] --END-- [ RunTime:0.001000s ]
ERR: 无法加载模块:Uploads

[ 2015-05-17T11:22:24+08:00 ] 127.0.0.1 /wemall/WeiPHP/index.php/Uploads/CountryIcon/1.png
INFO: [ app_init ] --START--
INFO: Run Behavior\BuildLiteBehavior [ RunTime:0.000000s ]
INFO: [ app_init ] --END-- [ RunTime:0.001000s ]
ERR: 无法加载模块:Uploads

[ 2015-05-17T11:56:10+08:00 ] 127.0.0.1 /wemall/WeiPHP/index.php/Uploads/CountryIcon/9.png
INFO: [ app_init ] --START--
INFO: Run Behavior\BuildLiteBehavior [ RunTime:0.000000s ]
INFO: [ app_init ] --END-- [ RunTime:0.000000s ]
ERR: 无法加载模块:Uploads

[ 2015-05-17T11:56:10+08:00 ] 127.0.0.1 /wemall/WeiPHP/index.php/Uploads/CountryIcon/1.png
INFO: [ app_init ] --START--
INFO: Run Behavior\BuildLiteBehavior [ RunTime:0.000000s ]
INFO: [ app_init ] --END-- [ RunTime:0.000000s ]
ERR: 无法加载模块:Uploads

[ 2015-05-17T11:57:10+08:00 ] 127.0.0.1 /wemall/WeiPHP/index.php/Uploads/CountryIcon/9.png
INFO: [ app_init ] --START--
INFO: Run Behavior\BuildLiteBehavior [ RunTime:0.001000s ]
INFO: [ app_init ] --END-- [ RunTime:0.002000s ]
ERR: 无法加载模块:Uploads

[ 2015-05-17T11:57:10+08:00 ] 127.0.0.1 /wemall/WeiPHP/index.php/Uploads/CountryIcon/1.png
INFO: [ app_init ] --START--
INFO: Run Behavior\BuildLiteBehavior [ RunTime:0.000000s ]
INFO: [ app_init ] --END-- [ RunTime:0.001000s ]
ERR: 无法加载模块:Uploads

[ 2015-05-17T11:57:10+08:00 ] 127.0.0.1 /wemall/WeiPHP/index.php/Uploads/CountryIcon/7.png
INFO: [ app_init ] --START--
INFO: Run Behavior\BuildLiteBehavior [ RunTime:0.000000s ]
INFO: [ app_init ] --END-- [ RunTime:0.001000s ]
ERR: 无法加载模块:Uploads

[ 2015-05-17T11:58:51+08:00 ] 127.0.0.1 /wemall/WeiPHP/index.php/Uploads/CountryIcon/9.png
INFO: [ app_init ] --START--
INFO: Run Behavior\BuildLiteBehavior [ RunTime:0.000000s ]
INFO: [ app_init ] --END-- [ RunTime:0.001000s ]
ERR: 无法加载模块:Uploads

[ 2015-05-17T11:58:51+08:00 ] 127.0.0.1 /wemall/WeiPHP/index.php/Uploads/CountryIcon/1.png
INFO: [ app_init ] --START--
INFO: Run Behavior\BuildLiteBehavior [ RunTime:0.000000s ]
INFO: [ app_init ] --END-- [ RunTime:0.001000s ]
ERR: 无法加载模块:Uploads

[ 2015-05-17T11:58:51+08:00 ] 127.0.0.1 /wemall/WeiPHP/index.php/Uploads/CountryIcon/7.png
INFO: [ app_init ] --START--
INFO: Run Behavior\BuildLiteBehavior [ RunTime:0.000000s ]
INFO: [ app_init ] --END-- [ RunTime:0.000000s ]
ERR: 无法加载模块:Uploads

[ 2015-05-17T12:54:40+08:00 ] 127.0.0.1 /wemall/WeiPHP/index.php/Uploads/CountryIcon/9.png
INFO: [ app_init ] --START--
INFO: Run Behavior\BuildLiteBehavior [ RunTime:0.000000s ]
INFO: [ app_init ] --END-- [ RunTime:0.001001s ]
ERR: 无法加载模块:Uploads

[ 2015-05-17T12:54:40+08:00 ] 127.0.0.1 /wemall/WeiPHP/index.php/Uploads/CountryIcon/7.png
INFO: [ app_init ] --START--
INFO: Run Behavior\BuildLiteBehavior [ RunTime:0.000000s ]
INFO: [ app_init ] --END-- [ RunTime:0.001000s ]
ERR: 无法加载模块:Uploads

[ 2015-05-17T12:54:40+08:00 ] 127.0.0.1 /wemall/WeiPHP/index.php/Uploads/CountryIcon/1.png
INFO: [ app_init ] --START--
INFO: Run Behavior\BuildLiteBehavior [ RunTime:0.000000s ]
INFO: [ app_init ] --END-- [ RunTime:0.001000s ]
ERR: 无法加载模块:Uploads

[ 2015-05-17T12:54:40+08:00 ] 127.0.0.1 /wemall/WeiPHP/index.php/Uploads/CountryIcon/9.png
INFO: [ app_init ] --START--
INFO: Run Behavior\BuildLiteBehavior [ RunTime:0.000000s ]
INFO: [ app_init ] --END-- [ RunTime:0.001000s ]
ERR: 无法加载模块:Uploads

[ 2015-05-17T12:54:40+08:00 ] 127.0.0.1 /wemall/WeiPHP/index.php/Uploads/CountryIcon/1.png
INFO: [ app_init ] --START--
INFO: Run Behavior\BuildLiteBehavior [ RunTime:0.000000s ]
INFO: [ app_init ] --END-- [ RunTime:0.001000s ]
ERR: 无法加载模块:Uploads

[ 2015-05-17T12:54:40+08:00 ] 127.0.0.1 /wemall/WeiPHP/index.php/Uploads/CountryIcon/7.png
INFO: [ app_init ] --START--
INFO: Run Behavior\BuildLiteBehavior [ RunTime:0.001000s ]
INFO: [ app_init ] --END-- [ RunTime:0.001000s ]
ERR: 无法加载模块:Uploads

[ 2015-05-17T12:55:03+08:00 ] 127.0.0.1 /wemall/WeiPHP/index.php/Uploads/CountryIcon/7.png
INFO: [ app_init ] --START--
INFO: Run Behavior\BuildLiteBehavior [ RunTime:0.000000s ]
INFO: [ app_init ] --END-- [ RunTime:0.000000s ]
ERR: 无法加载模块:Uploads

[ 2015-05-17T12:55:03+08:00 ] 127.0.0.1 /wemall/WeiPHP/index.php/Uploads/CountryIcon/1.png
INFO: [ app_init ] --START--
INFO: Run Behavior\BuildLiteBehavior [ RunTime:0.000000s ]
INFO: [ app_init ] --END-- [ RunTime:0.001000s ]
ERR: 无法加载模块:Uploads

[ 2015-05-17T12:55:03+08:00 ] 127.0.0.1 /wemall/WeiPHP/index.php/Uploads/CountryIcon/9.png
INFO: [ app_init ] --START--
INFO: Run Behavior\BuildLiteBehavior [ RunTime:0.000000s ]
INFO: [ app_init ] --END-- [ RunTime:0.001000s ]
ERR: 无法加载模块:Uploads

[ 2015-05-17T12:55:32+08:00 ] 127.0.0.1 /wemall/WeiPHP/index.php/Uploads/CountryIcon/1.png
INFO: [ app_init ] --START--
INFO: Run Behavior\BuildLiteBehavior [ RunTime:0.001000s ]
INFO: [ app_init ] --END-- [ RunTime:0.001000s ]
ERR: 无法加载模块:Uploads

[ 2015-05-17T12:55:32+08:00 ] 127.0.0.1 /wemall/WeiPHP/index.php/Uploads/CountryIcon/9.png
INFO: [ app_init ] --START--
INFO: Run Behavior\BuildLiteBehavior [ RunTime:0.000000s ]
INFO: [ app_init ] --END-- [ RunTime:0.002000s ]
ERR: 无法加载模块:Uploads

[ 2015-05-17T12:55:32+08:00 ] 127.0.0.1 /wemall/WeiPHP/index.php/Uploads/CountryIcon/7.png
INFO: [ app_init ] --START--
INFO: Run Behavior\BuildLiteBehavior [ RunTime:0.000000s ]
INFO: [ app_init ] --END-- [ RunTime:0.001000s ]
ERR: 无法加载模块:Uploads

[ 2015-05-17T12:55:32+08:00 ] 127.0.0.1 /wemall/WeiPHP/index.php/Uploads/CountryIcon/1.png
INFO: [ app_init ] --START--
INFO: Run Behavior\BuildLiteBehavior [ RunTime:0.000000s ]
INFO: [ app_init ] --END-- [ RunTime:0.000000s ]
ERR: 无法加载模块:Uploads

[ 2015-05-17T12:55:32+08:00 ] 127.0.0.1 /wemall/WeiPHP/index.php/Uploads/CountryIcon/9.png
INFO: [ app_init ] --START--
INFO: Run Behavior\BuildLiteBehavior [ RunTime:0.000000s ]
INFO: [ app_init ] --END-- [ RunTime:0.001000s ]
ERR: 无法加载模块:Uploads

[ 2015-05-17T12:55:32+08:00 ] 127.0.0.1 /wemall/WeiPHP/index.php/Uploads/CountryIcon/7.png
INFO: [ app_init ] --START--
INFO: Run Behavior\BuildLiteBehavior [ RunTime:0.000000s ]
INFO: [ app_init ] --END-- [ RunTime:0.001000s ]
ERR: 无法加载模块:Uploads

[ 2015-05-17T12:55:45+08:00 ] 127.0.0.1 /wemall/WeiPHP/index.php/Uploads/CountryIcon/7.png
INFO: [ app_init ] --START--
INFO: Run Behavior\BuildLiteBehavior [ RunTime:0.000000s ]
INFO: [ app_init ] --END-- [ RunTime:0.001000s ]
ERR: 无法加载模块:Uploads

[ 2015-05-17T12:55:45+08:00 ] 127.0.0.1 /wemall/WeiPHP/index.php/Uploads/CountryIcon/1.png
INFO: [ app_init ] --START--
INFO: Run Behavior\BuildLiteBehavior [ RunTime:0.000000s ]
INFO: [ app_init ] --END-- [ RunTime:0.001000s ]
ERR: 无法加载模块:Uploads

[ 2015-05-17T12:55:45+08:00 ] 127.0.0.1 /wemall/WeiPHP/index.php/Uploads/CountryIcon/9.png
INFO: [ app_init ] --START--
INFO: Run Behavior\BuildLiteBehavior [ RunTime:0.000000s ]
INFO: [ app_init ] --END-- [ RunTime:0.001000s ]
ERR: 无法加载模块:Uploads

[ 2015-05-17T12:55:45+08:00 ] 127.0.0.1 /wemall/WeiPHP/index.php/Uploads/CountryIcon/7.png
INFO: [ app_init ] --START--
INFO: Run Behavior\BuildLiteBehavior [ RunTime:0.000000s ]
INFO: [ app_init ] --END-- [ RunTime:0.001000s ]
ERR: 无法加载模块:Uploads

[ 2015-05-17T12:55:46+08:00 ] 127.0.0.1 /wemall/WeiPHP/index.php/Uploads/CountryIcon/1.png
INFO: [ app_init ] --START--
INFO: Run Behavior\BuildLiteBehavior [ RunTime:0.000000s ]
INFO: [ app_init ] --END-- [ RunTime:0.001000s ]
ERR: 无法加载模块:Uploads

[ 2015-05-17T12:55:46+08:00 ] 127.0.0.1 /wemall/WeiPHP/index.php/Uploads/CountryIcon/9.png
INFO: [ app_init ] --START--
INFO: Run Behavior\BuildLiteBehavior [ RunTime:0.000000s ]
INFO: [ app_init ] --END-- [ RunTime:0.001000s ]
ERR: 无法加载模块:Uploads

[ 2015-05-17T12:58:47+08:00 ] 127.0.0.1 /wemall/WeiPHP/index.php/Uploads/CountryIcon/9.png
INFO: [ app_init ] --START--
INFO: Run Behavior\BuildLiteBehavior [ RunTime:0.000000s ]
INFO: [ app_init ] --END-- [ RunTime:0.001000s ]
ERR: 无法加载模块:Uploads

[ 2015-05-17T12:58:47+08:00 ] 127.0.0.1 /wemall/WeiPHP/index.php/Uploads/CountryIcon/1.png
INFO: [ app_init ] --START--
INFO: Run Behavior\BuildLiteBehavior [ RunTime:0.000000s ]
INFO: [ app_init ] --END-- [ RunTime:0.001000s ]
ERR: 无法加载模块:Uploads

[ 2015-05-17T12:58:47+08:00 ] 127.0.0.1 /wemall/WeiPHP/index.php/Uploads/CountryIcon/7.png
INFO: [ app_init ] --START--
INFO: Run Behavior\BuildLiteBehavior [ RunTime:0.000000s ]
INFO: [ app_init ] --END-- [ RunTime:0.002000s ]
ERR: 无法加载模块:Uploads

[ 2015-05-17T12:58:47+08:00 ] 127.0.0.1 /wemall/WeiPHP/index.php/Uploads/CountryIcon/9.png
INFO: [ app_init ] --START--
INFO: Run Behavior\BuildLiteBehavior [ RunTime:0.000000s ]
INFO: [ app_init ] --END-- [ RunTime:0.001000s ]
ERR: 无法加载模块:Uploads

[ 2015-05-17T13:03:30+08:00 ] 127.0.0.1 /wemall/WeiPHP/index.php/Uploads/CountryIcon/7.png
INFO: [ app_init ] --START--
INFO: Run Behavior\BuildLiteBehavior [ RunTime:0.000000s ]
INFO: [ app_init ] --END-- [ RunTime:0.000000s ]
ERR: 无法加载模块:Uploads

[ 2015-05-17T13:03:30+08:00 ] 127.0.0.1 /wemall/WeiPHP/index.php/Uploads/CountryIcon/9.png
INFO: [ app_init ] --START--
INFO: Run Behavior\BuildLiteBehavior [ RunTime:0.000000s ]
INFO: [ app_init ] --END-- [ RunTime:0.000000s ]
ERR: 无法加载模块:Uploads

[ 2015-05-17T13:03:30+08:00 ] 127.0.0.1 /wemall/WeiPHP/index.php/Uploads/CountryIcon/1.png
INFO: [ app_init ] --START--
INFO: Run Behavior\BuildLiteBehavior [ RunTime:0.000000s ]
INFO: [ app_init ] --END-- [ RunTime:0.000000s ]
ERR: 无法加载模块:Uploads

[ 2015-05-17T13:03:30+08:00 ] 127.0.0.1 /wemall/WeiPHP/index.php/Uploads/CountryIcon/7.png
INFO: [ app_init ] --START--
INFO: Run Behavior\BuildLiteBehavior [ RunTime:0.000000s ]
INFO: [ app_init ] --END-- [ RunTime:0.000000s ]
ERR: 无法加载模块:Uploads

[ 2015-05-17T15:37:01+08:00 ] 127.0.0.1 /wemall/WeiPHP/index.php/Uploads/CountryIcon/9.png
INFO: [ app_init ] --START--
INFO: Run Behavior\BuildLiteBehavior [ RunTime:0.000000s ]
INFO: [ app_init ] --END-- [ RunTime:0.000000s ]
ERR: 无法加载模块:Uploads

[ 2015-05-17T15:37:01+08:00 ] 127.0.0.1 /wemall/WeiPHP/index.php/Uploads/CountryIcon/7.png
INFO: [ app_init ] --START--
INFO: Run Behavior\BuildLiteBehavior [ RunTime:0.000000s ]
INFO: [ app_init ] --END-- [ RunTime:0.010000s ]
ERR: 无法加载模块:Uploads

[ 2015-05-17T15:37:01+08:00 ] 127.0.0.1 /wemall/WeiPHP/index.php/Uploads/CountryIcon/1.png
INFO: [ app_init ] --START--
INFO: Run Behavior\BuildLiteBehavior [ RunTime:0.000000s ]
INFO: [ app_init ] --END-- [ RunTime:0.000000s ]
ERR: 无法加载模块:Uploads

[ 2015-05-17T15:37:23+08:00 ] 127.0.0.1 /wemall/WeiPHP/index.php/Uploads/CountryIcon/1.png
INFO: [ app_init ] --START--
INFO: Run Behavior\BuildLiteBehavior [ RunTime:0.000000s ]
INFO: [ app_init ] --END-- [ RunTime:0.000000s ]
ERR: 无法加载模块:Uploads

[ 2015-05-17T15:37:24+08:00 ] 127.0.0.1 /wemall/WeiPHP/index.php/Uploads/CountryIcon/9.png
INFO: [ app_init ] --START--
INFO: Run Behavior\BuildLiteBehavior [ RunTime:0.000000s ]
INFO: [ app_init ] --END-- [ RunTime:0.000000s ]
ERR: 无法加载模块:Uploads

[ 2015-05-17T15:37:24+08:00 ] 127.0.0.1 /wemall/WeiPHP/index.php/Uploads/CountryIcon/7.png
INFO: [ app_init ] --START--
INFO: Run Behavior\BuildLiteBehavior [ RunTime:0.000000s ]
INFO: [ app_init ] --END-- [ RunTime:0.010000s ]
ERR: 无法加载模块:Uploads

[ 2015-05-17T15:38:59+08:00 ] 127.0.0.1 /wemall/WeiPHP/index.php/Uploads/CountryIcon/7.png
INFO: [ app_init ] --START--
INFO: Run Behavior\BuildLiteBehavior [ RunTime:0.000000s ]
INFO: [ app_init ] --END-- [ RunTime:0.001000s ]
ERR: 无法加载模块:Uploads

[ 2015-05-17T15:38:59+08:00 ] 127.0.0.1 /wemall/WeiPHP/index.php/Uploads/CountryIcon/9.png
INFO: [ app_init ] --START--
INFO: Run Behavior\BuildLiteBehavior [ RunTime:0.001000s ]
INFO: [ app_init ] --END-- [ RunTime:0.001000s ]
ERR: 无法加载模块:Uploads

[ 2015-05-17T15:38:59+08:00 ] 127.0.0.1 /wemall/WeiPHP/index.php/Uploads/CountryIcon/1.png
INFO: [ app_init ] --START--
INFO: Run Behavior\BuildLiteBehavior [ RunTime:0.000000s ]
INFO: [ app_init ] --END-- [ RunTime:0.001001s ]
ERR: 无法加载模块:Uploads

[ 2015-05-17T15:39:43+08:00 ] 127.0.0.1 /wemall/WeiPHP/index.php/Uploads/CountryIcon/9.png
INFO: [ app_init ] --START--
INFO: Run Behavior\BuildLiteBehavior [ RunTime:0.000000s ]
INFO: [ app_init ] --END-- [ RunTime:0.002000s ]
ERR: 无法加载模块:Uploads

[ 2015-05-17T15:39:43+08:00 ] 127.0.0.1 /wemall/WeiPHP/index.php/Uploads/CountryIcon/7.png
INFO: [ app_init ] --START--
INFO: Run Behavior\BuildLiteBehavior [ RunTime:0.001000s ]
INFO: [ app_init ] --END-- [ RunTime:0.002000s ]
ERR: 无法加载模块:Uploads

[ 2015-05-17T15:39:44+08:00 ] 127.0.0.1 /wemall/WeiPHP/index.php/Uploads/CountryIcon/1.png
INFO: [ app_init ] --START--
INFO: Run Behavior\BuildLiteBehavior [ RunTime:0.000000s ]
INFO: [ app_init ] --END-- [ RunTime:0.002001s ]
ERR: 无法加载模块:Uploads

[ 2015-05-17T15:40:41+08:00 ] 127.0.0.1 /wemall/WeiPHP/index.php/Uploads/CountryIcon/9.png
INFO: [ app_init ] --START--
INFO: Run Behavior\BuildLiteBehavior [ RunTime:0.000000s ]
INFO: [ app_init ] --END-- [ RunTime:0.000000s ]
ERR: 无法加载模块:Uploads

[ 2015-05-17T15:40:41+08:00 ] 127.0.0.1 /wemall/WeiPHP/index.php/Uploads/CountryIcon/1.png
INFO: [ app_init ] --START--
INFO: Run Behavior\BuildLiteBehavior [ RunTime:0.000000s ]
INFO: [ app_init ] --END-- [ RunTime:0.000000s ]
ERR: 无法加载模块:Uploads

[ 2015-05-17T15:40:42+08:00 ] 127.0.0.1 /wemall/WeiPHP/index.php/Uploads/CountryIcon/7.png
INFO: [ app_init ] --START--
INFO: Run Behavior\BuildLiteBehavior [ RunTime:0.000000s ]
INFO: [ app_init ] --END-- [ RunTime:0.000000s ]
ERR: 无法加载模块:Uploads

[ 2015-05-17T15:41:00+08:00 ] 127.0.0.1 /wemall/WeiPHP/index.php/Uploads/CountryIcon/7.png
INFO: [ app_init ] --START--
INFO: Run Behavior\BuildLiteBehavior [ RunTime:0.000000s ]
INFO: [ app_init ] --END-- [ RunTime:0.000000s ]
ERR: 无法加载模块:Uploads

[ 2015-05-17T15:41:00+08:00 ] 127.0.0.1 /wemall/WeiPHP/index.php/Uploads/CountryIcon/9.png
INFO: [ app_init ] --START--
INFO: Run Behavior\BuildLiteBehavior [ RunTime:0.000000s ]
INFO: [ app_init ] --END-- [ RunTime:0.000000s ]
ERR: 无法加载模块:Uploads

[ 2015-05-17T15:41:01+08:00 ] 127.0.0.1 /wemall/WeiPHP/index.php/Uploads/CountryIcon/1.png
INFO: [ app_init ] --START--
INFO: Run Behavior\BuildLiteBehavior [ RunTime:0.000000s ]
INFO: [ app_init ] --END-- [ RunTime:0.000000s ]
ERR: 无法加载模块:Uploads

[ 2015-05-17T15:42:48+08:00 ] 127.0.0.1 /wemall/WeiPHP/index.php/Uploads/CountryIcon/9.png
INFO: [ app_init ] --START--
INFO: Run Behavior\BuildLiteBehavior [ RunTime:0.000000s ]
INFO: [ app_init ] --END-- [ RunTime:0.000000s ]
ERR: 无法加载模块:Uploads

[ 2015-05-17T15:42:48+08:00 ] 127.0.0.1 /wemall/WeiPHP/index.php/Uploads/CountryIcon/1.png
INFO: [ app_init ] --START--
INFO: Run Behavior\BuildLiteBehavior [ RunTime:0.000000s ]
INFO: [ app_init ] --END-- [ RunTime:0.000000s ]
ERR: 无法加载模块:Uploads

[ 2015-05-17T15:42:49+08:00 ] 127.0.0.1 /wemall/WeiPHP/index.php/Uploads/CountryIcon/7.png
INFO: [ app_init ] --START--
INFO: Run Behavior\BuildLiteBehavior [ RunTime:0.000000s ]
INFO: [ app_init ] --END-- [ RunTime:0.010000s ]
ERR: 无法加载模块:Uploads

[ 2015-05-17T15:42:52+08:00 ] 127.0.0.1 /wemall/WeiPHP/index.php/9
INFO: [ app_init ] --START--
INFO: Run Behavior\BuildLiteBehavior [ RunTime:0.000000s ]
INFO: [ app_init ] --END-- [ RunTime:0.000000s ]
ERR: 无法加载模块:9

[ 2015-05-17T15:42:52+08:00 ] 127.0.0.1 /wemall/WeiPHP/index.php/7
INFO: [ app_init ] --START--
INFO: Run Behavior\BuildLiteBehavior [ RunTime:0.000000s ]
INFO: [ app_init ] --END-- [ RunTime:0.000000s ]
ERR: 无法加载模块:7

[ 2015-05-17T15:42:53+08:00 ] 127.0.0.1 /wemall/WeiPHP/index.php/1
INFO: [ app_init ] --START--
INFO: Run Behavior\BuildLiteBehavior [ RunTime:0.000000s ]
INFO: [ app_init ] --END-- [ RunTime:0.000000s ]
ERR: 无法加载模块:1

[ 2015-05-17T15:42:59+08:00 ] 127.0.0.1 /wemall/WeiPHP/index.php/7
INFO: [ app_init ] --START--
INFO: Run Behavior\BuildLiteBehavior [ RunTime:0.000000s ]
INFO: [ app_init ] --END-- [ RunTime:0.000000s ]
ERR: 无法加载模块:7

[ 2015-05-17T15:42:59+08:00 ] 127.0.0.1 /wemall/WeiPHP/index.php/3
INFO: [ app_init ] --START--
INFO: Run Behavior\BuildLiteBehavior [ RunTime:0.000000s ]
INFO: [ app_init ] --END-- [ RunTime:0.000000s ]
ERR: 无法加载模块:3

[ 2015-05-17T15:43:07+08:00 ] 127.0.0.1 /wemall/WeiPHP/index.php/9
INFO: [ app_init ] --START--
INFO: Run Behavior\BuildLiteBehavior [ RunTime:0.000000s ]
INFO: [ app_init ] --END-- [ RunTime:0.000000s ]
ERR: 无法加载模块:9

[ 2015-05-17T15:43:07+08:00 ] 127.0.0.1 /wemall/WeiPHP/index.php/1
INFO: [ app_init ] --START--
INFO: Run Behavior\BuildLiteBehavior [ RunTime:0.000000s ]
INFO: [ app_init ] --END-- [ RunTime:0.000000s ]
ERR: 无法加载模块:1

[ 2015-05-17T15:43:08+08:00 ] 127.0.0.1 /wemall/WeiPHP/index.php/7
INFO: [ app_init ] --START--
INFO: Run Behavior\BuildLiteBehavior [ RunTime:0.000000s ]
INFO: [ app_init ] --END-- [ RunTime:0.000000s ]
ERR: 无法加载模块:7

[ 2015-05-17T15:45:52+08:00 ] 127.0.0.1 /wemall/WeiPHP/index.php/Uploads/CountryIcon/9.png
INFO: [ app_init ] --START--
INFO: Run Behavior\BuildLiteBehavior [ RunTime:0.000000s ]
INFO: [ app_init ] --END-- [ RunTime:0.002000s ]
ERR: 无法加载模块:Uploads

[ 2015-05-17T15:45:53+08:00 ] 127.0.0.1 /wemall/WeiPHP/index.php/Uploads/CountryIcon/7.png
INFO: [ app_init ] --START--
INFO: Run Behavior\BuildLiteBehavior [ RunTime:0.001000s ]
INFO: [ app_init ] --END-- [ RunTime:0.001000s ]
ERR: 无法加载模块:Uploads

[ 2015-05-17T15:45:53+08:00 ] 127.0.0.1 /wemall/WeiPHP/index.php/Uploads/CountryIcon/1.png
INFO: [ app_init ] --START--
INFO: Run Behavior\BuildLiteBehavior [ RunTime:0.000000s ]
INFO: [ app_init ] --END-- [ RunTime:0.000000s ]
ERR: 无法加载模块:Uploads

[ 2015-05-17T15:57:31+08:00 ] 127.0.0.1 /wemall/WeiPHP/index.php/1
INFO: [ app_init ] --START--
INFO: Run Behavior\BuildLiteBehavior [ RunTime:0.000000s ]
INFO: [ app_init ] --END-- [ RunTime:0.000000s ]
ERR: 无法加载模块:1

[ 2015-05-17T15:57:32+08:00 ] 127.0.0.1 /wemall/WeiPHP/index.php/7
INFO: [ app_init ] --START--
INFO: Run Behavior\BuildLiteBehavior [ RunTime:0.000000s ]
INFO: [ app_init ] --END-- [ RunTime:0.000000s ]
ERR: 无法加载模块:7

[ 2015-05-17T15:57:32+08:00 ] 127.0.0.1 /wemall/WeiPHP/index.php/9
INFO: [ app_init ] --START--
INFO: Run Behavior\BuildLiteBehavior [ RunTime:0.000000s ]
INFO: [ app_init ] --END-- [ RunTime:0.000000s ]
ERR: 无法加载模块:9

[ 2015-05-17T16:05:59+08:00 ] 127.0.0.1 /wemall/WeiPHP/index.php/Uploads/CountryIcon/7.png
INFO: [ app_init ] --START--
INFO: Run Behavior\BuildLiteBehavior [ RunTime:0.000000s ]
INFO: [ app_init ] --END-- [ RunTime:0.001000s ]
ERR: 无法加载模块:Uploads

[ 2015-05-17T16:06:00+08:00 ] 127.0.0.1 /wemall/WeiPHP/index.php/Uploads/CountryIcon/9.png
INFO: [ app_init ] --START--
INFO: Run Behavior\BuildLiteBehavior [ RunTime:0.000000s ]
INFO: [ app_init ] --END-- [ RunTime:0.001000s ]
ERR: 无法加载模块:Uploads

[ 2015-05-17T16:06:00+08:00 ] 127.0.0.1 /wemall/WeiPHP/index.php/Uploads/CountryIcon/1.png
INFO: [ app_init ] --START--
INFO: Run Behavior\BuildLiteBehavior [ RunTime:0.000000s ]
INFO: [ app_init ] --END-- [ RunTime:0.001000s ]
ERR: 无法加载模块:Uploads

[ 2015-05-17T16:07:01+08:00 ] 127.0.0.1 /wemall/WeiPHP/index.php/Uploads/CountryIcon/1.png
INFO: [ app_init ] --START--
INFO: Run Behavior\BuildLiteBehavior [ RunTime:0.000000s ]
INFO: [ app_init ] --END-- [ RunTime:0.001000s ]
ERR: 无法加载模块:Uploads

[ 2015-05-17T16:07:01+08:00 ] 127.0.0.1 /wemall/WeiPHP/index.php/Uploads/CountryIcon/7.png
INFO: [ app_init ] --START--
INFO: Run Behavior\BuildLiteBehavior [ RunTime:0.000000s ]
INFO: [ app_init ] --END-- [ RunTime:0.002000s ]
ERR: 无法加载模块:Uploads

[ 2015-05-17T16:07:01+08:00 ] 127.0.0.1 /wemall/WeiPHP/index.php/Uploads/CountryIcon/9.png
INFO: [ app_init ] --START--
INFO: Run Behavior\BuildLiteBehavior [ RunTime:0.000000s ]
INFO: [ app_init ] --END-- [ RunTime:0.001000s ]
ERR: 无法加载模块:Uploads

[ 2015-05-17T16:07:07+08:00 ] 127.0.0.1 /wemall/WeiPHP/index.php/Uploads/CountryIcon/7.png
INFO: [ app_init ] --START--
INFO: Run Behavior\BuildLiteBehavior [ RunTime:0.000000s ]
INFO: [ app_init ] --END-- [ RunTime:0.002000s ]
ERR: 无法加载模块:Uploads

[ 2015-05-17T16:07:07+08:00 ] 127.0.0.1 /wemall/WeiPHP/index.php/Uploads/CountryIcon/3.png
INFO: [ app_init ] --START--
INFO: Run Behavior\BuildLiteBehavior [ RunTime:0.000000s ]
INFO: [ app_init ] --END-- [ RunTime:0.002000s ]
ERR: 无法加载模块:Uploads

[ 2015-05-17T16:08:16+08:00 ] 127.0.0.1 /wemall/WeiPHP/index.php/Uploads/CountryIcon/9.png
INFO: [ app_init ] --START--
INFO: Run Behavior\BuildLiteBehavior [ RunTime:0.000000s ]
INFO: [ app_init ] --END-- [ RunTime:0.001000s ]
ERR: 无法加载模块:Uploads

[ 2015-05-17T16:08:17+08:00 ] 127.0.0.1 /wemall/WeiPHP/index.php/Uploads/CountryIcon/7.png
INFO: [ app_init ] --START--
INFO: Run Behavior\BuildLiteBehavior [ RunTime:0.000000s ]
INFO: [ app_init ] --END-- [ RunTime:0.002000s ]
ERR: 无法加载模块:Uploads

[ 2015-05-17T16:08:17+08:00 ] 127.0.0.1 /wemall/WeiPHP/index.php/Uploads/CountryIcon/1.png
INFO: [ app_init ] --START--
INFO: Run Behavior\BuildLiteBehavior [ RunTime:0.000000s ]
INFO: [ app_init ] --END-- [ RunTime:0.001000s ]
ERR: 无法加载模块:Uploads

[ 2015-05-17T16:13:19+08:00 ] 127.0.0.1 /wemall/WeiPHP/index.php/Uploads/CountryIcon/7.png
INFO: [ app_init ] --START--
INFO: Run Behavior\BuildLiteBehavior [ RunTime:0.000000s ]
INFO: [ app_init ] --END-- [ RunTime:0.002000s ]
ERR: 无法加载模块:Uploads

[ 2015-05-17T16:13:19+08:00 ] 127.0.0.1 /wemall/WeiPHP/index.php/Uploads/CountryIcon/1.png
INFO: [ app_init ] --START--
INFO: Run Behavior\BuildLiteBehavior [ RunTime:0.000000s ]
INFO: [ app_init ] --END-- [ RunTime:0.001000s ]
ERR: 无法加载模块:Uploads

[ 2015-05-17T16:13:20+08:00 ] 127.0.0.1 /wemall/WeiPHP/index.php/Uploads/CountryIcon/9.png
INFO: [ app_init ] --START--
INFO: Run Behavior\BuildLiteBehavior [ RunTime:0.000000s ]
INFO: [ app_init ] --END-- [ RunTime:0.001000s ]
ERR: 无法加载模块:Uploads

