[ 2015-04-28T08:19:17+08:00 ] 127.0.0.1 /wemall/WeiPHP/index.php/iamge/5.png
INFO: [ app_init ] --START--
INFO: Run Behavior\BuildLiteBehavior [ RunTime:0.000000s ]
INFO: [ app_init ] --END-- [ RunTime:0.001000s ]
ERR: 无法加载模块:Iamge

[ 2015-04-28T08:19:17+08:00 ] 127.0.0.1 /wemall/WeiPHP/index.php/iamge/6.png
INFO: [ app_init ] --START--
INFO: Run Behavior\BuildLiteBehavior [ RunTime:0.000000s ]
INFO: [ app_init ] --END-- [ RunTime:0.001000s ]
ERR: 无法加载模块:Iamge

[ 2015-04-28T08:19:17+08:00 ] 127.0.0.1 /wemall/WeiPHP/index.php/iamge/7.png
INFO: [ app_init ] --START--
INFO: Run Behavior\BuildLiteBehavior [ RunTime:0.000000s ]
INFO: [ app_init ] --END-- [ RunTime:0.001000s ]
ERR: 无法加载模块:Iamge

[ 2015-04-28T08:42:44+08:00 ] 127.0.0.1 /wemall/WeiPHP/index.php/iamge/7.png
INFO: [ app_init ] --START--
INFO: Run Behavior\BuildLiteBehavior [ RunTime:0.000000s ]
INFO: [ app_init ] --END-- [ RunTime:0.000000s ]
ERR: 无法加载模块:Iamge

[ 2015-04-28T08:42:44+08:00 ] 127.0.0.1 /wemall/WeiPHP/index.php/iamge/6.png
INFO: [ app_init ] --START--
INFO: Run Behavior\BuildLiteBehavior [ RunTime:0.001000s ]
INFO: [ app_init ] --END-- [ RunTime:0.001000s ]
ERR: 无法加载模块:Iamge

[ 2015-04-28T08:42:44+08:00 ] 127.0.0.1 /wemall/WeiPHP/index.php/iamge/5.png
INFO: [ app_init ] --START--
INFO: Run Behavior\BuildLiteBehavior [ RunTime:0.000000s ]
INFO: [ app_init ] --END-- [ RunTime:0.000000s ]
ERR: 无法加载模块:Iamge

[ 2015-04-28T08:53:00+08:00 ] 127.0.0.1 /wemall/WeiPHP/index.php/iamge/6.png
INFO: [ app_init ] --START--
INFO: Run Behavior\BuildLiteBehavior [ RunTime:0.000000s ]
INFO: [ app_init ] --END-- [ RunTime:0.010000s ]
ERR: 无法加载模块:Iamge

[ 2015-04-28T08:53:01+08:00 ] 127.0.0.1 /wemall/WeiPHP/index.php/iamge/5.png
INFO: [ app_init ] --START--
INFO: Run Behavior\BuildLiteBehavior [ RunTime:0.000000s ]
INFO: [ app_init ] --END-- [ RunTime:0.000000s ]
ERR: 无法加载模块:Iamge

[ 2015-04-28T08:53:01+08:00 ] 127.0.0.1 /wemall/WeiPHP/index.php/iamge/7.png
INFO: [ app_init ] --START--
INFO: Run Behavior\BuildLiteBehavior [ RunTime:0.000000s ]
INFO: [ app_init ] --END-- [ RunTime:0.001000s ]
ERR: 无法加载模块:Iamge

[ 2015-04-28T09:07:05+08:00 ] 127.0.0.1 /wemall/WeiPHP/index.php/iamge/6.png
INFO: [ app_init ] --START--
INFO: Run Behavior\BuildLiteBehavior [ RunTime:0.000000s ]
INFO: [ app_init ] --END-- [ RunTime:0.001001s ]
ERR: 无法加载模块:Iamge

[ 2015-04-28T09:07:05+08:00 ] 127.0.0.1 /wemall/WeiPHP/index.php/iamge/5.png
INFO: [ app_init ] --START--
INFO: Run Behavior\BuildLiteBehavior [ RunTime:0.000000s ]
INFO: [ app_init ] --END-- [ RunTime:0.001000s ]
ERR: 无法加载模块:Iamge

[ 2015-04-28T09:07:06+08:00 ] 127.0.0.1 /wemall/WeiPHP/index.php/iamge/7.png
INFO: [ app_init ] --START--
INFO: Run Behavior\BuildLiteBehavior [ RunTime:0.000000s ]
INFO: [ app_init ] --END-- [ RunTime:0.001000s ]
ERR: 无法加载模块:Iamge

[ 2015-04-28T09:07:06+08:00 ] 127.0.0.1 /wemall/WeiPHP/index.php/iamge/6.png
INFO: [ app_init ] --START--
INFO: Run Behavior\BuildLiteBehavior [ RunTime:0.000000s ]
INFO: [ app_init ] --END-- [ RunTime:0.010000s ]
ERR: 无法加载模块:Iamge

[ 2015-04-28T09:10:13+08:00 ] 127.0.0.1 /wemall/WeiPHP/index.php/iamge/6.png
INFO: [ app_init ] --START--
INFO: Run Behavior\BuildLiteBehavior [ RunTime:0.001000s ]
INFO: [ app_init ] --END-- [ RunTime:0.004000s ]
ERR: 无法加载模块:Iamge

[ 2015-04-28T09:10:13+08:00 ] 127.0.0.1 /wemall/WeiPHP/index.php/iamge/7.png
INFO: [ app_init ] --START--
INFO: Run Behavior\BuildLiteBehavior [ RunTime:0.000000s ]
INFO: [ app_init ] --END-- [ RunTime:0.001000s ]
ERR: 无法加载模块:Iamge

[ 2015-04-28T09:10:14+08:00 ] 127.0.0.1 /wemall/WeiPHP/index.php/iamge/5.png
INFO: [ app_init ] --START--
INFO: Run Behavior\BuildLiteBehavior [ RunTime:0.000000s ]
INFO: [ app_init ] --END-- [ RunTime:0.001000s ]
ERR: 无法加载模块:Iamge

[ 2015-04-28T09:16:55+08:00 ] 127.0.0.1 /wemall/WeiPHP/index.php/iamge/5.png
INFO: [ app_init ] --START--
INFO: Run Behavior\BuildLiteBehavior [ RunTime:0.000000s ]
INFO: [ app_init ] --END-- [ RunTime:0.001001s ]
ERR: 无法加载模块:Iamge

[ 2015-04-28T09:16:56+08:00 ] 127.0.0.1 /wemall/WeiPHP/index.php/iamge/6.png
INFO: [ app_init ] --START--
INFO: Run Behavior\BuildLiteBehavior [ RunTime:0.000000s ]
INFO: [ app_init ] --END-- [ RunTime:0.001000s ]
ERR: 无法加载模块:Iamge

[ 2015-04-28T09:16:56+08:00 ] 127.0.0.1 /wemall/WeiPHP/index.php/iamge/7.png
INFO: [ app_init ] --START--
INFO: Run Behavior\BuildLiteBehavior [ RunTime:0.000000s ]
INFO: [ app_init ] --END-- [ RunTime:0.001000s ]
ERR: 无法加载模块:Iamge

[ 2015-04-28T09:23:35+08:00 ] 127.0.0.1 /wemall/WeiPHP/index.php/iamge/7.png
INFO: [ app_init ] --START--
INFO: Run Behavior\BuildLiteBehavior [ RunTime:0.000000s ]
INFO: [ app_init ] --END-- [ RunTime:0.001000s ]
ERR: 无法加载模块:Iamge

[ 2015-04-28T09:23:35+08:00 ] 127.0.0.1 /wemall/WeiPHP/index.php/iamge/5.png
INFO: [ app_init ] --START--
INFO: Run Behavior\BuildLiteBehavior [ RunTime:0.000000s ]
INFO: [ app_init ] --END-- [ RunTime:0.001000s ]
ERR: 无法加载模块:Iamge

[ 2015-04-28T09:23:36+08:00 ] 127.0.0.1 /wemall/WeiPHP/index.php/iamge/6.png
INFO: [ app_init ] --START--
INFO: Run Behavior\BuildLiteBehavior [ RunTime:0.000000s ]
INFO: [ app_init ] --END-- [ RunTime:0.001000s ]
ERR: 无法加载模块:Iamge

[ 2015-04-28T09:39:11+08:00 ] 127.0.0.1 /wemall/WeiPHP/index.php/iamge/5.png
INFO: [ app_init ] --START--
INFO: Run Behavior\BuildLiteBehavior [ RunTime:0.001001s ]
INFO: [ app_init ] --END-- [ RunTime:0.002001s ]
ERR: 无法加载模块:Iamge

[ 2015-04-28T09:39:11+08:00 ] 127.0.0.1 /wemall/WeiPHP/index.php/iamge/6.png
INFO: [ app_init ] --START--
INFO: Run Behavior\BuildLiteBehavior [ RunTime:0.001000s ]
INFO: [ app_init ] --END-- [ RunTime:0.001000s ]
ERR: 无法加载模块:Iamge

[ 2015-04-28T09:39:12+08:00 ] 127.0.0.1 /wemall/WeiPHP/index.php/iamge/7.png
INFO: [ app_init ] --START--
INFO: Run Behavior\BuildLiteBehavior [ RunTime:0.000000s ]
INFO: [ app_init ] --END-- [ RunTime:0.002000s ]
ERR: 无法加载模块:Iamge

[ 2015-04-28T09:39:14+08:00 ] 127.0.0.1 /wemall/WeiPHP/index.php/iamge/5.png
INFO: [ app_init ] --START--
INFO: Run Behavior\BuildLiteBehavior [ RunTime:0.000000s ]
INFO: [ app_init ] --END-- [ RunTime:0.002000s ]
ERR: 无法加载模块:Iamge

[ 2015-04-28T09:39:14+08:00 ] 127.0.0.1 /wemall/WeiPHP/index.php/iamge/6.png
INFO: [ app_init ] --START--
INFO: Run Behavior\BuildLiteBehavior [ RunTime:0.000000s ]
INFO: [ app_init ] --END-- [ RunTime:0.001000s ]
ERR: 无法加载模块:Iamge

[ 2015-04-28T09:39:15+08:00 ] 127.0.0.1 /wemall/WeiPHP/index.php/iamge/7.png
INFO: [ app_init ] --START--
INFO: Run Behavior\BuildLiteBehavior [ RunTime:0.001000s ]
INFO: [ app_init ] --END-- [ RunTime:0.001000s ]
ERR: 无法加载模块:Iamge

[ 2015-04-28T09:40:17+08:00 ] 127.0.0.1 /wemall/WeiPHP/index.php/iamge/5.png
INFO: [ app_init ] --START--
INFO: Run Behavior\BuildLiteBehavior [ RunTime:0.001000s ]
INFO: [ app_init ] --END-- [ RunTime:0.003000s ]
ERR: 无法加载模块:Iamge

[ 2015-04-28T09:40:17+08:00 ] 127.0.0.1 /wemall/WeiPHP/index.php/iamge/6.png
INFO: [ app_init ] --START--
INFO: Run Behavior\BuildLiteBehavior [ RunTime:0.000000s ]
INFO: [ app_init ] --END-- [ RunTime:0.001000s ]
ERR: 无法加载模块:Iamge

[ 2015-04-28T09:40:17+08:00 ] 127.0.0.1 /wemall/WeiPHP/index.php/iamge/7.png
INFO: [ app_init ] --START--
INFO: Run Behavior\BuildLiteBehavior [ RunTime:0.000000s ]
INFO: [ app_init ] --END-- [ RunTime:0.001000s ]
ERR: 无法加载模块:Iamge

[ 2015-04-28T09:54:31+08:00 ] 127.0.0.1 /wemall/WeiPHP/index.php/iamge/6.png
INFO: [ app_init ] --START--
INFO: Run Behavior\BuildLiteBehavior [ RunTime:0.000000s ]
INFO: [ app_init ] --END-- [ RunTime:0.001000s ]
ERR: 无法加载模块:Iamge

[ 2015-04-28T09:54:31+08:00 ] 127.0.0.1 /wemall/WeiPHP/index.php/iamge/5.png
INFO: [ app_init ] --START--
INFO: Run Behavior\BuildLiteBehavior [ RunTime:0.000000s ]
INFO: [ app_init ] --END-- [ RunTime:0.001000s ]
ERR: 无法加载模块:Iamge

[ 2015-04-28T09:54:32+08:00 ] 127.0.0.1 /wemall/WeiPHP/index.php/iamge/7.png
INFO: [ app_init ] --START--
INFO: Run Behavior\BuildLiteBehavior [ RunTime:0.001001s ]
INFO: [ app_init ] --END-- [ RunTime:0.001001s ]
ERR: 无法加载模块:Iamge

[ 2015-04-28T09:55:23+08:00 ] 127.0.0.1 /wemall/WeiPHP/index.php/iamge/7.png
INFO: [ app_init ] --START--
INFO: Run Behavior\BuildLiteBehavior [ RunTime:0.000000s ]
INFO: [ app_init ] --END-- [ RunTime:0.002000s ]
ERR: 无法加载模块:Iamge

[ 2015-04-28T09:55:23+08:00 ] 127.0.0.1 /wemall/WeiPHP/index.php/iamge/5.png
INFO: [ app_init ] --START--
INFO: Run Behavior\BuildLiteBehavior [ RunTime:0.000000s ]
INFO: [ app_init ] --END-- [ RunTime:0.001000s ]
ERR: 无法加载模块:Iamge

[ 2015-04-28T09:55:23+08:00 ] 127.0.0.1 /wemall/WeiPHP/index.php/iamge/6.png
INFO: [ app_init ] --START--
INFO: Run Behavior\BuildLiteBehavior [ RunTime:0.000000s ]
INFO: [ app_init ] --END-- [ RunTime:0.000000s ]
ERR: 无法加载模块:Iamge

[ 2015-04-28T09:56:11+08:00 ] 127.0.0.1 /wemall/WeiPHP/index.php/iamge/6.png
INFO: [ app_init ] --START--
INFO: Run Behavior\BuildLiteBehavior [ RunTime:0.000000s ]
INFO: [ app_init ] --END-- [ RunTime:0.002000s ]
ERR: 无法加载模块:Iamge

[ 2015-04-28T09:56:12+08:00 ] 127.0.0.1 /wemall/WeiPHP/index.php/iamge/5.png
INFO: [ app_init ] --START--
INFO: Run Behavior\BuildLiteBehavior [ RunTime:0.001000s ]
INFO: [ app_init ] --END-- [ RunTime:0.001000s ]
ERR: 无法加载模块:Iamge

[ 2015-04-28T09:56:12+08:00 ] 127.0.0.1 /wemall/WeiPHP/index.php/iamge/7.png
INFO: [ app_init ] --START--
INFO: Run Behavior\BuildLiteBehavior [ RunTime:0.000000s ]
INFO: [ app_init ] --END-- [ RunTime:0.001000s ]
ERR: 无法加载模块:Iamge

[ 2015-04-28T09:57:08+08:00 ] 127.0.0.1 /wemall/WeiPHP/index.php/iamge/5.png
INFO: [ app_init ] --START--
INFO: Run Behavior\BuildLiteBehavior [ RunTime:0.000000s ]
INFO: [ app_init ] --END-- [ RunTime:0.000000s ]
ERR: 无法加载模块:Iamge

[ 2015-04-28T09:57:08+08:00 ] 127.0.0.1 /wemall/WeiPHP/index.php/iamge/7.png
INFO: [ app_init ] --START--
INFO: Run Behavior\BuildLiteBehavior [ RunTime:0.000000s ]
INFO: [ app_init ] --END-- [ RunTime:0.000000s ]
ERR: 无法加载模块:Iamge

[ 2015-04-28T09:57:09+08:00 ] 127.0.0.1 /wemall/WeiPHP/index.php/iamge/6.png
INFO: [ app_init ] --START--
INFO: Run Behavior\BuildLiteBehavior [ RunTime:0.000000s ]
INFO: [ app_init ] --END-- [ RunTime:0.000000s ]
ERR: 无法加载模块:Iamge

[ 2015-04-28T09:59:46+08:00 ] 127.0.0.1 /wemall/WeiPHP/index.php/iamge/7.png
INFO: [ app_init ] --START--
INFO: Run Behavior\BuildLiteBehavior [ RunTime:0.000000s ]
INFO: [ app_init ] --END-- [ RunTime:0.001000s ]
ERR: 无法加载模块:Iamge

[ 2015-04-28T09:59:47+08:00 ] 127.0.0.1 /wemall/WeiPHP/index.php/iamge/6.png
INFO: [ app_init ] --START--
INFO: Run Behavior\BuildLiteBehavior [ RunTime:0.000000s ]
INFO: [ app_init ] --END-- [ RunTime:0.001000s ]
ERR: 无法加载模块:Iamge

[ 2015-04-28T09:59:47+08:00 ] 127.0.0.1 /wemall/WeiPHP/index.php/iamge/5.png
INFO: [ app_init ] --START--
INFO: Run Behavior\BuildLiteBehavior [ RunTime:0.000000s ]
INFO: [ app_init ] --END-- [ RunTime:0.002000s ]
ERR: 无法加载模块:Iamge

[ 2015-04-28T10:05:08+08:00 ] 127.0.0.1 /wemall/WeiPHP/index.php/iamge/5.png
INFO: [ app_init ] --START--
INFO: Run Behavior\BuildLiteBehavior [ RunTime:0.000000s ]
INFO: [ app_init ] --END-- [ RunTime:0.001000s ]
ERR: 无法加载模块:Iamge

[ 2015-04-28T10:05:09+08:00 ] 127.0.0.1 /wemall/WeiPHP/index.php/iamge/7.png
INFO: [ app_init ] --START--
INFO: Run Behavior\BuildLiteBehavior [ RunTime:0.001000s ]
INFO: [ app_init ] --END-- [ RunTime:0.001000s ]
ERR: 无法加载模块:Iamge

[ 2015-04-28T10:05:09+08:00 ] 127.0.0.1 /wemall/WeiPHP/index.php/iamge/6.png
INFO: [ app_init ] --START--
INFO: Run Behavior\BuildLiteBehavior [ RunTime:0.000000s ]
INFO: [ app_init ] --END-- [ RunTime:0.002000s ]
ERR: 无法加载模块:Iamge

[ 2015-04-28T10:07:03+08:00 ] 127.0.0.1 /wemall/WeiPHP/index.php/iamge/5.png
INFO: [ app_init ] --START--
INFO: Run Behavior\BuildLiteBehavior [ RunTime:0.000000s ]
INFO: [ app_init ] --END-- [ RunTime:0.000000s ]
ERR: 无法加载模块:Iamge

[ 2015-04-28T10:07:03+08:00 ] 127.0.0.1 /wemall/WeiPHP/index.php/iamge/7.png
INFO: [ app_init ] --START--
INFO: Run Behavior\BuildLiteBehavior [ RunTime:0.000000s ]
INFO: [ app_init ] --END-- [ RunTime:0.001000s ]
ERR: 无法加载模块:Iamge

[ 2015-04-28T10:07:04+08:00 ] 127.0.0.1 /wemall/WeiPHP/index.php/iamge/6.png
INFO: [ app_init ] --START--
INFO: Run Behavior\BuildLiteBehavior [ RunTime:0.000000s ]
INFO: [ app_init ] --END-- [ RunTime:0.001000s ]
ERR: 无法加载模块:Iamge

[ 2015-04-28T10:09:17+08:00 ] 127.0.0.1 /wemall/WeiPHP/index.php/iamge/7.png
INFO: [ app_init ] --START--
INFO: Run Behavior\BuildLiteBehavior [ RunTime:0.000000s ]
INFO: [ app_init ] --END-- [ RunTime:0.000000s ]
ERR: 无法加载模块:Iamge

[ 2015-04-28T10:09:17+08:00 ] 127.0.0.1 /wemall/WeiPHP/index.php/iamge/6.png
INFO: [ app_init ] --START--
INFO: Run Behavior\BuildLiteBehavior [ RunTime:0.000000s ]
INFO: [ app_init ] --END-- [ RunTime:0.010000s ]
ERR: 无法加载模块:Iamge

[ 2015-04-28T10:09:17+08:00 ] 127.0.0.1 /wemall/WeiPHP/index.php/iamge/5.png
INFO: [ app_init ] --START--
INFO: Run Behavior\BuildLiteBehavior [ RunTime:0.000000s ]
INFO: [ app_init ] --END-- [ RunTime:0.000000s ]
ERR: 无法加载模块:Iamge

[ 2015-04-28T10:09:17+08:00 ] 127.0.0.1 /wemall/WeiPHP/index.php/iamge/7.png
INFO: [ app_init ] --START--
INFO: Run Behavior\BuildLiteBehavior [ RunTime:0.000000s ]
INFO: [ app_init ] --END-- [ RunTime:0.001000s ]
ERR: 无法加载模块:Iamge

[ 2015-04-28T10:09:20+08:00 ] 127.0.0.1 /wemall/WeiPHP/index.php/iamge/6.png
INFO: [ app_init ] --START--
INFO: Run Behavior\BuildLiteBehavior [ RunTime:0.000000s ]
INFO: [ app_init ] --END-- [ RunTime:0.000000s ]
ERR: 无法加载模块:Iamge

[ 2015-04-28T10:09:20+08:00 ] 127.0.0.1 /wemall/WeiPHP/index.php/iamge/5.png
INFO: [ app_init ] --START--
INFO: Run Behavior\BuildLiteBehavior [ RunTime:0.000000s ]
INFO: [ app_init ] --END-- [ RunTime:0.000000s ]
ERR: 无法加载模块:Iamge

[ 2015-04-28T10:09:20+08:00 ] 127.0.0.1 /wemall/WeiPHP/index.php/iamge/7.png
INFO: [ app_init ] --START--
INFO: Run Behavior\BuildLiteBehavior [ RunTime:0.000000s ]
INFO: [ app_init ] --END-- [ RunTime:0.000000s ]
ERR: 无法加载模块:Iamge

[ 2015-04-28T10:09:31+08:00 ] 127.0.0.1 /wemall/WeiPHP/index.php/iamge/6.png
INFO: [ app_init ] --START--
INFO: Run Behavior\BuildLiteBehavior [ RunTime:0.000000s ]
INFO: [ app_init ] --END-- [ RunTime:0.001000s ]
ERR: 无法加载模块:Iamge

[ 2015-04-28T10:09:31+08:00 ] 127.0.0.1 /wemall/WeiPHP/index.php/iamge/5.png
INFO: [ app_init ] --START--
INFO: Run Behavior\BuildLiteBehavior [ RunTime:0.000000s ]
INFO: [ app_init ] --END-- [ RunTime:0.000000s ]
ERR: 无法加载模块:Iamge

[ 2015-04-28T10:09:31+08:00 ] 127.0.0.1 /wemall/WeiPHP/index.php/iamge/7.png
INFO: [ app_init ] --START--
INFO: Run Behavior\BuildLiteBehavior [ RunTime:0.000000s ]
INFO: [ app_init ] --END-- [ RunTime:0.001000s ]
ERR: 无法加载模块:Iamge

[ 2015-04-28T10:09:31+08:00 ] 127.0.0.1 /wemall/WeiPHP/index.php/iamge/5.png
INFO: [ app_init ] --START--
INFO: Run Behavior\BuildLiteBehavior [ RunTime:0.000000s ]
INFO: [ app_init ] --END-- [ RunTime:0.000000s ]
ERR: 无法加载模块:Iamge

[ 2015-04-28T10:09:31+08:00 ] 127.0.0.1 /wemall/WeiPHP/index.php/iamge/6.png
INFO: [ app_init ] --START--
INFO: Run Behavior\BuildLiteBehavior [ RunTime:0.000000s ]
INFO: [ app_init ] --END-- [ RunTime:0.001000s ]
ERR: 无法加载模块:Iamge

[ 2015-04-28T10:23:11+08:00 ] 127.0.0.1 /wemall/WeiPHP/index.php/iamge/5.png
INFO: [ app_init ] --START--
INFO: Run Behavior\BuildLiteBehavior [ RunTime:0.000000s ]
INFO: [ app_init ] --END-- [ RunTime:0.002000s ]
ERR: 无法加载模块:Iamge

[ 2015-04-28T10:23:11+08:00 ] 127.0.0.1 /wemall/WeiPHP/index.php/iamge/6.png
INFO: [ app_init ] --START--
INFO: Run Behavior\BuildLiteBehavior [ RunTime:0.000000s ]
INFO: [ app_init ] --END-- [ RunTime:0.001000s ]
ERR: 无法加载模块:Iamge

[ 2015-04-28T10:23:12+08:00 ] 127.0.0.1 /wemall/WeiPHP/index.php/iamge/7.png
INFO: [ app_init ] --START--
INFO: Run Behavior\BuildLiteBehavior [ RunTime:0.000000s ]
INFO: [ app_init ] --END-- [ RunTime:0.001000s ]
ERR: 无法加载模块:Iamge

[ 2015-04-28T10:26:33+08:00 ] 127.0.0.1 /wemall/WeiPHP/index.php/iamge/7.png
INFO: [ app_init ] --START--
INFO: Run Behavior\BuildLiteBehavior [ RunTime:0.000000s ]
INFO: [ app_init ] --END-- [ RunTime:0.002000s ]
ERR: 无法加载模块:Iamge

[ 2015-04-28T10:26:33+08:00 ] 127.0.0.1 /wemall/WeiPHP/index.php/iamge/5.png
INFO: [ app_init ] --START--
INFO: Run Behavior\BuildLiteBehavior [ RunTime:0.000000s ]
INFO: [ app_init ] --END-- [ RunTime:0.000000s ]
ERR: 无法加载模块:Iamge

[ 2015-04-28T10:26:33+08:00 ] 127.0.0.1 /wemall/WeiPHP/index.php/iamge/6.png
INFO: [ app_init ] --START--
INFO: Run Behavior\BuildLiteBehavior [ RunTime:0.000000s ]
INFO: [ app_init ] --END-- [ RunTime:0.001000s ]
ERR: 无法加载模块:Iamge

[ 2015-04-28T10:28:17+08:00 ] 127.0.0.1 /wemall/WeiPHP/index.php/iamge/6.png
INFO: [ app_init ] --START--
INFO: Run Behavior\BuildLiteBehavior [ RunTime:0.000000s ]
INFO: [ app_init ] --END-- [ RunTime:0.011000s ]
ERR: 无法加载模块:Iamge

[ 2015-04-28T10:28:18+08:00 ] 127.0.0.1 /wemall/WeiPHP/index.php/iamge/7.png
INFO: [ app_init ] --START--
INFO: Run Behavior\BuildLiteBehavior [ RunTime:0.000000s ]
INFO: [ app_init ] --END-- [ RunTime:0.000000s ]
ERR: 无法加载模块:Iamge

[ 2015-04-28T10:28:18+08:00 ] 127.0.0.1 /wemall/WeiPHP/index.php/iamge/5.png
INFO: [ app_init ] --START--
INFO: Run Behavior\BuildLiteBehavior [ RunTime:0.000000s ]
INFO: [ app_init ] --END-- [ RunTime:0.000000s ]
ERR: 无法加载模块:Iamge

[ 2015-04-28T10:30:23+08:00 ] 127.0.0.1 /wemall/WeiPHP/index.php/iamge/5.png
INFO: [ app_init ] --START--
INFO: Run Behavior\BuildLiteBehavior [ RunTime:0.000000s ]
INFO: [ app_init ] --END-- [ RunTime:0.000000s ]
ERR: 无法加载模块:Iamge

[ 2015-04-28T10:30:23+08:00 ] 127.0.0.1 /wemall/WeiPHP/index.php/iamge/7.png
INFO: [ app_init ] --START--
INFO: Run Behavior\BuildLiteBehavior [ RunTime:0.000000s ]
INFO: [ app_init ] --END-- [ RunTime:0.001000s ]
ERR: 无法加载模块:Iamge

[ 2015-04-28T10:30:24+08:00 ] 127.0.0.1 /wemall/WeiPHP/index.php/iamge/6.png
INFO: [ app_init ] --START--
INFO: Run Behavior\BuildLiteBehavior [ RunTime:0.000000s ]
INFO: [ app_init ] --END-- [ RunTime:0.001000s ]
ERR: 无法加载模块:Iamge

[ 2015-04-28T10:33:52+08:00 ] 127.0.0.1 /wemall/WeiPHP/index.php/iamge/6.png
INFO: [ app_init ] --START--
INFO: Run Behavior\BuildLiteBehavior [ RunTime:0.000000s ]
INFO: [ app_init ] --END-- [ RunTime:0.001000s ]
ERR: 无法加载模块:Iamge

[ 2015-04-28T10:33:53+08:00 ] 127.0.0.1 /wemall/WeiPHP/index.php/iamge/5.png
INFO: [ app_init ] --START--
INFO: Run Behavior\BuildLiteBehavior [ RunTime:0.000000s ]
INFO: [ app_init ] --END-- [ RunTime:0.001000s ]
ERR: 无法加载模块:Iamge

[ 2015-04-28T10:33:53+08:00 ] 127.0.0.1 /wemall/WeiPHP/index.php/iamge/7.png
INFO: [ app_init ] --START--
INFO: Run Behavior\BuildLiteBehavior [ RunTime:0.000000s ]
INFO: [ app_init ] --END-- [ RunTime:0.001000s ]
ERR: 无法加载模块:Iamge

[ 2015-04-28T10:34:21+08:00 ] 127.0.0.1 /wemall/WeiPHP/index.php/iamge/5.png
INFO: [ app_init ] --START--
INFO: Run Behavior\BuildLiteBehavior [ RunTime:0.000000s ]
INFO: [ app_init ] --END-- [ RunTime:0.001000s ]
ERR: 无法加载模块:Iamge

[ 2015-04-28T10:34:21+08:00 ] 127.0.0.1 /wemall/WeiPHP/index.php/iamge/6.png
INFO: [ app_init ] --START--
INFO: Run Behavior\BuildLiteBehavior [ RunTime:0.000000s ]
INFO: [ app_init ] --END-- [ RunTime:0.001000s ]
ERR: 无法加载模块:Iamge

[ 2015-04-28T10:34:21+08:00 ] 127.0.0.1 /wemall/WeiPHP/index.php/iamge/7.png
INFO: [ app_init ] --START--
INFO: Run Behavior\BuildLiteBehavior [ RunTime:0.000000s ]
INFO: [ app_init ] --END-- [ RunTime:0.001000s ]
ERR: 无法加载模块:Iamge

[ 2015-04-28T10:44:02+08:00 ] 127.0.0.1 /wemall/WeiPHP/index.php/iamge/7.png
INFO: [ app_init ] --START--
INFO: Run Behavior\BuildLiteBehavior [ RunTime:0.001001s ]
INFO: [ app_init ] --END-- [ RunTime:0.001001s ]
ERR: 无法加载模块:Iamge

[ 2015-04-28T10:44:02+08:00 ] 127.0.0.1 /wemall/WeiPHP/index.php/iamge/6.png
INFO: [ app_init ] --START--
INFO: Run Behavior\BuildLiteBehavior [ RunTime:0.000000s ]
INFO: [ app_init ] --END-- [ RunTime:0.001000s ]
ERR: 无法加载模块:Iamge

[ 2015-04-28T10:44:03+08:00 ] 127.0.0.1 /wemall/WeiPHP/index.php/iamge/5.png
INFO: [ app_init ] --START--
INFO: Run Behavior\BuildLiteBehavior [ RunTime:0.000000s ]
INFO: [ app_init ] --END-- [ RunTime:0.000000s ]
ERR: 无法加载模块:Iamge

[ 2015-04-28T10:44:08+08:00 ] 127.0.0.1 /wemall/WeiPHP/index.php/iamge/7.png
INFO: [ app_init ] --START--
INFO: Run Behavior\BuildLiteBehavior [ RunTime:0.000000s ]
INFO: [ app_init ] --END-- [ RunTime:0.000000s ]
ERR: 无法加载模块:Iamge

[ 2015-04-28T10:44:09+08:00 ] 127.0.0.1 /wemall/WeiPHP/index.php/iamge/6.png
INFO: [ app_init ] --START--
INFO: Run Behavior\BuildLiteBehavior [ RunTime:0.000000s ]
INFO: [ app_init ] --END-- [ RunTime:0.001000s ]
ERR: 无法加载模块:Iamge

[ 2015-04-28T10:44:09+08:00 ] 127.0.0.1 /wemall/WeiPHP/index.php/iamge/5.png
INFO: [ app_init ] --START--
INFO: Run Behavior\BuildLiteBehavior [ RunTime:0.000000s ]
INFO: [ app_init ] --END-- [ RunTime:0.000000s ]
ERR: 无法加载模块:Iamge

[ 2015-04-28T10:46:44+08:00 ] 127.0.0.1 /wemall/WeiPHP/index.php/iamge/7.png
INFO: [ app_init ] --START--
INFO: Run Behavior\BuildLiteBehavior [ RunTime:0.000000s ]
INFO: [ app_init ] --END-- [ RunTime:0.001000s ]
ERR: 无法加载模块:Iamge

[ 2015-04-28T10:46:44+08:00 ] 127.0.0.1 /wemall/WeiPHP/index.php/iamge/5.png
INFO: [ app_init ] --START--
INFO: Run Behavior\BuildLiteBehavior [ RunTime:0.001000s ]
INFO: [ app_init ] --END-- [ RunTime:0.001000s ]
ERR: 无法加载模块:Iamge

[ 2015-04-28T10:46:45+08:00 ] 127.0.0.1 /wemall/WeiPHP/index.php/iamge/6.png
INFO: [ app_init ] --START--
INFO: Run Behavior\BuildLiteBehavior [ RunTime:0.000000s ]
INFO: [ app_init ] --END-- [ RunTime:0.001001s ]
ERR: 无法加载模块:Iamge

[ 2015-04-28T10:50:32+08:00 ] 127.0.0.1 /wemall/WeiPHP/index.php/iamge/5.png
INFO: [ app_init ] --START--
INFO: Run Behavior\BuildLiteBehavior [ RunTime:0.000000s ]
INFO: [ app_init ] --END-- [ RunTime:0.001000s ]
ERR: 无法加载模块:Iamge

[ 2015-04-28T10:50:33+08:00 ] 127.0.0.1 /wemall/WeiPHP/index.php/iamge/6.png
INFO: [ app_init ] --START--
INFO: Run Behavior\BuildLiteBehavior [ RunTime:0.000000s ]
INFO: [ app_init ] --END-- [ RunTime:0.001000s ]
ERR: 无法加载模块:Iamge

[ 2015-04-28T10:50:33+08:00 ] 127.0.0.1 /wemall/WeiPHP/index.php/iamge/7.png
INFO: [ app_init ] --START--
INFO: Run Behavior\BuildLiteBehavior [ RunTime:0.000000s ]
INFO: [ app_init ] --END-- [ RunTime:0.000000s ]
ERR: 无法加载模块:Iamge

[ 2015-04-28T11:01:51+08:00 ] 127.0.0.1 /wemall/WeiPHP/index.php/iamge/5.png
INFO: [ app_init ] --START--
INFO: Run Behavior\BuildLiteBehavior [ RunTime:0.000000s ]
INFO: [ app_init ] --END-- [ RunTime:0.000000s ]
ERR: 无法加载模块:Iamge

[ 2015-04-28T11:01:51+08:00 ] 127.0.0.1 /wemall/WeiPHP/index.php/iamge/6.png
INFO: [ app_init ] --START--
INFO: Run Behavior\BuildLiteBehavior [ RunTime:0.000000s ]
INFO: [ app_init ] --END-- [ RunTime:0.001000s ]
ERR: 无法加载模块:Iamge

[ 2015-04-28T11:01:52+08:00 ] 127.0.0.1 /wemall/WeiPHP/index.php/iamge/7.png
INFO: [ app_init ] --START--
INFO: Run Behavior\BuildLiteBehavior [ RunTime:0.000000s ]
INFO: [ app_init ] --END-- [ RunTime:0.001000s ]
ERR: 无法加载模块:Iamge

[ 2015-04-28T11:02:11+08:00 ] 127.0.0.1 /wemall/WeiPHP/index.php/iamge/6.png
INFO: [ app_init ] --START--
INFO: Run Behavior\BuildLiteBehavior [ RunTime:0.000000s ]
INFO: [ app_init ] --END-- [ RunTime:0.011000s ]
ERR: 无法加载模块:Iamge

[ 2015-04-28T11:02:12+08:00 ] 127.0.0.1 /wemall/WeiPHP/index.php/iamge/5.png
INFO: [ app_init ] --START--
INFO: Run Behavior\BuildLiteBehavior [ RunTime:0.000000s ]
INFO: [ app_init ] --END-- [ RunTime:0.000000s ]
ERR: 无法加载模块:Iamge

[ 2015-04-28T11:02:12+08:00 ] 127.0.0.1 /wemall/WeiPHP/index.php/iamge/7.png
INFO: [ app_init ] --START--
INFO: Run Behavior\BuildLiteBehavior [ RunTime:0.000000s ]
INFO: [ app_init ] --END-- [ RunTime:0.001000s ]
ERR: 无法加载模块:Iamge

[ 2015-04-28T11:13:51+08:00 ] 127.0.0.1 /wemall/WeiPHP/index.php/iamge/5.png
INFO: [ app_init ] --START--
INFO: Run Behavior\BuildLiteBehavior [ RunTime:0.000000s ]
INFO: [ app_init ] --END-- [ RunTime:0.002000s ]
ERR: 无法加载模块:Iamge

[ 2015-04-28T11:13:51+08:00 ] 127.0.0.1 /wemall/WeiPHP/index.php/iamge/6.png
INFO: [ app_init ] --START--
INFO: Run Behavior\BuildLiteBehavior [ RunTime:0.000000s ]
INFO: [ app_init ] --END-- [ RunTime:0.001000s ]
ERR: 无法加载模块:Iamge

[ 2015-04-28T11:13:51+08:00 ] 127.0.0.1 /wemall/WeiPHP/index.php/iamge/7.png
INFO: [ app_init ] --START--
INFO: Run Behavior\BuildLiteBehavior [ RunTime:0.000000s ]
INFO: [ app_init ] --END-- [ RunTime:0.003000s ]
ERR: 无法加载模块:Iamge

[ 2015-04-28T11:19:42+08:00 ] 127.0.0.1 /wemall/WeiPHP/index.php/iamge/5.png
INFO: [ app_init ] --START--
INFO: Run Behavior\BuildLiteBehavior [ RunTime:0.000000s ]
INFO: [ app_init ] --END-- [ RunTime:0.000000s ]
ERR: 无法加载模块:Iamge

[ 2015-04-28T11:19:42+08:00 ] 127.0.0.1 /wemall/WeiPHP/index.php/iamge/6.png
INFO: [ app_init ] --START--
INFO: Run Behavior\BuildLiteBehavior [ RunTime:0.000000s ]
INFO: [ app_init ] --END-- [ RunTime:0.000000s ]
ERR: 无法加载模块:Iamge

[ 2015-04-28T11:19:42+08:00 ] 127.0.0.1 /wemall/WeiPHP/index.php/iamge/7.png
INFO: [ app_init ] --START--
INFO: Run Behavior\BuildLiteBehavior [ RunTime:0.000000s ]
INFO: [ app_init ] --END-- [ RunTime:0.001000s ]
ERR: 无法加载模块:Iamge

[ 2015-04-28T11:23:44+08:00 ] 127.0.0.1 /wemall/WeiPHP/index.php/iamge/7.png
INFO: [ app_init ] --START--
INFO: Run Behavior\BuildLiteBehavior [ RunTime:0.000000s ]
INFO: [ app_init ] --END-- [ RunTime:0.010000s ]
ERR: 无法加载模块:Iamge

[ 2015-04-28T11:23:44+08:00 ] 127.0.0.1 /wemall/WeiPHP/index.php/iamge/6.png
INFO: [ app_init ] --START--
INFO: Run Behavior\BuildLiteBehavior [ RunTime:0.000000s ]
INFO: [ app_init ] --END-- [ RunTime:0.002000s ]
ERR: 无法加载模块:Iamge

[ 2015-04-28T11:23:44+08:00 ] 127.0.0.1 /wemall/WeiPHP/index.php/iamge/5.png
INFO: [ app_init ] --START--
INFO: Run Behavior\BuildLiteBehavior [ RunTime:0.000000s ]
INFO: [ app_init ] --END-- [ RunTime:0.002000s ]
ERR: 无法加载模块:Iamge

[ 2015-04-28T11:23:45+08:00 ] 127.0.0.1 /wemall/WeiPHP/index.php/iamge/6.png
INFO: [ app_init ] --START--
INFO: Run Behavior\BuildLiteBehavior [ RunTime:0.000000s ]
INFO: [ app_init ] --END-- [ RunTime:0.002000s ]
ERR: 无法加载模块:Iamge

[ 2015-04-28T11:23:45+08:00 ] 127.0.0.1 /wemall/WeiPHP/index.php/iamge/5.png
INFO: [ app_init ] --START--
INFO: Run Behavior\BuildLiteBehavior [ RunTime:0.000000s ]
INFO: [ app_init ] --END-- [ RunTime:0.016000s ]
ERR: 无法加载模块:Iamge

[ 2015-04-28T11:23:45+08:00 ] 127.0.0.1 /wemall/WeiPHP/index.php/iamge/7.png
INFO: [ app_init ] --START--
INFO: Run Behavior\BuildLiteBehavior [ RunTime:0.001000s ]
INFO: [ app_init ] --END-- [ RunTime:0.001000s ]
ERR: 无法加载模块:Iamge

[ 2015-04-28T11:26:27+08:00 ] 127.0.0.1 /wemall/WeiPHP/index.php/iamge/5.png
INFO: [ app_init ] --START--
INFO: Run Behavior\BuildLiteBehavior [ RunTime:0.000000s ]
INFO: [ app_init ] --END-- [ RunTime:0.000000s ]
ERR: 无法加载模块:Iamge

[ 2015-04-28T11:26:27+08:00 ] 127.0.0.1 /wemall/WeiPHP/index.php/iamge/7.png
INFO: [ app_init ] --START--
INFO: Run Behavior\BuildLiteBehavior [ RunTime:0.000000s ]
INFO: [ app_init ] --END-- [ RunTime:0.000000s ]
ERR: 无法加载模块:Iamge

[ 2015-04-28T11:26:27+08:00 ] 127.0.0.1 /wemall/WeiPHP/index.php/iamge/6.png
INFO: [ app_init ] --START--
INFO: Run Behavior\BuildLiteBehavior [ RunTime:0.000000s ]
INFO: [ app_init ] --END-- [ RunTime:0.000000s ]
ERR: 无法加载模块:Iamge

[ 2015-04-28T11:26:27+08:00 ] 127.0.0.1 /wemall/WeiPHP/index.php/iamge/5.png
INFO: [ app_init ] --START--
INFO: Run Behavior\BuildLiteBehavior [ RunTime:0.000000s ]
INFO: [ app_init ] --END-- [ RunTime:0.001000s ]
ERR: 无法加载模块:Iamge

[ 2015-04-28T11:26:27+08:00 ] 127.0.0.1 /wemall/WeiPHP/index.php/iamge/6.png
INFO: [ app_init ] --START--
INFO: Run Behavior\BuildLiteBehavior [ RunTime:0.000000s ]
INFO: [ app_init ] --END-- [ RunTime:0.001000s ]
ERR: 无法加载模块:Iamge

[ 2015-04-28T11:26:27+08:00 ] 127.0.0.1 /wemall/WeiPHP/index.php/iamge/7.png
INFO: [ app_init ] --START--
INFO: Run Behavior\BuildLiteBehavior [ RunTime:0.000000s ]
INFO: [ app_init ] --END-- [ RunTime:0.000000s ]
ERR: 无法加载模块:Iamge

[ 2015-04-28T11:26:34+08:00 ] 127.0.0.1 /wemall/WeiPHP/index.php/iamge/5.png
INFO: [ app_init ] --START--
INFO: Run Behavior\BuildLiteBehavior [ RunTime:0.000000s ]
INFO: [ app_init ] --END-- [ RunTime:0.001000s ]
ERR: 无法加载模块:Iamge

[ 2015-04-28T11:26:34+08:00 ] 127.0.0.1 /wemall/WeiPHP/index.php/iamge/7.png
INFO: [ app_init ] --START--
INFO: Run Behavior\BuildLiteBehavior [ RunTime:0.000000s ]
INFO: [ app_init ] --END-- [ RunTime:0.001000s ]
ERR: 无法加载模块:Iamge

[ 2015-04-28T11:26:34+08:00 ] 127.0.0.1 /wemall/WeiPHP/index.php/iamge/6.png
INFO: [ app_init ] --START--
INFO: Run Behavior\BuildLiteBehavior [ RunTime:0.000000s ]
INFO: [ app_init ] --END-- [ RunTime:0.004000s ]
ERR: 无法加载模块:Iamge

[ 2015-04-28T11:26:44+08:00 ] 127.0.0.1 /wemall/WeiPHP/index.php/iamge/5.png
INFO: [ app_init ] --START--
INFO: Run Behavior\BuildLiteBehavior [ RunTime:0.000000s ]
INFO: [ app_init ] --END-- [ RunTime:0.001000s ]
ERR: 无法加载模块:Iamge

[ 2015-04-28T11:26:44+08:00 ] 127.0.0.1 /wemall/WeiPHP/index.php/iamge/7.png
INFO: [ app_init ] --START--
INFO: Run Behavior\BuildLiteBehavior [ RunTime:0.000000s ]
INFO: [ app_init ] --END-- [ RunTime:0.001000s ]
ERR: 无法加载模块:Iamge

[ 2015-04-28T11:26:44+08:00 ] 127.0.0.1 /wemall/WeiPHP/index.php/iamge/6.png
INFO: [ app_init ] --START--
INFO: Run Behavior\BuildLiteBehavior [ RunTime:0.000000s ]
INFO: [ app_init ] --END-- [ RunTime:0.001000s ]
ERR: 无法加载模块:Iamge

[ 2015-04-28T11:26:44+08:00 ] 127.0.0.1 /wemall/WeiPHP/index.php/iamge/5.png
INFO: [ app_init ] --START--
INFO: Run Behavior\BuildLiteBehavior [ RunTime:0.000000s ]
INFO: [ app_init ] --END-- [ RunTime:0.001000s ]
ERR: 无法加载模块:Iamge

[ 2015-04-28T11:26:44+08:00 ] 127.0.0.1 /wemall/WeiPHP/index.php/iamge/7.png
INFO: [ app_init ] --START--
INFO: Run Behavior\BuildLiteBehavior [ RunTime:0.000000s ]
INFO: [ app_init ] --END-- [ RunTime:0.001000s ]
ERR: 无法加载模块:Iamge

[ 2015-04-28T11:27:20+08:00 ] 127.0.0.1 /wemall/WeiPHP/index.php/iamge/5.png
INFO: [ app_init ] --START--
INFO: Run Behavior\BuildLiteBehavior [ RunTime:0.001000s ]
INFO: [ app_init ] --END-- [ RunTime:0.001000s ]
ERR: 无法加载模块:Iamge

[ 2015-04-28T11:27:20+08:00 ] 127.0.0.1 /wemall/WeiPHP/index.php/iamge/6.png
INFO: [ app_init ] --START--
INFO: Run Behavior\BuildLiteBehavior [ RunTime:0.000000s ]
INFO: [ app_init ] --END-- [ RunTime:0.001000s ]
ERR: 无法加载模块:Iamge

[ 2015-04-28T11:27:20+08:00 ] 127.0.0.1 /wemall/WeiPHP/index.php/iamge/7.png
INFO: [ app_init ] --START--
INFO: Run Behavior\BuildLiteBehavior [ RunTime:0.000000s ]
INFO: [ app_init ] --END-- [ RunTime:0.001000s ]
ERR: 无法加载模块:Iamge

[ 2015-04-28T11:27:34+08:00 ] 127.0.0.1 /wemall/WeiPHP/index.php/iamge/6.png
INFO: [ app_init ] --START--
INFO: Run Behavior\BuildLiteBehavior [ RunTime:0.000000s ]
INFO: [ app_init ] --END-- [ RunTime:0.002000s ]
ERR: 无法加载模块:Iamge

[ 2015-04-28T11:27:34+08:00 ] 127.0.0.1 /wemall/WeiPHP/index.php/iamge/5.png
INFO: [ app_init ] --START--
INFO: Run Behavior\BuildLiteBehavior [ RunTime:0.000000s ]
INFO: [ app_init ] --END-- [ RunTime:0.001000s ]
ERR: 无法加载模块:Iamge

[ 2015-04-28T11:27:34+08:00 ] 127.0.0.1 /wemall/WeiPHP/index.php/iamge/7.png
INFO: [ app_init ] --START--
INFO: Run Behavior\BuildLiteBehavior [ RunTime:0.001000s ]
INFO: [ app_init ] --END-- [ RunTime:0.004000s ]
ERR: 无法加载模块:Iamge

[ 2015-04-28T11:27:34+08:00 ] 127.0.0.1 /wemall/WeiPHP/index.php/iamge/5.png
INFO: [ app_init ] --START--
INFO: Run Behavior\BuildLiteBehavior [ RunTime:0.001000s ]
INFO: [ app_init ] --END-- [ RunTime:0.003000s ]
ERR: 无法加载模块:Iamge

[ 2015-04-28T11:27:34+08:00 ] 127.0.0.1 /wemall/WeiPHP/index.php/iamge/6.png
INFO: [ app_init ] --START--
INFO: Run Behavior\BuildLiteBehavior [ RunTime:0.001000s ]
INFO: [ app_init ] --END-- [ RunTime:0.001000s ]
ERR: 无法加载模块:Iamge

[ 2015-04-28T11:27:34+08:00 ] 127.0.0.1 /wemall/WeiPHP/index.php/iamge/7.png
INFO: [ app_init ] --START--
INFO: Run Behavior\BuildLiteBehavior [ RunTime:0.000000s ]
INFO: [ app_init ] --END-- [ RunTime:0.001000s ]
ERR: 无法加载模块:Iamge

[ 2015-04-28T11:27:50+08:00 ] 127.0.0.1 /wemall/WeiPHP/index.php/iamge/7.png
INFO: [ app_init ] --START--
INFO: Run Behavior\BuildLiteBehavior [ RunTime:0.000000s ]
INFO: [ app_init ] --END-- [ RunTime:0.002000s ]
ERR: 无法加载模块:Iamge

[ 2015-04-28T11:27:50+08:00 ] 127.0.0.1 /wemall/WeiPHP/index.php/iamge/5.png
INFO: [ app_init ] --START--
INFO: Run Behavior\BuildLiteBehavior [ RunTime:0.000000s ]
INFO: [ app_init ] --END-- [ RunTime:0.001000s ]
ERR: 无法加载模块:Iamge

[ 2015-04-28T11:27:50+08:00 ] 127.0.0.1 /wemall/WeiPHP/index.php/iamge/6.png
INFO: [ app_init ] --START--
INFO: Run Behavior\BuildLiteBehavior [ RunTime:0.000000s ]
INFO: [ app_init ] --END-- [ RunTime:0.001000s ]
ERR: 无法加载模块:Iamge

[ 2015-04-28T11:29:45+08:00 ] 127.0.0.1 /wemall/WeiPHP/index.php/iamge/5.png
INFO: [ app_init ] --START--
INFO: Run Behavior\BuildLiteBehavior [ RunTime:0.000000s ]
INFO: [ app_init ] --END-- [ RunTime:0.000000s ]
ERR: 无法加载模块:Iamge

[ 2015-04-28T11:29:45+08:00 ] 127.0.0.1 /wemall/WeiPHP/index.php/iamge/6.png
INFO: [ app_init ] --START--
INFO: Run Behavior\BuildLiteBehavior [ RunTime:0.000000s ]
INFO: [ app_init ] --END-- [ RunTime:0.001000s ]
ERR: 无法加载模块:Iamge

[ 2015-04-28T11:29:45+08:00 ] 127.0.0.1 /wemall/WeiPHP/index.php/iamge/7.png
INFO: [ app_init ] --START--
INFO: Run Behavior\BuildLiteBehavior [ RunTime:0.000000s ]
INFO: [ app_init ] --END-- [ RunTime:0.001000s ]
ERR: 无法加载模块:Iamge

[ 2015-04-28T11:30:45+08:00 ] 127.0.0.1 /wemall/WeiPHP/index.php/iamge/6.png
INFO: [ app_init ] --START--
INFO: Run Behavior\BuildLiteBehavior [ RunTime:0.000000s ]
INFO: [ app_init ] --END-- [ RunTime:0.001000s ]
ERR: 无法加载模块:Iamge

[ 2015-04-28T11:30:45+08:00 ] 127.0.0.1 /wemall/WeiPHP/index.php/iamge/7.png
INFO: [ app_init ] --START--
INFO: Run Behavior\BuildLiteBehavior [ RunTime:0.000000s ]
INFO: [ app_init ] --END-- [ RunTime:0.001000s ]
ERR: 无法加载模块:Iamge

[ 2015-04-28T11:30:45+08:00 ] 127.0.0.1 /wemall/WeiPHP/index.php/iamge/5.png
INFO: [ app_init ] --START--
INFO: Run Behavior\BuildLiteBehavior [ RunTime:0.000000s ]
INFO: [ app_init ] --END-- [ RunTime:0.002000s ]
ERR: 无法加载模块:Iamge

[ 2015-04-28T11:30:46+08:00 ] 127.0.0.1 /wemall/WeiPHP/index.php/iamge/7.png
INFO: [ app_init ] --START--
INFO: Run Behavior\BuildLiteBehavior [ RunTime:0.000000s ]
INFO: [ app_init ] --END-- [ RunTime:0.001001s ]
ERR: 无法加载模块:Iamge

[ 2015-04-28T11:30:46+08:00 ] 127.0.0.1 /wemall/WeiPHP/index.php/iamge/6.png
INFO: [ app_init ] --START--
INFO: Run Behavior\BuildLiteBehavior [ RunTime:0.000000s ]
INFO: [ app_init ] --END-- [ RunTime:0.001000s ]
ERR: 无法加载模块:Iamge

[ 2015-04-28T11:30:46+08:00 ] 127.0.0.1 /wemall/WeiPHP/index.php/iamge/5.png
INFO: [ app_init ] --START--
INFO: Run Behavior\BuildLiteBehavior [ RunTime:0.000000s ]
INFO: [ app_init ] --END-- [ RunTime:0.001000s ]
ERR: 无法加载模块:Iamge

[ 2015-04-28T11:32:43+08:00 ] 127.0.0.1 /wemall/WeiPHP/index.php/iamge/6.png
INFO: [ app_init ] --START--
INFO: Run Behavior\BuildLiteBehavior [ RunTime:0.000000s ]
INFO: [ app_init ] --END-- [ RunTime:0.001000s ]
ERR: 无法加载模块:Iamge

[ 2015-04-28T11:32:43+08:00 ] 127.0.0.1 /wemall/WeiPHP/index.php/iamge/7.png
INFO: [ app_init ] --START--
INFO: Run Behavior\BuildLiteBehavior [ RunTime:0.000000s ]
INFO: [ app_init ] --END-- [ RunTime:0.001001s ]
ERR: 无法加载模块:Iamge

[ 2015-04-28T11:32:43+08:00 ] 127.0.0.1 /wemall/WeiPHP/index.php/iamge/5.png
INFO: [ app_init ] --START--
INFO: Run Behavior\BuildLiteBehavior [ RunTime:0.000000s ]
INFO: [ app_init ] --END-- [ RunTime:0.001000s ]
ERR: 无法加载模块:Iamge

[ 2015-04-28T11:39:59+08:00 ] 127.0.0.1 /wemall/WeiPHP/index.php/iamge/5.png
INFO: [ app_init ] --START--
INFO: Run Behavior\BuildLiteBehavior [ RunTime:0.000000s ]
INFO: [ app_init ] --END-- [ RunTime:0.001000s ]
ERR: 无法加载模块:Iamge

[ 2015-04-28T11:39:59+08:00 ] 127.0.0.1 /wemall/WeiPHP/index.php/iamge/7.png
INFO: [ app_init ] --START--
INFO: Run Behavior\BuildLiteBehavior [ RunTime:0.000000s ]
INFO: [ app_init ] --END-- [ RunTime:0.002000s ]
ERR: 无法加载模块:Iamge

[ 2015-04-28T11:39:59+08:00 ] 127.0.0.1 /wemall/WeiPHP/index.php/iamge/6.png
INFO: [ app_init ] --START--
INFO: Run Behavior\BuildLiteBehavior [ RunTime:0.000000s ]
INFO: [ app_init ] --END-- [ RunTime:0.001001s ]
ERR: 无法加载模块:Iamge

[ 2015-04-28T11:40:59+08:00 ] 127.0.0.1 /wemall/WeiPHP/index.php/iamge/5.png
INFO: [ app_init ] --START--
INFO: Run Behavior\BuildLiteBehavior [ RunTime:0.000000s ]
INFO: [ app_init ] --END-- [ RunTime:0.001000s ]
ERR: 无法加载模块:Iamge

[ 2015-04-28T11:40:59+08:00 ] 127.0.0.1 /wemall/WeiPHP/index.php/iamge/7.png
INFO: [ app_init ] --START--
INFO: Run Behavior\BuildLiteBehavior [ RunTime:0.000000s ]
INFO: [ app_init ] --END-- [ RunTime:0.001000s ]
ERR: 无法加载模块:Iamge

[ 2015-04-28T11:40:59+08:00 ] 127.0.0.1 /wemall/WeiPHP/index.php/iamge/6.png
INFO: [ app_init ] --START--
INFO: Run Behavior\BuildLiteBehavior [ RunTime:0.000000s ]
INFO: [ app_init ] --END-- [ RunTime:0.001001s ]
ERR: 无法加载模块:Iamge

[ 2015-04-28T11:40:59+08:00 ] 127.0.0.1 /wemall/WeiPHP/index.php/iamge/5.png
INFO: [ app_init ] --START--
INFO: Run Behavior\BuildLiteBehavior [ RunTime:0.000000s ]
INFO: [ app_init ] --END-- [ RunTime:0.001000s ]
ERR: 无法加载模块:Iamge

[ 2015-04-28T11:40:59+08:00 ] 127.0.0.1 /wemall/WeiPHP/index.php/iamge/6.png
INFO: [ app_init ] --START--
INFO: Run Behavior\BuildLiteBehavior [ RunTime:0.000000s ]
INFO: [ app_init ] --END-- [ RunTime:0.003000s ]
ERR: 无法加载模块:Iamge

[ 2015-04-28T11:40:59+08:00 ] 127.0.0.1 /wemall/WeiPHP/index.php/iamge/7.png
INFO: [ app_init ] --START--
INFO: Run Behavior\BuildLiteBehavior [ RunTime:0.000000s ]
INFO: [ app_init ] --END-- [ RunTime:0.001000s ]
ERR: 无法加载模块:Iamge

[ 2015-04-28T11:41:11+08:00 ] 127.0.0.1 /wemall/WeiPHP/index.php/iamge/6.png
INFO: [ app_init ] --START--
INFO: Run Behavior\BuildLiteBehavior [ RunTime:0.000000s ]
INFO: [ app_init ] --END-- [ RunTime:0.001000s ]
ERR: 无法加载模块:Iamge

[ 2015-04-28T11:41:11+08:00 ] 127.0.0.1 /wemall/WeiPHP/index.php/iamge/5.png
INFO: [ app_init ] --START--
INFO: Run Behavior\BuildLiteBehavior [ RunTime:0.000000s ]
INFO: [ app_init ] --END-- [ RunTime:0.001001s ]
ERR: 无法加载模块:Iamge

[ 2015-04-28T11:41:11+08:00 ] 127.0.0.1 /wemall/WeiPHP/index.php/iamge/7.png
INFO: [ app_init ] --START--
INFO: Run Behavior\BuildLiteBehavior [ RunTime:0.000000s ]
INFO: [ app_init ] --END-- [ RunTime:0.001000s ]
ERR: 无法加载模块:Iamge

[ 2015-04-28T11:41:46+08:00 ] 127.0.0.1 /wemall/WeiPHP/index.php/iamge/5.png
INFO: [ app_init ] --START--
INFO: Run Behavior\BuildLiteBehavior [ RunTime:0.001000s ]
INFO: [ app_init ] --END-- [ RunTime:0.001000s ]
ERR: 无法加载模块:Iamge

[ 2015-04-28T11:41:46+08:00 ] 127.0.0.1 /wemall/WeiPHP/index.php/iamge/7.png
INFO: [ app_init ] --START--
INFO: Run Behavior\BuildLiteBehavior [ RunTime:0.000000s ]
INFO: [ app_init ] --END-- [ RunTime:0.001000s ]
ERR: 无法加载模块:Iamge

[ 2015-04-28T11:41:46+08:00 ] 127.0.0.1 /wemall/WeiPHP/index.php/iamge/6.png
INFO: [ app_init ] --START--
INFO: Run Behavior\BuildLiteBehavior [ RunTime:0.000000s ]
INFO: [ app_init ] --END-- [ RunTime:0.001000s ]
ERR: 无法加载模块:Iamge

[ 2015-04-28T12:27:02+08:00 ] 127.0.0.1 /wemall/WeiPHP/index.php/iamge/6.png
INFO: [ app_init ] --START--
INFO: Run Behavior\BuildLiteBehavior [ RunTime:0.000000s ]
INFO: [ app_init ] --END-- [ RunTime:0.001000s ]
ERR: 无法加载模块:Iamge

[ 2015-04-28T12:27:02+08:00 ] 127.0.0.1 /wemall/WeiPHP/index.php/iamge/5.png
INFO: [ app_init ] --START--
INFO: Run Behavior\BuildLiteBehavior [ RunTime:0.000000s ]
INFO: [ app_init ] --END-- [ RunTime:0.001000s ]
ERR: 无法加载模块:Iamge

[ 2015-04-28T12:30:50+08:00 ] 127.0.0.1 /wemall/WeiPHP/index.php/iamge/5.png
INFO: [ app_init ] --START--
INFO: Run Behavior\BuildLiteBehavior [ RunTime:0.000000s ]
INFO: [ app_init ] --END-- [ RunTime:0.000000s ]
ERR: 无法加载模块:Iamge

[ 2015-04-28T12:30:50+08:00 ] 127.0.0.1 /wemall/WeiPHP/index.php/iamge/6.png
INFO: [ app_init ] --START--
INFO: Run Behavior\BuildLiteBehavior [ RunTime:0.000000s ]
INFO: [ app_init ] --END-- [ RunTime:0.000000s ]
ERR: 无法加载模块:Iamge

[ 2015-04-28T12:30:50+08:00 ] 127.0.0.1 /wemall/WeiPHP/index.php/iamge/7.png
INFO: [ app_init ] --START--
INFO: Run Behavior\BuildLiteBehavior [ RunTime:0.000000s ]
INFO: [ app_init ] --END-- [ RunTime:0.001000s ]
ERR: 无法加载模块:Iamge

[ 2015-04-28T12:30:50+08:00 ] 127.0.0.1 /wemall/WeiPHP/index.php/iamge/5.png
INFO: [ app_init ] --START--
INFO: Run Behavior\BuildLiteBehavior [ RunTime:0.000000s ]
INFO: [ app_init ] --END-- [ RunTime:0.001000s ]
ERR: 无法加载模块:Iamge

[ 2015-04-28T12:31:10+08:00 ] 127.0.0.1 /wemall/WeiPHP/index.php/iamge/7.png
INFO: [ app_init ] --START--
INFO: Run Behavior\BuildLiteBehavior [ RunTime:0.000000s ]
INFO: [ app_init ] --END-- [ RunTime:0.000000s ]
ERR: 无法加载模块:Iamge

[ 2015-04-28T12:31:10+08:00 ] 127.0.0.1 /wemall/WeiPHP/index.php/iamge/5.png
INFO: [ app_init ] --START--
INFO: Run Behavior\BuildLiteBehavior [ RunTime:0.000000s ]
INFO: [ app_init ] --END-- [ RunTime:0.001000s ]
ERR: 无法加载模块:Iamge

[ 2015-04-28T12:31:10+08:00 ] 127.0.0.1 /wemall/WeiPHP/index.php/iamge/6.png
INFO: [ app_init ] --START--
INFO: Run Behavior\BuildLiteBehavior [ RunTime:0.000000s ]
INFO: [ app_init ] --END-- [ RunTime:0.015600s ]
ERR: 无法加载模块:Iamge

[ 2015-04-28T12:31:30+08:00 ] 127.0.0.1 /wemall/WeiPHP/index.php/iamge/7.png
INFO: [ app_init ] --START--
INFO: Run Behavior\BuildLiteBehavior [ RunTime:0.000000s ]
INFO: [ app_init ] --END-- [ RunTime:0.000000s ]
ERR: 无法加载模块:Iamge

[ 2015-04-28T12:31:30+08:00 ] 127.0.0.1 /wemall/WeiPHP/index.php/iamge/5.png
INFO: [ app_init ] --START--
INFO: Run Behavior\BuildLiteBehavior [ RunTime:0.000000s ]
INFO: [ app_init ] --END-- [ RunTime:0.000000s ]
ERR: 无法加载模块:Iamge

[ 2015-04-28T12:31:30+08:00 ] 127.0.0.1 /wemall/WeiPHP/index.php/iamge/6.png
INFO: [ app_init ] --START--
INFO: Run Behavior\BuildLiteBehavior [ RunTime:0.000000s ]
INFO: [ app_init ] --END-- [ RunTime:0.001000s ]
ERR: 无法加载模块:Iamge

[ 2015-04-28T12:34:11+08:00 ] 127.0.0.1 /wemall/WeiPHP/index.php/iamge/6.png
INFO: [ app_init ] --START--
INFO: Run Behavior\BuildLiteBehavior [ RunTime:0.000000s ]
INFO: [ app_init ] --END-- [ RunTime:0.001000s ]
ERR: 无法加载模块:Iamge

[ 2015-04-28T12:34:11+08:00 ] 127.0.0.1 /wemall/WeiPHP/index.php/iamge/7.png
INFO: [ app_init ] --START--
INFO: Run Behavior\BuildLiteBehavior [ RunTime:0.000000s ]
INFO: [ app_init ] --END-- [ RunTime:0.001000s ]
ERR: 无法加载模块:Iamge

[ 2015-04-28T12:34:11+08:00 ] 127.0.0.1 /wemall/WeiPHP/index.php/iamge/5.png
INFO: [ app_init ] --START--
INFO: Run Behavior\BuildLiteBehavior [ RunTime:0.000000s ]
INFO: [ app_init ] --END-- [ RunTime:0.002000s ]
ERR: 无法加载模块:Iamge

[ 2015-04-28T12:34:12+08:00 ] 127.0.0.1 /wemall/WeiPHP/index.php/iamge/7.png
INFO: [ app_init ] --START--
INFO: Run Behavior\BuildLiteBehavior [ RunTime:0.000000s ]
INFO: [ app_init ] --END-- [ RunTime:0.001000s ]
ERR: 无法加载模块:Iamge

[ 2015-04-28T12:34:12+08:00 ] 127.0.0.1 /wemall/WeiPHP/index.php/iamge/6.png
INFO: [ app_init ] --START--
INFO: Run Behavior\BuildLiteBehavior [ RunTime:0.000000s ]
INFO: [ app_init ] --END-- [ RunTime:0.008001s ]
ERR: 无法加载模块:Iamge

[ 2015-04-28T12:34:12+08:00 ] 127.0.0.1 /wemall/WeiPHP/index.php/iamge/5.png
INFO: [ app_init ] --START--
INFO: Run Behavior\BuildLiteBehavior [ RunTime:0.001000s ]
INFO: [ app_init ] --END-- [ RunTime:0.001000s ]
ERR: 无法加载模块:Iamge

[ 2015-04-28T12:34:40+08:00 ] 127.0.0.1 /wemall/WeiPHP/index.php/iamge/6.png
INFO: [ app_init ] --START--
INFO: Run Behavior\BuildLiteBehavior [ RunTime:0.000000s ]
INFO: [ app_init ] --END-- [ RunTime:0.001000s ]
ERR: 无法加载模块:Iamge

[ 2015-04-28T12:34:40+08:00 ] 127.0.0.1 /wemall/WeiPHP/index.php/iamge/5.png
INFO: [ app_init ] --START--
INFO: Run Behavior\BuildLiteBehavior [ RunTime:0.000000s ]
INFO: [ app_init ] --END-- [ RunTime:0.001000s ]
ERR: 无法加载模块:Iamge

[ 2015-04-28T12:34:40+08:00 ] 127.0.0.1 /wemall/WeiPHP/index.php/iamge/7.png
INFO: [ app_init ] --START--
INFO: Run Behavior\BuildLiteBehavior [ RunTime:0.000000s ]
INFO: [ app_init ] --END-- [ RunTime:0.001000s ]
ERR: 无法加载模块:Iamge

[ 2015-04-28T12:34:40+08:00 ] 127.0.0.1 /wemall/WeiPHP/index.php/iamge/6.png
INFO: [ app_init ] --START--
INFO: Run Behavior\BuildLiteBehavior [ RunTime:0.000000s ]
INFO: [ app_init ] --END-- [ RunTime:0.002000s ]
ERR: 无法加载模块:Iamge

[ 2015-04-28T12:34:40+08:00 ] 127.0.0.1 /wemall/WeiPHP/index.php/iamge/5.png
INFO: [ app_init ] --START--
INFO: Run Behavior\BuildLiteBehavior [ RunTime:0.000000s ]
INFO: [ app_init ] --END-- [ RunTime:0.001000s ]
ERR: 无法加载模块:Iamge

[ 2015-04-28T12:34:59+08:00 ] 127.0.0.1 /wemall/WeiPHP/index.php/iamge/7.png
INFO: [ app_init ] --START--
INFO: Run Behavior\BuildLiteBehavior [ RunTime:0.000000s ]
INFO: [ app_init ] --END-- [ RunTime:0.001000s ]
ERR: 无法加载模块:Iamge

[ 2015-04-28T12:34:59+08:00 ] 127.0.0.1 /wemall/WeiPHP/index.php/iamge/6.png
INFO: [ app_init ] --START--
INFO: Run Behavior\BuildLiteBehavior [ RunTime:0.000000s ]
INFO: [ app_init ] --END-- [ RunTime:0.001000s ]
ERR: 无法加载模块:Iamge

[ 2015-04-28T12:34:59+08:00 ] 127.0.0.1 /wemall/WeiPHP/index.php/iamge/5.png
INFO: [ app_init ] --START--
INFO: Run Behavior\BuildLiteBehavior [ RunTime:0.015000s ]
INFO: [ app_init ] --END-- [ RunTime:0.020002s ]
ERR: 无法加载模块:Iamge

[ 2015-04-28T12:34:59+08:00 ] 127.0.0.1 /wemall/WeiPHP/index.php/iamge/7.png
INFO: [ app_init ] --START--
INFO: Run Behavior\BuildLiteBehavior [ RunTime:0.000000s ]
INFO: [ app_init ] --END-- [ RunTime:0.001001s ]
ERR: 无法加载模块:Iamge

[ 2015-04-28T12:47:52+08:00 ] 127.0.0.1 /wemall/WeiPHP/index.php/iamge/6.png
INFO: [ app_init ] --START--
INFO: Run Behavior\BuildLiteBehavior [ RunTime:0.000000s ]
INFO: [ app_init ] --END-- [ RunTime:0.000000s ]
ERR: 无法加载模块:Iamge

[ 2015-04-28T12:47:52+08:00 ] 127.0.0.1 /wemall/WeiPHP/index.php/iamge/7.png
INFO: [ app_init ] --START--
INFO: Run Behavior\BuildLiteBehavior [ RunTime:0.000000s ]
INFO: [ app_init ] --END-- [ RunTime:0.001000s ]
ERR: 无法加载模块:Iamge

[ 2015-04-28T12:47:52+08:00 ] 127.0.0.1 /wemall/WeiPHP/index.php/iamge/5.png
INFO: [ app_init ] --START--
INFO: Run Behavior\BuildLiteBehavior [ RunTime:0.000000s ]
INFO: [ app_init ] --END-- [ RunTime:0.002000s ]
ERR: 无法加载模块:Iamge

[ 2015-04-28T12:47:52+08:00 ] 127.0.0.1 /wemall/WeiPHP/index.php/iamge/7.png
INFO: [ app_init ] --START--
INFO: Run Behavior\BuildLiteBehavior [ RunTime:0.000000s ]
INFO: [ app_init ] --END-- [ RunTime:0.001000s ]
ERR: 无法加载模块:Iamge

[ 2015-04-28T12:47:52+08:00 ] 127.0.0.1 /wemall/WeiPHP/index.php/iamge/6.png
INFO: [ app_init ] --START--
INFO: Run Behavior\BuildLiteBehavior [ RunTime:0.000000s ]
INFO: [ app_init ] --END-- [ RunTime:0.001000s ]
ERR: 无法加载模块:Iamge

[ 2015-04-28T12:52:38+08:00 ] 127.0.0.1 /wemall/WeiPHP/index.php/iamge/5.png
INFO: [ app_init ] --START--
INFO: Run Behavior\BuildLiteBehavior [ RunTime:0.000000s ]
INFO: [ app_init ] --END-- [ RunTime:0.000000s ]
ERR: 无法加载模块:Iamge

[ 2015-04-28T12:52:38+08:00 ] 127.0.0.1 /wemall/WeiPHP/index.php/iamge/7.png
INFO: [ app_init ] --START--
INFO: Run Behavior\BuildLiteBehavior [ RunTime:0.000000s ]
INFO: [ app_init ] --END-- [ RunTime:0.001000s ]
ERR: 无法加载模块:Iamge

[ 2015-04-28T12:52:38+08:00 ] 127.0.0.1 /wemall/WeiPHP/index.php/iamge/6.png
INFO: [ app_init ] --START--
INFO: Run Behavior\BuildLiteBehavior [ RunTime:0.000000s ]
INFO: [ app_init ] --END-- [ RunTime:0.001000s ]
ERR: 无法加载模块:Iamge

[ 2015-04-28T12:53:00+08:00 ] 127.0.0.1 /wemall/WeiPHP/index.php/iamge/6.png
INFO: [ app_init ] --START--
INFO: Run Behavior\BuildLiteBehavior [ RunTime:0.000000s ]
INFO: [ app_init ] --END-- [ RunTime:0.001000s ]
ERR: 无法加载模块:Iamge

[ 2015-04-28T12:53:00+08:00 ] 127.0.0.1 /wemall/WeiPHP/index.php/iamge/7.png
INFO: [ app_init ] --START--
INFO: Run Behavior\BuildLiteBehavior [ RunTime:0.000000s ]
INFO: [ app_init ] --END-- [ RunTime:0.010000s ]
ERR: 无法加载模块:Iamge

[ 2015-04-28T12:53:00+08:00 ] 127.0.0.1 /wemall/WeiPHP/index.php/iamge/5.png
INFO: [ app_init ] --START--
INFO: Run Behavior\BuildLiteBehavior [ RunTime:0.001000s ]
INFO: [ app_init ] --END-- [ RunTime:0.001000s ]
ERR: 无法加载模块:Iamge

[ 2015-04-28T13:12:18+08:00 ] 127.0.0.1 /wemall/WeiPHP/index.php/iamge/7.png
INFO: [ app_init ] --START--
INFO: Run Behavior\BuildLiteBehavior [ RunTime:0.000000s ]
INFO: [ app_init ] --END-- [ RunTime:0.002000s ]
ERR: 无法加载模块:Iamge

[ 2015-04-28T13:12:19+08:00 ] 127.0.0.1 /wemall/WeiPHP/index.php/iamge/6.png
INFO: [ app_init ] --START--
INFO: Run Behavior\BuildLiteBehavior [ RunTime:0.000000s ]
INFO: [ app_init ] --END-- [ RunTime:0.001001s ]
ERR: 无法加载模块:Iamge

[ 2015-04-28T13:12:19+08:00 ] 127.0.0.1 /wemall/WeiPHP/index.php/iamge/5.png
INFO: [ app_init ] --START--
INFO: Run Behavior\BuildLiteBehavior [ RunTime:0.000000s ]
INFO: [ app_init ] --END-- [ RunTime:0.001000s ]
ERR: 无法加载模块:Iamge

[ 2015-04-28T13:21:14+08:00 ] 127.0.0.1 /wemall/WeiPHP/index.php/iamge/6.png
INFO: [ app_init ] --START--
INFO: Run Behavior\BuildLiteBehavior [ RunTime:0.001000s ]
INFO: [ app_init ] --END-- [ RunTime:0.002000s ]
ERR: 无法加载模块:Iamge

[ 2015-04-28T13:21:14+08:00 ] 127.0.0.1 /wemall/WeiPHP/index.php/iamge/5.png
INFO: [ app_init ] --START--
INFO: Run Behavior\BuildLiteBehavior [ RunTime:0.000000s ]
INFO: [ app_init ] --END-- [ RunTime:0.002000s ]
ERR: 无法加载模块:Iamge

[ 2015-04-28T13:21:15+08:00 ] 127.0.0.1 /wemall/WeiPHP/index.php/iamge/7.png
INFO: [ app_init ] --START--
INFO: Run Behavior\BuildLiteBehavior [ RunTime:0.000000s ]
INFO: [ app_init ] --END-- [ RunTime:0.000000s ]
ERR: 无法加载模块:Iamge

