[ 2015-05-14T08:17:06+08:00 ] 127.0.0.1 /wemall/WeiPHP/index.php/Interface
INFO: [ app_init ] --START--
INFO: Run Behavior\BuildLiteBehavior [ RunTime:0.000000s ]
INFO: [ app_init ] --END-- [ RunTime:0.030000s ]
ERR: 无法加载模块:Interface

[ 2015-05-14T08:17:11+08:00 ] 127.0.0.1 /wemall/WeiPHP/index.php/Interface
INFO: [ app_init ] --START--
INFO: Run Behavior\BuildLiteBehavior [ RunTime:0.000000s ]
INFO: [ app_init ] --END-- [ RunTime:0.000000s ]
ERR: 无法加载模块:Interface

[ 2015-05-14T08:17:30+08:00 ] 127.0.0.1 /wemall/WeiPHP/index.php/Interface
INFO: [ app_init ] --START--
INFO: Run Behavior\BuildLiteBehavior [ RunTime:0.000000s ]
INFO: [ app_init ] --END-- [ RunTime:0.000000s ]
ERR: 无法加载模块:Interface

[ 2015-05-14T08:17:38+08:00 ] 127.0.0.1 /wemall/WeiPHP/index.php/Interface
INFO: [ app_init ] --START--
INFO: Run Behavior\BuildLiteBehavior [ RunTime:0.000000s ]
INFO: [ app_init ] --END-- [ RunTime:0.001000s ]
ERR: 无法加载模块:Interface

