[ 2015-04-13T15:47:23+08:00 ] 127.0.0.1 /wemall/WeiPHP/admin.php/Slidershow
INFO: [ app_init ] --START--
INFO: Run Behavior\BuildLiteBehavior [ RunTime:0.000000s ]
INFO: [ app_init ] --END-- [ RunTime:0.001000s ]
ERR: 无法加载模块:Slidershow

[ 2015-04-13T19:24:41+08:00 ] 127.0.0.1 /wemall/WeiPHP/admin.php/sildershow
INFO: [ app_init ] --START--
INFO: Run Behavior\BuildLiteBehavior [ RunTime:0.000000s ]
INFO: [ app_init ] --END-- [ RunTime:0.001000s ]
ERR: 无法加载模块:Sildershow

[ 2015-04-13T19:24:47+08:00 ] 127.0.0.1 /wemall/WeiPHP/admin.php/sildeshow
INFO: [ app_init ] --START--
INFO: Run Behavior\BuildLiteBehavior [ RunTime:0.000000s ]
INFO: [ app_init ] --END-- [ RunTime:0.001000s ]
ERR: 无法加载模块:Sildeshow

[ 2015-04-13T19:25:00+08:00 ] 127.0.0.1 /wemall/WeiPHP/admin.php?m=sildeshow
INFO: [ app_init ] --START--
INFO: Run Behavior\BuildLiteBehavior [ RunTime:0.000000s ]
INFO: [ app_init ] --END-- [ RunTime:0.001000s ]
ERR: 无法加载模块:Sildeshow

