[ 2015-04-05T07:37:16+08:00 ] 127.0.0.1 /wemall/Public/Public/static/bootstrap/css/bootstrap.css?v=SITE_VERSION
INFO: [ app_init ] --START--
INFO: Run Behavior\BuildLiteBehavior [ RunTime:0.000000s ]
INFO: [ app_init ] --END-- [ RunTime:0.000000s ]
ERR: 无法加载模块:Public

[ 2015-04-05T07:37:16+08:00 ] 127.0.0.1 /wemall/Public/Public/static/bootstrap/css/bootstrap-responsive.css?v=SITE_VERSION
INFO: [ app_init ] --START--
INFO: Run Behavior\BuildLiteBehavior [ RunTime:0.000000s ]
INFO: [ app_init ] --END-- [ RunTime:0.000000s ]
ERR: 无法加载模块:Public

[ 2015-04-05T07:37:16+08:00 ] 127.0.0.1 /wemall/Public/Public/Install/css/install.css?v=SITE_VERSION
INFO: [ app_init ] --START--
INFO: Run Behavior\BuildLiteBehavior [ RunTime:0.000000s ]
INFO: [ app_init ] --END-- [ RunTime:0.000000s ]
ERR: 无法加载模块:Public

[ 2015-04-05T07:37:16+08:00 ] 127.0.0.1 /wemall/Public/Public/static/jquery-1.10.2.min.js
INFO: [ app_init ] --START--
INFO: Run Behavior\BuildLiteBehavior [ RunTime:0.000000s ]
INFO: [ app_init ] --END-- [ RunTime:0.000000s ]
ERR: 无法加载模块:Public

[ 2015-04-05T07:37:16+08:00 ] 127.0.0.1 /wemall/Public/Public/static/bootstrap/js/bootstrap.js?v=SITE_VERSION
INFO: [ app_init ] --START--
INFO: Run Behavior\BuildLiteBehavior [ RunTime:0.000000s ]
INFO: [ app_init ] --END-- [ RunTime:0.000000s ]
ERR: 无法加载模块:Public

[ 2015-04-05T07:37:21+08:00 ] 127.0.0.1 /wemall/Public/Public/static/jquery-1.10.2.min.js
INFO: [ app_init ] --START--
INFO: Run Behavior\BuildLiteBehavior [ RunTime:0.000000s ]
INFO: [ app_init ] --END-- [ RunTime:0.000000s ]
ERR: 无法加载模块:Public

[ 2015-04-05T07:37:21+08:00 ] 127.0.0.1 /wemall/Public/Public/static/bootstrap/js/bootstrap.js?v=SITE_VERSION
INFO: [ app_init ] --START--
INFO: Run Behavior\BuildLiteBehavior [ RunTime:0.000000s ]
INFO: [ app_init ] --END-- [ RunTime:0.000000s ]
ERR: 无法加载模块:Public

[ 2015-04-05T07:37:21+08:00 ] 127.0.0.1 /wemall/Public/Public/Install/css/install.css?v=SITE_VERSION
INFO: [ app_init ] --START--
INFO: Run Behavior\BuildLiteBehavior [ RunTime:0.000000s ]
INFO: [ app_init ] --END-- [ RunTime:0.000000s ]
ERR: 无法加载模块:Public

[ 2015-04-05T07:37:21+08:00 ] 127.0.0.1 /wemall/Public/Public/static/bootstrap/css/bootstrap-responsive.css?v=SITE_VERSION
INFO: [ app_init ] --START--
INFO: Run Behavior\BuildLiteBehavior [ RunTime:0.000000s ]
INFO: [ app_init ] --END-- [ RunTime:0.000000s ]
ERR: 无法加载模块:Public

[ 2015-04-05T07:37:21+08:00 ] 127.0.0.1 /wemall/Public/Public/static/bootstrap/css/bootstrap.css?v=SITE_VERSION
INFO: [ app_init ] --START--
INFO: Run Behavior\BuildLiteBehavior [ RunTime:0.000000s ]
INFO: [ app_init ] --END-- [ RunTime:0.000000s ]
ERR: 无法加载模块:Public

[ 2015-04-05T07:37:27+08:00 ] 127.0.0.1 /wemall/Public/Public/static/bootstrap/css/bootstrap.css?v=SITE_VERSION
INFO: [ app_init ] --START--
INFO: Run Behavior\BuildLiteBehavior [ RunTime:0.000000s ]
INFO: [ app_init ] --END-- [ RunTime:0.015600s ]
ERR: 无法加载模块:Public

[ 2015-04-05T07:37:27+08:00 ] 127.0.0.1 /wemall/Public/Public/static/bootstrap/css/bootstrap-responsive.css?v=SITE_VERSION
INFO: [ app_init ] --START--
INFO: Run Behavior\BuildLiteBehavior [ RunTime:0.000000s ]
INFO: [ app_init ] --END-- [ RunTime:0.000000s ]
ERR: 无法加载模块:Public

[ 2015-04-05T07:37:27+08:00 ] 127.0.0.1 /wemall/Public/Public/Install/css/install.css?v=SITE_VERSION
INFO: [ app_init ] --START--
INFO: Run Behavior\BuildLiteBehavior [ RunTime:0.000000s ]
INFO: [ app_init ] --END-- [ RunTime:0.000000s ]
ERR: 无法加载模块:Public

[ 2015-04-05T07:37:27+08:00 ] 127.0.0.1 /wemall/Public/Public/static/jquery-1.10.2.min.js
INFO: [ app_init ] --START--
INFO: Run Behavior\BuildLiteBehavior [ RunTime:0.000000s ]
INFO: [ app_init ] --END-- [ RunTime:0.000000s ]
ERR: 无法加载模块:Public

[ 2015-04-05T07:37:27+08:00 ] 127.0.0.1 /wemall/Public/Public/static/bootstrap/js/bootstrap.js?v=SITE_VERSION
INFO: [ app_init ] --START--
INFO: Run Behavior\BuildLiteBehavior [ RunTime:0.000000s ]
INFO: [ app_init ] --END-- [ RunTime:0.000000s ]
ERR: 无法加载模块:Public

