[ 2015-04-21T09:40:45+08:00 ] 127.0.0.1 /wemall/WeiPHP/index.php/wepay
INFO: [ app_init ] --START--
INFO: Run Behavior\BuildLiteBehavior [ RunTime:0.000000s ]
INFO: [ app_init ] --END-- [ RunTime:0.000000s ]
ERR: 无法加载模块:Wepay

[ 2015-04-21T09:40:52+08:00 ] 127.0.0.1 /wemall/WeiPHP/index.php/wePay
INFO: [ app_init ] --START--
INFO: Run Behavior\BuildLiteBehavior [ RunTime:0.000000s ]
INFO: [ app_init ] --END-- [ RunTime:0.001001s ]
ERR: 无法加载模块:WePay

[ 2015-04-21T09:40:56+08:00 ] 127.0.0.1 /wemall/WeiPHP/index.php/WePay
INFO: [ app_init ] --START--
INFO: Run Behavior\BuildLiteBehavior [ RunTime:0.000000s ]
INFO: [ app_init ] --END-- [ RunTime:0.000000s ]
ERR: 无法加载模块:WePay

[ 2015-04-21T09:41:10+08:00 ] 127.0.0.1 /wemall/WeiPHP/index.php?m=WePay
INFO: [ app_init ] --START--
INFO: Run Behavior\BuildLiteBehavior [ RunTime:0.000000s ]
INFO: [ app_init ] --END-- [ RunTime:0.001000s ]
ERR: 无法加载模块:WePay

[ 2015-04-21T09:41:53+08:00 ] 127.0.0.1 /wemall/WeiPHP/index.php?m=WePay
INFO: [ app_init ] --START--
INFO: Run Behavior\BuildLiteBehavior [ RunTime:0.000000s ]
INFO: [ app_init ] --END-- [ RunTime:0.000000s ]
ERR: 无法加载模块:WePay

[ 2015-04-21T09:42:16+08:00 ] 127.0.0.1 /wemall/WeiPHP/index.php?m=WePay
INFO: [ app_init ] --START--
INFO: Run Behavior\BuildLiteBehavior [ RunTime:0.000000s ]
INFO: [ app_init ] --END-- [ RunTime:0.000000s ]
ERR: 无法加载模块:WePay

[ 2015-04-21T09:42:17+08:00 ] 127.0.0.1 /wemall/WeiPHP/index.php?m=WePay
INFO: [ app_init ] --START--
INFO: Run Behavior\BuildLiteBehavior [ RunTime:0.000000s ]
INFO: [ app_init ] --END-- [ RunTime:0.000000s ]
ERR: 无法加载模块:WePay

[ 2015-04-21T09:42:17+08:00 ] 127.0.0.1 /wemall/WeiPHP/index.php?m=WePay
INFO: [ app_init ] --START--
INFO: Run Behavior\BuildLiteBehavior [ RunTime:0.000000s ]
INFO: [ app_init ] --END-- [ RunTime:0.000000s ]
ERR: 无法加载模块:WePay

