[ 2015-05-16T11:10:29+08:00 ] 127.0.0.1 /wemall/WeiPHP/index.php/Uploads/CountryIcon/1.png
INFO: [ app_init ] --START--
INFO: Run Behavior\BuildLiteBehavior [ RunTime:0.000000s ]
INFO: [ app_init ] --END-- [ RunTime:0.000000s ]
ERR: 无法加载模块:Uploads

[ 2015-05-16T11:10:29+08:00 ] 127.0.0.1 /wemall/WeiPHP/index.php/Uploads/CountryIcon/7.png
INFO: [ app_init ] --START--
INFO: Run Behavior\BuildLiteBehavior [ RunTime:0.000000s ]
INFO: [ app_init ] --END-- [ RunTime:0.001000s ]
ERR: 无法加载模块:Uploads

[ 2015-05-16T11:10:29+08:00 ] 127.0.0.1 /wemall/WeiPHP/index.php/Uploads/CountryIcon/9.png
INFO: [ app_init ] --START--
INFO: Run Behavior\BuildLiteBehavior [ RunTime:0.000000s ]
INFO: [ app_init ] --END-- [ RunTime:0.000000s ]
ERR: 无法加载模块:Uploads

[ 2015-05-16T11:10:29+08:00 ] 127.0.0.1 /wemall/WeiPHP/index.php/Uploads/CountryIcon/1.png
INFO: [ app_init ] --START--
INFO: Run Behavior\BuildLiteBehavior [ RunTime:0.000000s ]
INFO: [ app_init ] --END-- [ RunTime:0.000000s ]
ERR: 无法加载模块:Uploads

[ 2015-05-16T11:10:33+08:00 ] 127.0.0.1 /wemall/WeiPHP/index.php/Uploads/CountryIcon/1.png
INFO: [ app_init ] --START--
INFO: Run Behavior\BuildLiteBehavior [ RunTime:0.000000s ]
INFO: [ app_init ] --END-- [ RunTime:0.000000s ]
ERR: 无法加载模块:Uploads

[ 2015-05-16T11:10:33+08:00 ] 127.0.0.1 /wemall/WeiPHP/index.php/Uploads/CountryIcon/9.png
INFO: [ app_init ] --START--
INFO: Run Behavior\BuildLiteBehavior [ RunTime:0.000000s ]
INFO: [ app_init ] --END-- [ RunTime:0.000000s ]
ERR: 无法加载模块:Uploads

[ 2015-05-16T11:10:33+08:00 ] 127.0.0.1 /wemall/WeiPHP/index.php/Uploads/CountryIcon/7.png
INFO: [ app_init ] --START--
INFO: Run Behavior\BuildLiteBehavior [ RunTime:0.000000s ]
INFO: [ app_init ] --END-- [ RunTime:0.000000s ]
ERR: 无法加载模块:Uploads

[ 2015-05-16T15:25:05+08:00 ] 127.0.0.1 /wemall/WeiPHP/index.php/Uploads/CountryIcon/1.png
INFO: [ app_init ] --START--
INFO: Run Behavior\BuildLiteBehavior [ RunTime:0.000000s ]
INFO: [ app_init ] --END-- [ RunTime:0.000000s ]
ERR: 无法加载模块:Uploads

[ 2015-05-16T15:25:05+08:00 ] 127.0.0.1 /wemall/WeiPHP/index.php/Uploads/CountryIcon/9.png
INFO: [ app_init ] --START--
INFO: Run Behavior\BuildLiteBehavior [ RunTime:0.000000s ]
INFO: [ app_init ] --END-- [ RunTime:0.000000s ]
ERR: 无法加载模块:Uploads

[ 2015-05-16T15:25:05+08:00 ] 127.0.0.1 /wemall/WeiPHP/index.php/Uploads/CountryIcon/7.png
INFO: [ app_init ] --START--
INFO: Run Behavior\BuildLiteBehavior [ RunTime:0.000000s ]
INFO: [ app_init ] --END-- [ RunTime:0.000000s ]
ERR: 无法加载模块:Uploads

[ 2015-05-16T16:28:17+08:00 ] 127.0.0.1 /wemall/weiphp/index.php/Uploads/CountryIcon/9.png
INFO: [ app_init ] --START--
INFO: Run Behavior\BuildLiteBehavior [ RunTime:0.000000s ]
INFO: [ app_init ] --END-- [ RunTime:0.001000s ]
ERR: 无法加载模块:Uploads

[ 2015-05-16T16:28:17+08:00 ] 127.0.0.1 /wemall/weiphp/index.php/Uploads/CountryIcon/1.png
INFO: [ app_init ] --START--
INFO: Run Behavior\BuildLiteBehavior [ RunTime:0.000000s ]
INFO: [ app_init ] --END-- [ RunTime:0.001001s ]
ERR: 无法加载模块:Uploads

[ 2015-05-16T16:28:17+08:00 ] 127.0.0.1 /wemall/weiphp/index.php/Uploads/CountryIcon/7.png
INFO: [ app_init ] --START--
INFO: Run Behavior\BuildLiteBehavior [ RunTime:0.000000s ]
INFO: [ app_init ] --END-- [ RunTime:0.001000s ]
ERR: 无法加载模块:Uploads

[ 2015-05-16T16:28:17+08:00 ] 127.0.0.1 /wemall/weiphp/index.php/Uploads/CountryIcon/9.png
INFO: [ app_init ] --START--
INFO: Run Behavior\BuildLiteBehavior [ RunTime:0.000000s ]
INFO: [ app_init ] --END-- [ RunTime:0.009001s ]
ERR: 无法加载模块:Uploads

[ 2015-05-16T16:28:17+08:00 ] 127.0.0.1 /wemall/weiphp/index.php/Uploads/CountryIcon/9.png
INFO: [ app_init ] --START--
INFO: Run Behavior\BuildLiteBehavior [ RunTime:0.001000s ]
INFO: [ app_init ] --END-- [ RunTime:0.001000s ]
ERR: 无法加载模块:Uploads

[ 2015-05-16T16:28:17+08:00 ] 127.0.0.1 /wemall/weiphp/index.php/Uploads/CountryIcon/1.png
INFO: [ app_init ] --START--
INFO: Run Behavior\BuildLiteBehavior [ RunTime:0.000000s ]
INFO: [ app_init ] --END-- [ RunTime:0.001000s ]
ERR: 无法加载模块:Uploads

[ 2015-05-16T16:28:17+08:00 ] 127.0.0.1 /wemall/weiphp/index.php/Uploads/CountryIcon/1.png
INFO: [ app_init ] --START--
INFO: Run Behavior\BuildLiteBehavior [ RunTime:0.000000s ]
INFO: [ app_init ] --END-- [ RunTime:0.001000s ]
ERR: 无法加载模块:Uploads

[ 2015-05-16T16:35:05+08:00 ] 127.0.0.1 /wemall/weiphp/index.php/Uploads/CountryIcon/9.png
INFO: [ app_init ] --START--
INFO: Run Behavior\BuildLiteBehavior [ RunTime:0.000000s ]
INFO: [ app_init ] --END-- [ RunTime:0.001000s ]
ERR: 无法加载模块:Uploads

[ 2015-05-16T16:35:05+08:00 ] 127.0.0.1 /wemall/weiphp/index.php/Uploads/CountryIcon/1.png
INFO: [ app_init ] --START--
INFO: Run Behavior\BuildLiteBehavior [ RunTime:0.000000s ]
INFO: [ app_init ] --END-- [ RunTime:0.001000s ]
ERR: 无法加载模块:Uploads

[ 2015-05-16T16:35:05+08:00 ] 127.0.0.1 /wemall/weiphp/index.php/Uploads/CountryIcon/7.png
INFO: [ app_init ] --START--
INFO: Run Behavior\BuildLiteBehavior [ RunTime:0.000000s ]
INFO: [ app_init ] --END-- [ RunTime:0.002000s ]
ERR: 无法加载模块:Uploads

[ 2015-05-16T16:35:06+08:00 ] 127.0.0.1 /wemall/weiphp/index.php/Uploads/CountryIcon/9.png
INFO: [ app_init ] --START--
INFO: Run Behavior\BuildLiteBehavior [ RunTime:0.000000s ]
INFO: [ app_init ] --END-- [ RunTime:0.001000s ]
ERR: 无法加载模块:Uploads

[ 2015-05-16T16:35:06+08:00 ] 127.0.0.1 /wemall/weiphp/index.php/Uploads/CountryIcon/1.png
INFO: [ app_init ] --START--
INFO: Run Behavior\BuildLiteBehavior [ RunTime:0.000000s ]
INFO: [ app_init ] --END-- [ RunTime:0.002000s ]
ERR: 无法加载模块:Uploads

[ 2015-05-16T21:12:21+08:00 ] 127.0.0.1 /wemall/WeiPHP/index.php/Uploads/CountryIcon/9.png
INFO: [ app_init ] --START--
INFO: Run Behavior\BuildLiteBehavior [ RunTime:0.000000s ]
INFO: [ app_init ] --END-- [ RunTime:0.001000s ]
ERR: 无法加载模块:Uploads

[ 2015-05-16T21:12:21+08:00 ] 127.0.0.1 /wemall/WeiPHP/index.php/Uploads/CountryIcon/1.png
INFO: [ app_init ] --START--
INFO: Run Behavior\BuildLiteBehavior [ RunTime:0.000000s ]
INFO: [ app_init ] --END-- [ RunTime:0.001000s ]
ERR: 无法加载模块:Uploads

[ 2015-05-16T21:12:21+08:00 ] 127.0.0.1 /wemall/WeiPHP/index.php/Uploads/CountryIcon/9.png
INFO: [ app_init ] --START--
INFO: Run Behavior\BuildLiteBehavior [ RunTime:0.000000s ]
INFO: [ app_init ] --END-- [ RunTime:0.001000s ]
ERR: 无法加载模块:Uploads

[ 2015-05-16T21:12:21+08:00 ] 127.0.0.1 /wemall/WeiPHP/index.php/Uploads/CountryIcon/1.png
INFO: [ app_init ] --START--
INFO: Run Behavior\BuildLiteBehavior [ RunTime:0.000000s ]
INFO: [ app_init ] --END-- [ RunTime:0.001000s ]
ERR: 无法加载模块:Uploads

[ 2015-05-16T21:12:21+08:00 ] 127.0.0.1 /wemall/WeiPHP/index.php/Uploads/CountryIcon/7.png
INFO: [ app_init ] --START--
INFO: Run Behavior\BuildLiteBehavior [ RunTime:0.000000s ]
INFO: [ app_init ] --END-- [ RunTime:0.003000s ]
ERR: 无法加载模块:Uploads

[ 2015-05-16T21:12:42+08:00 ] 127.0.0.1 /wemall/WeiPHP/index.php/Uploads/CountryIcon/9.png
INFO: [ app_init ] --START--
INFO: Run Behavior\BuildLiteBehavior [ RunTime:0.000000s ]
INFO: [ app_init ] --END-- [ RunTime:0.001000s ]
ERR: 无法加载模块:Uploads

[ 2015-05-16T21:12:42+08:00 ] 127.0.0.1 /wemall/WeiPHP/index.php/Uploads/CountryIcon/7.png
INFO: [ app_init ] --START--
INFO: Run Behavior\BuildLiteBehavior [ RunTime:0.000000s ]
INFO: [ app_init ] --END-- [ RunTime:0.001000s ]
ERR: 无法加载模块:Uploads

[ 2015-05-16T21:12:42+08:00 ] 127.0.0.1 /wemall/WeiPHP/index.php/Uploads/CountryIcon/1.png
INFO: [ app_init ] --START--
INFO: Run Behavior\BuildLiteBehavior [ RunTime:0.000000s ]
INFO: [ app_init ] --END-- [ RunTime:0.001000s ]
ERR: 无法加载模块:Uploads

[ 2015-05-16T21:13:56+08:00 ] 127.0.0.1 /wemall/WeiPHP/index.php/Uploads/CountryIcon/9.png
INFO: [ app_init ] --START--
INFO: Run Behavior\BuildLiteBehavior [ RunTime:0.001001s ]
INFO: [ app_init ] --END-- [ RunTime:0.001001s ]
ERR: 无法加载模块:Uploads

[ 2015-05-16T21:13:56+08:00 ] 127.0.0.1 /wemall/WeiPHP/index.php/Uploads/CountryIcon/7.png
INFO: [ app_init ] --START--
INFO: Run Behavior\BuildLiteBehavior [ RunTime:0.000000s ]
INFO: [ app_init ] --END-- [ RunTime:0.007001s ]
ERR: 无法加载模块:Uploads

[ 2015-05-16T21:13:56+08:00 ] 127.0.0.1 /wemall/WeiPHP/index.php/Uploads/CountryIcon/1.png
INFO: [ app_init ] --START--
INFO: Run Behavior\BuildLiteBehavior [ RunTime:0.000000s ]
INFO: [ app_init ] --END-- [ RunTime:0.001000s ]
ERR: 无法加载模块:Uploads

[ 2015-05-16T21:13:56+08:00 ] 127.0.0.1 /wemall/WeiPHP/index.php/Uploads/CountryIcon/7.png
INFO: [ app_init ] --START--
INFO: Run Behavior\BuildLiteBehavior [ RunTime:0.000000s ]
INFO: [ app_init ] --END-- [ RunTime:0.001000s ]
ERR: 无法加载模块:Uploads

[ 2015-05-16T21:13:56+08:00 ] 127.0.0.1 /wemall/WeiPHP/index.php/Uploads/CountryIcon/9.png
INFO: [ app_init ] --START--
INFO: Run Behavior\BuildLiteBehavior [ RunTime:0.000000s ]
INFO: [ app_init ] --END-- [ RunTime:0.002000s ]
ERR: 无法加载模块:Uploads

[ 2015-05-16T21:13:57+08:00 ] 127.0.0.1 /wemall/WeiPHP/index.php/Uploads/CountryIcon/1.png
INFO: [ app_init ] --START--
INFO: Run Behavior\BuildLiteBehavior [ RunTime:0.000000s ]
INFO: [ app_init ] --END-- [ RunTime:0.003001s ]
ERR: 无法加载模块:Uploads

[ 2015-05-16T21:15:23+08:00 ] 127.0.0.1 /wemall/WeiPHP/index.php/Uploads/CountryIcon/7.png
INFO: [ app_init ] --START--
INFO: Run Behavior\BuildLiteBehavior [ RunTime:0.001000s ]
INFO: [ app_init ] --END-- [ RunTime:0.002000s ]
ERR: 无法加载模块:Uploads

[ 2015-05-16T21:15:23+08:00 ] 127.0.0.1 /wemall/WeiPHP/index.php/Uploads/CountryIcon/9.png
INFO: [ app_init ] --START--
INFO: Run Behavior\BuildLiteBehavior [ RunTime:0.000000s ]
INFO: [ app_init ] --END-- [ RunTime:0.002000s ]
ERR: 无法加载模块:Uploads

[ 2015-05-16T21:15:23+08:00 ] 127.0.0.1 /wemall/WeiPHP/index.php/Uploads/CountryIcon/1.png
INFO: [ app_init ] --START--
INFO: Run Behavior\BuildLiteBehavior [ RunTime:0.000000s ]
INFO: [ app_init ] --END-- [ RunTime:0.001000s ]
ERR: 无法加载模块:Uploads

[ 2015-05-16T21:15:23+08:00 ] 127.0.0.1 /wemall/WeiPHP/index.php/Uploads/CountryIcon/9.png
INFO: [ app_init ] --START--
INFO: Run Behavior\BuildLiteBehavior [ RunTime:0.000000s ]
INFO: [ app_init ] --END-- [ RunTime:0.001000s ]
ERR: 无法加载模块:Uploads

[ 2015-05-16T21:15:23+08:00 ] 127.0.0.1 /wemall/WeiPHP/index.php/Uploads/CountryIcon/7.png
INFO: [ app_init ] --START--
INFO: Run Behavior\BuildLiteBehavior [ RunTime:0.000000s ]
INFO: [ app_init ] --END-- [ RunTime:0.001000s ]
ERR: 无法加载模块:Uploads

[ 2015-05-16T21:15:23+08:00 ] 127.0.0.1 /wemall/WeiPHP/index.php/Uploads/CountryIcon/1.png
INFO: [ app_init ] --START--
INFO: Run Behavior\BuildLiteBehavior [ RunTime:0.000000s ]
INFO: [ app_init ] --END-- [ RunTime:0.001000s ]
ERR: 无法加载模块:Uploads

[ 2015-05-16T21:15:58+08:00 ] 127.0.0.1 /wemall/WeiPHP/index.php/Uploads/CountryIcon/1.png
INFO: [ app_init ] --START--
INFO: Run Behavior\BuildLiteBehavior [ RunTime:0.000000s ]
INFO: [ app_init ] --END-- [ RunTime:0.001000s ]
ERR: 无法加载模块:Uploads

[ 2015-05-16T21:15:58+08:00 ] 127.0.0.1 /wemall/WeiPHP/index.php/Uploads/CountryIcon/7.png
INFO: [ app_init ] --START--
INFO: Run Behavior\BuildLiteBehavior [ RunTime:0.000000s ]
INFO: [ app_init ] --END-- [ RunTime:0.011001s ]
ERR: 无法加载模块:Uploads

[ 2015-05-16T21:15:58+08:00 ] 127.0.0.1 /wemall/WeiPHP/index.php/Uploads/CountryIcon/9.png
INFO: [ app_init ] --START--
INFO: Run Behavior\BuildLiteBehavior [ RunTime:0.000000s ]
INFO: [ app_init ] --END-- [ RunTime:0.001000s ]
ERR: 无法加载模块:Uploads

[ 2015-05-16T21:15:58+08:00 ] 127.0.0.1 /wemall/WeiPHP/index.php/Uploads/CountryIcon/7.png
INFO: [ app_init ] --START--
INFO: Run Behavior\BuildLiteBehavior [ RunTime:0.000000s ]
INFO: [ app_init ] --END-- [ RunTime:0.001000s ]
ERR: 无法加载模块:Uploads

[ 2015-05-16T21:15:58+08:00 ] 127.0.0.1 /wemall/WeiPHP/index.php/Uploads/CountryIcon/1.png
INFO: [ app_init ] --START--
INFO: Run Behavior\BuildLiteBehavior [ RunTime:0.000000s ]
INFO: [ app_init ] --END-- [ RunTime:0.001000s ]
ERR: 无法加载模块:Uploads

[ 2015-05-16T21:15:58+08:00 ] 127.0.0.1 /wemall/WeiPHP/index.php/Uploads/CountryIcon/9.png
INFO: [ app_init ] --START--
INFO: Run Behavior\BuildLiteBehavior [ RunTime:0.000000s ]
INFO: [ app_init ] --END-- [ RunTime:0.001000s ]
ERR: 无法加载模块:Uploads

[ 2015-05-16T21:30:17+08:00 ] 127.0.0.1 /wemall/WeiPHP/index.php/Uploads/CountryIcon/1.png
INFO: [ app_init ] --START--
INFO: Run Behavior\BuildLiteBehavior [ RunTime:0.000000s ]
INFO: [ app_init ] --END-- [ RunTime:0.024001s ]
ERR: 无法加载模块:Uploads

[ 2015-05-16T21:30:17+08:00 ] 127.0.0.1 /wemall/WeiPHP/index.php/Uploads/CountryIcon/9.png
INFO: [ app_init ] --START--
INFO: Run Behavior\BuildLiteBehavior [ RunTime:0.000000s ]
INFO: [ app_init ] --END-- [ RunTime:0.001000s ]
ERR: 无法加载模块:Uploads

[ 2015-05-16T21:30:17+08:00 ] 127.0.0.1 /wemall/WeiPHP/index.php/Uploads/CountryIcon/7.png
INFO: [ app_init ] --START--
INFO: Run Behavior\BuildLiteBehavior [ RunTime:0.000000s ]
INFO: [ app_init ] --END-- [ RunTime:0.002000s ]
ERR: 无法加载模块:Uploads

[ 2015-05-16T22:06:14+08:00 ] 127.0.0.1 /wemall/WeiPHP/index.php/Uploads/CountryIcon/7.png
INFO: [ app_init ] --START--
INFO: Run Behavior\BuildLiteBehavior [ RunTime:0.001000s ]
INFO: [ app_init ] --END-- [ RunTime:0.001000s ]
ERR: 无法加载模块:Uploads

[ 2015-05-16T22:06:14+08:00 ] 127.0.0.1 /wemall/WeiPHP/index.php/Uploads/CountryIcon/1.png
INFO: [ app_init ] --START--
INFO: Run Behavior\BuildLiteBehavior [ RunTime:0.000000s ]
INFO: [ app_init ] --END-- [ RunTime:0.002000s ]
ERR: 无法加载模块:Uploads

[ 2015-05-16T22:06:14+08:00 ] 127.0.0.1 /wemall/WeiPHP/index.php/Uploads/CountryIcon/9.png
INFO: [ app_init ] --START--
INFO: Run Behavior\BuildLiteBehavior [ RunTime:0.000000s ]
INFO: [ app_init ] --END-- [ RunTime:0.001000s ]
ERR: 无法加载模块:Uploads

[ 2015-05-16T22:08:39+08:00 ] 127.0.0.1 /wemall/WeiPHP/index.php/Uploads/CountryIcon/7.png
INFO: [ app_init ] --START--
INFO: Run Behavior\BuildLiteBehavior [ RunTime:0.000000s ]
INFO: [ app_init ] --END-- [ RunTime:0.002000s ]
ERR: 无法加载模块:Uploads

[ 2015-05-16T22:08:39+08:00 ] 127.0.0.1 /wemall/WeiPHP/index.php/Uploads/CountryIcon/1.png
INFO: [ app_init ] --START--
INFO: Run Behavior\BuildLiteBehavior [ RunTime:0.000000s ]
INFO: [ app_init ] --END-- [ RunTime:0.001000s ]
ERR: 无法加载模块:Uploads

[ 2015-05-16T22:08:39+08:00 ] 127.0.0.1 /wemall/WeiPHP/index.php/Uploads/CountryIcon/9.png
INFO: [ app_init ] --START--
INFO: Run Behavior\BuildLiteBehavior [ RunTime:0.001000s ]
INFO: [ app_init ] --END-- [ RunTime:0.001000s ]
ERR: 无法加载模块:Uploads

[ 2015-05-16T22:08:39+08:00 ] 127.0.0.1 /wemall/WeiPHP/index.php/Uploads/CountryIcon/7.png
INFO: [ app_init ] --START--
INFO: Run Behavior\BuildLiteBehavior [ RunTime:0.000000s ]
INFO: [ app_init ] --END-- [ RunTime:0.001000s ]
ERR: 无法加载模块:Uploads

