[ 2015-05-12T10:56:34+08:00 ] 127.0.0.1 /wemall/WeiPHP/index.php/WxPay/Pay/payNow/payid/155.html
INFO: [ app_init ] --START--
INFO: Run Behavior\BuildLiteBehavior [ RunTime:0.000000s ]
INFO: [ app_init ] --END-- [ RunTime:0.000000s ]
INFO: [ app_begin ] --START--
INFO: Run Behavior\ReadHtmlCacheBehavior [ RunTime:0.000000s ]
INFO: [ app_begin ] --END-- [ RunTime:0.000000s ]
INFO: [ view_parse ] --START--
INFO: [ template_filter ] --START--
INFO: Run Behavior\ContentReplaceBehavior [ RunTime:0.000000s ]
INFO: [ template_filter ] --END-- [ RunTime:0.000000s ]
INFO: Run Behavior\ParseTemplateBehavior [ RunTime:0.010000s ]
INFO: [ view_parse ] --END-- [ RunTime:0.010000s ]
INFO: [ view_filter ] --START--
INFO: Run Behavior\WriteHtmlCacheBehavior [ RunTime:0.000000s ]
INFO: [ view_filter ] --END-- [ RunTime:0.000000s ]
SQL: SHOW COLUMNS FROM `wemall_order_relation` [ RunTime:0.0100s ]
SQL: SELECT * FROM `wemall_order_relation` WHERE `id` = 155 LIMIT 1   [ RunTime:0.0100s ]
INFO: [ view_parse ] --START--
INFO: [ template_filter ] --START--
INFO: Run Behavior\ContentReplaceBehavior [ RunTime:0.000000s ]
INFO: [ template_filter ] --END-- [ RunTime:-0.460000s ]
INFO: Run Behavior\ParseTemplateBehavior [ RunTime:0.010000s ]
INFO: [ view_parse ] --END-- [ RunTime:-0.450000s ]
INFO: [ view_filter ] --START--
INFO: Run Behavior\WriteHtmlCacheBehavior [ RunTime:0.000000s ]
INFO: [ view_filter ] --END-- [ RunTime:-0.460000s ]
INFO: [ view_parse ] --START--
INFO: [ template_filter ] --START--
INFO: Run Behavior\ContentReplaceBehavior [ RunTime:0.000000s ]
INFO: [ template_filter ] --END-- [ RunTime:-0.470000s ]
INFO: Run Behavior\ParseTemplateBehavior [ RunTime:0.010000s ]
INFO: [ view_parse ] --END-- [ RunTime:-0.470000s ]
INFO: [ view_filter ] --START--
INFO: Run Behavior\WriteHtmlCacheBehavior [ RunTime:0.000000s ]
INFO: [ view_filter ] --END-- [ RunTime:-0.480000s ]
INFO: [ view_parse ] --START--
INFO: [ template_filter ] --START--
INFO: Run Behavior\ContentReplaceBehavior [ RunTime:0.000000s ]
INFO: [ template_filter ] --END-- [ RunTime:-0.480000s ]
NOTIC: [8] Undefined variable: YZTitle D:\xampp\htdocs\wemall\ThinkPHP\Application\Runtime\Cache\WxPay\f64d738dec9062ca568444d9a07e17dd.php 第 9 行.
NOTIC: [8] Undefined variable: header D:\xampp\htdocs\wemall\ThinkPHP\Application\Runtime\Cache\WxPay\f64d738dec9062ca568444d9a07e17dd.php 第 22 行.
INFO: Run Behavior\ParseTemplateBehavior [ RunTime:0.010000s ]
INFO: [ view_parse ] --END-- [ RunTime:-0.480000s ]
INFO: [ view_filter ] --START--
INFO: Run Behavior\WriteHtmlCacheBehavior [ RunTime:0.000000s ]
INFO: [ view_filter ] --END-- [ RunTime:-0.490000s ]
SQL: SHOW COLUMNS FROM `wemall_order_relation` [ RunTime:0.0100s ]
SQL: SELECT * FROM `wemall_order_relation` WHERE `id` = 155 LIMIT 1   [ RunTime:0.0100s ]
NOTIC: [8] Undefined index: prepar_id D:\xampp\htdocs\wemall\ThinkPHP\Application\WxPay\Model\OrderRelationModel.class.php 第 37 行.
NOTIC: [8] Use of undefined constant CURLOP_TIMEOUT - assumed 'CURLOP_TIMEOUT' D:\xampp\htdocs\wemall\ThinkPHP\Application\WxPay\Controller\CommonUtilPubController.class.php 第 148 行.
NOTIC: [2] curl_setopt() expects parameter 2 to be long, string given D:\xampp\htdocs\wemall\ThinkPHP\Application\WxPay\Controller\CommonUtilPubController.class.php 第 148 行.
NOTIC: [2] curl_close(): 60 is not a valid cURL handle resource D:\xampp\htdocs\wemall\ThinkPHP\Application\WxPay\Controller\CommonUtilPubController.class.php 第 168 行.
SQL: UPDATE `wemall_order_relation` SET `prepay_id`='wx20150512105632dedc3f0b750695464246' WHERE `id` = 155 [ RunTime:0.0100s ]
INFO: [ view_parse ] --START--
INFO: [ template_filter ] --START--
INFO: Run Behavior\ContentReplaceBehavior [ RunTime:0.000000s ]
INFO: [ template_filter ] --END-- [ RunTime:-2.940004s ]
INFO: Run Behavior\ParseTemplateBehavior [ RunTime:0.010000s ]
INFO: [ view_parse ] --END-- [ RunTime:-2.930004s ]
INFO: [ view_filter ] --START--
INFO: Run Behavior\WriteHtmlCacheBehavior [ RunTime:0.000000s ]
INFO: [ view_filter ] --END-- [ RunTime:-2.940004s ]
INFO: [ app_end ] --START--
INFO: Run Behavior\ShowPageTraceBehavior [ RunTime:0.000000s ]
INFO: [ app_end ] --END-- [ RunTime:0.000000s ]

[ 2015-05-12T20:10:23+08:00 ] 127.0.0.1 /wemall/WeiPHP/index.php/WxPay/Pay/payResult
INFO: [ app_init ] --START--
INFO: Run Behavior\BuildLiteBehavior [ RunTime:0.000000s ]
INFO: [ app_init ] --END-- [ RunTime:0.000000s ]
INFO: [ app_begin ] --START--
INFO: Run Behavior\ReadHtmlCacheBehavior [ RunTime:0.000000s ]
INFO: [ app_begin ] --END-- [ RunTime:0.000000s ]
INFO: [ view_parse ] --START--
INFO: [ template_filter ] --START--
INFO: Run Behavior\ContentReplaceBehavior [ RunTime:0.000000s ]
INFO: [ template_filter ] --END-- [ RunTime:0.000000s ]
INFO: Run Behavior\ParseTemplateBehavior [ RunTime:0.000000s ]
INFO: [ view_parse ] --END-- [ RunTime:0.000000s ]
INFO: [ view_filter ] --START--
INFO: Run Behavior\WriteHtmlCacheBehavior [ RunTime:0.000000s ]
INFO: [ view_filter ] --END-- [ RunTime:0.000000s ]
INFO: [ view_parse ] --START--
INFO: [ template_filter ] --START--
INFO: Run Behavior\ContentReplaceBehavior [ RunTime:0.000000s ]
INFO: [ template_filter ] --END-- [ RunTime:-0.015600s ]
INFO: Run Behavior\ParseTemplateBehavior [ RunTime:0.000000s ]
INFO: [ view_parse ] --END-- [ RunTime:-0.015600s ]
INFO: [ view_filter ] --START--
INFO: Run Behavior\WriteHtmlCacheBehavior [ RunTime:0.000000s ]
INFO: [ view_filter ] --END-- [ RunTime:-0.015600s ]
INFO: [ view_parse ] --START--
INFO: [ template_filter ] --START--
INFO: Run Behavior\ContentReplaceBehavior [ RunTime:0.000000s ]
INFO: [ template_filter ] --END-- [ RunTime:-0.046800s ]
NOTIC: [8] Undefined variable: YZTitle D:\xampp\htdocs\wemall\ThinkPHP\Application\Runtime\Cache\WxPay\f64d738dec9062ca568444d9a07e17dd.php 第 9 行.
NOTIC: [8] Undefined variable: header D:\xampp\htdocs\wemall\ThinkPHP\Application\Runtime\Cache\WxPay\f64d738dec9062ca568444d9a07e17dd.php 第 16 行.
INFO: Run Behavior\ParseTemplateBehavior [ RunTime:0.031200s ]
INFO: [ view_parse ] --END-- [ RunTime:-0.015600s ]
INFO: [ view_filter ] --START--
INFO: Run Behavior\WriteHtmlCacheBehavior [ RunTime:0.000000s ]
INFO: [ view_filter ] --END-- [ RunTime:-0.046800s ]
INFO: [ app_end ] --START--
INFO: Run Behavior\ShowPageTraceBehavior [ RunTime:0.000000s ]
INFO: [ app_end ] --END-- [ RunTime:0.000000s ]

[ 2015-05-12T20:11:04+08:00 ] 127.0.0.1 /wemall/WeiPHP/index.php/WxPay/Pay/payResult?status=success
INFO: [ app_init ] --START--
INFO: Run Behavior\BuildLiteBehavior [ RunTime:0.000000s ]
INFO: [ app_init ] --END-- [ RunTime:0.000000s ]
INFO: [ app_begin ] --START--
INFO: Run Behavior\ReadHtmlCacheBehavior [ RunTime:0.000000s ]
INFO: [ app_begin ] --END-- [ RunTime:0.000000s ]
INFO: [ view_parse ] --START--
INFO: [ template_filter ] --START--
INFO: Run Behavior\ContentReplaceBehavior [ RunTime:0.000000s ]
INFO: [ template_filter ] --END-- [ RunTime:0.000000s ]
INFO: Run Behavior\ParseTemplateBehavior [ RunTime:0.000000s ]
INFO: [ view_parse ] --END-- [ RunTime:0.000000s ]
INFO: [ view_filter ] --START--
INFO: Run Behavior\WriteHtmlCacheBehavior [ RunTime:0.000000s ]
INFO: [ view_filter ] --END-- [ RunTime:0.000000s ]
INFO: [ view_parse ] --START--
INFO: [ template_filter ] --START--
INFO: Run Behavior\ContentReplaceBehavior [ RunTime:0.000000s ]
INFO: [ template_filter ] --END-- [ RunTime:-0.015600s ]
INFO: Run Behavior\ParseTemplateBehavior [ RunTime:0.015600s ]
INFO: [ view_parse ] --END-- [ RunTime:0.000000s ]
INFO: [ view_filter ] --START--
INFO: Run Behavior\WriteHtmlCacheBehavior [ RunTime:0.000000s ]
INFO: [ view_filter ] --END-- [ RunTime:-0.015600s ]
INFO: [ view_parse ] --START--
INFO: [ template_filter ] --START--
INFO: Run Behavior\ContentReplaceBehavior [ RunTime:0.000000s ]
INFO: [ template_filter ] --END-- [ RunTime:-0.015600s ]
NOTIC: [8] Undefined variable: YZTitle D:\xampp\htdocs\wemall\ThinkPHP\Application\Runtime\Cache\WxPay\f64d738dec9062ca568444d9a07e17dd.php 第 9 行.
NOTIC: [8] Undefined variable: header D:\xampp\htdocs\wemall\ThinkPHP\Application\Runtime\Cache\WxPay\f64d738dec9062ca568444d9a07e17dd.php 第 16 行.
INFO: Run Behavior\ParseTemplateBehavior [ RunTime:0.000000s ]
INFO: [ view_parse ] --END-- [ RunTime:-0.015600s ]
INFO: [ view_filter ] --START--
INFO: Run Behavior\WriteHtmlCacheBehavior [ RunTime:0.000000s ]
INFO: [ view_filter ] --END-- [ RunTime:-0.015600s ]
INFO: [ app_end ] --START--
INFO: Run Behavior\ShowPageTraceBehavior [ RunTime:0.015600s ]
INFO: [ app_end ] --END-- [ RunTime:0.015600s ]

