[ 2015-04-21T09:11:48+08:00 ] 127.0.0.1 /wemall/WeiPHP/admin.php
INFO: [ app_init ] --START--
INFO: Run Behavior\BuildLiteBehavior [ RunTime:0.000000s ]
INFO: [ app_init ] --END-- [ RunTime:0.000000s ]
INFO: [ app_begin ] --START--
INFO: Run Behavior\ReadHtmlCacheBehavior [ RunTime:0.000000s ]
INFO: [ app_begin ] --END-- [ RunTime:0.000000s ]
ERR: 非法操作:index

[ 2015-04-21T09:44:50+08:00 ] 127.0.0.1 /wemall/WeiPHP/index.php?m=WxPay
INFO: [ app_init ] --START--
INFO: Run Behavior\BuildLiteBehavior [ RunTime:0.000000s ]
INFO: [ app_init ] --END-- [ RunTime:0.000000s ]
INFO: [ app_begin ] --START--
INFO: Run Behavior\ReadHtmlCacheBehavior [ RunTime:0.000000s ]
INFO: [ app_begin ] --END-- [ RunTime:0.000000s ]

[ 2015-04-21T09:45:25+08:00 ] 127.0.0.1 /wemall/WeiPHP/index.php/wxpay
INFO: [ app_init ] --START--
INFO: Run Behavior\BuildLiteBehavior [ RunTime:0.000000s ]
INFO: [ app_init ] --END-- [ RunTime:0.000000s ]
INFO: [ app_begin ] --START--
INFO: Run Behavior\ReadHtmlCacheBehavior [ RunTime:0.001000s ]
INFO: [ app_begin ] --END-- [ RunTime:0.001000s ]
ERR: 无法加载控制器:Index

[ 2015-04-21T09:45:31+08:00 ] 127.0.0.1 /wemall/WeiPHP/index.php/WxPay
INFO: [ app_init ] --START--
INFO: Run Behavior\BuildLiteBehavior [ RunTime:0.000000s ]
INFO: [ app_init ] --END-- [ RunTime:0.000000s ]
INFO: [ app_begin ] --START--
INFO: Run Behavior\ReadHtmlCacheBehavior [ RunTime:0.000000s ]
INFO: [ app_begin ] --END-- [ RunTime:0.000000s ]
INFO: [ app_end ] --START--
INFO: Run Behavior\ShowPageTraceBehavior [ RunTime:0.000000s ]
INFO: [ app_end ] --END-- [ RunTime:0.000000s ]

[ 2015-04-21T09:48:02+08:00 ] 127.0.0.1 /wemall/WeiPHP/index.php/WxPay
INFO: [ app_init ] --START--
INFO: Run Behavior\BuildLiteBehavior [ RunTime:0.000000s ]
INFO: [ app_init ] --END-- [ RunTime:0.000000s ]
INFO: [ app_begin ] --START--
INFO: Run Behavior\ReadHtmlCacheBehavior [ RunTime:0.000000s ]
INFO: [ app_begin ] --END-- [ RunTime:0.000000s ]
INFO: [ view_parse ] --START--
INFO: [ template_filter ] --START--
INFO: Run Behavior\ContentReplaceBehavior [ RunTime:0.000000s ]
INFO: [ template_filter ] --END-- [ RunTime:0.001000s ]
NOTIC: [8] Undefined variable: YZTitle D:\xampp\htdocs\wemall\ThinkPHP\Application\Runtime\Cache\WxPay\233fbf9168edde0a88a274a719127571.php 第 10 行.
NOTIC: [8] Undefined variable: YZHead D:\xampp\htdocs\wemall\ThinkPHP\Application\Runtime\Cache\WxPay\233fbf9168edde0a88a274a719127571.php 第 14 行.
NOTIC: [8] Undefined variable: YZHead D:\xampp\htdocs\wemall\ThinkPHP\Application\Runtime\Cache\WxPay\233fbf9168edde0a88a274a719127571.php 第 15 行.
NOTIC: [8] Undefined variable: YZBody D:\xampp\htdocs\wemall\ThinkPHP\Application\Runtime\Cache\WxPay\233fbf9168edde0a88a274a719127571.php 第 19 行.
INFO: Run Behavior\ParseTemplateBehavior [ RunTime:0.030000s ]
INFO: [ view_parse ] --END-- [ RunTime:0.031000s ]
INFO: [ view_filter ] --START--
INFO: Run Behavior\WriteHtmlCacheBehavior [ RunTime:0.000000s ]
INFO: [ view_filter ] --END-- [ RunTime:0.000000s ]
INFO: [ app_end ] --START--
INFO: Run Behavior\ShowPageTraceBehavior [ RunTime:0.001000s ]
INFO: [ app_end ] --END-- [ RunTime:0.001000s ]

[ 2015-04-21T09:48:26+08:00 ] 127.0.0.1 /wemall/WeiPHP/index.php/WxPay
INFO: [ app_init ] --START--
INFO: Run Behavior\BuildLiteBehavior [ RunTime:0.000000s ]
INFO: [ app_init ] --END-- [ RunTime:0.000000s ]
INFO: [ app_begin ] --START--
INFO: Run Behavior\ReadHtmlCacheBehavior [ RunTime:0.001000s ]
INFO: [ app_begin ] --END-- [ RunTime:0.001000s ]
INFO: [ view_parse ] --START--
INFO: [ template_filter ] --START--
INFO: Run Behavior\ContentReplaceBehavior [ RunTime:0.000000s ]
INFO: [ template_filter ] --END-- [ RunTime:0.000000s ]
NOTIC: [8] Undefined variable: YZTitle D:\xampp\htdocs\wemall\ThinkPHP\Application\Runtime\Cache\WxPay\233fbf9168edde0a88a274a719127571.php 第 10 行.
NOTIC: [8] Undefined variable: YZHead D:\xampp\htdocs\wemall\ThinkPHP\Application\Runtime\Cache\WxPay\233fbf9168edde0a88a274a719127571.php 第 14 行.
NOTIC: [8] Undefined variable: YZHead D:\xampp\htdocs\wemall\ThinkPHP\Application\Runtime\Cache\WxPay\233fbf9168edde0a88a274a719127571.php 第 15 行.
INFO: Run Behavior\ParseTemplateBehavior [ RunTime:0.010000s ]
INFO: [ view_parse ] --END-- [ RunTime:0.010000s ]
INFO: [ view_filter ] --START--
INFO: Run Behavior\WriteHtmlCacheBehavior [ RunTime:0.010000s ]
INFO: [ view_filter ] --END-- [ RunTime:0.010000s ]
INFO: [ app_end ] --START--
INFO: Run Behavior\ShowPageTraceBehavior [ RunTime:0.001000s ]
INFO: [ app_end ] --END-- [ RunTime:0.001000s ]

[ 2015-04-21T11:00:33+08:00 ] 127.0.0.1 /wemall/WeiPHP/index.php?m=WxPay&c=WxPayClientPub
INFO: [ app_init ] --START--
INFO: Run Behavior\BuildLiteBehavior [ RunTime:0.000000s ]
INFO: [ app_init ] --END-- [ RunTime:0.000000s ]
INFO: [ app_begin ] --START--
INFO: Run Behavior\ReadHtmlCacheBehavior [ RunTime:0.001000s ]
INFO: [ app_begin ] --END-- [ RunTime:0.002000s ]
INFO: [ app_end ] --START--
INFO: Run Behavior\ShowPageTraceBehavior [ RunTime:0.001000s ]
INFO: [ app_end ] --END-- [ RunTime:0.001000s ]

[ 2015-04-21T12:24:38+08:00 ] 127.0.0.1 /wemall/WeiPHP/index.php?m=WxPay&c=WxPayClientPub
INFO: [ app_init ] --START--
INFO: Run Behavior\BuildLiteBehavior [ RunTime:0.000000s ]
INFO: [ app_init ] --END-- [ RunTime:0.000000s ]
INFO: [ app_begin ] --START--
INFO: Run Behavior\ReadHtmlCacheBehavior [ RunTime:0.000000s ]
INFO: [ app_begin ] --END-- [ RunTime:0.000000s ]
ERR: Method WxPay\Controller\WxPayClientPubController::__call() does not exist

[ 2015-04-21T15:12:43+08:00 ] 127.0.0.1 /wemall/WeiPHP/index.php?m=WxPay
INFO: [ app_init ] --START--
INFO: Run Behavior\BuildLiteBehavior [ RunTime:0.000000s ]
INFO: [ app_init ] --END-- [ RunTime:0.001000s ]
INFO: [ app_begin ] --START--
INFO: Run Behavior\ReadHtmlCacheBehavior [ RunTime:0.001000s ]
INFO: [ app_begin ] --END-- [ RunTime:0.001000s ]
INFO: [ view_parse ] --START--
INFO: [ template_filter ] --START--
INFO: Run Behavior\ContentReplaceBehavior [ RunTime:0.000000s ]
INFO: [ template_filter ] --END-- [ RunTime:0.000000s ]
NOTIC: [8] Undefined variable: YZTitle D:\xampp\htdocs\wemall\ThinkPHP\Application\Runtime\Cache\WxPay\233fbf9168edde0a88a274a719127571.php 第 10 行.
NOTIC: [8] Undefined variable: YZHead D:\xampp\htdocs\wemall\ThinkPHP\Application\Runtime\Cache\WxPay\233fbf9168edde0a88a274a719127571.php 第 14 行.
NOTIC: [8] Undefined variable: YZHead D:\xampp\htdocs\wemall\ThinkPHP\Application\Runtime\Cache\WxPay\233fbf9168edde0a88a274a719127571.php 第 15 行.
INFO: Run Behavior\ParseTemplateBehavior [ RunTime:0.018001s ]
INFO: [ view_parse ] --END-- [ RunTime:0.018001s ]
INFO: [ view_filter ] --START--
INFO: Run Behavior\WriteHtmlCacheBehavior [ RunTime:0.000000s ]
INFO: [ view_filter ] --END-- [ RunTime:0.001001s ]
INFO: [ app_end ] --START--
INFO: Run Behavior\ShowPageTraceBehavior [ RunTime:0.002000s ]
INFO: [ app_end ] --END-- [ RunTime:0.002000s ]

[ 2015-04-21T15:13:15+08:00 ] 127.0.0.1 /wemall/WeiPHP/index.php?m=WxPay
INFO: [ app_init ] --START--
INFO: Run Behavior\BuildLiteBehavior [ RunTime:0.000000s ]
INFO: [ app_init ] --END-- [ RunTime:0.001000s ]
INFO: [ app_begin ] --START--
INFO: Run Behavior\ReadHtmlCacheBehavior [ RunTime:0.001000s ]
INFO: [ app_begin ] --END-- [ RunTime:0.001000s ]
INFO: [ view_parse ] --START--
INFO: [ template_filter ] --START--
INFO: Run Behavior\ContentReplaceBehavior [ RunTime:0.001000s ]
INFO: [ template_filter ] --END-- [ RunTime:0.001000s ]
NOTIC: [8] Undefined variable: YZTitle D:\xampp\htdocs\wemall\ThinkPHP\Application\Runtime\Cache\WxPay\233fbf9168edde0a88a274a719127571.php 第 10 行.
NOTIC: [8] Undefined variable: YZHead D:\xampp\htdocs\wemall\ThinkPHP\Application\Runtime\Cache\WxPay\233fbf9168edde0a88a274a719127571.php 第 14 行.
NOTIC: [8] Undefined variable: YZHead D:\xampp\htdocs\wemall\ThinkPHP\Application\Runtime\Cache\WxPay\233fbf9168edde0a88a274a719127571.php 第 15 行.
INFO: Run Behavior\ParseTemplateBehavior [ RunTime:0.024002s ]
INFO: [ view_parse ] --END-- [ RunTime:0.025002s ]
INFO: [ view_filter ] --START--
INFO: Run Behavior\WriteHtmlCacheBehavior [ RunTime:0.000000s ]
INFO: [ view_filter ] --END-- [ RunTime:0.000000s ]
INFO: [ app_end ] --START--
INFO: Run Behavior\ShowPageTraceBehavior [ RunTime:0.000000s ]
INFO: [ app_end ] --END-- [ RunTime:0.001000s ]

[ 2015-04-21T15:13:22+08:00 ] 127.0.0.1 /wemall/WeiPHP/index.php?m=WxPay
INFO: [ app_init ] --START--
INFO: Run Behavior\BuildLiteBehavior [ RunTime:0.000000s ]
INFO: [ app_init ] --END-- [ RunTime:0.001000s ]
INFO: [ app_begin ] --START--
INFO: Run Behavior\ReadHtmlCacheBehavior [ RunTime:0.000000s ]
INFO: [ app_begin ] --END-- [ RunTime:0.000000s ]
INFO: [ view_parse ] --START--
INFO: [ template_filter ] --START--
INFO: Run Behavior\ContentReplaceBehavior [ RunTime:0.000000s ]
INFO: [ template_filter ] --END-- [ RunTime:0.001000s ]
NOTIC: [8] Undefined variable: YZTitle D:\xampp\htdocs\wemall\ThinkPHP\Application\Runtime\Cache\WxPay\233fbf9168edde0a88a274a719127571.php 第 10 行.
NOTIC: [8] Undefined variable: YZHead D:\xampp\htdocs\wemall\ThinkPHP\Application\Runtime\Cache\WxPay\233fbf9168edde0a88a274a719127571.php 第 14 行.
NOTIC: [8] Undefined variable: YZHead D:\xampp\htdocs\wemall\ThinkPHP\Application\Runtime\Cache\WxPay\233fbf9168edde0a88a274a719127571.php 第 15 行.
INFO: Run Behavior\ParseTemplateBehavior [ RunTime:0.015001s ]
INFO: [ view_parse ] --END-- [ RunTime:0.017001s ]
INFO: [ view_filter ] --START--
INFO: Run Behavior\WriteHtmlCacheBehavior [ RunTime:0.000000s ]
INFO: [ view_filter ] --END-- [ RunTime:0.000000s ]
INFO: [ app_end ] --START--
INFO: Run Behavior\ShowPageTraceBehavior [ RunTime:0.001000s ]
INFO: [ app_end ] --END-- [ RunTime:0.001000s ]

[ 2015-04-21T15:13:27+08:00 ] 127.0.0.1 /wemall/WeiPHP/index.php?m=WxPay
INFO: [ app_init ] --START--
INFO: Run Behavior\BuildLiteBehavior [ RunTime:0.000000s ]
INFO: [ app_init ] --END-- [ RunTime:0.001000s ]
INFO: [ app_begin ] --START--
INFO: Run Behavior\ReadHtmlCacheBehavior [ RunTime:0.001000s ]
INFO: [ app_begin ] --END-- [ RunTime:0.002001s ]
INFO: [ view_parse ] --START--
INFO: [ template_filter ] --START--
INFO: Run Behavior\ContentReplaceBehavior [ RunTime:0.000000s ]
INFO: [ template_filter ] --END-- [ RunTime:0.000000s ]
NOTIC: [8] Undefined variable: YZTitle D:\xampp\htdocs\wemall\ThinkPHP\Application\Runtime\Cache\WxPay\233fbf9168edde0a88a274a719127571.php 第 10 行.
NOTIC: [8] Undefined variable: YZHead D:\xampp\htdocs\wemall\ThinkPHP\Application\Runtime\Cache\WxPay\233fbf9168edde0a88a274a719127571.php 第 14 行.
NOTIC: [8] Undefined variable: YZHead D:\xampp\htdocs\wemall\ThinkPHP\Application\Runtime\Cache\WxPay\233fbf9168edde0a88a274a719127571.php 第 15 行.
INFO: Run Behavior\ParseTemplateBehavior [ RunTime:0.016001s ]
INFO: [ view_parse ] --END-- [ RunTime:0.016001s ]
INFO: [ view_filter ] --START--
INFO: Run Behavior\WriteHtmlCacheBehavior [ RunTime:0.001000s ]
INFO: [ view_filter ] --END-- [ RunTime:0.001000s ]
INFO: [ app_end ] --START--
INFO: Run Behavior\ShowPageTraceBehavior [ RunTime:0.001000s ]
INFO: [ app_end ] --END-- [ RunTime:0.001000s ]

[ 2015-04-21T15:16:51+08:00 ] 127.0.0.1 /wemall/WeiPHP/index.php?m=WxPay
INFO: [ app_init ] --START--
INFO: Run Behavior\BuildLiteBehavior [ RunTime:0.000000s ]
INFO: [ app_init ] --END-- [ RunTime:0.001000s ]
INFO: [ app_begin ] --START--
INFO: Run Behavior\ReadHtmlCacheBehavior [ RunTime:0.000000s ]
INFO: [ app_begin ] --END-- [ RunTime:0.001000s ]
INFO: [ view_parse ] --START--
INFO: [ template_filter ] --START--
INFO: Run Behavior\ContentReplaceBehavior [ RunTime:0.000000s ]
INFO: [ template_filter ] --END-- [ RunTime:0.000000s ]
NOTIC: [8] Undefined variable: YZTitle D:\xampp\htdocs\wemall\ThinkPHP\Application\Runtime\Cache\WxPay\233fbf9168edde0a88a274a719127571.php 第 10 行.
NOTIC: [8] Undefined variable: YZHead D:\xampp\htdocs\wemall\ThinkPHP\Application\Runtime\Cache\WxPay\233fbf9168edde0a88a274a719127571.php 第 14 行.
NOTIC: [8] Undefined variable: YZHead D:\xampp\htdocs\wemall\ThinkPHP\Application\Runtime\Cache\WxPay\233fbf9168edde0a88a274a719127571.php 第 15 行.
INFO: Run Behavior\ParseTemplateBehavior [ RunTime:0.026002s ]
INFO: [ view_parse ] --END-- [ RunTime:0.026002s ]
INFO: [ view_filter ] --START--
INFO: Run Behavior\WriteHtmlCacheBehavior [ RunTime:0.000000s ]
INFO: [ view_filter ] --END-- [ RunTime:0.000000s ]
INFO: [ app_end ] --START--
INFO: Run Behavior\ShowPageTraceBehavior [ RunTime:0.001000s ]
INFO: [ app_end ] --END-- [ RunTime:0.001000s ]

[ 2015-04-21T15:17:39+08:00 ] 127.0.0.1 /wemall/WeiPHP/index.php?m=WxPay
INFO: [ app_init ] --START--
INFO: Run Behavior\BuildLiteBehavior [ RunTime:0.000000s ]
INFO: [ app_init ] --END-- [ RunTime:0.001000s ]
INFO: [ app_begin ] --START--
INFO: Run Behavior\ReadHtmlCacheBehavior [ RunTime:0.001000s ]
INFO: [ app_begin ] --END-- [ RunTime:0.001000s ]
INFO: [ view_parse ] --START--
INFO: [ template_filter ] --START--
INFO: Run Behavior\ContentReplaceBehavior [ RunTime:0.000000s ]
INFO: [ template_filter ] --END-- [ RunTime:0.000000s ]
NOTIC: [8] Undefined variable: YZTitle D:\xampp\htdocs\wemall\ThinkPHP\Application\Runtime\Cache\WxPay\233fbf9168edde0a88a274a719127571.php 第 10 行.
NOTIC: [8] Undefined variable: YZHead D:\xampp\htdocs\wemall\ThinkPHP\Application\Runtime\Cache\WxPay\233fbf9168edde0a88a274a719127571.php 第 14 行.
NOTIC: [8] Undefined variable: YZHead D:\xampp\htdocs\wemall\ThinkPHP\Application\Runtime\Cache\WxPay\233fbf9168edde0a88a274a719127571.php 第 15 行.
INFO: Run Behavior\ParseTemplateBehavior [ RunTime:0.022001s ]
INFO: [ view_parse ] --END-- [ RunTime:0.022001s ]
INFO: [ view_filter ] --START--
INFO: Run Behavior\WriteHtmlCacheBehavior [ RunTime:0.001000s ]
INFO: [ view_filter ] --END-- [ RunTime:0.001000s ]
INFO: [ app_end ] --START--
INFO: Run Behavior\ShowPageTraceBehavior [ RunTime:0.001000s ]
INFO: [ app_end ] --END-- [ RunTime:0.001000s ]

[ 2015-04-21T15:17:42+08:00 ] 127.0.0.1 /wemall/WeiPHP/index.php?m=WxPay
INFO: [ app_init ] --START--
INFO: Run Behavior\BuildLiteBehavior [ RunTime:0.000000s ]
INFO: [ app_init ] --END-- [ RunTime:0.001000s ]
INFO: [ app_begin ] --START--
INFO: Run Behavior\ReadHtmlCacheBehavior [ RunTime:0.000000s ]
INFO: [ app_begin ] --END-- [ RunTime:0.001000s ]
INFO: [ view_parse ] --START--
INFO: [ template_filter ] --START--
INFO: Run Behavior\ContentReplaceBehavior [ RunTime:0.000000s ]
INFO: [ template_filter ] --END-- [ RunTime:0.000000s ]
NOTIC: [8] Undefined variable: YZTitle D:\xampp\htdocs\wemall\ThinkPHP\Application\Runtime\Cache\WxPay\233fbf9168edde0a88a274a719127571.php 第 10 行.
NOTIC: [8] Undefined variable: YZHead D:\xampp\htdocs\wemall\ThinkPHP\Application\Runtime\Cache\WxPay\233fbf9168edde0a88a274a719127571.php 第 14 行.
NOTIC: [8] Undefined variable: YZHead D:\xampp\htdocs\wemall\ThinkPHP\Application\Runtime\Cache\WxPay\233fbf9168edde0a88a274a719127571.php 第 15 行.
INFO: Run Behavior\ParseTemplateBehavior [ RunTime:0.018001s ]
INFO: [ view_parse ] --END-- [ RunTime:0.018001s ]
INFO: [ view_filter ] --START--
INFO: Run Behavior\WriteHtmlCacheBehavior [ RunTime:0.001000s ]
INFO: [ view_filter ] --END-- [ RunTime:0.001000s ]
INFO: [ app_end ] --START--
INFO: Run Behavior\ShowPageTraceBehavior [ RunTime:0.001000s ]
INFO: [ app_end ] --END-- [ RunTime:0.001000s ]

[ 2015-04-21T15:17:52+08:00 ] 127.0.0.1 /wemall/WeiPHP/index.php?m=WxPay
INFO: [ app_init ] --START--
INFO: Run Behavior\BuildLiteBehavior [ RunTime:0.000000s ]
INFO: [ app_init ] --END-- [ RunTime:0.001000s ]
INFO: [ app_begin ] --START--
INFO: Run Behavior\ReadHtmlCacheBehavior [ RunTime:0.001000s ]
INFO: [ app_begin ] --END-- [ RunTime:0.001000s ]
INFO: [ view_parse ] --START--
INFO: [ template_filter ] --START--
INFO: Run Behavior\ContentReplaceBehavior [ RunTime:0.000000s ]
INFO: [ template_filter ] --END-- [ RunTime:0.000000s ]
NOTIC: [8] Undefined variable: YZTitle D:\xampp\htdocs\wemall\ThinkPHP\Application\Runtime\Cache\WxPay\233fbf9168edde0a88a274a719127571.php 第 10 行.
NOTIC: [8] Undefined variable: YZHead D:\xampp\htdocs\wemall\ThinkPHP\Application\Runtime\Cache\WxPay\233fbf9168edde0a88a274a719127571.php 第 14 行.
NOTIC: [8] Undefined variable: YZHead D:\xampp\htdocs\wemall\ThinkPHP\Application\Runtime\Cache\WxPay\233fbf9168edde0a88a274a719127571.php 第 15 行.
INFO: Run Behavior\ParseTemplateBehavior [ RunTime:0.019001s ]
INFO: [ view_parse ] --END-- [ RunTime:0.020001s ]
INFO: [ view_filter ] --START--
INFO: Run Behavior\WriteHtmlCacheBehavior [ RunTime:0.002000s ]
INFO: [ view_filter ] --END-- [ RunTime:0.002000s ]
INFO: [ app_end ] --START--
INFO: Run Behavior\ShowPageTraceBehavior [ RunTime:0.002000s ]
INFO: [ app_end ] --END-- [ RunTime:0.002000s ]

[ 2015-04-21T15:39:27+08:00 ] 127.0.0.1 /wemall/WeiPHP/index.php?m=WxPay
INFO: [ app_init ] --START--
INFO: Run Behavior\BuildLiteBehavior [ RunTime:0.000000s ]
INFO: [ app_init ] --END-- [ RunTime:0.000000s ]
INFO: [ app_begin ] --START--
INFO: Run Behavior\ReadHtmlCacheBehavior [ RunTime:0.001001s ]
INFO: [ app_begin ] --END-- [ RunTime:0.002001s ]
INFO: [ view_parse ] --START--
INFO: [ template_filter ] --START--
INFO: Run Behavior\ContentReplaceBehavior [ RunTime:0.000000s ]
INFO: [ template_filter ] --END-- [ RunTime:0.000000s ]
NOTIC: [8] Undefined variable: YZTitle D:\xampp\htdocs\wemall\ThinkPHP\Application\Runtime\Cache\WxPay\233fbf9168edde0a88a274a719127571.php 第 10 行.
NOTIC: [8] Undefined variable: YZHead D:\xampp\htdocs\wemall\ThinkPHP\Application\Runtime\Cache\WxPay\233fbf9168edde0a88a274a719127571.php 第 14 行.
NOTIC: [8] Undefined variable: YZHead D:\xampp\htdocs\wemall\ThinkPHP\Application\Runtime\Cache\WxPay\233fbf9168edde0a88a274a719127571.php 第 15 行.
INFO: Run Behavior\ParseTemplateBehavior [ RunTime:0.019001s ]
INFO: [ view_parse ] --END-- [ RunTime:0.019001s ]
INFO: [ view_filter ] --START--
INFO: Run Behavior\WriteHtmlCacheBehavior [ RunTime:0.001000s ]
INFO: [ view_filter ] --END-- [ RunTime:0.001000s ]
INFO: [ app_end ] --START--
INFO: Run Behavior\ShowPageTraceBehavior [ RunTime:0.001000s ]
INFO: [ app_end ] --END-- [ RunTime:0.001000s ]

[ 2015-04-21T21:44:50+08:00 ] 127.0.0.1 /wemall/WeiPHP/admin.php?m=WxPay
INFO: [ app_init ] --START--
INFO: Run Behavior\BuildLiteBehavior [ RunTime:0.000000s ]
INFO: [ app_init ] --END-- [ RunTime:0.000000s ]
INFO: [ app_begin ] --START--
INFO: Run Behavior\ReadHtmlCacheBehavior [ RunTime:0.001000s ]
INFO: [ app_begin ] --END-- [ RunTime:0.002000s ]

[ 2015-04-21T21:45:54+08:00 ] 127.0.0.1 /wemall/WeiPHP/admin.php?m=WxPay
INFO: [ app_init ] --START--
INFO: Run Behavior\BuildLiteBehavior [ RunTime:0.000000s ]
INFO: [ app_init ] --END-- [ RunTime:0.001000s ]
INFO: [ app_begin ] --START--
INFO: Run Behavior\ReadHtmlCacheBehavior [ RunTime:0.000000s ]
INFO: [ app_begin ] --END-- [ RunTime:0.001000s ]
NOTIC: [8] Use of undefined constant CURLOP_TIMEOUT - assumed 'CURLOP_TIMEOUT' D:\xampp\htdocs\wemall\ThinkPHP\Application\WxPay\Controller\CommonUtilPubController.class.php 第 148 行.
NOTIC: [2] curl_setopt() expects parameter 2 to be long, string given D:\xampp\htdocs\wemall\ThinkPHP\Application\WxPay\Controller\CommonUtilPubController.class.php 第 148 行.
NOTIC: [2] curl_close(): 32 is not a valid cURL handle resource D:\xampp\htdocs\wemall\ThinkPHP\Application\WxPay\Controller\CommonUtilPubController.class.php 第 168 行.
NOTIC: [8] Undefined index: prepay_id D:\xampp\htdocs\wemall\ThinkPHP\Application\WxPay\Controller\UnifiedOrderPubController.class.php 第 56 行.
INFO: [ view_parse ] --START--
INFO: [ template_filter ] --START--
INFO: Run Behavior\ContentReplaceBehavior [ RunTime:0.000000s ]
INFO: [ template_filter ] --END-- [ RunTime:0.001000s ]
NOTIC: [8] Undefined variable: YZTitle D:\xampp\htdocs\wemall\ThinkPHP\Application\Runtime\Cache\WxPay\233fbf9168edde0a88a274a719127571.php 第 10 行.
NOTIC: [8] Undefined variable: YZHead D:\xampp\htdocs\wemall\ThinkPHP\Application\Runtime\Cache\WxPay\233fbf9168edde0a88a274a719127571.php 第 14 行.
NOTIC: [8] Undefined variable: YZHead D:\xampp\htdocs\wemall\ThinkPHP\Application\Runtime\Cache\WxPay\233fbf9168edde0a88a274a719127571.php 第 15 行.
INFO: Run Behavior\ParseTemplateBehavior [ RunTime:0.029002s ]
INFO: [ view_parse ] --END-- [ RunTime:0.029002s ]
INFO: [ view_filter ] --START--
INFO: Run Behavior\WriteHtmlCacheBehavior [ RunTime:0.001000s ]
INFO: [ view_filter ] --END-- [ RunTime:0.001000s ]
INFO: [ app_end ] --START--
INFO: Run Behavior\ShowPageTraceBehavior [ RunTime:0.001000s ]
INFO: [ app_end ] --END-- [ RunTime:0.002000s ]

[ 2015-04-21T21:45:58+08:00 ] 127.0.0.1 /wemall/WeiPHP/admin.php?m=WxPay
INFO: [ app_init ] --START--
INFO: Run Behavior\BuildLiteBehavior [ RunTime:0.000000s ]
INFO: [ app_init ] --END-- [ RunTime:0.001000s ]
INFO: [ app_begin ] --START--
INFO: Run Behavior\ReadHtmlCacheBehavior [ RunTime:0.000000s ]
INFO: [ app_begin ] --END-- [ RunTime:0.001000s ]
NOTIC: [8] Use of undefined constant CURLOP_TIMEOUT - assumed 'CURLOP_TIMEOUT' D:\xampp\htdocs\wemall\ThinkPHP\Application\WxPay\Controller\CommonUtilPubController.class.php 第 148 行.
NOTIC: [2] curl_setopt() expects parameter 2 to be long, string given D:\xampp\htdocs\wemall\ThinkPHP\Application\WxPay\Controller\CommonUtilPubController.class.php 第 148 行.
NOTIC: [2] curl_close(): 32 is not a valid cURL handle resource D:\xampp\htdocs\wemall\ThinkPHP\Application\WxPay\Controller\CommonUtilPubController.class.php 第 168 行.
NOTIC: [8] Undefined index: prepay_id D:\xampp\htdocs\wemall\ThinkPHP\Application\WxPay\Controller\UnifiedOrderPubController.class.php 第 56 行.
INFO: [ view_parse ] --START--
INFO: [ template_filter ] --START--
INFO: Run Behavior\ContentReplaceBehavior [ RunTime:0.000000s ]
INFO: [ template_filter ] --END-- [ RunTime:0.000000s ]
NOTIC: [8] Undefined variable: YZTitle D:\xampp\htdocs\wemall\ThinkPHP\Application\Runtime\Cache\WxPay\233fbf9168edde0a88a274a719127571.php 第 10 行.
NOTIC: [8] Undefined variable: YZHead D:\xampp\htdocs\wemall\ThinkPHP\Application\Runtime\Cache\WxPay\233fbf9168edde0a88a274a719127571.php 第 14 行.
NOTIC: [8] Undefined variable: YZHead D:\xampp\htdocs\wemall\ThinkPHP\Application\Runtime\Cache\WxPay\233fbf9168edde0a88a274a719127571.php 第 15 行.
INFO: Run Behavior\ParseTemplateBehavior [ RunTime:0.013001s ]
INFO: [ view_parse ] --END-- [ RunTime:0.013001s ]
INFO: [ view_filter ] --START--
INFO: Run Behavior\WriteHtmlCacheBehavior [ RunTime:0.000000s ]
INFO: [ view_filter ] --END-- [ RunTime:0.000000s ]
INFO: [ app_end ] --START--
INFO: Run Behavior\ShowPageTraceBehavior [ RunTime:0.000000s ]
INFO: [ app_end ] --END-- [ RunTime:0.000000s ]

