[ 2015-05-07T13:13:41+08:00 ] 127.0.0.1 /wemall/WeiPHP/index.php/WxPay/Interface
INFO: [ app_init ] --START--
INFO: Run Behavior\BuildLiteBehavior [ RunTime:0.000000s ]
INFO: [ app_init ] --END-- [ RunTime:0.000000s ]
INFO: [ app_begin ] --START--
INFO: Run Behavior\ReadHtmlCacheBehavior [ RunTime:0.001000s ]
INFO: [ app_begin ] --END-- [ RunTime:0.001000s ]
INFO: [ app_end ] --START--
INFO: Run Behavior\ShowPageTraceBehavior [ RunTime:0.002000s ]
INFO: [ app_end ] --END-- [ RunTime:0.002000s ]

[ 2015-05-07T13:13:58+08:00 ] 127.0.0.1 /wemall/WeiPHP/index.php/WxPay/Interface
INFO: [ app_init ] --START--
INFO: Run Behavior\BuildLiteBehavior [ RunTime:0.000000s ]
INFO: [ app_init ] --END-- [ RunTime:0.001000s ]
INFO: [ app_begin ] --START--
INFO: Run Behavior\ReadHtmlCacheBehavior [ RunTime:0.001000s ]
INFO: [ app_begin ] --END-- [ RunTime:0.001000s ]
INFO: [ app_end ] --START--
INFO: Run Behavior\ShowPageTraceBehavior [ RunTime:0.001000s ]
INFO: [ app_end ] --END-- [ RunTime:0.001000s ]

[ 2015-05-07T13:28:11+08:00 ] 127.0.0.1 /wemall/WeiPHP/index.php/WxPay/Interface
INFO: [ app_init ] --START--
INFO: Run Behavior\BuildLiteBehavior [ RunTime:0.000000s ]
INFO: [ app_init ] --END-- [ RunTime:0.000000s ]
INFO: [ app_begin ] --START--
INFO: Run Behavior\ReadHtmlCacheBehavior [ RunTime:0.000000s ]
INFO: [ app_begin ] --END-- [ RunTime:0.000000s ]
INFO: [ app_end ] --START--
INFO: Run Behavior\ShowPageTraceBehavior [ RunTime:0.000000s ]
INFO: [ app_end ] --END-- [ RunTime:0.000000s ]

[ 2015-05-07T13:28:13+08:00 ] 127.0.0.1 /wemall/WeiPHP/index.php/WxPay/Interface
INFO: [ app_init ] --START--
INFO: Run Behavior\BuildLiteBehavior [ RunTime:0.000000s ]
INFO: [ app_init ] --END-- [ RunTime:0.000000s ]
INFO: [ app_begin ] --START--
INFO: Run Behavior\ReadHtmlCacheBehavior [ RunTime:0.000000s ]
INFO: [ app_begin ] --END-- [ RunTime:0.000000s ]
INFO: [ app_end ] --START--
INFO: Run Behavior\ShowPageTraceBehavior [ RunTime:0.000000s ]
INFO: [ app_end ] --END-- [ RunTime:0.000000s ]

[ 2015-05-07T13:31:29+08:00 ] 127.0.0.1 /wemall/WeiPHP/index.php/WxPay/Interface
INFO: [ app_init ] --START--
INFO: Run Behavior\BuildLiteBehavior [ RunTime:0.000000s ]
INFO: [ app_init ] --END-- [ RunTime:0.000000s ]
INFO: [ app_begin ] --START--
INFO: Run Behavior\ReadHtmlCacheBehavior [ RunTime:0.001000s ]
INFO: [ app_begin ] --END-- [ RunTime:0.001000s ]
INFO: [ app_end ] --START--
INFO: Run Behavior\ShowPageTraceBehavior [ RunTime:0.001000s ]
INFO: [ app_end ] --END-- [ RunTime:0.001000s ]

[ 2015-05-07T13:31:58+08:00 ] 127.0.0.1 /wemall/WeiPHP/index.php/WxPay/Interface
INFO: [ app_init ] --START--
INFO: Run Behavior\BuildLiteBehavior [ RunTime:0.000000s ]
INFO: [ app_init ] --END-- [ RunTime:0.001000s ]
INFO: [ app_begin ] --START--
INFO: Run Behavior\ReadHtmlCacheBehavior [ RunTime:0.000000s ]
INFO: [ app_begin ] --END-- [ RunTime:0.001000s ]
NOTIC: [8] Undefined index: sign D:\xampp\htdocs\wemall\ThinkPHP\Application\WxPay\Controller\InterfaceController.class.php 第 37 行.
INFO: [ app_end ] --START--
INFO: Run Behavior\ShowPageTraceBehavior [ RunTime:0.002000s ]
INFO: [ app_end ] --END-- [ RunTime:0.002000s ]

[ 2015-05-07T13:32:22+08:00 ] 127.0.0.1 /wemall/WeiPHP/index.php/WxPay/Interface
INFO: [ app_init ] --START--
INFO: Run Behavior\BuildLiteBehavior [ RunTime:0.000000s ]
INFO: [ app_init ] --END-- [ RunTime:0.001000s ]
INFO: [ app_begin ] --START--
INFO: Run Behavior\ReadHtmlCacheBehavior [ RunTime:0.001000s ]
INFO: [ app_begin ] --END-- [ RunTime:0.001000s ]
NOTIC: [8] Undefined index: sign D:\xampp\htdocs\wemall\ThinkPHP\Application\WxPay\Controller\InterfaceController.class.php 第 37 行.
INFO: [ app_end ] --START--
INFO: Run Behavior\ShowPageTraceBehavior [ RunTime:0.001000s ]
INFO: [ app_end ] --END-- [ RunTime:0.001000s ]

[ 2015-05-07T13:32:26+08:00 ] 127.0.0.1 /wemall/WeiPHP/index.php/WxPay/Interface
INFO: [ app_init ] --START--
INFO: Run Behavior\BuildLiteBehavior [ RunTime:0.000000s ]
INFO: [ app_init ] --END-- [ RunTime:0.001000s ]
INFO: [ app_begin ] --START--
INFO: Run Behavior\ReadHtmlCacheBehavior [ RunTime:0.001000s ]
INFO: [ app_begin ] --END-- [ RunTime:0.001000s ]
NOTIC: [8] Undefined index: sign D:\xampp\htdocs\wemall\ThinkPHP\Application\WxPay\Controller\InterfaceController.class.php 第 37 行.
INFO: [ app_end ] --START--
INFO: Run Behavior\ShowPageTraceBehavior [ RunTime:0.000000s ]
INFO: [ app_end ] --END-- [ RunTime:0.001000s ]

[ 2015-05-07T13:32:36+08:00 ] 127.0.0.1 /wemall/WeiPHP/index.php/WxPay/Interface
INFO: [ app_init ] --START--
INFO: Run Behavior\BuildLiteBehavior [ RunTime:0.000000s ]
INFO: [ app_init ] --END-- [ RunTime:0.000000s ]
INFO: [ app_begin ] --START--
INFO: Run Behavior\ReadHtmlCacheBehavior [ RunTime:0.001000s ]
INFO: [ app_begin ] --END-- [ RunTime:0.001000s ]
NOTIC: [8] Undefined index: sign D:\xampp\htdocs\wemall\ThinkPHP\Application\WxPay\Controller\InterfaceController.class.php 第 37 行.
INFO: [ app_end ] --START--
INFO: Run Behavior\ShowPageTraceBehavior [ RunTime:0.001001s ]
INFO: [ app_end ] --END-- [ RunTime:0.001001s ]

[ 2015-05-07T13:33:16+08:00 ] 127.0.0.1 /wemall/WeiPHP/index.php/WxPay/Interface?XDEBUG_SESSION_START=netbeans-xdebug
INFO: [ app_init ] --START--
INFO: Run Behavior\BuildLiteBehavior [ RunTime:0.000000s ]
INFO: [ app_init ] --END-- [ RunTime:0.001000s ]
INFO: [ app_begin ] --START--
INFO: Run Behavior\ReadHtmlCacheBehavior [ RunTime:0.001000s ]
INFO: [ app_begin ] --END-- [ RunTime:0.002000s ]
NOTIC: [8] Undefined index: sign D:\xampp\htdocs\wemall\ThinkPHP\Application\WxPay\Controller\InterfaceController.class.php 第 37 行.
INFO: [ app_end ] --START--
INFO: Run Behavior\ShowPageTraceBehavior [ RunTime:0.001000s ]
INFO: [ app_end ] --END-- [ RunTime:0.001000s ]

[ 2015-05-07T13:34:03+08:00 ] 127.0.0.1 /wemall/WeiPHP/index.php/WxPay/Interface
INFO: [ app_init ] --START--
INFO: Run Behavior\BuildLiteBehavior [ RunTime:0.001000s ]
INFO: [ app_init ] --END-- [ RunTime:0.001000s ]
INFO: [ app_begin ] --START--
INFO: Run Behavior\ReadHtmlCacheBehavior [ RunTime:0.001000s ]
INFO: [ app_begin ] --END-- [ RunTime:0.001000s ]
INFO: [ app_end ] --START--
INFO: Run Behavior\ShowPageTraceBehavior [ RunTime:0.002000s ]
INFO: [ app_end ] --END-- [ RunTime:0.002000s ]

[ 2015-05-07T13:34:29+08:00 ] 127.0.0.1 /wemall/WeiPHP/index.php/WxPay/Interface
INFO: [ app_init ] --START--
INFO: Run Behavior\BuildLiteBehavior [ RunTime:0.000000s ]
INFO: [ app_init ] --END-- [ RunTime:0.001000s ]
INFO: [ app_begin ] --START--
INFO: Run Behavior\ReadHtmlCacheBehavior [ RunTime:0.000000s ]
INFO: [ app_begin ] --END-- [ RunTime:0.001000s ]
INFO: [ app_end ] --START--
INFO: Run Behavior\ShowPageTraceBehavior [ RunTime:0.001000s ]
INFO: [ app_end ] --END-- [ RunTime:0.001000s ]

[ 2015-05-07T13:35:04+08:00 ] 127.0.0.1 /wemall/WeiPHP/index.php/WxPay/Interface
INFO: [ app_init ] --START--
INFO: Run Behavior\BuildLiteBehavior [ RunTime:0.000000s ]
INFO: [ app_init ] --END-- [ RunTime:0.001000s ]
INFO: [ app_begin ] --START--
INFO: Run Behavior\ReadHtmlCacheBehavior [ RunTime:0.001000s ]
INFO: [ app_begin ] --END-- [ RunTime:0.002001s ]
INFO: [ app_end ] --START--
INFO: Run Behavior\ShowPageTraceBehavior [ RunTime:0.002000s ]
INFO: [ app_end ] --END-- [ RunTime:0.004000s ]

[ 2015-05-07T13:43:17+08:00 ] 127.0.0.1 /wemall/WeiPHP/index.php/WxPay/Interface?XDEBUG_SESSION_START=netbeans-xdebug
INFO: [ app_init ] --START--
INFO: Run Behavior\BuildLiteBehavior [ RunTime:0.000000s ]
INFO: [ app_init ] --END-- [ RunTime:0.001000s ]
INFO: [ app_begin ] --START--
INFO: Run Behavior\ReadHtmlCacheBehavior [ RunTime:0.001000s ]
INFO: [ app_begin ] --END-- [ RunTime:0.001000s ]
SQL: SHOW COLUMNS FROM `wemall_order_relation` [ RunTime:0.0100s ]
SQL: SELECT * FROM `wemall_order_relation` WHERE `id` = '25' AND `result_code` = 'SUCCESS' LIMIT 1   [ RunTime:0.0110s ]
SQL: UPDATE `wemall_order_relation` SET `appid`='wx15a60486abf8f053',`bank_type`='ICBC_DEBIT',`cash_fee`='1',`fee_type`='CNY',`mch_id`='1236255202',`openid`='oZuoxt8tnEUUf6YPBG-mNPYjoKQA',`out_trade_no`='25',`result_code`='SUCCESS',`time_end`='20150507133714',`total_fee`='1',`trade_type`='JSAPI',`transaction_id`='1002420415201505070114137825' WHERE `id` = '25' [ RunTime:0.0140s ]
NOTIC: [8] Undefined variable: set D:\xampp\htdocs\wemall\ThinkPHP\ThinkPHP\Library\Think\Db\Driver.class.php 第 376 行.
NOTIC: [2] implode(): Invalid arguments passed D:\xampp\htdocs\wemall\ThinkPHP\ThinkPHP\Library\Think\Db\Driver.class.php 第 376 行.
ERR: SQLSTATE[42000]: Syntax error or access violation: 1064 You have an error in your SQL syntax; check the manual that corresponds to your MySQL server version for the right syntax to use near 'WHERE `id` = '25pay_type=payt_type|1'' at line 1

[ 2015-05-07T13:43:26+08:00 ] 127.0.0.1 /wemall/WeiPHP/index.php/WxPay/Interface?XDEBUG_SESSION_START=netbeans-xdebug
INFO: [ app_init ] --START--
INFO: Run Behavior\BuildLiteBehavior [ RunTime:0.001000s ]
INFO: [ app_init ] --END-- [ RunTime:0.001000s ]
INFO: [ app_begin ] --START--
INFO: Run Behavior\ReadHtmlCacheBehavior [ RunTime:0.000000s ]
INFO: [ app_begin ] --END-- [ RunTime:0.001000s ]
SQL: SHOW COLUMNS FROM `wemall_order_relation` [ RunTime:0.0120s ]
SQL: SELECT * FROM `wemall_order_relation` WHERE `id` = '25' AND `result_code` = 'SUCCESS' LIMIT 1   [ RunTime:0.0100s ]
SQL: SHOW COLUMNS FROM `wemall_order_form` [ RunTime:0.0100s ]
SQL: SELECT * FROM `wemall_order_form` WHERE `payid` = '25' LIMIT 1   [ RunTime:0.0110s ]

[ 2015-05-07T13:45:01+08:00 ] 127.0.0.1 /wemall/WeiPHP/index.php/WxPay/Interface?XDEBUG_SESSION_START=netbeans-xdebug
INFO: [ app_init ] --START--
INFO: Run Behavior\BuildLiteBehavior [ RunTime:0.001000s ]
INFO: [ app_init ] --END-- [ RunTime:0.001000s ]
INFO: [ app_begin ] --START--
INFO: Run Behavior\ReadHtmlCacheBehavior [ RunTime:0.001000s ]
INFO: [ app_begin ] --END-- [ RunTime:0.001000s ]
SQL: SHOW COLUMNS FROM `wemall_order_relation` [ RunTime:0.0110s ]
SQL: SELECT * FROM `wemall_order_relation` WHERE `id` = '25' AND `result_code` = 'SUCCESS' LIMIT 1   [ RunTime:0.0090s ]
SQL: UPDATE `wemall_order_relation` SET `appid`='wx15a60486abf8f053',`bank_type`='ICBC_DEBIT',`cash_fee`='1',`fee_type`='CNY',`mch_id`='1236255202',`openid`='oZuoxt8tnEUUf6YPBG-mNPYjoKQA',`out_trade_no`='25',`result_code`='SUCCESS',`time_end`='20150507133714',`total_fee`='1',`trade_type`='JSAPI',`transaction_id`='1002420415201505070114137825' WHERE `id` = '25' [ RunTime:0.0090s ]
SQL: UPDATE `wemall_order_relation` SET `pay_type`='0' WHERE `id` = '25' [ RunTime:0.0150s ]
SQL: SHOW COLUMNS FROM `wemall_order_form` [ RunTime:0.0090s ]
SQL: SELECT * FROM `wemall_order_form` WHERE `payid` = '25' LIMIT 1   [ RunTime:0.0120s ]

[ 2015-05-07T13:45:17+08:00 ] 127.0.0.1 /wemall/WeiPHP/index.php/WxPay/Interface?XDEBUG_SESSION_START=netbeans-xdebug
INFO: [ app_init ] --START--
INFO: Run Behavior\BuildLiteBehavior [ RunTime:0.000000s ]
INFO: [ app_init ] --END-- [ RunTime:0.001001s ]
INFO: [ app_begin ] --START--
INFO: Run Behavior\ReadHtmlCacheBehavior [ RunTime:0.000000s ]
INFO: [ app_begin ] --END-- [ RunTime:0.001000s ]
SQL: SHOW COLUMNS FROM `wemall_order_relation` [ RunTime:0.0140s ]
SQL: SELECT * FROM `wemall_order_relation` WHERE `id` = '25' AND `result_code` = 'SUCCESS' LIMIT 1   [ RunTime:0.0090s ]
SQL: UPDATE `wemall_order_relation` SET `appid`='wx15a60486abf8f053',`bank_type`='ICBC_DEBIT',`cash_fee`='1',`fee_type`='CNY',`mch_id`='1236255202',`openid`='oZuoxt8tnEUUf6YPBG-mNPYjoKQA',`out_trade_no`='25',`result_code`='SUCCESS',`time_end`='20150507133714',`total_fee`='1',`trade_type`='JSAPI',`transaction_id`='1002420415201505070114137825' WHERE `id` = '25' [ RunTime:0.0120s ]
SQL: UPDATE `wemall_order_relation` SET `pay_type`='0' WHERE `id` = '25' [ RunTime:0.0100s ]
SQL: SHOW COLUMNS FROM `wemall_order_form` [ RunTime:0.0120s ]
SQL: SELECT * FROM `wemall_order_form` WHERE `payid` = '25' LIMIT 1   [ RunTime:0.0090s ]

[ 2015-05-07T13:46:27+08:00 ] 127.0.0.1 /wemall/WeiPHP/index.php/WxPay/Interface?XDEBUG_SESSION_START=netbeans-xdebug
INFO: [ app_init ] --START--
INFO: Run Behavior\BuildLiteBehavior [ RunTime:0.000000s ]
INFO: [ app_init ] --END-- [ RunTime:0.001000s ]
INFO: [ app_begin ] --START--
INFO: Run Behavior\ReadHtmlCacheBehavior [ RunTime:0.001000s ]
INFO: [ app_begin ] --END-- [ RunTime:0.001000s ]
SQL: SHOW COLUMNS FROM `wemall_order_relation` [ RunTime:0.0110s ]
SQL: SELECT * FROM `wemall_order_relation` WHERE `id` = '25' AND `result_code` = 'SUCCESS' LIMIT 1   [ RunTime:0.0100s ]
SQL: UPDATE `wemall_order_relation` SET `appid`='wx15a60486abf8f053',`bank_type`='ICBC_DEBIT',`cash_fee`='1',`fee_type`='CNY',`mch_id`='1236255202',`openid`='oZuoxt8tnEUUf6YPBG-mNPYjoKQA',`out_trade_no`='25',`result_code`='SUCCESS',`time_end`='20150507133714',`total_fee`='1',`trade_type`='JSAPI',`transaction_id`='1002420415201505070114137825' WHERE `id` = '25' [ RunTime:0.0090s ]
SQL: UPDATE `wemall_order_relation` SET `pay_type`='0' WHERE `id` = '25' [ RunTime:0.0100s ]
SQL: SHOW COLUMNS FROM `wemall_order_form` [ RunTime:0.0150s ]
SQL: SELECT * FROM `wemall_order_form` WHERE `payid` = '25' LIMIT 1   [ RunTime:0.0120s ]

[ 2015-05-07T13:48:59+08:00 ] 127.0.0.1 /wemall/WeiPHP/index.php/WxPay/Interface?XDEBUG_SESSION_START=netbeans-xdebug
INFO: [ app_init ] --START--
INFO: Run Behavior\BuildLiteBehavior [ RunTime:0.000000s ]
INFO: [ app_init ] --END-- [ RunTime:0.001001s ]
INFO: [ app_begin ] --START--
INFO: Run Behavior\ReadHtmlCacheBehavior [ RunTime:0.001000s ]
INFO: [ app_begin ] --END-- [ RunTime:0.001000s ]
SQL: SHOW COLUMNS FROM `wemall_order_relation` [ RunTime:0.0090s ]
SQL: SELECT * FROM `wemall_order_relation` WHERE `id` = '25' AND `result_code` = 'SUCCESS' LIMIT 1   [ RunTime:0.0080s ]
SQL: UPDATE `wemall_order_relation` SET `appid`='wx15a60486abf8f053',`bank_type`='ICBC_DEBIT',`cash_fee`='1',`fee_type`='CNY',`mch_id`='1236255202',`openid`='oZuoxt8tnEUUf6YPBG-mNPYjoKQA',`out_trade_no`='25',`result_code`='SUCCESS',`time_end`='20150507133714',`total_fee`='1',`trade_type`='JSAPI',`transaction_id`='1002420415201505070114137825',`pay_type`='1' WHERE `id` = '25' [ RunTime:0.0070s ]
SQL: SHOW COLUMNS FROM `wemall_order_form` [ RunTime:0.0110s ]
SQL: SELECT * FROM `wemall_order_form` WHERE `payid` = '25' LIMIT 1   [ RunTime:0.0140s ]

[ 2015-05-07T13:50:11+08:00 ] 127.0.0.1 /wemall/WeiPHP/index.php/WxPay/Interface?XDEBUG_SESSION_START=netbeans-xdebug
INFO: [ app_init ] --START--
INFO: Run Behavior\BuildLiteBehavior [ RunTime:0.000000s ]
INFO: [ app_init ] --END-- [ RunTime:0.001000s ]
INFO: [ app_begin ] --START--
INFO: Run Behavior\ReadHtmlCacheBehavior [ RunTime:0.001000s ]
INFO: [ app_begin ] --END-- [ RunTime:0.001000s ]
SQL: SHOW COLUMNS FROM `wemall_order_relation` [ RunTime:0.0100s ]
SQL: SELECT * FROM `wemall_order_relation` WHERE `id` = '25' AND `result_code` = 'SUCCESS' LIMIT 1   [ RunTime:0.0080s ]
SQL: SHOW COLUMNS FROM `wemall_order_form` [ RunTime:0.0150s ]
SQL: SELECT * FROM `wemall_order_form` WHERE `payid` = '25' LIMIT 1   [ RunTime:0.0090s ]
INFO: [ app_end ] --START--
INFO: Run Behavior\ShowPageTraceBehavior [ RunTime:0.001000s ]
INFO: [ app_end ] --END-- [ RunTime:0.001000s ]

[ 2015-05-07T13:53:39+08:00 ] 127.0.0.1 /wemall/WeiPHP/index.php/WxPay/Interface?XDEBUG_SESSION_START=netbeans-xdebug
INFO: [ app_init ] --START--
INFO: Run Behavior\BuildLiteBehavior [ RunTime:0.000000s ]
INFO: [ app_init ] --END-- [ RunTime:0.000000s ]
INFO: [ app_begin ] --START--
INFO: Run Behavior\ReadHtmlCacheBehavior [ RunTime:0.001001s ]
INFO: [ app_begin ] --END-- [ RunTime:0.001001s ]
SQL: SHOW COLUMNS FROM `wemall_order_relation` [ RunTime:0.0070s ]
SQL: SELECT * FROM `wemall_order_relation` WHERE `id` = '25' AND `result_code` = 'SUCCESS' LIMIT 1   [ RunTime:0.0090s ]
SQL: UPDATE `wemall_order_relation` SET `appid`='wx15a60486abf8f053',`bank_type`='ICBC_DEBIT',`cash_fee`='1',`fee_type`='CNY',`mch_id`='1236255202',`openid`='oZuoxt8tnEUUf6YPBG-mNPYjoKQA',`out_trade_no`='25',`result_code`='SUCCESS',`time_end`='20150507133714',`total_fee`='1',`trade_type`='JSAPI',`transaction_id`='1002420415201505070114137825',`pay_type`='1' WHERE `id` = '25' [ RunTime:0.0100s ]
SQL: SHOW COLUMNS FROM `wemall_order_form` [ RunTime:0.0080s ]
SQL: SELECT * FROM `wemall_order_form` WHERE `payid` = '25' LIMIT 1   [ RunTime:0.0080s ]
INFO: [ app_end ] --START--
INFO: Run Behavior\ShowPageTraceBehavior [ RunTime:0.001000s ]
INFO: [ app_end ] --END-- [ RunTime:0.002000s ]

[ 2015-05-07T13:54:17+08:00 ] 127.0.0.1 /wemall/WeiPHP/index.php/WxPay/Interface?XDEBUG_SESSION_START=netbeans-xdebug
INFO: [ app_init ] --START--
INFO: Run Behavior\BuildLiteBehavior [ RunTime:0.000000s ]
INFO: [ app_init ] --END-- [ RunTime:0.001000s ]
INFO: [ app_begin ] --START--
INFO: Run Behavior\ReadHtmlCacheBehavior [ RunTime:0.001000s ]
INFO: [ app_begin ] --END-- [ RunTime:0.001000s ]
SQL: SHOW COLUMNS FROM `wemall_order_relation` [ RunTime:0.0110s ]
SQL: SELECT * FROM `wemall_order_relation` WHERE `id` = '25' LIMIT 1   [ RunTime:0.0110s ]
SQL: SHOW COLUMNS FROM `wemall_order_form` [ RunTime:0.0100s ]
SQL: SELECT * FROM `wemall_order_form` WHERE `payid` = '25' LIMIT 1   [ RunTime:0.0110s ]
INFO: [ app_end ] --START--
INFO: Run Behavior\ShowPageTraceBehavior [ RunTime:0.001001s ]
INFO: [ app_end ] --END-- [ RunTime:0.002001s ]

[ 2015-05-07T13:54:36+08:00 ] 127.0.0.1 /wemall/WeiPHP/index.php/WxPay/Interface?XDEBUG_SESSION_START=netbeans-xdebug
INFO: [ app_init ] --START--
INFO: Run Behavior\BuildLiteBehavior [ RunTime:0.000000s ]
INFO: [ app_init ] --END-- [ RunTime:0.001000s ]
INFO: [ app_begin ] --START--
INFO: Run Behavior\ReadHtmlCacheBehavior [ RunTime:0.001000s ]
INFO: [ app_begin ] --END-- [ RunTime:0.001000s ]
SQL: SHOW COLUMNS FROM `wemall_order_relation` [ RunTime:0.0090s ]
SQL: SELECT * FROM `wemall_order_relation` WHERE `id` = '25' LIMIT 1   [ RunTime:0.0130s ]
SQL: UPDATE `wemall_order_relation` SET `appid`='wx15a60486abf8f053',`bank_type`='ICBC_DEBIT',`cash_fee`='1',`fee_type`='CNY',`mch_id`='1236255202',`openid`='oZuoxt8tnEUUf6YPBG-mNPYjoKQA',`out_trade_no`='25',`result_code`='SUCCESS',`time_end`='20150507133714',`total_fee`='1',`trade_type`='JSAPI',`transaction_id`='1002420415201505070114137825',`pay_type`='3' WHERE `id` = '25' [ RunTime:0.0100s ]
SQL: SHOW COLUMNS FROM `wemall_order_form` [ RunTime:0.0110s ]
SQL: SELECT * FROM `wemall_order_form` WHERE `payid` = '25' LIMIT 1   [ RunTime:0.0110s ]
INFO: [ app_end ] --START--
INFO: Run Behavior\ShowPageTraceBehavior [ RunTime:0.001000s ]
INFO: [ app_end ] --END-- [ RunTime:0.001000s ]

[ 2015-05-07T14:17:16+08:00 ] 127.0.0.1 /wemall/WeiPHP/index.php/WxPay/Interface?XDEBUG_SESSION_START=netbeans-xdebug
INFO: [ app_init ] --START--
INFO: Run Behavior\BuildLiteBehavior [ RunTime:0.000000s ]
INFO: [ app_init ] --END-- [ RunTime:0.001000s ]
INFO: [ app_begin ] --START--
INFO: Run Behavior\ReadHtmlCacheBehavior [ RunTime:0.000000s ]
INFO: [ app_begin ] --END-- [ RunTime:0.002000s ]
SQL: SHOW COLUMNS FROM `wemall_order_relation` [ RunTime:0.0110s ]
SQL: SELECT * FROM `wemall_order_relation` WHERE `id` = '25' LIMIT 1   [ RunTime:0.0100s ]
INFO: [ app_end ] --START--
INFO: Run Behavior\ShowPageTraceBehavior [ RunTime:0.002000s ]
INFO: [ app_end ] --END-- [ RunTime:0.003000s ]

[ 2015-05-07T14:19:18+08:00 ] 127.0.0.1 /wemall/WeiPHP/index.php/WxPay/Interface?XDEBUG_SESSION_START=netbeans-xdebug
INFO: [ app_init ] --START--
INFO: Run Behavior\BuildLiteBehavior [ RunTime:0.000000s ]
INFO: [ app_init ] --END-- [ RunTime:0.001000s ]
INFO: [ app_begin ] --START--
INFO: Run Behavior\ReadHtmlCacheBehavior [ RunTime:0.000000s ]
INFO: [ app_begin ] --END-- [ RunTime:0.001000s ]
SQL: SHOW COLUMNS FROM `wemall_order_relation` [ RunTime:0.0100s ]
SQL: SELECT * FROM `wemall_order_relation` WHERE `id` = '25' LIMIT 1   [ RunTime:0.0100s ]
SQL: SHOW COLUMNS FROM `wemall_order_form` [ RunTime:0.0120s ]
SQL: SELECT * FROM `wemall_order_form` WHERE `payid` = '25'  [ RunTime:0.0090s ]
INFO: [ app_end ] --START--
INFO: Run Behavior\ShowPageTraceBehavior [ RunTime:0.001001s ]
INFO: [ app_end ] --END-- [ RunTime:0.002001s ]

[ 2015-05-07T14:20:10+08:00 ] 127.0.0.1 /wemall/WeiPHP/index.php/WxPay/Interface?XDEBUG_SESSION_START=netbeans-xdebug
INFO: [ app_init ] --START--
INFO: Run Behavior\BuildLiteBehavior [ RunTime:0.000000s ]
INFO: [ app_init ] --END-- [ RunTime:0.000000s ]
INFO: [ app_begin ] --START--
INFO: Run Behavior\ReadHtmlCacheBehavior [ RunTime:0.000000s ]
INFO: [ app_begin ] --END-- [ RunTime:0.002000s ]
SQL: SHOW COLUMNS FROM `wemall_order_relation` [ RunTime:0.0100s ]
SQL: SELECT * FROM `wemall_order_relation` WHERE `id` = '25' LIMIT 1   [ RunTime:0.0110s ]
SQL: SHOW COLUMNS FROM `wemall_order_form` [ RunTime:0.0110s ]
SQL: SELECT * FROM `wemall_order_form` WHERE `payid` = '25'  [ RunTime:0.0100s ]
INFO: [ app_end ] --START--
INFO: Run Behavior\ShowPageTraceBehavior [ RunTime:0.001000s ]
INFO: [ app_end ] --END-- [ RunTime:0.002000s ]

[ 2015-05-07T14:20:17+08:00 ] 127.0.0.1 /wemall/WeiPHP/index.php/WxPay/Interface?XDEBUG_SESSION_START=netbeans-xdebug
INFO: [ app_init ] --START--
INFO: Run Behavior\BuildLiteBehavior [ RunTime:0.000000s ]
INFO: [ app_init ] --END-- [ RunTime:0.001000s ]
INFO: [ app_begin ] --START--
INFO: Run Behavior\ReadHtmlCacheBehavior [ RunTime:0.001000s ]
INFO: [ app_begin ] --END-- [ RunTime:0.001000s ]
SQL: SHOW COLUMNS FROM `wemall_order_relation` [ RunTime:0.0100s ]
SQL: SELECT * FROM `wemall_order_relation` WHERE `id` = '25' LIMIT 1   [ RunTime:0.0100s ]
SQL: SHOW COLUMNS FROM `wemall_order_form` [ RunTime:0.0150s ]
SQL: SELECT * FROM `wemall_order_form` WHERE `payid` = '25'  [ RunTime:0.0100s ]
SQL: UPDATE `wemall_order_form` SET `payid`='25',`userid`=NULL,`logistics_mode`='0',`logistics_number`='0',`freight`='0',`total_prices`='20',`buy_time`='0',`pay_time`='1430979617',`shipments_time`='0',`finish_time`='0',`order_status`='2',`address`='',`telephone`='',`name`='',`front_id`='',`reverse_id`='',`id_number`='',`privilege_money`='0',`openid`='oZuoxt8tnEUUf6YPBG-mNPYjoKQA',`direct_fee`='3',`line_fee`='7',`procure_source1`='',`procure_source2`=NULL,`procure_source3`=NULL,`origin_company1`=NULL,`origin_company2`=NULL,`origin_company3`=NULL,`remarks`=NULL,`receive_state`='0',`send_state`='0',`pay_state`='0',`done_state`='0' WHERE `id` = 2 [ RunTime:0.0110s ]
INFO: [ app_end ] --START--
INFO: Run Behavior\ShowPageTraceBehavior [ RunTime:0.001000s ]
INFO: [ app_end ] --END-- [ RunTime:0.001000s ]

[ 2015-05-07T14:20:48+08:00 ] 127.0.0.1 /wemall/WeiPHP/index.php/WxPay/Interface?XDEBUG_SESSION_START=netbeans-xdebug
INFO: [ app_init ] --START--
INFO: Run Behavior\BuildLiteBehavior [ RunTime:0.001000s ]
INFO: [ app_init ] --END-- [ RunTime:0.001000s ]
INFO: [ app_begin ] --START--
INFO: Run Behavior\ReadHtmlCacheBehavior [ RunTime:0.001000s ]
INFO: [ app_begin ] --END-- [ RunTime:0.001000s ]
SQL: SHOW COLUMNS FROM `wemall_order_relation` [ RunTime:0.0130s ]
SQL: SELECT * FROM `wemall_order_relation` WHERE `id` = '25' LIMIT 1   [ RunTime:0.0110s ]
SQL: SHOW COLUMNS FROM `wemall_order_form` [ RunTime:0.0130s ]
SQL: SELECT * FROM `wemall_order_form` WHERE `payid` = '25'  [ RunTime:0.0110s ]
SQL: UPDATE `wemall_order_form` SET `payid`='25',`userid`=NULL,`logistics_mode`='0',`logistics_number`='0',`freight`='0',`total_prices`='20',`buy_time`='0',`pay_time`='1430979648',`shipments_time`='0',`finish_time`='0',`order_status`='6',`address`='',`telephone`='',`name`='',`front_id`='',`reverse_id`='',`id_number`='',`privilege_money`='0',`openid`='oZuoxt8tnEUUf6YPBG-mNPYjoKQA',`direct_fee`='3',`line_fee`='7',`procure_source1`='',`procure_source2`=NULL,`procure_source3`=NULL,`origin_company1`=NULL,`origin_company2`=NULL,`origin_company3`=NULL,`remarks`=NULL,`receive_state`='0',`send_state`='0',`pay_state`='0',`done_state`='0' WHERE `id` = 2 [ RunTime:0.0100s ]
INFO: [ app_end ] --START--
INFO: Run Behavior\ShowPageTraceBehavior [ RunTime:0.001000s ]
INFO: [ app_end ] --END-- [ RunTime:0.001000s ]

