[ 2015-05-21T09:05:57+08:00 ] 127.0.0.1 /wemall/WeiPHP/admin.php/Rebate/Index/line.html
INFO: [ app_init ] --START--
INFO: Run Behavior\BuildLiteBehavior [ RunTime:0.000000s ]
INFO: [ app_init ] --END-- [ RunTime:0.001000s ]
INFO: [ app_begin ] --START--
INFO: Run Behavior\ReadHtmlCacheBehavior [ RunTime:0.001000s ]
INFO: [ app_begin ] --END-- [ RunTime:0.002000s ]
SQL: SHOW COLUMNS FROM `wemall_admin_menu` [ RunTime:0.0080s ]
SQL: SELECT * FROM `wemall_admin_menu` WHERE ( pid = 0 ) ORDER BY sort desc  [ RunTime:0.0090s ]
NOTIC: [8] Undefined variable: menuList D:\xampp\htdocs\wemall\ThinkPHP\Application\Admin\Model\AdminMenuModel.class.php 第 66 行.
NOTIC: [8] Undefined variable: menuList D:\xampp\htdocs\wemall\ThinkPHP\Application\Admin\Model\AdminMenuModel.class.php 第 66 行.
NOTIC: [8] Undefined variable: menuList D:\xampp\htdocs\wemall\ThinkPHP\Application\Admin\Model\AdminMenuModel.class.php 第 66 行.
NOTIC: [8] Undefined variable: menuList D:\xampp\htdocs\wemall\ThinkPHP\Application\Admin\Model\AdminMenuModel.class.php 第 66 行.
NOTIC: [8] Undefined variable: menuList D:\xampp\htdocs\wemall\ThinkPHP\Application\Admin\Model\AdminMenuModel.class.php 第 66 行.
NOTIC: [8] Undefined variable: menuList D:\xampp\htdocs\wemall\ThinkPHP\Application\Admin\Model\AdminMenuModel.class.php 第 66 行.
NOTIC: [8] Undefined variable: menuList D:\xampp\htdocs\wemall\ThinkPHP\Application\Admin\Model\AdminMenuModel.class.php 第 66 行.
NOTIC: [8] Undefined variable: menuList D:\xampp\htdocs\wemall\ThinkPHP\Application\Admin\Model\AdminMenuModel.class.php 第 66 行.
NOTIC: [8] Undefined variable: menuList D:\xampp\htdocs\wemall\ThinkPHP\Application\Admin\Model\AdminMenuModel.class.php 第 66 行.
NOTIC: [8] Undefined variable: menuList D:\xampp\htdocs\wemall\ThinkPHP\Application\Admin\Model\AdminMenuModel.class.php 第 66 行.
NOTIC: [8] Undefined variable: menuList D:\xampp\htdocs\wemall\ThinkPHP\Application\Admin\Model\AdminMenuModel.class.php 第 66 行.
NOTIC: [8] Use of undefined constant url - assumed 'url' D:\xampp\htdocs\wemall\ThinkPHP\Application\Admin\Controller\MenuListController.class.php 第 30 行.
NOTIC: [8] Use of undefined constant url - assumed 'url' D:\xampp\htdocs\wemall\ThinkPHP\Application\Admin\Controller\MenuListController.class.php 第 30 行.
NOTIC: [8] Use of undefined constant url - assumed 'url' D:\xampp\htdocs\wemall\ThinkPHP\Application\Admin\Controller\MenuListController.class.php 第 30 行.
NOTIC: [8] Use of undefined constant url - assumed 'url' D:\xampp\htdocs\wemall\ThinkPHP\Application\Admin\Controller\MenuListController.class.php 第 30 行.
NOTIC: [8] Use of undefined constant url - assumed 'url' D:\xampp\htdocs\wemall\ThinkPHP\Application\Admin\Controller\MenuListController.class.php 第 30 行.
NOTIC: [8] Use of undefined constant url - assumed 'url' D:\xampp\htdocs\wemall\ThinkPHP\Application\Admin\Controller\MenuListController.class.php 第 30 行.
NOTIC: [8] Use of undefined constant url - assumed 'url' D:\xampp\htdocs\wemall\ThinkPHP\Application\Admin\Controller\MenuListController.class.php 第 30 行.
NOTIC: [8] Use of undefined constant url - assumed 'url' D:\xampp\htdocs\wemall\ThinkPHP\Application\Admin\Controller\MenuListController.class.php 第 30 行.
NOTIC: [8] Use of undefined constant url - assumed 'url' D:\xampp\htdocs\wemall\ThinkPHP\Application\Admin\Controller\MenuListController.class.php 第 30 行.
NOTIC: [8] Use of undefined constant url - assumed 'url' D:\xampp\htdocs\wemall\ThinkPHP\Application\Admin\Controller\MenuListController.class.php 第 30 行.
NOTIC: [8] Use of undefined constant url - assumed 'url' D:\xampp\htdocs\wemall\ThinkPHP\Application\Admin\Controller\MenuListController.class.php 第 30 行.
SQL: SHOW COLUMNS FROM `wemall_admin_menu` [ RunTime:0.0100s ]
SQL: SELECT * FROM `wemall_admin_menu` WHERE `module` = 'Rebate' AND `controller` = 'Index' AND `action` = 'line' LIMIT 1   [ RunTime:0.0080s ]
SQL: SELECT * FROM `wemall_admin_menu` WHERE `id` = 86 LIMIT 1   [ RunTime:0.0080s ]
NOTIC: [8] Use of undefined constant pid - assumed 'pid' D:\xampp\htdocs\wemall\ThinkPHP\Application\Admin\Model\AdminMenuModel.class.php 第 44 行.
SQL: SELECT * FROM `wemall_admin_menu` WHERE `id` = 22 LIMIT 1   [ RunTime:0.0090s ]
NOTIC: [8] Use of undefined constant pid - assumed 'pid' D:\xampp\htdocs\wemall\ThinkPHP\Application\Admin\Model\AdminMenuModel.class.php 第 44 行.
SQL: SELECT * FROM `wemall_admin_menu` WHERE `id` = 19 LIMIT 1   [ RunTime:0.0110s ]
NOTIC: [8] Use of undefined constant pid - assumed 'pid' D:\xampp\htdocs\wemall\ThinkPHP\Application\Admin\Model\AdminMenuModel.class.php 第 44 行.
INFO: [ view_parse ] --START--
INFO: [ template_filter ] --START--
INFO: Run Behavior\ContentReplaceBehavior [ RunTime:0.000000s ]
INFO: [ template_filter ] --END-- [ RunTime:0.000000s ]
NOTIC: [8] Undefined index: class D:\xampp\htdocs\wemall\ThinkPHP\Application\Runtime\Cache\Rebate\bc62bb2a7402468c1e0e6ba68e4517bd.php 第 2 行.
NOTIC: [8] Undefined index: class D:\xampp\htdocs\wemall\ThinkPHP\Application\Runtime\Cache\Rebate\bc62bb2a7402468c1e0e6ba68e4517bd.php 第 2 行.
NOTIC: [8] Undefined index: class D:\xampp\htdocs\wemall\ThinkPHP\Application\Runtime\Cache\Rebate\bc62bb2a7402468c1e0e6ba68e4517bd.php 第 2 行.
NOTIC: [8] Undefined index: class D:\xampp\htdocs\wemall\ThinkPHP\Application\Runtime\Cache\Rebate\bc62bb2a7402468c1e0e6ba68e4517bd.php 第 2 行.
NOTIC: [8] Undefined index: class D:\xampp\htdocs\wemall\ThinkPHP\Application\Runtime\Cache\Rebate\bc62bb2a7402468c1e0e6ba68e4517bd.php 第 2 行.
NOTIC: [8] Undefined index: class D:\xampp\htdocs\wemall\ThinkPHP\Application\Runtime\Cache\Rebate\bc62bb2a7402468c1e0e6ba68e4517bd.php 第 2 行.
NOTIC: [8] Undefined index: class D:\xampp\htdocs\wemall\ThinkPHP\Application\Runtime\Cache\Rebate\bc62bb2a7402468c1e0e6ba68e4517bd.php 第 2 行.
NOTIC: [8] Undefined index: class D:\xampp\htdocs\wemall\ThinkPHP\Application\Runtime\Cache\Rebate\bc62bb2a7402468c1e0e6ba68e4517bd.php 第 2 行.
NOTIC: [8] Undefined index: class D:\xampp\htdocs\wemall\ThinkPHP\Application\Runtime\Cache\Rebate\bc62bb2a7402468c1e0e6ba68e4517bd.php 第 2 行.
NOTIC: [8] Undefined index: class D:\xampp\htdocs\wemall\ThinkPHP\Application\Runtime\Cache\Rebate\bc62bb2a7402468c1e0e6ba68e4517bd.php 第 2 行.
INFO: Run Behavior\ParseTemplateBehavior [ RunTime:0.017001s ]
INFO: [ view_parse ] --END-- [ RunTime:0.018001s ]
INFO: [ view_filter ] --START--
INFO: Run Behavior\WriteHtmlCacheBehavior [ RunTime:0.001000s ]
INFO: [ view_filter ] --END-- [ RunTime:0.001000s ]
SQL: SELECT * FROM `wemall_admin_menu` WHERE `module` = 'Rebate' AND `controller` = 'Index' AND `action` = 'line' LIMIT 1   [ RunTime:0.0130s ]
SQL: SELECT * FROM `wemall_admin_menu` WHERE `id` = 86 LIMIT 1   [ RunTime:0.0100s ]
NOTIC: [8] Use of undefined constant pid - assumed 'pid' D:\xampp\htdocs\wemall\ThinkPHP\Application\Admin\Model\AdminMenuModel.class.php 第 44 行.
SQL: SELECT * FROM `wemall_admin_menu` WHERE `id` = 22 LIMIT 1   [ RunTime:0.0120s ]
NOTIC: [8] Use of undefined constant pid - assumed 'pid' D:\xampp\htdocs\wemall\ThinkPHP\Application\Admin\Model\AdminMenuModel.class.php 第 44 行.
SQL: SELECT * FROM `wemall_admin_menu` WHERE `id` = 19 LIMIT 1   [ RunTime:0.0100s ]
NOTIC: [8] Use of undefined constant pid - assumed 'pid' D:\xampp\htdocs\wemall\ThinkPHP\Application\Admin\Model\AdminMenuModel.class.php 第 44 行.
SQL: SELECT * FROM `wemall_admin_menu` WHERE ( pid = 19 ) ORDER BY sort desc  [ RunTime:0.0080s ]
SQL: SELECT * FROM `wemall_admin_menu` WHERE ( pid = 24 ) ORDER BY sort desc  [ RunTime:0.0100s ]
SQL: SELECT * FROM `wemall_admin_menu` WHERE ( pid = 20 ) ORDER BY sort desc  [ RunTime:0.0100s ]
NOTIC: [8] Undefined variable: menuList D:\xampp\htdocs\wemall\ThinkPHP\Application\Admin\Model\AdminMenuModel.class.php 第 66 行.
SQL: SELECT * FROM `wemall_admin_menu` WHERE ( pid = 22 ) ORDER BY sort desc  [ RunTime:0.0090s ]
NOTIC: [8] Undefined variable: menuList D:\xampp\htdocs\wemall\ThinkPHP\Application\Admin\Model\AdminMenuModel.class.php 第 66 行.
NOTIC: [8] Undefined variable: menuList D:\xampp\htdocs\wemall\ThinkPHP\Application\Admin\Model\AdminMenuModel.class.php 第 66 行.
NOTIC: [8] Undefined variable: menuList D:\xampp\htdocs\wemall\ThinkPHP\Application\Admin\Model\AdminMenuModel.class.php 第 66 行.
NOTIC: [8] Undefined variable: menuList D:\xampp\htdocs\wemall\ThinkPHP\Application\Admin\Model\AdminMenuModel.class.php 第 66 行.
NOTIC: [8] Undefined variable: menuList D:\xampp\htdocs\wemall\ThinkPHP\Application\Admin\Model\AdminMenuModel.class.php 第 66 行.
NOTIC: [8] Undefined variable: menuList D:\xampp\htdocs\wemall\ThinkPHP\Application\Admin\Model\AdminMenuModel.class.php 第 66 行.
SQL: SELECT * FROM `wemall_admin_menu` WHERE ( pid = 26 ) ORDER BY sort desc  [ RunTime:0.0080s ]
SQL: SELECT * FROM `wemall_admin_menu` WHERE ( pid = 27 ) ORDER BY sort desc  [ RunTime:0.0090s ]
SQL: SELECT * FROM `wemall_admin_menu` WHERE ( pid = 28 ) ORDER BY sort desc  [ RunTime:0.0080s ]
SQL: SELECT * FROM `wemall_admin_menu` WHERE ( pid = 29 ) ORDER BY sort desc  [ RunTime:0.0100s ]
SQL: SELECT * FROM `wemall_admin_menu` WHERE ( pid = 46 ) ORDER BY sort desc  [ RunTime:0.0120s ]
SQL: SELECT * FROM `wemall_admin_menu` WHERE ( pid = 58 ) ORDER BY sort desc  [ RunTime:0.0090s ]
NOTIC: [8] Undefined variable: menuList D:\xampp\htdocs\wemall\ThinkPHP\Application\Admin\Model\AdminMenuModel.class.php 第 66 行.
NOTIC: [8] Undefined variable: menuList D:\xampp\htdocs\wemall\ThinkPHP\Application\Admin\Model\AdminMenuModel.class.php 第 66 行.
SQL: SELECT * FROM `wemall_admin_menu` WHERE ( pid = 59 ) ORDER BY sort desc  [ RunTime:0.0080s ]
NOTIC: [8] Undefined variable: menuList D:\xampp\htdocs\wemall\ThinkPHP\Application\Admin\Model\AdminMenuModel.class.php 第 66 行.
NOTIC: [8] Undefined variable: menuList D:\xampp\htdocs\wemall\ThinkPHP\Application\Admin\Model\AdminMenuModel.class.php 第 66 行.
SQL: SELECT * FROM `wemall_admin_menu` WHERE ( pid = 94 ) ORDER BY sort desc  [ RunTime:0.0070s ]
SQL: SELECT * FROM `wemall_admin_menu` WHERE ( pid = 93 ) ORDER BY sort desc  [ RunTime:0.0070s ]
NOTIC: [8] Undefined index: _child D:\xampp\htdocs\wemall\ThinkPHP\Application\Common\Common\function.php 第 126 行.
NOTIC: [8] Undefined index: _child D:\xampp\htdocs\wemall\ThinkPHP\Application\Common\Common\function.php 第 126 行.
NOTIC: [8] Undefined index: _child D:\xampp\htdocs\wemall\ThinkPHP\Application\Common\Common\function.php 第 126 行.
NOTIC: [8] Undefined index: _child D:\xampp\htdocs\wemall\ThinkPHP\Application\Common\Common\function.php 第 126 行.
NOTIC: [8] Undefined index: _child D:\xampp\htdocs\wemall\ThinkPHP\Application\Common\Common\function.php 第 126 行.
NOTIC: [8] Undefined index: _child D:\xampp\htdocs\wemall\ThinkPHP\Application\Common\Common\function.php 第 126 行.
NOTIC: [8] Undefined index: _child D:\xampp\htdocs\wemall\ThinkPHP\Application\Common\Common\function.php 第 126 行.
NOTIC: [8] Undefined index: _child D:\xampp\htdocs\wemall\ThinkPHP\Application\Common\Common\function.php 第 126 行.
NOTIC: [8] Undefined index: _child D:\xampp\htdocs\wemall\ThinkPHP\Application\Common\Common\function.php 第 126 行.
NOTIC: [8] Undefined index: _child D:\xampp\htdocs\wemall\ThinkPHP\Application\Common\Common\function.php 第 126 行.
NOTIC: [8] Undefined index: _child D:\xampp\htdocs\wemall\ThinkPHP\Application\Common\Common\function.php 第 126 行.
NOTIC: [8] Undefined index: _child D:\xampp\htdocs\wemall\ThinkPHP\Application\Common\Common\function.php 第 126 行.
NOTIC: [8] Undefined index: _child D:\xampp\htdocs\wemall\ThinkPHP\Application\Common\Common\function.php 第 126 行.
NOTIC: [8] Undefined index: _child D:\xampp\htdocs\wemall\ThinkPHP\Application\Common\Common\function.php 第 126 行.
NOTIC: [8] Undefined index: _child D:\xampp\htdocs\wemall\ThinkPHP\Application\Common\Common\function.php 第 126 行.
NOTIC: [8] Undefined index: _child D:\xampp\htdocs\wemall\ThinkPHP\Application\Common\Common\function.php 第 126 行.
NOTIC: [8] Undefined index: _child D:\xampp\htdocs\wemall\ThinkPHP\Application\Common\Common\function.php 第 126 行.
NOTIC: [8] Undefined index: _child D:\xampp\htdocs\wemall\ThinkPHP\Application\Common\Common\function.php 第 126 行.
NOTIC: [8] Undefined index: _child D:\xampp\htdocs\wemall\ThinkPHP\Application\Common\Common\function.php 第 126 行.
NOTIC: [8] Undefined index: _child D:\xampp\htdocs\wemall\ThinkPHP\Application\Admin\Controller\MenuListController.class.php 第 98 行.
NOTIC: [8] Undefined index: _child D:\xampp\htdocs\wemall\ThinkPHP\Application\Admin\Controller\MenuListController.class.php 第 98 行.
NOTIC: [8] Undefined index: _child D:\xampp\htdocs\wemall\ThinkPHP\Application\Admin\Controller\MenuListController.class.php 第 98 行.
NOTIC: [8] Undefined index: _child D:\xampp\htdocs\wemall\ThinkPHP\Application\Admin\Controller\MenuListController.class.php 第 98 行.
NOTIC: [8] Undefined index: _child D:\xampp\htdocs\wemall\ThinkPHP\Application\Admin\Controller\MenuListController.class.php 第 98 行.
NOTIC: [8] Undefined index: _child D:\xampp\htdocs\wemall\ThinkPHP\Application\Admin\Controller\MenuListController.class.php 第 98 行.
NOTIC: [8] Undefined index: _child D:\xampp\htdocs\wemall\ThinkPHP\Application\Admin\Controller\MenuListController.class.php 第 98 行.
NOTIC: [8] Undefined index: _child D:\xampp\htdocs\wemall\ThinkPHP\Application\Admin\Controller\MenuListController.class.php 第 98 行.
NOTIC: [8] Undefined index: _child D:\xampp\htdocs\wemall\ThinkPHP\Application\Admin\Controller\MenuListController.class.php 第 98 行.
NOTIC: [8] Undefined index: _child D:\xampp\htdocs\wemall\ThinkPHP\Application\Admin\Controller\MenuListController.class.php 第 98 行.
NOTIC: [8] Undefined index: _child D:\xampp\htdocs\wemall\ThinkPHP\Application\Admin\Controller\MenuListController.class.php 第 98 行.
SQL: SELECT * FROM `wemall_admin_menu` WHERE `module` = 'Rebate' AND `controller` = 'Index' AND `action` = 'line' LIMIT 1   [ RunTime:0.0120s ]
SQL: SHOW COLUMNS FROM `wemall_rebate` [ RunTime:0.0090s ]
SQL: SHOW COLUMNS FROM `wemall_rebate` [ RunTime:0.0090s ]
NOTIC: [8] Use of undefined constant top_money - assumed 'top_money' D:\xampp\htdocs\wemall\ThinkPHP\Application\Rebate\Model\RebateModel.class.php 第 45 行.
NOTIC: [8] Use of undefined constant type - assumed 'type' D:\xampp\htdocs\wemall\ThinkPHP\Application\Rebate\Model\RebateModel.class.php 第 46 行.
NOTIC: [8] Use of undefined constant top_money - assumed 'top_money' D:\xampp\htdocs\wemall\ThinkPHP\Application\Rebate\Model\RebateModel.class.php 第 47 行.
NOTIC: [8] Use of undefined constant type - assumed 'type' D:\xampp\htdocs\wemall\ThinkPHP\Application\Rebate\Model\RebateModel.class.php 第 48 行.
SQL: SELECT * FROM `wemall_rebate` WHERE `top_money` >= 10000 AND `type` = 0 LIMIT 1   [ RunTime:0.0100s ]
NOTIC: [8] Use of undefined constant direct_ratio - assumed 'direct_ratio' D:\xampp\htdocs\wemall\ThinkPHP\Application\Rebate\Model\RebateModel.class.php 第 50 行.
SQL: SELECT * FROM `wemall_rebate` WHERE `top_money` >= 10000 AND `type` = 1 LIMIT 1   [ RunTime:0.0080s ]
NOTIC: [8] Use of undefined constant line_ratio - assumed 'line_ratio' D:\xampp\htdocs\wemall\ThinkPHP\Application\Rebate\Model\RebateModel.class.php 第 53 行.
NOTIC: [8] Undefined variable: count D:\xampp\htdocs\wemall\ThinkPHP\Application\Rebate\Model\RebateModel.class.php 第 25 行.
NOTIC: [8] Use of undefined constant type - assumed 'type' D:\xampp\htdocs\wemall\ThinkPHP\Application\Rebate\Model\RebateModel.class.php 第 27 行.
SQL: SELECT * FROM `wemall_rebate` WHERE `type` = 1 ORDER BY top_money asc  [ RunTime:0.0080s ]
NOTIC: [8] Undefined variable: TPl D:\xampp\htdocs\wemall\ThinkPHP\Application\Rebate\Controller\IndexController.class.php 第 60 行.
INFO: [ view_parse ] --START--
INFO: [ template_filter ] --START--
INFO: Run Behavior\ContentReplaceBehavior [ RunTime:0.001000s ]
INFO: [ template_filter ] --END-- [ RunTime:-0.358021s ]
INFO: Run Behavior\ParseTemplateBehavior [ RunTime:0.029002s ]
INFO: [ view_parse ] --END-- [ RunTime:-0.338019s ]
INFO: [ view_filter ] --START--
INFO: Run Behavior\WriteHtmlCacheBehavior [ RunTime:0.000000s ]
INFO: [ view_filter ] --END-- [ RunTime:-0.365021s ]
INFO: [ view_parse ] --START--
INFO: [ template_filter ] --START--
INFO: Run Behavior\ContentReplaceBehavior [ RunTime:0.000000s ]
INFO: [ template_filter ] --END-- [ RunTime:-0.384022s ]
NOTIC: [8] Undefined variable: YZFooterJs D:\xampp\htdocs\wemall\ThinkPHP\Application\Runtime\Cache\Rebate\bbbf7050b05668fa13be77e37d2e0d3d.php 第 40 行.
INFO: Run Behavior\ParseTemplateBehavior [ RunTime:0.012001s ]
INFO: [ view_parse ] --END-- [ RunTime:-0.368021s ]
INFO: [ view_filter ] --START--
INFO: Run Behavior\WriteHtmlCacheBehavior [ RunTime:0.000000s ]
INFO: [ view_filter ] --END-- [ RunTime:-0.378022s ]
INFO: [ app_end ] --START--
INFO: Run Behavior\ShowPageTraceBehavior [ RunTime:0.001000s ]
INFO: [ app_end ] --END-- [ RunTime:0.002000s ]

[ 2015-05-21T09:06:00+08:00 ] 127.0.0.1 /wemall/WeiPHP/admin.php/Rebate/Edit/line/id/1124.html
INFO: [ app_init ] --START--
INFO: Run Behavior\BuildLiteBehavior [ RunTime:0.001000s ]
INFO: [ app_init ] --END-- [ RunTime:0.001000s ]
INFO: [ app_begin ] --START--
INFO: Run Behavior\ReadHtmlCacheBehavior [ RunTime:0.001000s ]
INFO: [ app_begin ] --END-- [ RunTime:0.001000s ]
SQL: SHOW COLUMNS FROM `wemall_admin_menu` [ RunTime:0.0110s ]
SQL: SELECT * FROM `wemall_admin_menu` WHERE ( pid = 0 ) ORDER BY sort desc  [ RunTime:0.0100s ]
NOTIC: [8] Undefined variable: menuList D:\xampp\htdocs\wemall\ThinkPHP\Application\Admin\Model\AdminMenuModel.class.php 第 66 行.
NOTIC: [8] Undefined variable: menuList D:\xampp\htdocs\wemall\ThinkPHP\Application\Admin\Model\AdminMenuModel.class.php 第 66 行.
NOTIC: [8] Undefined variable: menuList D:\xampp\htdocs\wemall\ThinkPHP\Application\Admin\Model\AdminMenuModel.class.php 第 66 行.
NOTIC: [8] Undefined variable: menuList D:\xampp\htdocs\wemall\ThinkPHP\Application\Admin\Model\AdminMenuModel.class.php 第 66 行.
NOTIC: [8] Undefined variable: menuList D:\xampp\htdocs\wemall\ThinkPHP\Application\Admin\Model\AdminMenuModel.class.php 第 66 行.
NOTIC: [8] Undefined variable: menuList D:\xampp\htdocs\wemall\ThinkPHP\Application\Admin\Model\AdminMenuModel.class.php 第 66 行.
NOTIC: [8] Undefined variable: menuList D:\xampp\htdocs\wemall\ThinkPHP\Application\Admin\Model\AdminMenuModel.class.php 第 66 行.
NOTIC: [8] Undefined variable: menuList D:\xampp\htdocs\wemall\ThinkPHP\Application\Admin\Model\AdminMenuModel.class.php 第 66 行.
NOTIC: [8] Undefined variable: menuList D:\xampp\htdocs\wemall\ThinkPHP\Application\Admin\Model\AdminMenuModel.class.php 第 66 行.
NOTIC: [8] Undefined variable: menuList D:\xampp\htdocs\wemall\ThinkPHP\Application\Admin\Model\AdminMenuModel.class.php 第 66 行.
NOTIC: [8] Undefined variable: menuList D:\xampp\htdocs\wemall\ThinkPHP\Application\Admin\Model\AdminMenuModel.class.php 第 66 行.
NOTIC: [8] Use of undefined constant url - assumed 'url' D:\xampp\htdocs\wemall\ThinkPHP\Application\Admin\Controller\MenuListController.class.php 第 30 行.
NOTIC: [8] Use of undefined constant url - assumed 'url' D:\xampp\htdocs\wemall\ThinkPHP\Application\Admin\Controller\MenuListController.class.php 第 30 行.
NOTIC: [8] Use of undefined constant url - assumed 'url' D:\xampp\htdocs\wemall\ThinkPHP\Application\Admin\Controller\MenuListController.class.php 第 30 行.
NOTIC: [8] Use of undefined constant url - assumed 'url' D:\xampp\htdocs\wemall\ThinkPHP\Application\Admin\Controller\MenuListController.class.php 第 30 行.
NOTIC: [8] Use of undefined constant url - assumed 'url' D:\xampp\htdocs\wemall\ThinkPHP\Application\Admin\Controller\MenuListController.class.php 第 30 行.
NOTIC: [8] Use of undefined constant url - assumed 'url' D:\xampp\htdocs\wemall\ThinkPHP\Application\Admin\Controller\MenuListController.class.php 第 30 行.
NOTIC: [8] Use of undefined constant url - assumed 'url' D:\xampp\htdocs\wemall\ThinkPHP\Application\Admin\Controller\MenuListController.class.php 第 30 行.
NOTIC: [8] Use of undefined constant url - assumed 'url' D:\xampp\htdocs\wemall\ThinkPHP\Application\Admin\Controller\MenuListController.class.php 第 30 行.
NOTIC: [8] Use of undefined constant url - assumed 'url' D:\xampp\htdocs\wemall\ThinkPHP\Application\Admin\Controller\MenuListController.class.php 第 30 行.
NOTIC: [8] Use of undefined constant url - assumed 'url' D:\xampp\htdocs\wemall\ThinkPHP\Application\Admin\Controller\MenuListController.class.php 第 30 行.
NOTIC: [8] Use of undefined constant url - assumed 'url' D:\xampp\htdocs\wemall\ThinkPHP\Application\Admin\Controller\MenuListController.class.php 第 30 行.
SQL: SHOW COLUMNS FROM `wemall_admin_menu` [ RunTime:0.0090s ]
SQL: SELECT * FROM `wemall_admin_menu` WHERE `module` = 'Rebate' AND `controller` = 'Edit' AND `action` = 'line' LIMIT 1   [ RunTime:0.0090s ]
SQL: SELECT * FROM `wemall_admin_menu` WHERE `id` = 87 LIMIT 1   [ RunTime:0.0100s ]
NOTIC: [8] Use of undefined constant pid - assumed 'pid' D:\xampp\htdocs\wemall\ThinkPHP\Application\Admin\Model\AdminMenuModel.class.php 第 44 行.
SQL: SELECT * FROM `wemall_admin_menu` WHERE `id` = 22 LIMIT 1   [ RunTime:0.0090s ]
NOTIC: [8] Use of undefined constant pid - assumed 'pid' D:\xampp\htdocs\wemall\ThinkPHP\Application\Admin\Model\AdminMenuModel.class.php 第 44 行.
SQL: SELECT * FROM `wemall_admin_menu` WHERE `id` = 19 LIMIT 1   [ RunTime:0.0090s ]
NOTIC: [8] Use of undefined constant pid - assumed 'pid' D:\xampp\htdocs\wemall\ThinkPHP\Application\Admin\Model\AdminMenuModel.class.php 第 44 行.
INFO: [ view_parse ] --START--
INFO: [ template_filter ] --START--
INFO: Run Behavior\ContentReplaceBehavior [ RunTime:0.001000s ]
INFO: [ template_filter ] --END-- [ RunTime:0.001000s ]
NOTIC: [8] Undefined index: class D:\xampp\htdocs\wemall\ThinkPHP\Application\Runtime\Cache\Rebate\bc62bb2a7402468c1e0e6ba68e4517bd.php 第 2 行.
NOTIC: [8] Undefined index: class D:\xampp\htdocs\wemall\ThinkPHP\Application\Runtime\Cache\Rebate\bc62bb2a7402468c1e0e6ba68e4517bd.php 第 2 行.
NOTIC: [8] Undefined index: class D:\xampp\htdocs\wemall\ThinkPHP\Application\Runtime\Cache\Rebate\bc62bb2a7402468c1e0e6ba68e4517bd.php 第 2 行.
NOTIC: [8] Undefined index: class D:\xampp\htdocs\wemall\ThinkPHP\Application\Runtime\Cache\Rebate\bc62bb2a7402468c1e0e6ba68e4517bd.php 第 2 行.
NOTIC: [8] Undefined index: class D:\xampp\htdocs\wemall\ThinkPHP\Application\Runtime\Cache\Rebate\bc62bb2a7402468c1e0e6ba68e4517bd.php 第 2 行.
NOTIC: [8] Undefined index: class D:\xampp\htdocs\wemall\ThinkPHP\Application\Runtime\Cache\Rebate\bc62bb2a7402468c1e0e6ba68e4517bd.php 第 2 行.
NOTIC: [8] Undefined index: class D:\xampp\htdocs\wemall\ThinkPHP\Application\Runtime\Cache\Rebate\bc62bb2a7402468c1e0e6ba68e4517bd.php 第 2 行.
NOTIC: [8] Undefined index: class D:\xampp\htdocs\wemall\ThinkPHP\Application\Runtime\Cache\Rebate\bc62bb2a7402468c1e0e6ba68e4517bd.php 第 2 行.
NOTIC: [8] Undefined index: class D:\xampp\htdocs\wemall\ThinkPHP\Application\Runtime\Cache\Rebate\bc62bb2a7402468c1e0e6ba68e4517bd.php 第 2 行.
NOTIC: [8] Undefined index: class D:\xampp\htdocs\wemall\ThinkPHP\Application\Runtime\Cache\Rebate\bc62bb2a7402468c1e0e6ba68e4517bd.php 第 2 行.
INFO: Run Behavior\ParseTemplateBehavior [ RunTime:0.021002s ]
INFO: [ view_parse ] --END-- [ RunTime:0.022002s ]
INFO: [ view_filter ] --START--
INFO: Run Behavior\WriteHtmlCacheBehavior [ RunTime:0.002000s ]
INFO: [ view_filter ] --END-- [ RunTime:0.002000s ]
SQL: SELECT * FROM `wemall_admin_menu` WHERE `module` = 'Rebate' AND `controller` = 'Edit' AND `action` = 'line' LIMIT 1   [ RunTime:0.0090s ]
SQL: SELECT * FROM `wemall_admin_menu` WHERE `id` = 87 LIMIT 1   [ RunTime:0.0080s ]
NOTIC: [8] Use of undefined constant pid - assumed 'pid' D:\xampp\htdocs\wemall\ThinkPHP\Application\Admin\Model\AdminMenuModel.class.php 第 44 行.
SQL: SELECT * FROM `wemall_admin_menu` WHERE `id` = 22 LIMIT 1   [ RunTime:0.0100s ]
NOTIC: [8] Use of undefined constant pid - assumed 'pid' D:\xampp\htdocs\wemall\ThinkPHP\Application\Admin\Model\AdminMenuModel.class.php 第 44 行.
SQL: SELECT * FROM `wemall_admin_menu` WHERE `id` = 19 LIMIT 1   [ RunTime:0.0090s ]
NOTIC: [8] Use of undefined constant pid - assumed 'pid' D:\xampp\htdocs\wemall\ThinkPHP\Application\Admin\Model\AdminMenuModel.class.php 第 44 行.
SQL: SELECT * FROM `wemall_admin_menu` WHERE ( pid = 19 ) ORDER BY sort desc  [ RunTime:0.0110s ]
SQL: SELECT * FROM `wemall_admin_menu` WHERE ( pid = 24 ) ORDER BY sort desc  [ RunTime:0.0090s ]
SQL: SELECT * FROM `wemall_admin_menu` WHERE ( pid = 20 ) ORDER BY sort desc  [ RunTime:0.0090s ]
NOTIC: [8] Undefined variable: menuList D:\xampp\htdocs\wemall\ThinkPHP\Application\Admin\Model\AdminMenuModel.class.php 第 66 行.
SQL: SELECT * FROM `wemall_admin_menu` WHERE ( pid = 22 ) ORDER BY sort desc  [ RunTime:0.0090s ]
NOTIC: [8] Undefined variable: menuList D:\xampp\htdocs\wemall\ThinkPHP\Application\Admin\Model\AdminMenuModel.class.php 第 66 行.
NOTIC: [8] Undefined variable: menuList D:\xampp\htdocs\wemall\ThinkPHP\Application\Admin\Model\AdminMenuModel.class.php 第 66 行.
NOTIC: [8] Undefined variable: menuList D:\xampp\htdocs\wemall\ThinkPHP\Application\Admin\Model\AdminMenuModel.class.php 第 66 行.
NOTIC: [8] Undefined variable: menuList D:\xampp\htdocs\wemall\ThinkPHP\Application\Admin\Model\AdminMenuModel.class.php 第 66 行.
NOTIC: [8] Undefined variable: menuList D:\xampp\htdocs\wemall\ThinkPHP\Application\Admin\Model\AdminMenuModel.class.php 第 66 行.
NOTIC: [8] Undefined variable: menuList D:\xampp\htdocs\wemall\ThinkPHP\Application\Admin\Model\AdminMenuModel.class.php 第 66 行.
SQL: SELECT * FROM `wemall_admin_menu` WHERE ( pid = 26 ) ORDER BY sort desc  [ RunTime:0.0090s ]
SQL: SELECT * FROM `wemall_admin_menu` WHERE ( pid = 27 ) ORDER BY sort desc  [ RunTime:0.0080s ]
SQL: SELECT * FROM `wemall_admin_menu` WHERE ( pid = 28 ) ORDER BY sort desc  [ RunTime:0.0080s ]
SQL: SELECT * FROM `wemall_admin_menu` WHERE ( pid = 29 ) ORDER BY sort desc  [ RunTime:0.0100s ]
SQL: SELECT * FROM `wemall_admin_menu` WHERE ( pid = 46 ) ORDER BY sort desc  [ RunTime:0.0080s ]
SQL: SELECT * FROM `wemall_admin_menu` WHERE ( pid = 58 ) ORDER BY sort desc  [ RunTime:0.0080s ]
NOTIC: [8] Undefined variable: menuList D:\xampp\htdocs\wemall\ThinkPHP\Application\Admin\Model\AdminMenuModel.class.php 第 66 行.
NOTIC: [8] Undefined variable: menuList D:\xampp\htdocs\wemall\ThinkPHP\Application\Admin\Model\AdminMenuModel.class.php 第 66 行.
SQL: SELECT * FROM `wemall_admin_menu` WHERE ( pid = 59 ) ORDER BY sort desc  [ RunTime:0.0090s ]
NOTIC: [8] Undefined variable: menuList D:\xampp\htdocs\wemall\ThinkPHP\Application\Admin\Model\AdminMenuModel.class.php 第 66 行.
NOTIC: [8] Undefined variable: menuList D:\xampp\htdocs\wemall\ThinkPHP\Application\Admin\Model\AdminMenuModel.class.php 第 66 行.
SQL: SELECT * FROM `wemall_admin_menu` WHERE ( pid = 94 ) ORDER BY sort desc  [ RunTime:0.0080s ]
SQL: SELECT * FROM `wemall_admin_menu` WHERE ( pid = 93 ) ORDER BY sort desc  [ RunTime:0.0090s ]
NOTIC: [8] Undefined index: _child D:\xampp\htdocs\wemall\ThinkPHP\Application\Common\Common\function.php 第 126 行.
NOTIC: [8] Undefined index: _child D:\xampp\htdocs\wemall\ThinkPHP\Application\Common\Common\function.php 第 126 行.
NOTIC: [8] Undefined index: _child D:\xampp\htdocs\wemall\ThinkPHP\Application\Common\Common\function.php 第 126 行.
NOTIC: [8] Undefined index: _child D:\xampp\htdocs\wemall\ThinkPHP\Application\Common\Common\function.php 第 126 行.
NOTIC: [8] Undefined index: _child D:\xampp\htdocs\wemall\ThinkPHP\Application\Common\Common\function.php 第 126 行.
NOTIC: [8] Undefined index: _child D:\xampp\htdocs\wemall\ThinkPHP\Application\Common\Common\function.php 第 126 行.
NOTIC: [8] Undefined index: _child D:\xampp\htdocs\wemall\ThinkPHP\Application\Common\Common\function.php 第 126 行.
NOTIC: [8] Undefined index: _child D:\xampp\htdocs\wemall\ThinkPHP\Application\Common\Common\function.php 第 126 行.
NOTIC: [8] Undefined index: _child D:\xampp\htdocs\wemall\ThinkPHP\Application\Common\Common\function.php 第 126 行.
NOTIC: [8] Undefined index: _child D:\xampp\htdocs\wemall\ThinkPHP\Application\Common\Common\function.php 第 126 行.
NOTIC: [8] Undefined index: _child D:\xampp\htdocs\wemall\ThinkPHP\Application\Common\Common\function.php 第 126 行.
NOTIC: [8] Undefined index: _child D:\xampp\htdocs\wemall\ThinkPHP\Application\Common\Common\function.php 第 126 行.
NOTIC: [8] Undefined index: _child D:\xampp\htdocs\wemall\ThinkPHP\Application\Common\Common\function.php 第 126 行.
NOTIC: [8] Undefined index: _child D:\xampp\htdocs\wemall\ThinkPHP\Application\Common\Common\function.php 第 126 行.
NOTIC: [8] Undefined index: _child D:\xampp\htdocs\wemall\ThinkPHP\Application\Common\Common\function.php 第 126 行.
NOTIC: [8] Undefined index: _child D:\xampp\htdocs\wemall\ThinkPHP\Application\Common\Common\function.php 第 126 行.
NOTIC: [8] Undefined index: _child D:\xampp\htdocs\wemall\ThinkPHP\Application\Common\Common\function.php 第 126 行.
NOTIC: [8] Undefined index: _child D:\xampp\htdocs\wemall\ThinkPHP\Application\Common\Common\function.php 第 126 行.
NOTIC: [8] Undefined index: _child D:\xampp\htdocs\wemall\ThinkPHP\Application\Common\Common\function.php 第 126 行.
NOTIC: [8] Undefined index: _child D:\xampp\htdocs\wemall\ThinkPHP\Application\Admin\Controller\MenuListController.class.php 第 98 行.
NOTIC: [8] Undefined index: _child D:\xampp\htdocs\wemall\ThinkPHP\Application\Admin\Controller\MenuListController.class.php 第 98 行.
NOTIC: [8] Undefined index: _child D:\xampp\htdocs\wemall\ThinkPHP\Application\Admin\Controller\MenuListController.class.php 第 98 行.
NOTIC: [8] Undefined index: _child D:\xampp\htdocs\wemall\ThinkPHP\Application\Admin\Controller\MenuListController.class.php 第 98 行.
NOTIC: [8] Undefined index: _child D:\xampp\htdocs\wemall\ThinkPHP\Application\Admin\Controller\MenuListController.class.php 第 98 行.
NOTIC: [8] Undefined index: _child D:\xampp\htdocs\wemall\ThinkPHP\Application\Admin\Controller\MenuListController.class.php 第 98 行.
NOTIC: [8] Undefined index: _child D:\xampp\htdocs\wemall\ThinkPHP\Application\Admin\Controller\MenuListController.class.php 第 98 行.
NOTIC: [8] Undefined index: _child D:\xampp\htdocs\wemall\ThinkPHP\Application\Admin\Controller\MenuListController.class.php 第 98 行.
NOTIC: [8] Undefined index: _child D:\xampp\htdocs\wemall\ThinkPHP\Application\Admin\Controller\MenuListController.class.php 第 98 行.
NOTIC: [8] Undefined index: _child D:\xampp\htdocs\wemall\ThinkPHP\Application\Admin\Controller\MenuListController.class.php 第 98 行.
NOTIC: [8] Undefined index: _child D:\xampp\htdocs\wemall\ThinkPHP\Application\Admin\Controller\MenuListController.class.php 第 98 行.
SQL: SELECT * FROM `wemall_admin_menu` WHERE `module` = 'Rebate' AND `controller` = 'Edit' AND `action` = 'line' LIMIT 1   [ RunTime:0.0100s ]
SQL: SHOW COLUMNS FROM `wemall_rebate` [ RunTime:0.0100s ]
SQL: SHOW COLUMNS FROM `wemall_rebate` [ RunTime:0.0090s ]
SQL: SELECT * FROM `wemall_rebate` WHERE `id` = 1124 LIMIT 1   [ RunTime:0.0120s ]
INFO: [ view_parse ] --START--
INFO: [ template_filter ] --START--
INFO: Run Behavior\ContentReplaceBehavior [ RunTime:0.000000s ]
INFO: [ template_filter ] --END-- [ RunTime:-0.325019s ]
INFO: Run Behavior\ParseTemplateBehavior [ RunTime:0.075004s ]
INFO: [ view_parse ] --END-- [ RunTime:-0.249014s ]
INFO: [ view_filter ] --START--
INFO: Run Behavior\WriteHtmlCacheBehavior [ RunTime:0.000000s ]
INFO: [ view_filter ] --END-- [ RunTime:-0.322018s ]
INFO: [ view_parse ] --START--
INFO: [ template_filter ] --START--
INFO: Run Behavior\ContentReplaceBehavior [ RunTime:0.000000s ]
INFO: [ template_filter ] --END-- [ RunTime:-0.340020s ]
NOTIC: [8] Undefined variable: YZFooterJs D:\xampp\htdocs\wemall\ThinkPHP\Application\Runtime\Cache\Rebate\bbbf7050b05668fa13be77e37d2e0d3d.php 第 40 行.
INFO: Run Behavior\ParseTemplateBehavior [ RunTime:0.014001s ]
INFO: [ view_parse ] --END-- [ RunTime:-0.325018s ]
INFO: [ view_filter ] --START--
INFO: Run Behavior\WriteHtmlCacheBehavior [ RunTime:0.000000s ]
INFO: [ view_filter ] --END-- [ RunTime:-0.337019s ]
INFO: [ app_end ] --START--
INFO: Run Behavior\ShowPageTraceBehavior [ RunTime:0.001000s ]
INFO: [ app_end ] --END-- [ RunTime:0.001000s ]

[ 2015-05-21T09:06:04+08:00 ] 127.0.0.1 /wemall/WeiPHP/admin.php/Rebate/Update/line.html
INFO: [ app_init ] --START--
INFO: Run Behavior\BuildLiteBehavior [ RunTime:0.000000s ]
INFO: [ app_init ] --END-- [ RunTime:0.000000s ]
INFO: [ app_begin ] --START--
INFO: Run Behavior\ReadHtmlCacheBehavior [ RunTime:0.001000s ]
INFO: [ app_begin ] --END-- [ RunTime:0.001000s ]
SQL: SHOW COLUMNS FROM `wemall_admin_menu` [ RunTime:0.0100s ]
SQL: SELECT * FROM `wemall_admin_menu` WHERE ( pid = 0 ) ORDER BY sort desc  [ RunTime:0.0110s ]
NOTIC: [8] Undefined variable: menuList D:\xampp\htdocs\wemall\ThinkPHP\Application\Admin\Model\AdminMenuModel.class.php 第 66 行.
NOTIC: [8] Undefined variable: menuList D:\xampp\htdocs\wemall\ThinkPHP\Application\Admin\Model\AdminMenuModel.class.php 第 66 行.
NOTIC: [8] Undefined variable: menuList D:\xampp\htdocs\wemall\ThinkPHP\Application\Admin\Model\AdminMenuModel.class.php 第 66 行.
NOTIC: [8] Undefined variable: menuList D:\xampp\htdocs\wemall\ThinkPHP\Application\Admin\Model\AdminMenuModel.class.php 第 66 行.
NOTIC: [8] Undefined variable: menuList D:\xampp\htdocs\wemall\ThinkPHP\Application\Admin\Model\AdminMenuModel.class.php 第 66 行.
NOTIC: [8] Undefined variable: menuList D:\xampp\htdocs\wemall\ThinkPHP\Application\Admin\Model\AdminMenuModel.class.php 第 66 行.
NOTIC: [8] Undefined variable: menuList D:\xampp\htdocs\wemall\ThinkPHP\Application\Admin\Model\AdminMenuModel.class.php 第 66 行.
NOTIC: [8] Undefined variable: menuList D:\xampp\htdocs\wemall\ThinkPHP\Application\Admin\Model\AdminMenuModel.class.php 第 66 行.
NOTIC: [8] Undefined variable: menuList D:\xampp\htdocs\wemall\ThinkPHP\Application\Admin\Model\AdminMenuModel.class.php 第 66 行.
NOTIC: [8] Undefined variable: menuList D:\xampp\htdocs\wemall\ThinkPHP\Application\Admin\Model\AdminMenuModel.class.php 第 66 行.
NOTIC: [8] Undefined variable: menuList D:\xampp\htdocs\wemall\ThinkPHP\Application\Admin\Model\AdminMenuModel.class.php 第 66 行.
NOTIC: [8] Use of undefined constant url - assumed 'url' D:\xampp\htdocs\wemall\ThinkPHP\Application\Admin\Controller\MenuListController.class.php 第 30 行.
NOTIC: [8] Use of undefined constant url - assumed 'url' D:\xampp\htdocs\wemall\ThinkPHP\Application\Admin\Controller\MenuListController.class.php 第 30 行.
NOTIC: [8] Use of undefined constant url - assumed 'url' D:\xampp\htdocs\wemall\ThinkPHP\Application\Admin\Controller\MenuListController.class.php 第 30 行.
NOTIC: [8] Use of undefined constant url - assumed 'url' D:\xampp\htdocs\wemall\ThinkPHP\Application\Admin\Controller\MenuListController.class.php 第 30 行.
NOTIC: [8] Use of undefined constant url - assumed 'url' D:\xampp\htdocs\wemall\ThinkPHP\Application\Admin\Controller\MenuListController.class.php 第 30 行.
NOTIC: [8] Use of undefined constant url - assumed 'url' D:\xampp\htdocs\wemall\ThinkPHP\Application\Admin\Controller\MenuListController.class.php 第 30 行.
NOTIC: [8] Use of undefined constant url - assumed 'url' D:\xampp\htdocs\wemall\ThinkPHP\Application\Admin\Controller\MenuListController.class.php 第 30 行.
NOTIC: [8] Use of undefined constant url - assumed 'url' D:\xampp\htdocs\wemall\ThinkPHP\Application\Admin\Controller\MenuListController.class.php 第 30 行.
NOTIC: [8] Use of undefined constant url - assumed 'url' D:\xampp\htdocs\wemall\ThinkPHP\Application\Admin\Controller\MenuListController.class.php 第 30 行.
NOTIC: [8] Use of undefined constant url - assumed 'url' D:\xampp\htdocs\wemall\ThinkPHP\Application\Admin\Controller\MenuListController.class.php 第 30 行.
NOTIC: [8] Use of undefined constant url - assumed 'url' D:\xampp\htdocs\wemall\ThinkPHP\Application\Admin\Controller\MenuListController.class.php 第 30 行.
SQL: SHOW COLUMNS FROM `wemall_admin_menu` [ RunTime:0.0100s ]
SQL: SELECT * FROM `wemall_admin_menu` WHERE `module` = 'Rebate' AND `controller` = 'Update' AND `action` = 'line' LIMIT 1   [ RunTime:0.0110s ]
SQL: SELECT * FROM `wemall_admin_menu` WHERE `module` = 'Rebate' AND `controller` = 'Update' AND `action` = 'line' LIMIT 1   [ RunTime:0.0100s ]
SQL: SELECT * FROM `wemall_admin_menu` WHERE `module` = 'Rebate' AND `controller` = 'Update' AND `action` = 'line' LIMIT 1   [ RunTime:0.0090s ]
SQL: SHOW COLUMNS FROM `wemall_rebate` [ RunTime:0.0100s ]
SQL: SHOW COLUMNS FROM `wemall_rebate` [ RunTime:0.0100s ]
NOTIC: [8] Use of undefined constant id - assumed 'id' D:\xampp\htdocs\wemall\ThinkPHP\Application\Rebate\Model\RebateModel.class.php 第 107 行.
NOTIC: [8] Use of undefined constant top_money - assumed 'top_money' D:\xampp\htdocs\wemall\ThinkPHP\Application\Rebate\Model\RebateModel.class.php 第 108 行.
NOTIC: [8] Use of undefined constant line_ratio - assumed 'line_ratio' D:\xampp\htdocs\wemall\ThinkPHP\Application\Rebate\Model\RebateModel.class.php 第 109 行.
SQL: UPDATE `wemall_rebate` SET `top_money`='0',`line_ratio`='0.1' WHERE `id` = 1124 [ RunTime:0.0110s ]
INFO: [ app_end ] --START--
INFO: Run Behavior\ShowPageTraceBehavior [ RunTime:0.001000s ]
INFO: [ app_end ] --END-- [ RunTime:0.001000s ]

[ 2015-05-21T09:06:05+08:00 ] 127.0.0.1 /wemall/WeiPHP/admin.php/Rebate/Index/line.html
INFO: [ app_init ] --START--
INFO: Run Behavior\BuildLiteBehavior [ RunTime:0.000000s ]
INFO: [ app_init ] --END-- [ RunTime:0.001001s ]
INFO: [ app_begin ] --START--
INFO: Run Behavior\ReadHtmlCacheBehavior [ RunTime:0.001000s ]
INFO: [ app_begin ] --END-- [ RunTime:0.001000s ]
SQL: SHOW COLUMNS FROM `wemall_admin_menu` [ RunTime:0.0100s ]
SQL: SELECT * FROM `wemall_admin_menu` WHERE ( pid = 0 ) ORDER BY sort desc  [ RunTime:0.0100s ]
NOTIC: [8] Undefined variable: menuList D:\xampp\htdocs\wemall\ThinkPHP\Application\Admin\Model\AdminMenuModel.class.php 第 66 行.
NOTIC: [8] Undefined variable: menuList D:\xampp\htdocs\wemall\ThinkPHP\Application\Admin\Model\AdminMenuModel.class.php 第 66 行.
NOTIC: [8] Undefined variable: menuList D:\xampp\htdocs\wemall\ThinkPHP\Application\Admin\Model\AdminMenuModel.class.php 第 66 行.
NOTIC: [8] Undefined variable: menuList D:\xampp\htdocs\wemall\ThinkPHP\Application\Admin\Model\AdminMenuModel.class.php 第 66 行.
NOTIC: [8] Undefined variable: menuList D:\xampp\htdocs\wemall\ThinkPHP\Application\Admin\Model\AdminMenuModel.class.php 第 66 行.
NOTIC: [8] Undefined variable: menuList D:\xampp\htdocs\wemall\ThinkPHP\Application\Admin\Model\AdminMenuModel.class.php 第 66 行.
NOTIC: [8] Undefined variable: menuList D:\xampp\htdocs\wemall\ThinkPHP\Application\Admin\Model\AdminMenuModel.class.php 第 66 行.
NOTIC: [8] Undefined variable: menuList D:\xampp\htdocs\wemall\ThinkPHP\Application\Admin\Model\AdminMenuModel.class.php 第 66 行.
NOTIC: [8] Undefined variable: menuList D:\xampp\htdocs\wemall\ThinkPHP\Application\Admin\Model\AdminMenuModel.class.php 第 66 行.
NOTIC: [8] Undefined variable: menuList D:\xampp\htdocs\wemall\ThinkPHP\Application\Admin\Model\AdminMenuModel.class.php 第 66 行.
NOTIC: [8] Undefined variable: menuList D:\xampp\htdocs\wemall\ThinkPHP\Application\Admin\Model\AdminMenuModel.class.php 第 66 行.
NOTIC: [8] Use of undefined constant url - assumed 'url' D:\xampp\htdocs\wemall\ThinkPHP\Application\Admin\Controller\MenuListController.class.php 第 30 行.
NOTIC: [8] Use of undefined constant url - assumed 'url' D:\xampp\htdocs\wemall\ThinkPHP\Application\Admin\Controller\MenuListController.class.php 第 30 行.
NOTIC: [8] Use of undefined constant url - assumed 'url' D:\xampp\htdocs\wemall\ThinkPHP\Application\Admin\Controller\MenuListController.class.php 第 30 行.
NOTIC: [8] Use of undefined constant url - assumed 'url' D:\xampp\htdocs\wemall\ThinkPHP\Application\Admin\Controller\MenuListController.class.php 第 30 行.
NOTIC: [8] Use of undefined constant url - assumed 'url' D:\xampp\htdocs\wemall\ThinkPHP\Application\Admin\Controller\MenuListController.class.php 第 30 行.
NOTIC: [8] Use of undefined constant url - assumed 'url' D:\xampp\htdocs\wemall\ThinkPHP\Application\Admin\Controller\MenuListController.class.php 第 30 行.
NOTIC: [8] Use of undefined constant url - assumed 'url' D:\xampp\htdocs\wemall\ThinkPHP\Application\Admin\Controller\MenuListController.class.php 第 30 行.
NOTIC: [8] Use of undefined constant url - assumed 'url' D:\xampp\htdocs\wemall\ThinkPHP\Application\Admin\Controller\MenuListController.class.php 第 30 行.
NOTIC: [8] Use of undefined constant url - assumed 'url' D:\xampp\htdocs\wemall\ThinkPHP\Application\Admin\Controller\MenuListController.class.php 第 30 行.
NOTIC: [8] Use of undefined constant url - assumed 'url' D:\xampp\htdocs\wemall\ThinkPHP\Application\Admin\Controller\MenuListController.class.php 第 30 行.
NOTIC: [8] Use of undefined constant url - assumed 'url' D:\xampp\htdocs\wemall\ThinkPHP\Application\Admin\Controller\MenuListController.class.php 第 30 行.
SQL: SHOW COLUMNS FROM `wemall_admin_menu` [ RunTime:0.0090s ]
SQL: SELECT * FROM `wemall_admin_menu` WHERE `module` = 'Rebate' AND `controller` = 'Index' AND `action` = 'line' LIMIT 1   [ RunTime:0.0120s ]
SQL: SELECT * FROM `wemall_admin_menu` WHERE `id` = 86 LIMIT 1   [ RunTime:0.0070s ]
NOTIC: [8] Use of undefined constant pid - assumed 'pid' D:\xampp\htdocs\wemall\ThinkPHP\Application\Admin\Model\AdminMenuModel.class.php 第 44 行.
SQL: SELECT * FROM `wemall_admin_menu` WHERE `id` = 22 LIMIT 1   [ RunTime:0.0110s ]
NOTIC: [8] Use of undefined constant pid - assumed 'pid' D:\xampp\htdocs\wemall\ThinkPHP\Application\Admin\Model\AdminMenuModel.class.php 第 44 行.
SQL: SELECT * FROM `wemall_admin_menu` WHERE `id` = 19 LIMIT 1   [ RunTime:0.0080s ]
NOTIC: [8] Use of undefined constant pid - assumed 'pid' D:\xampp\htdocs\wemall\ThinkPHP\Application\Admin\Model\AdminMenuModel.class.php 第 44 行.
INFO: [ view_parse ] --START--
INFO: [ template_filter ] --START--
INFO: Run Behavior\ContentReplaceBehavior [ RunTime:0.000000s ]
INFO: [ template_filter ] --END-- [ RunTime:0.000000s ]
NOTIC: [8] Undefined index: class D:\xampp\htdocs\wemall\ThinkPHP\Application\Runtime\Cache\Rebate\bc62bb2a7402468c1e0e6ba68e4517bd.php 第 2 行.
NOTIC: [8] Undefined index: class D:\xampp\htdocs\wemall\ThinkPHP\Application\Runtime\Cache\Rebate\bc62bb2a7402468c1e0e6ba68e4517bd.php 第 2 行.
NOTIC: [8] Undefined index: class D:\xampp\htdocs\wemall\ThinkPHP\Application\Runtime\Cache\Rebate\bc62bb2a7402468c1e0e6ba68e4517bd.php 第 2 行.
NOTIC: [8] Undefined index: class D:\xampp\htdocs\wemall\ThinkPHP\Application\Runtime\Cache\Rebate\bc62bb2a7402468c1e0e6ba68e4517bd.php 第 2 行.
NOTIC: [8] Undefined index: class D:\xampp\htdocs\wemall\ThinkPHP\Application\Runtime\Cache\Rebate\bc62bb2a7402468c1e0e6ba68e4517bd.php 第 2 行.
NOTIC: [8] Undefined index: class D:\xampp\htdocs\wemall\ThinkPHP\Application\Runtime\Cache\Rebate\bc62bb2a7402468c1e0e6ba68e4517bd.php 第 2 行.
NOTIC: [8] Undefined index: class D:\xampp\htdocs\wemall\ThinkPHP\Application\Runtime\Cache\Rebate\bc62bb2a7402468c1e0e6ba68e4517bd.php 第 2 行.
NOTIC: [8] Undefined index: class D:\xampp\htdocs\wemall\ThinkPHP\Application\Runtime\Cache\Rebate\bc62bb2a7402468c1e0e6ba68e4517bd.php 第 2 行.
NOTIC: [8] Undefined index: class D:\xampp\htdocs\wemall\ThinkPHP\Application\Runtime\Cache\Rebate\bc62bb2a7402468c1e0e6ba68e4517bd.php 第 2 行.
NOTIC: [8] Undefined index: class D:\xampp\htdocs\wemall\ThinkPHP\Application\Runtime\Cache\Rebate\bc62bb2a7402468c1e0e6ba68e4517bd.php 第 2 行.
INFO: Run Behavior\ParseTemplateBehavior [ RunTime:0.032002s ]
INFO: [ view_parse ] --END-- [ RunTime:0.034002s ]
INFO: [ view_filter ] --START--
INFO: Run Behavior\WriteHtmlCacheBehavior [ RunTime:0.000000s ]
INFO: [ view_filter ] --END-- [ RunTime:0.000000s ]
SQL: SELECT * FROM `wemall_admin_menu` WHERE `module` = 'Rebate' AND `controller` = 'Index' AND `action` = 'line' LIMIT 1   [ RunTime:0.0150s ]
SQL: SELECT * FROM `wemall_admin_menu` WHERE `id` = 86 LIMIT 1   [ RunTime:0.0100s ]
NOTIC: [8] Use of undefined constant pid - assumed 'pid' D:\xampp\htdocs\wemall\ThinkPHP\Application\Admin\Model\AdminMenuModel.class.php 第 44 行.
SQL: SELECT * FROM `wemall_admin_menu` WHERE `id` = 22 LIMIT 1   [ RunTime:0.0080s ]
NOTIC: [8] Use of undefined constant pid - assumed 'pid' D:\xampp\htdocs\wemall\ThinkPHP\Application\Admin\Model\AdminMenuModel.class.php 第 44 行.
SQL: SELECT * FROM `wemall_admin_menu` WHERE `id` = 19 LIMIT 1   [ RunTime:0.0080s ]
NOTIC: [8] Use of undefined constant pid - assumed 'pid' D:\xampp\htdocs\wemall\ThinkPHP\Application\Admin\Model\AdminMenuModel.class.php 第 44 行.
SQL: SELECT * FROM `wemall_admin_menu` WHERE ( pid = 19 ) ORDER BY sort desc  [ RunTime:0.0090s ]
SQL: SELECT * FROM `wemall_admin_menu` WHERE ( pid = 24 ) ORDER BY sort desc  [ RunTime:0.0080s ]
SQL: SELECT * FROM `wemall_admin_menu` WHERE ( pid = 20 ) ORDER BY sort desc  [ RunTime:0.0110s ]
NOTIC: [8] Undefined variable: menuList D:\xampp\htdocs\wemall\ThinkPHP\Application\Admin\Model\AdminMenuModel.class.php 第 66 行.
SQL: SELECT * FROM `wemall_admin_menu` WHERE ( pid = 22 ) ORDER BY sort desc  [ RunTime:0.0140s ]
NOTIC: [8] Undefined variable: menuList D:\xampp\htdocs\wemall\ThinkPHP\Application\Admin\Model\AdminMenuModel.class.php 第 66 行.
NOTIC: [8] Undefined variable: menuList D:\xampp\htdocs\wemall\ThinkPHP\Application\Admin\Model\AdminMenuModel.class.php 第 66 行.
NOTIC: [8] Undefined variable: menuList D:\xampp\htdocs\wemall\ThinkPHP\Application\Admin\Model\AdminMenuModel.class.php 第 66 行.
NOTIC: [8] Undefined variable: menuList D:\xampp\htdocs\wemall\ThinkPHP\Application\Admin\Model\AdminMenuModel.class.php 第 66 行.
NOTIC: [8] Undefined variable: menuList D:\xampp\htdocs\wemall\ThinkPHP\Application\Admin\Model\AdminMenuModel.class.php 第 66 行.
NOTIC: [8] Undefined variable: menuList D:\xampp\htdocs\wemall\ThinkPHP\Application\Admin\Model\AdminMenuModel.class.php 第 66 行.
SQL: SELECT * FROM `wemall_admin_menu` WHERE ( pid = 26 ) ORDER BY sort desc  [ RunTime:0.0070s ]
SQL: SELECT * FROM `wemall_admin_menu` WHERE ( pid = 27 ) ORDER BY sort desc  [ RunTime:0.0090s ]
SQL: SELECT * FROM `wemall_admin_menu` WHERE ( pid = 28 ) ORDER BY sort desc  [ RunTime:0.0080s ]
SQL: SELECT * FROM `wemall_admin_menu` WHERE ( pid = 29 ) ORDER BY sort desc  [ RunTime:0.0090s ]
SQL: SELECT * FROM `wemall_admin_menu` WHERE ( pid = 46 ) ORDER BY sort desc  [ RunTime:0.0080s ]
SQL: SELECT * FROM `wemall_admin_menu` WHERE ( pid = 58 ) ORDER BY sort desc  [ RunTime:0.0080s ]
NOTIC: [8] Undefined variable: menuList D:\xampp\htdocs\wemall\ThinkPHP\Application\Admin\Model\AdminMenuModel.class.php 第 66 行.
NOTIC: [8] Undefined variable: menuList D:\xampp\htdocs\wemall\ThinkPHP\Application\Admin\Model\AdminMenuModel.class.php 第 66 行.
SQL: SELECT * FROM `wemall_admin_menu` WHERE ( pid = 59 ) ORDER BY sort desc  [ RunTime:0.0090s ]
NOTIC: [8] Undefined variable: menuList D:\xampp\htdocs\wemall\ThinkPHP\Application\Admin\Model\AdminMenuModel.class.php 第 66 行.
NOTIC: [8] Undefined variable: menuList D:\xampp\htdocs\wemall\ThinkPHP\Application\Admin\Model\AdminMenuModel.class.php 第 66 行.
SQL: SELECT * FROM `wemall_admin_menu` WHERE ( pid = 94 ) ORDER BY sort desc  [ RunTime:0.0080s ]
SQL: SELECT * FROM `wemall_admin_menu` WHERE ( pid = 93 ) ORDER BY sort desc  [ RunTime:0.0090s ]
NOTIC: [8] Undefined index: _child D:\xampp\htdocs\wemall\ThinkPHP\Application\Common\Common\function.php 第 126 行.
NOTIC: [8] Undefined index: _child D:\xampp\htdocs\wemall\ThinkPHP\Application\Common\Common\function.php 第 126 行.
NOTIC: [8] Undefined index: _child D:\xampp\htdocs\wemall\ThinkPHP\Application\Common\Common\function.php 第 126 行.
NOTIC: [8] Undefined index: _child D:\xampp\htdocs\wemall\ThinkPHP\Application\Common\Common\function.php 第 126 行.
NOTIC: [8] Undefined index: _child D:\xampp\htdocs\wemall\ThinkPHP\Application\Common\Common\function.php 第 126 行.
NOTIC: [8] Undefined index: _child D:\xampp\htdocs\wemall\ThinkPHP\Application\Common\Common\function.php 第 126 行.
NOTIC: [8] Undefined index: _child D:\xampp\htdocs\wemall\ThinkPHP\Application\Common\Common\function.php 第 126 行.
NOTIC: [8] Undefined index: _child D:\xampp\htdocs\wemall\ThinkPHP\Application\Common\Common\function.php 第 126 行.
NOTIC: [8] Undefined index: _child D:\xampp\htdocs\wemall\ThinkPHP\Application\Common\Common\function.php 第 126 行.
NOTIC: [8] Undefined index: _child D:\xampp\htdocs\wemall\ThinkPHP\Application\Common\Common\function.php 第 126 行.
NOTIC: [8] Undefined index: _child D:\xampp\htdocs\wemall\ThinkPHP\Application\Common\Common\function.php 第 126 行.
NOTIC: [8] Undefined index: _child D:\xampp\htdocs\wemall\ThinkPHP\Application\Common\Common\function.php 第 126 行.
NOTIC: [8] Undefined index: _child D:\xampp\htdocs\wemall\ThinkPHP\Application\Common\Common\function.php 第 126 行.
NOTIC: [8] Undefined index: _child D:\xampp\htdocs\wemall\ThinkPHP\Application\Common\Common\function.php 第 126 行.
NOTIC: [8] Undefined index: _child D:\xampp\htdocs\wemall\ThinkPHP\Application\Common\Common\function.php 第 126 行.
NOTIC: [8] Undefined index: _child D:\xampp\htdocs\wemall\ThinkPHP\Application\Common\Common\function.php 第 126 行.
NOTIC: [8] Undefined index: _child D:\xampp\htdocs\wemall\ThinkPHP\Application\Common\Common\function.php 第 126 行.
NOTIC: [8] Undefined index: _child D:\xampp\htdocs\wemall\ThinkPHP\Application\Common\Common\function.php 第 126 行.
NOTIC: [8] Undefined index: _child D:\xampp\htdocs\wemall\ThinkPHP\Application\Common\Common\function.php 第 126 行.
NOTIC: [8] Undefined index: _child D:\xampp\htdocs\wemall\ThinkPHP\Application\Admin\Controller\MenuListController.class.php 第 98 行.
NOTIC: [8] Undefined index: _child D:\xampp\htdocs\wemall\ThinkPHP\Application\Admin\Controller\MenuListController.class.php 第 98 行.
NOTIC: [8] Undefined index: _child D:\xampp\htdocs\wemall\ThinkPHP\Application\Admin\Controller\MenuListController.class.php 第 98 行.
NOTIC: [8] Undefined index: _child D:\xampp\htdocs\wemall\ThinkPHP\Application\Admin\Controller\MenuListController.class.php 第 98 行.
NOTIC: [8] Undefined index: _child D:\xampp\htdocs\wemall\ThinkPHP\Application\Admin\Controller\MenuListController.class.php 第 98 行.
NOTIC: [8] Undefined index: _child D:\xampp\htdocs\wemall\ThinkPHP\Application\Admin\Controller\MenuListController.class.php 第 98 行.
NOTIC: [8] Undefined index: _child D:\xampp\htdocs\wemall\ThinkPHP\Application\Admin\Controller\MenuListController.class.php 第 98 行.
NOTIC: [8] Undefined index: _child D:\xampp\htdocs\wemall\ThinkPHP\Application\Admin\Controller\MenuListController.class.php 第 98 行.
NOTIC: [8] Undefined index: _child D:\xampp\htdocs\wemall\ThinkPHP\Application\Admin\Controller\MenuListController.class.php 第 98 行.
NOTIC: [8] Undefined index: _child D:\xampp\htdocs\wemall\ThinkPHP\Application\Admin\Controller\MenuListController.class.php 第 98 行.
NOTIC: [8] Undefined index: _child D:\xampp\htdocs\wemall\ThinkPHP\Application\Admin\Controller\MenuListController.class.php 第 98 行.
SQL: SELECT * FROM `wemall_admin_menu` WHERE `module` = 'Rebate' AND `controller` = 'Index' AND `action` = 'line' LIMIT 1   [ RunTime:0.0080s ]
SQL: SHOW COLUMNS FROM `wemall_rebate` [ RunTime:0.0090s ]
SQL: SHOW COLUMNS FROM `wemall_rebate` [ RunTime:0.0090s ]
NOTIC: [8] Use of undefined constant top_money - assumed 'top_money' D:\xampp\htdocs\wemall\ThinkPHP\Application\Rebate\Model\RebateModel.class.php 第 45 行.
NOTIC: [8] Use of undefined constant type - assumed 'type' D:\xampp\htdocs\wemall\ThinkPHP\Application\Rebate\Model\RebateModel.class.php 第 46 行.
NOTIC: [8] Use of undefined constant top_money - assumed 'top_money' D:\xampp\htdocs\wemall\ThinkPHP\Application\Rebate\Model\RebateModel.class.php 第 47 行.
NOTIC: [8] Use of undefined constant type - assumed 'type' D:\xampp\htdocs\wemall\ThinkPHP\Application\Rebate\Model\RebateModel.class.php 第 48 行.
SQL: SELECT * FROM `wemall_rebate` WHERE `top_money` >= 10000 AND `type` = 0 LIMIT 1   [ RunTime:0.0100s ]
NOTIC: [8] Use of undefined constant direct_ratio - assumed 'direct_ratio' D:\xampp\htdocs\wemall\ThinkPHP\Application\Rebate\Model\RebateModel.class.php 第 50 行.
SQL: SELECT * FROM `wemall_rebate` WHERE `top_money` >= 10000 AND `type` = 1 LIMIT 1   [ RunTime:0.0080s ]
NOTIC: [8] Use of undefined constant line_ratio - assumed 'line_ratio' D:\xampp\htdocs\wemall\ThinkPHP\Application\Rebate\Model\RebateModel.class.php 第 53 行.
NOTIC: [8] Undefined variable: count D:\xampp\htdocs\wemall\ThinkPHP\Application\Rebate\Model\RebateModel.class.php 第 25 行.
NOTIC: [8] Use of undefined constant type - assumed 'type' D:\xampp\htdocs\wemall\ThinkPHP\Application\Rebate\Model\RebateModel.class.php 第 27 行.
SQL: SELECT * FROM `wemall_rebate` WHERE `type` = 1 ORDER BY top_money asc  [ RunTime:0.0080s ]
NOTIC: [8] Undefined variable: TPl D:\xampp\htdocs\wemall\ThinkPHP\Application\Rebate\Controller\IndexController.class.php 第 60 行.
INFO: [ view_parse ] --START--
INFO: [ template_filter ] --START--
INFO: Run Behavior\ContentReplaceBehavior [ RunTime:0.000000s ]
INFO: [ template_filter ] --END-- [ RunTime:-0.276016s ]
INFO: Run Behavior\ParseTemplateBehavior [ RunTime:0.007000s ]
INFO: [ view_parse ] --END-- [ RunTime:-0.268016s ]
INFO: [ view_filter ] --START--
INFO: Run Behavior\WriteHtmlCacheBehavior [ RunTime:0.001000s ]
INFO: [ view_filter ] --END-- [ RunTime:-0.275016s ]
INFO: [ view_parse ] --START--
INFO: [ template_filter ] --START--
INFO: Run Behavior\ContentReplaceBehavior [ RunTime:0.001000s ]
INFO: [ template_filter ] --END-- [ RunTime:-0.289017s ]
NOTIC: [8] Undefined variable: YZFooterJs D:\xampp\htdocs\wemall\ThinkPHP\Application\Runtime\Cache\Rebate\bbbf7050b05668fa13be77e37d2e0d3d.php 第 40 行.
INFO: Run Behavior\ParseTemplateBehavior [ RunTime:0.012001s ]
INFO: [ view_parse ] --END-- [ RunTime:-0.276016s ]
INFO: [ view_filter ] --START--
INFO: Run Behavior\WriteHtmlCacheBehavior [ RunTime:0.000000s ]
INFO: [ view_filter ] --END-- [ RunTime:-0.288017s ]
INFO: [ app_end ] --START--
INFO: Run Behavior\ShowPageTraceBehavior [ RunTime:0.009000s ]
INFO: [ app_end ] --END-- [ RunTime:0.009000s ]

