[ 2015-04-17T14:07:09+08:00 ] 127.0.0.1 /wemall/WeiPHP/admin.php/goods/Index/index.html
INFO: [ app_init ] --START--
INFO: Run Behavior\BuildLiteBehavior [ RunTime:0.000000s ]
INFO: [ app_init ] --END-- [ RunTime:0.000000s ]
INFO: [ app_begin ] --START--
INFO: Run Behavior\ReadHtmlCacheBehavior [ RunTime:0.010000s ]
INFO: [ app_begin ] --END-- [ RunTime:0.010000s ]
INFO: [ view_parse ] --START--
INFO: [ template_filter ] --START--
INFO: Run Behavior\ContentReplaceBehavior [ RunTime:0.000000s ]
INFO: [ template_filter ] --END-- [ RunTime:0.000000s ]
INFO: Run Behavior\ParseTemplateBehavior [ RunTime:0.005000s ]
INFO: [ view_parse ] --END-- [ RunTime:0.005000s ]
INFO: [ view_filter ] --START--
INFO: Run Behavior\WriteHtmlCacheBehavior [ RunTime:0.000000s ]
INFO: [ view_filter ] --END-- [ RunTime:0.000000s ]
SQL: SHOW COLUMNS FROM `wemall_admin_menu` [ RunTime:0.0070s ]
SQL: SELECT * FROM `wemall_admin_menu` WHERE ( pid = 0 ) ORDER BY sort desc  [ RunTime:0.0070s ]
NOTIC: [8] Undefined variable: menuList D:\xampp\htdocs\wemall\ThinkPHP\Application\Admin\Model\AdminMenuModel.class.php 第 32 行.
NOTIC: [8] Undefined variable: menuList D:\xampp\htdocs\wemall\ThinkPHP\Application\Admin\Model\AdminMenuModel.class.php 第 32 行.
NOTIC: [8] Undefined variable: menuList D:\xampp\htdocs\wemall\ThinkPHP\Application\Admin\Model\AdminMenuModel.class.php 第 32 行.
NOTIC: [8] Undefined variable: menuList D:\xampp\htdocs\wemall\ThinkPHP\Application\Admin\Model\AdminMenuModel.class.php 第 32 行.
NOTIC: [8] Undefined variable: menuList D:\xampp\htdocs\wemall\ThinkPHP\Application\Admin\Model\AdminMenuModel.class.php 第 32 行.
NOTIC: [8] Undefined variable: menuList D:\xampp\htdocs\wemall\ThinkPHP\Application\Admin\Model\AdminMenuModel.class.php 第 32 行.
NOTIC: [8] Undefined variable: menuList D:\xampp\htdocs\wemall\ThinkPHP\Application\Admin\Model\AdminMenuModel.class.php 第 32 行.
NOTIC: [8] Undefined variable: menuList D:\xampp\htdocs\wemall\ThinkPHP\Application\Admin\Model\AdminMenuModel.class.php 第 32 行.
NOTIC: [8] Undefined variable: menuList D:\xampp\htdocs\wemall\ThinkPHP\Application\Admin\Model\AdminMenuModel.class.php 第 32 行.
NOTIC: [8] Undefined variable: menuList D:\xampp\htdocs\wemall\ThinkPHP\Application\Admin\Model\AdminMenuModel.class.php 第 32 行.
NOTIC: [8] Undefined variable: menuList D:\xampp\htdocs\wemall\ThinkPHP\Application\Admin\Model\AdminMenuModel.class.php 第 32 行.
INFO: [ view_parse ] --START--
INFO: [ template_filter ] --START--
INFO: Run Behavior\ContentReplaceBehavior [ RunTime:0.000000s ]
INFO: [ template_filter ] --END-- [ RunTime:-0.073003s ]
INFO: Run Behavior\ParseTemplateBehavior [ RunTime:0.014001s ]
INFO: [ view_parse ] --END-- [ RunTime:-0.073003s ]
INFO: [ view_filter ] --START--
INFO: Run Behavior\WriteHtmlCacheBehavior [ RunTime:0.000000s ]
INFO: [ view_filter ] --END-- [ RunTime:-0.088004s ]
NOTIC: [8] Undefined variable: subMenu D:\xampp\htdocs\wemall\ThinkPHP\Application\Admin\Controller\AdminController.class.php 第 45 行.
SQL: SHOW COLUMNS FROM `wemall_goods` [ RunTime:0.0060s ]
INFO: [ app_end ] --START--
INFO: Run Behavior\ShowPageTraceBehavior [ RunTime:0.001000s ]
INFO: [ app_end ] --END-- [ RunTime:0.002000s ]

[ 2015-04-17T14:07:23+08:00 ] 127.0.0.1 /wemall/WeiPHP/admin.php/goods/Index/index.html
INFO: [ app_init ] --START--
INFO: Run Behavior\BuildLiteBehavior [ RunTime:0.000000s ]
INFO: [ app_init ] --END-- [ RunTime:0.001000s ]
INFO: [ app_begin ] --START--
INFO: Run Behavior\ReadHtmlCacheBehavior [ RunTime:0.000000s ]
INFO: [ app_begin ] --END-- [ RunTime:0.002000s ]
INFO: [ view_parse ] --START--
INFO: [ template_filter ] --START--
INFO: Run Behavior\ContentReplaceBehavior [ RunTime:0.000000s ]
INFO: [ template_filter ] --END-- [ RunTime:0.000000s ]
INFO: Run Behavior\ParseTemplateBehavior [ RunTime:0.004000s ]
INFO: [ view_parse ] --END-- [ RunTime:0.004000s ]
INFO: [ view_filter ] --START--
INFO: Run Behavior\WriteHtmlCacheBehavior [ RunTime:0.000000s ]
INFO: [ view_filter ] --END-- [ RunTime:0.000000s ]
SQL: SHOW COLUMNS FROM `wemall_admin_menu` [ RunTime:0.0070s ]
SQL: SELECT * FROM `wemall_admin_menu` WHERE ( pid = 0 ) ORDER BY sort desc  [ RunTime:0.0070s ]
NOTIC: [8] Undefined variable: menuList D:\xampp\htdocs\wemall\ThinkPHP\Application\Admin\Model\AdminMenuModel.class.php 第 32 行.
NOTIC: [8] Undefined variable: menuList D:\xampp\htdocs\wemall\ThinkPHP\Application\Admin\Model\AdminMenuModel.class.php 第 32 行.
NOTIC: [8] Undefined variable: menuList D:\xampp\htdocs\wemall\ThinkPHP\Application\Admin\Model\AdminMenuModel.class.php 第 32 行.
NOTIC: [8] Undefined variable: menuList D:\xampp\htdocs\wemall\ThinkPHP\Application\Admin\Model\AdminMenuModel.class.php 第 32 行.
NOTIC: [8] Undefined variable: menuList D:\xampp\htdocs\wemall\ThinkPHP\Application\Admin\Model\AdminMenuModel.class.php 第 32 行.
NOTIC: [8] Undefined variable: menuList D:\xampp\htdocs\wemall\ThinkPHP\Application\Admin\Model\AdminMenuModel.class.php 第 32 行.
NOTIC: [8] Undefined variable: menuList D:\xampp\htdocs\wemall\ThinkPHP\Application\Admin\Model\AdminMenuModel.class.php 第 32 行.
NOTIC: [8] Undefined variable: menuList D:\xampp\htdocs\wemall\ThinkPHP\Application\Admin\Model\AdminMenuModel.class.php 第 32 行.
NOTIC: [8] Undefined variable: menuList D:\xampp\htdocs\wemall\ThinkPHP\Application\Admin\Model\AdminMenuModel.class.php 第 32 行.
NOTIC: [8] Undefined variable: menuList D:\xampp\htdocs\wemall\ThinkPHP\Application\Admin\Model\AdminMenuModel.class.php 第 32 行.
NOTIC: [8] Undefined variable: menuList D:\xampp\htdocs\wemall\ThinkPHP\Application\Admin\Model\AdminMenuModel.class.php 第 32 行.
INFO: [ view_parse ] --START--
INFO: [ template_filter ] --START--
INFO: Run Behavior\ContentReplaceBehavior [ RunTime:0.000000s ]
INFO: [ template_filter ] --END-- [ RunTime:-0.075003s ]
INFO: Run Behavior\ParseTemplateBehavior [ RunTime:0.014000s ]
INFO: [ view_parse ] --END-- [ RunTime:-0.064003s ]
INFO: [ view_filter ] --START--
INFO: Run Behavior\WriteHtmlCacheBehavior [ RunTime:0.000000s ]
INFO: [ view_filter ] --END-- [ RunTime:-0.079003s ]
NOTIC: [8] Undefined variable: subMenu D:\xampp\htdocs\wemall\ThinkPHP\Application\Admin\Controller\AdminController.class.php 第 45 行.
SQL: SHOW COLUMNS FROM `wemall_goods` [ RunTime:0.0000s ]
INFO: [ app_end ] --START--
INFO: Run Behavior\ShowPageTraceBehavior [ RunTime:0.010000s ]
INFO: [ app_end ] --END-- [ RunTime:0.010000s ]

[ 2015-04-17T14:07:36+08:00 ] 127.0.0.1 /wemall/WeiPHP/admin.php/goods/Index/index.html
INFO: [ app_init ] --START--
INFO: Run Behavior\BuildLiteBehavior [ RunTime:0.000000s ]
INFO: [ app_init ] --END-- [ RunTime:0.001000s ]
INFO: [ app_begin ] --START--
INFO: Run Behavior\ReadHtmlCacheBehavior [ RunTime:0.001000s ]
INFO: [ app_begin ] --END-- [ RunTime:0.002000s ]
INFO: [ view_parse ] --START--
INFO: [ template_filter ] --START--
INFO: Run Behavior\ContentReplaceBehavior [ RunTime:0.000000s ]
INFO: [ template_filter ] --END-- [ RunTime:0.001000s ]
INFO: Run Behavior\ParseTemplateBehavior [ RunTime:0.009000s ]
INFO: [ view_parse ] --END-- [ RunTime:0.010000s ]
INFO: [ view_filter ] --START--
INFO: Run Behavior\WriteHtmlCacheBehavior [ RunTime:0.001000s ]
INFO: [ view_filter ] --END-- [ RunTime:0.001000s ]
SQL: SHOW COLUMNS FROM `wemall_admin_menu` [ RunTime:0.0150s ]
SQL: SELECT * FROM `wemall_admin_menu` WHERE ( pid = 0 ) ORDER BY sort desc  [ RunTime:0.0070s ]
NOTIC: [8] Undefined variable: menuList D:\xampp\htdocs\wemall\ThinkPHP\Application\Admin\Model\AdminMenuModel.class.php 第 32 行.
NOTIC: [8] Undefined variable: menuList D:\xampp\htdocs\wemall\ThinkPHP\Application\Admin\Model\AdminMenuModel.class.php 第 32 行.
NOTIC: [8] Undefined variable: menuList D:\xampp\htdocs\wemall\ThinkPHP\Application\Admin\Model\AdminMenuModel.class.php 第 32 行.
NOTIC: [8] Undefined variable: menuList D:\xampp\htdocs\wemall\ThinkPHP\Application\Admin\Model\AdminMenuModel.class.php 第 32 行.
NOTIC: [8] Undefined variable: menuList D:\xampp\htdocs\wemall\ThinkPHP\Application\Admin\Model\AdminMenuModel.class.php 第 32 行.
NOTIC: [8] Undefined variable: menuList D:\xampp\htdocs\wemall\ThinkPHP\Application\Admin\Model\AdminMenuModel.class.php 第 32 行.
NOTIC: [8] Undefined variable: menuList D:\xampp\htdocs\wemall\ThinkPHP\Application\Admin\Model\AdminMenuModel.class.php 第 32 行.
NOTIC: [8] Undefined variable: menuList D:\xampp\htdocs\wemall\ThinkPHP\Application\Admin\Model\AdminMenuModel.class.php 第 32 行.
NOTIC: [8] Undefined variable: menuList D:\xampp\htdocs\wemall\ThinkPHP\Application\Admin\Model\AdminMenuModel.class.php 第 32 行.
NOTIC: [8] Undefined variable: menuList D:\xampp\htdocs\wemall\ThinkPHP\Application\Admin\Model\AdminMenuModel.class.php 第 32 行.
NOTIC: [8] Undefined variable: menuList D:\xampp\htdocs\wemall\ThinkPHP\Application\Admin\Model\AdminMenuModel.class.php 第 32 行.
INFO: [ view_parse ] --START--
INFO: [ template_filter ] --START--
INFO: Run Behavior\ContentReplaceBehavior [ RunTime:0.000000s ]
INFO: [ template_filter ] --END-- [ RunTime:-0.064002s ]
INFO: Run Behavior\ParseTemplateBehavior [ RunTime:0.007000s ]
INFO: [ view_parse ] --END-- [ RunTime:-0.058002s ]
INFO: [ view_filter ] --START--
INFO: Run Behavior\WriteHtmlCacheBehavior [ RunTime:0.000000s ]
INFO: [ view_filter ] --END-- [ RunTime:-0.064002s ]
NOTIC: [8] Undefined variable: subMenu D:\xampp\htdocs\wemall\ThinkPHP\Application\Admin\Controller\AdminController.class.php 第 45 行.
SQL: SHOW COLUMNS FROM `wemall_goods` [ RunTime:0.0060s ]
INFO: [ app_end ] --START--
INFO: Run Behavior\ShowPageTraceBehavior [ RunTime:0.000000s ]
INFO: [ app_end ] --END-- [ RunTime:0.000000s ]

[ 2015-04-17T14:07:50+08:00 ] 127.0.0.1 /wemall/WeiPHP/admin.php/goods/Index/index.html
INFO: [ app_init ] --START--
INFO: Run Behavior\BuildLiteBehavior [ RunTime:0.000000s ]
INFO: [ app_init ] --END-- [ RunTime:0.000000s ]
INFO: [ app_begin ] --START--
INFO: Run Behavior\ReadHtmlCacheBehavior [ RunTime:0.000000s ]
INFO: [ app_begin ] --END-- [ RunTime:0.000000s ]
INFO: [ view_parse ] --START--
INFO: [ template_filter ] --START--
INFO: Run Behavior\ContentReplaceBehavior [ RunTime:0.000000s ]
INFO: [ template_filter ] --END-- [ RunTime:0.001000s ]
INFO: Run Behavior\ParseTemplateBehavior [ RunTime:0.015001s ]
INFO: [ view_parse ] --END-- [ RunTime:0.019001s ]
INFO: [ view_filter ] --START--
INFO: Run Behavior\WriteHtmlCacheBehavior [ RunTime:0.001000s ]
INFO: [ view_filter ] --END-- [ RunTime:0.001000s ]
SQL: SHOW COLUMNS FROM `wemall_admin_menu` [ RunTime:0.0080s ]
SQL: SELECT * FROM `wemall_admin_menu` WHERE ( pid = 0 ) ORDER BY sort desc  [ RunTime:0.0100s ]
NOTIC: [8] Undefined variable: menuList D:\xampp\htdocs\wemall\ThinkPHP\Application\Admin\Model\AdminMenuModel.class.php 第 32 行.
NOTIC: [8] Undefined variable: menuList D:\xampp\htdocs\wemall\ThinkPHP\Application\Admin\Model\AdminMenuModel.class.php 第 32 行.
NOTIC: [8] Undefined variable: menuList D:\xampp\htdocs\wemall\ThinkPHP\Application\Admin\Model\AdminMenuModel.class.php 第 32 行.
NOTIC: [8] Undefined variable: menuList D:\xampp\htdocs\wemall\ThinkPHP\Application\Admin\Model\AdminMenuModel.class.php 第 32 行.
NOTIC: [8] Undefined variable: menuList D:\xampp\htdocs\wemall\ThinkPHP\Application\Admin\Model\AdminMenuModel.class.php 第 32 行.
NOTIC: [8] Undefined variable: menuList D:\xampp\htdocs\wemall\ThinkPHP\Application\Admin\Model\AdminMenuModel.class.php 第 32 行.
NOTIC: [8] Undefined variable: menuList D:\xampp\htdocs\wemall\ThinkPHP\Application\Admin\Model\AdminMenuModel.class.php 第 32 行.
NOTIC: [8] Undefined variable: menuList D:\xampp\htdocs\wemall\ThinkPHP\Application\Admin\Model\AdminMenuModel.class.php 第 32 行.
NOTIC: [8] Undefined variable: menuList D:\xampp\htdocs\wemall\ThinkPHP\Application\Admin\Model\AdminMenuModel.class.php 第 32 行.
NOTIC: [8] Undefined variable: menuList D:\xampp\htdocs\wemall\ThinkPHP\Application\Admin\Model\AdminMenuModel.class.php 第 32 行.
NOTIC: [8] Undefined variable: menuList D:\xampp\htdocs\wemall\ThinkPHP\Application\Admin\Model\AdminMenuModel.class.php 第 32 行.
INFO: [ view_parse ] --START--
INFO: [ template_filter ] --START--
INFO: Run Behavior\ContentReplaceBehavior [ RunTime:0.000000s ]
INFO: [ template_filter ] --END-- [ RunTime:-0.581027s ]
INFO: Run Behavior\ParseTemplateBehavior [ RunTime:0.000000s ]
INFO: [ view_parse ] --END-- [ RunTime:-0.564026s ]
INFO: [ view_filter ] --START--
INFO: Run Behavior\WriteHtmlCacheBehavior [ RunTime:0.000000s ]
INFO: [ view_filter ] --END-- [ RunTime:-0.573026s ]
NOTIC: [8] Undefined variable: subMenu D:\xampp\htdocs\wemall\ThinkPHP\Application\Admin\Controller\AdminController.class.php 第 45 行.
SQL: SHOW COLUMNS FROM `wemall_goods` [ RunTime:0.0170s ]
INFO: [ app_end ] --START--
INFO: Run Behavior\ShowPageTraceBehavior [ RunTime:0.002001s ]
INFO: [ app_end ] --END-- [ RunTime:0.002001s ]

