[ 2015-05-04T09:53:15+08:00 ] 127.0.0.1 /wemall/WeiPHP/index.php/Goods/GoodsDetail/index.html?goodsId=26
INFO: [ app_init ] --START--
INFO: Run Behavior\BuildLiteBehavior [ RunTime:0.000000s ]
INFO: [ app_init ] --END-- [ RunTime:0.000000s ]
INFO: [ app_begin ] --START--
INFO: Run Behavior\ReadHtmlCacheBehavior [ RunTime:0.001000s ]
INFO: [ app_begin ] --END-- [ RunTime:0.002000s ]
INFO: [ view_parse ] --START--
INFO: [ template_filter ] --START--
INFO: Run Behavior\ContentReplaceBehavior [ RunTime:0.000000s ]
INFO: [ template_filter ] --END-- [ RunTime:0.000000s ]
INFO: Run Behavior\ParseTemplateBehavior [ RunTime:0.004001s ]
INFO: [ view_parse ] --END-- [ RunTime:0.004001s ]
INFO: [ view_filter ] --START--
INFO: Run Behavior\WriteHtmlCacheBehavior [ RunTime:0.001000s ]
INFO: [ view_filter ] --END-- [ RunTime:0.001000s ]
INFO: [ view_parse ] --START--
INFO: [ template_filter ] --START--
INFO: Run Behavior\ContentReplaceBehavior [ RunTime:0.000000s ]
INFO: [ template_filter ] --END-- [ RunTime:-0.011001s ]
NOTIC: [8] Undefined variable: title D:\xampp\htdocs\wemall\ThinkPHP\Application\Runtime\Cache\Goods\6a9d4bb8722b787fff46b70aadfff4b4.php 第 4 行.
INFO: Run Behavior\ParseTemplateBehavior [ RunTime:0.007000s ]
INFO: [ view_parse ] --END-- [ RunTime:-0.002000s ]
INFO: [ view_filter ] --START--
INFO: Run Behavior\WriteHtmlCacheBehavior [ RunTime:0.000000s ]
INFO: [ view_filter ] --END-- [ RunTime:-0.008000s ]
SQL: SHOW COLUMNS FROM `wemall_config` [ RunTime:0.0090s ]
SQL: SELECT `value` FROM `wemall_config` WHERE ( id=67 ) LIMIT 1   [ RunTime:0.0090s ]
SQL: SELECT `value` FROM `wemall_config` WHERE ( id=68 ) LIMIT 1   [ RunTime:0.0100s ]
INFO: [ view_parse ] --START--
INFO: [ template_filter ] --START--
INFO: Run Behavior\ContentReplaceBehavior [ RunTime:0.000000s ]
INFO: [ template_filter ] --END-- [ RunTime:-0.106005s ]
INFO: Run Behavior\ParseTemplateBehavior [ RunTime:0.011000s ]
INFO: [ view_parse ] --END-- [ RunTime:-0.095004s ]
INFO: [ view_filter ] --START--
INFO: Run Behavior\WriteHtmlCacheBehavior [ RunTime:0.000000s ]
INFO: [ view_filter ] --END-- [ RunTime:-0.105004s ]
SQL: SHOW COLUMNS FROM `wemall_goods` [ RunTime:0.0140s ]
SQL: SELECT * FROM `wemall_goods` WHERE ( id = 26 ) LIMIT 1   [ RunTime:0.0100s ]
SQL: SHOW COLUMNS FROM `wemall_attachment` [ RunTime:0.0090s ]
SQL: SELECT * FROM `wemall_attachment` WHERE `id` = 0  [ RunTime:0.0090s ]
NOTIC: [8] Undefined offset: 0 D:\xampp\htdocs\wemall\ThinkPHP\Application\Home\Model\AttachmentModel.class.php 第 44 行.
NOTIC: [8] Undefined offset: 0 D:\xampp\htdocs\wemall\ThinkPHP\Application\Home\Model\AttachmentModel.class.php 第 44 行.
NOTIC: [8] Undefined offset: 0 D:\xampp\htdocs\wemall\ThinkPHP\Application\Home\Model\AttachmentModel.class.php 第 45 行.
INFO: [ view_parse ] --START--
INFO: [ template_filter ] --START--
INFO: Run Behavior\ContentReplaceBehavior [ RunTime:0.000000s ]
INFO: [ template_filter ] --END-- [ RunTime:-0.177008s ]
NOTIC: [8] Undefined variable: rootPath D:\xampp\htdocs\wemall\ThinkPHP\Application\Runtime\Cache\Goods\0983c8e75ae36a9e8af1f5dfc72527fe.php 第 54 行.
NOTIC: [8] Undefined index: transportation_expenses D:\xampp\htdocs\wemall\ThinkPHP\Application\Runtime\Cache\Goods\0983c8e75ae36a9e8af1f5dfc72527fe.php 第 68 行.
NOTIC: [8] Undefined index: transportation_expenses D:\xampp\htdocs\wemall\ThinkPHP\Application\Runtime\Cache\Goods\0983c8e75ae36a9e8af1f5dfc72527fe.php 第 71 行.
INFO: Run Behavior\ParseTemplateBehavior [ RunTime:0.019000s ]
INFO: [ view_parse ] --END-- [ RunTime:-0.166007s ]
INFO: [ view_filter ] --START--
INFO: Run Behavior\WriteHtmlCacheBehavior [ RunTime:0.000000s ]
INFO: [ view_filter ] --END-- [ RunTime:-0.184007s ]
INFO: [ view_parse ] --START--
INFO: [ template_filter ] --START--
INFO: Run Behavior\ContentReplaceBehavior [ RunTime:0.000000s ]
INFO: [ template_filter ] --END-- [ RunTime:-0.187008s ]
NOTIC: [8] Undefined variable: YZTitle D:\xampp\htdocs\wemall\ThinkPHP\Application\Runtime\Cache\Goods\f64d738dec9062ca568444d9a07e17dd.php 第 9 行.
INFO: Run Behavior\ParseTemplateBehavior [ RunTime:0.011000s ]
INFO: [ view_parse ] --END-- [ RunTime:-0.185007s ]
INFO: [ view_filter ] --START--
INFO: Run Behavior\WriteHtmlCacheBehavior [ RunTime:0.000000s ]
INFO: [ view_filter ] --END-- [ RunTime:-0.195007s ]
INFO: [ app_end ] --START--
INFO: Run Behavior\ShowPageTraceBehavior [ RunTime:0.001001s ]
INFO: [ app_end ] --END-- [ RunTime:0.001001s ]

[ 2015-05-04T09:57:55+08:00 ] 127.0.0.1 /wemall/WeiPHP/index.php/Goods/GoodsDetail/index.html?goodsId=7
INFO: [ app_init ] --START--
INFO: Run Behavior\BuildLiteBehavior [ RunTime:0.000000s ]
INFO: [ app_init ] --END-- [ RunTime:0.001000s ]
INFO: [ app_begin ] --START--
INFO: Run Behavior\ReadHtmlCacheBehavior [ RunTime:0.000000s ]
INFO: [ app_begin ] --END-- [ RunTime:0.001000s ]
INFO: [ view_parse ] --START--
INFO: [ template_filter ] --START--
INFO: Run Behavior\ContentReplaceBehavior [ RunTime:0.000000s ]
INFO: [ template_filter ] --END-- [ RunTime:0.000000s ]
INFO: Run Behavior\ParseTemplateBehavior [ RunTime:0.004000s ]
INFO: [ view_parse ] --END-- [ RunTime:0.004000s ]
INFO: [ view_filter ] --START--
INFO: Run Behavior\WriteHtmlCacheBehavior [ RunTime:0.000000s ]
INFO: [ view_filter ] --END-- [ RunTime:0.001000s ]
SQL: SHOW COLUMNS FROM `wemall_config` [ RunTime:0.0120s ]
SQL: SELECT `value` FROM `wemall_config` WHERE ( id=67 ) LIMIT 1   [ RunTime:0.0090s ]
SQL: SELECT `value` FROM `wemall_config` WHERE ( id=68 ) LIMIT 1   [ RunTime:0.0120s ]
INFO: [ view_parse ] --START--
INFO: [ template_filter ] --START--
INFO: Run Behavior\ContentReplaceBehavior [ RunTime:0.001000s ]
INFO: [ template_filter ] --END-- [ RunTime:-0.095006s ]
INFO: Run Behavior\ParseTemplateBehavior [ RunTime:0.006001s ]
INFO: [ view_parse ] --END-- [ RunTime:-0.090005s ]
INFO: [ view_filter ] --START--
INFO: Run Behavior\WriteHtmlCacheBehavior [ RunTime:0.000000s ]
INFO: [ view_filter ] --END-- [ RunTime:-0.095006s ]
SQL: SHOW COLUMNS FROM `wemall_goods` [ RunTime:0.0110s ]
SQL: SELECT * FROM `wemall_goods` WHERE ( id = 7 ) LIMIT 1   [ RunTime:0.0110s ]
SQL: SHOW COLUMNS FROM `wemall_attachment` [ RunTime:0.0130s ]
SQL: SELECT * FROM `wemall_attachment` WHERE `id` = 15  [ RunTime:0.0120s ]
SQL: SELECT * FROM `wemall_attachment` WHERE `id` = 16  [ RunTime:0.0120s ]
SQL: SELECT * FROM `wemall_attachment` WHERE `id` = 17  [ RunTime:0.0110s ]
INFO: [ view_parse ] --START--
INFO: [ template_filter ] --START--
INFO: Run Behavior\ContentReplaceBehavior [ RunTime:0.000000s ]
INFO: [ template_filter ] --END-- [ RunTime:-0.182011s ]
NOTIC: [8] Undefined variable: rootPath D:\xampp\htdocs\wemall\ThinkPHP\Application\Runtime\Cache\Goods\0983c8e75ae36a9e8af1f5dfc72527fe.php 第 54 行.
NOTIC: [8] Undefined index: transportation_expenses D:\xampp\htdocs\wemall\ThinkPHP\Application\Runtime\Cache\Goods\0983c8e75ae36a9e8af1f5dfc72527fe.php 第 68 行.
NOTIC: [8] Undefined index: transportation_expenses D:\xampp\htdocs\wemall\ThinkPHP\Application\Runtime\Cache\Goods\0983c8e75ae36a9e8af1f5dfc72527fe.php 第 71 行.
INFO: Run Behavior\ParseTemplateBehavior [ RunTime:0.011001s ]
INFO: [ view_parse ] --END-- [ RunTime:-0.174010s ]
INFO: [ view_filter ] --START--
INFO: Run Behavior\WriteHtmlCacheBehavior [ RunTime:0.000000s ]
INFO: [ view_filter ] --END-- [ RunTime:-0.184011s ]
INFO: [ view_parse ] --START--
INFO: [ template_filter ] --START--
INFO: Run Behavior\ContentReplaceBehavior [ RunTime:0.000000s ]
INFO: [ template_filter ] --END-- [ RunTime:-0.194011s ]
NOTIC: [8] Undefined variable: YZTitle D:\xampp\htdocs\wemall\ThinkPHP\Application\Runtime\Cache\Goods\f64d738dec9062ca568444d9a07e17dd.php 第 9 行.
NOTIC: [8] Undefined variable: header D:\xampp\htdocs\wemall\ThinkPHP\Application\Runtime\Cache\Goods\f64d738dec9062ca568444d9a07e17dd.php 第 16 行.
INFO: Run Behavior\ParseTemplateBehavior [ RunTime:0.010001s ]
INFO: [ view_parse ] --END-- [ RunTime:-0.186011s ]
INFO: [ view_filter ] --START--
INFO: Run Behavior\WriteHtmlCacheBehavior [ RunTime:0.000000s ]
INFO: [ view_filter ] --END-- [ RunTime:-0.195012s ]
INFO: [ app_end ] --START--
INFO: Run Behavior\ShowPageTraceBehavior [ RunTime:0.001000s ]
INFO: [ app_end ] --END-- [ RunTime:0.001000s ]

[ 2015-05-04T09:57:56+08:00 ] 127.0.0.1 /wemall/WeiPHP/index.php/Goods/GoodsDetail/index.html?goodsId=7
INFO: [ app_init ] --START--
INFO: Run Behavior\BuildLiteBehavior [ RunTime:0.000000s ]
INFO: [ app_init ] --END-- [ RunTime:0.001000s ]
INFO: [ app_begin ] --START--
INFO: Run Behavior\ReadHtmlCacheBehavior [ RunTime:0.001000s ]
INFO: [ app_begin ] --END-- [ RunTime:0.001000s ]
INFO: [ view_parse ] --START--
INFO: [ template_filter ] --START--
INFO: Run Behavior\ContentReplaceBehavior [ RunTime:0.001000s ]
INFO: [ template_filter ] --END-- [ RunTime:0.001000s ]
INFO: Run Behavior\ParseTemplateBehavior [ RunTime:0.006001s ]
INFO: [ view_parse ] --END-- [ RunTime:0.007001s ]
INFO: [ view_filter ] --START--
INFO: Run Behavior\WriteHtmlCacheBehavior [ RunTime:0.001000s ]
INFO: [ view_filter ] --END-- [ RunTime:0.002000s ]
SQL: SHOW COLUMNS FROM `wemall_config` [ RunTime:0.0120s ]
SQL: SELECT `value` FROM `wemall_config` WHERE ( id=67 ) LIMIT 1   [ RunTime:0.0100s ]
SQL: SELECT `value` FROM `wemall_config` WHERE ( id=68 ) LIMIT 1   [ RunTime:0.0100s ]
INFO: [ view_parse ] --START--
INFO: [ template_filter ] --START--
INFO: Run Behavior\ContentReplaceBehavior [ RunTime:0.000000s ]
INFO: [ template_filter ] --END-- [ RunTime:-0.094006s ]
INFO: Run Behavior\ParseTemplateBehavior [ RunTime:0.005000s ]
INFO: [ view_parse ] --END-- [ RunTime:-0.087004s ]
INFO: [ view_filter ] --START--
INFO: Run Behavior\WriteHtmlCacheBehavior [ RunTime:0.000000s ]
INFO: [ view_filter ] --END-- [ RunTime:-0.092005s ]
SQL: SHOW COLUMNS FROM `wemall_goods` [ RunTime:0.0110s ]
SQL: SELECT * FROM `wemall_goods` WHERE ( id = 7 ) LIMIT 1   [ RunTime:0.0110s ]
SQL: SHOW COLUMNS FROM `wemall_attachment` [ RunTime:0.0090s ]
SQL: SELECT * FROM `wemall_attachment` WHERE `id` = 15  [ RunTime:0.0110s ]
SQL: SELECT * FROM `wemall_attachment` WHERE `id` = 16  [ RunTime:0.0110s ]
SQL: SELECT * FROM `wemall_attachment` WHERE `id` = 17  [ RunTime:0.0100s ]
INFO: [ view_parse ] --START--
INFO: [ template_filter ] --START--
INFO: Run Behavior\ContentReplaceBehavior [ RunTime:0.000000s ]
INFO: [ template_filter ] --END-- [ RunTime:-0.178011s ]
NOTIC: [8] Undefined variable: rootPath D:\xampp\htdocs\wemall\ThinkPHP\Application\Runtime\Cache\Goods\0983c8e75ae36a9e8af1f5dfc72527fe.php 第 54 行.
NOTIC: [8] Undefined index: transportation_expenses D:\xampp\htdocs\wemall\ThinkPHP\Application\Runtime\Cache\Goods\0983c8e75ae36a9e8af1f5dfc72527fe.php 第 68 行.
NOTIC: [8] Undefined index: transportation_expenses D:\xampp\htdocs\wemall\ThinkPHP\Application\Runtime\Cache\Goods\0983c8e75ae36a9e8af1f5dfc72527fe.php 第 71 行.
INFO: Run Behavior\ParseTemplateBehavior [ RunTime:0.014001s ]
INFO: [ view_parse ] --END-- [ RunTime:-0.168009s ]
INFO: [ view_filter ] --START--
INFO: Run Behavior\WriteHtmlCacheBehavior [ RunTime:0.000000s ]
INFO: [ view_filter ] --END-- [ RunTime:-0.181010s ]
INFO: [ view_parse ] --START--
INFO: [ template_filter ] --START--
INFO: Run Behavior\ContentReplaceBehavior [ RunTime:0.000000s ]
INFO: [ template_filter ] --END-- [ RunTime:-0.193011s ]
NOTIC: [8] Undefined variable: YZTitle D:\xampp\htdocs\wemall\ThinkPHP\Application\Runtime\Cache\Goods\f64d738dec9062ca568444d9a07e17dd.php 第 9 行.
NOTIC: [8] Undefined variable: header D:\xampp\htdocs\wemall\ThinkPHP\Application\Runtime\Cache\Goods\f64d738dec9062ca568444d9a07e17dd.php 第 16 行.
INFO: Run Behavior\ParseTemplateBehavior [ RunTime:0.011001s ]
INFO: [ view_parse ] --END-- [ RunTime:-0.184010s ]
INFO: [ view_filter ] --START--
INFO: Run Behavior\WriteHtmlCacheBehavior [ RunTime:0.000000s ]
INFO: [ view_filter ] --END-- [ RunTime:-0.193011s ]
INFO: [ app_end ] --START--
INFO: Run Behavior\ShowPageTraceBehavior [ RunTime:0.001000s ]
INFO: [ app_end ] --END-- [ RunTime:0.002000s ]

[ 2015-05-04T10:58:23+08:00 ] 127.0.0.1 /wemall/WeiPHP/index.php/Goods/GoodsDetail/index.html?goodsId=6
INFO: [ app_init ] --START--
INFO: Run Behavior\BuildLiteBehavior [ RunTime:0.000000s ]
INFO: [ app_init ] --END-- [ RunTime:0.001000s ]
INFO: [ app_begin ] --START--
INFO: Run Behavior\ReadHtmlCacheBehavior [ RunTime:0.001000s ]
INFO: [ app_begin ] --END-- [ RunTime:0.001000s ]
INFO: [ view_parse ] --START--
INFO: [ template_filter ] --START--
INFO: Run Behavior\ContentReplaceBehavior [ RunTime:0.000000s ]
INFO: [ template_filter ] --END-- [ RunTime:0.001000s ]
INFO: Run Behavior\ParseTemplateBehavior [ RunTime:0.007000s ]
INFO: [ view_parse ] --END-- [ RunTime:0.008000s ]
INFO: [ view_filter ] --START--
INFO: Run Behavior\WriteHtmlCacheBehavior [ RunTime:0.001000s ]
INFO: [ view_filter ] --END-- [ RunTime:0.001000s ]
SQL: SHOW COLUMNS FROM `wemall_config` [ RunTime:0.0130s ]
SQL: SELECT `value` FROM `wemall_config` WHERE ( id=67 ) LIMIT 1   [ RunTime:0.0110s ]
SQL: SELECT `value` FROM `wemall_config` WHERE ( id=68 ) LIMIT 1   [ RunTime:0.0110s ]
INFO: [ view_parse ] --START--
INFO: [ template_filter ] --START--
INFO: Run Behavior\ContentReplaceBehavior [ RunTime:0.001000s ]
INFO: [ template_filter ] --END-- [ RunTime:-0.122007s ]
INFO: Run Behavior\ParseTemplateBehavior [ RunTime:0.015000s ]
INFO: [ view_parse ] --END-- [ RunTime:-0.106006s ]
INFO: [ view_filter ] --START--
INFO: Run Behavior\WriteHtmlCacheBehavior [ RunTime:0.000000s ]
INFO: [ view_filter ] --END-- [ RunTime:-0.121007s ]
SQL: SHOW COLUMNS FROM `wemall_goods` [ RunTime:0.0130s ]
SQL: SELECT * FROM `wemall_goods` WHERE ( id = 6 ) LIMIT 1   [ RunTime:0.0130s ]
SQL: SHOW COLUMNS FROM `wemall_attachment` [ RunTime:0.0140s ]
SQL: SELECT * FROM `wemall_attachment` WHERE `id` = 12  [ RunTime:0.0140s ]
SQL: SELECT * FROM `wemall_attachment` WHERE `id` = 13  [ RunTime:0.0140s ]
SQL: SELECT * FROM `wemall_attachment` WHERE `id` = 14  [ RunTime:0.0140s ]
INFO: [ view_parse ] --START--
INFO: [ template_filter ] --START--
INFO: Run Behavior\ContentReplaceBehavior [ RunTime:0.000000s ]
INFO: [ template_filter ] --END-- [ RunTime:-0.244014s ]
NOTIC: [8] Undefined variable: rootPath D:\xampp\htdocs\wemall\ThinkPHP\Application\Runtime\Cache\Goods\0983c8e75ae36a9e8af1f5dfc72527fe.php 第 54 行.
NOTIC: [8] Undefined index: transportation_expenses D:\xampp\htdocs\wemall\ThinkPHP\Application\Runtime\Cache\Goods\0983c8e75ae36a9e8af1f5dfc72527fe.php 第 68 行.
NOTIC: [8] Undefined index: transportation_expenses D:\xampp\htdocs\wemall\ThinkPHP\Application\Runtime\Cache\Goods\0983c8e75ae36a9e8af1f5dfc72527fe.php 第 71 行.
INFO: Run Behavior\ParseTemplateBehavior [ RunTime:0.011000s ]
INFO: [ view_parse ] --END-- [ RunTime:-0.233014s ]
INFO: [ view_filter ] --START--
INFO: Run Behavior\WriteHtmlCacheBehavior [ RunTime:0.000000s ]
INFO: [ view_filter ] --END-- [ RunTime:-0.245014s ]
INFO: [ view_parse ] --START--
INFO: [ template_filter ] --START--
INFO: Run Behavior\ContentReplaceBehavior [ RunTime:0.000000s ]
INFO: [ template_filter ] --END-- [ RunTime:-0.256015s ]
NOTIC: [8] Undefined variable: YZTitle D:\xampp\htdocs\wemall\ThinkPHP\Application\Runtime\Cache\Goods\f64d738dec9062ca568444d9a07e17dd.php 第 9 行.
NOTIC: [8] Undefined variable: header D:\xampp\htdocs\wemall\ThinkPHP\Application\Runtime\Cache\Goods\f64d738dec9062ca568444d9a07e17dd.php 第 16 行.
INFO: Run Behavior\ParseTemplateBehavior [ RunTime:0.010001s ]
INFO: [ view_parse ] --END-- [ RunTime:-0.246014s ]
INFO: [ view_filter ] --START--
INFO: Run Behavior\WriteHtmlCacheBehavior [ RunTime:0.000000s ]
INFO: [ view_filter ] --END-- [ RunTime:-0.255015s ]
INFO: [ app_end ] --START--
INFO: Run Behavior\ShowPageTraceBehavior [ RunTime:0.002000s ]
INFO: [ app_end ] --END-- [ RunTime:0.002000s ]

[ 2015-05-04T11:30:59+08:00 ] 127.0.0.1 /wemall/WeiPHP/index.php/Goods/GoodsDetail/index.html?goodsId=26
INFO: [ app_init ] --START--
INFO: Run Behavior\BuildLiteBehavior [ RunTime:0.000000s ]
INFO: [ app_init ] --END-- [ RunTime:0.000000s ]
INFO: [ app_begin ] --START--
INFO: Run Behavior\ReadHtmlCacheBehavior [ RunTime:0.000000s ]
INFO: [ app_begin ] --END-- [ RunTime:0.010000s ]
INFO: [ view_parse ] --START--
INFO: [ template_filter ] --START--
INFO: Run Behavior\ContentReplaceBehavior [ RunTime:0.000000s ]
INFO: [ template_filter ] --END-- [ RunTime:0.000000s ]
INFO: Run Behavior\ParseTemplateBehavior [ RunTime:0.004001s ]
INFO: [ view_parse ] --END-- [ RunTime:0.005001s ]
INFO: [ view_filter ] --START--
INFO: Run Behavior\WriteHtmlCacheBehavior [ RunTime:0.001000s ]
INFO: [ view_filter ] --END-- [ RunTime:0.001000s ]
SQL: SHOW COLUMNS FROM `wemall_config` [ RunTime:0.0110s ]
SQL: SELECT `value` FROM `wemall_config` WHERE ( id=67 ) LIMIT 1   [ RunTime:0.0100s ]
SQL: SELECT `value` FROM `wemall_config` WHERE ( id=68 ) LIMIT 1   [ RunTime:0.0110s ]
INFO: [ view_parse ] --START--
INFO: [ template_filter ] --START--
INFO: Run Behavior\ContentReplaceBehavior [ RunTime:0.000000s ]
INFO: [ template_filter ] --END-- [ RunTime:-0.092005s ]
INFO: Run Behavior\ParseTemplateBehavior [ RunTime:0.013001s ]
INFO: [ view_parse ] --END-- [ RunTime:-0.080004s ]
INFO: [ view_filter ] --START--
INFO: Run Behavior\WriteHtmlCacheBehavior [ RunTime:0.001000s ]
INFO: [ view_filter ] --END-- [ RunTime:-0.092005s ]
SQL: SHOW COLUMNS FROM `wemall_goods` [ RunTime:0.0120s ]
SQL: SELECT * FROM `wemall_goods` WHERE ( id = 26 ) LIMIT 1   [ RunTime:0.0090s ]
SQL: SHOW COLUMNS FROM `wemall_attachment` [ RunTime:0.0110s ]
SQL: SELECT * FROM `wemall_attachment` WHERE `id` = 0  [ RunTime:0.0100s ]
NOTIC: [8] Undefined offset: 0 D:\xampp\htdocs\wemall\ThinkPHP\Application\Home\Model\AttachmentModel.class.php 第 44 行.
NOTIC: [8] Undefined offset: 0 D:\xampp\htdocs\wemall\ThinkPHP\Application\Home\Model\AttachmentModel.class.php 第 44 行.
NOTIC: [8] Undefined offset: 0 D:\xampp\htdocs\wemall\ThinkPHP\Application\Home\Model\AttachmentModel.class.php 第 45 行.
INFO: [ view_parse ] --START--
INFO: [ template_filter ] --START--
INFO: Run Behavior\ContentReplaceBehavior [ RunTime:0.000000s ]
INFO: [ template_filter ] --END-- [ RunTime:-0.161009s ]
NOTIC: [8] Undefined variable: rootPath D:\xampp\htdocs\wemall\ThinkPHP\Application\Runtime\Cache\Goods\0983c8e75ae36a9e8af1f5dfc72527fe.php 第 54 行.
NOTIC: [8] Undefined index: transportation_expenses D:\xampp\htdocs\wemall\ThinkPHP\Application\Runtime\Cache\Goods\0983c8e75ae36a9e8af1f5dfc72527fe.php 第 68 行.
NOTIC: [8] Undefined index: transportation_expenses D:\xampp\htdocs\wemall\ThinkPHP\Application\Runtime\Cache\Goods\0983c8e75ae36a9e8af1f5dfc72527fe.php 第 71 行.
INFO: Run Behavior\ParseTemplateBehavior [ RunTime:0.018001s ]
INFO: [ view_parse ] --END-- [ RunTime:-0.146008s ]
INFO: [ view_filter ] --START--
INFO: Run Behavior\WriteHtmlCacheBehavior [ RunTime:0.000000s ]
INFO: [ view_filter ] --END-- [ RunTime:-0.163009s ]
INFO: [ view_parse ] --START--
INFO: [ template_filter ] --START--
INFO: Run Behavior\ContentReplaceBehavior [ RunTime:0.000000s ]
INFO: [ template_filter ] --END-- [ RunTime:-0.174010s ]
NOTIC: [8] Undefined variable: YZTitle D:\xampp\htdocs\wemall\ThinkPHP\Application\Runtime\Cache\Goods\f64d738dec9062ca568444d9a07e17dd.php 第 9 行.
NOTIC: [8] Undefined variable: header D:\xampp\htdocs\wemall\ThinkPHP\Application\Runtime\Cache\Goods\f64d738dec9062ca568444d9a07e17dd.php 第 16 行.
INFO: Run Behavior\ParseTemplateBehavior [ RunTime:0.010001s ]
INFO: [ view_parse ] --END-- [ RunTime:-0.165009s ]
INFO: [ view_filter ] --START--
INFO: Run Behavior\WriteHtmlCacheBehavior [ RunTime:0.000000s ]
INFO: [ view_filter ] --END-- [ RunTime:-0.175010s ]
INFO: [ app_end ] --START--
INFO: Run Behavior\ShowPageTraceBehavior [ RunTime:0.001000s ]
INFO: [ app_end ] --END-- [ RunTime:0.001000s ]

[ 2015-05-04T11:30:59+08:00 ] 127.0.0.1 /wemall/WeiPHP/index.php/Goods/GoodsDetail/index.html?goodsId=26
INFO: [ app_init ] --START--
INFO: Run Behavior\BuildLiteBehavior [ RunTime:0.000000s ]
INFO: [ app_init ] --END-- [ RunTime:0.000000s ]
INFO: [ app_begin ] --START--
INFO: Run Behavior\ReadHtmlCacheBehavior [ RunTime:0.001000s ]
INFO: [ app_begin ] --END-- [ RunTime:0.001000s ]
INFO: [ view_parse ] --START--
INFO: [ template_filter ] --START--
INFO: Run Behavior\ContentReplaceBehavior [ RunTime:0.000000s ]
INFO: [ template_filter ] --END-- [ RunTime:0.000000s ]
INFO: Run Behavior\ParseTemplateBehavior [ RunTime:0.005001s ]
INFO: [ view_parse ] --END-- [ RunTime:0.005001s ]
INFO: [ view_filter ] --START--
INFO: Run Behavior\WriteHtmlCacheBehavior [ RunTime:0.001000s ]
INFO: [ view_filter ] --END-- [ RunTime:0.002000s ]
SQL: SHOW COLUMNS FROM `wemall_config` [ RunTime:0.0110s ]
SQL: SELECT `value` FROM `wemall_config` WHERE ( id=67 ) LIMIT 1   [ RunTime:0.0160s ]
SQL: SELECT `value` FROM `wemall_config` WHERE ( id=68 ) LIMIT 1   [ RunTime:0.0090s ]
INFO: [ view_parse ] --START--
INFO: [ template_filter ] --START--
INFO: Run Behavior\ContentReplaceBehavior [ RunTime:0.000000s ]
INFO: [ template_filter ] --END-- [ RunTime:-0.131003s ]
INFO: Run Behavior\ParseTemplateBehavior [ RunTime:0.010000s ]
INFO: [ view_parse ] --END-- [ RunTime:-0.119002s ]
INFO: [ view_filter ] --START--
INFO: Run Behavior\WriteHtmlCacheBehavior [ RunTime:0.000000s ]
INFO: [ view_filter ] --END-- [ RunTime:-0.127002s ]
SQL: SHOW COLUMNS FROM `wemall_goods` [ RunTime:0.0110s ]
SQL: SELECT * FROM `wemall_goods` WHERE ( id = 26 ) LIMIT 1   [ RunTime:0.0160s ]
SQL: SHOW COLUMNS FROM `wemall_attachment` [ RunTime:0.0230s ]
SQL: SELECT * FROM `wemall_attachment` WHERE `id` = 0  [ RunTime:0.0070s ]
NOTIC: [8] Undefined offset: 0 D:\xampp\htdocs\wemall\ThinkPHP\Application\Home\Model\AttachmentModel.class.php 第 44 行.
NOTIC: [8] Undefined offset: 0 D:\xampp\htdocs\wemall\ThinkPHP\Application\Home\Model\AttachmentModel.class.php 第 44 行.
NOTIC: [8] Undefined offset: 0 D:\xampp\htdocs\wemall\ThinkPHP\Application\Home\Model\AttachmentModel.class.php 第 45 行.
INFO: [ view_parse ] --START--
INFO: [ template_filter ] --START--
INFO: Run Behavior\ContentReplaceBehavior [ RunTime:0.000000s ]
INFO: [ template_filter ] --END-- [ RunTime:-0.224005s ]
NOTIC: [8] Undefined variable: rootPath D:\xampp\htdocs\wemall\ThinkPHP\Application\Runtime\Cache\Goods\0983c8e75ae36a9e8af1f5dfc72527fe.php 第 54 行.
NOTIC: [8] Undefined index: transportation_expenses D:\xampp\htdocs\wemall\ThinkPHP\Application\Runtime\Cache\Goods\0983c8e75ae36a9e8af1f5dfc72527fe.php 第 68 行.
NOTIC: [8] Undefined index: transportation_expenses D:\xampp\htdocs\wemall\ThinkPHP\Application\Runtime\Cache\Goods\0983c8e75ae36a9e8af1f5dfc72527fe.php 第 71 行.
INFO: Run Behavior\ParseTemplateBehavior [ RunTime:0.029000s ]
INFO: [ view_parse ] --END-- [ RunTime:-0.201004s ]
INFO: [ view_filter ] --START--
INFO: Run Behavior\WriteHtmlCacheBehavior [ RunTime:0.000000s ]
INFO: [ view_filter ] --END-- [ RunTime:-0.229004s ]
INFO: [ view_parse ] --START--
INFO: [ template_filter ] --START--
INFO: Run Behavior\ContentReplaceBehavior [ RunTime:0.000000s ]
INFO: [ template_filter ] --END-- [ RunTime:-0.252006s ]
NOTIC: [8] Undefined variable: YZTitle D:\xampp\htdocs\wemall\ThinkPHP\Application\Runtime\Cache\Goods\f64d738dec9062ca568444d9a07e17dd.php 第 9 行.
NOTIC: [8] Undefined variable: header D:\xampp\htdocs\wemall\ThinkPHP\Application\Runtime\Cache\Goods\f64d738dec9062ca568444d9a07e17dd.php 第 16 行.
INFO: Run Behavior\ParseTemplateBehavior [ RunTime:0.012000s ]
INFO: [ view_parse ] --END-- [ RunTime:-0.238005s ]
INFO: [ view_filter ] --START--
INFO: Run Behavior\WriteHtmlCacheBehavior [ RunTime:0.000000s ]
INFO: [ view_filter ] --END-- [ RunTime:-0.248005s ]
INFO: [ app_end ] --START--
INFO: Run Behavior\ShowPageTraceBehavior [ RunTime:0.000000s ]
INFO: [ app_end ] --END-- [ RunTime:0.000000s ]

[ 2015-05-04T12:39:30+08:00 ] 127.0.0.1 /wemall/WeiPHP/index.php/Goods/GoodsDetail/index.html?goodsId=5
INFO: [ app_init ] --START--
INFO: Run Behavior\BuildLiteBehavior [ RunTime:0.000000s ]
INFO: [ app_init ] --END-- [ RunTime:0.000000s ]
INFO: [ app_begin ] --START--
INFO: Run Behavior\ReadHtmlCacheBehavior [ RunTime:0.001000s ]
INFO: [ app_begin ] --END-- [ RunTime:0.001000s ]
INFO: [ view_parse ] --START--
INFO: [ template_filter ] --START--
INFO: Run Behavior\ContentReplaceBehavior [ RunTime:0.000000s ]
INFO: [ template_filter ] --END-- [ RunTime:0.000000s ]
INFO: Run Behavior\ParseTemplateBehavior [ RunTime:0.004000s ]
INFO: [ view_parse ] --END-- [ RunTime:0.004000s ]
INFO: [ view_filter ] --START--
INFO: Run Behavior\WriteHtmlCacheBehavior [ RunTime:0.001000s ]
INFO: [ view_filter ] --END-- [ RunTime:0.001000s ]
SQL: SHOW COLUMNS FROM `wemall_config` [ RunTime:0.0130s ]
SQL: SELECT `value` FROM `wemall_config` WHERE ( id=67 ) LIMIT 1   [ RunTime:0.0140s ]
SQL: SELECT `value` FROM `wemall_config` WHERE ( id=68 ) LIMIT 1   [ RunTime:0.0140s ]
INFO: [ view_parse ] --START--
INFO: [ template_filter ] --START--
INFO: Run Behavior\ContentReplaceBehavior [ RunTime:0.001000s ]
INFO: [ template_filter ] --END-- [ RunTime:-0.118006s ]
INFO: Run Behavior\ParseTemplateBehavior [ RunTime:0.014001s ]
INFO: [ view_parse ] --END-- [ RunTime:-0.104006s ]
INFO: [ view_filter ] --START--
INFO: Run Behavior\WriteHtmlCacheBehavior [ RunTime:0.000000s ]
INFO: [ view_filter ] --END-- [ RunTime:-0.117007s ]
SQL: SHOW COLUMNS FROM `wemall_goods` [ RunTime:0.0130s ]
SQL: SELECT * FROM `wemall_goods` WHERE ( id = 5 ) LIMIT 1   [ RunTime:0.0140s ]
SQL: SHOW COLUMNS FROM `wemall_attachment` [ RunTime:0.0140s ]
SQL: SELECT * FROM `wemall_attachment` WHERE `id` = 9  [ RunTime:0.0150s ]
SQL: SELECT * FROM `wemall_attachment` WHERE `id` = 10  [ RunTime:0.0130s ]
SQL: SELECT * FROM `wemall_attachment` WHERE `id` = 11  [ RunTime:0.0130s ]
INFO: [ view_parse ] --START--
INFO: [ template_filter ] --START--
INFO: Run Behavior\ContentReplaceBehavior [ RunTime:0.000000s ]
INFO: [ template_filter ] --END-- [ RunTime:-0.223012s ]
NOTIC: [8] Undefined variable: rootPath D:\xampp\htdocs\wemall\ThinkPHP\Application\Runtime\Cache\Goods\0983c8e75ae36a9e8af1f5dfc72527fe.php 第 54 行.
NOTIC: [8] Undefined index: transportation_expenses D:\xampp\htdocs\wemall\ThinkPHP\Application\Runtime\Cache\Goods\0983c8e75ae36a9e8af1f5dfc72527fe.php 第 68 行.
NOTIC: [8] Undefined index: transportation_expenses D:\xampp\htdocs\wemall\ThinkPHP\Application\Runtime\Cache\Goods\0983c8e75ae36a9e8af1f5dfc72527fe.php 第 71 行.
INFO: Run Behavior\ParseTemplateBehavior [ RunTime:0.011001s ]
INFO: [ view_parse ] --END-- [ RunTime:-0.214012s ]
INFO: [ view_filter ] --START--
INFO: Run Behavior\WriteHtmlCacheBehavior [ RunTime:0.000000s ]
INFO: [ view_filter ] --END-- [ RunTime:-0.224013s ]
INFO: [ view_parse ] --START--
INFO: [ template_filter ] --START--
INFO: Run Behavior\ContentReplaceBehavior [ RunTime:0.000000s ]
INFO: [ template_filter ] --END-- [ RunTime:-0.234013s ]
NOTIC: [8] Undefined variable: YZTitle D:\xampp\htdocs\wemall\ThinkPHP\Application\Runtime\Cache\Goods\f64d738dec9062ca568444d9a07e17dd.php 第 9 行.
NOTIC: [8] Undefined variable: header D:\xampp\htdocs\wemall\ThinkPHP\Application\Runtime\Cache\Goods\f64d738dec9062ca568444d9a07e17dd.php 第 16 行.
INFO: Run Behavior\ParseTemplateBehavior [ RunTime:0.008000s ]
INFO: [ view_parse ] --END-- [ RunTime:-0.226013s ]
INFO: [ view_filter ] --START--
INFO: Run Behavior\WriteHtmlCacheBehavior [ RunTime:0.000000s ]
INFO: [ view_filter ] --END-- [ RunTime:-0.234013s ]
INFO: [ app_end ] --START--
INFO: Run Behavior\ShowPageTraceBehavior [ RunTime:0.001000s ]
INFO: [ app_end ] --END-- [ RunTime:0.001000s ]

[ 2015-05-04T12:39:31+08:00 ] 127.0.0.1 /wemall/WeiPHP/index.php/Goods/GoodsDetail/index.html?goodsId=5
INFO: [ app_init ] --START--
INFO: Run Behavior\BuildLiteBehavior [ RunTime:0.000000s ]
INFO: [ app_init ] --END-- [ RunTime:0.001000s ]
INFO: [ app_begin ] --START--
INFO: Run Behavior\ReadHtmlCacheBehavior [ RunTime:0.002000s ]
INFO: [ app_begin ] --END-- [ RunTime:0.002000s ]
INFO: [ view_parse ] --START--
INFO: [ template_filter ] --START--
INFO: Run Behavior\ContentReplaceBehavior [ RunTime:0.000000s ]
INFO: [ template_filter ] --END-- [ RunTime:0.001000s ]
INFO: Run Behavior\ParseTemplateBehavior [ RunTime:0.006001s ]
INFO: [ view_parse ] --END-- [ RunTime:0.007001s ]
INFO: [ view_filter ] --START--
INFO: Run Behavior\WriteHtmlCacheBehavior [ RunTime:0.001000s ]
INFO: [ view_filter ] --END-- [ RunTime:0.001000s ]
SQL: SHOW COLUMNS FROM `wemall_config` [ RunTime:0.0110s ]
SQL: SELECT `value` FROM `wemall_config` WHERE ( id=67 ) LIMIT 1   [ RunTime:0.0100s ]
SQL: SELECT `value` FROM `wemall_config` WHERE ( id=68 ) LIMIT 1   [ RunTime:0.0100s ]
INFO: [ view_parse ] --START--
INFO: [ template_filter ] --START--
INFO: Run Behavior\ContentReplaceBehavior [ RunTime:0.001000s ]
INFO: [ template_filter ] --END-- [ RunTime:-0.101005s ]
INFO: Run Behavior\ParseTemplateBehavior [ RunTime:0.007000s ]
INFO: [ view_parse ] --END-- [ RunTime:-0.094005s ]
INFO: [ view_filter ] --START--
INFO: Run Behavior\WriteHtmlCacheBehavior [ RunTime:0.000000s ]
INFO: [ view_filter ] --END-- [ RunTime:-0.101006s ]
SQL: SHOW COLUMNS FROM `wemall_goods` [ RunTime:0.0140s ]
SQL: SELECT * FROM `wemall_goods` WHERE ( id = 5 ) LIMIT 1   [ RunTime:0.0100s ]
SQL: SHOW COLUMNS FROM `wemall_attachment` [ RunTime:0.0110s ]
SQL: SELECT * FROM `wemall_attachment` WHERE `id` = 9  [ RunTime:0.0110s ]
SQL: SELECT * FROM `wemall_attachment` WHERE `id` = 10  [ RunTime:0.0100s ]
SQL: SELECT * FROM `wemall_attachment` WHERE `id` = 11  [ RunTime:0.0110s ]
INFO: [ view_parse ] --START--
INFO: [ template_filter ] --START--
INFO: Run Behavior\ContentReplaceBehavior [ RunTime:0.000000s ]
INFO: [ template_filter ] --END-- [ RunTime:-0.197011s ]
NOTIC: [8] Undefined variable: rootPath D:\xampp\htdocs\wemall\ThinkPHP\Application\Runtime\Cache\Goods\0983c8e75ae36a9e8af1f5dfc72527fe.php 第 54 行.
NOTIC: [8] Undefined index: transportation_expenses D:\xampp\htdocs\wemall\ThinkPHP\Application\Runtime\Cache\Goods\0983c8e75ae36a9e8af1f5dfc72527fe.php 第 68 行.
NOTIC: [8] Undefined index: transportation_expenses D:\xampp\htdocs\wemall\ThinkPHP\Application\Runtime\Cache\Goods\0983c8e75ae36a9e8af1f5dfc72527fe.php 第 71 行.
INFO: Run Behavior\ParseTemplateBehavior [ RunTime:0.017001s ]
INFO: [ view_parse ] --END-- [ RunTime:-0.183010s ]
INFO: [ view_filter ] --START--
INFO: Run Behavior\WriteHtmlCacheBehavior [ RunTime:0.000000s ]
INFO: [ view_filter ] --END-- [ RunTime:-0.200011s ]
INFO: [ view_parse ] --START--
INFO: [ template_filter ] --START--
INFO: Run Behavior\ContentReplaceBehavior [ RunTime:0.000000s ]
INFO: [ template_filter ] --END-- [ RunTime:-0.212012s ]
NOTIC: [8] Undefined variable: YZTitle D:\xampp\htdocs\wemall\ThinkPHP\Application\Runtime\Cache\Goods\f64d738dec9062ca568444d9a07e17dd.php 第 9 行.
NOTIC: [8] Undefined variable: header D:\xampp\htdocs\wemall\ThinkPHP\Application\Runtime\Cache\Goods\f64d738dec9062ca568444d9a07e17dd.php 第 16 行.
INFO: Run Behavior\ParseTemplateBehavior [ RunTime:0.011001s ]
INFO: [ view_parse ] --END-- [ RunTime:-0.202011s ]
INFO: [ view_filter ] --START--
INFO: Run Behavior\WriteHtmlCacheBehavior [ RunTime:0.000000s ]
INFO: [ view_filter ] --END-- [ RunTime:-0.212012s ]
INFO: [ app_end ] --START--
INFO: Run Behavior\ShowPageTraceBehavior [ RunTime:0.001000s ]
INFO: [ app_end ] --END-- [ RunTime:0.001000s ]

[ 2015-05-04T12:41:12+08:00 ] 127.0.0.1 /wemall/WeiPHP/index.php/Goods/GoodsDetail/add.html?goodsId=5
INFO: [ app_init ] --START--
INFO: Run Behavior\BuildLiteBehavior [ RunTime:0.000000s ]
INFO: [ app_init ] --END-- [ RunTime:0.001000s ]
INFO: [ app_begin ] --START--
INFO: Run Behavior\ReadHtmlCacheBehavior [ RunTime:0.002000s ]
INFO: [ app_begin ] --END-- [ RunTime:0.002000s ]
INFO: [ view_parse ] --START--
INFO: [ template_filter ] --START--
INFO: Run Behavior\ContentReplaceBehavior [ RunTime:0.000000s ]
INFO: [ template_filter ] --END-- [ RunTime:0.000000s ]
INFO: Run Behavior\ParseTemplateBehavior [ RunTime:0.003000s ]
INFO: [ view_parse ] --END-- [ RunTime:0.004000s ]
INFO: [ view_filter ] --START--
INFO: Run Behavior\WriteHtmlCacheBehavior [ RunTime:0.000000s ]
INFO: [ view_filter ] --END-- [ RunTime:0.000000s ]
SQL: SHOW COLUMNS FROM `wemall_config` [ RunTime:0.0100s ]
SQL: SELECT `value` FROM `wemall_config` WHERE ( id=67 ) LIMIT 1   [ RunTime:0.0110s ]
SQL: SELECT `value` FROM `wemall_config` WHERE ( id=68 ) LIMIT 1   [ RunTime:0.0120s ]
SQL: SHOW COLUMNS FROM `wemall_customer` [ RunTime:0.0130s ]
SQL: SELECT `id` FROM `wemall_customer` WHERE `openid` = 'oZuoxt8tnEUUf6YPBG-mNPYjoKQA' LIMIT 1   [ RunTime:0.0120s ]
SQL: SHOW COLUMNS FROM `wemall_shopping_cart` [ RunTime:0.0180s ]
SQL: INSERT INTO `wemall_shopping_cart` (`product_number`,`product_quantity`,`user_number`) VALUES ('5','','9') [ RunTime:0.0140s ]
INFO: [ view_parse ] --START--
INFO: [ template_filter ] --START--
INFO: Run Behavior\ContentReplaceBehavior [ RunTime:0.000000s ]
INFO: [ template_filter ] --END-- [ RunTime:-0.226013s ]
INFO: Run Behavior\ParseTemplateBehavior [ RunTime:0.005000s ]
INFO: [ view_parse ] --END-- [ RunTime:-0.220013s ]
INFO: [ view_filter ] --START--
INFO: Run Behavior\WriteHtmlCacheBehavior [ RunTime:0.000000s ]
INFO: [ view_filter ] --END-- [ RunTime:-0.226013s ]
INFO: [ app_end ] --START--
INFO: Run Behavior\ShowPageTraceBehavior [ RunTime:0.001000s ]
INFO: [ app_end ] --END-- [ RunTime:0.001000s ]

[ 2015-05-04T12:43:07+08:00 ] 127.0.0.1 /wemall/WeiPHP/index.php/Goods/GoodsDetail/index.html?goodsId=5
INFO: [ app_init ] --START--
INFO: Run Behavior\BuildLiteBehavior [ RunTime:0.000000s ]
INFO: [ app_init ] --END-- [ RunTime:0.001001s ]
INFO: [ app_begin ] --START--
INFO: Run Behavior\ReadHtmlCacheBehavior [ RunTime:0.001000s ]
INFO: [ app_begin ] --END-- [ RunTime:0.002000s ]
INFO: [ view_parse ] --START--
INFO: [ template_filter ] --START--
INFO: Run Behavior\ContentReplaceBehavior [ RunTime:0.000000s ]
INFO: [ template_filter ] --END-- [ RunTime:0.000000s ]
INFO: Run Behavior\ParseTemplateBehavior [ RunTime:0.000000s ]
INFO: [ view_parse ] --END-- [ RunTime:0.010000s ]
INFO: [ view_filter ] --START--
INFO: Run Behavior\WriteHtmlCacheBehavior [ RunTime:0.000000s ]
INFO: [ view_filter ] --END-- [ RunTime:0.000000s ]
SQL: SHOW COLUMNS FROM `wemall_config` [ RunTime:0.0150s ]
SQL: SELECT `value` FROM `wemall_config` WHERE ( id=67 ) LIMIT 1   [ RunTime:0.0120s ]
SQL: SELECT `value` FROM `wemall_config` WHERE ( id=68 ) LIMIT 1   [ RunTime:0.0110s ]
INFO: [ view_parse ] --START--
INFO: [ template_filter ] --START--
INFO: Run Behavior\ContentReplaceBehavior [ RunTime:0.001000s ]
INFO: [ template_filter ] --END-- [ RunTime:-0.777038s ]
INFO: Run Behavior\ParseTemplateBehavior [ RunTime:0.006000s ]
INFO: [ view_parse ] --END-- [ RunTime:-0.763038s ]
INFO: [ view_filter ] --START--
INFO: Run Behavior\WriteHtmlCacheBehavior [ RunTime:0.000000s ]
INFO: [ view_filter ] --END-- [ RunTime:-0.769038s ]
SQL: SHOW COLUMNS FROM `wemall_goods` [ RunTime:0.0120s ]
SQL: SELECT * FROM `wemall_goods` WHERE ( id = 5 ) LIMIT 1   [ RunTime:0.0140s ]
SQL: SHOW COLUMNS FROM `wemall_attachment` [ RunTime:0.0130s ]
SQL: SELECT * FROM `wemall_attachment` WHERE `id` = 9  [ RunTime:0.0120s ]
SQL: SELECT * FROM `wemall_attachment` WHERE `id` = 10  [ RunTime:0.0140s ]
SQL: SELECT * FROM `wemall_attachment` WHERE `id` = 11  [ RunTime:0.0120s ]
INFO: [ view_parse ] --START--
INFO: [ template_filter ] --START--
INFO: Run Behavior\ContentReplaceBehavior [ RunTime:0.000000s ]
INFO: [ template_filter ] --END-- [ RunTime:-0.872044s ]
NOTIC: [8] Undefined variable: rootPath D:\xampp\htdocs\wemall\ThinkPHP\Application\Runtime\Cache\Goods\0983c8e75ae36a9e8af1f5dfc72527fe.php 第 54 行.
NOTIC: [8] Undefined index: transportation_expenses D:\xampp\htdocs\wemall\ThinkPHP\Application\Runtime\Cache\Goods\0983c8e75ae36a9e8af1f5dfc72527fe.php 第 68 行.
NOTIC: [8] Undefined index: transportation_expenses D:\xampp\htdocs\wemall\ThinkPHP\Application\Runtime\Cache\Goods\0983c8e75ae36a9e8af1f5dfc72527fe.php 第 71 行.
INFO: Run Behavior\ParseTemplateBehavior [ RunTime:0.012001s ]
INFO: [ view_parse ] --END-- [ RunTime:-0.854043s ]
INFO: [ view_filter ] --START--
INFO: Run Behavior\WriteHtmlCacheBehavior [ RunTime:0.000000s ]
INFO: [ view_filter ] --END-- [ RunTime:-0.866044s ]
INFO: [ view_parse ] --START--
INFO: [ template_filter ] --START--
INFO: Run Behavior\ContentReplaceBehavior [ RunTime:0.000000s ]
INFO: [ template_filter ] --END-- [ RunTime:-0.894045s ]
NOTIC: [8] Undefined variable: YZTitle D:\xampp\htdocs\wemall\ThinkPHP\Application\Runtime\Cache\Goods\f64d738dec9062ca568444d9a07e17dd.php 第 9 行.
NOTIC: [8] Undefined variable: header D:\xampp\htdocs\wemall\ThinkPHP\Application\Runtime\Cache\Goods\f64d738dec9062ca568444d9a07e17dd.php 第 16 行.
INFO: Run Behavior\ParseTemplateBehavior [ RunTime:0.019001s ]
INFO: [ view_parse ] --END-- [ RunTime:-0.867044s ]
INFO: [ view_filter ] --START--
INFO: Run Behavior\WriteHtmlCacheBehavior [ RunTime:0.000000s ]
INFO: [ view_filter ] --END-- [ RunTime:-0.886045s ]
INFO: [ app_end ] --START--
INFO: Run Behavior\ShowPageTraceBehavior [ RunTime:0.001000s ]
INFO: [ app_end ] --END-- [ RunTime:0.001000s ]

[ 2015-05-04T12:52:04+08:00 ] 127.0.0.1 /wemall/WeiPHP/index.php/Goods/GoodsDetail/index.html?goodsId=5
INFO: [ app_init ] --START--
INFO: Run Behavior\BuildLiteBehavior [ RunTime:0.000000s ]
INFO: [ app_init ] --END-- [ RunTime:0.000000s ]
INFO: [ app_begin ] --START--
INFO: Run Behavior\ReadHtmlCacheBehavior [ RunTime:0.010000s ]
INFO: [ app_begin ] --END-- [ RunTime:0.010000s ]
INFO: [ view_parse ] --START--
INFO: [ template_filter ] --START--
INFO: Run Behavior\ContentReplaceBehavior [ RunTime:0.000000s ]
INFO: [ template_filter ] --END-- [ RunTime:0.000000s ]
INFO: Run Behavior\ParseTemplateBehavior [ RunTime:0.013000s ]
INFO: [ view_parse ] --END-- [ RunTime:0.013000s ]
INFO: [ view_filter ] --START--
INFO: Run Behavior\WriteHtmlCacheBehavior [ RunTime:0.001000s ]
INFO: [ view_filter ] --END-- [ RunTime:0.001000s ]
SQL: SHOW COLUMNS FROM `wemall_config` [ RunTime:0.0160s ]
SQL: SELECT `value` FROM `wemall_config` WHERE ( id=67 ) LIMIT 1   [ RunTime:0.0130s ]
SQL: SELECT `value` FROM `wemall_config` WHERE ( id=68 ) LIMIT 1   [ RunTime:0.0110s ]
INFO: [ view_parse ] --START--
INFO: [ template_filter ] --START--
INFO: Run Behavior\ContentReplaceBehavior [ RunTime:0.000000s ]
INFO: [ template_filter ] --END-- [ RunTime:-0.836042s ]
INFO: Run Behavior\ParseTemplateBehavior [ RunTime:0.009000s ]
INFO: [ view_parse ] --END-- [ RunTime:-0.827042s ]
INFO: [ view_filter ] --START--
INFO: Run Behavior\WriteHtmlCacheBehavior [ RunTime:0.000000s ]
INFO: [ view_filter ] --END-- [ RunTime:-0.836043s ]
SQL: SHOW COLUMNS FROM `wemall_goods` [ RunTime:0.0150s ]
SQL: SELECT * FROM `wemall_goods` WHERE ( id = 5 ) LIMIT 1   [ RunTime:0.0140s ]
SQL: SHOW COLUMNS FROM `wemall_attachment` [ RunTime:0.0120s ]
SQL: SELECT * FROM `wemall_attachment` WHERE `id` = 9  [ RunTime:0.0160s ]
SQL: SELECT * FROM `wemall_attachment` WHERE `id` = 10  [ RunTime:0.0140s ]
SQL: SELECT * FROM `wemall_attachment` WHERE `id` = 11  [ RunTime:0.0130s ]
INFO: [ view_parse ] --START--
INFO: [ template_filter ] --START--
INFO: Run Behavior\ContentReplaceBehavior [ RunTime:0.000000s ]
INFO: [ template_filter ] --END-- [ RunTime:-0.940047s ]
NOTIC: [8] Undefined variable: rootPath D:\xampp\htdocs\wemall\ThinkPHP\Application\Runtime\Cache\Goods\0983c8e75ae36a9e8af1f5dfc72527fe.php 第 60 行.
NOTIC: [8] Undefined index: transportation_expenses D:\xampp\htdocs\wemall\ThinkPHP\Application\Runtime\Cache\Goods\0983c8e75ae36a9e8af1f5dfc72527fe.php 第 74 行.
NOTIC: [8] Undefined index: transportation_expenses D:\xampp\htdocs\wemall\ThinkPHP\Application\Runtime\Cache\Goods\0983c8e75ae36a9e8af1f5dfc72527fe.php 第 77 行.
INFO: Run Behavior\ParseTemplateBehavior [ RunTime:0.018001s ]
INFO: [ view_parse ] --END-- [ RunTime:-0.928046s ]
INFO: [ view_filter ] --START--
INFO: Run Behavior\WriteHtmlCacheBehavior [ RunTime:0.000000s ]
INFO: [ view_filter ] --END-- [ RunTime:-0.946047s ]
INFO: [ view_parse ] --START--
INFO: [ template_filter ] --START--
INFO: Run Behavior\ContentReplaceBehavior [ RunTime:0.000000s ]
INFO: [ template_filter ] --END-- [ RunTime:-0.958048s ]
NOTIC: [8] Undefined variable: YZTitle D:\xampp\htdocs\wemall\ThinkPHP\Application\Runtime\Cache\Goods\f64d738dec9062ca568444d9a07e17dd.php 第 9 行.
NOTIC: [8] Undefined variable: header D:\xampp\htdocs\wemall\ThinkPHP\Application\Runtime\Cache\Goods\f64d738dec9062ca568444d9a07e17dd.php 第 16 行.
INFO: Run Behavior\ParseTemplateBehavior [ RunTime:0.010001s ]
INFO: [ view_parse ] --END-- [ RunTime:-0.948047s ]
INFO: [ view_filter ] --START--
INFO: Run Behavior\WriteHtmlCacheBehavior [ RunTime:0.000000s ]
INFO: [ view_filter ] --END-- [ RunTime:-0.958048s ]
INFO: [ app_end ] --START--
INFO: Run Behavior\ShowPageTraceBehavior [ RunTime:0.001000s ]
INFO: [ app_end ] --END-- [ RunTime:0.001000s ]

[ 2015-05-04T12:54:26+08:00 ] 127.0.0.1 /wemall/WeiPHP/index.php/Goods/GoodsDetail/index.html?goodsId=5
INFO: [ app_init ] --START--
INFO: Run Behavior\BuildLiteBehavior [ RunTime:0.001000s ]
INFO: [ app_init ] --END-- [ RunTime:0.001000s ]
INFO: [ app_begin ] --START--
INFO: Run Behavior\ReadHtmlCacheBehavior [ RunTime:0.002000s ]
INFO: [ app_begin ] --END-- [ RunTime:0.003000s ]
INFO: [ view_parse ] --START--
INFO: [ template_filter ] --START--
INFO: Run Behavior\ContentReplaceBehavior [ RunTime:0.000000s ]
INFO: [ template_filter ] --END-- [ RunTime:0.000000s ]
INFO: Run Behavior\ParseTemplateBehavior [ RunTime:0.000000s ]
INFO: [ view_parse ] --END-- [ RunTime:0.000000s ]
INFO: [ view_filter ] --START--
INFO: Run Behavior\WriteHtmlCacheBehavior [ RunTime:0.000000s ]
INFO: [ view_filter ] --END-- [ RunTime:0.000000s ]
SQL: SHOW COLUMNS FROM `wemall_config` [ RunTime:0.0100s ]
SQL: SELECT `value` FROM `wemall_config` WHERE ( id=67 ) LIMIT 1   [ RunTime:0.0090s ]
SQL: SELECT `value` FROM `wemall_config` WHERE ( id=68 ) LIMIT 1   [ RunTime:0.0100s ]
INFO: [ view_parse ] --START--
INFO: [ template_filter ] --START--
INFO: Run Behavior\ContentReplaceBehavior [ RunTime:0.000000s ]
INFO: [ template_filter ] --END-- [ RunTime:-0.154006s ]
INFO: Run Behavior\ParseTemplateBehavior [ RunTime:0.009000s ]
INFO: [ view_parse ] --END-- [ RunTime:-0.147006s ]
INFO: [ view_filter ] --START--
INFO: Run Behavior\WriteHtmlCacheBehavior [ RunTime:0.000000s ]
INFO: [ view_filter ] --END-- [ RunTime:-0.156006s ]
SQL: SHOW COLUMNS FROM `wemall_goods` [ RunTime:0.0100s ]
SQL: SELECT * FROM `wemall_goods` WHERE ( id = 5 ) LIMIT 1   [ RunTime:0.0100s ]
SQL: SHOW COLUMNS FROM `wemall_attachment` [ RunTime:0.0100s ]
SQL: SELECT * FROM `wemall_attachment` WHERE `id` = 9  [ RunTime:0.0100s ]
SQL: SELECT * FROM `wemall_attachment` WHERE `id` = 10  [ RunTime:0.0110s ]
SQL: SELECT * FROM `wemall_attachment` WHERE `id` = 11  [ RunTime:0.0110s ]
INFO: [ view_parse ] --START--
INFO: [ template_filter ] --START--
INFO: Run Behavior\ContentReplaceBehavior [ RunTime:0.000000s ]
INFO: [ template_filter ] --END-- [ RunTime:-0.249011s ]
NOTIC: [8] Undefined variable: rootPath D:\xampp\htdocs\wemall\ThinkPHP\Application\Runtime\Cache\Goods\0983c8e75ae36a9e8af1f5dfc72527fe.php 第 53 行.
NOTIC: [8] Undefined index: transportation_expenses D:\xampp\htdocs\wemall\ThinkPHP\Application\Runtime\Cache\Goods\0983c8e75ae36a9e8af1f5dfc72527fe.php 第 67 行.
NOTIC: [8] Undefined index: transportation_expenses D:\xampp\htdocs\wemall\ThinkPHP\Application\Runtime\Cache\Goods\0983c8e75ae36a9e8af1f5dfc72527fe.php 第 70 行.
INFO: Run Behavior\ParseTemplateBehavior [ RunTime:0.016001s ]
INFO: [ view_parse ] --END-- [ RunTime:-0.237010s ]
INFO: [ view_filter ] --START--
INFO: Run Behavior\WriteHtmlCacheBehavior [ RunTime:0.000000s ]
INFO: [ view_filter ] --END-- [ RunTime:-0.253011s ]
INFO: [ view_parse ] --START--
INFO: [ template_filter ] --START--
INFO: Run Behavior\ContentReplaceBehavior [ RunTime:0.000000s ]
INFO: [ template_filter ] --END-- [ RunTime:-0.261011s ]
NOTIC: [8] Undefined variable: YZTitle D:\xampp\htdocs\wemall\ThinkPHP\Application\Runtime\Cache\Goods\f64d738dec9062ca568444d9a07e17dd.php 第 9 行.
NOTIC: [8] Undefined variable: header D:\xampp\htdocs\wemall\ThinkPHP\Application\Runtime\Cache\Goods\f64d738dec9062ca568444d9a07e17dd.php 第 16 行.
INFO: Run Behavior\ParseTemplateBehavior [ RunTime:0.011001s ]
INFO: [ view_parse ] --END-- [ RunTime:-0.254011s ]
INFO: [ view_filter ] --START--
INFO: Run Behavior\WriteHtmlCacheBehavior [ RunTime:0.000000s ]
INFO: [ view_filter ] --END-- [ RunTime:-0.265012s ]
INFO: [ app_end ] --START--
INFO: Run Behavior\ShowPageTraceBehavior [ RunTime:0.000000s ]
INFO: [ app_end ] --END-- [ RunTime:0.001000s ]

[ 2015-05-04T12:54:41+08:00 ] 127.0.0.1 /wemall/WeiPHP/index.php/Goods/GoodsDetail/index.html?goodsId=5
INFO: [ app_init ] --START--
INFO: Run Behavior\BuildLiteBehavior [ RunTime:0.000000s ]
INFO: [ app_init ] --END-- [ RunTime:0.000000s ]
INFO: [ app_begin ] --START--
INFO: Run Behavior\ReadHtmlCacheBehavior [ RunTime:0.000000s ]
INFO: [ app_begin ] --END-- [ RunTime:0.000000s ]
INFO: [ view_parse ] --START--
INFO: [ template_filter ] --START--
INFO: Run Behavior\ContentReplaceBehavior [ RunTime:0.011000s ]
INFO: [ template_filter ] --END-- [ RunTime:0.012000s ]
INFO: Run Behavior\ParseTemplateBehavior [ RunTime:0.013000s ]
INFO: [ view_parse ] --END-- [ RunTime:0.013000s ]
INFO: [ view_filter ] --START--
INFO: Run Behavior\WriteHtmlCacheBehavior [ RunTime:0.000000s ]
INFO: [ view_filter ] --END-- [ RunTime:0.000000s ]
SQL: SHOW COLUMNS FROM `wemall_config` [ RunTime:0.0090s ]
SQL: SELECT `value` FROM `wemall_config` WHERE ( id=67 ) LIMIT 1   [ RunTime:0.0100s ]
SQL: SELECT `value` FROM `wemall_config` WHERE ( id=68 ) LIMIT 1   [ RunTime:0.0130s ]
INFO: [ view_parse ] --START--
INFO: [ template_filter ] --START--
INFO: Run Behavior\ContentReplaceBehavior [ RunTime:0.000000s ]
INFO: [ template_filter ] --END-- [ RunTime:-0.101002s ]
INFO: Run Behavior\ParseTemplateBehavior [ RunTime:0.009000s ]
INFO: [ view_parse ] --END-- [ RunTime:-0.092002s ]
INFO: [ view_filter ] --START--
INFO: Run Behavior\WriteHtmlCacheBehavior [ RunTime:0.000000s ]
INFO: [ view_filter ] --END-- [ RunTime:-0.101002s ]
SQL: SHOW COLUMNS FROM `wemall_goods` [ RunTime:0.0100s ]
SQL: SELECT * FROM `wemall_goods` WHERE ( id = 5 ) LIMIT 1   [ RunTime:0.0170s ]
SQL: SHOW COLUMNS FROM `wemall_attachment` [ RunTime:0.0090s ]
SQL: SELECT * FROM `wemall_attachment` WHERE `id` = 9  [ RunTime:0.0100s ]
SQL: SELECT * FROM `wemall_attachment` WHERE `id` = 10  [ RunTime:0.0110s ]
SQL: SELECT * FROM `wemall_attachment` WHERE `id` = 11  [ RunTime:0.0100s ]
INFO: [ view_parse ] --START--
INFO: [ template_filter ] --START--
INFO: Run Behavior\ContentReplaceBehavior [ RunTime:0.000000s ]
INFO: [ template_filter ] --END-- [ RunTime:-0.190006s ]
NOTIC: [8] Undefined variable: rootPath D:\xampp\htdocs\wemall\ThinkPHP\Application\Runtime\Cache\Goods\0983c8e75ae36a9e8af1f5dfc72527fe.php 第 53 行.
NOTIC: [8] Undefined index: transportation_expenses D:\xampp\htdocs\wemall\ThinkPHP\Application\Runtime\Cache\Goods\0983c8e75ae36a9e8af1f5dfc72527fe.php 第 67 行.
NOTIC: [8] Undefined index: transportation_expenses D:\xampp\htdocs\wemall\ThinkPHP\Application\Runtime\Cache\Goods\0983c8e75ae36a9e8af1f5dfc72527fe.php 第 70 行.
INFO: Run Behavior\ParseTemplateBehavior [ RunTime:0.017001s ]
INFO: [ view_parse ] --END-- [ RunTime:-0.178005s ]
INFO: [ view_filter ] --START--
INFO: Run Behavior\WriteHtmlCacheBehavior [ RunTime:0.000000s ]
INFO: [ view_filter ] --END-- [ RunTime:-0.195006s ]
INFO: [ view_parse ] --START--
INFO: [ template_filter ] --START--
INFO: Run Behavior\ContentReplaceBehavior [ RunTime:0.000000s ]
INFO: [ template_filter ] --END-- [ RunTime:-0.203007s ]
NOTIC: [8] Undefined variable: YZTitle D:\xampp\htdocs\wemall\ThinkPHP\Application\Runtime\Cache\Goods\f64d738dec9062ca568444d9a07e17dd.php 第 9 行.
NOTIC: [8] Undefined variable: header D:\xampp\htdocs\wemall\ThinkPHP\Application\Runtime\Cache\Goods\f64d738dec9062ca568444d9a07e17dd.php 第 16 行.
INFO: Run Behavior\ParseTemplateBehavior [ RunTime:0.017001s ]
INFO: [ view_parse ] --END-- [ RunTime:-0.196006s ]
INFO: [ view_filter ] --START--
INFO: Run Behavior\WriteHtmlCacheBehavior [ RunTime:0.001000s ]
INFO: [ view_filter ] --END-- [ RunTime:-0.213007s ]
INFO: [ app_end ] --START--
INFO: Run Behavior\ShowPageTraceBehavior [ RunTime:0.000000s ]
INFO: [ app_end ] --END-- [ RunTime:0.000000s ]

[ 2015-05-04T12:57:46+08:00 ] 127.0.0.1 /wemall/WeiPHP/index.php/Goods/GoodsDetail/index.html?goodsId=5
INFO: [ app_init ] --START--
INFO: Run Behavior\BuildLiteBehavior [ RunTime:0.000000s ]
INFO: [ app_init ] --END-- [ RunTime:0.001001s ]
INFO: [ app_begin ] --START--
INFO: Run Behavior\ReadHtmlCacheBehavior [ RunTime:0.003000s ]
INFO: [ app_begin ] --END-- [ RunTime:0.003000s ]
INFO: [ view_parse ] --START--
INFO: [ template_filter ] --START--
INFO: Run Behavior\ContentReplaceBehavior [ RunTime:0.000000s ]
INFO: [ template_filter ] --END-- [ RunTime:0.000000s ]
INFO: Run Behavior\ParseTemplateBehavior [ RunTime:0.010001s ]
INFO: [ view_parse ] --END-- [ RunTime:0.010001s ]
INFO: [ view_filter ] --START--
INFO: Run Behavior\WriteHtmlCacheBehavior [ RunTime:0.002000s ]
INFO: [ view_filter ] --END-- [ RunTime:0.002000s ]
SQL: SHOW COLUMNS FROM `wemall_config` [ RunTime:0.0120s ]
SQL: SELECT `value` FROM `wemall_config` WHERE ( id=67 ) LIMIT 1   [ RunTime:0.0120s ]
SQL: SELECT `value` FROM `wemall_config` WHERE ( id=68 ) LIMIT 1   [ RunTime:0.0110s ]
INFO: [ view_parse ] --START--
INFO: [ template_filter ] --START--
INFO: Run Behavior\ContentReplaceBehavior [ RunTime:0.000000s ]
INFO: [ template_filter ] --END-- [ RunTime:-0.110006s ]
INFO: Run Behavior\ParseTemplateBehavior [ RunTime:0.006000s ]
INFO: [ view_parse ] --END-- [ RunTime:-0.099006s ]
INFO: [ view_filter ] --START--
INFO: Run Behavior\WriteHtmlCacheBehavior [ RunTime:0.000000s ]
INFO: [ view_filter ] --END-- [ RunTime:-0.103006s ]
SQL: SHOW COLUMNS FROM `wemall_goods` [ RunTime:0.0130s ]
SQL: SELECT * FROM `wemall_goods` WHERE ( id = 5 ) LIMIT 1   [ RunTime:0.0120s ]
SQL: SHOW COLUMNS FROM `wemall_attachment` [ RunTime:0.0100s ]
SQL: SELECT * FROM `wemall_attachment` WHERE `id` = 9  [ RunTime:0.0110s ]
SQL: SELECT * FROM `wemall_attachment` WHERE `id` = 10  [ RunTime:0.0100s ]
SQL: SELECT * FROM `wemall_attachment` WHERE `id` = 11  [ RunTime:0.0100s ]
INFO: [ view_parse ] --START--
INFO: [ template_filter ] --START--
INFO: Run Behavior\ContentReplaceBehavior [ RunTime:0.000000s ]
INFO: [ template_filter ] --END-- [ RunTime:-0.194011s ]
NOTIC: [8] Undefined variable: rootPath D:\xampp\htdocs\wemall\ThinkPHP\Application\Runtime\Cache\Goods\0983c8e75ae36a9e8af1f5dfc72527fe.php 第 53 行.
NOTIC: [8] Undefined index: transportation_expenses D:\xampp\htdocs\wemall\ThinkPHP\Application\Runtime\Cache\Goods\0983c8e75ae36a9e8af1f5dfc72527fe.php 第 67 行.
NOTIC: [8] Undefined index: transportation_expenses D:\xampp\htdocs\wemall\ThinkPHP\Application\Runtime\Cache\Goods\0983c8e75ae36a9e8af1f5dfc72527fe.php 第 70 行.
INFO: Run Behavior\ParseTemplateBehavior [ RunTime:0.010001s ]
INFO: [ view_parse ] --END-- [ RunTime:-0.182010s ]
INFO: [ view_filter ] --START--
INFO: Run Behavior\WriteHtmlCacheBehavior [ RunTime:0.000000s ]
INFO: [ view_filter ] --END-- [ RunTime:-0.190011s ]
INFO: [ view_parse ] --START--
INFO: [ template_filter ] --START--
INFO: Run Behavior\ContentReplaceBehavior [ RunTime:0.000000s ]
INFO: [ template_filter ] --END-- [ RunTime:-0.206011s ]
NOTIC: [8] Undefined variable: YZTitle D:\xampp\htdocs\wemall\ThinkPHP\Application\Runtime\Cache\Goods\f64d738dec9062ca568444d9a07e17dd.php 第 9 行.
NOTIC: [8] Undefined variable: header D:\xampp\htdocs\wemall\ThinkPHP\Application\Runtime\Cache\Goods\f64d738dec9062ca568444d9a07e17dd.php 第 16 行.
INFO: Run Behavior\ParseTemplateBehavior [ RunTime:0.009000s ]
INFO: [ view_parse ] --END-- [ RunTime:-0.193011s ]
INFO: [ view_filter ] --START--
INFO: Run Behavior\WriteHtmlCacheBehavior [ RunTime:0.000000s ]
INFO: [ view_filter ] --END-- [ RunTime:-0.201012s ]
INFO: [ app_end ] --START--
INFO: Run Behavior\ShowPageTraceBehavior [ RunTime:0.001000s ]
INFO: [ app_end ] --END-- [ RunTime:0.002000s ]

[ 2015-05-04T12:58:09+08:00 ] 127.0.0.1 /wemall/WeiPHP/index.php/Goods/GoodsDetail/index.html?goodsId=5
INFO: [ app_init ] --START--
INFO: Run Behavior\BuildLiteBehavior [ RunTime:0.000000s ]
INFO: [ app_init ] --END-- [ RunTime:0.002001s ]
INFO: [ app_begin ] --START--
INFO: Run Behavior\ReadHtmlCacheBehavior [ RunTime:0.000000s ]
INFO: [ app_begin ] --END-- [ RunTime:0.002000s ]
INFO: [ view_parse ] --START--
INFO: [ template_filter ] --START--
INFO: Run Behavior\ContentReplaceBehavior [ RunTime:0.000000s ]
INFO: [ template_filter ] --END-- [ RunTime:0.001000s ]
INFO: Run Behavior\ParseTemplateBehavior [ RunTime:0.005001s ]
INFO: [ view_parse ] --END-- [ RunTime:0.005001s ]
INFO: [ view_filter ] --START--
INFO: Run Behavior\WriteHtmlCacheBehavior [ RunTime:0.001000s ]
INFO: [ view_filter ] --END-- [ RunTime:0.001000s ]
SQL: SHOW COLUMNS FROM `wemall_config` [ RunTime:0.0100s ]
SQL: SELECT `value` FROM `wemall_config` WHERE ( id=67 ) LIMIT 1   [ RunTime:0.0120s ]
SQL: SELECT `value` FROM `wemall_config` WHERE ( id=68 ) LIMIT 1   [ RunTime:0.0110s ]
INFO: [ view_parse ] --START--
INFO: [ template_filter ] --START--
INFO: Run Behavior\ContentReplaceBehavior [ RunTime:0.000000s ]
INFO: [ template_filter ] --END-- [ RunTime:-0.096006s ]
INFO: Run Behavior\ParseTemplateBehavior [ RunTime:0.010001s ]
INFO: [ view_parse ] --END-- [ RunTime:-0.087004s ]
INFO: [ view_filter ] --START--
INFO: Run Behavior\WriteHtmlCacheBehavior [ RunTime:0.000000s ]
INFO: [ view_filter ] --END-- [ RunTime:-0.096005s ]
SQL: SHOW COLUMNS FROM `wemall_goods` [ RunTime:0.0110s ]
SQL: SELECT * FROM `wemall_goods` WHERE ( id = 5 ) LIMIT 1   [ RunTime:0.0120s ]
SQL: SHOW COLUMNS FROM `wemall_attachment` [ RunTime:0.0120s ]
SQL: SELECT * FROM `wemall_attachment` WHERE `id` = 9  [ RunTime:0.0120s ]
SQL: SELECT * FROM `wemall_attachment` WHERE `id` = 10  [ RunTime:0.0130s ]
SQL: SELECT * FROM `wemall_attachment` WHERE `id` = 11  [ RunTime:0.0130s ]
INFO: [ view_parse ] --START--
INFO: [ template_filter ] --START--
INFO: Run Behavior\ContentReplaceBehavior [ RunTime:0.000000s ]
INFO: [ template_filter ] --END-- [ RunTime:-0.198012s ]
NOTIC: [8] Undefined variable: rootPath D:\xampp\htdocs\wemall\ThinkPHP\Application\Runtime\Cache\Goods\0983c8e75ae36a9e8af1f5dfc72527fe.php 第 53 行.
NOTIC: [8] Undefined index: transportation_expenses D:\xampp\htdocs\wemall\ThinkPHP\Application\Runtime\Cache\Goods\0983c8e75ae36a9e8af1f5dfc72527fe.php 第 67 行.
NOTIC: [8] Undefined index: transportation_expenses D:\xampp\htdocs\wemall\ThinkPHP\Application\Runtime\Cache\Goods\0983c8e75ae36a9e8af1f5dfc72527fe.php 第 70 行.
INFO: Run Behavior\ParseTemplateBehavior [ RunTime:0.017001s ]
INFO: [ view_parse ] --END-- [ RunTime:-0.186010s ]
INFO: [ view_filter ] --START--
INFO: Run Behavior\WriteHtmlCacheBehavior [ RunTime:0.000000s ]
INFO: [ view_filter ] --END-- [ RunTime:-0.202011s ]
INFO: [ view_parse ] --START--
INFO: [ template_filter ] --START--
INFO: Run Behavior\ContentReplaceBehavior [ RunTime:0.000000s ]
INFO: [ template_filter ] --END-- [ RunTime:-0.212013s ]
NOTIC: [8] Undefined variable: YZTitle D:\xampp\htdocs\wemall\ThinkPHP\Application\Runtime\Cache\Goods\f64d738dec9062ca568444d9a07e17dd.php 第 9 行.
NOTIC: [8] Undefined variable: header D:\xampp\htdocs\wemall\ThinkPHP\Application\Runtime\Cache\Goods\f64d738dec9062ca568444d9a07e17dd.php 第 16 行.
INFO: Run Behavior\ParseTemplateBehavior [ RunTime:0.010001s ]
INFO: [ view_parse ] --END-- [ RunTime:-0.204011s ]
INFO: [ view_filter ] --START--
INFO: Run Behavior\WriteHtmlCacheBehavior [ RunTime:0.001000s ]
INFO: [ view_filter ] --END-- [ RunTime:-0.213012s ]
INFO: [ app_end ] --START--
INFO: Run Behavior\ShowPageTraceBehavior [ RunTime:0.001000s ]
INFO: [ app_end ] --END-- [ RunTime:0.003000s ]

[ 2015-05-04T12:58:34+08:00 ] 127.0.0.1 /wemall/WeiPHP/index.php/Goods/GoodsDetail/index.html?goodsId=5
INFO: [ app_init ] --START--
INFO: Run Behavior\BuildLiteBehavior [ RunTime:0.000000s ]
INFO: [ app_init ] --END-- [ RunTime:0.001000s ]
INFO: [ app_begin ] --START--
INFO: Run Behavior\ReadHtmlCacheBehavior [ RunTime:0.002000s ]
INFO: [ app_begin ] --END-- [ RunTime:0.003000s ]
INFO: [ view_parse ] --START--
INFO: [ template_filter ] --START--
INFO: Run Behavior\ContentReplaceBehavior [ RunTime:0.000000s ]
INFO: [ template_filter ] --END-- [ RunTime:0.000000s ]
INFO: Run Behavior\ParseTemplateBehavior [ RunTime:0.006000s ]
INFO: [ view_parse ] --END-- [ RunTime:0.006000s ]
INFO: [ view_filter ] --START--
INFO: Run Behavior\WriteHtmlCacheBehavior [ RunTime:0.000000s ]
INFO: [ view_filter ] --END-- [ RunTime:0.000000s ]
SQL: SHOW COLUMNS FROM `wemall_config` [ RunTime:0.0130s ]
SQL: SELECT `value` FROM `wemall_config` WHERE ( id=67 ) LIMIT 1   [ RunTime:0.0120s ]
SQL: SELECT `value` FROM `wemall_config` WHERE ( id=68 ) LIMIT 1   [ RunTime:0.0110s ]
INFO: [ view_parse ] --START--
INFO: [ template_filter ] --START--
INFO: Run Behavior\ContentReplaceBehavior [ RunTime:0.001000s ]
INFO: [ template_filter ] --END-- [ RunTime:-0.108006s ]
INFO: Run Behavior\ParseTemplateBehavior [ RunTime:0.009001s ]
INFO: [ view_parse ] --END-- [ RunTime:-0.099006s ]
INFO: [ view_filter ] --START--
INFO: Run Behavior\WriteHtmlCacheBehavior [ RunTime:0.000000s ]
INFO: [ view_filter ] --END-- [ RunTime:-0.108007s ]
SQL: SHOW COLUMNS FROM `wemall_goods` [ RunTime:0.0120s ]
SQL: SELECT * FROM `wemall_goods` WHERE ( id = 5 ) LIMIT 1   [ RunTime:0.0120s ]
SQL: SHOW COLUMNS FROM `wemall_attachment` [ RunTime:0.0130s ]
SQL: SELECT * FROM `wemall_attachment` WHERE `id` = 9  [ RunTime:0.0130s ]
SQL: SELECT * FROM `wemall_attachment` WHERE `id` = 10  [ RunTime:0.0130s ]
SQL: SELECT * FROM `wemall_attachment` WHERE `id` = 11  [ RunTime:0.0130s ]
INFO: [ view_parse ] --START--
INFO: [ template_filter ] --START--
INFO: Run Behavior\ContentReplaceBehavior [ RunTime:0.000000s ]
INFO: [ template_filter ] --END-- [ RunTime:-0.209012s ]
NOTIC: [8] Undefined variable: rootPath D:\xampp\htdocs\wemall\ThinkPHP\Application\Runtime\Cache\Goods\0983c8e75ae36a9e8af1f5dfc72527fe.php 第 53 行.
NOTIC: [8] Undefined index: transportation_expenses D:\xampp\htdocs\wemall\ThinkPHP\Application\Runtime\Cache\Goods\0983c8e75ae36a9e8af1f5dfc72527fe.php 第 67 行.
NOTIC: [8] Undefined index: transportation_expenses D:\xampp\htdocs\wemall\ThinkPHP\Application\Runtime\Cache\Goods\0983c8e75ae36a9e8af1f5dfc72527fe.php 第 70 行.
INFO: Run Behavior\ParseTemplateBehavior [ RunTime:0.013000s ]
INFO: [ view_parse ] --END-- [ RunTime:-0.199012s ]
INFO: [ view_filter ] --START--
INFO: Run Behavior\WriteHtmlCacheBehavior [ RunTime:0.000000s ]
INFO: [ view_filter ] --END-- [ RunTime:-0.211012s ]
INFO: [ view_parse ] --START--
INFO: [ template_filter ] --START--
INFO: Run Behavior\ContentReplaceBehavior [ RunTime:0.000000s ]
INFO: [ template_filter ] --END-- [ RunTime:-0.228013s ]
NOTIC: [8] Undefined variable: YZTitle D:\xampp\htdocs\wemall\ThinkPHP\Application\Runtime\Cache\Goods\f64d738dec9062ca568444d9a07e17dd.php 第 9 行.
NOTIC: [8] Undefined variable: header D:\xampp\htdocs\wemall\ThinkPHP\Application\Runtime\Cache\Goods\f64d738dec9062ca568444d9a07e17dd.php 第 16 行.
INFO: Run Behavior\ParseTemplateBehavior [ RunTime:0.016000s ]
INFO: [ view_parse ] --END-- [ RunTime:-0.214013s ]
INFO: [ view_filter ] --START--
INFO: Run Behavior\WriteHtmlCacheBehavior [ RunTime:0.000000s ]
INFO: [ view_filter ] --END-- [ RunTime:-0.229013s ]
INFO: [ app_end ] --START--
INFO: Run Behavior\ShowPageTraceBehavior [ RunTime:0.002000s ]
INFO: [ app_end ] --END-- [ RunTime:0.002000s ]

[ 2015-05-04T12:58:40+08:00 ] 127.0.0.1 /wemall/WeiPHP/index.php/Goods/GoodsDetail/add.html?goodsId=5
INFO: [ app_init ] --START--
INFO: Run Behavior\BuildLiteBehavior [ RunTime:0.000000s ]
INFO: [ app_init ] --END-- [ RunTime:0.001000s ]
INFO: [ app_begin ] --START--
INFO: Run Behavior\ReadHtmlCacheBehavior [ RunTime:0.001000s ]
INFO: [ app_begin ] --END-- [ RunTime:0.001000s ]
INFO: [ view_parse ] --START--
INFO: [ template_filter ] --START--
INFO: Run Behavior\ContentReplaceBehavior [ RunTime:0.000000s ]
INFO: [ template_filter ] --END-- [ RunTime:0.000000s ]
INFO: Run Behavior\ParseTemplateBehavior [ RunTime:0.003001s ]
INFO: [ view_parse ] --END-- [ RunTime:0.004001s ]
INFO: [ view_filter ] --START--
INFO: Run Behavior\WriteHtmlCacheBehavior [ RunTime:0.001000s ]
INFO: [ view_filter ] --END-- [ RunTime:0.001000s ]
SQL: SHOW COLUMNS FROM `wemall_config` [ RunTime:0.0130s ]
SQL: SELECT `value` FROM `wemall_config` WHERE ( id=67 ) LIMIT 1   [ RunTime:0.0100s ]
SQL: SELECT `value` FROM `wemall_config` WHERE ( id=68 ) LIMIT 1   [ RunTime:0.0100s ]
SQL: SHOW COLUMNS FROM `wemall_customer` [ RunTime:0.0120s ]
SQL: SELECT `id` FROM `wemall_customer` WHERE `openid` = 'oZuoxt8tnEUUf6YPBG-mNPYjoKQA' LIMIT 1   [ RunTime:0.0100s ]
SQL: SHOW COLUMNS FROM `wemall_shopping_cart` [ RunTime:0.0120s ]
SQL: INSERT INTO `wemall_shopping_cart` (`product_number`,`product_quantity`,`user_number`) VALUES ('5','','9') [ RunTime:0.0110s ]
INFO: [ view_parse ] --START--
INFO: [ template_filter ] --START--
INFO: Run Behavior\ContentReplaceBehavior [ RunTime:0.000000s ]
INFO: [ template_filter ] --END-- [ RunTime:-0.144008s ]
INFO: Run Behavior\ParseTemplateBehavior [ RunTime:0.007000s ]
INFO: [ view_parse ] --END-- [ RunTime:-0.138008s ]
INFO: [ view_filter ] --START--
INFO: Run Behavior\WriteHtmlCacheBehavior [ RunTime:0.000000s ]
INFO: [ view_filter ] --END-- [ RunTime:-0.144008s ]
INFO: [ app_end ] --START--
INFO: Run Behavior\ShowPageTraceBehavior [ RunTime:0.001000s ]
INFO: [ app_end ] --END-- [ RunTime:0.002000s ]

[ 2015-05-04T12:59:22+08:00 ] 127.0.0.1 /wemall/WeiPHP/index.php/Goods/GoodsDetail/index.html?goodsId=5
INFO: [ app_init ] --START--
INFO: Run Behavior\BuildLiteBehavior [ RunTime:0.000000s ]
INFO: [ app_init ] --END-- [ RunTime:0.001000s ]
INFO: [ app_begin ] --START--
INFO: Run Behavior\ReadHtmlCacheBehavior [ RunTime:0.002000s ]
INFO: [ app_begin ] --END-- [ RunTime:0.003000s ]
INFO: [ view_parse ] --START--
INFO: [ template_filter ] --START--
INFO: Run Behavior\ContentReplaceBehavior [ RunTime:0.000000s ]
INFO: [ template_filter ] --END-- [ RunTime:0.000000s ]
INFO: Run Behavior\ParseTemplateBehavior [ RunTime:0.006000s ]
INFO: [ view_parse ] --END-- [ RunTime:0.008001s ]
INFO: [ view_filter ] --START--
INFO: Run Behavior\WriteHtmlCacheBehavior [ RunTime:0.002000s ]
INFO: [ view_filter ] --END-- [ RunTime:0.002000s ]
SQL: SHOW COLUMNS FROM `wemall_config` [ RunTime:0.0150s ]
SQL: SELECT `value` FROM `wemall_config` WHERE ( id=67 ) LIMIT 1   [ RunTime:0.0130s ]
SQL: SELECT `value` FROM `wemall_config` WHERE ( id=68 ) LIMIT 1   [ RunTime:0.0120s ]
INFO: [ view_parse ] --START--
INFO: [ template_filter ] --START--
INFO: Run Behavior\ContentReplaceBehavior [ RunTime:0.001000s ]
INFO: [ template_filter ] --END-- [ RunTime:-0.110007s ]
INFO: Run Behavior\ParseTemplateBehavior [ RunTime:0.011001s ]
INFO: [ view_parse ] --END-- [ RunTime:-0.099005s ]
INFO: [ view_filter ] --START--
INFO: Run Behavior\WriteHtmlCacheBehavior [ RunTime:0.000000s ]
INFO: [ view_filter ] --END-- [ RunTime:-0.108006s ]
SQL: SHOW COLUMNS FROM `wemall_goods` [ RunTime:0.0130s ]
SQL: SELECT * FROM `wemall_goods` WHERE ( id = 5 ) LIMIT 1   [ RunTime:0.0110s ]
SQL: SHOW COLUMNS FROM `wemall_attachment` [ RunTime:0.0110s ]
SQL: SELECT * FROM `wemall_attachment` WHERE `id` = 9  [ RunTime:0.0140s ]
SQL: SELECT * FROM `wemall_attachment` WHERE `id` = 10  [ RunTime:0.0120s ]
SQL: SELECT * FROM `wemall_attachment` WHERE `id` = 11  [ RunTime:0.0120s ]
INFO: [ view_parse ] --START--
INFO: [ template_filter ] --START--
INFO: Run Behavior\ContentReplaceBehavior [ RunTime:0.000000s ]
INFO: [ template_filter ] --END-- [ RunTime:-0.207012s ]
NOTIC: [8] Undefined variable: rootPath D:\xampp\htdocs\wemall\ThinkPHP\Application\Runtime\Cache\Goods\0983c8e75ae36a9e8af1f5dfc72527fe.php 第 53 行.
NOTIC: [8] Undefined index: transportation_expenses D:\xampp\htdocs\wemall\ThinkPHP\Application\Runtime\Cache\Goods\0983c8e75ae36a9e8af1f5dfc72527fe.php 第 67 行.
NOTIC: [8] Undefined index: transportation_expenses D:\xampp\htdocs\wemall\ThinkPHP\Application\Runtime\Cache\Goods\0983c8e75ae36a9e8af1f5dfc72527fe.php 第 70 行.
INFO: Run Behavior\ParseTemplateBehavior [ RunTime:0.011000s ]
INFO: [ view_parse ] --END-- [ RunTime:-0.197011s ]
INFO: [ view_filter ] --START--
INFO: Run Behavior\WriteHtmlCacheBehavior [ RunTime:0.001001s ]
INFO: [ view_filter ] --END-- [ RunTime:-0.206011s ]
INFO: [ view_parse ] --START--
INFO: [ template_filter ] --START--
INFO: Run Behavior\ContentReplaceBehavior [ RunTime:0.000000s ]
INFO: [ template_filter ] --END-- [ RunTime:-0.221013s ]
NOTIC: [8] Undefined variable: YZTitle D:\xampp\htdocs\wemall\ThinkPHP\Application\Runtime\Cache\Goods\f64d738dec9062ca568444d9a07e17dd.php 第 9 行.
NOTIC: [8] Undefined variable: header D:\xampp\htdocs\wemall\ThinkPHP\Application\Runtime\Cache\Goods\f64d738dec9062ca568444d9a07e17dd.php 第 16 行.
INFO: Run Behavior\ParseTemplateBehavior [ RunTime:0.012000s ]
INFO: [ view_parse ] --END-- [ RunTime:-0.209012s ]
INFO: [ view_filter ] --START--
INFO: Run Behavior\WriteHtmlCacheBehavior [ RunTime:0.000000s ]
INFO: [ view_filter ] --END-- [ RunTime:-0.219012s ]
INFO: [ app_end ] --START--
INFO: Run Behavior\ShowPageTraceBehavior [ RunTime:0.002000s ]
INFO: [ app_end ] --END-- [ RunTime:0.002000s ]

[ 2015-05-04T13:33:21+08:00 ] 127.0.0.1 /wemall/WeiPHP/index.php/Goods/GoodsDetail/index.html?goodsId=5
INFO: [ app_init ] --START--
INFO: Run Behavior\BuildLiteBehavior [ RunTime:0.000000s ]
INFO: [ app_init ] --END-- [ RunTime:0.001000s ]
INFO: [ app_begin ] --START--
INFO: Run Behavior\ReadHtmlCacheBehavior [ RunTime:0.001000s ]
INFO: [ app_begin ] --END-- [ RunTime:0.001000s ]
INFO: [ view_parse ] --START--
INFO: [ template_filter ] --START--
INFO: Run Behavior\ContentReplaceBehavior [ RunTime:0.000000s ]
INFO: [ template_filter ] --END-- [ RunTime:0.000000s ]
INFO: Run Behavior\ParseTemplateBehavior [ RunTime:0.004000s ]
INFO: [ view_parse ] --END-- [ RunTime:0.005000s ]
INFO: [ view_filter ] --START--
INFO: Run Behavior\WriteHtmlCacheBehavior [ RunTime:0.003001s ]
INFO: [ view_filter ] --END-- [ RunTime:0.003001s ]
SQL: SHOW COLUMNS FROM `wemall_config` [ RunTime:0.0140s ]
SQL: SELECT `value` FROM `wemall_config` WHERE ( id=67 ) LIMIT 1   [ RunTime:0.0130s ]
SQL: SELECT `value` FROM `wemall_config` WHERE ( id=68 ) LIMIT 1   [ RunTime:0.0130s ]
INFO: [ view_parse ] --START--
INFO: [ template_filter ] --START--
INFO: Run Behavior\ContentReplaceBehavior [ RunTime:0.000000s ]
INFO: [ template_filter ] --END-- [ RunTime:-0.210012s ]
INFO: Run Behavior\ParseTemplateBehavior [ RunTime:0.032001s ]
INFO: [ view_parse ] --END-- [ RunTime:-0.179011s ]
INFO: [ view_filter ] --START--
INFO: Run Behavior\WriteHtmlCacheBehavior [ RunTime:0.000000s ]
INFO: [ view_filter ] --END-- [ RunTime:-0.207011s ]
SQL: SHOW COLUMNS FROM `wemall_goods` [ RunTime:0.0140s ]
SQL: SELECT * FROM `wemall_goods` WHERE ( id = 5 ) LIMIT 1   [ RunTime:0.0140s ]
SQL: SHOW COLUMNS FROM `wemall_attachment` [ RunTime:0.0180s ]
SQL: SELECT * FROM `wemall_attachment` WHERE `id` = 9  [ RunTime:0.0140s ]
SQL: SELECT * FROM `wemall_attachment` WHERE `id` = 10  [ RunTime:0.0160s ]
SQL: SELECT * FROM `wemall_attachment` WHERE `id` = 11  [ RunTime:0.0140s ]
INFO: [ view_parse ] --START--
INFO: [ template_filter ] --START--
INFO: Run Behavior\ContentReplaceBehavior [ RunTime:0.001000s ]
INFO: [ template_filter ] --END-- [ RunTime:-0.338020s ]
NOTIC: [8] Undefined variable: rootPath D:\xampp\htdocs\wemall\ThinkPHP\Application\Runtime\Cache\Goods\0983c8e75ae36a9e8af1f5dfc72527fe.php 第 53 行.
NOTIC: [8] Undefined index: transportation_expenses D:\xampp\htdocs\wemall\ThinkPHP\Application\Runtime\Cache\Goods\0983c8e75ae36a9e8af1f5dfc72527fe.php 第 67 行.
NOTIC: [8] Undefined index: transportation_expenses D:\xampp\htdocs\wemall\ThinkPHP\Application\Runtime\Cache\Goods\0983c8e75ae36a9e8af1f5dfc72527fe.php 第 70 行.
INFO: Run Behavior\ParseTemplateBehavior [ RunTime:0.017001s ]
INFO: [ view_parse ] --END-- [ RunTime:-0.323019s ]
INFO: [ view_filter ] --START--
INFO: Run Behavior\WriteHtmlCacheBehavior [ RunTime:0.001000s ]
INFO: [ view_filter ] --END-- [ RunTime:-0.337019s ]
INFO: [ view_parse ] --START--
INFO: [ template_filter ] --START--
INFO: Run Behavior\ContentReplaceBehavior [ RunTime:0.000000s ]
INFO: [ template_filter ] --END-- [ RunTime:-0.365021s ]
NOTIC: [8] Undefined variable: YZTitle D:\xampp\htdocs\wemall\ThinkPHP\Application\Runtime\Cache\Goods\f64d738dec9062ca568444d9a07e17dd.php 第 9 行.
NOTIC: [8] Undefined variable: header D:\xampp\htdocs\wemall\ThinkPHP\Application\Runtime\Cache\Goods\f64d738dec9062ca568444d9a07e17dd.php 第 16 行.
INFO: Run Behavior\ParseTemplateBehavior [ RunTime:0.025001s ]
INFO: [ view_parse ] --END-- [ RunTime:-0.342020s ]
INFO: [ view_filter ] --START--
INFO: Run Behavior\WriteHtmlCacheBehavior [ RunTime:0.000000s ]
INFO: [ view_filter ] --END-- [ RunTime:-0.363020s ]
INFO: [ app_end ] --START--
INFO: Run Behavior\ShowPageTraceBehavior [ RunTime:0.013001s ]
INFO: [ app_end ] --END-- [ RunTime:0.013001s ]

[ 2015-05-04T13:36:15+08:00 ] 127.0.0.1 /wemall/WeiPHP/index.php/Goods/GoodsDetail/index.html?goodsId=5
INFO: [ app_init ] --START--
INFO: Run Behavior\BuildLiteBehavior [ RunTime:0.000000s ]
INFO: [ app_init ] --END-- [ RunTime:0.001000s ]
INFO: [ app_begin ] --START--
INFO: Run Behavior\ReadHtmlCacheBehavior [ RunTime:0.000000s ]
INFO: [ app_begin ] --END-- [ RunTime:0.001000s ]
INFO: [ view_parse ] --START--
INFO: [ template_filter ] --START--
INFO: Run Behavior\ContentReplaceBehavior [ RunTime:0.000000s ]
INFO: [ template_filter ] --END-- [ RunTime:0.000000s ]
INFO: Run Behavior\ParseTemplateBehavior [ RunTime:0.006001s ]
INFO: [ view_parse ] --END-- [ RunTime:0.006001s ]
INFO: [ view_filter ] --START--
INFO: Run Behavior\WriteHtmlCacheBehavior [ RunTime:0.000000s ]
INFO: [ view_filter ] --END-- [ RunTime:0.001000s ]
SQL: SHOW COLUMNS FROM `wemall_config` [ RunTime:0.0110s ]
SQL: SELECT `value` FROM `wemall_config` WHERE ( id=67 ) LIMIT 1   [ RunTime:0.0110s ]
SQL: SELECT `value` FROM `wemall_config` WHERE ( id=68 ) LIMIT 1   [ RunTime:0.0080s ]
INFO: [ view_parse ] --START--
INFO: [ template_filter ] --START--
INFO: Run Behavior\ContentReplaceBehavior [ RunTime:0.000000s ]
INFO: [ template_filter ] --END-- [ RunTime:-2.494142s ]
INFO: Run Behavior\ParseTemplateBehavior [ RunTime:0.006000s ]
INFO: [ view_parse ] --END-- [ RunTime:-2.487142s ]
INFO: [ view_filter ] --START--
INFO: Run Behavior\WriteHtmlCacheBehavior [ RunTime:0.000000s ]
INFO: [ view_filter ] --END-- [ RunTime:-2.494143s ]
SQL: SHOW COLUMNS FROM `wemall_goods` [ RunTime:0.0120s ]
SQL: SELECT * FROM `wemall_goods` WHERE ( id = 5 ) LIMIT 1   [ RunTime:0.0100s ]
SQL: SHOW COLUMNS FROM `wemall_attachment` [ RunTime:0.0130s ]
SQL: SELECT * FROM `wemall_attachment` WHERE `id` = 9  [ RunTime:0.0110s ]
SQL: SELECT * FROM `wemall_attachment` WHERE `id` = 10  [ RunTime:0.0130s ]
SQL: SELECT * FROM `wemall_attachment` WHERE `id` = 11  [ RunTime:0.0130s ]
INFO: [ view_parse ] --START--
INFO: [ template_filter ] --START--
INFO: Run Behavior\ContentReplaceBehavior [ RunTime:0.000000s ]
INFO: [ template_filter ] --END-- [ RunTime:-2.598148s ]
NOTIC: [8] Undefined variable: rootPath D:\xampp\htdocs\wemall\ThinkPHP\Application\Runtime\Cache\Goods\0983c8e75ae36a9e8af1f5dfc72527fe.php 第 53 行.
NOTIC: [8] Undefined index: transportation_expenses D:\xampp\htdocs\wemall\ThinkPHP\Application\Runtime\Cache\Goods\0983c8e75ae36a9e8af1f5dfc72527fe.php 第 67 行.
NOTIC: [8] Undefined index: transportation_expenses D:\xampp\htdocs\wemall\ThinkPHP\Application\Runtime\Cache\Goods\0983c8e75ae36a9e8af1f5dfc72527fe.php 第 70 行.
INFO: Run Behavior\ParseTemplateBehavior [ RunTime:0.025002s ]
INFO: [ view_parse ] --END-- [ RunTime:-2.579147s ]
INFO: [ view_filter ] --START--
INFO: Run Behavior\WriteHtmlCacheBehavior [ RunTime:0.000000s ]
INFO: [ view_filter ] --END-- [ RunTime:-2.603149s ]
INFO: [ view_parse ] --START--
INFO: [ template_filter ] --START--
INFO: Run Behavior\ContentReplaceBehavior [ RunTime:0.000000s ]
INFO: [ template_filter ] --END-- [ RunTime:-2.618149s ]
NOTIC: [8] Undefined variable: YZTitle D:\xampp\htdocs\wemall\ThinkPHP\Application\Runtime\Cache\Goods\f64d738dec9062ca568444d9a07e17dd.php 第 9 行.
NOTIC: [8] Undefined variable: header D:\xampp\htdocs\wemall\ThinkPHP\Application\Runtime\Cache\Goods\f64d738dec9062ca568444d9a07e17dd.php 第 16 行.
INFO: Run Behavior\ParseTemplateBehavior [ RunTime:0.015001s ]
INFO: [ view_parse ] --END-- [ RunTime:-2.605149s ]
INFO: [ view_filter ] --START--
INFO: Run Behavior\WriteHtmlCacheBehavior [ RunTime:0.000000s ]
INFO: [ view_filter ] --END-- [ RunTime:-2.619150s ]
INFO: [ app_end ] --START--
INFO: Run Behavior\ShowPageTraceBehavior [ RunTime:0.001000s ]
INFO: [ app_end ] --END-- [ RunTime:0.001000s ]

[ 2015-05-04T13:51:48+08:00 ] 127.0.0.1 /wemall/WeiPHP/index.php/Goods/GoodsDetail/index.html?goodsId=6
INFO: [ app_init ] --START--
INFO: Run Behavior\BuildLiteBehavior [ RunTime:0.000000s ]
INFO: [ app_init ] --END-- [ RunTime:0.001000s ]
INFO: [ app_begin ] --START--
INFO: Run Behavior\ReadHtmlCacheBehavior [ RunTime:0.000000s ]
INFO: [ app_begin ] --END-- [ RunTime:0.000000s ]
INFO: [ view_parse ] --START--
INFO: [ template_filter ] --START--
INFO: Run Behavior\ContentReplaceBehavior [ RunTime:0.000000s ]
INFO: [ template_filter ] --END-- [ RunTime:0.000000s ]
INFO: Run Behavior\ParseTemplateBehavior [ RunTime:0.004000s ]
INFO: [ view_parse ] --END-- [ RunTime:0.004000s ]
INFO: [ view_filter ] --START--
INFO: Run Behavior\WriteHtmlCacheBehavior [ RunTime:0.000000s ]
INFO: [ view_filter ] --END-- [ RunTime:0.001000s ]
SQL: SHOW COLUMNS FROM `wemall_config` [ RunTime:0.0110s ]
SQL: SELECT `value` FROM `wemall_config` WHERE ( id=67 ) LIMIT 1   [ RunTime:0.0110s ]
SQL: SELECT `value` FROM `wemall_config` WHERE ( id=68 ) LIMIT 1   [ RunTime:0.0090s ]
INFO: [ view_parse ] --START--
INFO: [ template_filter ] --START--
INFO: Run Behavior\ContentReplaceBehavior [ RunTime:0.001000s ]
INFO: [ template_filter ] --END-- [ RunTime:-0.099006s ]
INFO: Run Behavior\ParseTemplateBehavior [ RunTime:0.018001s ]
INFO: [ view_parse ] --END-- [ RunTime:-0.081005s ]
INFO: [ view_filter ] --START--
INFO: Run Behavior\WriteHtmlCacheBehavior [ RunTime:0.000000s ]
INFO: [ view_filter ] --END-- [ RunTime:-0.099006s ]
SQL: SHOW COLUMNS FROM `wemall_goods` [ RunTime:0.0120s ]
SQL: SELECT * FROM `wemall_goods` WHERE ( id = 6 ) LIMIT 1   [ RunTime:0.0100s ]
SQL: SHOW COLUMNS FROM `wemall_attachment` [ RunTime:0.0110s ]
SQL: SELECT * FROM `wemall_attachment` WHERE `id` = 12  [ RunTime:0.0100s ]
SQL: SELECT * FROM `wemall_attachment` WHERE `id` = 13  [ RunTime:0.0120s ]
SQL: SELECT * FROM `wemall_attachment` WHERE `id` = 14  [ RunTime:0.0120s ]
INFO: [ view_parse ] --START--
INFO: [ template_filter ] --START--
INFO: Run Behavior\ContentReplaceBehavior [ RunTime:0.000000s ]
INFO: [ template_filter ] --END-- [ RunTime:-0.209012s ]
NOTIC: [8] Undefined variable: rootPath D:\xampp\htdocs\wemall\ThinkPHP\Application\Runtime\Cache\Goods\0983c8e75ae36a9e8af1f5dfc72527fe.php 第 53 行.
NOTIC: [8] Undefined index: transportation_expenses D:\xampp\htdocs\wemall\ThinkPHP\Application\Runtime\Cache\Goods\0983c8e75ae36a9e8af1f5dfc72527fe.php 第 67 行.
NOTIC: [8] Undefined index: transportation_expenses D:\xampp\htdocs\wemall\ThinkPHP\Application\Runtime\Cache\Goods\0983c8e75ae36a9e8af1f5dfc72527fe.php 第 70 行.
INFO: Run Behavior\ParseTemplateBehavior [ RunTime:0.019002s ]
INFO: [ view_parse ] --END-- [ RunTime:-0.197011s ]
INFO: [ view_filter ] --START--
INFO: Run Behavior\WriteHtmlCacheBehavior [ RunTime:0.000000s ]
INFO: [ view_filter ] --END-- [ RunTime:-0.215013s ]
INFO: [ view_parse ] --START--
INFO: [ template_filter ] --START--
INFO: Run Behavior\ContentReplaceBehavior [ RunTime:0.000000s ]
INFO: [ template_filter ] --END-- [ RunTime:-0.224013s ]
NOTIC: [8] Undefined variable: YZTitle D:\xampp\htdocs\wemall\ThinkPHP\Application\Runtime\Cache\Goods\f64d738dec9062ca568444d9a07e17dd.php 第 9 行.
NOTIC: [8] Undefined variable: header D:\xampp\htdocs\wemall\ThinkPHP\Application\Runtime\Cache\Goods\f64d738dec9062ca568444d9a07e17dd.php 第 16 行.
INFO: Run Behavior\ParseTemplateBehavior [ RunTime:0.008000s ]
INFO: [ view_parse ] --END-- [ RunTime:-0.217013s ]
INFO: [ view_filter ] --START--
INFO: Run Behavior\WriteHtmlCacheBehavior [ RunTime:0.000000s ]
INFO: [ view_filter ] --END-- [ RunTime:-0.224013s ]
INFO: [ app_end ] --START--
INFO: Run Behavior\ShowPageTraceBehavior [ RunTime:0.001000s ]
INFO: [ app_end ] --END-- [ RunTime:0.001000s ]

[ 2015-05-04T13:52:07+08:00 ] 127.0.0.1 /wemall/WeiPHP/index.php/Goods/GoodsDetail/index.html?goodsId=26
INFO: [ app_init ] --START--
INFO: Run Behavior\BuildLiteBehavior [ RunTime:0.000000s ]
INFO: [ app_init ] --END-- [ RunTime:0.001000s ]
INFO: [ app_begin ] --START--
INFO: Run Behavior\ReadHtmlCacheBehavior [ RunTime:0.001000s ]
INFO: [ app_begin ] --END-- [ RunTime:0.001000s ]
INFO: [ view_parse ] --START--
INFO: [ template_filter ] --START--
INFO: Run Behavior\ContentReplaceBehavior [ RunTime:0.000000s ]
INFO: [ template_filter ] --END-- [ RunTime:0.001000s ]
INFO: Run Behavior\ParseTemplateBehavior [ RunTime:0.004000s ]
INFO: [ view_parse ] --END-- [ RunTime:0.004000s ]
INFO: [ view_filter ] --START--
INFO: Run Behavior\WriteHtmlCacheBehavior [ RunTime:0.001000s ]
INFO: [ view_filter ] --END-- [ RunTime:0.001000s ]
SQL: SHOW COLUMNS FROM `wemall_config` [ RunTime:0.0100s ]
SQL: SELECT `value` FROM `wemall_config` WHERE ( id=67 ) LIMIT 1   [ RunTime:0.0100s ]
SQL: SELECT `value` FROM `wemall_config` WHERE ( id=68 ) LIMIT 1   [ RunTime:0.0090s ]
INFO: [ view_parse ] --START--
INFO: [ template_filter ] --START--
INFO: Run Behavior\ContentReplaceBehavior [ RunTime:0.000000s ]
INFO: [ template_filter ] --END-- [ RunTime:-0.087005s ]
INFO: Run Behavior\ParseTemplateBehavior [ RunTime:0.010000s ]
INFO: [ view_parse ] --END-- [ RunTime:-0.078005s ]
INFO: [ view_filter ] --START--
INFO: Run Behavior\WriteHtmlCacheBehavior [ RunTime:0.000000s ]
INFO: [ view_filter ] --END-- [ RunTime:-0.087005s ]
SQL: SHOW COLUMNS FROM `wemall_goods` [ RunTime:0.0110s ]
SQL: SELECT * FROM `wemall_goods` WHERE ( id = 26 ) LIMIT 1   [ RunTime:0.0090s ]
SQL: SHOW COLUMNS FROM `wemall_attachment` [ RunTime:0.0100s ]
SQL: SELECT * FROM `wemall_attachment` WHERE `id` = 0  [ RunTime:0.0110s ]
NOTIC: [8] Undefined offset: 0 D:\xampp\htdocs\wemall\ThinkPHP\Application\Home\Model\AttachmentModel.class.php 第 44 行.
NOTIC: [8] Undefined offset: 0 D:\xampp\htdocs\wemall\ThinkPHP\Application\Home\Model\AttachmentModel.class.php 第 44 行.
NOTIC: [8] Undefined offset: 0 D:\xampp\htdocs\wemall\ThinkPHP\Application\Home\Model\AttachmentModel.class.php 第 45 行.
INFO: [ view_parse ] --START--
INFO: [ template_filter ] --START--
INFO: Run Behavior\ContentReplaceBehavior [ RunTime:0.000000s ]
INFO: [ template_filter ] --END-- [ RunTime:-0.145008s ]
NOTIC: [8] Undefined variable: rootPath D:\xampp\htdocs\wemall\ThinkPHP\Application\Runtime\Cache\Goods\0983c8e75ae36a9e8af1f5dfc72527fe.php 第 53 行.
NOTIC: [8] Undefined index: transportation_expenses D:\xampp\htdocs\wemall\ThinkPHP\Application\Runtime\Cache\Goods\0983c8e75ae36a9e8af1f5dfc72527fe.php 第 67 行.
NOTIC: [8] Undefined index: transportation_expenses D:\xampp\htdocs\wemall\ThinkPHP\Application\Runtime\Cache\Goods\0983c8e75ae36a9e8af1f5dfc72527fe.php 第 70 行.
INFO: Run Behavior\ParseTemplateBehavior [ RunTime:0.014001s ]
INFO: [ view_parse ] --END-- [ RunTime:-0.136008s ]
INFO: [ view_filter ] --START--
INFO: Run Behavior\WriteHtmlCacheBehavior [ RunTime:0.000000s ]
INFO: [ view_filter ] --END-- [ RunTime:-0.149009s ]
INFO: [ view_parse ] --START--
INFO: [ template_filter ] --START--
INFO: Run Behavior\ContentReplaceBehavior [ RunTime:0.000000s ]
INFO: [ template_filter ] --END-- [ RunTime:-0.165010s ]
NOTIC: [8] Undefined variable: YZTitle D:\xampp\htdocs\wemall\ThinkPHP\Application\Runtime\Cache\Goods\f64d738dec9062ca568444d9a07e17dd.php 第 9 行.
NOTIC: [8] Undefined variable: header D:\xampp\htdocs\wemall\ThinkPHP\Application\Runtime\Cache\Goods\f64d738dec9062ca568444d9a07e17dd.php 第 16 行.
INFO: Run Behavior\ParseTemplateBehavior [ RunTime:0.016001s ]
INFO: [ view_parse ] --END-- [ RunTime:-0.152009s ]
INFO: [ view_filter ] --START--
INFO: Run Behavior\WriteHtmlCacheBehavior [ RunTime:0.001000s ]
INFO: [ view_filter ] --END-- [ RunTime:-0.167010s ]
INFO: [ app_end ] --START--
INFO: Run Behavior\ShowPageTraceBehavior [ RunTime:0.001000s ]
INFO: [ app_end ] --END-- [ RunTime:0.002000s ]

[ 2015-05-04T13:54:30+08:00 ] 127.0.0.1 /wemall/WeiPHP/index.php/Goods/GoodsDetail/index.html?goodsId=4
INFO: [ app_init ] --START--
INFO: Run Behavior\BuildLiteBehavior [ RunTime:0.000000s ]
INFO: [ app_init ] --END-- [ RunTime:0.000000s ]
INFO: [ app_begin ] --START--
INFO: Run Behavior\ReadHtmlCacheBehavior [ RunTime:0.000000s ]
INFO: [ app_begin ] --END-- [ RunTime:0.002001s ]
INFO: [ view_parse ] --START--
INFO: [ template_filter ] --START--
INFO: Run Behavior\ContentReplaceBehavior [ RunTime:0.000000s ]
INFO: [ template_filter ] --END-- [ RunTime:0.000000s ]
INFO: Run Behavior\ParseTemplateBehavior [ RunTime:0.005000s ]
INFO: [ view_parse ] --END-- [ RunTime:0.005000s ]
INFO: [ view_filter ] --START--
INFO: Run Behavior\WriteHtmlCacheBehavior [ RunTime:0.000000s ]
INFO: [ view_filter ] --END-- [ RunTime:0.001000s ]
SQL: SHOW COLUMNS FROM `wemall_config` [ RunTime:0.0140s ]
SQL: SELECT `value` FROM `wemall_config` WHERE ( id=67 ) LIMIT 1   [ RunTime:0.0120s ]
SQL: SELECT `value` FROM `wemall_config` WHERE ( id=68 ) LIMIT 1   [ RunTime:0.0130s ]
INFO: [ view_parse ] --START--
INFO: [ template_filter ] --START--
INFO: Run Behavior\ContentReplaceBehavior [ RunTime:0.000000s ]
INFO: [ template_filter ] --END-- [ RunTime:-0.116007s ]
INFO: Run Behavior\ParseTemplateBehavior [ RunTime:0.011001s ]
INFO: [ view_parse ] --END-- [ RunTime:-0.105006s ]
INFO: [ view_filter ] --START--
INFO: Run Behavior\WriteHtmlCacheBehavior [ RunTime:0.000000s ]
INFO: [ view_filter ] --END-- [ RunTime:-0.115007s ]
SQL: SHOW COLUMNS FROM `wemall_goods` [ RunTime:0.0150s ]
SQL: SELECT * FROM `wemall_goods` WHERE ( id = 4 ) LIMIT 1   [ RunTime:0.0140s ]
SQL: SHOW COLUMNS FROM `wemall_attachment` [ RunTime:0.0140s ]
SQL: SELECT * FROM `wemall_attachment` WHERE `id` = 6  [ RunTime:0.0130s ]
SQL: SELECT * FROM `wemall_attachment` WHERE `id` = 7  [ RunTime:0.0130s ]
SQL: SELECT * FROM `wemall_attachment` WHERE `id` = 8  [ RunTime:0.0130s ]
INFO: [ view_parse ] --START--
INFO: [ template_filter ] --START--
INFO: Run Behavior\ContentReplaceBehavior [ RunTime:0.000000s ]
INFO: [ template_filter ] --END-- [ RunTime:-0.220013s ]
NOTIC: [8] Undefined variable: rootPath D:\xampp\htdocs\wemall\ThinkPHP\Application\Runtime\Cache\Goods\0983c8e75ae36a9e8af1f5dfc72527fe.php 第 53 行.
NOTIC: [8] Undefined index: transportation_expenses D:\xampp\htdocs\wemall\ThinkPHP\Application\Runtime\Cache\Goods\0983c8e75ae36a9e8af1f5dfc72527fe.php 第 67 行.
NOTIC: [8] Undefined index: transportation_expenses D:\xampp\htdocs\wemall\ThinkPHP\Application\Runtime\Cache\Goods\0983c8e75ae36a9e8af1f5dfc72527fe.php 第 70 行.
INFO: Run Behavior\ParseTemplateBehavior [ RunTime:0.014001s ]
INFO: [ view_parse ] --END-- [ RunTime:-0.208012s ]
INFO: [ view_filter ] --START--
INFO: Run Behavior\WriteHtmlCacheBehavior [ RunTime:0.000000s ]
INFO: [ view_filter ] --END-- [ RunTime:-0.221013s ]
INFO: [ view_parse ] --START--
INFO: [ template_filter ] --START--
INFO: Run Behavior\ContentReplaceBehavior [ RunTime:0.000000s ]
INFO: [ template_filter ] --END-- [ RunTime:-0.232013s ]
NOTIC: [8] Undefined variable: YZTitle D:\xampp\htdocs\wemall\ThinkPHP\Application\Runtime\Cache\Goods\f64d738dec9062ca568444d9a07e17dd.php 第 9 行.
NOTIC: [8] Undefined variable: header D:\xampp\htdocs\wemall\ThinkPHP\Application\Runtime\Cache\Goods\f64d738dec9062ca568444d9a07e17dd.php 第 16 行.
INFO: Run Behavior\ParseTemplateBehavior [ RunTime:0.010000s ]
INFO: [ view_parse ] --END-- [ RunTime:-0.223013s ]
INFO: [ view_filter ] --START--
INFO: Run Behavior\WriteHtmlCacheBehavior [ RunTime:0.000000s ]
INFO: [ view_filter ] --END-- [ RunTime:-0.232013s ]
INFO: [ app_end ] --START--
INFO: Run Behavior\ShowPageTraceBehavior [ RunTime:0.001000s ]
INFO: [ app_end ] --END-- [ RunTime:0.001000s ]

