[ 2015-04-17T08:20:23+08:00 ] 127.0.0.1 /wemall/WeiPHP/admin.php/SlideShow/Index/index.html
INFO: [ app_init ] --START--
INFO: Run Behavior\BuildLiteBehavior [ RunTime:0.000000s ]
INFO: [ app_init ] --END-- [ RunTime:0.000000s ]
INFO: [ app_begin ] --START--
INFO: Run Behavior\ReadHtmlCacheBehavior [ RunTime:0.001000s ]
INFO: [ app_begin ] --END-- [ RunTime:0.001000s ]
NOTIC: [2048] Declaration of SlideShow\Model\SlideShowModel::add() should be compatible with Think\Model::add($data = '', $options = Array, $replace = false) D:\xampp\htdocs\wemall\ThinkPHP\Application\SlideShow\Model\SlideShowModel.class.php 第 15 行.
SQL: SHOW COLUMNS FROM `wemall_slide_show` [ RunTime:0.0080s ]
ERR: Think\Model:slideAction方法不存在！

[ 2015-04-17T08:20:52+08:00 ] 127.0.0.1 /wemall/WeiPHP/admin.php/SlideShow/Index/index.html
INFO: [ app_init ] --START--
INFO: Run Behavior\BuildLiteBehavior [ RunTime:0.000000s ]
INFO: [ app_init ] --END-- [ RunTime:0.000000s ]
INFO: [ app_begin ] --START--
INFO: Run Behavior\ReadHtmlCacheBehavior [ RunTime:0.000000s ]
INFO: [ app_begin ] --END-- [ RunTime:0.001000s ]
NOTIC: [2048] Declaration of SlideShow\Model\SlideShowModel::add() should be compatible with Think\Model::add($data = '', $options = Array, $replace = false) D:\xampp\htdocs\wemall\ThinkPHP\Application\SlideShow\Model\SlideShowModel.class.php 第 15 行.
SQL: SHOW COLUMNS FROM `wemall_slide_show` [ RunTime:0.0070s ]
ERR: Think\Model:slideAction方法不存在！

[ 2015-04-17T08:30:06+08:00 ] 127.0.0.1 /wemall/WeiPHP/admin.php/SlideShow/Index/index.html
INFO: [ app_init ] --START--
INFO: Run Behavior\BuildLiteBehavior [ RunTime:0.001000s ]
INFO: [ app_init ] --END-- [ RunTime:0.001000s ]
INFO: [ app_begin ] --START--
INFO: Run Behavior\ReadHtmlCacheBehavior [ RunTime:0.001000s ]
INFO: [ app_begin ] --END-- [ RunTime:0.001000s ]
NOTIC: [2048] Declaration of SlideShow\Model\SlideShowModel::add() should be compatible with Think\Model::add($data = '', $options = Array, $replace = false) D:\xampp\htdocs\wemall\ThinkPHP\Application\SlideShow\Model\SlideShowModel.class.php 第 15 行.
SQL: SHOW COLUMNS FROM `wemall_slide_show` [ RunTime:0.0070s ]
ERR: Think\Model:slideAction方法不存在！

[ 2015-04-17T08:30:46+08:00 ] 127.0.0.1 /wemall/WeiPHP/admin.php/SlideShow/Index/index.html
INFO: [ app_init ] --START--
INFO: Run Behavior\BuildLiteBehavior [ RunTime:0.000000s ]
INFO: [ app_init ] --END-- [ RunTime:0.001000s ]
INFO: [ app_begin ] --START--
INFO: Run Behavior\ReadHtmlCacheBehavior [ RunTime:0.002000s ]
INFO: [ app_begin ] --END-- [ RunTime:0.002000s ]
NOTIC: [2048] Declaration of SlideShow\Model\SlideShowModel::add() should be compatible with Think\Model::add($data = '', $options = Array, $replace = false) D:\xampp\htdocs\wemall\ThinkPHP\Application\SlideShow\Model\SlideShowModel.class.php 第 15 行.
SQL: SHOW COLUMNS FROM `wemall_slide_show` [ RunTime:0.0120s ]
ERR: Think\Model:slideAction方法不存在！

[ 2015-04-17T08:31:23+08:00 ] 127.0.0.1 /wemall/WeiPHP/admin.php/SlideShow/Index/index.html
INFO: [ app_init ] --START--
INFO: Run Behavior\BuildLiteBehavior [ RunTime:0.000000s ]
INFO: [ app_init ] --END-- [ RunTime:0.001000s ]
INFO: [ app_begin ] --START--
INFO: Run Behavior\ReadHtmlCacheBehavior [ RunTime:0.001000s ]
INFO: [ app_begin ] --END-- [ RunTime:0.001000s ]
INFO: [ view_parse ] --START--
INFO: [ template_filter ] --START--
INFO: Run Behavior\ContentReplaceBehavior [ RunTime:0.000000s ]
INFO: [ template_filter ] --END-- [ RunTime:0.002000s ]
INFO: Run Behavior\ParseTemplateBehavior [ RunTime:0.013001s ]
INFO: [ view_parse ] --END-- [ RunTime:0.013001s ]
INFO: [ view_filter ] --START--
INFO: Run Behavior\WriteHtmlCacheBehavior [ RunTime:0.002000s ]
INFO: [ view_filter ] --END-- [ RunTime:0.002000s ]
SQL: SHOW COLUMNS FROM `wemall_admin_menu` [ RunTime:0.0110s ]
SQL: SELECT * FROM `wemall_admin_menu` WHERE ( pid = 0 ) ORDER BY sort desc  [ RunTime:0.0130s ]
NOTIC: [8] Undefined variable: menuList D:\xampp\htdocs\wemall\ThinkPHP\Application\Admin\Model\AdminMenuModel.class.php 第 32 行.
NOTIC: [8] Undefined variable: menuList D:\xampp\htdocs\wemall\ThinkPHP\Application\Admin\Model\AdminMenuModel.class.php 第 32 行.
NOTIC: [8] Undefined variable: menuList D:\xampp\htdocs\wemall\ThinkPHP\Application\Admin\Model\AdminMenuModel.class.php 第 32 行.
NOTIC: [8] Undefined variable: menuList D:\xampp\htdocs\wemall\ThinkPHP\Application\Admin\Model\AdminMenuModel.class.php 第 32 行.
NOTIC: [8] Undefined variable: menuList D:\xampp\htdocs\wemall\ThinkPHP\Application\Admin\Model\AdminMenuModel.class.php 第 32 行.
NOTIC: [8] Undefined variable: menuList D:\xampp\htdocs\wemall\ThinkPHP\Application\Admin\Model\AdminMenuModel.class.php 第 32 行.
NOTIC: [8] Undefined variable: menuList D:\xampp\htdocs\wemall\ThinkPHP\Application\Admin\Model\AdminMenuModel.class.php 第 32 行.
NOTIC: [8] Undefined variable: menuList D:\xampp\htdocs\wemall\ThinkPHP\Application\Admin\Model\AdminMenuModel.class.php 第 32 行.
NOTIC: [8] Undefined variable: menuList D:\xampp\htdocs\wemall\ThinkPHP\Application\Admin\Model\AdminMenuModel.class.php 第 32 行.
NOTIC: [8] Undefined variable: menuList D:\xampp\htdocs\wemall\ThinkPHP\Application\Admin\Model\AdminMenuModel.class.php 第 32 行.
NOTIC: [8] Undefined variable: menuList D:\xampp\htdocs\wemall\ThinkPHP\Application\Admin\Model\AdminMenuModel.class.php 第 32 行.
INFO: [ view_parse ] --START--
INFO: [ template_filter ] --START--
INFO: Run Behavior\ContentReplaceBehavior [ RunTime:0.000000s ]
INFO: [ template_filter ] --END-- [ RunTime:-0.113006s ]
INFO: Run Behavior\ParseTemplateBehavior [ RunTime:0.010001s ]
INFO: [ view_parse ] --END-- [ RunTime:-0.102006s ]
INFO: [ view_filter ] --START--
INFO: Run Behavior\WriteHtmlCacheBehavior [ RunTime:0.000000s ]
INFO: [ view_filter ] --END-- [ RunTime:-0.111007s ]
NOTIC: [8] Undefined variable: subMenu D:\xampp\htdocs\wemall\ThinkPHP\Application\Admin\Controller\AdminController.class.php 第 45 行.
NOTIC: [2048] Declaration of SlideShow\Model\SlideShowModel::add() should be compatible with Think\Model::add($data = '', $options = Array, $replace = false) D:\xampp\htdocs\wemall\ThinkPHP\Application\SlideShow\Model\SlideShowModel.class.php 第 52 行.
SQL: SHOW COLUMNS FROM `wemall_slide_show` [ RunTime:0.0110s ]
SQL: SELECT * FROM `wemall_slide_show`  [ RunTime:0.0090s ]
SQL: SHOW COLUMNS FROM `wemall_goods` [ RunTime:0.0120s ]
SQL: SELECT * FROM `wemall_goods`  [ RunTime:0.0140s ]
SQL: SELECT `name` FROM `wemall_goods` WHERE `id` = 5 LIMIT 1   [ RunTime:0.0110s ]
SQL: SELECT `name` FROM `wemall_goods` WHERE `id` = 7 LIMIT 1   [ RunTime:0.0100s ]
SQL: SELECT `name` FROM `wemall_goods` WHERE `id` = 9 LIMIT 1   [ RunTime:0.0160s ]
SQL: SELECT `name` FROM `wemall_goods` WHERE `id` = 8 LIMIT 1   [ RunTime:0.0160s ]
INFO: [ view_parse ] --START--
INFO: [ template_filter ] --START--
INFO: Run Behavior\ContentReplaceBehavior [ RunTime:0.001000s ]
INFO: [ template_filter ] --END-- [ RunTime:-0.319018s ]
NOTIC: [8] Undefined index: top_money D:\xampp\htdocs\wemall\ThinkPHP\Application\Runtime\Cache\SlideShow\ac729ee712ca2ba95b26d7e99cdd3983.php 第 60 行.
NOTIC: [8] Undefined index: direct_ratio D:\xampp\htdocs\wemall\ThinkPHP\Application\Runtime\Cache\SlideShow\ac729ee712ca2ba95b26d7e99cdd3983.php 第 61 行.
NOTIC: [8] Undefined index: line_ratio D:\xampp\htdocs\wemall\ThinkPHP\Application\Runtime\Cache\SlideShow\ac729ee712ca2ba95b26d7e99cdd3983.php 第 62 行.
NOTIC: [8] Undefined index: direct_ratio D:\xampp\htdocs\wemall\ThinkPHP\Application\Runtime\Cache\SlideShow\ac729ee712ca2ba95b26d7e99cdd3983.php 第 63 行.
NOTIC: [8] Undefined index: line_ratio D:\xampp\htdocs\wemall\ThinkPHP\Application\Runtime\Cache\SlideShow\ac729ee712ca2ba95b26d7e99cdd3983.php 第 64 行.
NOTIC: [8] Undefined index: top_money D:\xampp\htdocs\wemall\ThinkPHP\Application\Runtime\Cache\SlideShow\ac729ee712ca2ba95b26d7e99cdd3983.php 第 60 行.
NOTIC: [8] Undefined index: direct_ratio D:\xampp\htdocs\wemall\ThinkPHP\Application\Runtime\Cache\SlideShow\ac729ee712ca2ba95b26d7e99cdd3983.php 第 61 行.
NOTIC: [8] Undefined index: line_ratio D:\xampp\htdocs\wemall\ThinkPHP\Application\Runtime\Cache\SlideShow\ac729ee712ca2ba95b26d7e99cdd3983.php 第 62 行.
NOTIC: [8] Undefined index: direct_ratio D:\xampp\htdocs\wemall\ThinkPHP\Application\Runtime\Cache\SlideShow\ac729ee712ca2ba95b26d7e99cdd3983.php 第 63 行.
NOTIC: [8] Undefined index: line_ratio D:\xampp\htdocs\wemall\ThinkPHP\Application\Runtime\Cache\SlideShow\ac729ee712ca2ba95b26d7e99cdd3983.php 第 64 行.
NOTIC: [8] Undefined index: top_money D:\xampp\htdocs\wemall\ThinkPHP\Application\Runtime\Cache\SlideShow\ac729ee712ca2ba95b26d7e99cdd3983.php 第 60 行.
NOTIC: [8] Undefined index: direct_ratio D:\xampp\htdocs\wemall\ThinkPHP\Application\Runtime\Cache\SlideShow\ac729ee712ca2ba95b26d7e99cdd3983.php 第 61 行.
NOTIC: [8] Undefined index: line_ratio D:\xampp\htdocs\wemall\ThinkPHP\Application\Runtime\Cache\SlideShow\ac729ee712ca2ba95b26d7e99cdd3983.php 第 62 行.
NOTIC: [8] Undefined index: direct_ratio D:\xampp\htdocs\wemall\ThinkPHP\Application\Runtime\Cache\SlideShow\ac729ee712ca2ba95b26d7e99cdd3983.php 第 63 行.
NOTIC: [8] Undefined index: line_ratio D:\xampp\htdocs\wemall\ThinkPHP\Application\Runtime\Cache\SlideShow\ac729ee712ca2ba95b26d7e99cdd3983.php 第 64 行.
NOTIC: [8] Undefined index: top_money D:\xampp\htdocs\wemall\ThinkPHP\Application\Runtime\Cache\SlideShow\ac729ee712ca2ba95b26d7e99cdd3983.php 第 60 行.
NOTIC: [8] Undefined index: direct_ratio D:\xampp\htdocs\wemall\ThinkPHP\Application\Runtime\Cache\SlideShow\ac729ee712ca2ba95b26d7e99cdd3983.php 第 61 行.
NOTIC: [8] Undefined index: line_ratio D:\xampp\htdocs\wemall\ThinkPHP\Application\Runtime\Cache\SlideShow\ac729ee712ca2ba95b26d7e99cdd3983.php 第 62 行.
NOTIC: [8] Undefined index: direct_ratio D:\xampp\htdocs\wemall\ThinkPHP\Application\Runtime\Cache\SlideShow\ac729ee712ca2ba95b26d7e99cdd3983.php 第 63 行.
NOTIC: [8] Undefined index: line_ratio D:\xampp\htdocs\wemall\ThinkPHP\Application\Runtime\Cache\SlideShow\ac729ee712ca2ba95b26d7e99cdd3983.php 第 64 行.
INFO: Run Behavior\ParseTemplateBehavior [ RunTime:0.026002s ]
INFO: [ view_parse ] --END-- [ RunTime:-0.300017s ]
INFO: [ view_filter ] --START--
INFO: Run Behavior\WriteHtmlCacheBehavior [ RunTime:0.000000s ]
INFO: [ view_filter ] --END-- [ RunTime:-0.324019s ]
NOTIC: [2] Cannot modify header information - headers already sent by (output started at D:\xampp\htdocs\wemall\ThinkPHP\Application\SlideShow\Controller\IndexController.class.php:48) D:\xampp\htdocs\wemall\ThinkPHP\ThinkPHP\Library\Think\View.class.php 第 91 行.
NOTIC: [2] Cannot modify header information - headers already sent by (output started at D:\xampp\htdocs\wemall\ThinkPHP\Application\SlideShow\Controller\IndexController.class.php:48) D:\xampp\htdocs\wemall\ThinkPHP\ThinkPHP\Library\Think\View.class.php 第 92 行.
NOTIC: [2] Cannot modify header information - headers already sent by (output started at D:\xampp\htdocs\wemall\ThinkPHP\Application\SlideShow\Controller\IndexController.class.php:48) D:\xampp\htdocs\wemall\ThinkPHP\ThinkPHP\Library\Think\View.class.php 第 93 行.
INFO: [ app_end ] --START--
INFO: Run Behavior\ShowPageTraceBehavior [ RunTime:0.001000s ]
INFO: [ app_end ] --END-- [ RunTime:0.002000s ]

[ 2015-04-17T08:32:20+08:00 ] 127.0.0.1 /wemall/WeiPHP/admin.php/SlideShow/Index/index.html
INFO: [ app_init ] --START--
INFO: Run Behavior\BuildLiteBehavior [ RunTime:0.000000s ]
INFO: [ app_init ] --END-- [ RunTime:0.001000s ]
INFO: [ app_begin ] --START--
INFO: Run Behavior\ReadHtmlCacheBehavior [ RunTime:0.002000s ]
INFO: [ app_begin ] --END-- [ RunTime:0.002000s ]
INFO: [ view_parse ] --START--
INFO: [ template_filter ] --START--
INFO: Run Behavior\ContentReplaceBehavior [ RunTime:0.000000s ]
INFO: [ template_filter ] --END-- [ RunTime:0.001000s ]
INFO: Run Behavior\ParseTemplateBehavior [ RunTime:0.010000s ]
INFO: [ view_parse ] --END-- [ RunTime:0.010000s ]
INFO: [ view_filter ] --START--
INFO: Run Behavior\WriteHtmlCacheBehavior [ RunTime:0.002000s ]
INFO: [ view_filter ] --END-- [ RunTime:0.002000s ]
SQL: SHOW COLUMNS FROM `wemall_admin_menu` [ RunTime:0.0130s ]
SQL: SELECT * FROM `wemall_admin_menu` WHERE ( pid = 0 ) ORDER BY sort desc  [ RunTime:0.0150s ]
NOTIC: [8] Undefined variable: menuList D:\xampp\htdocs\wemall\ThinkPHP\Application\Admin\Model\AdminMenuModel.class.php 第 32 行.
NOTIC: [8] Undefined variable: menuList D:\xampp\htdocs\wemall\ThinkPHP\Application\Admin\Model\AdminMenuModel.class.php 第 32 行.
NOTIC: [8] Undefined variable: menuList D:\xampp\htdocs\wemall\ThinkPHP\Application\Admin\Model\AdminMenuModel.class.php 第 32 行.
NOTIC: [8] Undefined variable: menuList D:\xampp\htdocs\wemall\ThinkPHP\Application\Admin\Model\AdminMenuModel.class.php 第 32 行.
NOTIC: [8] Undefined variable: menuList D:\xampp\htdocs\wemall\ThinkPHP\Application\Admin\Model\AdminMenuModel.class.php 第 32 行.
NOTIC: [8] Undefined variable: menuList D:\xampp\htdocs\wemall\ThinkPHP\Application\Admin\Model\AdminMenuModel.class.php 第 32 行.
NOTIC: [8] Undefined variable: menuList D:\xampp\htdocs\wemall\ThinkPHP\Application\Admin\Model\AdminMenuModel.class.php 第 32 行.
NOTIC: [8] Undefined variable: menuList D:\xampp\htdocs\wemall\ThinkPHP\Application\Admin\Model\AdminMenuModel.class.php 第 32 行.
NOTIC: [8] Undefined variable: menuList D:\xampp\htdocs\wemall\ThinkPHP\Application\Admin\Model\AdminMenuModel.class.php 第 32 行.
NOTIC: [8] Undefined variable: menuList D:\xampp\htdocs\wemall\ThinkPHP\Application\Admin\Model\AdminMenuModel.class.php 第 32 行.
NOTIC: [8] Undefined variable: menuList D:\xampp\htdocs\wemall\ThinkPHP\Application\Admin\Model\AdminMenuModel.class.php 第 32 行.
INFO: [ view_parse ] --START--
INFO: [ template_filter ] --START--
INFO: Run Behavior\ContentReplaceBehavior [ RunTime:0.001000s ]
INFO: [ template_filter ] --END-- [ RunTime:-0.135008s ]
INFO: Run Behavior\ParseTemplateBehavior [ RunTime:0.008000s ]
INFO: [ view_parse ] --END-- [ RunTime:-0.128008s ]
INFO: [ view_filter ] --START--
INFO: Run Behavior\WriteHtmlCacheBehavior [ RunTime:0.000000s ]
INFO: [ view_filter ] --END-- [ RunTime:-0.135008s ]
NOTIC: [8] Undefined variable: subMenu D:\xampp\htdocs\wemall\ThinkPHP\Application\Admin\Controller\AdminController.class.php 第 45 行.
NOTIC: [2048] Declaration of SlideShow\Model\SlideShowModel::add() should be compatible with Think\Model::add($data = '', $options = Array, $replace = false) D:\xampp\htdocs\wemall\ThinkPHP\Application\SlideShow\Model\SlideShowModel.class.php 第 52 行.
SQL: SHOW COLUMNS FROM `wemall_slide_show` [ RunTime:0.0140s ]
SQL: SELECT * FROM `wemall_slide_show`  [ RunTime:0.0130s ]
SQL: SHOW COLUMNS FROM `wemall_goods` [ RunTime:0.0120s ]
SQL: SELECT * FROM `wemall_goods`  [ RunTime:0.0130s ]
SQL: SELECT `name` FROM `wemall_goods` WHERE `id` = 5 LIMIT 1   [ RunTime:0.0100s ]
SQL: SELECT `name` FROM `wemall_goods` WHERE `id` = 7 LIMIT 1   [ RunTime:0.0110s ]
SQL: SELECT `name` FROM `wemall_goods` WHERE `id` = 9 LIMIT 1   [ RunTime:0.0130s ]
SQL: SELECT `name` FROM `wemall_goods` WHERE `id` = 8 LIMIT 1   [ RunTime:0.0120s ]
INFO: [ view_parse ] --START--
INFO: [ template_filter ] --START--
INFO: Run Behavior\ContentReplaceBehavior [ RunTime:0.000000s ]
INFO: [ template_filter ] --END-- [ RunTime:-0.271016s ]
NOTIC: [8] Undefined index: top_money D:\xampp\htdocs\wemall\ThinkPHP\Application\Runtime\Cache\SlideShow\ac729ee712ca2ba95b26d7e99cdd3983.php 第 60 行.
NOTIC: [8] Undefined index: direct_ratio D:\xampp\htdocs\wemall\ThinkPHP\Application\Runtime\Cache\SlideShow\ac729ee712ca2ba95b26d7e99cdd3983.php 第 61 行.
NOTIC: [8] Undefined index: line_ratio D:\xampp\htdocs\wemall\ThinkPHP\Application\Runtime\Cache\SlideShow\ac729ee712ca2ba95b26d7e99cdd3983.php 第 62 行.
NOTIC: [8] Undefined index: direct_ratio D:\xampp\htdocs\wemall\ThinkPHP\Application\Runtime\Cache\SlideShow\ac729ee712ca2ba95b26d7e99cdd3983.php 第 63 行.
NOTIC: [8] Undefined index: line_ratio D:\xampp\htdocs\wemall\ThinkPHP\Application\Runtime\Cache\SlideShow\ac729ee712ca2ba95b26d7e99cdd3983.php 第 64 行.
NOTIC: [8] Undefined index: top_money D:\xampp\htdocs\wemall\ThinkPHP\Application\Runtime\Cache\SlideShow\ac729ee712ca2ba95b26d7e99cdd3983.php 第 60 行.
NOTIC: [8] Undefined index: direct_ratio D:\xampp\htdocs\wemall\ThinkPHP\Application\Runtime\Cache\SlideShow\ac729ee712ca2ba95b26d7e99cdd3983.php 第 61 行.
NOTIC: [8] Undefined index: line_ratio D:\xampp\htdocs\wemall\ThinkPHP\Application\Runtime\Cache\SlideShow\ac729ee712ca2ba95b26d7e99cdd3983.php 第 62 行.
NOTIC: [8] Undefined index: direct_ratio D:\xampp\htdocs\wemall\ThinkPHP\Application\Runtime\Cache\SlideShow\ac729ee712ca2ba95b26d7e99cdd3983.php 第 63 行.
NOTIC: [8] Undefined index: line_ratio D:\xampp\htdocs\wemall\ThinkPHP\Application\Runtime\Cache\SlideShow\ac729ee712ca2ba95b26d7e99cdd3983.php 第 64 行.
NOTIC: [8] Undefined index: top_money D:\xampp\htdocs\wemall\ThinkPHP\Application\Runtime\Cache\SlideShow\ac729ee712ca2ba95b26d7e99cdd3983.php 第 60 行.
NOTIC: [8] Undefined index: direct_ratio D:\xampp\htdocs\wemall\ThinkPHP\Application\Runtime\Cache\SlideShow\ac729ee712ca2ba95b26d7e99cdd3983.php 第 61 行.
NOTIC: [8] Undefined index: line_ratio D:\xampp\htdocs\wemall\ThinkPHP\Application\Runtime\Cache\SlideShow\ac729ee712ca2ba95b26d7e99cdd3983.php 第 62 行.
NOTIC: [8] Undefined index: direct_ratio D:\xampp\htdocs\wemall\ThinkPHP\Application\Runtime\Cache\SlideShow\ac729ee712ca2ba95b26d7e99cdd3983.php 第 63 行.
NOTIC: [8] Undefined index: line_ratio D:\xampp\htdocs\wemall\ThinkPHP\Application\Runtime\Cache\SlideShow\ac729ee712ca2ba95b26d7e99cdd3983.php 第 64 行.
NOTIC: [8] Undefined index: top_money D:\xampp\htdocs\wemall\ThinkPHP\Application\Runtime\Cache\SlideShow\ac729ee712ca2ba95b26d7e99cdd3983.php 第 60 行.
NOTIC: [8] Undefined index: direct_ratio D:\xampp\htdocs\wemall\ThinkPHP\Application\Runtime\Cache\SlideShow\ac729ee712ca2ba95b26d7e99cdd3983.php 第 61 行.
NOTIC: [8] Undefined index: line_ratio D:\xampp\htdocs\wemall\ThinkPHP\Application\Runtime\Cache\SlideShow\ac729ee712ca2ba95b26d7e99cdd3983.php 第 62 行.
NOTIC: [8] Undefined index: direct_ratio D:\xampp\htdocs\wemall\ThinkPHP\Application\Runtime\Cache\SlideShow\ac729ee712ca2ba95b26d7e99cdd3983.php 第 63 行.
NOTIC: [8] Undefined index: line_ratio D:\xampp\htdocs\wemall\ThinkPHP\Application\Runtime\Cache\SlideShow\ac729ee712ca2ba95b26d7e99cdd3983.php 第 64 行.
INFO: Run Behavior\ParseTemplateBehavior [ RunTime:0.020001s ]
INFO: [ view_parse ] --END-- [ RunTime:-0.260015s ]
INFO: [ view_filter ] --START--
INFO: Run Behavior\WriteHtmlCacheBehavior [ RunTime:0.000000s ]
INFO: [ view_filter ] --END-- [ RunTime:-0.279016s ]
NOTIC: [2] Cannot modify header information - headers already sent by (output started at D:\xampp\htdocs\wemall\ThinkPHP\Application\SlideShow\Controller\IndexController.class.php:48) D:\xampp\htdocs\wemall\ThinkPHP\ThinkPHP\Library\Think\View.class.php 第 91 行.
NOTIC: [2] Cannot modify header information - headers already sent by (output started at D:\xampp\htdocs\wemall\ThinkPHP\Application\SlideShow\Controller\IndexController.class.php:48) D:\xampp\htdocs\wemall\ThinkPHP\ThinkPHP\Library\Think\View.class.php 第 92 行.
NOTIC: [2] Cannot modify header information - headers already sent by (output started at D:\xampp\htdocs\wemall\ThinkPHP\Application\SlideShow\Controller\IndexController.class.php:48) D:\xampp\htdocs\wemall\ThinkPHP\ThinkPHP\Library\Think\View.class.php 第 93 行.
INFO: [ app_end ] --START--
INFO: Run Behavior\ShowPageTraceBehavior [ RunTime:0.001000s ]
INFO: [ app_end ] --END-- [ RunTime:0.003000s ]

[ 2015-04-17T08:44:08+08:00 ] 127.0.0.1 /wemall/WeiPHP/admin.php/SlideShow/Index/index.html
INFO: [ app_init ] --START--
INFO: Run Behavior\BuildLiteBehavior [ RunTime:0.000000s ]
INFO: [ app_init ] --END-- [ RunTime:0.001000s ]
INFO: [ app_begin ] --START--
INFO: Run Behavior\ReadHtmlCacheBehavior [ RunTime:0.001000s ]
INFO: [ app_begin ] --END-- [ RunTime:0.001000s ]
INFO: [ view_parse ] --START--
INFO: [ template_filter ] --START--
INFO: Run Behavior\ContentReplaceBehavior [ RunTime:0.001000s ]
INFO: [ template_filter ] --END-- [ RunTime:0.001000s ]
INFO: Run Behavior\ParseTemplateBehavior [ RunTime:0.008000s ]
INFO: [ view_parse ] --END-- [ RunTime:0.008000s ]
INFO: [ view_filter ] --START--
INFO: Run Behavior\WriteHtmlCacheBehavior [ RunTime:0.000000s ]
INFO: [ view_filter ] --END-- [ RunTime:0.000000s ]
SQL: SHOW COLUMNS FROM `wemall_admin_menu` [ RunTime:0.0090s ]
SQL: SELECT * FROM `wemall_admin_menu` WHERE ( pid = 0 ) ORDER BY sort desc  [ RunTime:0.0080s ]
NOTIC: [8] Undefined variable: menuList D:\xampp\htdocs\wemall\ThinkPHP\Application\Admin\Model\AdminMenuModel.class.php 第 32 行.
NOTIC: [8] Undefined variable: menuList D:\xampp\htdocs\wemall\ThinkPHP\Application\Admin\Model\AdminMenuModel.class.php 第 32 行.
NOTIC: [8] Undefined variable: menuList D:\xampp\htdocs\wemall\ThinkPHP\Application\Admin\Model\AdminMenuModel.class.php 第 32 行.
NOTIC: [8] Undefined variable: menuList D:\xampp\htdocs\wemall\ThinkPHP\Application\Admin\Model\AdminMenuModel.class.php 第 32 行.
NOTIC: [8] Undefined variable: menuList D:\xampp\htdocs\wemall\ThinkPHP\Application\Admin\Model\AdminMenuModel.class.php 第 32 行.
NOTIC: [8] Undefined variable: menuList D:\xampp\htdocs\wemall\ThinkPHP\Application\Admin\Model\AdminMenuModel.class.php 第 32 行.
NOTIC: [8] Undefined variable: menuList D:\xampp\htdocs\wemall\ThinkPHP\Application\Admin\Model\AdminMenuModel.class.php 第 32 行.
NOTIC: [8] Undefined variable: menuList D:\xampp\htdocs\wemall\ThinkPHP\Application\Admin\Model\AdminMenuModel.class.php 第 32 行.
NOTIC: [8] Undefined variable: menuList D:\xampp\htdocs\wemall\ThinkPHP\Application\Admin\Model\AdminMenuModel.class.php 第 32 行.
NOTIC: [8] Undefined variable: menuList D:\xampp\htdocs\wemall\ThinkPHP\Application\Admin\Model\AdminMenuModel.class.php 第 32 行.
NOTIC: [8] Undefined variable: menuList D:\xampp\htdocs\wemall\ThinkPHP\Application\Admin\Model\AdminMenuModel.class.php 第 32 行.
INFO: [ view_parse ] --START--
INFO: [ template_filter ] --START--
INFO: Run Behavior\ContentReplaceBehavior [ RunTime:0.000000s ]
INFO: [ template_filter ] --END-- [ RunTime:-0.165406s ]
INFO: Run Behavior\ParseTemplateBehavior [ RunTime:0.007000s ]
INFO: [ view_parse ] --END-- [ RunTime:-0.160406s ]
INFO: [ view_filter ] --START--
INFO: Run Behavior\WriteHtmlCacheBehavior [ RunTime:0.000000s ]
INFO: [ view_filter ] --END-- [ RunTime:-0.168406s ]
NOTIC: [8] Undefined variable: subMenu D:\xampp\htdocs\wemall\ThinkPHP\Application\Admin\Controller\AdminController.class.php 第 45 行.
NOTIC: [2048] Declaration of SlideShow\Model\SlideShowModel::add() should be compatible with Think\Model::add($data = '', $options = Array, $replace = false) D:\xampp\htdocs\wemall\ThinkPHP\Application\SlideShow\Model\SlideShowModel.class.php 第 52 行.
SQL: SHOW COLUMNS FROM `wemall_slide_show` [ RunTime:0.0000s ]
SQL: SELECT * FROM `wemall_slide_show`  [ RunTime:0.0156s ]
SQL: SHOW COLUMNS FROM `wemall_goods` [ RunTime:0.0000s ]
SQL: SELECT * FROM `wemall_goods`  [ RunTime:0.0176s ]
SQL: SELECT `name` FROM `wemall_goods` WHERE `id` = 5 LIMIT 1   [ RunTime:0.0000s ]
SQL: SELECT `name` FROM `wemall_goods` WHERE `id` = 7 LIMIT 1   [ RunTime:0.0156s ]
SQL: SELECT `name` FROM `wemall_goods` WHERE `id` = 9 LIMIT 1   [ RunTime:0.0000s ]
SQL: SELECT `name` FROM `wemall_goods` WHERE `id` = 8 LIMIT 1   [ RunTime:0.0070s ]
INFO: [ view_parse ] --START--
INFO: [ template_filter ] --START--
INFO: Run Behavior\ContentReplaceBehavior [ RunTime:0.000000s ]
INFO: [ template_filter ] --END-- [ RunTime:-0.255808s ]
NOTIC: [8] Undefined index: top_money D:\xampp\htdocs\wemall\ThinkPHP\Application\Runtime\Cache\SlideShow\ac729ee712ca2ba95b26d7e99cdd3983.php 第 60 行.
NOTIC: [8] Undefined index: direct_ratio D:\xampp\htdocs\wemall\ThinkPHP\Application\Runtime\Cache\SlideShow\ac729ee712ca2ba95b26d7e99cdd3983.php 第 61 行.
NOTIC: [8] Undefined index: line_ratio D:\xampp\htdocs\wemall\ThinkPHP\Application\Runtime\Cache\SlideShow\ac729ee712ca2ba95b26d7e99cdd3983.php 第 62 行.
NOTIC: [8] Undefined index: direct_ratio D:\xampp\htdocs\wemall\ThinkPHP\Application\Runtime\Cache\SlideShow\ac729ee712ca2ba95b26d7e99cdd3983.php 第 63 行.
NOTIC: [8] Undefined index: line_ratio D:\xampp\htdocs\wemall\ThinkPHP\Application\Runtime\Cache\SlideShow\ac729ee712ca2ba95b26d7e99cdd3983.php 第 64 行.
NOTIC: [8] Undefined index: top_money D:\xampp\htdocs\wemall\ThinkPHP\Application\Runtime\Cache\SlideShow\ac729ee712ca2ba95b26d7e99cdd3983.php 第 60 行.
NOTIC: [8] Undefined index: direct_ratio D:\xampp\htdocs\wemall\ThinkPHP\Application\Runtime\Cache\SlideShow\ac729ee712ca2ba95b26d7e99cdd3983.php 第 61 行.
NOTIC: [8] Undefined index: line_ratio D:\xampp\htdocs\wemall\ThinkPHP\Application\Runtime\Cache\SlideShow\ac729ee712ca2ba95b26d7e99cdd3983.php 第 62 行.
NOTIC: [8] Undefined index: direct_ratio D:\xampp\htdocs\wemall\ThinkPHP\Application\Runtime\Cache\SlideShow\ac729ee712ca2ba95b26d7e99cdd3983.php 第 63 行.
NOTIC: [8] Undefined index: line_ratio D:\xampp\htdocs\wemall\ThinkPHP\Application\Runtime\Cache\SlideShow\ac729ee712ca2ba95b26d7e99cdd3983.php 第 64 行.
NOTIC: [8] Undefined index: top_money D:\xampp\htdocs\wemall\ThinkPHP\Application\Runtime\Cache\SlideShow\ac729ee712ca2ba95b26d7e99cdd3983.php 第 60 行.
NOTIC: [8] Undefined index: direct_ratio D:\xampp\htdocs\wemall\ThinkPHP\Application\Runtime\Cache\SlideShow\ac729ee712ca2ba95b26d7e99cdd3983.php 第 61 行.
NOTIC: [8] Undefined index: line_ratio D:\xampp\htdocs\wemall\ThinkPHP\Application\Runtime\Cache\SlideShow\ac729ee712ca2ba95b26d7e99cdd3983.php 第 62 行.
NOTIC: [8] Undefined index: direct_ratio D:\xampp\htdocs\wemall\ThinkPHP\Application\Runtime\Cache\SlideShow\ac729ee712ca2ba95b26d7e99cdd3983.php 第 63 行.
NOTIC: [8] Undefined index: line_ratio D:\xampp\htdocs\wemall\ThinkPHP\Application\Runtime\Cache\SlideShow\ac729ee712ca2ba95b26d7e99cdd3983.php 第 64 行.
NOTIC: [8] Undefined index: top_money D:\xampp\htdocs\wemall\ThinkPHP\Application\Runtime\Cache\SlideShow\ac729ee712ca2ba95b26d7e99cdd3983.php 第 60 行.
NOTIC: [8] Undefined index: direct_ratio D:\xampp\htdocs\wemall\ThinkPHP\Application\Runtime\Cache\SlideShow\ac729ee712ca2ba95b26d7e99cdd3983.php 第 61 行.
NOTIC: [8] Undefined index: line_ratio D:\xampp\htdocs\wemall\ThinkPHP\Application\Runtime\Cache\SlideShow\ac729ee712ca2ba95b26d7e99cdd3983.php 第 62 行.
NOTIC: [8] Undefined index: direct_ratio D:\xampp\htdocs\wemall\ThinkPHP\Application\Runtime\Cache\SlideShow\ac729ee712ca2ba95b26d7e99cdd3983.php 第 63 行.
NOTIC: [8] Undefined index: line_ratio D:\xampp\htdocs\wemall\ThinkPHP\Application\Runtime\Cache\SlideShow\ac729ee712ca2ba95b26d7e99cdd3983.php 第 64 行.
INFO: Run Behavior\ParseTemplateBehavior [ RunTime:0.001000s ]
INFO: [ view_parse ] --END-- [ RunTime:-0.254808s ]
INFO: [ view_filter ] --START--
INFO: Run Behavior\WriteHtmlCacheBehavior [ RunTime:0.000000s ]
INFO: [ view_filter ] --END-- [ RunTime:-0.255808s ]
NOTIC: [2] Cannot modify header information - headers already sent by (output started at D:\xampp\htdocs\wemall\ThinkPHP\Application\SlideShow\Controller\IndexController.class.php:48) D:\xampp\htdocs\wemall\ThinkPHP\ThinkPHP\Library\Think\View.class.php 第 91 行.
NOTIC: [2] Cannot modify header information - headers already sent by (output started at D:\xampp\htdocs\wemall\ThinkPHP\Application\SlideShow\Controller\IndexController.class.php:48) D:\xampp\htdocs\wemall\ThinkPHP\ThinkPHP\Library\Think\View.class.php 第 92 行.
NOTIC: [2] Cannot modify header information - headers already sent by (output started at D:\xampp\htdocs\wemall\ThinkPHP\Application\SlideShow\Controller\IndexController.class.php:48) D:\xampp\htdocs\wemall\ThinkPHP\ThinkPHP\Library\Think\View.class.php 第 93 行.
INFO: [ app_end ] --START--
INFO: Run Behavior\ShowPageTraceBehavior [ RunTime:0.000000s ]
INFO: [ app_end ] --END-- [ RunTime:0.000000s ]

[ 2015-04-17T14:05:41+08:00 ] 127.0.0.1 /wemall/WeiPHP/admin.php/SlideShow/Index/index.html
INFO: [ app_init ] --START--
INFO: Run Behavior\BuildLiteBehavior [ RunTime:0.000000s ]
INFO: [ app_init ] --END-- [ RunTime:0.000000s ]
INFO: [ app_begin ] --START--
INFO: Run Behavior\ReadHtmlCacheBehavior [ RunTime:0.000000s ]
INFO: [ app_begin ] --END-- [ RunTime:0.001000s ]
INFO: [ view_parse ] --START--
INFO: [ template_filter ] --START--
INFO: Run Behavior\ContentReplaceBehavior [ RunTime:0.000000s ]
INFO: [ template_filter ] --END-- [ RunTime:0.000000s ]
INFO: Run Behavior\ParseTemplateBehavior [ RunTime:0.008000s ]
INFO: [ view_parse ] --END-- [ RunTime:0.008000s ]
INFO: [ view_filter ] --START--
INFO: Run Behavior\WriteHtmlCacheBehavior [ RunTime:0.000000s ]
INFO: [ view_filter ] --END-- [ RunTime:0.000000s ]
SQL: SHOW COLUMNS FROM `wemall_admin_menu` [ RunTime:0.0100s ]
SQL: SELECT * FROM `wemall_admin_menu` WHERE ( pid = 0 ) ORDER BY sort desc  [ RunTime:0.0140s ]
NOTIC: [8] Undefined variable: menuList D:\xampp\htdocs\wemall\ThinkPHP\Application\Admin\Model\AdminMenuModel.class.php 第 32 行.
NOTIC: [8] Undefined variable: menuList D:\xampp\htdocs\wemall\ThinkPHP\Application\Admin\Model\AdminMenuModel.class.php 第 32 行.
NOTIC: [8] Undefined variable: menuList D:\xampp\htdocs\wemall\ThinkPHP\Application\Admin\Model\AdminMenuModel.class.php 第 32 行.
NOTIC: [8] Undefined variable: menuList D:\xampp\htdocs\wemall\ThinkPHP\Application\Admin\Model\AdminMenuModel.class.php 第 32 行.
NOTIC: [8] Undefined variable: menuList D:\xampp\htdocs\wemall\ThinkPHP\Application\Admin\Model\AdminMenuModel.class.php 第 32 行.
NOTIC: [8] Undefined variable: menuList D:\xampp\htdocs\wemall\ThinkPHP\Application\Admin\Model\AdminMenuModel.class.php 第 32 行.
NOTIC: [8] Undefined variable: menuList D:\xampp\htdocs\wemall\ThinkPHP\Application\Admin\Model\AdminMenuModel.class.php 第 32 行.
NOTIC: [8] Undefined variable: menuList D:\xampp\htdocs\wemall\ThinkPHP\Application\Admin\Model\AdminMenuModel.class.php 第 32 行.
NOTIC: [8] Undefined variable: menuList D:\xampp\htdocs\wemall\ThinkPHP\Application\Admin\Model\AdminMenuModel.class.php 第 32 行.
NOTIC: [8] Undefined variable: menuList D:\xampp\htdocs\wemall\ThinkPHP\Application\Admin\Model\AdminMenuModel.class.php 第 32 行.
NOTIC: [8] Undefined variable: menuList D:\xampp\htdocs\wemall\ThinkPHP\Application\Admin\Model\AdminMenuModel.class.php 第 32 行.
INFO: [ view_parse ] --START--
INFO: [ template_filter ] --START--
INFO: Run Behavior\ContentReplaceBehavior [ RunTime:0.000000s ]
INFO: [ template_filter ] --END-- [ RunTime:-0.104003s ]
INFO: Run Behavior\ParseTemplateBehavior [ RunTime:0.006000s ]
INFO: [ view_parse ] --END-- [ RunTime:-0.098003s ]
INFO: [ view_filter ] --START--
INFO: Run Behavior\WriteHtmlCacheBehavior [ RunTime:0.000000s ]
INFO: [ view_filter ] --END-- [ RunTime:-0.104003s ]
NOTIC: [8] Undefined variable: subMenu D:\xampp\htdocs\wemall\ThinkPHP\Application\Admin\Controller\AdminController.class.php 第 45 行.
NOTIC: [2048] Declaration of SlideShow\Model\SlideShowModel::add() should be compatible with Think\Model::add($data = '', $options = Array, $replace = false) D:\xampp\htdocs\wemall\ThinkPHP\Application\SlideShow\Model\SlideShowModel.class.php 第 52 行.
SQL: SHOW COLUMNS FROM `wemall_slide_show` [ RunTime:0.0120s ]
SQL: SELECT * FROM `wemall_slide_show`  [ RunTime:0.0140s ]
SQL: SHOW COLUMNS FROM `wemall_goods` [ RunTime:0.0140s ]
SQL: SELECT * FROM `wemall_goods`  [ RunTime:0.0100s ]
SQL: SELECT `name` FROM `wemall_goods` WHERE `id` = 5 LIMIT 1   [ RunTime:0.0210s ]
SQL: SELECT `name` FROM `wemall_goods` WHERE `id` = 7 LIMIT 1   [ RunTime:0.0080s ]
SQL: SELECT `name` FROM `wemall_goods` WHERE `id` = 9 LIMIT 1   [ RunTime:0.0100s ]
SQL: SELECT `name` FROM `wemall_goods` WHERE `id` = 8 LIMIT 1   [ RunTime:0.0140s ]
SQL: SELECT `name` FROM `wemall_goods` WHERE `id` = 4 LIMIT 1   [ RunTime:0.0100s ]
SQL: SELECT `name` FROM `wemall_goods` WHERE `id` = 4 LIMIT 1   [ RunTime:0.0160s ]
INFO: [ view_parse ] --START--
INFO: [ template_filter ] --START--
INFO: Run Behavior\ContentReplaceBehavior [ RunTime:0.000000s ]
INFO: [ template_filter ] --END-- [ RunTime:-0.374012s ]
NOTIC: [8] Undefined index: top_money D:\xampp\htdocs\wemall\ThinkPHP\Application\Runtime\Cache\SlideShow\ac729ee712ca2ba95b26d7e99cdd3983.php 第 60 行.
NOTIC: [8] Undefined index: direct_ratio D:\xampp\htdocs\wemall\ThinkPHP\Application\Runtime\Cache\SlideShow\ac729ee712ca2ba95b26d7e99cdd3983.php 第 61 行.
NOTIC: [8] Undefined index: line_ratio D:\xampp\htdocs\wemall\ThinkPHP\Application\Runtime\Cache\SlideShow\ac729ee712ca2ba95b26d7e99cdd3983.php 第 62 行.
NOTIC: [8] Undefined index: direct_ratio D:\xampp\htdocs\wemall\ThinkPHP\Application\Runtime\Cache\SlideShow\ac729ee712ca2ba95b26d7e99cdd3983.php 第 63 行.
NOTIC: [8] Undefined index: line_ratio D:\xampp\htdocs\wemall\ThinkPHP\Application\Runtime\Cache\SlideShow\ac729ee712ca2ba95b26d7e99cdd3983.php 第 64 行.
NOTIC: [8] Undefined index: top_money D:\xampp\htdocs\wemall\ThinkPHP\Application\Runtime\Cache\SlideShow\ac729ee712ca2ba95b26d7e99cdd3983.php 第 60 行.
NOTIC: [8] Undefined index: direct_ratio D:\xampp\htdocs\wemall\ThinkPHP\Application\Runtime\Cache\SlideShow\ac729ee712ca2ba95b26d7e99cdd3983.php 第 61 行.
NOTIC: [8] Undefined index: line_ratio D:\xampp\htdocs\wemall\ThinkPHP\Application\Runtime\Cache\SlideShow\ac729ee712ca2ba95b26d7e99cdd3983.php 第 62 行.
NOTIC: [8] Undefined index: direct_ratio D:\xampp\htdocs\wemall\ThinkPHP\Application\Runtime\Cache\SlideShow\ac729ee712ca2ba95b26d7e99cdd3983.php 第 63 行.
NOTIC: [8] Undefined index: line_ratio D:\xampp\htdocs\wemall\ThinkPHP\Application\Runtime\Cache\SlideShow\ac729ee712ca2ba95b26d7e99cdd3983.php 第 64 行.
NOTIC: [8] Undefined index: top_money D:\xampp\htdocs\wemall\ThinkPHP\Application\Runtime\Cache\SlideShow\ac729ee712ca2ba95b26d7e99cdd3983.php 第 60 行.
NOTIC: [8] Undefined index: direct_ratio D:\xampp\htdocs\wemall\ThinkPHP\Application\Runtime\Cache\SlideShow\ac729ee712ca2ba95b26d7e99cdd3983.php 第 61 行.
NOTIC: [8] Undefined index: line_ratio D:\xampp\htdocs\wemall\ThinkPHP\Application\Runtime\Cache\SlideShow\ac729ee712ca2ba95b26d7e99cdd3983.php 第 62 行.
NOTIC: [8] Undefined index: direct_ratio D:\xampp\htdocs\wemall\ThinkPHP\Application\Runtime\Cache\SlideShow\ac729ee712ca2ba95b26d7e99cdd3983.php 第 63 行.
NOTIC: [8] Undefined index: line_ratio D:\xampp\htdocs\wemall\ThinkPHP\Application\Runtime\Cache\SlideShow\ac729ee712ca2ba95b26d7e99cdd3983.php 第 64 行.
NOTIC: [8] Undefined index: top_money D:\xampp\htdocs\wemall\ThinkPHP\Application\Runtime\Cache\SlideShow\ac729ee712ca2ba95b26d7e99cdd3983.php 第 60 行.
NOTIC: [8] Undefined index: direct_ratio D:\xampp\htdocs\wemall\ThinkPHP\Application\Runtime\Cache\SlideShow\ac729ee712ca2ba95b26d7e99cdd3983.php 第 61 行.
NOTIC: [8] Undefined index: line_ratio D:\xampp\htdocs\wemall\ThinkPHP\Application\Runtime\Cache\SlideShow\ac729ee712ca2ba95b26d7e99cdd3983.php 第 62 行.
NOTIC: [8] Undefined index: direct_ratio D:\xampp\htdocs\wemall\ThinkPHP\Application\Runtime\Cache\SlideShow\ac729ee712ca2ba95b26d7e99cdd3983.php 第 63 行.
NOTIC: [8] Undefined index: line_ratio D:\xampp\htdocs\wemall\ThinkPHP\Application\Runtime\Cache\SlideShow\ac729ee712ca2ba95b26d7e99cdd3983.php 第 64 行.
NOTIC: [8] Undefined index: top_money D:\xampp\htdocs\wemall\ThinkPHP\Application\Runtime\Cache\SlideShow\ac729ee712ca2ba95b26d7e99cdd3983.php 第 60 行.
NOTIC: [8] Undefined index: direct_ratio D:\xampp\htdocs\wemall\ThinkPHP\Application\Runtime\Cache\SlideShow\ac729ee712ca2ba95b26d7e99cdd3983.php 第 61 行.
NOTIC: [8] Undefined index: line_ratio D:\xampp\htdocs\wemall\ThinkPHP\Application\Runtime\Cache\SlideShow\ac729ee712ca2ba95b26d7e99cdd3983.php 第 62 行.
NOTIC: [8] Undefined index: direct_ratio D:\xampp\htdocs\wemall\ThinkPHP\Application\Runtime\Cache\SlideShow\ac729ee712ca2ba95b26d7e99cdd3983.php 第 63 行.
NOTIC: [8] Undefined index: line_ratio D:\xampp\htdocs\wemall\ThinkPHP\Application\Runtime\Cache\SlideShow\ac729ee712ca2ba95b26d7e99cdd3983.php 第 64 行.
NOTIC: [8] Undefined index: top_money D:\xampp\htdocs\wemall\ThinkPHP\Application\Runtime\Cache\SlideShow\ac729ee712ca2ba95b26d7e99cdd3983.php 第 60 行.
NOTIC: [8] Undefined index: direct_ratio D:\xampp\htdocs\wemall\ThinkPHP\Application\Runtime\Cache\SlideShow\ac729ee712ca2ba95b26d7e99cdd3983.php 第 61 行.
NOTIC: [8] Undefined index: line_ratio D:\xampp\htdocs\wemall\ThinkPHP\Application\Runtime\Cache\SlideShow\ac729ee712ca2ba95b26d7e99cdd3983.php 第 62 行.
NOTIC: [8] Undefined index: direct_ratio D:\xampp\htdocs\wemall\ThinkPHP\Application\Runtime\Cache\SlideShow\ac729ee712ca2ba95b26d7e99cdd3983.php 第 63 行.
NOTIC: [8] Undefined index: line_ratio D:\xampp\htdocs\wemall\ThinkPHP\Application\Runtime\Cache\SlideShow\ac729ee712ca2ba95b26d7e99cdd3983.php 第 64 行.
INFO: Run Behavior\ParseTemplateBehavior [ RunTime:0.019000s ]
INFO: [ view_parse ] --END-- [ RunTime:-0.361012s ]
INFO: [ view_filter ] --START--
INFO: Run Behavior\WriteHtmlCacheBehavior [ RunTime:0.000000s ]
INFO: [ view_filter ] --END-- [ RunTime:-0.380012s ]
NOTIC: [2] Cannot modify header information - headers already sent by (output started at D:\xampp\htdocs\wemall\ThinkPHP\Application\SlideShow\Controller\IndexController.class.php:36) D:\xampp\htdocs\wemall\ThinkPHP\ThinkPHP\Library\Think\View.class.php 第 91 行.
NOTIC: [2] Cannot modify header information - headers already sent by (output started at D:\xampp\htdocs\wemall\ThinkPHP\Application\SlideShow\Controller\IndexController.class.php:36) D:\xampp\htdocs\wemall\ThinkPHP\ThinkPHP\Library\Think\View.class.php 第 92 行.
NOTIC: [2] Cannot modify header information - headers already sent by (output started at D:\xampp\htdocs\wemall\ThinkPHP\Application\SlideShow\Controller\IndexController.class.php:36) D:\xampp\htdocs\wemall\ThinkPHP\ThinkPHP\Library\Think\View.class.php 第 93 行.
INFO: [ app_end ] --START--
INFO: Run Behavior\ShowPageTraceBehavior [ RunTime:0.011000s ]
INFO: [ app_end ] --END-- [ RunTime:0.011000s ]

[ 2015-04-17T14:05:48+08:00 ] 127.0.0.1 /wemall/WeiPHP/admin.php/SlideShow/Index/edit/id/2.html
INFO: [ app_init ] --START--
INFO: Run Behavior\BuildLiteBehavior [ RunTime:0.000000s ]
INFO: [ app_init ] --END-- [ RunTime:0.000000s ]
INFO: [ app_begin ] --START--
INFO: Run Behavior\ReadHtmlCacheBehavior [ RunTime:0.000000s ]
INFO: [ app_begin ] --END-- [ RunTime:0.000000s ]
INFO: [ view_parse ] --START--
INFO: [ template_filter ] --START--
INFO: Run Behavior\ContentReplaceBehavior [ RunTime:0.000000s ]
INFO: [ template_filter ] --END-- [ RunTime:0.000000s ]
INFO: Run Behavior\ParseTemplateBehavior [ RunTime:0.006001s ]
INFO: [ view_parse ] --END-- [ RunTime:0.006001s ]
INFO: [ view_filter ] --START--
INFO: Run Behavior\WriteHtmlCacheBehavior [ RunTime:0.000000s ]
INFO: [ view_filter ] --END-- [ RunTime:0.000000s ]
SQL: SHOW COLUMNS FROM `wemall_admin_menu` [ RunTime:0.0110s ]
SQL: SELECT * FROM `wemall_admin_menu` WHERE ( pid = 0 ) ORDER BY sort desc  [ RunTime:0.0110s ]
NOTIC: [8] Undefined variable: menuList D:\xampp\htdocs\wemall\ThinkPHP\Application\Admin\Model\AdminMenuModel.class.php 第 32 行.
NOTIC: [8] Undefined variable: menuList D:\xampp\htdocs\wemall\ThinkPHP\Application\Admin\Model\AdminMenuModel.class.php 第 32 行.
NOTIC: [8] Undefined variable: menuList D:\xampp\htdocs\wemall\ThinkPHP\Application\Admin\Model\AdminMenuModel.class.php 第 32 行.
NOTIC: [8] Undefined variable: menuList D:\xampp\htdocs\wemall\ThinkPHP\Application\Admin\Model\AdminMenuModel.class.php 第 32 行.
NOTIC: [8] Undefined variable: menuList D:\xampp\htdocs\wemall\ThinkPHP\Application\Admin\Model\AdminMenuModel.class.php 第 32 行.
NOTIC: [8] Undefined variable: menuList D:\xampp\htdocs\wemall\ThinkPHP\Application\Admin\Model\AdminMenuModel.class.php 第 32 行.
NOTIC: [8] Undefined variable: menuList D:\xampp\htdocs\wemall\ThinkPHP\Application\Admin\Model\AdminMenuModel.class.php 第 32 行.
NOTIC: [8] Undefined variable: menuList D:\xampp\htdocs\wemall\ThinkPHP\Application\Admin\Model\AdminMenuModel.class.php 第 32 行.
NOTIC: [8] Undefined variable: menuList D:\xampp\htdocs\wemall\ThinkPHP\Application\Admin\Model\AdminMenuModel.class.php 第 32 行.
NOTIC: [8] Undefined variable: menuList D:\xampp\htdocs\wemall\ThinkPHP\Application\Admin\Model\AdminMenuModel.class.php 第 32 行.
NOTIC: [8] Undefined variable: menuList D:\xampp\htdocs\wemall\ThinkPHP\Application\Admin\Model\AdminMenuModel.class.php 第 32 行.
INFO: [ view_parse ] --START--
INFO: [ template_filter ] --START--
INFO: Run Behavior\ContentReplaceBehavior [ RunTime:0.000000s ]
INFO: [ template_filter ] --END-- [ RunTime:-0.092005s ]
INFO: Run Behavior\ParseTemplateBehavior [ RunTime:0.006000s ]
INFO: [ view_parse ] --END-- [ RunTime:-0.087004s ]
INFO: [ view_filter ] --START--
INFO: Run Behavior\WriteHtmlCacheBehavior [ RunTime:0.001000s ]
INFO: [ view_filter ] --END-- [ RunTime:-0.092004s ]
NOTIC: [8] Undefined variable: subMenu D:\xampp\htdocs\wemall\ThinkPHP\Application\Admin\Controller\AdminController.class.php 第 45 行.
NOTIC: [2048] Declaration of SlideShow\Model\SlideShowModel::add() should be compatible with Think\Model::add($data = '', $options = Array, $replace = false) D:\xampp\htdocs\wemall\ThinkPHP\Application\SlideShow\Model\SlideShowModel.class.php 第 52 行.
SQL: SHOW COLUMNS FROM `wemall_slide_show` [ RunTime:0.0130s ]
SQL: SELECT * FROM `wemall_slide_show` WHERE `id` = 2 LIMIT 1   [ RunTime:0.0110s ]
INFO: [ view_parse ] --START--
INFO: [ template_filter ] --START--
INFO: Run Behavior\ContentReplaceBehavior [ RunTime:0.000000s ]
INFO: [ template_filter ] --END-- [ RunTime:-0.190009s ]
INFO: Run Behavior\ParseTemplateBehavior [ RunTime:0.068002s ]
INFO: [ view_parse ] --END-- [ RunTime:-0.125006s ]
INFO: [ view_filter ] --START--
INFO: Run Behavior\WriteHtmlCacheBehavior [ RunTime:0.001000s ]
INFO: [ view_filter ] --END-- [ RunTime:-0.192008s ]
INFO: [ app_end ] --START--
INFO: Run Behavior\ShowPageTraceBehavior [ RunTime:0.001000s ]
INFO: [ app_end ] --END-- [ RunTime:0.001000s ]

[ 2015-04-17T14:06:48+08:00 ] 127.0.0.1 /wemall/WeiPHP/admin.php/SlideShow/Index/edit/id/doupload.php
INFO: [ app_init ] --START--
INFO: Run Behavior\BuildLiteBehavior [ RunTime:0.000000s ]
INFO: [ app_init ] --END-- [ RunTime:0.000000s ]
INFO: [ app_begin ] --START--
INFO: Run Behavior\ReadHtmlCacheBehavior [ RunTime:0.000000s ]
INFO: [ app_begin ] --END-- [ RunTime:0.000000s ]
INFO: [ view_parse ] --START--
INFO: [ template_filter ] --START--
INFO: Run Behavior\ContentReplaceBehavior [ RunTime:0.000000s ]
INFO: [ template_filter ] --END-- [ RunTime:0.000000s ]
INFO: Run Behavior\ParseTemplateBehavior [ RunTime:0.012000s ]
INFO: [ view_parse ] --END-- [ RunTime:0.012000s ]
INFO: [ view_filter ] --START--
INFO: Run Behavior\WriteHtmlCacheBehavior [ RunTime:0.000000s ]
INFO: [ view_filter ] --END-- [ RunTime:0.000000s ]
SQL: SHOW COLUMNS FROM `wemall_admin_menu` [ RunTime:0.0080s ]
SQL: SELECT * FROM `wemall_admin_menu` WHERE ( pid = 0 ) ORDER BY sort desc  [ RunTime:0.0080s ]
NOTIC: [8] Undefined variable: menuList D:\xampp\htdocs\wemall\ThinkPHP\Application\Admin\Model\AdminMenuModel.class.php 第 32 行.
NOTIC: [8] Undefined variable: menuList D:\xampp\htdocs\wemall\ThinkPHP\Application\Admin\Model\AdminMenuModel.class.php 第 32 行.
NOTIC: [8] Undefined variable: menuList D:\xampp\htdocs\wemall\ThinkPHP\Application\Admin\Model\AdminMenuModel.class.php 第 32 行.
NOTIC: [8] Undefined variable: menuList D:\xampp\htdocs\wemall\ThinkPHP\Application\Admin\Model\AdminMenuModel.class.php 第 32 行.
NOTIC: [8] Undefined variable: menuList D:\xampp\htdocs\wemall\ThinkPHP\Application\Admin\Model\AdminMenuModel.class.php 第 32 行.
NOTIC: [8] Undefined variable: menuList D:\xampp\htdocs\wemall\ThinkPHP\Application\Admin\Model\AdminMenuModel.class.php 第 32 行.
NOTIC: [8] Undefined variable: menuList D:\xampp\htdocs\wemall\ThinkPHP\Application\Admin\Model\AdminMenuModel.class.php 第 32 行.
NOTIC: [8] Undefined variable: menuList D:\xampp\htdocs\wemall\ThinkPHP\Application\Admin\Model\AdminMenuModel.class.php 第 32 行.
NOTIC: [8] Undefined variable: menuList D:\xampp\htdocs\wemall\ThinkPHP\Application\Admin\Model\AdminMenuModel.class.php 第 32 行.
NOTIC: [8] Undefined variable: menuList D:\xampp\htdocs\wemall\ThinkPHP\Application\Admin\Model\AdminMenuModel.class.php 第 32 行.
NOTIC: [8] Undefined variable: menuList D:\xampp\htdocs\wemall\ThinkPHP\Application\Admin\Model\AdminMenuModel.class.php 第 32 行.
INFO: [ view_parse ] --START--
INFO: [ template_filter ] --START--
INFO: Run Behavior\ContentReplaceBehavior [ RunTime:0.000000s ]
INFO: [ template_filter ] --END-- [ RunTime:-0.519027s ]
INFO: Run Behavior\ParseTemplateBehavior [ RunTime:0.006000s ]
INFO: [ view_parse ] --END-- [ RunTime:-0.514027s ]
INFO: [ view_filter ] --START--
INFO: Run Behavior\WriteHtmlCacheBehavior [ RunTime:0.000000s ]
INFO: [ view_filter ] --END-- [ RunTime:-0.521027s ]
NOTIC: [8] Undefined variable: subMenu D:\xampp\htdocs\wemall\ThinkPHP\Application\Admin\Controller\AdminController.class.php 第 45 行.
NOTIC: [2048] Declaration of SlideShow\Model\SlideShowModel::add() should be compatible with Think\Model::add($data = '', $options = Array, $replace = false) D:\xampp\htdocs\wemall\ThinkPHP\Application\SlideShow\Model\SlideShowModel.class.php 第 52 行.
SQL: SHOW COLUMNS FROM `wemall_slide_show` [ RunTime:0.0080s ]
INFO: [ app_end ] --START--
INFO: Run Behavior\ShowPageTraceBehavior [ RunTime:0.001000s ]
INFO: [ app_end ] --END-- [ RunTime:0.001000s ]

[ 2015-04-17T14:07:04+08:00 ] 127.0.0.1 /wemall/WeiPHP/admin.php/SlideShow/Index/index.html
INFO: [ app_init ] --START--
INFO: Run Behavior\BuildLiteBehavior [ RunTime:0.000000s ]
INFO: [ app_init ] --END-- [ RunTime:0.001000s ]
INFO: [ app_begin ] --START--
INFO: Run Behavior\ReadHtmlCacheBehavior [ RunTime:0.001000s ]
INFO: [ app_begin ] --END-- [ RunTime:0.002000s ]
INFO: [ view_parse ] --START--
INFO: [ template_filter ] --START--
INFO: Run Behavior\ContentReplaceBehavior [ RunTime:0.000000s ]
INFO: [ template_filter ] --END-- [ RunTime:0.000000s ]
INFO: Run Behavior\ParseTemplateBehavior [ RunTime:0.004001s ]
INFO: [ view_parse ] --END-- [ RunTime:0.004001s ]
INFO: [ view_filter ] --START--
INFO: Run Behavior\WriteHtmlCacheBehavior [ RunTime:0.000000s ]
INFO: [ view_filter ] --END-- [ RunTime:0.000000s ]
SQL: SHOW COLUMNS FROM `wemall_admin_menu` [ RunTime:0.0090s ]
SQL: SELECT * FROM `wemall_admin_menu` WHERE ( pid = 0 ) ORDER BY sort desc  [ RunTime:0.0110s ]
NOTIC: [8] Undefined variable: menuList D:\xampp\htdocs\wemall\ThinkPHP\Application\Admin\Model\AdminMenuModel.class.php 第 32 行.
NOTIC: [8] Undefined variable: menuList D:\xampp\htdocs\wemall\ThinkPHP\Application\Admin\Model\AdminMenuModel.class.php 第 32 行.
NOTIC: [8] Undefined variable: menuList D:\xampp\htdocs\wemall\ThinkPHP\Application\Admin\Model\AdminMenuModel.class.php 第 32 行.
NOTIC: [8] Undefined variable: menuList D:\xampp\htdocs\wemall\ThinkPHP\Application\Admin\Model\AdminMenuModel.class.php 第 32 行.
NOTIC: [8] Undefined variable: menuList D:\xampp\htdocs\wemall\ThinkPHP\Application\Admin\Model\AdminMenuModel.class.php 第 32 行.
NOTIC: [8] Undefined variable: menuList D:\xampp\htdocs\wemall\ThinkPHP\Application\Admin\Model\AdminMenuModel.class.php 第 32 行.
NOTIC: [8] Undefined variable: menuList D:\xampp\htdocs\wemall\ThinkPHP\Application\Admin\Model\AdminMenuModel.class.php 第 32 行.
NOTIC: [8] Undefined variable: menuList D:\xampp\htdocs\wemall\ThinkPHP\Application\Admin\Model\AdminMenuModel.class.php 第 32 行.
NOTIC: [8] Undefined variable: menuList D:\xampp\htdocs\wemall\ThinkPHP\Application\Admin\Model\AdminMenuModel.class.php 第 32 行.
NOTIC: [8] Undefined variable: menuList D:\xampp\htdocs\wemall\ThinkPHP\Application\Admin\Model\AdminMenuModel.class.php 第 32 行.
NOTIC: [8] Undefined variable: menuList D:\xampp\htdocs\wemall\ThinkPHP\Application\Admin\Model\AdminMenuModel.class.php 第 32 行.
INFO: [ view_parse ] --START--
INFO: [ template_filter ] --START--
INFO: Run Behavior\ContentReplaceBehavior [ RunTime:0.000000s ]
INFO: [ template_filter ] --END-- [ RunTime:-0.096005s ]
INFO: Run Behavior\ParseTemplateBehavior [ RunTime:0.012001s ]
INFO: [ view_parse ] --END-- [ RunTime:-0.087004s ]
INFO: [ view_filter ] --START--
INFO: Run Behavior\WriteHtmlCacheBehavior [ RunTime:0.000000s ]
INFO: [ view_filter ] --END-- [ RunTime:-0.100005s ]
NOTIC: [8] Undefined variable: subMenu D:\xampp\htdocs\wemall\ThinkPHP\Application\Admin\Controller\AdminController.class.php 第 45 行.
NOTIC: [2048] Declaration of SlideShow\Model\SlideShowModel::add() should be compatible with Think\Model::add($data = '', $options = Array, $replace = false) D:\xampp\htdocs\wemall\ThinkPHP\Application\SlideShow\Model\SlideShowModel.class.php 第 52 行.
SQL: SHOW COLUMNS FROM `wemall_slide_show` [ RunTime:0.0080s ]
SQL: SELECT * FROM `wemall_slide_show`  [ RunTime:0.0090s ]
SQL: SHOW COLUMNS FROM `wemall_goods` [ RunTime:0.0100s ]
SQL: SELECT * FROM `wemall_goods`  [ RunTime:0.0100s ]
SQL: SELECT `name` FROM `wemall_goods` WHERE `id` = 5 LIMIT 1   [ RunTime:0.0000s ]
SQL: SELECT `name` FROM `wemall_goods` WHERE `id` = 7 LIMIT 1   [ RunTime:0.0170s ]
SQL: SELECT `name` FROM `wemall_goods` WHERE `id` = 9 LIMIT 1   [ RunTime:0.0070s ]
SQL: SELECT `name` FROM `wemall_goods` WHERE `id` = 8 LIMIT 1   [ RunTime:0.0070s ]
SQL: SELECT `name` FROM `wemall_goods` WHERE `id` = 4 LIMIT 1   [ RunTime:0.0080s ]
SQL: SELECT `name` FROM `wemall_goods` WHERE `id` = 4 LIMIT 1   [ RunTime:0.0070s ]
INFO: [ view_parse ] --START--
INFO: [ template_filter ] --START--
INFO: Run Behavior\ContentReplaceBehavior [ RunTime:0.000000s ]
INFO: [ template_filter ] --END-- [ RunTime:-0.228010s ]
NOTIC: [8] Undefined index: top_money D:\xampp\htdocs\wemall\ThinkPHP\Application\Runtime\Cache\SlideShow\ac729ee712ca2ba95b26d7e99cdd3983.php 第 60 行.
NOTIC: [8] Undefined index: direct_ratio D:\xampp\htdocs\wemall\ThinkPHP\Application\Runtime\Cache\SlideShow\ac729ee712ca2ba95b26d7e99cdd3983.php 第 61 行.
NOTIC: [8] Undefined index: line_ratio D:\xampp\htdocs\wemall\ThinkPHP\Application\Runtime\Cache\SlideShow\ac729ee712ca2ba95b26d7e99cdd3983.php 第 62 行.
NOTIC: [8] Undefined index: direct_ratio D:\xampp\htdocs\wemall\ThinkPHP\Application\Runtime\Cache\SlideShow\ac729ee712ca2ba95b26d7e99cdd3983.php 第 63 行.
NOTIC: [8] Undefined index: line_ratio D:\xampp\htdocs\wemall\ThinkPHP\Application\Runtime\Cache\SlideShow\ac729ee712ca2ba95b26d7e99cdd3983.php 第 64 行.
NOTIC: [8] Undefined index: top_money D:\xampp\htdocs\wemall\ThinkPHP\Application\Runtime\Cache\SlideShow\ac729ee712ca2ba95b26d7e99cdd3983.php 第 60 行.
NOTIC: [8] Undefined index: direct_ratio D:\xampp\htdocs\wemall\ThinkPHP\Application\Runtime\Cache\SlideShow\ac729ee712ca2ba95b26d7e99cdd3983.php 第 61 行.
NOTIC: [8] Undefined index: line_ratio D:\xampp\htdocs\wemall\ThinkPHP\Application\Runtime\Cache\SlideShow\ac729ee712ca2ba95b26d7e99cdd3983.php 第 62 行.
NOTIC: [8] Undefined index: direct_ratio D:\xampp\htdocs\wemall\ThinkPHP\Application\Runtime\Cache\SlideShow\ac729ee712ca2ba95b26d7e99cdd3983.php 第 63 行.
NOTIC: [8] Undefined index: line_ratio D:\xampp\htdocs\wemall\ThinkPHP\Application\Runtime\Cache\SlideShow\ac729ee712ca2ba95b26d7e99cdd3983.php 第 64 行.
NOTIC: [8] Undefined index: top_money D:\xampp\htdocs\wemall\ThinkPHP\Application\Runtime\Cache\SlideShow\ac729ee712ca2ba95b26d7e99cdd3983.php 第 60 行.
NOTIC: [8] Undefined index: direct_ratio D:\xampp\htdocs\wemall\ThinkPHP\Application\Runtime\Cache\SlideShow\ac729ee712ca2ba95b26d7e99cdd3983.php 第 61 行.
NOTIC: [8] Undefined index: line_ratio D:\xampp\htdocs\wemall\ThinkPHP\Application\Runtime\Cache\SlideShow\ac729ee712ca2ba95b26d7e99cdd3983.php 第 62 行.
NOTIC: [8] Undefined index: direct_ratio D:\xampp\htdocs\wemall\ThinkPHP\Application\Runtime\Cache\SlideShow\ac729ee712ca2ba95b26d7e99cdd3983.php 第 63 行.
NOTIC: [8] Undefined index: line_ratio D:\xampp\htdocs\wemall\ThinkPHP\Application\Runtime\Cache\SlideShow\ac729ee712ca2ba95b26d7e99cdd3983.php 第 64 行.
NOTIC: [8] Undefined index: top_money D:\xampp\htdocs\wemall\ThinkPHP\Application\Runtime\Cache\SlideShow\ac729ee712ca2ba95b26d7e99cdd3983.php 第 60 行.
NOTIC: [8] Undefined index: direct_ratio D:\xampp\htdocs\wemall\ThinkPHP\Application\Runtime\Cache\SlideShow\ac729ee712ca2ba95b26d7e99cdd3983.php 第 61 行.
NOTIC: [8] Undefined index: line_ratio D:\xampp\htdocs\wemall\ThinkPHP\Application\Runtime\Cache\SlideShow\ac729ee712ca2ba95b26d7e99cdd3983.php 第 62 行.
NOTIC: [8] Undefined index: direct_ratio D:\xampp\htdocs\wemall\ThinkPHP\Application\Runtime\Cache\SlideShow\ac729ee712ca2ba95b26d7e99cdd3983.php 第 63 行.
NOTIC: [8] Undefined index: line_ratio D:\xampp\htdocs\wemall\ThinkPHP\Application\Runtime\Cache\SlideShow\ac729ee712ca2ba95b26d7e99cdd3983.php 第 64 行.
NOTIC: [8] Undefined index: top_money D:\xampp\htdocs\wemall\ThinkPHP\Application\Runtime\Cache\SlideShow\ac729ee712ca2ba95b26d7e99cdd3983.php 第 60 行.
NOTIC: [8] Undefined index: direct_ratio D:\xampp\htdocs\wemall\ThinkPHP\Application\Runtime\Cache\SlideShow\ac729ee712ca2ba95b26d7e99cdd3983.php 第 61 行.
NOTIC: [8] Undefined index: line_ratio D:\xampp\htdocs\wemall\ThinkPHP\Application\Runtime\Cache\SlideShow\ac729ee712ca2ba95b26d7e99cdd3983.php 第 62 行.
NOTIC: [8] Undefined index: direct_ratio D:\xampp\htdocs\wemall\ThinkPHP\Application\Runtime\Cache\SlideShow\ac729ee712ca2ba95b26d7e99cdd3983.php 第 63 行.
NOTIC: [8] Undefined index: line_ratio D:\xampp\htdocs\wemall\ThinkPHP\Application\Runtime\Cache\SlideShow\ac729ee712ca2ba95b26d7e99cdd3983.php 第 64 行.
NOTIC: [8] Undefined index: top_money D:\xampp\htdocs\wemall\ThinkPHP\Application\Runtime\Cache\SlideShow\ac729ee712ca2ba95b26d7e99cdd3983.php 第 60 行.
NOTIC: [8] Undefined index: direct_ratio D:\xampp\htdocs\wemall\ThinkPHP\Application\Runtime\Cache\SlideShow\ac729ee712ca2ba95b26d7e99cdd3983.php 第 61 行.
NOTIC: [8] Undefined index: line_ratio D:\xampp\htdocs\wemall\ThinkPHP\Application\Runtime\Cache\SlideShow\ac729ee712ca2ba95b26d7e99cdd3983.php 第 62 行.
NOTIC: [8] Undefined index: direct_ratio D:\xampp\htdocs\wemall\ThinkPHP\Application\Runtime\Cache\SlideShow\ac729ee712ca2ba95b26d7e99cdd3983.php 第 63 行.
NOTIC: [8] Undefined index: line_ratio D:\xampp\htdocs\wemall\ThinkPHP\Application\Runtime\Cache\SlideShow\ac729ee712ca2ba95b26d7e99cdd3983.php 第 64 行.
INFO: Run Behavior\ParseTemplateBehavior [ RunTime:0.018001s ]
INFO: [ view_parse ] --END-- [ RunTime:-0.216010s ]
INFO: [ view_filter ] --START--
INFO: Run Behavior\WriteHtmlCacheBehavior [ RunTime:0.000000s ]
INFO: [ view_filter ] --END-- [ RunTime:-0.234011s ]
NOTIC: [2] Cannot modify header information - headers already sent by (output started at D:\xampp\htdocs\wemall\ThinkPHP\Application\SlideShow\Controller\IndexController.class.php:36) D:\xampp\htdocs\wemall\ThinkPHP\ThinkPHP\Library\Think\View.class.php 第 91 行.
NOTIC: [2] Cannot modify header information - headers already sent by (output started at D:\xampp\htdocs\wemall\ThinkPHP\Application\SlideShow\Controller\IndexController.class.php:36) D:\xampp\htdocs\wemall\ThinkPHP\ThinkPHP\Library\Think\View.class.php 第 92 行.
NOTIC: [2] Cannot modify header information - headers already sent by (output started at D:\xampp\htdocs\wemall\ThinkPHP\Application\SlideShow\Controller\IndexController.class.php:36) D:\xampp\htdocs\wemall\ThinkPHP\ThinkPHP\Library\Think\View.class.php 第 93 行.
INFO: [ app_end ] --START--
INFO: Run Behavior\ShowPageTraceBehavior [ RunTime:0.001000s ]
INFO: [ app_end ] --END-- [ RunTime:0.001000s ]

