[ 2015-04-25T08:39:23+08:00 ] 127.0.0.1 /wemall/WeiPHP/admin.php
INFO: [ app_init ] --START--
INFO: Run Behavior\BuildLiteBehavior [ RunTime:0.000000s ]
INFO: [ app_init ] --END-- [ RunTime:0.002000s ]
INFO: [ app_begin ] --START--
INFO: Run Behavior\ReadHtmlCacheBehavior [ RunTime:0.002000s ]
INFO: [ app_begin ] --END-- [ RunTime:0.002000s ]
ERR: 非法操作:index

[ 2015-04-25T08:53:36+08:00 ] 127.0.0.1 /wemall/WeiPHP/admin.php/WechatJssdk
INFO: [ app_init ] --START--
INFO: Run Behavior\BuildLiteBehavior [ RunTime:0.000000s ]
INFO: [ app_init ] --END-- [ RunTime:0.001000s ]
INFO: [ app_begin ] --START--
INFO: Run Behavior\ReadHtmlCacheBehavior [ RunTime:0.001000s ]
INFO: [ app_begin ] --END-- [ RunTime:0.001000s ]
NOTIC: [2] Missing argument 1 for WechatJssdk\Controller\JSSDKController::__construct(), called in D:\xampp\htdocs\wemall\ThinkPHP\Application\WechatJssdk\Controller\IndexController.class.php on line 6 and defined D:\xampp\htdocs\wemall\ThinkPHP\Application\WechatJssdk\Controller\JSSDKController.class.php 第 8 行.
NOTIC: [2] Missing argument 2 for WechatJssdk\Controller\JSSDKController::__construct(), called in D:\xampp\htdocs\wemall\ThinkPHP\Application\WechatJssdk\Controller\IndexController.class.php on line 6 and defined D:\xampp\htdocs\wemall\ThinkPHP\Application\WechatJssdk\Controller\JSSDKController.class.php 第 8 行.
INFO: [ app_end ] --START--
INFO: Run Behavior\ShowPageTraceBehavior [ RunTime:0.001000s ]
INFO: [ app_end ] --END-- [ RunTime:0.001000s ]

[ 2015-04-25T08:53:48+08:00 ] 127.0.0.1 /wemall/WeiPHP/admin.php/WechatJssdk?XDEBUG_SESSION_START=netbeans-xdebug
INFO: [ app_init ] --START--
INFO: Run Behavior\BuildLiteBehavior [ RunTime:0.000000s ]
INFO: [ app_init ] --END-- [ RunTime:0.000000s ]
INFO: [ app_begin ] --START--
INFO: Run Behavior\ReadHtmlCacheBehavior [ RunTime:0.001000s ]
INFO: [ app_begin ] --END-- [ RunTime:0.002000s ]
NOTIC: [2] Missing argument 1 for WechatJssdk\Controller\JSSDKController::__construct(), called in D:\xampp\htdocs\wemall\ThinkPHP\Application\WechatJssdk\Controller\IndexController.class.php on line 6 and defined D:\xampp\htdocs\wemall\ThinkPHP\Application\WechatJssdk\Controller\JSSDKController.class.php 第 8 行.
NOTIC: [2] Missing argument 2 for WechatJssdk\Controller\JSSDKController::__construct(), called in D:\xampp\htdocs\wemall\ThinkPHP\Application\WechatJssdk\Controller\IndexController.class.php on line 6 and defined D:\xampp\htdocs\wemall\ThinkPHP\Application\WechatJssdk\Controller\JSSDKController.class.php 第 8 行.
INFO: [ app_end ] --START--
INFO: Run Behavior\ShowPageTraceBehavior [ RunTime:0.001001s ]
INFO: [ app_end ] --END-- [ RunTime:0.002001s ]

[ 2015-04-25T08:58:20+08:00 ] 127.0.0.1 /wemall/WeiPHP/admin.php/WechatJssdk?XDEBUG_SESSION_START=netbeans-xdebug
INFO: [ app_init ] --START--
INFO: Run Behavior\BuildLiteBehavior [ RunTime:0.000000s ]
INFO: [ app_init ] --END-- [ RunTime:0.000000s ]
INFO: [ app_begin ] --START--
INFO: Run Behavior\ReadHtmlCacheBehavior [ RunTime:0.001000s ]
INFO: [ app_begin ] --END-- [ RunTime:0.001000s ]
NOTIC: [2] Missing argument 1 for WechatJssdk\Controller\JSSDKController::__construct(), called in D:\xampp\htdocs\wemall\ThinkPHP\Application\WechatJssdk\Controller\IndexController.class.php on line 6 and defined D:\xampp\htdocs\wemall\ThinkPHP\Application\WechatJssdk\Controller\JSSDKController.class.php 第 8 行.
NOTIC: [2] Missing argument 2 for WechatJssdk\Controller\JSSDKController::__construct(), called in D:\xampp\htdocs\wemall\ThinkPHP\Application\WechatJssdk\Controller\IndexController.class.php on line 6 and defined D:\xampp\htdocs\wemall\ThinkPHP\Application\WechatJssdk\Controller\JSSDKController.class.php 第 8 行.
INFO: [ app_end ] --START--
INFO: Run Behavior\ShowPageTraceBehavior [ RunTime:0.003001s ]
INFO: [ app_end ] --END-- [ RunTime:0.004001s ]

[ 2015-04-25T09:23:38+08:00 ] 127.0.0.1 /wemall/WeiPHP/admin.php/WechatJssdk?XDEBUG_SESSION_START=netbeans-xdebug
INFO: [ app_init ] --START--
INFO: Run Behavior\BuildLiteBehavior [ RunTime:0.000000s ]
INFO: [ app_init ] --END-- [ RunTime:0.001000s ]
INFO: [ app_begin ] --START--
INFO: Run Behavior\ReadHtmlCacheBehavior [ RunTime:0.002000s ]
INFO: [ app_begin ] --END-- [ RunTime:0.002000s ]
NOTIC: [2] Missing argument 1 for WechatJssdk\Controller\JSSDKController::__construct(), called in D:\xampp\htdocs\wemall\ThinkPHP\Application\WechatJssdk\Controller\IndexController.class.php on line 6 and defined D:\xampp\htdocs\wemall\ThinkPHP\Application\WechatJssdk\Controller\JSSDKController.class.php 第 8 行.
NOTIC: [2] Missing argument 2 for WechatJssdk\Controller\JSSDKController::__construct(), called in D:\xampp\htdocs\wemall\ThinkPHP\Application\WechatJssdk\Controller\IndexController.class.php on line 6 and defined D:\xampp\htdocs\wemall\ThinkPHP\Application\WechatJssdk\Controller\JSSDKController.class.php 第 8 行.
INFO: [ app_end ] --START--
INFO: Run Behavior\ShowPageTraceBehavior [ RunTime:0.001000s ]
INFO: [ app_end ] --END-- [ RunTime:0.001000s ]

[ 2015-04-25T10:11:11+08:00 ] 127.0.0.1 /wemall/WeiPHP/admin.php/WechatJssdk?XDEBUG_SESSION_START=netbeans-xdebug
INFO: [ app_init ] --START--
INFO: Run Behavior\BuildLiteBehavior [ RunTime:0.000000s ]
INFO: [ app_init ] --END-- [ RunTime:0.001000s ]
INFO: [ app_begin ] --START--
INFO: Run Behavior\ReadHtmlCacheBehavior [ RunTime:0.001000s ]
INFO: [ app_begin ] --END-- [ RunTime:0.001000s ]
NOTIC: [2] Missing argument 1 for WechatJssdk\Controller\JSSDKController::__construct(), called in D:\xampp\htdocs\wemall\ThinkPHP\Application\WechatJssdk\Controller\IndexController.class.php on line 6 and defined D:\xampp\htdocs\wemall\ThinkPHP\Application\WechatJssdk\Controller\JSSDKController.class.php 第 8 行.
NOTIC: [2] Missing argument 2 for WechatJssdk\Controller\JSSDKController::__construct(), called in D:\xampp\htdocs\wemall\ThinkPHP\Application\WechatJssdk\Controller\IndexController.class.php on line 6 and defined D:\xampp\htdocs\wemall\ThinkPHP\Application\WechatJssdk\Controller\JSSDKController.class.php 第 8 行.

[ 2015-04-25T10:12:42+08:00 ] 127.0.0.1 /wemall/WeiPHP/admin.php/WechatJssdk?XDEBUG_SESSION_START=netbeans-xdebug
INFO: [ app_init ] --START--
INFO: Run Behavior\BuildLiteBehavior [ RunTime:0.000000s ]
INFO: [ app_init ] --END-- [ RunTime:0.001000s ]
INFO: [ app_begin ] --START--
INFO: Run Behavior\ReadHtmlCacheBehavior [ RunTime:0.000000s ]
INFO: [ app_begin ] --END-- [ RunTime:0.001000s ]
NOTIC: [2] Missing argument 1 for WechatJssdk\Controller\JSSDKController::__construct(), called in D:\xampp\htdocs\wemall\ThinkPHP\Application\WechatJssdk\Controller\IndexController.class.php on line 6 and defined D:\xampp\htdocs\wemall\ThinkPHP\Application\WechatJssdk\Controller\JSSDKController.class.php 第 8 行.
NOTIC: [2] Missing argument 2 for WechatJssdk\Controller\JSSDKController::__construct(), called in D:\xampp\htdocs\wemall\ThinkPHP\Application\WechatJssdk\Controller\IndexController.class.php on line 6 and defined D:\xampp\htdocs\wemall\ThinkPHP\Application\WechatJssdk\Controller\JSSDKController.class.php 第 8 行.
INFO: [ app_end ] --START--
INFO: Run Behavior\ShowPageTraceBehavior [ RunTime:0.003000s ]
INFO: [ app_end ] --END-- [ RunTime:0.004000s ]

[ 2015-04-25T10:13:28+08:00 ] 127.0.0.1 /wemall/WeiPHP/admin.php/WechatJssdk?XDEBUG_SESSION_START=netbeans-xdebug
INFO: [ app_init ] --START--
INFO: Run Behavior\BuildLiteBehavior [ RunTime:0.000000s ]
INFO: [ app_init ] --END-- [ RunTime:0.001000s ]
INFO: [ app_begin ] --START--
INFO: Run Behavior\ReadHtmlCacheBehavior [ RunTime:0.001000s ]
INFO: [ app_begin ] --END-- [ RunTime:0.001000s ]

[ 2015-04-25T10:14:33+08:00 ] 127.0.0.1 /wemall/WeiPHP/admin.php/WechatJssdk?XDEBUG_SESSION_START=netbeans-xdebug
INFO: [ app_init ] --START--
INFO: Run Behavior\BuildLiteBehavior [ RunTime:0.000000s ]
INFO: [ app_init ] --END-- [ RunTime:0.001000s ]
INFO: [ app_begin ] --START--
INFO: Run Behavior\ReadHtmlCacheBehavior [ RunTime:0.000000s ]
INFO: [ app_begin ] --END-- [ RunTime:0.001000s ]
NOTIC: [2] Missing argument 1 for WechatJssdk\Controller\JSSDKController::__construct(), called in D:\xampp\htdocs\wemall\ThinkPHP\Application\WechatJssdk\Controller\IndexController.class.php on line 6 and defined D:\xampp\htdocs\wemall\ThinkPHP\Application\WechatJssdk\Controller\JSSDKController.class.php 第 8 行.
NOTIC: [2] Missing argument 2 for WechatJssdk\Controller\JSSDKController::__construct(), called in D:\xampp\htdocs\wemall\ThinkPHP\Application\WechatJssdk\Controller\IndexController.class.php on line 6 and defined D:\xampp\htdocs\wemall\ThinkPHP\Application\WechatJssdk\Controller\JSSDKController.class.php 第 8 行.
INFO: [ app_end ] --START--
INFO: Run Behavior\ShowPageTraceBehavior [ RunTime:0.003001s ]
INFO: [ app_end ] --END-- [ RunTime:0.003001s ]

[ 2015-04-25T11:24:30+08:00 ] 127.0.0.1 /wemall/WeiPHP/admin.php/WechatJssdk?XDEBUG_SESSION_START=netbeans-xdebug
INFO: [ app_init ] --START--
INFO: Run Behavior\BuildLiteBehavior [ RunTime:0.000000s ]
INFO: [ app_init ] --END-- [ RunTime:0.001000s ]
INFO: [ app_begin ] --START--
INFO: Run Behavior\ReadHtmlCacheBehavior [ RunTime:0.001000s ]
INFO: [ app_begin ] --END-- [ RunTime:0.001000s ]
NOTIC: [2] Missing argument 1 for WechatJssdk\Controller\JSSDKController::__construct(), called in D:\xampp\htdocs\wemall\ThinkPHP\Application\WechatJssdk\Controller\IndexController.class.php on line 6 and defined D:\xampp\htdocs\wemall\ThinkPHP\Application\WechatJssdk\Controller\JSSDKController.class.php 第 8 行.
NOTIC: [2] Missing argument 2 for WechatJssdk\Controller\JSSDKController::__construct(), called in D:\xampp\htdocs\wemall\ThinkPHP\Application\WechatJssdk\Controller\IndexController.class.php on line 6 and defined D:\xampp\htdocs\wemall\ThinkPHP\Application\WechatJssdk\Controller\JSSDKController.class.php 第 8 行.
INFO: [ app_end ] --START--
INFO: Run Behavior\ShowPageTraceBehavior [ RunTime:0.001000s ]
INFO: [ app_end ] --END-- [ RunTime:0.001000s ]

[ 2015-04-25T11:24:57+08:00 ] 127.0.0.1 /wemall/WeiPHP/admin.php/WechatJssdk?XDEBUG_SESSION_START=netbeans-xdebug
INFO: [ app_init ] --START--
INFO: Run Behavior\BuildLiteBehavior [ RunTime:0.000000s ]
INFO: [ app_init ] --END-- [ RunTime:0.001000s ]
INFO: [ app_begin ] --START--
INFO: Run Behavior\ReadHtmlCacheBehavior [ RunTime:0.001000s ]
INFO: [ app_begin ] --END-- [ RunTime:0.001000s ]
NOTIC: [2] Missing argument 1 for WechatJssdk\Controller\JSSDKController::__construct(), called in D:\xampp\htdocs\wemall\ThinkPHP\Application\WechatJssdk\Controller\IndexController.class.php on line 6 and defined D:\xampp\htdocs\wemall\ThinkPHP\Application\WechatJssdk\Controller\JSSDKController.class.php 第 8 行.
NOTIC: [2] Missing argument 2 for WechatJssdk\Controller\JSSDKController::__construct(), called in D:\xampp\htdocs\wemall\ThinkPHP\Application\WechatJssdk\Controller\IndexController.class.php on line 6 and defined D:\xampp\htdocs\wemall\ThinkPHP\Application\WechatJssdk\Controller\JSSDKController.class.php 第 8 行.
INFO: [ view_parse ] --START--
INFO: [ template_filter ] --START--
INFO: Run Behavior\ContentReplaceBehavior [ RunTime:0.000000s ]
INFO: [ template_filter ] --END-- [ RunTime:0.001000s ]
INFO: Run Behavior\ParseTemplateBehavior [ RunTime:0.078005s ]
INFO: [ view_parse ] --END-- [ RunTime:0.079005s ]
INFO: [ view_filter ] --START--
INFO: Run Behavior\WriteHtmlCacheBehavior [ RunTime:0.008000s ]
INFO: [ view_filter ] --END-- [ RunTime:0.009000s ]
INFO: [ app_end ] --START--
INFO: Run Behavior\ShowPageTraceBehavior [ RunTime:0.001000s ]
INFO: [ app_end ] --END-- [ RunTime:0.002000s ]

[ 2015-04-25T11:36:50+08:00 ] 127.0.0.1 /wemall/WeiPHP/admin.php/WechatJssdk?XDEBUG_SESSION_START=netbeans-xdebug
INFO: [ app_init ] --START--
INFO: Run Behavior\BuildLiteBehavior [ RunTime:0.000000s ]
INFO: [ app_init ] --END-- [ RunTime:0.000000s ]
INFO: [ app_begin ] --START--
INFO: Run Behavior\ReadHtmlCacheBehavior [ RunTime:0.001000s ]
INFO: [ app_begin ] --END-- [ RunTime:0.001000s ]

[ 2015-04-25T11:36:59+08:00 ] 127.0.0.1 /wemall/WeiPHP/admin.php/WechatJssdk?XDEBUG_SESSION_START=netbeans-xdebug
INFO: [ app_init ] --START--
INFO: Run Behavior\BuildLiteBehavior [ RunTime:0.001000s ]
INFO: [ app_init ] --END-- [ RunTime:0.001000s ]
INFO: [ app_begin ] --START--
INFO: Run Behavior\ReadHtmlCacheBehavior [ RunTime:0.001000s ]
INFO: [ app_begin ] --END-- [ RunTime:0.001000s ]
NOTIC: [2] Missing argument 1 for WechatJssdk\Controller\JSSDKController::__construct(), called in D:\xampp\htdocs\wemall\ThinkPHP\Application\WechatJssdk\Controller\IndexController.class.php on line 6 and defined D:\xampp\htdocs\wemall\ThinkPHP\Application\WechatJssdk\Controller\JSSDKController.class.php 第 8 行.
NOTIC: [2] Missing argument 2 for WechatJssdk\Controller\JSSDKController::__construct(), called in D:\xampp\htdocs\wemall\ThinkPHP\Application\WechatJssdk\Controller\IndexController.class.php on line 6 and defined D:\xampp\htdocs\wemall\ThinkPHP\Application\WechatJssdk\Controller\JSSDKController.class.php 第 8 行.
INFO: [ view_parse ] --START--
INFO: [ template_filter ] --START--
INFO: Run Behavior\ContentReplaceBehavior [ RunTime:0.000000s ]
INFO: [ template_filter ] --END-- [ RunTime:0.001000s ]
INFO: Run Behavior\ParseTemplateBehavior [ RunTime:0.010001s ]
INFO: [ view_parse ] --END-- [ RunTime:0.010001s ]
INFO: [ view_filter ] --START--
INFO: Run Behavior\WriteHtmlCacheBehavior [ RunTime:0.001000s ]
INFO: [ view_filter ] --END-- [ RunTime:0.001000s ]
INFO: [ app_end ] --START--
INFO: Run Behavior\ShowPageTraceBehavior [ RunTime:0.000000s ]
INFO: [ app_end ] --END-- [ RunTime:0.001000s ]

[ 2015-04-25T11:42:20+08:00 ] 127.0.0.1 /wemall/WeiPHP/admin.php/WechatJssdk?XDEBUG_SESSION_START=netbeans-xdebug
INFO: [ app_init ] --START--
INFO: Run Behavior\BuildLiteBehavior [ RunTime:0.000000s ]
INFO: [ app_init ] --END-- [ RunTime:0.001000s ]
INFO: [ app_begin ] --START--
INFO: Run Behavior\ReadHtmlCacheBehavior [ RunTime:0.000000s ]
INFO: [ app_begin ] --END-- [ RunTime:0.001001s ]
NOTIC: [2] Missing argument 1 for WechatJssdk\Controller\JSSDKController::__construct(), called in D:\xampp\htdocs\wemall\ThinkPHP\Application\WechatJssdk\Controller\IndexController.class.php on line 6 and defined D:\xampp\htdocs\wemall\ThinkPHP\Application\WechatJssdk\Controller\JSSDKController.class.php 第 8 行.
NOTIC: [2] Missing argument 2 for WechatJssdk\Controller\JSSDKController::__construct(), called in D:\xampp\htdocs\wemall\ThinkPHP\Application\WechatJssdk\Controller\IndexController.class.php on line 6 and defined D:\xampp\htdocs\wemall\ThinkPHP\Application\WechatJssdk\Controller\JSSDKController.class.php 第 8 行.
INFO: [ view_parse ] --START--
INFO: [ template_filter ] --START--
INFO: Run Behavior\ContentReplaceBehavior [ RunTime:0.000000s ]
INFO: [ template_filter ] --END-- [ RunTime:0.000000s ]
NOTIC: [8] Undefined index: timeStamp D:\xampp\htdocs\wemall\ThinkPHP\Application\Runtime\Cache\WechatJssdk\c984dc729861d0b13c6ecf49bd76ccd2.php 第 45 行.
INFO: Run Behavior\ParseTemplateBehavior [ RunTime:0.009000s ]
INFO: [ view_parse ] --END-- [ RunTime:0.009000s ]
INFO: [ view_filter ] --START--
INFO: Run Behavior\WriteHtmlCacheBehavior [ RunTime:0.001000s ]
INFO: [ view_filter ] --END-- [ RunTime:0.001000s ]
INFO: [ app_end ] --START--
INFO: Run Behavior\ShowPageTraceBehavior [ RunTime:0.000000s ]
INFO: [ app_end ] --END-- [ RunTime:0.002001s ]

[ 2015-04-25T11:42:51+08:00 ] 127.0.0.1 /wemall/WeiPHP/admin.php/WechatJssdk?XDEBUG_SESSION_START=netbeans-xdebug
INFO: [ app_init ] --START--
INFO: Run Behavior\BuildLiteBehavior [ RunTime:0.001000s ]
INFO: [ app_init ] --END-- [ RunTime:0.001000s ]
INFO: [ app_begin ] --START--
INFO: Run Behavior\ReadHtmlCacheBehavior [ RunTime:0.000000s ]
INFO: [ app_begin ] --END-- [ RunTime:0.001000s ]
NOTIC: [2] Missing argument 1 for WechatJssdk\Controller\JSSDKController::__construct(), called in D:\xampp\htdocs\wemall\ThinkPHP\Application\WechatJssdk\Controller\IndexController.class.php on line 6 and defined D:\xampp\htdocs\wemall\ThinkPHP\Application\WechatJssdk\Controller\JSSDKController.class.php 第 8 行.
NOTIC: [2] Missing argument 2 for WechatJssdk\Controller\JSSDKController::__construct(), called in D:\xampp\htdocs\wemall\ThinkPHP\Application\WechatJssdk\Controller\IndexController.class.php on line 6 and defined D:\xampp\htdocs\wemall\ThinkPHP\Application\WechatJssdk\Controller\JSSDKController.class.php 第 8 行.
INFO: [ view_parse ] --START--
INFO: [ template_filter ] --START--
INFO: Run Behavior\ContentReplaceBehavior [ RunTime:0.000000s ]
INFO: [ template_filter ] --END-- [ RunTime:0.000000s ]
INFO: Run Behavior\ParseTemplateBehavior [ RunTime:0.009000s ]
INFO: [ view_parse ] --END-- [ RunTime:0.009000s ]
INFO: [ view_filter ] --START--
INFO: Run Behavior\WriteHtmlCacheBehavior [ RunTime:0.001000s ]
INFO: [ view_filter ] --END-- [ RunTime:0.001000s ]
INFO: [ app_end ] --START--
INFO: Run Behavior\ShowPageTraceBehavior [ RunTime:0.001000s ]
INFO: [ app_end ] --END-- [ RunTime:0.001000s ]

[ 2015-04-25T11:52:01+08:00 ] 127.0.0.1 /wemall/WeiPHP/admin.php/WechatJssdk?XDEBUG_SESSION_START=netbeans-xdebug
INFO: [ app_init ] --START--
INFO: Run Behavior\BuildLiteBehavior [ RunTime:0.000000s ]
INFO: [ app_init ] --END-- [ RunTime:0.001000s ]
INFO: [ app_begin ] --START--
INFO: Run Behavior\ReadHtmlCacheBehavior [ RunTime:0.001000s ]
INFO: [ app_begin ] --END-- [ RunTime:0.001000s ]
NOTIC: [2] Missing argument 1 for WechatJssdk\Controller\JSSDKController::__construct(), called in D:\xampp\htdocs\wemall\ThinkPHP\Application\WechatJssdk\Controller\IndexController.class.php on line 6 and defined D:\xampp\htdocs\wemall\ThinkPHP\Application\WechatJssdk\Controller\JSSDKController.class.php 第 8 行.
NOTIC: [2] Missing argument 2 for WechatJssdk\Controller\JSSDKController::__construct(), called in D:\xampp\htdocs\wemall\ThinkPHP\Application\WechatJssdk\Controller\IndexController.class.php on line 6 and defined D:\xampp\htdocs\wemall\ThinkPHP\Application\WechatJssdk\Controller\JSSDKController.class.php 第 8 行.
INFO: [ view_parse ] --START--
INFO: [ template_filter ] --START--
INFO: Run Behavior\ContentReplaceBehavior [ RunTime:0.001000s ]
INFO: [ template_filter ] --END-- [ RunTime:0.001000s ]
INFO: Run Behavior\ParseTemplateBehavior [ RunTime:0.011000s ]
INFO: [ view_parse ] --END-- [ RunTime:0.011000s ]
INFO: [ view_filter ] --START--
INFO: Run Behavior\WriteHtmlCacheBehavior [ RunTime:0.001000s ]
INFO: [ view_filter ] --END-- [ RunTime:0.001000s ]
INFO: [ app_end ] --START--
INFO: Run Behavior\ShowPageTraceBehavior [ RunTime:0.000000s ]
INFO: [ app_end ] --END-- [ RunTime:0.001000s ]

[ 2015-04-25T11:57:20+08:00 ] 127.0.0.1 /wemall/WeiPHP/admin.php/WechatJssdk?XDEBUG_SESSION_START=netbeans-xdebug
INFO: [ app_init ] --START--
INFO: Run Behavior\BuildLiteBehavior [ RunTime:0.000000s ]
INFO: [ app_init ] --END-- [ RunTime:0.001000s ]
INFO: [ app_begin ] --START--
INFO: Run Behavior\ReadHtmlCacheBehavior [ RunTime:0.001000s ]
INFO: [ app_begin ] --END-- [ RunTime:0.001000s ]
NOTIC: [2] Missing argument 1 for WechatJssdk\Controller\JSSDKController::__construct(), called in D:\xampp\htdocs\wemall\ThinkPHP\Application\WechatJssdk\Controller\IndexController.class.php on line 6 and defined D:\xampp\htdocs\wemall\ThinkPHP\Application\WechatJssdk\Controller\JSSDKController.class.php 第 8 行.
NOTIC: [2] Missing argument 2 for WechatJssdk\Controller\JSSDKController::__construct(), called in D:\xampp\htdocs\wemall\ThinkPHP\Application\WechatJssdk\Controller\IndexController.class.php on line 6 and defined D:\xampp\htdocs\wemall\ThinkPHP\Application\WechatJssdk\Controller\JSSDKController.class.php 第 8 行.
INFO: [ view_parse ] --START--
INFO: [ template_filter ] --START--
INFO: Run Behavior\ContentReplaceBehavior [ RunTime:0.001000s ]
INFO: [ template_filter ] --END-- [ RunTime:0.001000s ]
INFO: Run Behavior\ParseTemplateBehavior [ RunTime:0.011000s ]
INFO: [ view_parse ] --END-- [ RunTime:0.012001s ]
INFO: [ view_filter ] --START--
INFO: Run Behavior\WriteHtmlCacheBehavior [ RunTime:0.001000s ]
INFO: [ view_filter ] --END-- [ RunTime:0.001000s ]
INFO: [ app_end ] --START--
INFO: Run Behavior\ShowPageTraceBehavior [ RunTime:0.001000s ]
INFO: [ app_end ] --END-- [ RunTime:0.001000s ]

[ 2015-04-25T12:02:31+08:00 ] 127.0.0.1 /wemall/WeiPHP/index.php/WechatJssdk
INFO: [ app_init ] --START--
INFO: Run Behavior\BuildLiteBehavior [ RunTime:0.000000s ]
INFO: [ app_init ] --END-- [ RunTime:0.000000s ]
INFO: [ app_begin ] --START--
INFO: Run Behavior\ReadHtmlCacheBehavior [ RunTime:0.001000s ]
INFO: [ app_begin ] --END-- [ RunTime:0.001000s ]
NOTIC: [2] Missing argument 1 for WechatJssdk\Controller\JSSDKController::__construct(), called in D:\xampp\htdocs\wemall\ThinkPHP\Application\WechatJssdk\Controller\IndexController.class.php on line 6 and defined D:\xampp\htdocs\wemall\ThinkPHP\Application\WechatJssdk\Controller\JSSDKController.class.php 第 8 行.
NOTIC: [2] Missing argument 2 for WechatJssdk\Controller\JSSDKController::__construct(), called in D:\xampp\htdocs\wemall\ThinkPHP\Application\WechatJssdk\Controller\IndexController.class.php on line 6 and defined D:\xampp\htdocs\wemall\ThinkPHP\Application\WechatJssdk\Controller\JSSDKController.class.php 第 8 行.
INFO: [ view_parse ] --START--
INFO: [ template_filter ] --START--
INFO: Run Behavior\ContentReplaceBehavior [ RunTime:0.000000s ]
INFO: [ template_filter ] --END-- [ RunTime:0.000000s ]
INFO: Run Behavior\ParseTemplateBehavior [ RunTime:0.010001s ]
INFO: [ view_parse ] --END-- [ RunTime:0.010001s ]
INFO: [ view_filter ] --START--
INFO: Run Behavior\WriteHtmlCacheBehavior [ RunTime:0.000000s ]
INFO: [ view_filter ] --END-- [ RunTime:0.001000s ]
INFO: [ app_end ] --START--
INFO: Run Behavior\ShowPageTraceBehavior [ RunTime:0.001000s ]
INFO: [ app_end ] --END-- [ RunTime:0.001000s ]

[ 2015-04-25T12:02:51+08:00 ] 127.0.0.1 /wemall/WeiPHP/index.php/wechatJssdk
INFO: [ app_init ] --START--
INFO: Run Behavior\BuildLiteBehavior [ RunTime:0.000000s ]
INFO: [ app_init ] --END-- [ RunTime:0.000000s ]
INFO: [ app_begin ] --START--
INFO: Run Behavior\ReadHtmlCacheBehavior [ RunTime:0.000000s ]
INFO: [ app_begin ] --END-- [ RunTime:0.001000s ]
NOTIC: [2] Missing argument 1 for WechatJssdk\Controller\JSSDKController::__construct(), called in D:\xampp\htdocs\wemall\ThinkPHP\Application\WechatJssdk\Controller\IndexController.class.php on line 6 and defined D:\xampp\htdocs\wemall\ThinkPHP\Application\WechatJssdk\Controller\JSSDKController.class.php 第 8 行.
NOTIC: [2] Missing argument 2 for WechatJssdk\Controller\JSSDKController::__construct(), called in D:\xampp\htdocs\wemall\ThinkPHP\Application\WechatJssdk\Controller\IndexController.class.php on line 6 and defined D:\xampp\htdocs\wemall\ThinkPHP\Application\WechatJssdk\Controller\JSSDKController.class.php 第 8 行.
INFO: [ view_parse ] --START--
INFO: [ template_filter ] --START--
INFO: Run Behavior\ContentReplaceBehavior [ RunTime:0.000000s ]
INFO: [ template_filter ] --END-- [ RunTime:0.000000s ]
INFO: Run Behavior\ParseTemplateBehavior [ RunTime:0.010001s ]
INFO: [ view_parse ] --END-- [ RunTime:0.012001s ]
INFO: [ view_filter ] --START--
INFO: Run Behavior\WriteHtmlCacheBehavior [ RunTime:0.000000s ]
INFO: [ view_filter ] --END-- [ RunTime:0.000000s ]
INFO: [ app_end ] --START--
INFO: Run Behavior\ShowPageTraceBehavior [ RunTime:0.001000s ]
INFO: [ app_end ] --END-- [ RunTime:0.001000s ]

[ 2015-04-25T12:04:09+08:00 ] 127.0.0.1 /wemall/WeiPHP/index.php/wechatJssdk
INFO: [ app_init ] --START--
INFO: Run Behavior\BuildLiteBehavior [ RunTime:0.001000s ]
INFO: [ app_init ] --END-- [ RunTime:0.001000s ]
INFO: [ app_begin ] --START--
INFO: Run Behavior\ReadHtmlCacheBehavior [ RunTime:0.001000s ]
INFO: [ app_begin ] --END-- [ RunTime:0.001000s ]
NOTIC: [2] Missing argument 1 for WechatJssdk\Controller\JSSDKController::__construct(), called in D:\xampp\htdocs\wemall\ThinkPHP\Application\WechatJssdk\Controller\IndexController.class.php on line 6 and defined D:\xampp\htdocs\wemall\ThinkPHP\Application\WechatJssdk\Controller\JSSDKController.class.php 第 8 行.
NOTIC: [2] Missing argument 2 for WechatJssdk\Controller\JSSDKController::__construct(), called in D:\xampp\htdocs\wemall\ThinkPHP\Application\WechatJssdk\Controller\IndexController.class.php on line 6 and defined D:\xampp\htdocs\wemall\ThinkPHP\Application\WechatJssdk\Controller\JSSDKController.class.php 第 8 行.
INFO: [ view_parse ] --START--
INFO: [ template_filter ] --START--
INFO: Run Behavior\ContentReplaceBehavior [ RunTime:0.000000s ]
INFO: [ template_filter ] --END-- [ RunTime:0.001000s ]
INFO: Run Behavior\ParseTemplateBehavior [ RunTime:0.011001s ]
INFO: [ view_parse ] --END-- [ RunTime:0.011001s ]
INFO: [ view_filter ] --START--
INFO: Run Behavior\WriteHtmlCacheBehavior [ RunTime:0.001000s ]
INFO: [ view_filter ] --END-- [ RunTime:0.001000s ]
INFO: [ app_end ] --START--
INFO: Run Behavior\ShowPageTraceBehavior [ RunTime:0.001000s ]
INFO: [ app_end ] --END-- [ RunTime:0.001000s ]

[ 2015-04-25T12:04:12+08:00 ] 127.0.0.1 /wemall/WeiPHP/index.php/wechatJssdk
INFO: [ app_init ] --START--
INFO: Run Behavior\BuildLiteBehavior [ RunTime:0.000000s ]
INFO: [ app_init ] --END-- [ RunTime:0.001000s ]
INFO: [ app_begin ] --START--
INFO: Run Behavior\ReadHtmlCacheBehavior [ RunTime:0.001000s ]
INFO: [ app_begin ] --END-- [ RunTime:0.001000s ]
NOTIC: [2] Missing argument 1 for WechatJssdk\Controller\JSSDKController::__construct(), called in D:\xampp\htdocs\wemall\ThinkPHP\Application\WechatJssdk\Controller\IndexController.class.php on line 6 and defined D:\xampp\htdocs\wemall\ThinkPHP\Application\WechatJssdk\Controller\JSSDKController.class.php 第 8 行.
NOTIC: [2] Missing argument 2 for WechatJssdk\Controller\JSSDKController::__construct(), called in D:\xampp\htdocs\wemall\ThinkPHP\Application\WechatJssdk\Controller\IndexController.class.php on line 6 and defined D:\xampp\htdocs\wemall\ThinkPHP\Application\WechatJssdk\Controller\JSSDKController.class.php 第 8 行.
INFO: [ view_parse ] --START--
INFO: [ template_filter ] --START--
INFO: Run Behavior\ContentReplaceBehavior [ RunTime:0.001000s ]
INFO: [ template_filter ] --END-- [ RunTime:0.001000s ]
INFO: Run Behavior\ParseTemplateBehavior [ RunTime:0.010001s ]
INFO: [ view_parse ] --END-- [ RunTime:0.011001s ]
INFO: [ view_filter ] --START--
INFO: Run Behavior\WriteHtmlCacheBehavior [ RunTime:0.001000s ]
INFO: [ view_filter ] --END-- [ RunTime:0.001000s ]
INFO: [ app_end ] --START--
INFO: Run Behavior\ShowPageTraceBehavior [ RunTime:0.001000s ]
INFO: [ app_end ] --END-- [ RunTime:0.001000s ]

[ 2015-04-25T12:04:17+08:00 ] 127.0.0.1 /wemall/WeiPHP/index.php/wechatJssdk
INFO: [ app_init ] --START--
INFO: Run Behavior\BuildLiteBehavior [ RunTime:0.000000s ]
INFO: [ app_init ] --END-- [ RunTime:0.001000s ]
INFO: [ app_begin ] --START--
INFO: Run Behavior\ReadHtmlCacheBehavior [ RunTime:0.001000s ]
INFO: [ app_begin ] --END-- [ RunTime:0.001000s ]
NOTIC: [2] Missing argument 1 for WechatJssdk\Controller\JSSDKController::__construct(), called in D:\xampp\htdocs\wemall\ThinkPHP\Application\WechatJssdk\Controller\IndexController.class.php on line 6 and defined D:\xampp\htdocs\wemall\ThinkPHP\Application\WechatJssdk\Controller\JSSDKController.class.php 第 8 行.
NOTIC: [2] Missing argument 2 for WechatJssdk\Controller\JSSDKController::__construct(), called in D:\xampp\htdocs\wemall\ThinkPHP\Application\WechatJssdk\Controller\IndexController.class.php on line 6 and defined D:\xampp\htdocs\wemall\ThinkPHP\Application\WechatJssdk\Controller\JSSDKController.class.php 第 8 行.
INFO: [ view_parse ] --START--
INFO: [ template_filter ] --START--
INFO: Run Behavior\ContentReplaceBehavior [ RunTime:0.000000s ]
INFO: [ template_filter ] --END-- [ RunTime:0.000000s ]
INFO: Run Behavior\ParseTemplateBehavior [ RunTime:0.011001s ]
INFO: [ view_parse ] --END-- [ RunTime:0.012001s ]
INFO: [ view_filter ] --START--
INFO: Run Behavior\WriteHtmlCacheBehavior [ RunTime:0.001000s ]
INFO: [ view_filter ] --END-- [ RunTime:0.001000s ]
INFO: [ app_end ] --START--
INFO: Run Behavior\ShowPageTraceBehavior [ RunTime:0.001000s ]
INFO: [ app_end ] --END-- [ RunTime:0.001000s ]

[ 2015-04-25T12:06:04+08:00 ] 127.0.0.1 /wemall/WeiPHP/index.php/wechatJssdk
INFO: [ app_init ] --START--
INFO: Run Behavior\BuildLiteBehavior [ RunTime:0.000000s ]
INFO: [ app_init ] --END-- [ RunTime:0.002000s ]
INFO: [ app_begin ] --START--
INFO: Run Behavior\ReadHtmlCacheBehavior [ RunTime:0.001000s ]
INFO: [ app_begin ] --END-- [ RunTime:0.001000s ]
NOTIC: [2] Missing argument 1 for WechatJssdk\Controller\JSSDKController::__construct(), called in D:\xampp\htdocs\wemall\ThinkPHP\Application\WechatJssdk\Controller\IndexController.class.php on line 6 and defined D:\xampp\htdocs\wemall\ThinkPHP\Application\WechatJssdk\Controller\JSSDKController.class.php 第 8 行.
NOTIC: [2] Missing argument 2 for WechatJssdk\Controller\JSSDKController::__construct(), called in D:\xampp\htdocs\wemall\ThinkPHP\Application\WechatJssdk\Controller\IndexController.class.php on line 6 and defined D:\xampp\htdocs\wemall\ThinkPHP\Application\WechatJssdk\Controller\JSSDKController.class.php 第 8 行.
INFO: [ view_parse ] --START--
INFO: [ template_filter ] --START--
INFO: Run Behavior\ContentReplaceBehavior [ RunTime:0.000000s ]
INFO: [ template_filter ] --END-- [ RunTime:0.000000s ]
INFO: Run Behavior\ParseTemplateBehavior [ RunTime:0.011001s ]
INFO: [ view_parse ] --END-- [ RunTime:0.012001s ]
INFO: [ view_filter ] --START--
INFO: Run Behavior\WriteHtmlCacheBehavior [ RunTime:0.000000s ]
INFO: [ view_filter ] --END-- [ RunTime:0.000000s ]
INFO: [ app_end ] --START--
INFO: Run Behavior\ShowPageTraceBehavior [ RunTime:0.001000s ]
INFO: [ app_end ] --END-- [ RunTime:0.001000s ]

[ 2015-04-25T12:06:06+08:00 ] 127.0.0.1 /wemall/WeiPHP/index.php/wechatJssdk
INFO: [ app_init ] --START--
INFO: Run Behavior\BuildLiteBehavior [ RunTime:0.000000s ]
INFO: [ app_init ] --END-- [ RunTime:0.001000s ]
INFO: [ app_begin ] --START--
INFO: Run Behavior\ReadHtmlCacheBehavior [ RunTime:0.001000s ]
INFO: [ app_begin ] --END-- [ RunTime:0.001000s ]
NOTIC: [2] Missing argument 1 for WechatJssdk\Controller\JSSDKController::__construct(), called in D:\xampp\htdocs\wemall\ThinkPHP\Application\WechatJssdk\Controller\IndexController.class.php on line 6 and defined D:\xampp\htdocs\wemall\ThinkPHP\Application\WechatJssdk\Controller\JSSDKController.class.php 第 8 行.
NOTIC: [2] Missing argument 2 for WechatJssdk\Controller\JSSDKController::__construct(), called in D:\xampp\htdocs\wemall\ThinkPHP\Application\WechatJssdk\Controller\IndexController.class.php on line 6 and defined D:\xampp\htdocs\wemall\ThinkPHP\Application\WechatJssdk\Controller\JSSDKController.class.php 第 8 行.
INFO: [ view_parse ] --START--
INFO: [ template_filter ] --START--
INFO: Run Behavior\ContentReplaceBehavior [ RunTime:0.001000s ]
INFO: [ template_filter ] --END-- [ RunTime:0.001000s ]
INFO: Run Behavior\ParseTemplateBehavior [ RunTime:0.010001s ]
INFO: [ view_parse ] --END-- [ RunTime:0.010001s ]
INFO: [ view_filter ] --START--
INFO: Run Behavior\WriteHtmlCacheBehavior [ RunTime:0.001000s ]
INFO: [ view_filter ] --END-- [ RunTime:0.001000s ]
INFO: [ app_end ] --START--
INFO: Run Behavior\ShowPageTraceBehavior [ RunTime:0.001000s ]
INFO: [ app_end ] --END-- [ RunTime:0.001000s ]

[ 2015-04-25T12:06:16+08:00 ] 127.0.0.1 /wemall/WeiPHP/index.php/wechatJssdk
INFO: [ app_init ] --START--
INFO: Run Behavior\BuildLiteBehavior [ RunTime:0.000000s ]
INFO: [ app_init ] --END-- [ RunTime:0.000000s ]
INFO: [ app_begin ] --START--
INFO: Run Behavior\ReadHtmlCacheBehavior [ RunTime:0.000000s ]
INFO: [ app_begin ] --END-- [ RunTime:0.001001s ]
NOTIC: [2] Missing argument 1 for WechatJssdk\Controller\JSSDKController::__construct(), called in D:\xampp\htdocs\wemall\ThinkPHP\Application\WechatJssdk\Controller\IndexController.class.php on line 6 and defined D:\xampp\htdocs\wemall\ThinkPHP\Application\WechatJssdk\Controller\JSSDKController.class.php 第 8 行.
NOTIC: [2] Missing argument 2 for WechatJssdk\Controller\JSSDKController::__construct(), called in D:\xampp\htdocs\wemall\ThinkPHP\Application\WechatJssdk\Controller\IndexController.class.php on line 6 and defined D:\xampp\htdocs\wemall\ThinkPHP\Application\WechatJssdk\Controller\JSSDKController.class.php 第 8 行.
INFO: [ view_parse ] --START--
INFO: [ template_filter ] --START--
INFO: Run Behavior\ContentReplaceBehavior [ RunTime:0.000000s ]
INFO: [ template_filter ] --END-- [ RunTime:0.000000s ]
INFO: Run Behavior\ParseTemplateBehavior [ RunTime:0.010000s ]
INFO: [ view_parse ] --END-- [ RunTime:0.011000s ]
INFO: [ view_filter ] --START--
INFO: Run Behavior\WriteHtmlCacheBehavior [ RunTime:0.001000s ]
INFO: [ view_filter ] --END-- [ RunTime:0.001000s ]
INFO: [ app_end ] --START--
INFO: Run Behavior\ShowPageTraceBehavior [ RunTime:0.000000s ]
INFO: [ app_end ] --END-- [ RunTime:0.000000s ]

[ 2015-04-25T12:06:17+08:00 ] 127.0.0.1 /wemall/WeiPHP/index.php/wechatJssdk
INFO: [ app_init ] --START--
INFO: Run Behavior\BuildLiteBehavior [ RunTime:0.000000s ]
INFO: [ app_init ] --END-- [ RunTime:0.003000s ]
INFO: [ app_begin ] --START--
INFO: Run Behavior\ReadHtmlCacheBehavior [ RunTime:0.002000s ]
INFO: [ app_begin ] --END-- [ RunTime:0.002000s ]
NOTIC: [2] Missing argument 1 for WechatJssdk\Controller\JSSDKController::__construct(), called in D:\xampp\htdocs\wemall\ThinkPHP\Application\WechatJssdk\Controller\IndexController.class.php on line 6 and defined D:\xampp\htdocs\wemall\ThinkPHP\Application\WechatJssdk\Controller\JSSDKController.class.php 第 8 行.
NOTIC: [2] Missing argument 2 for WechatJssdk\Controller\JSSDKController::__construct(), called in D:\xampp\htdocs\wemall\ThinkPHP\Application\WechatJssdk\Controller\IndexController.class.php on line 6 and defined D:\xampp\htdocs\wemall\ThinkPHP\Application\WechatJssdk\Controller\JSSDKController.class.php 第 8 行.
INFO: [ view_parse ] --START--
INFO: [ template_filter ] --START--
INFO: Run Behavior\ContentReplaceBehavior [ RunTime:0.000000s ]
INFO: [ template_filter ] --END-- [ RunTime:0.001000s ]
INFO: Run Behavior\ParseTemplateBehavior [ RunTime:0.011000s ]
INFO: [ view_parse ] --END-- [ RunTime:0.012000s ]
INFO: [ view_filter ] --START--
INFO: Run Behavior\WriteHtmlCacheBehavior [ RunTime:0.000000s ]
INFO: [ view_filter ] --END-- [ RunTime:0.001000s ]
INFO: [ app_end ] --START--
INFO: Run Behavior\ShowPageTraceBehavior [ RunTime:0.001001s ]
INFO: [ app_end ] --END-- [ RunTime:0.001001s ]

[ 2015-04-25T12:07:34+08:00 ] 127.0.0.1 /wemall/WeiPHP/index.php/wechatJssdk
INFO: [ app_init ] --START--
INFO: Run Behavior\BuildLiteBehavior [ RunTime:0.000000s ]
INFO: [ app_init ] --END-- [ RunTime:0.001000s ]
INFO: [ app_begin ] --START--
INFO: Run Behavior\ReadHtmlCacheBehavior [ RunTime:0.000000s ]
INFO: [ app_begin ] --END-- [ RunTime:0.001000s ]
NOTIC: [2] Missing argument 1 for WechatJssdk\Controller\JSSDKController::__construct(), called in D:\xampp\htdocs\wemall\ThinkPHP\Application\WechatJssdk\Controller\IndexController.class.php on line 6 and defined D:\xampp\htdocs\wemall\ThinkPHP\Application\WechatJssdk\Controller\JSSDKController.class.php 第 8 行.
NOTIC: [2] Missing argument 2 for WechatJssdk\Controller\JSSDKController::__construct(), called in D:\xampp\htdocs\wemall\ThinkPHP\Application\WechatJssdk\Controller\IndexController.class.php on line 6 and defined D:\xampp\htdocs\wemall\ThinkPHP\Application\WechatJssdk\Controller\JSSDKController.class.php 第 8 行.
INFO: [ view_parse ] --START--
INFO: [ template_filter ] --START--
INFO: Run Behavior\ContentReplaceBehavior [ RunTime:0.000000s ]
INFO: [ template_filter ] --END-- [ RunTime:0.000000s ]
INFO: Run Behavior\ParseTemplateBehavior [ RunTime:0.013001s ]
INFO: [ view_parse ] --END-- [ RunTime:0.013001s ]
INFO: [ view_filter ] --START--
INFO: Run Behavior\WriteHtmlCacheBehavior [ RunTime:0.001000s ]
INFO: [ view_filter ] --END-- [ RunTime:0.001000s ]
INFO: [ app_end ] --START--
INFO: Run Behavior\ShowPageTraceBehavior [ RunTime:0.002000s ]
INFO: [ app_end ] --END-- [ RunTime:0.002000s ]

[ 2015-04-25T12:07:39+08:00 ] 127.0.0.1 /wemall/WeiPHP/index.php/wechatJssdk
INFO: [ app_init ] --START--
INFO: Run Behavior\BuildLiteBehavior [ RunTime:0.000000s ]
INFO: [ app_init ] --END-- [ RunTime:0.000000s ]
INFO: [ app_begin ] --START--
INFO: Run Behavior\ReadHtmlCacheBehavior [ RunTime:0.000000s ]
INFO: [ app_begin ] --END-- [ RunTime:0.001000s ]
NOTIC: [2] Missing argument 1 for WechatJssdk\Controller\JSSDKController::__construct(), called in D:\xampp\htdocs\wemall\ThinkPHP\Application\WechatJssdk\Controller\IndexController.class.php on line 6 and defined D:\xampp\htdocs\wemall\ThinkPHP\Application\WechatJssdk\Controller\JSSDKController.class.php 第 8 行.
NOTIC: [2] Missing argument 2 for WechatJssdk\Controller\JSSDKController::__construct(), called in D:\xampp\htdocs\wemall\ThinkPHP\Application\WechatJssdk\Controller\IndexController.class.php on line 6 and defined D:\xampp\htdocs\wemall\ThinkPHP\Application\WechatJssdk\Controller\JSSDKController.class.php 第 8 行.
INFO: [ view_parse ] --START--
INFO: [ template_filter ] --START--
INFO: Run Behavior\ContentReplaceBehavior [ RunTime:0.001000s ]
INFO: [ template_filter ] --END-- [ RunTime:0.001000s ]
INFO: Run Behavior\ParseTemplateBehavior [ RunTime:0.016001s ]
INFO: [ view_parse ] --END-- [ RunTime:0.017001s ]
INFO: [ view_filter ] --START--
INFO: Run Behavior\WriteHtmlCacheBehavior [ RunTime:0.001000s ]
INFO: [ view_filter ] --END-- [ RunTime:0.001000s ]
INFO: [ app_end ] --START--
INFO: Run Behavior\ShowPageTraceBehavior [ RunTime:0.001000s ]
INFO: [ app_end ] --END-- [ RunTime:0.002000s ]

[ 2015-04-25T12:11:47+08:00 ] 127.0.0.1 /wemall/WeiPHP/index.php/wechatJssdk
INFO: [ app_init ] --START--
INFO: Run Behavior\BuildLiteBehavior [ RunTime:0.000000s ]
INFO: [ app_init ] --END-- [ RunTime:0.001000s ]
INFO: [ app_begin ] --START--
INFO: Run Behavior\ReadHtmlCacheBehavior [ RunTime:0.001000s ]
INFO: [ app_begin ] --END-- [ RunTime:0.001000s ]
NOTIC: [2] Missing argument 1 for WechatJssdk\Controller\JSSDKController::__construct(), called in D:\xampp\htdocs\wemall\ThinkPHP\Application\WechatJssdk\Controller\IndexController.class.php on line 6 and defined D:\xampp\htdocs\wemall\ThinkPHP\Application\WechatJssdk\Controller\JSSDKController.class.php 第 8 行.
NOTIC: [2] Missing argument 2 for WechatJssdk\Controller\JSSDKController::__construct(), called in D:\xampp\htdocs\wemall\ThinkPHP\Application\WechatJssdk\Controller\IndexController.class.php on line 6 and defined D:\xampp\htdocs\wemall\ThinkPHP\Application\WechatJssdk\Controller\JSSDKController.class.php 第 8 行.
INFO: [ view_parse ] --START--
INFO: [ template_filter ] --START--
INFO: Run Behavior\ContentReplaceBehavior [ RunTime:0.001000s ]
INFO: [ template_filter ] --END-- [ RunTime:0.001000s ]
INFO: Run Behavior\ParseTemplateBehavior [ RunTime:0.021001s ]
INFO: [ view_parse ] --END-- [ RunTime:0.023001s ]
INFO: [ view_filter ] --START--
INFO: Run Behavior\WriteHtmlCacheBehavior [ RunTime:0.001000s ]
INFO: [ view_filter ] --END-- [ RunTime:0.001000s ]
INFO: [ app_end ] --START--
INFO: Run Behavior\ShowPageTraceBehavior [ RunTime:0.001000s ]
INFO: [ app_end ] --END-- [ RunTime:0.002000s ]

[ 2015-04-25T12:12:42+08:00 ] 127.0.0.1 /wemall/WeiPHP/index.php/wechatJssdk
INFO: [ app_init ] --START--
INFO: Run Behavior\BuildLiteBehavior [ RunTime:0.000000s ]
INFO: [ app_init ] --END-- [ RunTime:0.001000s ]
INFO: [ app_begin ] --START--
INFO: Run Behavior\ReadHtmlCacheBehavior [ RunTime:0.001001s ]
INFO: [ app_begin ] --END-- [ RunTime:0.001001s ]
NOTIC: [2] Missing argument 1 for WechatJssdk\Controller\JSSDKController::__construct(), called in D:\xampp\htdocs\wemall\ThinkPHP\Application\WechatJssdk\Controller\IndexController.class.php on line 6 and defined D:\xampp\htdocs\wemall\ThinkPHP\Application\WechatJssdk\Controller\JSSDKController.class.php 第 8 行.
NOTIC: [2] Missing argument 2 for WechatJssdk\Controller\JSSDKController::__construct(), called in D:\xampp\htdocs\wemall\ThinkPHP\Application\WechatJssdk\Controller\IndexController.class.php on line 6 and defined D:\xampp\htdocs\wemall\ThinkPHP\Application\WechatJssdk\Controller\JSSDKController.class.php 第 8 行.
INFO: [ view_parse ] --START--
INFO: [ template_filter ] --START--
INFO: Run Behavior\ContentReplaceBehavior [ RunTime:0.000000s ]
INFO: [ template_filter ] --END-- [ RunTime:0.001000s ]
INFO: Run Behavior\ParseTemplateBehavior [ RunTime:0.020001s ]
INFO: [ view_parse ] --END-- [ RunTime:0.022001s ]
INFO: [ view_filter ] --START--
INFO: Run Behavior\WriteHtmlCacheBehavior [ RunTime:0.001000s ]
INFO: [ view_filter ] --END-- [ RunTime:0.002001s ]
INFO: [ app_end ] --START--
INFO: Run Behavior\ShowPageTraceBehavior [ RunTime:0.002000s ]
INFO: [ app_end ] --END-- [ RunTime:0.003000s ]

[ 2015-04-25T12:32:35+08:00 ] 127.0.0.1 /wemall/WeiPHP/index.php/wechatJssdk
INFO: [ app_init ] --START--
INFO: Run Behavior\BuildLiteBehavior [ RunTime:0.000000s ]
INFO: [ app_init ] --END-- [ RunTime:0.002000s ]
INFO: [ app_begin ] --START--
INFO: Run Behavior\ReadHtmlCacheBehavior [ RunTime:0.001000s ]
INFO: [ app_begin ] --END-- [ RunTime:0.001000s ]
NOTIC: [2] Missing argument 1 for WechatJssdk\Controller\JSSDKController::__construct(), called in D:\xampp\htdocs\wemall\ThinkPHP\Application\WechatJssdk\Controller\IndexController.class.php on line 6 and defined D:\xampp\htdocs\wemall\ThinkPHP\Application\WechatJssdk\Controller\JSSDKController.class.php 第 8 行.
NOTIC: [2] Missing argument 2 for WechatJssdk\Controller\JSSDKController::__construct(), called in D:\xampp\htdocs\wemall\ThinkPHP\Application\WechatJssdk\Controller\IndexController.class.php on line 6 and defined D:\xampp\htdocs\wemall\ThinkPHP\Application\WechatJssdk\Controller\JSSDKController.class.php 第 8 行.
INFO: [ view_parse ] --START--
INFO: [ template_filter ] --START--
INFO: Run Behavior\ContentReplaceBehavior [ RunTime:0.001000s ]
INFO: [ template_filter ] --END-- [ RunTime:0.001000s ]

[ 2015-04-25T12:32:51+08:00 ] 127.0.0.1 /wemall/WeiPHP/index.php/wechatJssdk
INFO: [ app_init ] --START--
INFO: Run Behavior\BuildLiteBehavior [ RunTime:0.000000s ]
INFO: [ app_init ] --END-- [ RunTime:0.002000s ]
INFO: [ app_begin ] --START--
INFO: Run Behavior\ReadHtmlCacheBehavior [ RunTime:0.001000s ]
INFO: [ app_begin ] --END-- [ RunTime:0.001000s ]
NOTIC: [2] Missing argument 1 for WechatJssdk\Controller\JSSDKController::__construct(), called in D:\xampp\htdocs\wemall\ThinkPHP\Application\WechatJssdk\Controller\IndexController.class.php on line 6 and defined D:\xampp\htdocs\wemall\ThinkPHP\Application\WechatJssdk\Controller\JSSDKController.class.php 第 8 行.
NOTIC: [2] Missing argument 2 for WechatJssdk\Controller\JSSDKController::__construct(), called in D:\xampp\htdocs\wemall\ThinkPHP\Application\WechatJssdk\Controller\IndexController.class.php on line 6 and defined D:\xampp\htdocs\wemall\ThinkPHP\Application\WechatJssdk\Controller\JSSDKController.class.php 第 8 行.
INFO: [ view_parse ] --START--
INFO: [ template_filter ] --START--
INFO: Run Behavior\ContentReplaceBehavior [ RunTime:0.001000s ]
INFO: [ template_filter ] --END-- [ RunTime:0.001000s ]
NOTIC: [8] Undefined variable: addressPackage D:\xampp\htdocs\wemall\ThinkPHP\Application\Runtime\Cache\WechatJssdk\c984dc729861d0b13c6ecf49bd76ccd2.php 第 82 行.
NOTIC: [8] Undefined variable: addressPackage D:\xampp\htdocs\wemall\ThinkPHP\Application\Runtime\Cache\WechatJssdk\c984dc729861d0b13c6ecf49bd76ccd2.php 第 83 行.
NOTIC: [8] Undefined variable: addressPackage D:\xampp\htdocs\wemall\ThinkPHP\Application\Runtime\Cache\WechatJssdk\c984dc729861d0b13c6ecf49bd76ccd2.php 第 84 行.
NOTIC: [8] Undefined variable: addressPackage D:\xampp\htdocs\wemall\ThinkPHP\Application\Runtime\Cache\WechatJssdk\c984dc729861d0b13c6ecf49bd76ccd2.php 第 85 行.
NOTIC: [8] Undefined variable: addressPackage D:\xampp\htdocs\wemall\ThinkPHP\Application\Runtime\Cache\WechatJssdk\c984dc729861d0b13c6ecf49bd76ccd2.php 第 86 行.
NOTIC: [8] Undefined variable: addressPackage D:\xampp\htdocs\wemall\ThinkPHP\Application\Runtime\Cache\WechatJssdk\c984dc729861d0b13c6ecf49bd76ccd2.php 第 87 行.
INFO: Run Behavior\ParseTemplateBehavior [ RunTime:0.022001s ]
INFO: [ view_parse ] --END-- [ RunTime:0.022001s ]
INFO: [ view_filter ] --START--
INFO: Run Behavior\WriteHtmlCacheBehavior [ RunTime:0.001000s ]
INFO: [ view_filter ] --END-- [ RunTime:0.002000s ]
INFO: [ app_end ] --START--
INFO: Run Behavior\ShowPageTraceBehavior [ RunTime:0.002000s ]
INFO: [ app_end ] --END-- [ RunTime:0.002000s ]

[ 2015-04-25T12:33:24+08:00 ] 127.0.0.1 /wemall/WeiPHP/index.php/wechatJssdk
INFO: [ app_init ] --START--
INFO: Run Behavior\BuildLiteBehavior [ RunTime:0.000000s ]
INFO: [ app_init ] --END-- [ RunTime:0.001000s ]
INFO: [ app_begin ] --START--
INFO: Run Behavior\ReadHtmlCacheBehavior [ RunTime:0.001001s ]
INFO: [ app_begin ] --END-- [ RunTime:0.002001s ]

[ 2015-04-25T12:33:26+08:00 ] 127.0.0.1 /wemall/WeiPHP/index.php/wechatJssdk
INFO: [ app_init ] --START--
INFO: Run Behavior\BuildLiteBehavior [ RunTime:0.000000s ]
INFO: [ app_init ] --END-- [ RunTime:0.001000s ]
INFO: [ app_begin ] --START--
INFO: Run Behavior\ReadHtmlCacheBehavior [ RunTime:0.001000s ]
INFO: [ app_begin ] --END-- [ RunTime:0.001000s ]

[ 2015-04-25T12:33:37+08:00 ] 127.0.0.1 /wemall/WeiPHP/index.php/wechatJssdk
INFO: [ app_init ] --START--
INFO: Run Behavior\BuildLiteBehavior [ RunTime:0.000000s ]
INFO: [ app_init ] --END-- [ RunTime:0.001000s ]
INFO: [ app_begin ] --START--
INFO: Run Behavior\ReadHtmlCacheBehavior [ RunTime:0.001000s ]
INFO: [ app_begin ] --END-- [ RunTime:0.001000s ]
NOTIC: [2] Missing argument 1 for WechatJssdk\Controller\JSSDKController::__construct(), called in D:\xampp\htdocs\wemall\ThinkPHP\Application\WechatJssdk\Controller\IndexController.class.php on line 6 and defined D:\xampp\htdocs\wemall\ThinkPHP\Application\WechatJssdk\Controller\JSSDKController.class.php 第 8 行.
NOTIC: [2] Missing argument 2 for WechatJssdk\Controller\JSSDKController::__construct(), called in D:\xampp\htdocs\wemall\ThinkPHP\Application\WechatJssdk\Controller\IndexController.class.php on line 6 and defined D:\xampp\htdocs\wemall\ThinkPHP\Application\WechatJssdk\Controller\JSSDKController.class.php 第 8 行.
INFO: [ view_parse ] --START--
INFO: [ template_filter ] --START--
INFO: Run Behavior\ContentReplaceBehavior [ RunTime:0.000000s ]
INFO: [ template_filter ] --END-- [ RunTime:0.000000s ]
NOTIC: [8] Undefined index: singType D:\xampp\htdocs\wemall\ThinkPHP\Application\Runtime\Cache\WechatJssdk\c984dc729861d0b13c6ecf49bd76ccd2.php 第 84 行.
INFO: Run Behavior\ParseTemplateBehavior [ RunTime:0.012000s ]
INFO: [ view_parse ] --END-- [ RunTime:0.012000s ]
INFO: [ view_filter ] --START--
INFO: Run Behavior\WriteHtmlCacheBehavior [ RunTime:0.001000s ]
INFO: [ view_filter ] --END-- [ RunTime:0.001000s ]
INFO: [ app_end ] --START--
INFO: Run Behavior\ShowPageTraceBehavior [ RunTime:0.001000s ]
INFO: [ app_end ] --END-- [ RunTime:0.001000s ]

[ 2015-04-25T12:34:32+08:00 ] 127.0.0.1 /wemall/WeiPHP/index.php/wechatJssdk
INFO: [ app_init ] --START--
INFO: Run Behavior\BuildLiteBehavior [ RunTime:0.000000s ]
INFO: [ app_init ] --END-- [ RunTime:0.000000s ]
INFO: [ app_begin ] --START--
INFO: Run Behavior\ReadHtmlCacheBehavior [ RunTime:0.001000s ]
INFO: [ app_begin ] --END-- [ RunTime:0.001000s ]
NOTIC: [2] Missing argument 1 for WechatJssdk\Controller\JSSDKController::__construct(), called in D:\xampp\htdocs\wemall\ThinkPHP\Application\WechatJssdk\Controller\IndexController.class.php on line 6 and defined D:\xampp\htdocs\wemall\ThinkPHP\Application\WechatJssdk\Controller\JSSDKController.class.php 第 8 行.
NOTIC: [2] Missing argument 2 for WechatJssdk\Controller\JSSDKController::__construct(), called in D:\xampp\htdocs\wemall\ThinkPHP\Application\WechatJssdk\Controller\IndexController.class.php on line 6 and defined D:\xampp\htdocs\wemall\ThinkPHP\Application\WechatJssdk\Controller\JSSDKController.class.php 第 8 行.
INFO: [ view_parse ] --START--
INFO: [ template_filter ] --START--
INFO: Run Behavior\ContentReplaceBehavior [ RunTime:0.000000s ]
INFO: [ template_filter ] --END-- [ RunTime:0.001000s ]
INFO: Run Behavior\ParseTemplateBehavior [ RunTime:0.012000s ]
INFO: [ view_parse ] --END-- [ RunTime:0.012000s ]
INFO: [ view_filter ] --START--
INFO: Run Behavior\WriteHtmlCacheBehavior [ RunTime:0.000000s ]
INFO: [ view_filter ] --END-- [ RunTime:0.000000s ]
INFO: [ app_end ] --START--
INFO: Run Behavior\ShowPageTraceBehavior [ RunTime:0.001000s ]
INFO: [ app_end ] --END-- [ RunTime:0.001000s ]

[ 2015-04-25T12:49:18+08:00 ] 127.0.0.1 /wemall/WeiPHP/index.php/wechatJssdk
INFO: [ app_init ] --START--
INFO: Run Behavior\BuildLiteBehavior [ RunTime:0.001000s ]
INFO: [ app_init ] --END-- [ RunTime:0.001000s ]
INFO: [ app_begin ] --START--
INFO: Run Behavior\ReadHtmlCacheBehavior [ RunTime:0.001000s ]
INFO: [ app_begin ] --END-- [ RunTime:0.001000s ]
NOTIC: [2] Missing argument 1 for WechatJssdk\Controller\JSSDKController::__construct(), called in D:\xampp\htdocs\wemall\ThinkPHP\Application\WechatJssdk\Controller\IndexController.class.php on line 6 and defined D:\xampp\htdocs\wemall\ThinkPHP\Application\WechatJssdk\Controller\JSSDKController.class.php 第 8 行.
NOTIC: [2] Missing argument 2 for WechatJssdk\Controller\JSSDKController::__construct(), called in D:\xampp\htdocs\wemall\ThinkPHP\Application\WechatJssdk\Controller\IndexController.class.php on line 6 and defined D:\xampp\htdocs\wemall\ThinkPHP\Application\WechatJssdk\Controller\JSSDKController.class.php 第 8 行.
INFO: [ view_parse ] --START--
INFO: [ template_filter ] --START--
INFO: Run Behavior\ContentReplaceBehavior [ RunTime:0.000000s ]
INFO: [ template_filter ] --END-- [ RunTime:0.002000s ]
INFO: Run Behavior\ParseTemplateBehavior [ RunTime:0.030001s ]
INFO: [ view_parse ] --END-- [ RunTime:0.031001s ]
INFO: [ view_filter ] --START--
INFO: Run Behavior\WriteHtmlCacheBehavior [ RunTime:0.000000s ]
INFO: [ view_filter ] --END-- [ RunTime:0.001000s ]
INFO: [ app_end ] --START--
INFO: Run Behavior\ShowPageTraceBehavior [ RunTime:0.001000s ]
INFO: [ app_end ] --END-- [ RunTime:0.001000s ]

[ 2015-04-25T14:39:24+08:00 ] 127.0.0.1 /wemall/WeiPHP/index.php/wechatJssdk
INFO: [ app_init ] --START--
INFO: Run Behavior\BuildLiteBehavior [ RunTime:0.000000s ]
INFO: [ app_init ] --END-- [ RunTime:0.001000s ]
INFO: [ app_begin ] --START--
INFO: Run Behavior\ReadHtmlCacheBehavior [ RunTime:0.001000s ]
INFO: [ app_begin ] --END-- [ RunTime:0.002000s ]
NOTIC: [2] Missing argument 1 for WechatJssdk\Controller\JSSDKController::__construct(), called in D:\xampp\htdocs\wemall\ThinkPHP\Application\WechatJssdk\Controller\IndexController.class.php on line 6 and defined D:\xampp\htdocs\wemall\ThinkPHP\Application\WechatJssdk\Controller\JSSDKController.class.php 第 8 行.
NOTIC: [2] Missing argument 2 for WechatJssdk\Controller\JSSDKController::__construct(), called in D:\xampp\htdocs\wemall\ThinkPHP\Application\WechatJssdk\Controller\IndexController.class.php on line 6 and defined D:\xampp\htdocs\wemall\ThinkPHP\Application\WechatJssdk\Controller\JSSDKController.class.php 第 8 行.
INFO: [ view_parse ] --START--
INFO: [ template_filter ] --START--
INFO: Run Behavior\ContentReplaceBehavior [ RunTime:0.000000s ]
INFO: [ template_filter ] --END-- [ RunTime:0.001000s ]
INFO: Run Behavior\ParseTemplateBehavior [ RunTime:0.010000s ]
INFO: [ view_parse ] --END-- [ RunTime:0.011000s ]
INFO: [ view_filter ] --START--
INFO: Run Behavior\WriteHtmlCacheBehavior [ RunTime:0.000000s ]
INFO: [ view_filter ] --END-- [ RunTime:0.001000s ]
INFO: [ app_end ] --START--
INFO: Run Behavior\ShowPageTraceBehavior [ RunTime:0.002000s ]
INFO: [ app_end ] --END-- [ RunTime:0.002000s ]

[ 2015-04-25T14:39:24+08:00 ] 127.0.0.1 /wemall/WeiPHP/index.php/wechatJssdk
INFO: [ app_init ] --START--
INFO: Run Behavior\BuildLiteBehavior [ RunTime:0.000000s ]
INFO: [ app_init ] --END-- [ RunTime:0.000000s ]
INFO: [ app_begin ] --START--
INFO: Run Behavior\ReadHtmlCacheBehavior [ RunTime:0.001000s ]
INFO: [ app_begin ] --END-- [ RunTime:0.001000s ]
NOTIC: [2] Missing argument 1 for WechatJssdk\Controller\JSSDKController::__construct(), called in D:\xampp\htdocs\wemall\ThinkPHP\Application\WechatJssdk\Controller\IndexController.class.php on line 6 and defined D:\xampp\htdocs\wemall\ThinkPHP\Application\WechatJssdk\Controller\JSSDKController.class.php 第 8 行.
NOTIC: [2] Missing argument 2 for WechatJssdk\Controller\JSSDKController::__construct(), called in D:\xampp\htdocs\wemall\ThinkPHP\Application\WechatJssdk\Controller\IndexController.class.php on line 6 and defined D:\xampp\htdocs\wemall\ThinkPHP\Application\WechatJssdk\Controller\JSSDKController.class.php 第 8 行.
INFO: [ view_parse ] --START--
INFO: [ template_filter ] --START--
INFO: Run Behavior\ContentReplaceBehavior [ RunTime:0.000000s ]
INFO: [ template_filter ] --END-- [ RunTime:0.001000s ]
INFO: Run Behavior\ParseTemplateBehavior [ RunTime:0.010001s ]
INFO: [ view_parse ] --END-- [ RunTime:0.010001s ]
INFO: [ view_filter ] --START--
INFO: Run Behavior\WriteHtmlCacheBehavior [ RunTime:0.001000s ]
INFO: [ view_filter ] --END-- [ RunTime:0.001000s ]
INFO: [ app_end ] --START--
INFO: Run Behavior\ShowPageTraceBehavior [ RunTime:0.000000s ]
INFO: [ app_end ] --END-- [ RunTime:0.001000s ]

