[ 2015-05-07T09:58:29+08:00 ] 127.0.0.1 /wemall/WeiPHP/index.php/ShoppingCart/Index/index.html
INFO: [ app_init ] --START--
INFO: Run Behavior\BuildLiteBehavior [ RunTime:0.000000s ]
INFO: [ app_init ] --END-- [ RunTime:0.000000s ]
INFO: [ app_begin ] --START--
INFO: Run Behavior\ReadHtmlCacheBehavior [ RunTime:0.000000s ]
INFO: [ app_begin ] --END-- [ RunTime:0.000000s ]
INFO: [ view_parse ] --START--
INFO: [ template_filter ] --START--
INFO: Run Behavior\ContentReplaceBehavior [ RunTime:0.000000s ]
INFO: [ template_filter ] --END-- [ RunTime:0.000000s ]
INFO: Run Behavior\ParseTemplateBehavior [ RunTime:0.015600s ]
INFO: [ view_parse ] --END-- [ RunTime:0.015600s ]
INFO: [ view_filter ] --START--
INFO: Run Behavior\WriteHtmlCacheBehavior [ RunTime:0.000000s ]
INFO: [ view_filter ] --END-- [ RunTime:0.000000s ]
NOTIC: [2048] Declaration of ShoppingCart\Model\ShoppingCartModel::delete() should be compatible with Think\Model::delete($options = Array) D:\xampp\htdocs\wemall\ThinkPHP\Application\ShoppingCart\Model\ShoppingCartModel.class.php 第 9 行.
SQL: SHOW COLUMNS FROM `wemall_shopping_cart` [ RunTime:0.0156s ]
SQL: SELECT * FROM `wemall_shopping_cart` WHERE `openid` = 'oZuoxt8tnEUUf6YPBG-mNPYjoKQA'  [ RunTime:0.0000s ]
SQL: SHOW COLUMNS FROM `wemall_goods` [ RunTime:0.0156s ]
SQL: SELECT * FROM `wemall_goods` WHERE `id` = 53 LIMIT 1   [ RunTime:0.0156s ]
SQL: SELECT * FROM `wemall_goods` WHERE `id` = 49 LIMIT 1   [ RunTime:0.0000s ]
SQL: SELECT * FROM `wemall_goods` WHERE `id` = 6 LIMIT 1   [ RunTime:0.0156s ]
SQL: SELECT * FROM `wemall_goods` WHERE `id` = 12 LIMIT 1   [ RunTime:0.0000s ]
SQL: SELECT * FROM `wemall_goods` WHERE `id` = 27 LIMIT 1   [ RunTime:0.0156s ]
SQL: SHOW COLUMNS FROM `wemall_attachment` [ RunTime:0.0156s ]
SQL: SELECT * FROM `wemall_attachment` WHERE `id` = 201 LIMIT 1   [ RunTime:0.0000s ]
SQL: SELECT * FROM `wemall_attachment` WHERE `id` = 0 LIMIT 1   [ RunTime:0.0156s ]
SQL: SELECT * FROM `wemall_attachment` WHERE `id` = 9 LIMIT 1   [ RunTime:0.0156s ]
SQL: SELECT * FROM `wemall_attachment` WHERE `id` = 12 LIMIT 1   [ RunTime:0.0000s ]
SQL: SELECT * FROM `wemall_attachment` WHERE `id` = 4 LIMIT 1   [ RunTime:0.0156s ]
INFO: [ view_parse ] --START--
INFO: [ template_filter ] --START--
INFO: Run Behavior\ContentReplaceBehavior [ RunTime:0.000000s ]
INFO: [ template_filter ] --END-- [ RunTime:-0.249600s ]
INFO: Run Behavior\ParseTemplateBehavior [ RunTime:0.031200s ]
INFO: [ view_parse ] --END-- [ RunTime:-0.218400s ]
INFO: [ view_filter ] --START--
INFO: Run Behavior\WriteHtmlCacheBehavior [ RunTime:0.000000s ]
INFO: [ view_filter ] --END-- [ RunTime:-0.249600s ]
INFO: [ view_parse ] --START--
INFO: [ template_filter ] --START--
INFO: Run Behavior\ContentReplaceBehavior [ RunTime:0.000000s ]
INFO: [ template_filter ] --END-- [ RunTime:-0.280800s ]
INFO: Run Behavior\ParseTemplateBehavior [ RunTime:0.015600s ]
INFO: [ view_parse ] --END-- [ RunTime:-0.249600s ]
INFO: [ view_filter ] --START--
INFO: Run Behavior\WriteHtmlCacheBehavior [ RunTime:0.000000s ]
INFO: [ view_filter ] --END-- [ RunTime:-0.265200s ]
NOTIC: [8] Undefined variable: url D:\xampp\htdocs\wemall\ThinkPHP\Application\ShoppingCart\Controller\IndexController.class.php 第 89 行.
INFO: [ view_parse ] --START--
INFO: [ template_filter ] --START--
INFO: Run Behavior\ContentReplaceBehavior [ RunTime:0.000000s ]
INFO: [ template_filter ] --END-- [ RunTime:-0.296400s ]
NOTIC: [8] Undefined index:  D:\xampp\htdocs\wemall\ThinkPHP\Application\Runtime\Cache\ShoppingCart\1bb6ee83a02a638bc6878bcd8f3fd05b.php 第 25 行.
NOTIC: [8] Undefined index:  D:\xampp\htdocs\wemall\ThinkPHP\Application\Runtime\Cache\ShoppingCart\1bb6ee83a02a638bc6878bcd8f3fd05b.php 第 25 行.
NOTIC: [8] Undefined index:  D:\xampp\htdocs\wemall\ThinkPHP\Application\Runtime\Cache\ShoppingCart\1bb6ee83a02a638bc6878bcd8f3fd05b.php 第 25 行.
NOTIC: [8] Undefined index:  D:\xampp\htdocs\wemall\ThinkPHP\Application\Runtime\Cache\ShoppingCart\1bb6ee83a02a638bc6878bcd8f3fd05b.php 第 25 行.
INFO: Run Behavior\ParseTemplateBehavior [ RunTime:0.015600s ]
INFO: [ view_parse ] --END-- [ RunTime:-0.265200s ]
INFO: [ view_filter ] --START--
INFO: Run Behavior\WriteHtmlCacheBehavior [ RunTime:0.000000s ]
INFO: [ view_filter ] --END-- [ RunTime:-0.280800s ]
INFO: [ view_parse ] --START--
INFO: [ template_filter ] --START--
INFO: Run Behavior\ContentReplaceBehavior [ RunTime:0.000000s ]
INFO: [ template_filter ] --END-- [ RunTime:-0.312000s ]
NOTIC: [8] Undefined variable: YZTitle D:\xampp\htdocs\wemall\ThinkPHP\Application\Runtime\Cache\ShoppingCart\f64d738dec9062ca568444d9a07e17dd.php 第 9 行.
NOTIC: [8] Undefined variable: header D:\xampp\htdocs\wemall\ThinkPHP\Application\Runtime\Cache\ShoppingCart\f64d738dec9062ca568444d9a07e17dd.php 第 16 行.
INFO: Run Behavior\ParseTemplateBehavior [ RunTime:0.015600s ]
INFO: [ view_parse ] --END-- [ RunTime:-0.280800s ]
INFO: [ view_filter ] --START--
INFO: Run Behavior\WriteHtmlCacheBehavior [ RunTime:0.000000s ]
INFO: [ view_filter ] --END-- [ RunTime:-0.296400s ]
INFO: [ app_end ] --START--
INFO: Run Behavior\ShowPageTraceBehavior [ RunTime:0.000000s ]
INFO: [ app_end ] --END-- [ RunTime:0.000000s ]

