[ 2015-05-16T21:26:19+08:00 ] 127.0.0.1 /wemall/WeiPHP/index.php/ShoppingCart/Index/index.html
INFO: [ app_init ] --START--
INFO: Run Behavior\BuildLiteBehavior [ RunTime:0.000000s ]
INFO: [ app_init ] --END-- [ RunTime:0.000000s ]
INFO: [ app_begin ] --START--
INFO: Run Behavior\ReadHtmlCacheBehavior [ RunTime:0.001000s ]
INFO: [ app_begin ] --END-- [ RunTime:0.001000s ]
INFO: [ view_parse ] --START--
INFO: [ template_filter ] --START--
INFO: Run Behavior\ContentReplaceBehavior [ RunTime:0.000000s ]
INFO: [ template_filter ] --END-- [ RunTime:0.000000s ]
INFO: Run Behavior\ParseTemplateBehavior [ RunTime:0.005000s ]
INFO: [ view_parse ] --END-- [ RunTime:0.005000s ]
INFO: [ view_filter ] --START--
INFO: Run Behavior\WriteHtmlCacheBehavior [ RunTime:0.001000s ]
INFO: [ view_filter ] --END-- [ RunTime:0.001000s ]
INFO: [ view_parse ] --START--
INFO: [ template_filter ] --START--
INFO: Run Behavior\ContentReplaceBehavior [ RunTime:0.000000s ]
INFO: [ template_filter ] --END-- [ RunTime:-0.007000s ]
INFO: Run Behavior\ParseTemplateBehavior [ RunTime:0.006000s ]
INFO: [ view_parse ] --END-- [ RunTime:-0.002000s ]
INFO: [ view_filter ] --START--
INFO: Run Behavior\WriteHtmlCacheBehavior [ RunTime:0.000000s ]
INFO: [ view_filter ] --END-- [ RunTime:-0.008001s ]
INFO: [ view_parse ] --START--
INFO: [ template_filter ] --START--
INFO: Run Behavior\ContentReplaceBehavior [ RunTime:0.000000s ]
INFO: [ template_filter ] --END-- [ RunTime:-0.015001s ]
INFO: Run Behavior\ParseTemplateBehavior [ RunTime:0.005000s ]
INFO: [ view_parse ] --END-- [ RunTime:-0.011001s ]
INFO: [ view_filter ] --START--
INFO: Run Behavior\WriteHtmlCacheBehavior [ RunTime:0.000000s ]
INFO: [ view_filter ] --END-- [ RunTime:-0.015001s ]
NOTIC: [2048] Declaration of ShoppingCart\Model\ShoppingCartModel::delete() should be compatible with Think\Model::delete($options = Array) D:\xampp\htdocs\wemall\ThinkPHP\Application\ShoppingCart\Model\ShoppingCartModel.class.php 第 9 行.
SQL: SHOW COLUMNS FROM `wemall_shopping_cart` [ RunTime:0.0300s ]
SQL: SELECT * FROM `wemall_shopping_cart` WHERE `openid` = 'oZuoxt8tnEUUf6YPBG-mNPYjoKQA'  [ RunTime:0.0290s ]
SQL: SHOW COLUMNS FROM `wemall_goods` [ RunTime:0.0270s ]
SQL: SELECT * FROM `wemall_goods` WHERE `id` = 0 LIMIT 1   [ RunTime:0.0240s ]
SQL: SELECT * FROM `wemall_goods` WHERE `id` = 49 LIMIT 1   [ RunTime:0.0300s ]
SQL: SELECT * FROM `wemall_goods` WHERE `id` = 150507003 LIMIT 1   [ RunTime:0.4740s ]
SQL: SELECT * FROM `wemall_goods` WHERE `id` = 150507020 LIMIT 1   [ RunTime:0.2910s ]
SQL: SELECT * FROM `wemall_goods` WHERE `id` = 42 LIMIT 1   [ RunTime:0.0310s ]
SQL: SELECT * FROM `wemall_goods` WHERE `id` = 38 LIMIT 1   [ RunTime:0.0320s ]
SQL: SHOW COLUMNS FROM `wemall_attachment` [ RunTime:0.0250s ]
SQL: SELECT * FROM `wemall_attachment` WHERE `id` = 441 LIMIT 1   [ RunTime:0.0280s ]
SQL: SELECT * FROM `wemall_attachment` WHERE `id` = 478 LIMIT 1   [ RunTime:0.0260s ]
SQL: SELECT * FROM `wemall_attachment` WHERE `id` = 505 LIMIT 1   [ RunTime:0.0270s ]
SQL: SELECT * FROM `wemall_attachment` WHERE `id` = 432 LIMIT 1   [ RunTime:0.0240s ]
SQL: SELECT * FROM `wemall_attachment` WHERE `id` = 458 LIMIT 1   [ RunTime:0.0200s ]
INFO: [ view_parse ] --START--
INFO: [ template_filter ] --START--
INFO: Run Behavior\ContentReplaceBehavior [ RunTime:0.000000s ]
INFO: [ template_filter ] --END-- [ RunTime:-1.407080s ]
INFO: Run Behavior\ParseTemplateBehavior [ RunTime:0.056004s ]
INFO: [ view_parse ] --END-- [ RunTime:-1.352077s ]
INFO: [ view_filter ] --START--
INFO: Run Behavior\WriteHtmlCacheBehavior [ RunTime:0.000000s ]
INFO: [ view_filter ] --END-- [ RunTime:-1.408081s ]
INFO: [ view_parse ] --START--
INFO: [ template_filter ] --START--
INFO: Run Behavior\ContentReplaceBehavior [ RunTime:0.000000s ]
INFO: [ template_filter ] --END-- [ RunTime:-1.429082s ]
INFO: Run Behavior\ParseTemplateBehavior [ RunTime:0.022001s ]
INFO: [ view_parse ] --END-- [ RunTime:-1.410081s ]
INFO: [ view_filter ] --START--
INFO: Run Behavior\WriteHtmlCacheBehavior [ RunTime:0.000000s ]
INFO: [ view_filter ] --END-- [ RunTime:-1.432082s ]
NOTIC: [8] Undefined variable: url D:\xampp\htdocs\wemall\ThinkPHP\Application\ShoppingCart\Controller\IndexController.class.php 第 84 行.
INFO: [ view_parse ] --START--
INFO: [ template_filter ] --START--
INFO: Run Behavior\ContentReplaceBehavior [ RunTime:0.000000s ]
INFO: [ template_filter ] --END-- [ RunTime:-1.447083s ]
NOTIC: [8] Undefined index:  D:\xampp\htdocs\wemall\ThinkPHP\Application\Runtime\Cache\ShoppingCart\1bb6ee83a02a638bc6878bcd8f3fd05b.php 第 24 行.
NOTIC: [8] Undefined index:  D:\xampp\htdocs\wemall\ThinkPHP\Application\Runtime\Cache\ShoppingCart\1bb6ee83a02a638bc6878bcd8f3fd05b.php 第 24 行.
INFO: Run Behavior\ParseTemplateBehavior [ RunTime:0.017001s ]
INFO: [ view_parse ] --END-- [ RunTime:-1.435082s ]
INFO: [ view_filter ] --START--
INFO: Run Behavior\WriteHtmlCacheBehavior [ RunTime:0.000000s ]
INFO: [ view_filter ] --END-- [ RunTime:-1.451083s ]
INFO: [ view_parse ] --START--
INFO: [ template_filter ] --START--
INFO: Run Behavior\ContentReplaceBehavior [ RunTime:0.000000s ]
INFO: [ template_filter ] --END-- [ RunTime:-1.461084s ]
NOTIC: [8] Undefined variable: YZTitle D:\xampp\htdocs\wemall\ThinkPHP\Application\Runtime\Cache\ShoppingCart\f64d738dec9062ca568444d9a07e17dd.php 第 15 行.
INFO: Run Behavior\ParseTemplateBehavior [ RunTime:0.009001s ]
INFO: [ view_parse ] --END-- [ RunTime:-1.453083s ]
INFO: [ view_filter ] --START--
INFO: Run Behavior\WriteHtmlCacheBehavior [ RunTime:0.000000s ]
INFO: [ view_filter ] --END-- [ RunTime:-1.461084s ]
INFO: [ app_end ] --START--
INFO: Run Behavior\ShowPageTraceBehavior [ RunTime:0.001000s ]
INFO: [ app_end ] --END-- [ RunTime:0.001000s ]

