[ 2015-06-10T08:56:59+08:00 ] 127.0.0.1 /wemall/WeiPHP/index.php/WechatInterface?XDEBUG_SESSION_START=netbeans-xdebug
INFO: [ app_init ] --START--
INFO: Run Behavior\BuildLiteBehavior [ RunTime:0.000000s ]
INFO: [ app_init ] --END-- [ RunTime:0.001000s ]
INFO: [ app_begin ] --START--
INFO: Run Behavior\ReadHtmlCacheBehavior [ RunTime:0.001000s ]
INFO: [ app_begin ] --END-- [ RunTime:0.001000s ]
INFO: [ app_end ] --START--
INFO: Run Behavior\ShowPageTraceBehavior [ RunTime:0.002000s ]
INFO: [ app_end ] --END-- [ RunTime:0.003000s ]

[ 2015-06-10T08:57:19+08:00 ] 127.0.0.1 /wemall/WeiPHP/index.php/WechatInterface?XDEBUG_SESSION_START=netbeans-xdebug
INFO: [ app_init ] --START--
INFO: Run Behavior\BuildLiteBehavior [ RunTime:0.000000s ]
INFO: [ app_init ] --END-- [ RunTime:0.001000s ]
INFO: [ app_begin ] --START--
INFO: Run Behavior\ReadHtmlCacheBehavior [ RunTime:0.000000s ]
INFO: [ app_begin ] --END-- [ RunTime:0.000000s ]
INFO: [ app_end ] --START--
INFO: Run Behavior\ShowPageTraceBehavior [ RunTime:0.002000s ]
INFO: [ app_end ] --END-- [ RunTime:0.003000s ]

[ 2015-06-10T09:00:51+08:00 ] 127.0.0.1 /wemall/WeiPHP/index.php/WechatInterface?XDEBUG_SESSION_START=netbeans-xdebug
INFO: [ app_init ] --START--
INFO: Run Behavior\BuildLiteBehavior [ RunTime:0.000000s ]
INFO: [ app_init ] --END-- [ RunTime:0.001000s ]
INFO: [ app_begin ] --START--
INFO: Run Behavior\ReadHtmlCacheBehavior [ RunTime:0.000000s ]
INFO: [ app_begin ] --END-- [ RunTime:0.001000s ]
SQL: SHOW COLUMNS FROM `wemall_customer` [ RunTime:0.0100s ]
SQL: SELECT * FROM `wemall_customer` WHERE `openid` = 'oZuoxt8tnEUUf6YPBG-mNPYjoKQA' LIMIT 1   [ RunTime:0.0100s ]
SQL: SHOW COLUMNS FROM `wemall_customer` [ RunTime:0.0100s ]
SQL: SHOW COLUMNS FROM `wemall_active` [ RunTime:0.0090s ]
SQL: SHOW COLUMNS FROM `wemall_coupon` [ RunTime:0.0090s ]
SQL: SHOW COLUMNS FROM `wemall_customer` [ RunTime:0.0100s ]
SQL: SELECT * FROM `wemall_customer` WHERE `id` = 115 LIMIT 1   [ RunTime:0.0110s ]
SQL: SELECT * FROM `wemall_active` WHERE `object` = 0 LIMIT 1   [ RunTime:0.0080s ]
SQL: INSERT INTO `wemall_coupon` (`cover`,`duration`,`start_time`,`end_time`,`openid`) VALUES ('800','3','1433897897','1434157097','oZuoxt2Y3osCweYYA2H-lfcdtgaQ') [ RunTime:0.0090s ]
SQL: SELECT * FROM `wemall_active` WHERE `object` = 1 LIMIT 1   [ RunTime:0.0080s ]
SQL: INSERT INTO `wemall_coupon` (`cover`,`duration`,`start_time`,`end_time`,`openid`) VALUES ('800','3','1433897897','1434157097','oZuoxt8tnEUUf6YPBG-mNPYjoKQA') [ RunTime:0.0090s ]
SQL: INSERT INTO `wemall_coupon` (`cover`,`duration`,`start_time`,`end_time`,`openid`) VALUES ('800','3','1433897897','1434157097','oZuoxt8tnEUUf6YPBG-mNPYjoKQA') [ RunTime:0.0080s ]
SQL: SELECT * FROM `wemall_customer` WHERE `id` = 115 LIMIT 1   [ RunTime:0.0000s ]
NOTIC: [2048] Declaration of WxPay\Controller\SendRedGiftController::createXml() should be compatible with WxPay\Controller\WxPayClientPubController::createXml() D:\xampp\htdocs\wemall\ThinkPHP\Application\WxPay\Controller\SendRedGiftController.class.php 第 10 行.
SQL: SHOW COLUMNS FROM `wemall_set_redpacket` [ RunTime:0.0000s ]
SQL: SELECT * FROM `wemall_set_redpacket` LIMIT 1   [ RunTime:0.0000s ]
SQL: SHOW COLUMNS FROM `wemall_wechat_redpacket` [ RunTime:0.0000s ]
SQL: SELECT COUNT(*) AS tp_count FROM `wemall_wechat_redpacket` WHERE `re_openid` = 'oZuoxt2Y3osCweYYA2H-lfcdtgaQ' LIMIT 1   [ RunTime:0.0000s ]

[ 2015-06-10T09:50:52+08:00 ] 127.0.0.1 /wemall/WeiPHP/index.php/WechatInterface?XDEBUG_SESSION_START=netbeans-xdebug
INFO: [ app_init ] --START--
INFO: Run Behavior\BuildLiteBehavior [ RunTime:0.000000s ]
INFO: [ app_init ] --END-- [ RunTime:0.000000s ]
INFO: [ app_begin ] --START--
INFO: Run Behavior\ReadHtmlCacheBehavior [ RunTime:0.000000s ]
INFO: [ app_begin ] --END-- [ RunTime:0.000000s ]
SQL: SHOW COLUMNS FROM `wemall_customer` [ RunTime:0.0156s ]
SQL: SELECT * FROM `wemall_customer` WHERE `openid` = 'oZuoxt8tnEUUf6YPBG-mNPYjoKQA' LIMIT 1   [ RunTime:0.0156s ]
SQL: SHOW COLUMNS FROM `wemall_customer` [ RunTime:0.0156s ]
SQL: SHOW COLUMNS FROM `wemall_active` [ RunTime:0.0000s ]
SQL: SHOW COLUMNS FROM `wemall_coupon` [ RunTime:0.0156s ]
SQL: SHOW COLUMNS FROM `wemall_customer` [ RunTime:0.0156s ]
SQL: SELECT * FROM `wemall_customer` WHERE `id` = 115 LIMIT 1   [ RunTime:0.0000s ]
SQL: SELECT * FROM `wemall_active` WHERE `object` = 0 LIMIT 1   [ RunTime:0.0000s ]
SQL: INSERT INTO `wemall_coupon` (`cover`,`duration`,`start_time`,`end_time`,`openid`) VALUES ('800','3','1433900970','1434160170','oZuoxt2Y3osCweYYA2H-lfcdtgaQ') [ RunTime:0.0156s ]
SQL: SELECT * FROM `wemall_active` WHERE `object` = 1 LIMIT 1   [ RunTime:0.0000s ]
SQL: INSERT INTO `wemall_coupon` (`cover`,`duration`,`start_time`,`end_time`,`openid`) VALUES ('800','3','1433900970','1434160170','oZuoxt8tnEUUf6YPBG-mNPYjoKQA') [ RunTime:0.0156s ]
SQL: INSERT INTO `wemall_coupon` (`cover`,`duration`,`start_time`,`end_time`,`openid`) VALUES ('800','3','1433900970','1434160170','oZuoxt8tnEUUf6YPBG-mNPYjoKQA') [ RunTime:0.0000s ]
SQL: SELECT * FROM `wemall_customer` WHERE `id` = 115 LIMIT 1   [ RunTime:0.0000s ]
NOTIC: [2048] Declaration of WxPay\Controller\SendRedGiftController::createXml() should be compatible with WxPay\Controller\WxPayClientPubController::createXml() D:\xampp\htdocs\wemall\ThinkPHP\Application\WxPay\Controller\SendRedGiftController.class.php 第 10 行.
SQL: SHOW COLUMNS FROM `wemall_set_redpacket` [ RunTime:0.0000s ]
SQL: SELECT * FROM `wemall_set_redpacket` LIMIT 1   [ RunTime:0.0000s ]
SQL: SHOW COLUMNS FROM `wemall_wechat_redpacket` [ RunTime:0.0000s ]
SQL: SELECT COUNT(*) AS tp_count FROM `wemall_wechat_redpacket` WHERE `re_openid` = 'oZuoxt2Y3osCweYYA2H-lfcdtgaQ' LIMIT 1   [ RunTime:0.0000s ]

[ 2015-06-10T09:52:35+08:00 ] 127.0.0.1 /wemall/WeiPHP/index.php/WechatInterface?XDEBUG_SESSION_START=netbeans-xdebug
INFO: [ app_init ] --START--
INFO: Run Behavior\BuildLiteBehavior [ RunTime:0.000000s ]
INFO: [ app_init ] --END-- [ RunTime:0.001000s ]
INFO: [ app_begin ] --START--
INFO: Run Behavior\ReadHtmlCacheBehavior [ RunTime:0.001000s ]
INFO: [ app_begin ] --END-- [ RunTime:0.001000s ]
SQL: SHOW COLUMNS FROM `wemall_customer` [ RunTime:0.0100s ]
SQL: SELECT * FROM `wemall_customer` WHERE `openid` = 'oZuoxt8tnEUUf6YPBG-mNPYjoKQA' LIMIT 1   [ RunTime:0.0100s ]
SQL: SHOW COLUMNS FROM `wemall_customer` [ RunTime:0.0120s ]
SQL: SHOW COLUMNS FROM `wemall_active` [ RunTime:0.0090s ]
SQL: SHOW COLUMNS FROM `wemall_coupon` [ RunTime:0.0090s ]
SQL: SHOW COLUMNS FROM `wemall_customer` [ RunTime:0.0090s ]
SQL: SELECT * FROM `wemall_customer` WHERE `id` = 115 LIMIT 1   [ RunTime:0.0090s ]
SQL: SELECT * FROM `wemall_active` WHERE `object` = 0 LIMIT 1   [ RunTime:0.0070s ]
SQL: INSERT INTO `wemall_coupon` (`cover`,`duration`,`start_time`,`end_time`,`openid`) VALUES ('800','3','1433901140','1434160340','oZuoxt2Y3osCweYYA2H-lfcdtgaQ') [ RunTime:0.0130s ]
SQL: SELECT * FROM `wemall_active` WHERE `object` = 1 LIMIT 1   [ RunTime:0.0100s ]
SQL: INSERT INTO `wemall_coupon` (`cover`,`duration`,`start_time`,`end_time`,`openid`) VALUES ('800','3','1433901140','1434160340','oZuoxt8tnEUUf6YPBG-mNPYjoKQA') [ RunTime:0.0120s ]
SQL: INSERT INTO `wemall_coupon` (`cover`,`duration`,`start_time`,`end_time`,`openid`) VALUES ('800','3','1433901140','1434160340','oZuoxt8tnEUUf6YPBG-mNPYjoKQA') [ RunTime:0.0100s ]
SQL: SELECT * FROM `wemall_customer` WHERE `id` = 115 LIMIT 1   [ RunTime:0.0080s ]
NOTIC: [2048] Declaration of WxPay\Controller\SendRedGiftController::createXml() should be compatible with WxPay\Controller\WxPayClientPubController::createXml() D:\xampp\htdocs\wemall\ThinkPHP\Application\WxPay\Controller\SendRedGiftController.class.php 第 10 行.
SQL: SHOW COLUMNS FROM `wemall_set_redpacket` [ RunTime:0.0090s ]
SQL: SELECT * FROM `wemall_set_redpacket` LIMIT 1   [ RunTime:0.0090s ]

[ 2015-06-10T09:55:06+08:00 ] 127.0.0.1 /wemall/WeiPHP/index.php/WechatInterface?XDEBUG_SESSION_START=netbeans-xdebug
INFO: [ app_init ] --START--
INFO: Run Behavior\BuildLiteBehavior [ RunTime:0.000000s ]
INFO: [ app_init ] --END-- [ RunTime:0.001000s ]
INFO: [ app_begin ] --START--
INFO: Run Behavior\ReadHtmlCacheBehavior [ RunTime:0.001000s ]
INFO: [ app_begin ] --END-- [ RunTime:0.001000s ]
SQL: SHOW COLUMNS FROM `wemall_customer` [ RunTime:0.0210s ]
SQL: SELECT * FROM `wemall_customer` WHERE `openid` = 'oZuoxt8tnEUUf6YPBG-mNPYjoKQA' LIMIT 1   [ RunTime:0.0100s ]
SQL: SHOW COLUMNS FROM `wemall_customer` [ RunTime:0.0110s ]
SQL: SHOW COLUMNS FROM `wemall_active` [ RunTime:0.0100s ]
SQL: SHOW COLUMNS FROM `wemall_coupon` [ RunTime:0.0100s ]
SQL: SHOW COLUMNS FROM `wemall_customer` [ RunTime:0.0090s ]
SQL: SELECT * FROM `wemall_customer` WHERE `id` = 115 LIMIT 1   [ RunTime:0.0090s ]
SQL: SELECT * FROM `wemall_active` WHERE `object` = 0 LIMIT 1   [ RunTime:0.0110s ]
SQL: INSERT INTO `wemall_coupon` (`cover`,`duration`,`start_time`,`end_time`,`openid`) VALUES ('800','3','1433901169','1434160369','oZuoxt2Y3osCweYYA2H-lfcdtgaQ') [ RunTime:0.0110s ]
SQL: SELECT * FROM `wemall_active` WHERE `object` = 1 LIMIT 1   [ RunTime:0.0090s ]
SQL: INSERT INTO `wemall_coupon` (`cover`,`duration`,`start_time`,`end_time`,`openid`) VALUES ('800','3','1433901169','1434160369','oZuoxt8tnEUUf6YPBG-mNPYjoKQA') [ RunTime:0.0110s ]
SQL: INSERT INTO `wemall_coupon` (`cover`,`duration`,`start_time`,`end_time`,`openid`) VALUES ('800','3','1433901169','1434160369','oZuoxt8tnEUUf6YPBG-mNPYjoKQA') [ RunTime:0.0110s ]
SQL: SELECT * FROM `wemall_customer` WHERE `id` = 115 LIMIT 1   [ RunTime:0.0100s ]
NOTIC: [2048] Declaration of WxPay\Controller\SendRedGiftController::createXml() should be compatible with WxPay\Controller\WxPayClientPubController::createXml() D:\xampp\htdocs\wemall\ThinkPHP\Application\WxPay\Controller\SendRedGiftController.class.php 第 10 行.
SQL: SHOW COLUMNS FROM `wemall_set_redpacket` [ RunTime:0.0110s ]
SQL: SELECT * FROM `wemall_set_redpacket` LIMIT 1   [ RunTime:0.0100s ]
SQL: SHOW COLUMNS FROM `wemall_wechat_redpacket` [ RunTime:0.0100s ]
SQL: SELECT COUNT(*) AS tp_count FROM `wemall_wechat_redpacket` WHERE `re_openid` = 'oZuoxt2Y3osCweYYA2H-lfcdtgaQ' LIMIT 1   [ RunTime:0.0100s ]
SQL: SHOW COLUMNS FROM `wemall_wechat_redpacket` [ RunTime:0.0000s ]

[ 2015-06-10T09:59:16+08:00 ] 127.0.0.1 /wemall/WeiPHP/index.php/WechatInterface?XDEBUG_SESSION_START=netbeans-xdebug
INFO: [ app_init ] --START--
INFO: Run Behavior\BuildLiteBehavior [ RunTime:0.000000s ]
INFO: [ app_init ] --END-- [ RunTime:0.000000s ]
INFO: [ app_begin ] --START--
INFO: Run Behavior\ReadHtmlCacheBehavior [ RunTime:0.000000s ]
INFO: [ app_begin ] --END-- [ RunTime:0.000000s ]
SQL: SHOW COLUMNS FROM `wemall_customer` [ RunTime:0.0156s ]
SQL: SELECT * FROM `wemall_customer` WHERE `openid` = 'oZuoxt8tnEUUf6YPBG-mNPYjoKQA' LIMIT 1   [ RunTime:0.0000s ]
SQL: SHOW COLUMNS FROM `wemall_customer` [ RunTime:0.0000s ]
SQL: SHOW COLUMNS FROM `wemall_active` [ RunTime:0.0000s ]
SQL: SHOW COLUMNS FROM `wemall_coupon` [ RunTime:0.0156s ]
SQL: SHOW COLUMNS FROM `wemall_customer` [ RunTime:0.0156s ]
SQL: SELECT * FROM `wemall_customer` WHERE `id` = 115 LIMIT 1   [ RunTime:0.0156s ]
SQL: SELECT * FROM `wemall_active` WHERE `object` = 0 LIMIT 1   [ RunTime:0.0000s ]
SQL: INSERT INTO `wemall_coupon` (`cover`,`duration`,`start_time`,`end_time`,`openid`) VALUES ('800','3','1433901550','1434160750','oZuoxt2Y3osCweYYA2H-lfcdtgaQ') [ RunTime:0.0156s ]
SQL: SELECT * FROM `wemall_active` WHERE `object` = 1 LIMIT 1   [ RunTime:0.0000s ]
SQL: INSERT INTO `wemall_coupon` (`cover`,`duration`,`start_time`,`end_time`,`openid`) VALUES ('800','3','1433901550','1434160750','oZuoxt8tnEUUf6YPBG-mNPYjoKQA') [ RunTime:0.0000s ]
SQL: INSERT INTO `wemall_coupon` (`cover`,`duration`,`start_time`,`end_time`,`openid`) VALUES ('800','3','1433901550','1434160750','oZuoxt8tnEUUf6YPBG-mNPYjoKQA') [ RunTime:0.0000s ]
SQL: SELECT * FROM `wemall_customer` WHERE `id` = 115 LIMIT 1   [ RunTime:0.0156s ]
NOTIC: [2048] Declaration of WxPay\Controller\SendRedGiftController::createXml() should be compatible with WxPay\Controller\WxPayClientPubController::createXml() D:\xampp\htdocs\wemall\ThinkPHP\Application\WxPay\Controller\SendRedGiftController.class.php 第 10 行.
SQL: SHOW COLUMNS FROM `wemall_set_redpacket` [ RunTime:0.0156s ]
SQL: SELECT * FROM `wemall_set_redpacket` LIMIT 1   [ RunTime:0.0156s ]
SQL: SHOW COLUMNS FROM `wemall_wechat_redpacket` [ RunTime:0.0156s ]
SQL: SELECT COUNT(*) AS tp_count FROM `wemall_wechat_redpacket` WHERE `re_openid` = 'oZuoxt2Y3osCweYYA2H-lfcdtgaQ' LIMIT 1   [ RunTime:0.0000s ]
SQL: SHOW COLUMNS FROM `wemall_wechat_redpacket` [ RunTime:0.0000s ]
SQL: INSERT INTO `wemall_wechat_redpacket` (`re_openid`,`total_amount`,`min_value`,`max_value`,`total_num`,`wishing`,`client_ip`,`act_name`,`remark`,`return_code`,`return_msg`,`result_code`,`mch_billno`,`wxappid`,`send_time`,`send_listid`) VALUES ('oZuoxt2Y3osCweYYA2H-lfcdtgaQ','101','100','101','1','祝福的阿什顿将阿什顿暗示打算的','127.0.0.1','送送送','备注','SUCCESS','发放成功','SUCCESS','1236255202201506101177063460','wx15a60486abf8f053','2147483647','100000000020150610315999894431') [ RunTime:0.0000s ]

[ 2015-06-10T10:01:26+08:00 ] 127.0.0.1 /wemall/WeiPHP/index.php/WechatInterface?XDEBUG_SESSION_START=netbeans-xdebug
INFO: [ app_init ] --START--
INFO: Run Behavior\BuildLiteBehavior [ RunTime:0.000000s ]
INFO: [ app_init ] --END-- [ RunTime:0.000000s ]
INFO: [ app_begin ] --START--
INFO: Run Behavior\ReadHtmlCacheBehavior [ RunTime:0.000000s ]
INFO: [ app_begin ] --END-- [ RunTime:0.000000s ]
SQL: SHOW COLUMNS FROM `wemall_customer` [ RunTime:0.0156s ]
SQL: SELECT * FROM `wemall_customer` WHERE `openid` = 'oZuoxt8tnEUUf6YPBG-mNPYjoKQA' LIMIT 1   [ RunTime:0.0156s ]
SQL: SHOW COLUMNS FROM `wemall_customer` [ RunTime:0.0156s ]
SQL: SHOW COLUMNS FROM `wemall_active` [ RunTime:0.0156s ]
SQL: SHOW COLUMNS FROM `wemall_coupon` [ RunTime:0.0000s ]
SQL: SHOW COLUMNS FROM `wemall_customer` [ RunTime:0.0156s ]
SQL: SELECT * FROM `wemall_customer` WHERE `id` = 50 LIMIT 1   [ RunTime:0.0156s ]
SQL: SELECT * FROM `wemall_active` WHERE `object` = 0 LIMIT 1   [ RunTime:0.0000s ]
SQL: INSERT INTO `wemall_coupon` (`cover`,`duration`,`start_time`,`end_time`,`openid`) VALUES ('800','3','1433901684','1434160884','oZuoxtwdQiGC6K_aA1zyh2HVQ5Sg') [ RunTime:0.0156s ]
SQL: SELECT * FROM `wemall_active` WHERE `object` = 1 LIMIT 1   [ RunTime:0.0156s ]
SQL: INSERT INTO `wemall_coupon` (`cover`,`duration`,`start_time`,`end_time`,`openid`) VALUES ('800','3','1433901684','1434160884','oZuoxt8tnEUUf6YPBG-mNPYjoKQA') [ RunTime:0.0000s ]
SQL: INSERT INTO `wemall_coupon` (`cover`,`duration`,`start_time`,`end_time`,`openid`) VALUES ('800','3','1433901684','1434160884','oZuoxt8tnEUUf6YPBG-mNPYjoKQA') [ RunTime:0.0000s ]
SQL: SELECT * FROM `wemall_customer` WHERE `id` = 50 LIMIT 1   [ RunTime:0.0156s ]
NOTIC: [2048] Declaration of WxPay\Controller\SendRedGiftController::createXml() should be compatible with WxPay\Controller\WxPayClientPubController::createXml() D:\xampp\htdocs\wemall\ThinkPHP\Application\WxPay\Controller\SendRedGiftController.class.php 第 10 行.
SQL: SHOW COLUMNS FROM `wemall_set_redpacket` [ RunTime:0.0156s ]
SQL: SELECT * FROM `wemall_set_redpacket` LIMIT 1   [ RunTime:0.0000s ]
SQL: SHOW COLUMNS FROM `wemall_wechat_redpacket` [ RunTime:0.0156s ]
SQL: SELECT COUNT(*) AS tp_count FROM `wemall_wechat_redpacket` WHERE `re_openid` = 'oZuoxtwdQiGC6K_aA1zyh2HVQ5Sg' LIMIT 1   [ RunTime:0.0156s ]
SQL: SHOW COLUMNS FROM `wemall_wechat_redpacket` [ RunTime:0.0156s ]
SQL: INSERT INTO `wemall_wechat_redpacket` (`re_openid`,`total_amount`,`min_value`,`max_value`,`total_num`,`wishing`,`client_ip`,`act_name`,`remark`,`return_code`,`return_msg`,`result_code`,`mch_billno`,`wxappid`,`send_time`,`send_listid`) VALUES ('oZuoxtwdQiGC6K_aA1zyh2HVQ5Sg','100','100','101','1','我是祝福语','127.0.0.1','我是活动名称','我是备注信息','SUCCESS','发放成功','SUCCESS','1236255202201506101217183995','wx15a60486abf8f053','2147483647','100000000020150610316000319790') [ RunTime:0.0156s ]

[ 2015-06-10T10:02:32+08:00 ] 127.0.0.1 /wemall/WeiPHP/index.php/WechatInterface?XDEBUG_SESSION_START=netbeans-xdebug
INFO: [ app_init ] --START--
INFO: Run Behavior\BuildLiteBehavior [ RunTime:0.000000s ]
INFO: [ app_init ] --END-- [ RunTime:0.000000s ]
INFO: [ app_begin ] --START--
INFO: Run Behavior\ReadHtmlCacheBehavior [ RunTime:0.000000s ]
INFO: [ app_begin ] --END-- [ RunTime:0.000000s ]
SQL: SHOW COLUMNS FROM `wemall_customer` [ RunTime:0.0156s ]
SQL: SELECT * FROM `wemall_customer` WHERE `openid` = 'oZuoxt8tnEUUf6YPBG-mNPYjoKQA' LIMIT 1   [ RunTime:0.0000s ]
SQL: SHOW COLUMNS FROM `wemall_customer` [ RunTime:0.0000s ]
SQL: SHOW COLUMNS FROM `wemall_active` [ RunTime:0.0000s ]
SQL: SHOW COLUMNS FROM `wemall_coupon` [ RunTime:0.0000s ]
SQL: SHOW COLUMNS FROM `wemall_customer` [ RunTime:0.0156s ]
SQL: SELECT * FROM `wemall_customer` WHERE `id` = 26 LIMIT 1   [ RunTime:0.0156s ]
SQL: SELECT * FROM `wemall_active` WHERE `object` = 0 LIMIT 1   [ RunTime:0.0000s ]
SQL: INSERT INTO `wemall_coupon` (`cover`,`duration`,`start_time`,`end_time`,`openid`) VALUES ('800','3','1433901750','1434160950','oZuoxt8tnEUUf6YPBG-mNPYjoKQA') [ RunTime:0.0000s ]
SQL: SELECT * FROM `wemall_active` WHERE `object` = 1 LIMIT 1   [ RunTime:0.0000s ]
SQL: INSERT INTO `wemall_coupon` (`cover`,`duration`,`start_time`,`end_time`,`openid`) VALUES ('800','3','1433901750','1434160950','oZuoxt8tnEUUf6YPBG-mNPYjoKQA') [ RunTime:0.0156s ]
SQL: INSERT INTO `wemall_coupon` (`cover`,`duration`,`start_time`,`end_time`,`openid`) VALUES ('800','3','1433901750','1434160950','oZuoxt8tnEUUf6YPBG-mNPYjoKQA') [ RunTime:0.0156s ]
SQL: SELECT * FROM `wemall_customer` WHERE `id` = 26 LIMIT 1   [ RunTime:0.0156s ]
NOTIC: [2048] Declaration of WxPay\Controller\SendRedGiftController::createXml() should be compatible with WxPay\Controller\WxPayClientPubController::createXml() D:\xampp\htdocs\wemall\ThinkPHP\Application\WxPay\Controller\SendRedGiftController.class.php 第 10 行.
SQL: SHOW COLUMNS FROM `wemall_set_redpacket` [ RunTime:0.0156s ]
SQL: SELECT * FROM `wemall_set_redpacket` LIMIT 1   [ RunTime:0.0156s ]
SQL: SHOW COLUMNS FROM `wemall_wechat_redpacket` [ RunTime:0.0156s ]
SQL: SELECT COUNT(*) AS tp_count FROM `wemall_wechat_redpacket` WHERE `re_openid` = 'oZuoxt8tnEUUf6YPBG-mNPYjoKQA' LIMIT 1   [ RunTime:0.0156s ]
SQL: SHOW COLUMNS FROM `wemall_wechat_redpacket` [ RunTime:0.0156s ]
SQL: INSERT INTO `wemall_wechat_redpacket` (`re_openid`,`total_amount`,`min_value`,`max_value`,`total_num`,`wishing`,`client_ip`,`act_name`,`remark`,`return_code`,`return_msg`,`result_code`,`mch_billno`,`wxappid`,`send_time`,`send_listid`) VALUES ('oZuoxt8tnEUUf6YPBG-mNPYjoKQA','101','100','101','1','我是祝福语','127.0.0.1','我是活动名称','我是备注信息','SUCCESS','发放成功','SUCCESS','1236255202201506101008822513','wx15a60486abf8f053','2147483647','100000000020150610316000531331') [ RunTime:0.0156s ]

[ 2015-06-10T10:06:30+08:00 ] 127.0.0.1 /wemall/WeiPHP/index.php/WechatInterface?XDEBUG_SESSION_START=netbeans-xdebug
INFO: [ app_init ] --START--
INFO: Run Behavior\BuildLiteBehavior [ RunTime:0.000000s ]
INFO: [ app_init ] --END-- [ RunTime:0.000000s ]
INFO: [ app_begin ] --START--
INFO: Run Behavior\ReadHtmlCacheBehavior [ RunTime:0.000000s ]
INFO: [ app_begin ] --END-- [ RunTime:0.000000s ]
SQL: SHOW COLUMNS FROM `wemall_customer` [ RunTime:0.0000s ]
SQL: SELECT * FROM `wemall_customer` WHERE `openid` = 'oZuoxt8tnEUUf6YPBG-mNPYjoKQA' LIMIT 1   [ RunTime:0.0156s ]
SQL: SHOW COLUMNS FROM `wemall_customer` [ RunTime:0.0000s ]
SQL: SHOW COLUMNS FROM `wemall_active` [ RunTime:0.0000s ]
SQL: SHOW COLUMNS FROM `wemall_coupon` [ RunTime:0.0156s ]
SQL: SHOW COLUMNS FROM `wemall_customer` [ RunTime:0.0000s ]
SQL: SELECT * FROM `wemall_customer` WHERE `id` = 115 LIMIT 1   [ RunTime:0.0156s ]
SQL: SELECT * FROM `wemall_active` WHERE `object` = 0 LIMIT 1   [ RunTime:0.0000s ]
SQL: INSERT INTO `wemall_coupon` (`cover`,`duration`,`start_time`,`end_time`,`openid`) VALUES ('800','3','1433901965','1434161165','oZuoxt2Y3osCweYYA2H-lfcdtgaQ') [ RunTime:0.0000s ]
SQL: SELECT * FROM `wemall_active` WHERE `object` = 1 LIMIT 1   [ RunTime:0.0156s ]
SQL: INSERT INTO `wemall_coupon` (`cover`,`duration`,`start_time`,`end_time`,`openid`) VALUES ('800','3','1433901966','1434161166','oZuoxt8tnEUUf6YPBG-mNPYjoKQA') [ RunTime:0.0000s ]
SQL: INSERT INTO `wemall_coupon` (`cover`,`duration`,`start_time`,`end_time`,`openid`) VALUES ('800','3','1433901966','1434161166','oZuoxt8tnEUUf6YPBG-mNPYjoKQA') [ RunTime:0.0156s ]
SQL: SELECT * FROM `wemall_customer` WHERE `id` = 115 LIMIT 1   [ RunTime:0.0156s ]
NOTIC: [2048] Declaration of WxPay\Controller\SendRedGiftController::createXml() should be compatible with WxPay\Controller\WxPayClientPubController::createXml() D:\xampp\htdocs\wemall\ThinkPHP\Application\WxPay\Controller\SendRedGiftController.class.php 第 10 行.
SQL: SHOW COLUMNS FROM `wemall_set_redpacket` [ RunTime:0.0156s ]
SQL: SELECT * FROM `wemall_set_redpacket` LIMIT 1   [ RunTime:0.0156s ]

[ 2015-06-10T10:06:58+08:00 ] 127.0.0.1 /wemall/WeiPHP/index.php/WechatInterface?XDEBUG_SESSION_START=netbeans-xdebug
INFO: [ app_init ] --START--
INFO: Run Behavior\BuildLiteBehavior [ RunTime:0.000000s ]
INFO: [ app_init ] --END-- [ RunTime:0.000000s ]
INFO: [ app_begin ] --START--
INFO: Run Behavior\ReadHtmlCacheBehavior [ RunTime:0.000000s ]
INFO: [ app_begin ] --END-- [ RunTime:0.015600s ]
SQL: SHOW COLUMNS FROM `wemall_customer` [ RunTime:0.0156s ]
SQL: SELECT * FROM `wemall_customer` WHERE `openid` = 'oZuoxt8tnEUUf6YPBG-mNPYjoKQA' LIMIT 1   [ RunTime:0.0000s ]
SQL: SHOW COLUMNS FROM `wemall_customer` [ RunTime:0.0000s ]
SQL: SHOW COLUMNS FROM `wemall_active` [ RunTime:0.0000s ]
SQL: SHOW COLUMNS FROM `wemall_coupon` [ RunTime:0.0156s ]
SQL: SHOW COLUMNS FROM `wemall_customer` [ RunTime:0.0156s ]
SQL: SELECT * FROM `wemall_customer` WHERE `id` = 115 LIMIT 1   [ RunTime:0.0000s ]
SQL: SELECT * FROM `wemall_active` WHERE `object` = 0 LIMIT 1   [ RunTime:0.0156s ]
SQL: INSERT INTO `wemall_coupon` (`cover`,`duration`,`start_time`,`end_time`,`openid`) VALUES ('800','3','1433901996','1434161196','oZuoxt2Y3osCweYYA2H-lfcdtgaQ') [ RunTime:0.0000s ]
SQL: SELECT * FROM `wemall_active` WHERE `object` = 1 LIMIT 1   [ RunTime:0.0000s ]
SQL: INSERT INTO `wemall_coupon` (`cover`,`duration`,`start_time`,`end_time`,`openid`) VALUES ('800','3','1433901996','1434161196','oZuoxt8tnEUUf6YPBG-mNPYjoKQA') [ RunTime:0.0156s ]
SQL: INSERT INTO `wemall_coupon` (`cover`,`duration`,`start_time`,`end_time`,`openid`) VALUES ('800','3','1433901996','1434161196','oZuoxt8tnEUUf6YPBG-mNPYjoKQA') [ RunTime:0.0000s ]
SQL: SELECT * FROM `wemall_customer` WHERE `id` = 115 LIMIT 1   [ RunTime:0.0156s ]
NOTIC: [2048] Declaration of WxPay\Controller\SendRedGiftController::createXml() should be compatible with WxPay\Controller\WxPayClientPubController::createXml() D:\xampp\htdocs\wemall\ThinkPHP\Application\WxPay\Controller\SendRedGiftController.class.php 第 10 行.
SQL: SHOW COLUMNS FROM `wemall_set_redpacket` [ RunTime:0.0156s ]
SQL: SELECT * FROM `wemall_set_redpacket` LIMIT 1   [ RunTime:0.0000s ]
SQL: SHOW COLUMNS FROM `wemall_wechat_redpacket` [ RunTime:0.0000s ]
SQL: INSERT INTO `wemall_wechat_redpacket` (`re_openid`,`total_amount`,`min_value`,`max_value`,`total_num`,`wishing`,`client_ip`,`act_name`,`remark`,`return_code`,`return_msg`,`result_code`,`mch_billno`,`wxappid`,`send_time`,`send_listid`) VALUES ('oZuoxt8tnEUUf6YPBG-mNPYjoKQA','100','100','101','1','我是祝福语','127.0.0.1','我是活动名称','我是备注信息','SUCCESS','发放成功','SUCCESS','1236255202201506101112953197','wx15a60486abf8f053','2147483647','100000000020150610316001214790') [ RunTime:0.0000s ]

[ 2015-06-10T10:07:37+08:00 ] 127.0.0.1 /wemall/WeiPHP/index.php/WechatInterface?XDEBUG_SESSION_START=netbeans-xdebug
INFO: [ app_init ] --START--
INFO: Run Behavior\BuildLiteBehavior [ RunTime:0.000000s ]
INFO: [ app_init ] --END-- [ RunTime:0.000000s ]
INFO: [ app_begin ] --START--
INFO: Run Behavior\ReadHtmlCacheBehavior [ RunTime:0.000000s ]
INFO: [ app_begin ] --END-- [ RunTime:0.000000s ]
SQL: SHOW COLUMNS FROM `wemall_customer` [ RunTime:0.0000s ]
SQL: SELECT * FROM `wemall_customer` WHERE `openid` = 'oZuoxt2Y3osCweYYA2H-lfcdtgaQ' LIMIT 1   [ RunTime:0.0000s ]
SQL: SHOW COLUMNS FROM `wemall_customer` [ RunTime:0.0000s ]
SQL: SHOW COLUMNS FROM `wemall_active` [ RunTime:0.0156s ]
SQL: SHOW COLUMNS FROM `wemall_coupon` [ RunTime:0.0156s ]
SQL: SHOW COLUMNS FROM `wemall_customer` [ RunTime:0.0000s ]
SQL: SELECT * FROM `wemall_customer` WHERE `id` = 115 LIMIT 1   [ RunTime:0.0000s ]
SQL: SELECT * FROM `wemall_active` WHERE `object` = 0 LIMIT 1   [ RunTime:0.0156s ]
SQL: INSERT INTO `wemall_coupon` (`cover`,`duration`,`start_time`,`end_time`,`openid`) VALUES ('800','3','1433902052','1434161252','oZuoxt2Y3osCweYYA2H-lfcdtgaQ') [ RunTime:0.0156s ]
SQL: SELECT * FROM `wemall_active` WHERE `object` = 1 LIMIT 1   [ RunTime:0.0000s ]
SQL: INSERT INTO `wemall_coupon` (`cover`,`duration`,`start_time`,`end_time`,`openid`) VALUES ('800','3','1433902052','1434161252','oZuoxt2Y3osCweYYA2H-lfcdtgaQ') [ RunTime:0.0156s ]
SQL: INSERT INTO `wemall_coupon` (`cover`,`duration`,`start_time`,`end_time`,`openid`) VALUES ('800','3','1433902052','1434161252','oZuoxt2Y3osCweYYA2H-lfcdtgaQ') [ RunTime:0.0156s ]
SQL: SELECT * FROM `wemall_customer` WHERE `id` = 115 LIMIT 1   [ RunTime:0.0000s ]
NOTIC: [2048] Declaration of WxPay\Controller\SendRedGiftController::createXml() should be compatible with WxPay\Controller\WxPayClientPubController::createXml() D:\xampp\htdocs\wemall\ThinkPHP\Application\WxPay\Controller\SendRedGiftController.class.php 第 10 行.
SQL: SHOW COLUMNS FROM `wemall_set_redpacket` [ RunTime:0.0000s ]
SQL: SELECT * FROM `wemall_set_redpacket` LIMIT 1   [ RunTime:0.0000s ]
SQL: SHOW COLUMNS FROM `wemall_wechat_redpacket` [ RunTime:0.0156s ]
SQL: INSERT INTO `wemall_wechat_redpacket` (`re_openid`,`total_amount`,`min_value`,`max_value`,`total_num`,`wishing`,`client_ip`,`act_name`,`remark`,`return_code`,`return_msg`,`result_code`,`mch_billno`,`wxappid`,`send_time`,`send_listid`) VALUES ('oZuoxt2Y3osCweYYA2H-lfcdtgaQ','101','100','101','1','我是祝福语','127.0.0.1','我是活动名称','我是备注信息','SUCCESS','发放成功','SUCCESS','1236255202201506101206834749','wx15a60486abf8f053','2147483647','100000000020150610316001294337') [ RunTime:0.0000s ]

[ 2015-06-10T10:07:58+08:00 ] 127.0.0.1 /wemall/WeiPHP/index.php/WechatInterface?XDEBUG_SESSION_START=netbeans-xdebug
INFO: [ app_init ] --START--
INFO: Run Behavior\BuildLiteBehavior [ RunTime:0.000000s ]
INFO: [ app_init ] --END-- [ RunTime:0.000000s ]
INFO: [ app_begin ] --START--
INFO: Run Behavior\ReadHtmlCacheBehavior [ RunTime:0.000000s ]
INFO: [ app_begin ] --END-- [ RunTime:0.000000s ]
SQL: SHOW COLUMNS FROM `wemall_customer` [ RunTime:0.0000s ]
SQL: SELECT * FROM `wemall_customer` WHERE `openid` = 'oZuoxt2Y3osCweYYA2H-lfcdtgaQ' LIMIT 1   [ RunTime:0.0156s ]
SQL: SHOW COLUMNS FROM `wemall_customer` [ RunTime:0.0156s ]
SQL: SHOW COLUMNS FROM `wemall_active` [ RunTime:0.0000s ]
SQL: SHOW COLUMNS FROM `wemall_coupon` [ RunTime:0.0000s ]
SQL: SELECT * FROM `wemall_active` WHERE `object` = 1 LIMIT 1   [ RunTime:0.0156s ]
SQL: INSERT INTO `wemall_coupon` (`cover`,`duration`,`start_time`,`end_time`,`openid`) VALUES ('800','3','1433902065','1434161265','oZuoxt2Y3osCweYYA2H-lfcdtgaQ') [ RunTime:0.0000s ]
SQL: INSERT INTO `wemall_coupon` (`cover`,`duration`,`start_time`,`end_time`,`openid`) VALUES ('800','3','1433902065','1434161265','oZuoxt2Y3osCweYYA2H-lfcdtgaQ') [ RunTime:0.0000s ]
SQL: SELECT * FROM `wemall_customer` WHERE `id` = 0 LIMIT 1   [ RunTime:0.0156s ]
NOTIC: [2048] Declaration of WxPay\Controller\SendRedGiftController::createXml() should be compatible with WxPay\Controller\WxPayClientPubController::createXml() D:\xampp\htdocs\wemall\ThinkPHP\Application\WxPay\Controller\SendRedGiftController.class.php 第 10 行.
SQL: SHOW COLUMNS FROM `wemall_set_redpacket` [ RunTime:0.0156s ]
SQL: SELECT * FROM `wemall_set_redpacket` LIMIT 1   [ RunTime:0.0000s ]

[ 2015-06-10T10:08:27+08:00 ] 127.0.0.1 /wemall/WeiPHP/index.php/WechatInterface?XDEBUG_SESSION_START=netbeans-xdebug
INFO: [ app_init ] --START--
INFO: Run Behavior\BuildLiteBehavior [ RunTime:0.000000s ]
INFO: [ app_init ] --END-- [ RunTime:0.000000s ]
INFO: [ app_begin ] --START--
INFO: Run Behavior\ReadHtmlCacheBehavior [ RunTime:0.000000s ]
INFO: [ app_begin ] --END-- [ RunTime:0.000000s ]
SQL: SHOW COLUMNS FROM `wemall_customer` [ RunTime:0.0000s ]
SQL: SELECT * FROM `wemall_customer` WHERE `openid` = 'oZuoxt2Y3osCweYYA2H-lfcdtgaQ' LIMIT 1   [ RunTime:0.0156s ]
SQL: SHOW COLUMNS FROM `wemall_customer` [ RunTime:0.0000s ]
SQL: SHOW COLUMNS FROM `wemall_active` [ RunTime:0.0156s ]
SQL: SHOW COLUMNS FROM `wemall_coupon` [ RunTime:0.0156s ]
SQL: SELECT * FROM `wemall_active` WHERE `object` = 1 LIMIT 1   [ RunTime:0.0156s ]
SQL: INSERT INTO `wemall_coupon` (`cover`,`duration`,`start_time`,`end_time`,`openid`) VALUES ('800','3','1433902097','1434161297','oZuoxt2Y3osCweYYA2H-lfcdtgaQ') [ RunTime:0.0156s ]
SQL: INSERT INTO `wemall_coupon` (`cover`,`duration`,`start_time`,`end_time`,`openid`) VALUES ('800','3','1433902097','1434161297','oZuoxt2Y3osCweYYA2H-lfcdtgaQ') [ RunTime:0.0000s ]
SQL: SELECT * FROM `wemall_customer` WHERE `id` = 0 LIMIT 1   [ RunTime:0.0156s ]
NOTIC: [2048] Declaration of WxPay\Controller\SendRedGiftController::createXml() should be compatible with WxPay\Controller\WxPayClientPubController::createXml() D:\xampp\htdocs\wemall\ThinkPHP\Application\WxPay\Controller\SendRedGiftController.class.php 第 10 行.
SQL: SHOW COLUMNS FROM `wemall_set_redpacket` [ RunTime:0.0156s ]
SQL: SELECT * FROM `wemall_set_redpacket` LIMIT 1   [ RunTime:0.0000s ]
SQL: SHOW COLUMNS FROM `wemall_wechat_redpacket` [ RunTime:0.0156s ]
SQL: INSERT INTO `wemall_wechat_redpacket` (`re_openid`,`total_amount`,`min_value`,`max_value`,`total_num`,`wishing`,`client_ip`,`act_name`,`remark`,`return_code`,`return_msg`,`result_code`,`mch_billno`,`wxappid`,`send_time`,`send_listid`) VALUES ('oZuoxt2Y3osCweYYA2H-lfcdtgaQ','100','100','101','1','我是祝福语','127.0.0.1','我是活动名称','我是备注信息','SUCCESS','发放成功','SUCCESS','1236255202201506101049768985','wx15a60486abf8f053','2147483647','100000000020150610316001409465') [ RunTime:0.0156s ]

[ 2015-06-10T10:19:17+08:00 ] 127.0.0.1 /wemall/WeiPHP/index.php/WechatInterface?XDEBUG_SESSION_START=netbeans-xdebug
INFO: [ app_init ] --START--
INFO: Run Behavior\BuildLiteBehavior [ RunTime:0.000000s ]
INFO: [ app_init ] --END-- [ RunTime:0.001000s ]
INFO: [ app_begin ] --START--
INFO: Run Behavior\ReadHtmlCacheBehavior [ RunTime:0.001000s ]
INFO: [ app_begin ] --END-- [ RunTime:0.001000s ]
SQL: SHOW COLUMNS FROM `wemall_customer` [ RunTime:0.0080s ]
SQL: SELECT * FROM `wemall_customer` WHERE `openid` = 'oZuoxt2Y3osCweYYA2H-lfcdtgaQ' LIMIT 1   [ RunTime:0.0080s ]
SQL: SHOW COLUMNS FROM `wemall_customer` [ RunTime:0.0080s ]
SQL: SHOW COLUMNS FROM `wemall_active` [ RunTime:0.0080s ]
SQL: SHOW COLUMNS FROM `wemall_coupon` [ RunTime:0.0080s ]
SQL: SHOW COLUMNS FROM `wemall_customer` [ RunTime:0.0090s ]
SQL: SELECT * FROM `wemall_customer` WHERE `id` = 115 LIMIT 1   [ RunTime:0.0080s ]
SQL: SELECT * FROM `wemall_active` WHERE `object` = 0 LIMIT 1   [ RunTime:0.0060s ]
SQL: INSERT INTO `wemall_coupon` (`cover`,`duration`,`start_time`,`end_time`,`openid`) VALUES ('800','3','1433902702','1434161902','oZuoxt2Y3osCweYYA2H-lfcdtgaQ') [ RunTime:0.0100s ]
SQL: SELECT * FROM `wemall_active` WHERE `object` = 1 LIMIT 1   [ RunTime:0.0070s ]
SQL: INSERT INTO `wemall_coupon` (`cover`,`duration`,`start_time`,`end_time`,`openid`) VALUES ('800','3','1433902702','1434161902','oZuoxt2Y3osCweYYA2H-lfcdtgaQ') [ RunTime:0.0100s ]
SQL: INSERT INTO `wemall_coupon` (`cover`,`duration`,`start_time`,`end_time`,`openid`) VALUES ('800','3','1433902702','1434161902','oZuoxt2Y3osCweYYA2H-lfcdtgaQ') [ RunTime:0.0080s ]
SQL: SELECT * FROM `wemall_customer` WHERE `id` = 115 LIMIT 1   [ RunTime:0.0080s ]
NOTIC: [2048] Declaration of WxPay\Controller\SendRedGiftController::createXml() should be compatible with WxPay\Controller\WxPayClientPubController::createXml() D:\xampp\htdocs\wemall\ThinkPHP\Application\WxPay\Controller\SendRedGiftController.class.php 第 10 行.
SQL: SHOW COLUMNS FROM `wemall_set_redpacket` [ RunTime:0.0090s ]
SQL: SELECT * FROM `wemall_set_redpacket` LIMIT 1   [ RunTime:0.0160s ]
SQL: SHOW COLUMNS FROM `wemall_wechat_redpacket` [ RunTime:0.0110s ]
SQL: SELECT COUNT(*) AS tp_count FROM `wemall_wechat_redpacket` WHERE `re_openid` = 'oZuoxt2Y3osCweYYA2H-lfcdtgaQ' LIMIT 1   [ RunTime:0.0110s ]
SQL: SHOW COLUMNS FROM `wemall_wechat_redpacket` [ RunTime:0.0090s ]
SQL: INSERT INTO `wemall_wechat_redpacket` (`re_openid`,`total_amount`,`min_value`,`max_value`,`total_num`,`wishing`,`client_ip`,`act_name`,`remark`,`return_code`,`return_msg`,`result_code`,`mch_billno`,`wxappid`,`send_time`,`send_listid`) VALUES ('oZuoxt2Y3osCweYYA2H-lfcdtgaQ','101','100','101','1','我是祝福语','127.0.0.1','我是活动名称','我是备注信息','SUCCESS','发放成功','SUCCESS','1236255202201506101385462484','wx15a60486abf8f053','2147483647','100000000020150610316002671043') [ RunTime:0.0070s ]
SQL: SELECT * FROM `wemall_customer`  [ RunTime:0.0380s ]
SQL: SELECT * FROM `wemall_customer` WHERE `openid` = 'oZuoxt2Y3osCweYYA2H-lfcdtgaQ' LIMIT 1   [ RunTime:0.0110s ]
SQL: UPDATE `wemall_customer` SET `openid`='oZuoxt2Y3osCweYYA2H-lfcdtgaQ',`nickname`='孔瑞平',`sex`='2',`city`='和平',`province`='天津',`country`='中国',`headimgurl`='http://wx.qlogo.cn/mmopen/DDL1ohqoJQv8IBKXiceHbAFEkqq95Dw4ib89cs1hboywWW6ssCSaE038F7l0RMSqPb1LTKbfXia6EmIODtrkNu2Cg/0',`subscribe_time`='1433744767',`remark`='',`parentid`='115',`customer_code`='ufrk' WHERE `openid` = 'oZuoxt2Y3osCweYYA2H-lfcdtgaQ' [ RunTime:0.0110s ]
SQL: SHOW COLUMNS FROM `wemall_reply` [ RunTime:0.0090s ]
SQL: SELECT * FROM `wemall_reply` WHERE `id` = 1 LIMIT 1   [ RunTime:0.0070s ]
SQL: SHOW COLUMNS FROM `wemall_attachment` [ RunTime:0.0110s ]
SQL: SELECT * FROM `wemall_attachment` WHERE `id` = 537 LIMIT 1   [ RunTime:0.0070s ]
SQL: SELECT * FROM `wemall_attachment` WHERE `id` = 537 LIMIT 1   [ RunTime:0.0080s ]
INFO: [ view_parse ] --START--
INFO: [ template_filter ] --START--
INFO: Run Behavior\ContentReplaceBehavior [ RunTime:0.000000s ]
INFO: [ template_filter ] --END-- [ RunTime:0.000000s ]
INFO: Run Behavior\ParseTemplateBehavior [ RunTime:0.015001s ]
INFO: [ view_parse ] --END-- [ RunTime:0.016001s ]
INFO: [ view_filter ] --START--
INFO: Run Behavior\WriteHtmlCacheBehavior [ RunTime:0.001000s ]
INFO: [ view_filter ] --END-- [ RunTime:0.001000s ]
INFO: [ app_end ] --START--
INFO: Run Behavior\ShowPageTraceBehavior [ RunTime:0.000000s ]
INFO: [ app_end ] --END-- [ RunTime:0.002000s ]

[ 2015-06-10T10:19:49+08:00 ] 127.0.0.1 /wemall/WeiPHP/index.php/WechatInterface?XDEBUG_SESSION_START=netbeans-xdebug
INFO: [ app_init ] --START--
INFO: Run Behavior\BuildLiteBehavior [ RunTime:0.000000s ]
INFO: [ app_init ] --END-- [ RunTime:0.001000s ]
INFO: [ app_begin ] --START--
INFO: Run Behavior\ReadHtmlCacheBehavior [ RunTime:0.001000s ]
INFO: [ app_begin ] --END-- [ RunTime:0.001000s ]
SQL: SHOW COLUMNS FROM `wemall_customer` [ RunTime:0.0090s ]
SQL: SELECT * FROM `wemall_customer` WHERE `openid` = 'oZuoxt2Y3osCweYYA2H-lfcdtgaQ' LIMIT 1   [ RunTime:0.0090s ]
SQL: SHOW COLUMNS FROM `wemall_customer` [ RunTime:0.0090s ]
SQL: SHOW COLUMNS FROM `wemall_active` [ RunTime:0.0080s ]
SQL: SHOW COLUMNS FROM `wemall_coupon` [ RunTime:0.0080s ]
SQL: SHOW COLUMNS FROM `wemall_customer` [ RunTime:0.0130s ]
SQL: SELECT * FROM `wemall_customer` WHERE `id` = 115 LIMIT 1   [ RunTime:0.0120s ]
SQL: SELECT * FROM `wemall_active` WHERE `object` = 0 LIMIT 1   [ RunTime:0.0070s ]
SQL: INSERT INTO `wemall_coupon` (`cover`,`duration`,`start_time`,`end_time`,`openid`) VALUES ('800','3','1433902767','1434161967','oZuoxt2Y3osCweYYA2H-lfcdtgaQ') [ RunTime:0.0080s ]
SQL: SELECT * FROM `wemall_active` WHERE `object` = 1 LIMIT 1   [ RunTime:0.0080s ]
SQL: INSERT INTO `wemall_coupon` (`cover`,`duration`,`start_time`,`end_time`,`openid`) VALUES ('800','3','1433902767','1434161967','oZuoxt2Y3osCweYYA2H-lfcdtgaQ') [ RunTime:0.0100s ]
SQL: INSERT INTO `wemall_coupon` (`cover`,`duration`,`start_time`,`end_time`,`openid`) VALUES ('800','3','1433902767','1434161967','oZuoxt2Y3osCweYYA2H-lfcdtgaQ') [ RunTime:0.0090s ]
SQL: SELECT * FROM `wemall_customer` WHERE `id` = 115 LIMIT 1   [ RunTime:0.0070s ]
NOTIC: [2048] Declaration of WxPay\Controller\SendRedGiftController::createXml() should be compatible with WxPay\Controller\WxPayClientPubController::createXml() D:\xampp\htdocs\wemall\ThinkPHP\Application\WxPay\Controller\SendRedGiftController.class.php 第 10 行.
SQL: SHOW COLUMNS FROM `wemall_set_redpacket` [ RunTime:0.0100s ]
SQL: SELECT * FROM `wemall_set_redpacket` LIMIT 1   [ RunTime:0.0080s ]
SQL: SHOW COLUMNS FROM `wemall_wechat_redpacket` [ RunTime:0.0090s ]
SQL: SELECT COUNT(*) AS tp_count FROM `wemall_wechat_redpacket` WHERE `re_openid` = 'oZuoxt2Y3osCweYYA2H-lfcdtgaQ' LIMIT 1   [ RunTime:0.0080s ]
SQL: SHOW COLUMNS FROM `wemall_wechat_redpacket` [ RunTime:0.0100s ]
SQL: INSERT INTO `wemall_wechat_redpacket` (`re_openid`,`total_amount`,`min_value`,`max_value`,`total_num`,`wishing`,`client_ip`,`act_name`,`remark`,`return_code`,`return_msg`,`result_code`,`mch_billno`,`wxappid`,`send_time`,`send_listid`) VALUES ('oZuoxt2Y3osCweYYA2H-lfcdtgaQ','101','100','101','1','我是祝福语','127.0.0.1','我是活动名称','我是备注信息','SUCCESS','发放成功','SUCCESS','1236255202201506101229435400','wx15a60486abf8f053','2147483647','100000000020150610316002741709') [ RunTime:0.0100s ]
SQL: SELECT * FROM `wemall_customer`  [ RunTime:0.0200s ]
SQL: SELECT * FROM `wemall_customer` WHERE `openid` = 'oZuoxt2Y3osCweYYA2H-lfcdtgaQ' LIMIT 1   [ RunTime:0.0100s ]
SQL: UPDATE `wemall_customer` SET `openid`='oZuoxt2Y3osCweYYA2H-lfcdtgaQ',`nickname`='孔瑞平',`sex`='2',`city`='和平',`province`='天津',`country`='中国',`headimgurl`='http://wx.qlogo.cn/mmopen/DDL1ohqoJQv8IBKXiceHbAFEkqq95Dw4ib89cs1hboywWW6ssCSaE038F7l0RMSqPb1LTKbfXia6EmIODtrkNu2Cg/0',`subscribe_time`='1433744767',`remark`='',`customer_code`='dere' WHERE `openid` = 'oZuoxt2Y3osCweYYA2H-lfcdtgaQ' [ RunTime:0.0100s ]
SQL: SHOW COLUMNS FROM `wemall_reply` [ RunTime:0.0100s ]
SQL: SELECT * FROM `wemall_reply` WHERE `id` = 1 LIMIT 1   [ RunTime:0.0100s ]
SQL: SHOW COLUMNS FROM `wemall_attachment` [ RunTime:0.0100s ]
SQL: SELECT * FROM `wemall_attachment` WHERE `id` = 537 LIMIT 1   [ RunTime:0.0100s ]
SQL: SELECT * FROM `wemall_attachment` WHERE `id` = 537 LIMIT 1   [ RunTime:0.0100s ]
INFO: [ view_parse ] --START--
INFO: [ template_filter ] --START--
INFO: Run Behavior\ContentReplaceBehavior [ RunTime:0.000000s ]
INFO: [ template_filter ] --END-- [ RunTime:0.000000s ]
INFO: Run Behavior\ParseTemplateBehavior [ RunTime:0.010000s ]
INFO: [ view_parse ] --END-- [ RunTime:0.010000s ]
INFO: [ view_filter ] --START--
INFO: Run Behavior\WriteHtmlCacheBehavior [ RunTime:0.000000s ]
INFO: [ view_filter ] --END-- [ RunTime:0.010000s ]
INFO: [ app_end ] --START--
INFO: Run Behavior\ShowPageTraceBehavior [ RunTime:0.000000s ]
INFO: [ app_end ] --END-- [ RunTime:0.000000s ]

[ 2015-06-10T10:33:16+08:00 ] 127.0.0.1 /wemall/WeiPHP/index.php/WechatInterface?XDEBUG_SESSION_START=netbeans-xdebug
INFO: [ app_init ] --START--
INFO: Run Behavior\BuildLiteBehavior [ RunTime:0.000000s ]
INFO: [ app_init ] --END-- [ RunTime:0.000000s ]
INFO: [ app_begin ] --START--
INFO: Run Behavior\ReadHtmlCacheBehavior [ RunTime:0.000000s ]
INFO: [ app_begin ] --END-- [ RunTime:0.000000s ]
SQL: SHOW COLUMNS FROM `wemall_customer` [ RunTime:0.0200s ]
SQL: SELECT * FROM `wemall_customer` WHERE `openid` = 'oZuoxt2Y3osCweYYA2H-lfcdtgaQ' LIMIT 1   [ RunTime:0.0100s ]
SQL: SHOW COLUMNS FROM `wemall_customer` [ RunTime:0.0100s ]
SQL: SELECT * FROM `wemall_customer` WHERE `openid` = 'oZuoxt2Y3osCweYYA2H-lfcdtgaQ' LIMIT 1   [ RunTime:0.0100s ]
SQL: UPDATE `wemall_customer` SET `openid`='oZuoxt2Y3osCweYYA2H-lfcdtgaQ',`nickname`='孔瑞平',`sex`='2',`city`='和平',`province`='天津',`country`='中国',`headimgurl`='http://wx.qlogo.cn/mmopen/DDL1ohqoJQv8IBKXiceHbAFEkqq95Dw4ib89cs1hboywWW6ssCSaE038F7l0RMSqPb1LTKbfXia6EmIODtrkNu2Cg/0',`subscribe_time`='1433744767',`remark`='' WHERE `openid` = 'oZuoxt2Y3osCweYYA2H-lfcdtgaQ' [ RunTime:0.0100s ]
SQL: SHOW COLUMNS FROM `wemall_reply` [ RunTime:0.0100s ]
SQL: SELECT * FROM `wemall_reply` WHERE `id` = 1 LIMIT 1   [ RunTime:0.0100s ]
SQL: SHOW COLUMNS FROM `wemall_attachment` [ RunTime:0.0100s ]
SQL: SELECT * FROM `wemall_attachment` WHERE `id` = 537 LIMIT 1   [ RunTime:0.0100s ]
SQL: SELECT * FROM `wemall_attachment` WHERE `id` = 537 LIMIT 1   [ RunTime:0.0100s ]
INFO: [ view_parse ] --START--
INFO: [ template_filter ] --START--
INFO: Run Behavior\ContentReplaceBehavior [ RunTime:0.000000s ]
INFO: [ template_filter ] --END-- [ RunTime:0.000000s ]
INFO: Run Behavior\ParseTemplateBehavior [ RunTime:0.010000s ]
INFO: [ view_parse ] --END-- [ RunTime:0.010000s ]
INFO: [ view_filter ] --START--
INFO: Run Behavior\WriteHtmlCacheBehavior [ RunTime:0.000000s ]
INFO: [ view_filter ] --END-- [ RunTime:0.000000s ]
INFO: [ app_end ] --START--
INFO: Run Behavior\ShowPageTraceBehavior [ RunTime:0.000000s ]
INFO: [ app_end ] --END-- [ RunTime:0.000000s ]

[ 2015-06-10T11:02:33+08:00 ] 127.0.0.1 /wemall/WeiPHP/index.php/WechatInterface?XDEBUG_SESSION_START=netbeans-xdebug
INFO: [ app_init ] --START--
INFO: Run Behavior\BuildLiteBehavior [ RunTime:0.000000s ]
INFO: [ app_init ] --END-- [ RunTime:0.001000s ]
INFO: [ app_begin ] --START--
INFO: Run Behavior\ReadHtmlCacheBehavior [ RunTime:0.001000s ]
INFO: [ app_begin ] --END-- [ RunTime:0.001000s ]
SQL: SHOW COLUMNS FROM `wemall_customer` [ RunTime:0.0110s ]
SQL: SELECT * FROM `wemall_customer` WHERE `openid` = 'oZuoxt2Y3osCweYYA2H-lfcdtgaQ' LIMIT 1   [ RunTime:0.0080s ]
SQL: SHOW COLUMNS FROM `wemall_customer` [ RunTime:0.0110s ]
SQL: SELECT * FROM `wemall_customer` WHERE `openid` = 'oZuoxt2Y3osCweYYA2H-lfcdtgaQ' LIMIT 1   [ RunTime:0.0100s ]
SQL: UPDATE `wemall_customer` SET `openid`='oZuoxt2Y3osCweYYA2H-lfcdtgaQ',`nickname`='孔瑞平',`sex`='2',`city`='和平',`province`='天津',`country`='中国',`headimgurl`='http://wx.qlogo.cn/mmopen/DDL1ohqoJQv8IBKXiceHbAFEkqq95Dw4ib89cs1hboywWW6ssCSaE038F7l0RMSqPb1LTKbfXia6EmIODtrkNu2Cg/0',`subscribe_time`='1433744767',`remark`='' WHERE `openid` = 'oZuoxt2Y3osCweYYA2H-lfcdtgaQ' [ RunTime:0.0100s ]
SQL: SHOW COLUMNS FROM `wemall_reply` [ RunTime:0.0100s ]
SQL: SELECT * FROM `wemall_reply` WHERE `id` = 1 LIMIT 1   [ RunTime:0.0100s ]
SQL: SHOW COLUMNS FROM `wemall_attachment` [ RunTime:0.0200s ]
SQL: SELECT * FROM `wemall_attachment` WHERE `id` = 537 LIMIT 1   [ RunTime:0.0100s ]
SQL: SELECT * FROM `wemall_attachment` WHERE `id` = 537 LIMIT 1   [ RunTime:0.0100s ]
INFO: [ view_parse ] --START--
INFO: [ template_filter ] --START--
INFO: Run Behavior\ContentReplaceBehavior [ RunTime:0.000000s ]
INFO: [ template_filter ] --END-- [ RunTime:0.000000s ]
INFO: Run Behavior\ParseTemplateBehavior [ RunTime:0.020000s ]
INFO: [ view_parse ] --END-- [ RunTime:0.020000s ]
INFO: [ view_filter ] --START--
INFO: Run Behavior\WriteHtmlCacheBehavior [ RunTime:0.000000s ]
INFO: [ view_filter ] --END-- [ RunTime:0.000000s ]
INFO: [ app_end ] --START--
INFO: Run Behavior\ShowPageTraceBehavior [ RunTime:0.000000s ]
INFO: [ app_end ] --END-- [ RunTime:0.000000s ]

[ 2015-06-10T11:11:56+08:00 ] 127.0.0.1 /wemall/WeiPHP/index.php/WechatInterface?XDEBUG_SESSION_START=netbeans-xdebug
INFO: [ app_init ] --START--
INFO: Run Behavior\BuildLiteBehavior [ RunTime:0.000000s ]
INFO: [ app_init ] --END-- [ RunTime:0.000000s ]
INFO: [ app_begin ] --START--
INFO: Run Behavior\ReadHtmlCacheBehavior [ RunTime:0.000000s ]
INFO: [ app_begin ] --END-- [ RunTime:0.000000s ]
SQL: SHOW COLUMNS FROM `wemall_customer` [ RunTime:0.0200s ]
SQL: SELECT * FROM `wemall_customer` WHERE `openid` = 'oZuoxt2Y3osCweYYA2H-lfcdtgaQ' LIMIT 1   [ RunTime:0.0100s ]
SQL: SHOW COLUMNS FROM `wemall_customer` [ RunTime:0.0100s ]
SQL: SHOW COLUMNS FROM `wemall_active` [ RunTime:0.0100s ]
SQL: SHOW COLUMNS FROM `wemall_coupon` [ RunTime:0.0100s ]
SQL: SHOW COLUMNS FROM `wemall_customer` [ RunTime:0.0100s ]
SQL: SELECT * FROM `wemall_customer` WHERE `id` = 115 LIMIT 1   [ RunTime:0.0100s ]
SQL: SELECT * FROM `wemall_active` WHERE `object` = 0 LIMIT 1   [ RunTime:0.0200s ]
SQL: INSERT INTO `wemall_coupon` (`cover`,`duration`,`start_time`,`end_time`,`openid`) VALUES ('800','3','1433905654','1434164854','oZuoxt2Y3osCweYYA2H-lfcdtgaQ') [ RunTime:0.0100s ]
SQL: SELECT * FROM `wemall_active` WHERE `object` = 1 LIMIT 1   [ RunTime:0.0100s ]
SQL: INSERT INTO `wemall_coupon` (`cover`,`duration`,`start_time`,`end_time`,`openid`) VALUES ('800','3','1433905654','1434164854','oZuoxt2Y3osCweYYA2H-lfcdtgaQ') [ RunTime:0.0100s ]
SQL: INSERT INTO `wemall_coupon` (`cover`,`duration`,`start_time`,`end_time`,`openid`) VALUES ('800','3','1433905654','1434164854','oZuoxt2Y3osCweYYA2H-lfcdtgaQ') [ RunTime:0.0100s ]
SQL: SELECT * FROM `wemall_customer` WHERE `id` = 115 LIMIT 1   [ RunTime:0.0100s ]
NOTIC: [2048] Declaration of WxPay\Controller\SendRedGiftController::createXml() should be compatible with WxPay\Controller\WxPayClientPubController::createXml() D:\xampp\htdocs\wemall\ThinkPHP\Application\WxPay\Controller\SendRedGiftController.class.php 第 10 行.
SQL: SHOW COLUMNS FROM `wemall_set_redpacket` [ RunTime:0.0100s ]
SQL: SELECT * FROM `wemall_set_redpacket` LIMIT 1   [ RunTime:0.0100s ]
SQL: SHOW COLUMNS FROM `wemall_wechat_redpacket` [ RunTime:0.0100s ]
SQL: SELECT COUNT(*) AS tp_count FROM `wemall_wechat_redpacket` WHERE `re_openid` = 'oZuoxt2Y3osCweYYA2H-lfcdtgaQ' LIMIT 1   [ RunTime:0.0100s ]
SQL: SHOW COLUMNS FROM `wemall_wechat_redpacket` [ RunTime:0.0100s ]
SQL: INSERT INTO `wemall_wechat_redpacket` (`re_openid`,`total_amount`,`min_value`,`max_value`,`total_num`,`wishing`,`client_ip`,`act_name`,`remark`,`return_code`,`return_msg`,`result_code`,`mch_billno`,`wxappid`,`send_time`,`send_listid`) VALUES ('oZuoxt2Y3osCweYYA2H-lfcdtgaQ','101','100','101','1','我是祝福语','127.0.0.1','我是活动名称','我是备注信息','SUCCESS','发放成功','SUCCESS','1236255202201506101300328360','wx15a60486abf8f053','2147483647','100000000020150610316012020959') [ RunTime:0.0100s ]

[ 2015-06-10T11:31:36+08:00 ] 127.0.0.1 /wemall/WeiPHP/index.php/WechatInterface?XDEBUG_SESSION_START=netbeans-xdebug
INFO: [ app_init ] --START--
INFO: Run Behavior\BuildLiteBehavior [ RunTime:0.000000s ]
INFO: [ app_init ] --END-- [ RunTime:0.000000s ]
INFO: [ app_begin ] --START--
INFO: Run Behavior\ReadHtmlCacheBehavior [ RunTime:0.000000s ]
INFO: [ app_begin ] --END-- [ RunTime:0.000000s ]
SQL: SHOW COLUMNS FROM `wemall_customer` [ RunTime:0.0100s ]
SQL: SELECT * FROM `wemall_customer` WHERE `openid` = 'oZuoxt2Y3osCweYYA2H-lfcdtgaQ' LIMIT 1   [ RunTime:0.0100s ]
SQL: SHOW COLUMNS FROM `wemall_customer` [ RunTime:0.0100s ]
SQL: SHOW COLUMNS FROM `wemall_active` [ RunTime:0.0100s ]
SQL: SHOW COLUMNS FROM `wemall_coupon` [ RunTime:0.0100s ]
SQL: SHOW COLUMNS FROM `wemall_customer` [ RunTime:0.0100s ]
SQL: SELECT * FROM `wemall_customer` WHERE `id` = 115 LIMIT 1   [ RunTime:0.0100s ]
SQL: SELECT * FROM `wemall_active` WHERE `object` = 0 LIMIT 1   [ RunTime:0.0100s ]
SQL: INSERT INTO `wemall_coupon` (`cover`,`duration`,`start_time`,`end_time`,`openid`) VALUES ('800','3','1433905993','1434165193','oZuoxt2Y3osCweYYA2H-lfcdtgaQ') [ RunTime:0.0100s ]
SQL: SELECT * FROM `wemall_active` WHERE `object` = 1 LIMIT 1   [ RunTime:0.0100s ]
SQL: INSERT INTO `wemall_coupon` (`cover`,`duration`,`start_time`,`end_time`,`openid`) VALUES ('800','3','1433905993','1434165193','oZuoxt2Y3osCweYYA2H-lfcdtgaQ') [ RunTime:0.0100s ]
SQL: INSERT INTO `wemall_coupon` (`cover`,`duration`,`start_time`,`end_time`,`openid`) VALUES ('800','3','1433905993','1434165193','oZuoxt2Y3osCweYYA2H-lfcdtgaQ') [ RunTime:0.0100s ]
SQL: SELECT * FROM `wemall_customer` WHERE `id` = 115 LIMIT 1   [ RunTime:0.0100s ]
NOTIC: [2048] Declaration of WxPay\Controller\SendRedGiftController::createXml() should be compatible with WxPay\Controller\WxPayClientPubController::createXml() D:\xampp\htdocs\wemall\ThinkPHP\Application\WxPay\Controller\SendRedGiftController.class.php 第 10 行.
SQL: SHOW COLUMNS FROM `wemall_set_redpacket` [ RunTime:0.0100s ]
SQL: SELECT * FROM `wemall_set_redpacket` LIMIT 1   [ RunTime:0.0100s ]
SQL: SHOW COLUMNS FROM `wemall_wechat_redpacket` [ RunTime:0.0100s ]
SQL: SELECT COUNT(*) AS tp_count FROM `wemall_wechat_redpacket` WHERE `re_openid` = 'oZuoxt2Y3osCweYYA2H-lfcdtgaQ' LIMIT 1   [ RunTime:0.0100s ]

[ 2015-06-10T11:32:10+08:00 ] 127.0.0.1 /wemall/WeiPHP/index.php/WechatInterface?XDEBUG_SESSION_START=netbeans-xdebug
INFO: [ app_init ] --START--
INFO: Run Behavior\BuildLiteBehavior [ RunTime:0.000000s ]
INFO: [ app_init ] --END-- [ RunTime:0.010000s ]
INFO: [ app_begin ] --START--
INFO: Run Behavior\ReadHtmlCacheBehavior [ RunTime:0.000000s ]
INFO: [ app_begin ] --END-- [ RunTime:0.000000s ]
SQL: SHOW COLUMNS FROM `wemall_customer` [ RunTime:0.0100s ]
SQL: SELECT * FROM `wemall_customer` WHERE `openid` = 'oZuoxt2Y3osCweYYA2H-lfcdtgaQ' LIMIT 1   [ RunTime:0.0200s ]
SQL: SHOW COLUMNS FROM `wemall_customer` [ RunTime:0.0100s ]
SQL: SHOW COLUMNS FROM `wemall_active` [ RunTime:0.0100s ]
SQL: SHOW COLUMNS FROM `wemall_coupon` [ RunTime:0.0100s ]
SQL: SHOW COLUMNS FROM `wemall_customer` [ RunTime:0.0100s ]
SQL: SELECT * FROM `wemall_customer` WHERE `id` = 115 LIMIT 1   [ RunTime:0.0200s ]
SQL: SELECT * FROM `wemall_active` WHERE `object` = 0 LIMIT 1   [ RunTime:0.0100s ]
SQL: INSERT INTO `wemall_coupon` (`cover`,`duration`,`start_time`,`end_time`,`openid`) VALUES ('800','3','1433907097','1434166297','oZuoxt2Y3osCweYYA2H-lfcdtgaQ') [ RunTime:0.0100s ]
SQL: SELECT * FROM `wemall_active` WHERE `object` = 1 LIMIT 1   [ RunTime:0.0100s ]
SQL: INSERT INTO `wemall_coupon` (`cover`,`duration`,`start_time`,`end_time`,`openid`) VALUES ('800','3','1433907097','1434166297','oZuoxt2Y3osCweYYA2H-lfcdtgaQ') [ RunTime:0.0100s ]
SQL: INSERT INTO `wemall_coupon` (`cover`,`duration`,`start_time`,`end_time`,`openid`) VALUES ('800','3','1433907097','1434166297','oZuoxt2Y3osCweYYA2H-lfcdtgaQ') [ RunTime:0.0100s ]
SQL: SELECT * FROM `wemall_customer` WHERE `id` = 115 LIMIT 1   [ RunTime:0.0100s ]
NOTIC: [2048] Declaration of WxPay\Controller\SendRedGiftController::createXml() should be compatible with WxPay\Controller\WxPayClientPubController::createXml() D:\xampp\htdocs\wemall\ThinkPHP\Application\WxPay\Controller\SendRedGiftController.class.php 第 10 行.
SQL: SHOW COLUMNS FROM `wemall_set_redpacket` [ RunTime:0.0100s ]
SQL: SELECT * FROM `wemall_set_redpacket` LIMIT 1   [ RunTime:0.0100s ]
SQL: SHOW COLUMNS FROM `wemall_wechat_redpacket` [ RunTime:0.0100s ]
SQL: SELECT COUNT(*) AS tp_count FROM `wemall_wechat_redpacket` WHERE `re_openid` = 'oZuoxt2Y3osCweYYA2H-lfcdtgaQ' LIMIT 1   [ RunTime:0.0100s ]

[ 2015-06-10T11:32:53+08:00 ] 127.0.0.1 /wemall/WeiPHP/index.php/WechatInterface?XDEBUG_SESSION_START=netbeans-xdebug
INFO: [ app_init ] --START--
INFO: Run Behavior\BuildLiteBehavior [ RunTime:0.000000s ]
INFO: [ app_init ] --END-- [ RunTime:0.000000s ]
INFO: [ app_begin ] --START--
INFO: Run Behavior\ReadHtmlCacheBehavior [ RunTime:0.000000s ]
INFO: [ app_begin ] --END-- [ RunTime:0.000000s ]
SQL: SHOW COLUMNS FROM `wemall_customer` [ RunTime:0.0100s ]
SQL: SELECT * FROM `wemall_customer` WHERE `openid` = 'oZuoxt2Y3osCweYYA2H-lfcdtgaQ' LIMIT 1   [ RunTime:0.0200s ]
SQL: SHOW COLUMNS FROM `wemall_customer` [ RunTime:0.0100s ]
SQL: SHOW COLUMNS FROM `wemall_active` [ RunTime:0.0200s ]
SQL: SHOW COLUMNS FROM `wemall_coupon` [ RunTime:0.0100s ]
SQL: SHOW COLUMNS FROM `wemall_customer` [ RunTime:0.0200s ]
SQL: SELECT * FROM `wemall_customer` WHERE `id` = 115 LIMIT 1   [ RunTime:0.0100s ]
SQL: SELECT * FROM `wemall_active` WHERE `object` = 0 LIMIT 1   [ RunTime:0.0100s ]
SQL: INSERT INTO `wemall_coupon` (`cover`,`duration`,`start_time`,`end_time`,`openid`) VALUES ('800','3','1433907135','1434166335','oZuoxt2Y3osCweYYA2H-lfcdtgaQ') [ RunTime:0.0000s ]
SQL: SELECT * FROM `wemall_active` WHERE `object` = 1 LIMIT 1   [ RunTime:0.0000s ]
SQL: INSERT INTO `wemall_coupon` (`cover`,`duration`,`start_time`,`end_time`,`openid`) VALUES ('800','3','1433907136','1434166336','oZuoxt2Y3osCweYYA2H-lfcdtgaQ') [ RunTime:0.0100s ]
SQL: INSERT INTO `wemall_coupon` (`cover`,`duration`,`start_time`,`end_time`,`openid`) VALUES ('800','3','1433907136','1434166336','oZuoxt2Y3osCweYYA2H-lfcdtgaQ') [ RunTime:0.0100s ]
SQL: SELECT * FROM `wemall_customer` WHERE `id` = 115 LIMIT 1   [ RunTime:0.0100s ]
NOTIC: [2048] Declaration of WxPay\Controller\SendRedGiftController::createXml() should be compatible with WxPay\Controller\WxPayClientPubController::createXml() D:\xampp\htdocs\wemall\ThinkPHP\Application\WxPay\Controller\SendRedGiftController.class.php 第 10 行.
SQL: SHOW COLUMNS FROM `wemall_set_redpacket` [ RunTime:0.0100s ]
SQL: SELECT * FROM `wemall_set_redpacket` LIMIT 1   [ RunTime:0.0100s ]
SQL: SHOW COLUMNS FROM `wemall_wechat_redpacket` [ RunTime:0.0100s ]
SQL: SELECT COUNT(*) AS tp_count FROM `wemall_wechat_redpacket` WHERE `re_openid` = 'oZuoxt2Y3osCweYYA2H-lfcdtgaQ' LIMIT 1   [ RunTime:0.0100s ]
SQL: SHOW COLUMNS FROM `wemall_wechat_redpacket` [ RunTime:0.0100s ]
SQL: INSERT INTO `wemall_wechat_redpacket` (`re_openid`,`total_amount`,`min_value`,`max_value`,`total_num`,`wishing`,`client_ip`,`act_name`,`remark`,`return_code`,`return_msg`,`result_code`,`mch_billno`,`wxappid`,`send_time`,`send_listid`) VALUES ('oZuoxt2Y3osCweYYA2H-lfcdtgaQ','101','100','101','1','我是祝福语','127.0.0.1','我是活动名称','我是备注信息','SUCCESS','发放成功','SUCCESS','1236255202201506101203956482','wx15a60486abf8f053','2147483647','100000000020150610316016637161') [ RunTime:0.0100s ]

[ 2015-06-10T11:40:01+08:00 ] 127.0.0.1 /wemall/WeiPHP/index.php/WechatInterface?XDEBUG_SESSION_START=netbeans-xdebug
INFO: [ app_init ] --START--
INFO: Run Behavior\BuildLiteBehavior [ RunTime:0.000000s ]
INFO: [ app_init ] --END-- [ RunTime:0.000000s ]
INFO: [ app_begin ] --START--
INFO: Run Behavior\ReadHtmlCacheBehavior [ RunTime:0.000000s ]
INFO: [ app_begin ] --END-- [ RunTime:0.000000s ]
SQL: SHOW COLUMNS FROM `wemall_customer` [ RunTime:0.0100s ]
SQL: SELECT * FROM `wemall_customer` WHERE `openid` = 'oZuoxt2Y3osCweYYA2H-lfcdtgaQ' LIMIT 1   [ RunTime:0.0100s ]
SQL: SHOW COLUMNS FROM `wemall_customer` [ RunTime:0.0100s ]
SQL: SHOW COLUMNS FROM `wemall_active` [ RunTime:0.0100s ]
SQL: SHOW COLUMNS FROM `wemall_coupon` [ RunTime:0.0100s ]
SQL: SHOW COLUMNS FROM `wemall_customer` [ RunTime:0.0100s ]
SQL: SELECT * FROM `wemall_customer` WHERE `id` = 115 LIMIT 1   [ RunTime:0.0100s ]
SQL: SELECT * FROM `wemall_active` WHERE `object` = 0 LIMIT 1   [ RunTime:0.0100s ]
SQL: INSERT INTO `wemall_coupon` (`cover`,`duration`,`start_time`,`end_time`,`openid`) VALUES ('800','3','1433907317','1434166517','oZuoxt2Y3osCweYYA2H-lfcdtgaQ') [ RunTime:0.0100s ]
SQL: SELECT * FROM `wemall_active` WHERE `object` = 1 LIMIT 1   [ RunTime:0.0100s ]
SQL: INSERT INTO `wemall_coupon` (`cover`,`duration`,`start_time`,`end_time`,`openid`) VALUES ('800','3','1433907317','1434166517','oZuoxt2Y3osCweYYA2H-lfcdtgaQ') [ RunTime:0.0200s ]
SQL: INSERT INTO `wemall_coupon` (`cover`,`duration`,`start_time`,`end_time`,`openid`) VALUES ('800','3','1433907317','1434166517','oZuoxt2Y3osCweYYA2H-lfcdtgaQ') [ RunTime:0.0100s ]
SQL: SELECT * FROM `wemall_customer` WHERE `id` = 115 LIMIT 1   [ RunTime:0.0100s ]
NOTIC: [2048] Declaration of WxPay\Controller\SendRedGiftController::createXml() should be compatible with WxPay\Controller\WxPayClientPubController::createXml() D:\xampp\htdocs\wemall\ThinkPHP\Application\WxPay\Controller\SendRedGiftController.class.php 第 10 行.
SQL: SHOW COLUMNS FROM `wemall_set_redpacket` [ RunTime:0.0100s ]
SQL: SELECT * FROM `wemall_set_redpacket` LIMIT 1   [ RunTime:0.0000s ]
SQL: SHOW COLUMNS FROM `wemall_wechat_redpacket` [ RunTime:0.0100s ]
SQL: SELECT COUNT(*) AS tp_count FROM `wemall_wechat_redpacket` WHERE `re_openid` = 'oZuoxt2Y3osCweYYA2H-lfcdtgaQ' LIMIT 1   [ RunTime:0.0100s ]

