[ 2015-05-17T15:25:21+08:00 ] 127.0.0.1 /wemall/WeiPHP/index.php/WechatInterface?XDEBUG_SESSION_START=netbeans-xdebug
INFO: [ app_init ] --START--
INFO: Run Behavior\BuildLiteBehavior [ RunTime:0.000000s ]
INFO: [ app_init ] --END-- [ RunTime:0.000000s ]
INFO: [ app_begin ] --START--
INFO: Run Behavior\ReadHtmlCacheBehavior [ RunTime:0.000000s ]
INFO: [ app_begin ] --END-- [ RunTime:0.000000s ]
SQL: SHOW COLUMNS FROM `wemall_customer` [ RunTime:0.0200s ]
SQL: SELECT * FROM `wemall_customer` WHERE `openid` = 'oZuoxt8tnEUUf6YPBG-mNPYjoKQA' LIMIT 1   [ RunTime:0.0100s ]
SQL: SHOW COLUMNS FROM `wemall_customer` [ RunTime:0.0100s ]
SQL: SELECT * FROM `wemall_customer` WHERE `openid` = 'oZuoxt8tnEUUf6YPBG-mNPYjoKQA' LIMIT 1   [ RunTime:0.0000s ]
SQL: UPDATE `wemall_customer` SET `openid`='oZuoxt8tnEUUf6YPBG-mNPYjoKQA',`nickname`='潘杰',`sex`='1',`city`='河北',`province`='天津',`country`='中国',`headimgurl`='http://wx.qlogo.cn/mmopen/ajNVdqHZLLBCjgjWGsBRDvsbYzEnsgdZyMUScoWaewa8a66AjN4mRyqoiaPpxGAGxDQ3RqfakMwqfTL44B2u1WQ/0',`subscribe_time`='1431845141',`remark`='' WHERE `openid` = 'oZuoxt8tnEUUf6YPBG-mNPYjoKQA' [ RunTime:0.0100s ]
SQL: SHOW COLUMNS FROM `wemall_reply` [ RunTime:0.0100s ]
SQL: SELECT * FROM `wemall_reply` WHERE `id` = 1 LIMIT 1   [ RunTime:0.0100s ]
SQL: SHOW COLUMNS FROM `wemall_attachment` [ RunTime:0.0100s ]
INFO: [ app_end ] --START--
INFO: Run Behavior\ShowPageTraceBehavior [ RunTime:0.000000s ]
INFO: [ app_end ] --END-- [ RunTime:0.010000s ]

[ 2015-05-17T15:29:51+08:00 ] 127.0.0.1 /wemall/WeiPHP/index.php/WechatInterface?XDEBUG_SESSION_START=netbeans-xdebug
INFO: [ app_init ] --START--
INFO: Run Behavior\BuildLiteBehavior [ RunTime:0.000000s ]
INFO: [ app_init ] --END-- [ RunTime:0.000000s ]
INFO: [ app_begin ] --START--
INFO: Run Behavior\ReadHtmlCacheBehavior [ RunTime:0.001000s ]
INFO: [ app_begin ] --END-- [ RunTime:0.001000s ]
SQL: SHOW COLUMNS FROM `wemall_customer` [ RunTime:0.0300s ]
SQL: SELECT * FROM `wemall_customer` WHERE `openid` = 'oZuoxt8tnEUUf6YPBG-mNPYjoKQA' LIMIT 1   [ RunTime:0.0080s ]
SQL: SHOW COLUMNS FROM `wemall_customer` [ RunTime:0.0090s ]
SQL: SELECT * FROM `wemall_customer` WHERE `openid` = 'oZuoxt8tnEUUf6YPBG-mNPYjoKQA' LIMIT 1   [ RunTime:0.0090s ]
SQL: UPDATE `wemall_customer` SET `openid`='oZuoxt8tnEUUf6YPBG-mNPYjoKQA',`nickname`='潘杰',`sex`='1',`city`='河北',`province`='天津',`country`='中国',`headimgurl`='http://wx.qlogo.cn/mmopen/ajNVdqHZLLBCjgjWGsBRDvsbYzEnsgdZyMUScoWaewa8a66AjN4mRyqoiaPpxGAGxDQ3RqfakMwqfTL44B2u1WQ/0',`subscribe_time`='1431847704',`remark`='' WHERE `openid` = 'oZuoxt8tnEUUf6YPBG-mNPYjoKQA' [ RunTime:0.0080s ]
SQL: SHOW COLUMNS FROM `wemall_reply` [ RunTime:0.0090s ]
SQL: SELECT * FROM `wemall_reply` WHERE `id` = 1 LIMIT 1   [ RunTime:0.0080s ]
SQL: SHOW COLUMNS FROM `wemall_attachment` [ RunTime:0.0090s ]
NOTIC: [8] Undefined index: picUrl D:\xampp\htdocs\wemall\ThinkPHP\Application\WechatInterface\Controller\ResponseEventController.class.php 第 146 行.
INFO: [ view_parse ] --START--
INFO: [ template_filter ] --START--
INFO: Run Behavior\ContentReplaceBehavior [ RunTime:0.001000s ]
INFO: [ template_filter ] --END-- [ RunTime:0.001000s ]
INFO: Run Behavior\ParseTemplateBehavior [ RunTime:0.066004s ]
INFO: [ view_parse ] --END-- [ RunTime:0.066004s ]
INFO: [ view_filter ] --START--
INFO: Run Behavior\WriteHtmlCacheBehavior [ RunTime:0.000000s ]
INFO: [ view_filter ] --END-- [ RunTime:0.001000s ]
INFO: [ app_end ] --START--
INFO: Run Behavior\ShowPageTraceBehavior [ RunTime:0.001000s ]
INFO: [ app_end ] --END-- [ RunTime:0.001000s ]

[ 2015-05-17T15:30:11+08:00 ] 127.0.0.1 /wemall/WeiPHP/index.php/WechatInterface?XDEBUG_SESSION_START=netbeans-xdebug
INFO: [ app_init ] --START--
INFO: Run Behavior\BuildLiteBehavior [ RunTime:0.000000s ]
INFO: [ app_init ] --END-- [ RunTime:0.001000s ]
INFO: [ app_begin ] --START--
INFO: Run Behavior\ReadHtmlCacheBehavior [ RunTime:0.001000s ]
INFO: [ app_begin ] --END-- [ RunTime:0.001000s ]
SQL: SHOW COLUMNS FROM `wemall_customer` [ RunTime:0.0290s ]
SQL: SELECT * FROM `wemall_customer` WHERE `openid` = 'oZuoxt8tnEUUf6YPBG-mNPYjoKQA' LIMIT 1   [ RunTime:0.0100s ]
SQL: SHOW COLUMNS FROM `wemall_customer` [ RunTime:0.0100s ]
SQL: SELECT * FROM `wemall_customer` WHERE `openid` = 'oZuoxt8tnEUUf6YPBG-mNPYjoKQA' LIMIT 1   [ RunTime:0.0090s ]
SQL: UPDATE `wemall_customer` SET `openid`='oZuoxt8tnEUUf6YPBG-mNPYjoKQA',`nickname`='潘杰',`sex`='1',`city`='河北',`province`='天津',`country`='中国',`headimgurl`='http://wx.qlogo.cn/mmopen/ajNVdqHZLLBCjgjWGsBRDvsbYzEnsgdZyMUScoWaewa8a66AjN4mRyqoiaPpxGAGxDQ3RqfakMwqfTL44B2u1WQ/0',`subscribe_time`='1431847704',`remark`='' WHERE `openid` = 'oZuoxt8tnEUUf6YPBG-mNPYjoKQA' [ RunTime:0.0090s ]
SQL: SHOW COLUMNS FROM `wemall_reply` [ RunTime:0.0100s ]
SQL: SELECT * FROM `wemall_reply` WHERE `id` = 1 LIMIT 1   [ RunTime:0.0110s ]
SQL: SHOW COLUMNS FROM `wemall_attachment` [ RunTime:0.0100s ]
SQL: SELECT * FROM `wemall_attachment` WHERE `id` = 524 LIMIT 1   [ RunTime:0.0090s ]
SQL: SELECT * FROM `wemall_attachment` WHERE `id` = 524 LIMIT 1   [ RunTime:0.0100s ]
INFO: [ view_parse ] --START--
INFO: [ template_filter ] --START--
INFO: Run Behavior\ContentReplaceBehavior [ RunTime:0.000000s ]
INFO: [ template_filter ] --END-- [ RunTime:0.000000s ]
INFO: Run Behavior\ParseTemplateBehavior [ RunTime:0.010000s ]
INFO: [ view_parse ] --END-- [ RunTime:0.010000s ]
INFO: [ view_filter ] --START--
INFO: Run Behavior\WriteHtmlCacheBehavior [ RunTime:0.000000s ]
INFO: [ view_filter ] --END-- [ RunTime:0.000000s ]
INFO: [ app_end ] --START--
INFO: Run Behavior\ShowPageTraceBehavior [ RunTime:0.000000s ]
INFO: [ app_end ] --END-- [ RunTime:0.000000s ]

