[ 2015-05-17T11:15:19+08:00 ] 127.0.0.1 /wemall/WeiPHP/admin.php
INFO: [ app_init ] --START--
INFO: Run Behavior\BuildLiteBehavior [ RunTime:0.000000s ]
INFO: [ app_init ] --END-- [ RunTime:0.001000s ]
INFO: [ app_begin ] --START--
INFO: Run Behavior\ReadHtmlCacheBehavior [ RunTime:0.001000s ]
INFO: [ app_begin ] --END-- [ RunTime:0.001000s ]
SQL: SHOW COLUMNS FROM `wemall_admin_menu` [ RunTime:0.0160s ]
SQL: SELECT * FROM `wemall_admin_menu` WHERE ( pid = 0 ) ORDER BY sort desc  [ RunTime:0.0160s ]
NOTIC: [8] Undefined variable: menuList D:\xampp\htdocs\wemall\ThinkPHP\Application\Admin\Model\AdminMenuModel.class.php 第 66 行.
NOTIC: [8] Undefined variable: menuList D:\xampp\htdocs\wemall\ThinkPHP\Application\Admin\Model\AdminMenuModel.class.php 第 66 行.
NOTIC: [8] Undefined variable: menuList D:\xampp\htdocs\wemall\ThinkPHP\Application\Admin\Model\AdminMenuModel.class.php 第 66 行.
NOTIC: [8] Undefined variable: menuList D:\xampp\htdocs\wemall\ThinkPHP\Application\Admin\Model\AdminMenuModel.class.php 第 66 行.
NOTIC: [8] Undefined variable: menuList D:\xampp\htdocs\wemall\ThinkPHP\Application\Admin\Model\AdminMenuModel.class.php 第 66 行.
NOTIC: [8] Undefined variable: menuList D:\xampp\htdocs\wemall\ThinkPHP\Application\Admin\Model\AdminMenuModel.class.php 第 66 行.
NOTIC: [8] Undefined variable: menuList D:\xampp\htdocs\wemall\ThinkPHP\Application\Admin\Model\AdminMenuModel.class.php 第 66 行.
NOTIC: [8] Undefined variable: menuList D:\xampp\htdocs\wemall\ThinkPHP\Application\Admin\Model\AdminMenuModel.class.php 第 66 行.
NOTIC: [8] Undefined variable: menuList D:\xampp\htdocs\wemall\ThinkPHP\Application\Admin\Model\AdminMenuModel.class.php 第 66 行.
NOTIC: [8] Undefined variable: menuList D:\xampp\htdocs\wemall\ThinkPHP\Application\Admin\Model\AdminMenuModel.class.php 第 66 行.
NOTIC: [8] Undefined variable: menuList D:\xampp\htdocs\wemall\ThinkPHP\Application\Admin\Model\AdminMenuModel.class.php 第 66 行.
NOTIC: [8] Use of undefined constant url - assumed 'url' D:\xampp\htdocs\wemall\ThinkPHP\Application\Admin\Controller\MenuListController.class.php 第 30 行.
NOTIC: [8] Use of undefined constant url - assumed 'url' D:\xampp\htdocs\wemall\ThinkPHP\Application\Admin\Controller\MenuListController.class.php 第 30 行.
NOTIC: [8] Use of undefined constant url - assumed 'url' D:\xampp\htdocs\wemall\ThinkPHP\Application\Admin\Controller\MenuListController.class.php 第 30 行.
NOTIC: [8] Use of undefined constant url - assumed 'url' D:\xampp\htdocs\wemall\ThinkPHP\Application\Admin\Controller\MenuListController.class.php 第 30 行.
NOTIC: [8] Use of undefined constant url - assumed 'url' D:\xampp\htdocs\wemall\ThinkPHP\Application\Admin\Controller\MenuListController.class.php 第 30 行.
NOTIC: [8] Use of undefined constant url - assumed 'url' D:\xampp\htdocs\wemall\ThinkPHP\Application\Admin\Controller\MenuListController.class.php 第 30 行.
NOTIC: [8] Use of undefined constant url - assumed 'url' D:\xampp\htdocs\wemall\ThinkPHP\Application\Admin\Controller\MenuListController.class.php 第 30 行.
NOTIC: [8] Use of undefined constant url - assumed 'url' D:\xampp\htdocs\wemall\ThinkPHP\Application\Admin\Controller\MenuListController.class.php 第 30 行.
NOTIC: [8] Use of undefined constant url - assumed 'url' D:\xampp\htdocs\wemall\ThinkPHP\Application\Admin\Controller\MenuListController.class.php 第 30 行.
NOTIC: [8] Use of undefined constant url - assumed 'url' D:\xampp\htdocs\wemall\ThinkPHP\Application\Admin\Controller\MenuListController.class.php 第 30 行.
NOTIC: [8] Use of undefined constant url - assumed 'url' D:\xampp\htdocs\wemall\ThinkPHP\Application\Admin\Controller\MenuListController.class.php 第 30 行.
SQL: SHOW COLUMNS FROM `wemall_admin_menu` [ RunTime:0.0160s ]
SQL: SELECT * FROM `wemall_admin_menu` WHERE `module` = 'Admin' AND `controller` = 'Index' AND `action` = 'index' LIMIT 1   [ RunTime:0.0150s ]
SQL: SELECT * FROM `wemall_admin_menu` WHERE `id` = 23 LIMIT 1   [ RunTime:0.0150s ]
NOTIC: [8] Use of undefined constant pid - assumed 'pid' D:\xampp\htdocs\wemall\ThinkPHP\Application\Admin\Model\AdminMenuModel.class.php 第 44 行.
INFO: [ view_parse ] --START--
INFO: [ template_filter ] --START--
INFO: Run Behavior\ContentReplaceBehavior [ RunTime:0.000000s ]
INFO: [ template_filter ] --END-- [ RunTime:0.000000s ]
NOTIC: [8] Undefined index: class D:\xampp\htdocs\wemall\ThinkPHP\Application\Runtime\Cache\Admin\bc62bb2a7402468c1e0e6ba68e4517bd.php 第 2 行.
NOTIC: [8] Undefined index: class D:\xampp\htdocs\wemall\ThinkPHP\Application\Runtime\Cache\Admin\bc62bb2a7402468c1e0e6ba68e4517bd.php 第 2 行.
NOTIC: [8] Undefined index: class D:\xampp\htdocs\wemall\ThinkPHP\Application\Runtime\Cache\Admin\bc62bb2a7402468c1e0e6ba68e4517bd.php 第 2 行.
NOTIC: [8] Undefined index: class D:\xampp\htdocs\wemall\ThinkPHP\Application\Runtime\Cache\Admin\bc62bb2a7402468c1e0e6ba68e4517bd.php 第 2 行.
NOTIC: [8] Undefined index: class D:\xampp\htdocs\wemall\ThinkPHP\Application\Runtime\Cache\Admin\bc62bb2a7402468c1e0e6ba68e4517bd.php 第 2 行.
NOTIC: [8] Undefined index: class D:\xampp\htdocs\wemall\ThinkPHP\Application\Runtime\Cache\Admin\bc62bb2a7402468c1e0e6ba68e4517bd.php 第 2 行.
NOTIC: [8] Undefined index: class D:\xampp\htdocs\wemall\ThinkPHP\Application\Runtime\Cache\Admin\bc62bb2a7402468c1e0e6ba68e4517bd.php 第 2 行.
NOTIC: [8] Undefined index: class D:\xampp\htdocs\wemall\ThinkPHP\Application\Runtime\Cache\Admin\bc62bb2a7402468c1e0e6ba68e4517bd.php 第 2 行.
NOTIC: [8] Undefined index: class D:\xampp\htdocs\wemall\ThinkPHP\Application\Runtime\Cache\Admin\bc62bb2a7402468c1e0e6ba68e4517bd.php 第 2 行.
NOTIC: [8] Undefined index: class D:\xampp\htdocs\wemall\ThinkPHP\Application\Runtime\Cache\Admin\bc62bb2a7402468c1e0e6ba68e4517bd.php 第 2 行.
INFO: Run Behavior\ParseTemplateBehavior [ RunTime:0.017001s ]
INFO: [ view_parse ] --END-- [ RunTime:0.018001s ]
INFO: [ view_filter ] --START--
INFO: Run Behavior\WriteHtmlCacheBehavior [ RunTime:0.000000s ]
INFO: [ view_filter ] --END-- [ RunTime:0.001001s ]
SQL: SELECT * FROM `wemall_admin_menu` WHERE `module` = 'Admin' AND `controller` = 'Index' AND `action` = 'index' LIMIT 1   [ RunTime:0.0150s ]
SQL: SELECT * FROM `wemall_admin_menu` WHERE `id` = 23 LIMIT 1   [ RunTime:0.0150s ]
NOTIC: [8] Use of undefined constant pid - assumed 'pid' D:\xampp\htdocs\wemall\ThinkPHP\Application\Admin\Model\AdminMenuModel.class.php 第 44 行.
SQL: SELECT * FROM `wemall_admin_menu` WHERE ( pid = 23 ) ORDER BY sort desc  [ RunTime:0.0230s ]
SQL: SELECT * FROM `wemall_admin_menu` WHERE `module` = 'Admin' AND `controller` = 'Index' AND `action` = 'index' LIMIT 1   [ RunTime:0.0180s ]

[ 2015-05-17T11:15:20+08:00 ] 127.0.0.1 /wemall/WeiPHP/admin.php/Admin/Login/login.html
INFO: [ app_init ] --START--
INFO: Run Behavior\BuildLiteBehavior [ RunTime:0.000000s ]
INFO: [ app_init ] --END-- [ RunTime:0.001000s ]
INFO: [ app_begin ] --START--
INFO: Run Behavior\ReadHtmlCacheBehavior [ RunTime:0.000000s ]
INFO: [ app_begin ] --END-- [ RunTime:0.001000s ]
SQL: SHOW COLUMNS FROM `wemall_user` [ RunTime:0.0340s ]
NOTIC: [8] Use of undefined constant url - assumed 'url' D:\xampp\htdocs\wemall\ThinkPHP\Application\Admin\Controller\LoginController.class.php 第 17 行.
INFO: [ view_parse ] --START--
INFO: [ template_filter ] --START--
INFO: Run Behavior\ContentReplaceBehavior [ RunTime:0.000000s ]
INFO: [ template_filter ] --END-- [ RunTime:0.000000s ]
NOTIC: [8] Undefined variable: error D:\xampp\htdocs\wemall\ThinkPHP\Application\Runtime\Cache\Admin\b0f30a383c727240b759e63bbbed147b.php 第 15 行.
INFO: Run Behavior\ParseTemplateBehavior [ RunTime:0.037002s ]
INFO: [ view_parse ] --END-- [ RunTime:0.038003s ]
INFO: [ view_filter ] --START--
INFO: Run Behavior\WriteHtmlCacheBehavior [ RunTime:0.001000s ]
INFO: [ view_filter ] --END-- [ RunTime:0.002000s ]
INFO: [ app_end ] --START--
INFO: Run Behavior\ShowPageTraceBehavior [ RunTime:0.002000s ]
INFO: [ app_end ] --END-- [ RunTime:0.002000s ]

[ 2015-05-17T11:15:24+08:00 ] 127.0.0.1 /wemall/WeiPHP/admin.php/Admin/Login/signIn.html
INFO: [ app_init ] --START--
INFO: Run Behavior\BuildLiteBehavior [ RunTime:0.000000s ]
INFO: [ app_init ] --END-- [ RunTime:0.001000s ]
INFO: [ app_begin ] --START--
INFO: Run Behavior\ReadHtmlCacheBehavior [ RunTime:0.000000s ]
INFO: [ app_begin ] --END-- [ RunTime:0.001000s ]
SQL: SHOW COLUMNS FROM `wemall_user` [ RunTime:0.0160s ]
SQL: SELECT `password` FROM `wemall_user` WHERE ( userid='xuao' ) LIMIT 1   [ RunTime:0.0160s ]
NOTIC: [8] Use of undefined constant password - assumed 'password' D:\xampp\htdocs\wemall\ThinkPHP\Application\Admin\Controller\LoginController.class.php 第 25 行.
NOTIC: [8] Use of undefined constant password - assumed 'password' D:\xampp\htdocs\wemall\ThinkPHP\Application\Admin\Controller\LoginController.class.php 第 30 行.

[ 2015-05-17T11:15:24+08:00 ] 127.0.0.1 /wemall/WeiPHP/admin.php/Admin/Index/index.html
INFO: [ app_init ] --START--
INFO: Run Behavior\BuildLiteBehavior [ RunTime:0.000000s ]
INFO: [ app_init ] --END-- [ RunTime:0.001000s ]
INFO: [ app_begin ] --START--
INFO: Run Behavior\ReadHtmlCacheBehavior [ RunTime:0.001000s ]
INFO: [ app_begin ] --END-- [ RunTime:0.001000s ]
SQL: SHOW COLUMNS FROM `wemall_admin_menu` [ RunTime:0.0160s ]
SQL: SELECT * FROM `wemall_admin_menu` WHERE ( pid = 0 ) ORDER BY sort desc  [ RunTime:0.0160s ]
NOTIC: [8] Undefined variable: menuList D:\xampp\htdocs\wemall\ThinkPHP\Application\Admin\Model\AdminMenuModel.class.php 第 66 行.
NOTIC: [8] Undefined variable: menuList D:\xampp\htdocs\wemall\ThinkPHP\Application\Admin\Model\AdminMenuModel.class.php 第 66 行.
NOTIC: [8] Undefined variable: menuList D:\xampp\htdocs\wemall\ThinkPHP\Application\Admin\Model\AdminMenuModel.class.php 第 66 行.
NOTIC: [8] Undefined variable: menuList D:\xampp\htdocs\wemall\ThinkPHP\Application\Admin\Model\AdminMenuModel.class.php 第 66 行.
NOTIC: [8] Undefined variable: menuList D:\xampp\htdocs\wemall\ThinkPHP\Application\Admin\Model\AdminMenuModel.class.php 第 66 行.
NOTIC: [8] Undefined variable: menuList D:\xampp\htdocs\wemall\ThinkPHP\Application\Admin\Model\AdminMenuModel.class.php 第 66 行.
NOTIC: [8] Undefined variable: menuList D:\xampp\htdocs\wemall\ThinkPHP\Application\Admin\Model\AdminMenuModel.class.php 第 66 行.
NOTIC: [8] Undefined variable: menuList D:\xampp\htdocs\wemall\ThinkPHP\Application\Admin\Model\AdminMenuModel.class.php 第 66 行.
NOTIC: [8] Undefined variable: menuList D:\xampp\htdocs\wemall\ThinkPHP\Application\Admin\Model\AdminMenuModel.class.php 第 66 行.
NOTIC: [8] Undefined variable: menuList D:\xampp\htdocs\wemall\ThinkPHP\Application\Admin\Model\AdminMenuModel.class.php 第 66 行.
NOTIC: [8] Undefined variable: menuList D:\xampp\htdocs\wemall\ThinkPHP\Application\Admin\Model\AdminMenuModel.class.php 第 66 行.
NOTIC: [8] Use of undefined constant url - assumed 'url' D:\xampp\htdocs\wemall\ThinkPHP\Application\Admin\Controller\MenuListController.class.php 第 30 行.
NOTIC: [8] Use of undefined constant url - assumed 'url' D:\xampp\htdocs\wemall\ThinkPHP\Application\Admin\Controller\MenuListController.class.php 第 30 行.
NOTIC: [8] Use of undefined constant url - assumed 'url' D:\xampp\htdocs\wemall\ThinkPHP\Application\Admin\Controller\MenuListController.class.php 第 30 行.
NOTIC: [8] Use of undefined constant url - assumed 'url' D:\xampp\htdocs\wemall\ThinkPHP\Application\Admin\Controller\MenuListController.class.php 第 30 行.
NOTIC: [8] Use of undefined constant url - assumed 'url' D:\xampp\htdocs\wemall\ThinkPHP\Application\Admin\Controller\MenuListController.class.php 第 30 行.
NOTIC: [8] Use of undefined constant url - assumed 'url' D:\xampp\htdocs\wemall\ThinkPHP\Application\Admin\Controller\MenuListController.class.php 第 30 行.
NOTIC: [8] Use of undefined constant url - assumed 'url' D:\xampp\htdocs\wemall\ThinkPHP\Application\Admin\Controller\MenuListController.class.php 第 30 行.
NOTIC: [8] Use of undefined constant url - assumed 'url' D:\xampp\htdocs\wemall\ThinkPHP\Application\Admin\Controller\MenuListController.class.php 第 30 行.
NOTIC: [8] Use of undefined constant url - assumed 'url' D:\xampp\htdocs\wemall\ThinkPHP\Application\Admin\Controller\MenuListController.class.php 第 30 行.
NOTIC: [8] Use of undefined constant url - assumed 'url' D:\xampp\htdocs\wemall\ThinkPHP\Application\Admin\Controller\MenuListController.class.php 第 30 行.
NOTIC: [8] Use of undefined constant url - assumed 'url' D:\xampp\htdocs\wemall\ThinkPHP\Application\Admin\Controller\MenuListController.class.php 第 30 行.
SQL: SHOW COLUMNS FROM `wemall_admin_menu` [ RunTime:0.0150s ]
SQL: SELECT * FROM `wemall_admin_menu` WHERE `module` = 'Admin' AND `controller` = 'Index' AND `action` = 'index' LIMIT 1   [ RunTime:0.0150s ]
SQL: SELECT * FROM `wemall_admin_menu` WHERE `id` = 23 LIMIT 1   [ RunTime:0.0170s ]
NOTIC: [8] Use of undefined constant pid - assumed 'pid' D:\xampp\htdocs\wemall\ThinkPHP\Application\Admin\Model\AdminMenuModel.class.php 第 44 行.
INFO: [ view_parse ] --START--
INFO: [ template_filter ] --START--
INFO: Run Behavior\ContentReplaceBehavior [ RunTime:0.000000s ]
INFO: [ template_filter ] --END-- [ RunTime:0.000000s ]
NOTIC: [8] Undefined index: class D:\xampp\htdocs\wemall\ThinkPHP\Application\Runtime\Cache\Admin\bc62bb2a7402468c1e0e6ba68e4517bd.php 第 2 行.
NOTIC: [8] Undefined index: class D:\xampp\htdocs\wemall\ThinkPHP\Application\Runtime\Cache\Admin\bc62bb2a7402468c1e0e6ba68e4517bd.php 第 2 行.
NOTIC: [8] Undefined index: class D:\xampp\htdocs\wemall\ThinkPHP\Application\Runtime\Cache\Admin\bc62bb2a7402468c1e0e6ba68e4517bd.php 第 2 行.
NOTIC: [8] Undefined index: class D:\xampp\htdocs\wemall\ThinkPHP\Application\Runtime\Cache\Admin\bc62bb2a7402468c1e0e6ba68e4517bd.php 第 2 行.
NOTIC: [8] Undefined index: class D:\xampp\htdocs\wemall\ThinkPHP\Application\Runtime\Cache\Admin\bc62bb2a7402468c1e0e6ba68e4517bd.php 第 2 行.
NOTIC: [8] Undefined index: class D:\xampp\htdocs\wemall\ThinkPHP\Application\Runtime\Cache\Admin\bc62bb2a7402468c1e0e6ba68e4517bd.php 第 2 行.
NOTIC: [8] Undefined index: class D:\xampp\htdocs\wemall\ThinkPHP\Application\Runtime\Cache\Admin\bc62bb2a7402468c1e0e6ba68e4517bd.php 第 2 行.
NOTIC: [8] Undefined index: class D:\xampp\htdocs\wemall\ThinkPHP\Application\Runtime\Cache\Admin\bc62bb2a7402468c1e0e6ba68e4517bd.php 第 2 行.
NOTIC: [8] Undefined index: class D:\xampp\htdocs\wemall\ThinkPHP\Application\Runtime\Cache\Admin\bc62bb2a7402468c1e0e6ba68e4517bd.php 第 2 行.
NOTIC: [8] Undefined index: class D:\xampp\htdocs\wemall\ThinkPHP\Application\Runtime\Cache\Admin\bc62bb2a7402468c1e0e6ba68e4517bd.php 第 2 行.
INFO: Run Behavior\ParseTemplateBehavior [ RunTime:0.020002s ]
INFO: [ view_parse ] --END-- [ RunTime:0.021002s ]
INFO: [ view_filter ] --START--
INFO: Run Behavior\WriteHtmlCacheBehavior [ RunTime:0.001000s ]
INFO: [ view_filter ] --END-- [ RunTime:0.001000s ]
SQL: SELECT * FROM `wemall_admin_menu` WHERE `module` = 'Admin' AND `controller` = 'Index' AND `action` = 'index' LIMIT 1   [ RunTime:0.0150s ]
SQL: SELECT * FROM `wemall_admin_menu` WHERE `id` = 23 LIMIT 1   [ RunTime:0.0150s ]
NOTIC: [8] Use of undefined constant pid - assumed 'pid' D:\xampp\htdocs\wemall\ThinkPHP\Application\Admin\Model\AdminMenuModel.class.php 第 44 行.
SQL: SELECT * FROM `wemall_admin_menu` WHERE ( pid = 23 ) ORDER BY sort desc  [ RunTime:0.0140s ]
SQL: SELECT * FROM `wemall_admin_menu` WHERE `module` = 'Admin' AND `controller` = 'Index' AND `action` = 'index' LIMIT 1   [ RunTime:0.0160s ]
NOTIC: [8] Use of undefined constant logout - assumed 'logout' D:\xampp\htdocs\wemall\ThinkPHP\Application\Admin\Controller\IndexController.class.php 第 13 行.
INFO: [ view_parse ] --START--
INFO: [ template_filter ] --START--
INFO: Run Behavior\ContentReplaceBehavior [ RunTime:0.001000s ]
INFO: [ template_filter ] --END-- [ RunTime:-0.080005s ]
INFO: Run Behavior\ParseTemplateBehavior [ RunTime:0.003000s ]
INFO: [ view_parse ] --END-- [ RunTime:-0.073004s ]
INFO: [ view_filter ] --START--
INFO: Run Behavior\WriteHtmlCacheBehavior [ RunTime:0.000000s ]
INFO: [ view_filter ] --END-- [ RunTime:-0.076004s ]
INFO: [ view_parse ] --START--
INFO: [ template_filter ] --START--
INFO: Run Behavior\ContentReplaceBehavior [ RunTime:0.000000s ]
INFO: [ template_filter ] --END-- [ RunTime:-0.162010s ]
NOTIC: [8] Undefined variable: YZFooterJs D:\xampp\htdocs\wemall\ThinkPHP\Application\Runtime\Cache\Admin\bbbf7050b05668fa13be77e37d2e0d3d.php 第 40 行.
INFO: Run Behavior\ParseTemplateBehavior [ RunTime:0.084005s ]
INFO: [ view_parse ] --END-- [ RunTime:-0.078004s ]
INFO: [ view_filter ] --START--
INFO: Run Behavior\WriteHtmlCacheBehavior [ RunTime:0.000000s ]
INFO: [ view_filter ] --END-- [ RunTime:-0.161009s ]
INFO: [ app_end ] --START--
INFO: Run Behavior\ShowPageTraceBehavior [ RunTime:0.001000s ]
INFO: [ app_end ] --END-- [ RunTime:0.001000s ]

[ 2015-05-17T11:22:17+08:00 ] 127.0.0.1 /wemall/WeiPHP/admin.php
INFO: [ app_init ] --START--
INFO: Run Behavior\BuildLiteBehavior [ RunTime:0.001000s ]
INFO: [ app_init ] --END-- [ RunTime:0.001000s ]
INFO: [ app_begin ] --START--
INFO: Run Behavior\ReadHtmlCacheBehavior [ RunTime:0.001000s ]
INFO: [ app_begin ] --END-- [ RunTime:0.002001s ]
SQL: SHOW COLUMNS FROM `wemall_admin_menu` [ RunTime:0.0150s ]
SQL: SELECT * FROM `wemall_admin_menu` WHERE ( pid = 0 ) ORDER BY sort desc  [ RunTime:0.0140s ]
NOTIC: [8] Undefined variable: menuList D:\xampp\htdocs\wemall\ThinkPHP\Application\Admin\Model\AdminMenuModel.class.php 第 66 行.
NOTIC: [8] Undefined variable: menuList D:\xampp\htdocs\wemall\ThinkPHP\Application\Admin\Model\AdminMenuModel.class.php 第 66 行.
NOTIC: [8] Undefined variable: menuList D:\xampp\htdocs\wemall\ThinkPHP\Application\Admin\Model\AdminMenuModel.class.php 第 66 行.
NOTIC: [8] Undefined variable: menuList D:\xampp\htdocs\wemall\ThinkPHP\Application\Admin\Model\AdminMenuModel.class.php 第 66 行.
NOTIC: [8] Undefined variable: menuList D:\xampp\htdocs\wemall\ThinkPHP\Application\Admin\Model\AdminMenuModel.class.php 第 66 行.
NOTIC: [8] Undefined variable: menuList D:\xampp\htdocs\wemall\ThinkPHP\Application\Admin\Model\AdminMenuModel.class.php 第 66 行.
NOTIC: [8] Undefined variable: menuList D:\xampp\htdocs\wemall\ThinkPHP\Application\Admin\Model\AdminMenuModel.class.php 第 66 行.
NOTIC: [8] Undefined variable: menuList D:\xampp\htdocs\wemall\ThinkPHP\Application\Admin\Model\AdminMenuModel.class.php 第 66 行.
NOTIC: [8] Undefined variable: menuList D:\xampp\htdocs\wemall\ThinkPHP\Application\Admin\Model\AdminMenuModel.class.php 第 66 行.
NOTIC: [8] Undefined variable: menuList D:\xampp\htdocs\wemall\ThinkPHP\Application\Admin\Model\AdminMenuModel.class.php 第 66 行.
NOTIC: [8] Undefined variable: menuList D:\xampp\htdocs\wemall\ThinkPHP\Application\Admin\Model\AdminMenuModel.class.php 第 66 行.
NOTIC: [8] Use of undefined constant url - assumed 'url' D:\xampp\htdocs\wemall\ThinkPHP\Application\Admin\Controller\MenuListController.class.php 第 30 行.
NOTIC: [8] Use of undefined constant url - assumed 'url' D:\xampp\htdocs\wemall\ThinkPHP\Application\Admin\Controller\MenuListController.class.php 第 30 行.
NOTIC: [8] Use of undefined constant url - assumed 'url' D:\xampp\htdocs\wemall\ThinkPHP\Application\Admin\Controller\MenuListController.class.php 第 30 行.
NOTIC: [8] Use of undefined constant url - assumed 'url' D:\xampp\htdocs\wemall\ThinkPHP\Application\Admin\Controller\MenuListController.class.php 第 30 行.
NOTIC: [8] Use of undefined constant url - assumed 'url' D:\xampp\htdocs\wemall\ThinkPHP\Application\Admin\Controller\MenuListController.class.php 第 30 行.
NOTIC: [8] Use of undefined constant url - assumed 'url' D:\xampp\htdocs\wemall\ThinkPHP\Application\Admin\Controller\MenuListController.class.php 第 30 行.
NOTIC: [8] Use of undefined constant url - assumed 'url' D:\xampp\htdocs\wemall\ThinkPHP\Application\Admin\Controller\MenuListController.class.php 第 30 行.
NOTIC: [8] Use of undefined constant url - assumed 'url' D:\xampp\htdocs\wemall\ThinkPHP\Application\Admin\Controller\MenuListController.class.php 第 30 行.
NOTIC: [8] Use of undefined constant url - assumed 'url' D:\xampp\htdocs\wemall\ThinkPHP\Application\Admin\Controller\MenuListController.class.php 第 30 行.
NOTIC: [8] Use of undefined constant url - assumed 'url' D:\xampp\htdocs\wemall\ThinkPHP\Application\Admin\Controller\MenuListController.class.php 第 30 行.
NOTIC: [8] Use of undefined constant url - assumed 'url' D:\xampp\htdocs\wemall\ThinkPHP\Application\Admin\Controller\MenuListController.class.php 第 30 行.
SQL: SHOW COLUMNS FROM `wemall_admin_menu` [ RunTime:0.0140s ]
SQL: SELECT * FROM `wemall_admin_menu` WHERE `module` = 'Admin' AND `controller` = 'Index' AND `action` = 'index' LIMIT 1   [ RunTime:0.0620s ]
SQL: SELECT * FROM `wemall_admin_menu` WHERE `id` = 23 LIMIT 1   [ RunTime:0.0150s ]
NOTIC: [8] Use of undefined constant pid - assumed 'pid' D:\xampp\htdocs\wemall\ThinkPHP\Application\Admin\Model\AdminMenuModel.class.php 第 44 行.
INFO: [ view_parse ] --START--
INFO: [ template_filter ] --START--
INFO: Run Behavior\ContentReplaceBehavior [ RunTime:0.000000s ]
INFO: [ template_filter ] --END-- [ RunTime:0.001000s ]
NOTIC: [8] Undefined index: class D:\xampp\htdocs\wemall\ThinkPHP\Application\Runtime\Cache\Admin\bc62bb2a7402468c1e0e6ba68e4517bd.php 第 2 行.
NOTIC: [8] Undefined index: class D:\xampp\htdocs\wemall\ThinkPHP\Application\Runtime\Cache\Admin\bc62bb2a7402468c1e0e6ba68e4517bd.php 第 2 行.
NOTIC: [8] Undefined index: class D:\xampp\htdocs\wemall\ThinkPHP\Application\Runtime\Cache\Admin\bc62bb2a7402468c1e0e6ba68e4517bd.php 第 2 行.
NOTIC: [8] Undefined index: class D:\xampp\htdocs\wemall\ThinkPHP\Application\Runtime\Cache\Admin\bc62bb2a7402468c1e0e6ba68e4517bd.php 第 2 行.
NOTIC: [8] Undefined index: class D:\xampp\htdocs\wemall\ThinkPHP\Application\Runtime\Cache\Admin\bc62bb2a7402468c1e0e6ba68e4517bd.php 第 2 行.
NOTIC: [8] Undefined index: class D:\xampp\htdocs\wemall\ThinkPHP\Application\Runtime\Cache\Admin\bc62bb2a7402468c1e0e6ba68e4517bd.php 第 2 行.
NOTIC: [8] Undefined index: class D:\xampp\htdocs\wemall\ThinkPHP\Application\Runtime\Cache\Admin\bc62bb2a7402468c1e0e6ba68e4517bd.php 第 2 行.
NOTIC: [8] Undefined index: class D:\xampp\htdocs\wemall\ThinkPHP\Application\Runtime\Cache\Admin\bc62bb2a7402468c1e0e6ba68e4517bd.php 第 2 行.
NOTIC: [8] Undefined index: class D:\xampp\htdocs\wemall\ThinkPHP\Application\Runtime\Cache\Admin\bc62bb2a7402468c1e0e6ba68e4517bd.php 第 2 行.
NOTIC: [8] Undefined index: class D:\xampp\htdocs\wemall\ThinkPHP\Application\Runtime\Cache\Admin\bc62bb2a7402468c1e0e6ba68e4517bd.php 第 2 行.
INFO: Run Behavior\ParseTemplateBehavior [ RunTime:0.034002s ]
INFO: [ view_parse ] --END-- [ RunTime:0.034002s ]
INFO: [ view_filter ] --START--
INFO: Run Behavior\WriteHtmlCacheBehavior [ RunTime:0.001000s ]
INFO: [ view_filter ] --END-- [ RunTime:0.001000s ]
SQL: SELECT * FROM `wemall_admin_menu` WHERE `module` = 'Admin' AND `controller` = 'Index' AND `action` = 'index' LIMIT 1   [ RunTime:0.0140s ]
SQL: SELECT * FROM `wemall_admin_menu` WHERE `id` = 23 LIMIT 1   [ RunTime:0.0130s ]
NOTIC: [8] Use of undefined constant pid - assumed 'pid' D:\xampp\htdocs\wemall\ThinkPHP\Application\Admin\Model\AdminMenuModel.class.php 第 44 行.
SQL: SELECT * FROM `wemall_admin_menu` WHERE ( pid = 23 ) ORDER BY sort desc  [ RunTime:0.0150s ]
SQL: SELECT * FROM `wemall_admin_menu` WHERE `module` = 'Admin' AND `controller` = 'Index' AND `action` = 'index' LIMIT 1   [ RunTime:0.0130s ]
NOTIC: [8] Use of undefined constant logout - assumed 'logout' D:\xampp\htdocs\wemall\ThinkPHP\Application\Admin\Controller\IndexController.class.php 第 13 行.
INFO: [ view_parse ] --START--
INFO: [ template_filter ] --START--
INFO: Run Behavior\ContentReplaceBehavior [ RunTime:0.000000s ]
INFO: [ template_filter ] --END-- [ RunTime:-0.075004s ]
INFO: Run Behavior\ParseTemplateBehavior [ RunTime:0.005000s ]
INFO: [ view_parse ] --END-- [ RunTime:-0.068004s ]
INFO: [ view_filter ] --START--
INFO: Run Behavior\WriteHtmlCacheBehavior [ RunTime:0.000000s ]
INFO: [ view_filter ] --END-- [ RunTime:-0.072004s ]
INFO: [ view_parse ] --START--
INFO: [ template_filter ] --START--
INFO: Run Behavior\ContentReplaceBehavior [ RunTime:0.000000s ]
INFO: [ template_filter ] --END-- [ RunTime:-0.088005s ]
NOTIC: [8] Undefined variable: YZFooterJs D:\xampp\htdocs\wemall\ThinkPHP\Application\Runtime\Cache\Admin\bbbf7050b05668fa13be77e37d2e0d3d.php 第 40 行.
INFO: Run Behavior\ParseTemplateBehavior [ RunTime:0.012000s ]
INFO: [ view_parse ] --END-- [ RunTime:-0.074004s ]
INFO: [ view_filter ] --START--
INFO: Run Behavior\WriteHtmlCacheBehavior [ RunTime:0.000000s ]
INFO: [ view_filter ] --END-- [ RunTime:-0.086005s ]
INFO: [ app_end ] --START--
INFO: Run Behavior\ShowPageTraceBehavior [ RunTime:0.001000s ]
INFO: [ app_end ] --END-- [ RunTime:0.001000s ]

[ 2015-05-17T11:55:38+08:00 ] 127.0.0.1 /wemall/WeiPHP/admin.php
INFO: [ app_init ] --START--
INFO: Run Behavior\BuildLiteBehavior [ RunTime:0.000000s ]
INFO: [ app_init ] --END-- [ RunTime:0.015600s ]
INFO: [ app_begin ] --START--
INFO: Run Behavior\ReadHtmlCacheBehavior [ RunTime:0.000000s ]
INFO: [ app_begin ] --END-- [ RunTime:0.015600s ]
SQL: SHOW COLUMNS FROM `wemall_admin_menu` [ RunTime:0.0780s ]
SQL: SELECT * FROM `wemall_admin_menu` WHERE ( pid = 0 ) ORDER BY sort desc  [ RunTime:0.0780s ]
NOTIC: [8] Undefined variable: menuList D:\xampp\htdocs\wemall\ThinkPHP\Application\Admin\Model\AdminMenuModel.class.php 第 66 行.
NOTIC: [8] Undefined variable: menuList D:\xampp\htdocs\wemall\ThinkPHP\Application\Admin\Model\AdminMenuModel.class.php 第 66 行.
NOTIC: [8] Undefined variable: menuList D:\xampp\htdocs\wemall\ThinkPHP\Application\Admin\Model\AdminMenuModel.class.php 第 66 行.
NOTIC: [8] Undefined variable: menuList D:\xampp\htdocs\wemall\ThinkPHP\Application\Admin\Model\AdminMenuModel.class.php 第 66 行.
NOTIC: [8] Undefined variable: menuList D:\xampp\htdocs\wemall\ThinkPHP\Application\Admin\Model\AdminMenuModel.class.php 第 66 行.
NOTIC: [8] Undefined variable: menuList D:\xampp\htdocs\wemall\ThinkPHP\Application\Admin\Model\AdminMenuModel.class.php 第 66 行.
NOTIC: [8] Undefined variable: menuList D:\xampp\htdocs\wemall\ThinkPHP\Application\Admin\Model\AdminMenuModel.class.php 第 66 行.
NOTIC: [8] Undefined variable: menuList D:\xampp\htdocs\wemall\ThinkPHP\Application\Admin\Model\AdminMenuModel.class.php 第 66 行.
NOTIC: [8] Undefined variable: menuList D:\xampp\htdocs\wemall\ThinkPHP\Application\Admin\Model\AdminMenuModel.class.php 第 66 行.
NOTIC: [8] Undefined variable: menuList D:\xampp\htdocs\wemall\ThinkPHP\Application\Admin\Model\AdminMenuModel.class.php 第 66 行.
NOTIC: [8] Undefined variable: menuList D:\xampp\htdocs\wemall\ThinkPHP\Application\Admin\Model\AdminMenuModel.class.php 第 66 行.
NOTIC: [8] Use of undefined constant url - assumed 'url' D:\xampp\htdocs\wemall\ThinkPHP\Application\Admin\Controller\MenuListController.class.php 第 30 行.
NOTIC: [8] Use of undefined constant url - assumed 'url' D:\xampp\htdocs\wemall\ThinkPHP\Application\Admin\Controller\MenuListController.class.php 第 30 行.
NOTIC: [8] Use of undefined constant url - assumed 'url' D:\xampp\htdocs\wemall\ThinkPHP\Application\Admin\Controller\MenuListController.class.php 第 30 行.
NOTIC: [8] Use of undefined constant url - assumed 'url' D:\xampp\htdocs\wemall\ThinkPHP\Application\Admin\Controller\MenuListController.class.php 第 30 行.
NOTIC: [8] Use of undefined constant url - assumed 'url' D:\xampp\htdocs\wemall\ThinkPHP\Application\Admin\Controller\MenuListController.class.php 第 30 行.
NOTIC: [8] Use of undefined constant url - assumed 'url' D:\xampp\htdocs\wemall\ThinkPHP\Application\Admin\Controller\MenuListController.class.php 第 30 行.
NOTIC: [8] Use of undefined constant url - assumed 'url' D:\xampp\htdocs\wemall\ThinkPHP\Application\Admin\Controller\MenuListController.class.php 第 30 行.
NOTIC: [8] Use of undefined constant url - assumed 'url' D:\xampp\htdocs\wemall\ThinkPHP\Application\Admin\Controller\MenuListController.class.php 第 30 行.
NOTIC: [8] Use of undefined constant url - assumed 'url' D:\xampp\htdocs\wemall\ThinkPHP\Application\Admin\Controller\MenuListController.class.php 第 30 行.
NOTIC: [8] Use of undefined constant url - assumed 'url' D:\xampp\htdocs\wemall\ThinkPHP\Application\Admin\Controller\MenuListController.class.php 第 30 行.
NOTIC: [8] Use of undefined constant url - assumed 'url' D:\xampp\htdocs\wemall\ThinkPHP\Application\Admin\Controller\MenuListController.class.php 第 30 行.
SQL: SHOW COLUMNS FROM `wemall_admin_menu` [ RunTime:0.0468s ]
SQL: SELECT * FROM `wemall_admin_menu` WHERE `module` = 'Admin' AND `controller` = 'Index' AND `action` = 'index' LIMIT 1   [ RunTime:0.0780s ]
SQL: SELECT * FROM `wemall_admin_menu` WHERE `id` = 23 LIMIT 1   [ RunTime:0.0624s ]
NOTIC: [8] Use of undefined constant pid - assumed 'pid' D:\xampp\htdocs\wemall\ThinkPHP\Application\Admin\Model\AdminMenuModel.class.php 第 44 行.
INFO: [ view_parse ] --START--
INFO: [ template_filter ] --START--
INFO: Run Behavior\ContentReplaceBehavior [ RunTime:0.000000s ]
INFO: [ template_filter ] --END-- [ RunTime:0.000000s ]
NOTIC: [8] Undefined index: class D:\xampp\htdocs\wemall\ThinkPHP\Application\Runtime\Cache\Admin\bc62bb2a7402468c1e0e6ba68e4517bd.php 第 2 行.
NOTIC: [8] Undefined index: class D:\xampp\htdocs\wemall\ThinkPHP\Application\Runtime\Cache\Admin\bc62bb2a7402468c1e0e6ba68e4517bd.php 第 2 行.
NOTIC: [8] Undefined index: class D:\xampp\htdocs\wemall\ThinkPHP\Application\Runtime\Cache\Admin\bc62bb2a7402468c1e0e6ba68e4517bd.php 第 2 行.
NOTIC: [8] Undefined index: class D:\xampp\htdocs\wemall\ThinkPHP\Application\Runtime\Cache\Admin\bc62bb2a7402468c1e0e6ba68e4517bd.php 第 2 行.
NOTIC: [8] Undefined index: class D:\xampp\htdocs\wemall\ThinkPHP\Application\Runtime\Cache\Admin\bc62bb2a7402468c1e0e6ba68e4517bd.php 第 2 行.
NOTIC: [8] Undefined index: class D:\xampp\htdocs\wemall\ThinkPHP\Application\Runtime\Cache\Admin\bc62bb2a7402468c1e0e6ba68e4517bd.php 第 2 行.
NOTIC: [8] Undefined index: class D:\xampp\htdocs\wemall\ThinkPHP\Application\Runtime\Cache\Admin\bc62bb2a7402468c1e0e6ba68e4517bd.php 第 2 行.
NOTIC: [8] Undefined index: class D:\xampp\htdocs\wemall\ThinkPHP\Application\Runtime\Cache\Admin\bc62bb2a7402468c1e0e6ba68e4517bd.php 第 2 行.
NOTIC: [8] Undefined index: class D:\xampp\htdocs\wemall\ThinkPHP\Application\Runtime\Cache\Admin\bc62bb2a7402468c1e0e6ba68e4517bd.php 第 2 行.
NOTIC: [8] Undefined index: class D:\xampp\htdocs\wemall\ThinkPHP\Application\Runtime\Cache\Admin\bc62bb2a7402468c1e0e6ba68e4517bd.php 第 2 行.
INFO: Run Behavior\ParseTemplateBehavior [ RunTime:0.140400s ]
INFO: [ view_parse ] --END-- [ RunTime:0.140400s ]
INFO: [ view_filter ] --START--
INFO: Run Behavior\WriteHtmlCacheBehavior [ RunTime:0.000000s ]
INFO: [ view_filter ] --END-- [ RunTime:0.000000s ]
SQL: SELECT * FROM `wemall_admin_menu` WHERE `module` = 'Admin' AND `controller` = 'Index' AND `action` = 'index' LIMIT 1   [ RunTime:0.0780s ]
SQL: SELECT * FROM `wemall_admin_menu` WHERE `id` = 23 LIMIT 1   [ RunTime:0.0624s ]
NOTIC: [8] Use of undefined constant pid - assumed 'pid' D:\xampp\htdocs\wemall\ThinkPHP\Application\Admin\Model\AdminMenuModel.class.php 第 44 行.
SQL: SELECT * FROM `wemall_admin_menu` WHERE ( pid = 23 ) ORDER BY sort desc  [ RunTime:0.0468s ]
SQL: SELECT * FROM `wemall_admin_menu` WHERE `module` = 'Admin' AND `controller` = 'Index' AND `action` = 'index' LIMIT 1   [ RunTime:0.0624s ]

[ 2015-05-17T11:55:39+08:00 ] 127.0.0.1 /wemall/WeiPHP/admin.php/Admin/Login/login.html
INFO: [ app_init ] --START--
INFO: Run Behavior\BuildLiteBehavior [ RunTime:0.000000s ]
INFO: [ app_init ] --END-- [ RunTime:0.000000s ]
INFO: [ app_begin ] --START--
INFO: Run Behavior\ReadHtmlCacheBehavior [ RunTime:0.015600s ]
INFO: [ app_begin ] --END-- [ RunTime:0.015600s ]
SQL: SHOW COLUMNS FROM `wemall_user` [ RunTime:0.0468s ]
NOTIC: [8] Use of undefined constant url - assumed 'url' D:\xampp\htdocs\wemall\ThinkPHP\Application\Admin\Controller\LoginController.class.php 第 17 行.
INFO: [ view_parse ] --START--
INFO: [ template_filter ] --START--
INFO: Run Behavior\ContentReplaceBehavior [ RunTime:0.000000s ]
INFO: [ template_filter ] --END-- [ RunTime:0.000000s ]
NOTIC: [8] Undefined variable: error D:\xampp\htdocs\wemall\ThinkPHP\Application\Runtime\Cache\Admin\b0f30a383c727240b759e63bbbed147b.php 第 15 行.
INFO: Run Behavior\ParseTemplateBehavior [ RunTime:0.015600s ]
INFO: [ view_parse ] --END-- [ RunTime:0.015600s ]
INFO: [ view_filter ] --START--
INFO: Run Behavior\WriteHtmlCacheBehavior [ RunTime:0.000000s ]
INFO: [ view_filter ] --END-- [ RunTime:0.000000s ]
INFO: [ app_end ] --START--
INFO: Run Behavior\ShowPageTraceBehavior [ RunTime:0.062400s ]
INFO: [ app_end ] --END-- [ RunTime:0.062400s ]

[ 2015-05-17T14:02:22+08:00 ] 127.0.0.1 /wemall/WeiPHP/admin.php
INFO: [ app_init ] --START--
INFO: Run Behavior\BuildLiteBehavior [ RunTime:0.000000s ]
INFO: [ app_init ] --END-- [ RunTime:0.001000s ]
INFO: [ app_begin ] --START--
INFO: Run Behavior\ReadHtmlCacheBehavior [ RunTime:0.001000s ]
INFO: [ app_begin ] --END-- [ RunTime:0.001000s ]
SQL: SHOW COLUMNS FROM `wemall_admin_menu` [ RunTime:0.0280s ]
SQL: SELECT * FROM `wemall_admin_menu` WHERE ( pid = 0 ) ORDER BY sort desc  [ RunTime:0.0070s ]
NOTIC: [8] Undefined variable: menuList D:\xampp\htdocs\wemall\ThinkPHP\Application\Admin\Model\AdminMenuModel.class.php 第 66 行.
NOTIC: [8] Undefined variable: menuList D:\xampp\htdocs\wemall\ThinkPHP\Application\Admin\Model\AdminMenuModel.class.php 第 66 行.
NOTIC: [8] Undefined variable: menuList D:\xampp\htdocs\wemall\ThinkPHP\Application\Admin\Model\AdminMenuModel.class.php 第 66 行.
NOTIC: [8] Undefined variable: menuList D:\xampp\htdocs\wemall\ThinkPHP\Application\Admin\Model\AdminMenuModel.class.php 第 66 行.
NOTIC: [8] Undefined variable: menuList D:\xampp\htdocs\wemall\ThinkPHP\Application\Admin\Model\AdminMenuModel.class.php 第 66 行.
NOTIC: [8] Undefined variable: menuList D:\xampp\htdocs\wemall\ThinkPHP\Application\Admin\Model\AdminMenuModel.class.php 第 66 行.
NOTIC: [8] Undefined variable: menuList D:\xampp\htdocs\wemall\ThinkPHP\Application\Admin\Model\AdminMenuModel.class.php 第 66 行.
NOTIC: [8] Undefined variable: menuList D:\xampp\htdocs\wemall\ThinkPHP\Application\Admin\Model\AdminMenuModel.class.php 第 66 行.
NOTIC: [8] Undefined variable: menuList D:\xampp\htdocs\wemall\ThinkPHP\Application\Admin\Model\AdminMenuModel.class.php 第 66 行.
NOTIC: [8] Undefined variable: menuList D:\xampp\htdocs\wemall\ThinkPHP\Application\Admin\Model\AdminMenuModel.class.php 第 66 行.
NOTIC: [8] Undefined variable: menuList D:\xampp\htdocs\wemall\ThinkPHP\Application\Admin\Model\AdminMenuModel.class.php 第 66 行.
NOTIC: [8] Use of undefined constant url - assumed 'url' D:\xampp\htdocs\wemall\ThinkPHP\Application\Admin\Controller\MenuListController.class.php 第 30 行.
NOTIC: [8] Use of undefined constant url - assumed 'url' D:\xampp\htdocs\wemall\ThinkPHP\Application\Admin\Controller\MenuListController.class.php 第 30 行.
NOTIC: [8] Use of undefined constant url - assumed 'url' D:\xampp\htdocs\wemall\ThinkPHP\Application\Admin\Controller\MenuListController.class.php 第 30 行.
NOTIC: [8] Use of undefined constant url - assumed 'url' D:\xampp\htdocs\wemall\ThinkPHP\Application\Admin\Controller\MenuListController.class.php 第 30 行.
NOTIC: [8] Use of undefined constant url - assumed 'url' D:\xampp\htdocs\wemall\ThinkPHP\Application\Admin\Controller\MenuListController.class.php 第 30 行.
NOTIC: [8] Use of undefined constant url - assumed 'url' D:\xampp\htdocs\wemall\ThinkPHP\Application\Admin\Controller\MenuListController.class.php 第 30 行.
NOTIC: [8] Use of undefined constant url - assumed 'url' D:\xampp\htdocs\wemall\ThinkPHP\Application\Admin\Controller\MenuListController.class.php 第 30 行.
NOTIC: [8] Use of undefined constant url - assumed 'url' D:\xampp\htdocs\wemall\ThinkPHP\Application\Admin\Controller\MenuListController.class.php 第 30 行.
NOTIC: [8] Use of undefined constant url - assumed 'url' D:\xampp\htdocs\wemall\ThinkPHP\Application\Admin\Controller\MenuListController.class.php 第 30 行.
NOTIC: [8] Use of undefined constant url - assumed 'url' D:\xampp\htdocs\wemall\ThinkPHP\Application\Admin\Controller\MenuListController.class.php 第 30 行.
NOTIC: [8] Use of undefined constant url - assumed 'url' D:\xampp\htdocs\wemall\ThinkPHP\Application\Admin\Controller\MenuListController.class.php 第 30 行.
SQL: SHOW COLUMNS FROM `wemall_admin_menu` [ RunTime:0.0080s ]
SQL: SELECT * FROM `wemall_admin_menu` WHERE `module` = 'Admin' AND `controller` = 'Index' AND `action` = 'index' LIMIT 1   [ RunTime:0.0090s ]
SQL: SELECT * FROM `wemall_admin_menu` WHERE `id` = 23 LIMIT 1   [ RunTime:0.0080s ]
NOTIC: [8] Use of undefined constant pid - assumed 'pid' D:\xampp\htdocs\wemall\ThinkPHP\Application\Admin\Model\AdminMenuModel.class.php 第 44 行.
INFO: [ view_parse ] --START--
INFO: [ template_filter ] --START--
INFO: Run Behavior\ContentReplaceBehavior [ RunTime:0.000000s ]
INFO: [ template_filter ] --END-- [ RunTime:0.001000s ]
NOTIC: [8] Undefined index: class D:\xampp\htdocs\wemall\ThinkPHP\Application\Runtime\Cache\Admin\bc62bb2a7402468c1e0e6ba68e4517bd.php 第 2 行.
NOTIC: [8] Undefined index: class D:\xampp\htdocs\wemall\ThinkPHP\Application\Runtime\Cache\Admin\bc62bb2a7402468c1e0e6ba68e4517bd.php 第 2 行.
NOTIC: [8] Undefined index: class D:\xampp\htdocs\wemall\ThinkPHP\Application\Runtime\Cache\Admin\bc62bb2a7402468c1e0e6ba68e4517bd.php 第 2 行.
NOTIC: [8] Undefined index: class D:\xampp\htdocs\wemall\ThinkPHP\Application\Runtime\Cache\Admin\bc62bb2a7402468c1e0e6ba68e4517bd.php 第 2 行.
NOTIC: [8] Undefined index: class D:\xampp\htdocs\wemall\ThinkPHP\Application\Runtime\Cache\Admin\bc62bb2a7402468c1e0e6ba68e4517bd.php 第 2 行.
NOTIC: [8] Undefined index: class D:\xampp\htdocs\wemall\ThinkPHP\Application\Runtime\Cache\Admin\bc62bb2a7402468c1e0e6ba68e4517bd.php 第 2 行.
NOTIC: [8] Undefined index: class D:\xampp\htdocs\wemall\ThinkPHP\Application\Runtime\Cache\Admin\bc62bb2a7402468c1e0e6ba68e4517bd.php 第 2 行.
NOTIC: [8] Undefined index: class D:\xampp\htdocs\wemall\ThinkPHP\Application\Runtime\Cache\Admin\bc62bb2a7402468c1e0e6ba68e4517bd.php 第 2 行.
NOTIC: [8] Undefined index: class D:\xampp\htdocs\wemall\ThinkPHP\Application\Runtime\Cache\Admin\bc62bb2a7402468c1e0e6ba68e4517bd.php 第 2 行.
NOTIC: [8] Undefined index: class D:\xampp\htdocs\wemall\ThinkPHP\Application\Runtime\Cache\Admin\bc62bb2a7402468c1e0e6ba68e4517bd.php 第 2 行.
INFO: Run Behavior\ParseTemplateBehavior [ RunTime:0.013001s ]
INFO: [ view_parse ] --END-- [ RunTime:0.013001s ]
INFO: [ view_filter ] --START--
INFO: Run Behavior\WriteHtmlCacheBehavior [ RunTime:0.000000s ]
INFO: [ view_filter ] --END-- [ RunTime:0.000000s ]
SQL: SELECT * FROM `wemall_admin_menu` WHERE `module` = 'Admin' AND `controller` = 'Index' AND `action` = 'index' LIMIT 1   [ RunTime:0.0080s ]
SQL: SELECT * FROM `wemall_admin_menu` WHERE `id` = 23 LIMIT 1   [ RunTime:0.0090s ]
NOTIC: [8] Use of undefined constant pid - assumed 'pid' D:\xampp\htdocs\wemall\ThinkPHP\Application\Admin\Model\AdminMenuModel.class.php 第 44 行.
SQL: SELECT * FROM `wemall_admin_menu` WHERE ( pid = 23 ) ORDER BY sort desc  [ RunTime:0.0080s ]
SQL: SELECT * FROM `wemall_admin_menu` WHERE `module` = 'Admin' AND `controller` = 'Index' AND `action` = 'index' LIMIT 1   [ RunTime:0.0090s ]

[ 2015-05-17T14:02:22+08:00 ] 127.0.0.1 /wemall/WeiPHP/admin.php/Admin/Login/login.html
INFO: [ app_init ] --START--
INFO: Run Behavior\BuildLiteBehavior [ RunTime:0.000000s ]
INFO: [ app_init ] --END-- [ RunTime:0.000000s ]
INFO: [ app_begin ] --START--
INFO: Run Behavior\ReadHtmlCacheBehavior [ RunTime:0.001000s ]
INFO: [ app_begin ] --END-- [ RunTime:0.001000s ]
SQL: SHOW COLUMNS FROM `wemall_user` [ RunTime:0.0310s ]
NOTIC: [8] Use of undefined constant url - assumed 'url' D:\xampp\htdocs\wemall\ThinkPHP\Application\Admin\Controller\LoginController.class.php 第 17 行.
INFO: [ view_parse ] --START--
INFO: [ template_filter ] --START--
INFO: Run Behavior\ContentReplaceBehavior [ RunTime:0.000000s ]
INFO: [ template_filter ] --END-- [ RunTime:0.000000s ]
NOTIC: [8] Undefined variable: error D:\xampp\htdocs\wemall\ThinkPHP\Application\Runtime\Cache\Admin\b0f30a383c727240b759e63bbbed147b.php 第 15 行.
INFO: Run Behavior\ParseTemplateBehavior [ RunTime:0.012001s ]
INFO: [ view_parse ] --END-- [ RunTime:0.012001s ]
INFO: [ view_filter ] --START--
INFO: Run Behavior\WriteHtmlCacheBehavior [ RunTime:0.001000s ]
INFO: [ view_filter ] --END-- [ RunTime:0.001000s ]
INFO: [ app_end ] --START--
INFO: Run Behavior\ShowPageTraceBehavior [ RunTime:0.001000s ]
INFO: [ app_end ] --END-- [ RunTime:0.001000s ]

[ 2015-05-17T14:02:25+08:00 ] 127.0.0.1 /wemall/WeiPHP/admin.php/Admin/Login/signIn.html
INFO: [ app_init ] --START--
INFO: Run Behavior\BuildLiteBehavior [ RunTime:0.000000s ]
INFO: [ app_init ] --END-- [ RunTime:0.000000s ]
INFO: [ app_begin ] --START--
INFO: Run Behavior\ReadHtmlCacheBehavior [ RunTime:0.000000s ]
INFO: [ app_begin ] --END-- [ RunTime:0.001000s ]
SQL: SHOW COLUMNS FROM `wemall_user` [ RunTime:0.0290s ]
SQL: SELECT `password` FROM `wemall_user` WHERE ( userid='xuao' ) LIMIT 1   [ RunTime:0.0180s ]
NOTIC: [8] Use of undefined constant password - assumed 'password' D:\xampp\htdocs\wemall\ThinkPHP\Application\Admin\Controller\LoginController.class.php 第 25 行.
NOTIC: [8] Use of undefined constant password - assumed 'password' D:\xampp\htdocs\wemall\ThinkPHP\Application\Admin\Controller\LoginController.class.php 第 30 行.

[ 2015-05-17T14:02:26+08:00 ] 127.0.0.1 /wemall/WeiPHP/admin.php/Admin/Index/index.html
INFO: [ app_init ] --START--
INFO: Run Behavior\BuildLiteBehavior [ RunTime:0.000000s ]
INFO: [ app_init ] --END-- [ RunTime:0.001000s ]
INFO: [ app_begin ] --START--
INFO: Run Behavior\ReadHtmlCacheBehavior [ RunTime:0.001000s ]
INFO: [ app_begin ] --END-- [ RunTime:0.001000s ]
SQL: SHOW COLUMNS FROM `wemall_admin_menu` [ RunTime:0.0280s ]
SQL: SELECT * FROM `wemall_admin_menu` WHERE ( pid = 0 ) ORDER BY sort desc  [ RunTime:0.0080s ]
NOTIC: [8] Undefined variable: menuList D:\xampp\htdocs\wemall\ThinkPHP\Application\Admin\Model\AdminMenuModel.class.php 第 66 行.
NOTIC: [8] Undefined variable: menuList D:\xampp\htdocs\wemall\ThinkPHP\Application\Admin\Model\AdminMenuModel.class.php 第 66 行.
NOTIC: [8] Undefined variable: menuList D:\xampp\htdocs\wemall\ThinkPHP\Application\Admin\Model\AdminMenuModel.class.php 第 66 行.
NOTIC: [8] Undefined variable: menuList D:\xampp\htdocs\wemall\ThinkPHP\Application\Admin\Model\AdminMenuModel.class.php 第 66 行.
NOTIC: [8] Undefined variable: menuList D:\xampp\htdocs\wemall\ThinkPHP\Application\Admin\Model\AdminMenuModel.class.php 第 66 行.
NOTIC: [8] Undefined variable: menuList D:\xampp\htdocs\wemall\ThinkPHP\Application\Admin\Model\AdminMenuModel.class.php 第 66 行.
NOTIC: [8] Undefined variable: menuList D:\xampp\htdocs\wemall\ThinkPHP\Application\Admin\Model\AdminMenuModel.class.php 第 66 行.
NOTIC: [8] Undefined variable: menuList D:\xampp\htdocs\wemall\ThinkPHP\Application\Admin\Model\AdminMenuModel.class.php 第 66 行.
NOTIC: [8] Undefined variable: menuList D:\xampp\htdocs\wemall\ThinkPHP\Application\Admin\Model\AdminMenuModel.class.php 第 66 行.
NOTIC: [8] Undefined variable: menuList D:\xampp\htdocs\wemall\ThinkPHP\Application\Admin\Model\AdminMenuModel.class.php 第 66 行.
NOTIC: [8] Undefined variable: menuList D:\xampp\htdocs\wemall\ThinkPHP\Application\Admin\Model\AdminMenuModel.class.php 第 66 行.
NOTIC: [8] Use of undefined constant url - assumed 'url' D:\xampp\htdocs\wemall\ThinkPHP\Application\Admin\Controller\MenuListController.class.php 第 30 行.
NOTIC: [8] Use of undefined constant url - assumed 'url' D:\xampp\htdocs\wemall\ThinkPHP\Application\Admin\Controller\MenuListController.class.php 第 30 行.
NOTIC: [8] Use of undefined constant url - assumed 'url' D:\xampp\htdocs\wemall\ThinkPHP\Application\Admin\Controller\MenuListController.class.php 第 30 行.
NOTIC: [8] Use of undefined constant url - assumed 'url' D:\xampp\htdocs\wemall\ThinkPHP\Application\Admin\Controller\MenuListController.class.php 第 30 行.
NOTIC: [8] Use of undefined constant url - assumed 'url' D:\xampp\htdocs\wemall\ThinkPHP\Application\Admin\Controller\MenuListController.class.php 第 30 行.
NOTIC: [8] Use of undefined constant url - assumed 'url' D:\xampp\htdocs\wemall\ThinkPHP\Application\Admin\Controller\MenuListController.class.php 第 30 行.
NOTIC: [8] Use of undefined constant url - assumed 'url' D:\xampp\htdocs\wemall\ThinkPHP\Application\Admin\Controller\MenuListController.class.php 第 30 行.
NOTIC: [8] Use of undefined constant url - assumed 'url' D:\xampp\htdocs\wemall\ThinkPHP\Application\Admin\Controller\MenuListController.class.php 第 30 行.
NOTIC: [8] Use of undefined constant url - assumed 'url' D:\xampp\htdocs\wemall\ThinkPHP\Application\Admin\Controller\MenuListController.class.php 第 30 行.
NOTIC: [8] Use of undefined constant url - assumed 'url' D:\xampp\htdocs\wemall\ThinkPHP\Application\Admin\Controller\MenuListController.class.php 第 30 行.
NOTIC: [8] Use of undefined constant url - assumed 'url' D:\xampp\htdocs\wemall\ThinkPHP\Application\Admin\Controller\MenuListController.class.php 第 30 行.
SQL: SHOW COLUMNS FROM `wemall_admin_menu` [ RunTime:0.0080s ]
SQL: SELECT * FROM `wemall_admin_menu` WHERE `module` = 'Admin' AND `controller` = 'Index' AND `action` = 'index' LIMIT 1   [ RunTime:0.0080s ]
SQL: SELECT * FROM `wemall_admin_menu` WHERE `id` = 23 LIMIT 1   [ RunTime:0.0070s ]
NOTIC: [8] Use of undefined constant pid - assumed 'pid' D:\xampp\htdocs\wemall\ThinkPHP\Application\Admin\Model\AdminMenuModel.class.php 第 44 行.
INFO: [ view_parse ] --START--
INFO: [ template_filter ] --START--
INFO: Run Behavior\ContentReplaceBehavior [ RunTime:0.000000s ]
INFO: [ template_filter ] --END-- [ RunTime:0.001000s ]
NOTIC: [8] Undefined index: class D:\xampp\htdocs\wemall\ThinkPHP\Application\Runtime\Cache\Admin\bc62bb2a7402468c1e0e6ba68e4517bd.php 第 2 行.
NOTIC: [8] Undefined index: class D:\xampp\htdocs\wemall\ThinkPHP\Application\Runtime\Cache\Admin\bc62bb2a7402468c1e0e6ba68e4517bd.php 第 2 行.
NOTIC: [8] Undefined index: class D:\xampp\htdocs\wemall\ThinkPHP\Application\Runtime\Cache\Admin\bc62bb2a7402468c1e0e6ba68e4517bd.php 第 2 行.
NOTIC: [8] Undefined index: class D:\xampp\htdocs\wemall\ThinkPHP\Application\Runtime\Cache\Admin\bc62bb2a7402468c1e0e6ba68e4517bd.php 第 2 行.
NOTIC: [8] Undefined index: class D:\xampp\htdocs\wemall\ThinkPHP\Application\Runtime\Cache\Admin\bc62bb2a7402468c1e0e6ba68e4517bd.php 第 2 行.
NOTIC: [8] Undefined index: class D:\xampp\htdocs\wemall\ThinkPHP\Application\Runtime\Cache\Admin\bc62bb2a7402468c1e0e6ba68e4517bd.php 第 2 行.
NOTIC: [8] Undefined index: class D:\xampp\htdocs\wemall\ThinkPHP\Application\Runtime\Cache\Admin\bc62bb2a7402468c1e0e6ba68e4517bd.php 第 2 行.
NOTIC: [8] Undefined index: class D:\xampp\htdocs\wemall\ThinkPHP\Application\Runtime\Cache\Admin\bc62bb2a7402468c1e0e6ba68e4517bd.php 第 2 行.
NOTIC: [8] Undefined index: class D:\xampp\htdocs\wemall\ThinkPHP\Application\Runtime\Cache\Admin\bc62bb2a7402468c1e0e6ba68e4517bd.php 第 2 行.
NOTIC: [8] Undefined index: class D:\xampp\htdocs\wemall\ThinkPHP\Application\Runtime\Cache\Admin\bc62bb2a7402468c1e0e6ba68e4517bd.php 第 2 行.
INFO: Run Behavior\ParseTemplateBehavior [ RunTime:0.011001s ]
INFO: [ view_parse ] --END-- [ RunTime:0.011001s ]
INFO: [ view_filter ] --START--
INFO: Run Behavior\WriteHtmlCacheBehavior [ RunTime:0.001000s ]
INFO: [ view_filter ] --END-- [ RunTime:0.001000s ]
SQL: SELECT * FROM `wemall_admin_menu` WHERE `module` = 'Admin' AND `controller` = 'Index' AND `action` = 'index' LIMIT 1   [ RunTime:0.0080s ]
SQL: SELECT * FROM `wemall_admin_menu` WHERE `id` = 23 LIMIT 1   [ RunTime:0.0080s ]
NOTIC: [8] Use of undefined constant pid - assumed 'pid' D:\xampp\htdocs\wemall\ThinkPHP\Application\Admin\Model\AdminMenuModel.class.php 第 44 行.
SQL: SELECT * FROM `wemall_admin_menu` WHERE ( pid = 23 ) ORDER BY sort desc  [ RunTime:0.0080s ]
SQL: SELECT * FROM `wemall_admin_menu` WHERE `module` = 'Admin' AND `controller` = 'Index' AND `action` = 'index' LIMIT 1   [ RunTime:0.0080s ]
NOTIC: [8] Use of undefined constant logout - assumed 'logout' D:\xampp\htdocs\wemall\ThinkPHP\Application\Admin\Controller\IndexController.class.php 第 13 行.
INFO: [ view_parse ] --START--
INFO: [ template_filter ] --START--
INFO: Run Behavior\ContentReplaceBehavior [ RunTime:0.000000s ]
INFO: [ template_filter ] --END-- [ RunTime:-0.048003s ]
INFO: Run Behavior\ParseTemplateBehavior [ RunTime:0.003000s ]
INFO: [ view_parse ] --END-- [ RunTime:-0.044002s ]
INFO: [ view_filter ] --START--
INFO: Run Behavior\WriteHtmlCacheBehavior [ RunTime:0.000000s ]
INFO: [ view_filter ] --END-- [ RunTime:-0.046002s ]
INFO: [ view_parse ] --START--
INFO: [ template_filter ] --START--
INFO: Run Behavior\ContentReplaceBehavior [ RunTime:0.000000s ]
INFO: [ template_filter ] --END-- [ RunTime:-0.066004s ]
NOTIC: [8] Undefined variable: YZFooterJs D:\xampp\htdocs\wemall\ThinkPHP\Application\Runtime\Cache\Admin\bbbf7050b05668fa13be77e37d2e0d3d.php 第 40 行.
INFO: Run Behavior\ParseTemplateBehavior [ RunTime:0.027002s ]
INFO: [ view_parse ] --END-- [ RunTime:-0.048002s ]
INFO: [ view_filter ] --START--
INFO: Run Behavior\WriteHtmlCacheBehavior [ RunTime:0.000000s ]
INFO: [ view_filter ] --END-- [ RunTime:-0.075004s ]
INFO: [ app_end ] --START--
INFO: Run Behavior\ShowPageTraceBehavior [ RunTime:0.000000s ]
INFO: [ app_end ] --END-- [ RunTime:0.001000s ]

[ 2015-05-17T16:13:14+08:00 ] 127.0.0.1 /wemall/WeiPHP/admin.php
INFO: [ app_init ] --START--
INFO: Run Behavior\BuildLiteBehavior [ RunTime:0.000000s ]
INFO: [ app_init ] --END-- [ RunTime:0.000000s ]
INFO: [ app_begin ] --START--
INFO: Run Behavior\ReadHtmlCacheBehavior [ RunTime:0.001000s ]
INFO: [ app_begin ] --END-- [ RunTime:0.002000s ]
SQL: SHOW COLUMNS FROM `wemall_admin_menu` [ RunTime:0.0290s ]
SQL: SELECT * FROM `wemall_admin_menu` WHERE ( pid = 0 ) ORDER BY sort desc  [ RunTime:0.0140s ]
NOTIC: [8] Undefined variable: menuList D:\xampp\htdocs\wemall\ThinkPHP\Application\Admin\Model\AdminMenuModel.class.php 第 66 行.
NOTIC: [8] Undefined variable: menuList D:\xampp\htdocs\wemall\ThinkPHP\Application\Admin\Model\AdminMenuModel.class.php 第 66 行.
NOTIC: [8] Undefined variable: menuList D:\xampp\htdocs\wemall\ThinkPHP\Application\Admin\Model\AdminMenuModel.class.php 第 66 行.
NOTIC: [8] Undefined variable: menuList D:\xampp\htdocs\wemall\ThinkPHP\Application\Admin\Model\AdminMenuModel.class.php 第 66 行.
NOTIC: [8] Undefined variable: menuList D:\xampp\htdocs\wemall\ThinkPHP\Application\Admin\Model\AdminMenuModel.class.php 第 66 行.
NOTIC: [8] Undefined variable: menuList D:\xampp\htdocs\wemall\ThinkPHP\Application\Admin\Model\AdminMenuModel.class.php 第 66 行.
NOTIC: [8] Undefined variable: menuList D:\xampp\htdocs\wemall\ThinkPHP\Application\Admin\Model\AdminMenuModel.class.php 第 66 行.
NOTIC: [8] Undefined variable: menuList D:\xampp\htdocs\wemall\ThinkPHP\Application\Admin\Model\AdminMenuModel.class.php 第 66 行.
NOTIC: [8] Undefined variable: menuList D:\xampp\htdocs\wemall\ThinkPHP\Application\Admin\Model\AdminMenuModel.class.php 第 66 行.
NOTIC: [8] Undefined variable: menuList D:\xampp\htdocs\wemall\ThinkPHP\Application\Admin\Model\AdminMenuModel.class.php 第 66 行.
NOTIC: [8] Undefined variable: menuList D:\xampp\htdocs\wemall\ThinkPHP\Application\Admin\Model\AdminMenuModel.class.php 第 66 行.
NOTIC: [8] Use of undefined constant url - assumed 'url' D:\xampp\htdocs\wemall\ThinkPHP\Application\Admin\Controller\MenuListController.class.php 第 30 行.
NOTIC: [8] Use of undefined constant url - assumed 'url' D:\xampp\htdocs\wemall\ThinkPHP\Application\Admin\Controller\MenuListController.class.php 第 30 行.
NOTIC: [8] Use of undefined constant url - assumed 'url' D:\xampp\htdocs\wemall\ThinkPHP\Application\Admin\Controller\MenuListController.class.php 第 30 行.
NOTIC: [8] Use of undefined constant url - assumed 'url' D:\xampp\htdocs\wemall\ThinkPHP\Application\Admin\Controller\MenuListController.class.php 第 30 行.
NOTIC: [8] Use of undefined constant url - assumed 'url' D:\xampp\htdocs\wemall\ThinkPHP\Application\Admin\Controller\MenuListController.class.php 第 30 行.
NOTIC: [8] Use of undefined constant url - assumed 'url' D:\xampp\htdocs\wemall\ThinkPHP\Application\Admin\Controller\MenuListController.class.php 第 30 行.
NOTIC: [8] Use of undefined constant url - assumed 'url' D:\xampp\htdocs\wemall\ThinkPHP\Application\Admin\Controller\MenuListController.class.php 第 30 行.
NOTIC: [8] Use of undefined constant url - assumed 'url' D:\xampp\htdocs\wemall\ThinkPHP\Application\Admin\Controller\MenuListController.class.php 第 30 行.
NOTIC: [8] Use of undefined constant url - assumed 'url' D:\xampp\htdocs\wemall\ThinkPHP\Application\Admin\Controller\MenuListController.class.php 第 30 行.
NOTIC: [8] Use of undefined constant url - assumed 'url' D:\xampp\htdocs\wemall\ThinkPHP\Application\Admin\Controller\MenuListController.class.php 第 30 行.
NOTIC: [8] Use of undefined constant url - assumed 'url' D:\xampp\htdocs\wemall\ThinkPHP\Application\Admin\Controller\MenuListController.class.php 第 30 行.
SQL: SHOW COLUMNS FROM `wemall_admin_menu` [ RunTime:0.0120s ]
SQL: SELECT * FROM `wemall_admin_menu` WHERE `module` = 'Admin' AND `controller` = 'Index' AND `action` = 'index' LIMIT 1   [ RunTime:0.0310s ]
SQL: SELECT * FROM `wemall_admin_menu` WHERE `id` = 23 LIMIT 1   [ RunTime:0.0090s ]
NOTIC: [8] Use of undefined constant pid - assumed 'pid' D:\xampp\htdocs\wemall\ThinkPHP\Application\Admin\Model\AdminMenuModel.class.php 第 44 行.
INFO: [ view_parse ] --START--
INFO: [ template_filter ] --START--
INFO: Run Behavior\ContentReplaceBehavior [ RunTime:0.000000s ]
INFO: [ template_filter ] --END-- [ RunTime:0.000000s ]
NOTIC: [8] Undefined index: class D:\xampp\htdocs\wemall\ThinkPHP\Application\Runtime\Cache\Admin\bc62bb2a7402468c1e0e6ba68e4517bd.php 第 2 行.
NOTIC: [8] Undefined index: class D:\xampp\htdocs\wemall\ThinkPHP\Application\Runtime\Cache\Admin\bc62bb2a7402468c1e0e6ba68e4517bd.php 第 2 行.
NOTIC: [8] Undefined index: class D:\xampp\htdocs\wemall\ThinkPHP\Application\Runtime\Cache\Admin\bc62bb2a7402468c1e0e6ba68e4517bd.php 第 2 行.
NOTIC: [8] Undefined index: class D:\xampp\htdocs\wemall\ThinkPHP\Application\Runtime\Cache\Admin\bc62bb2a7402468c1e0e6ba68e4517bd.php 第 2 行.
NOTIC: [8] Undefined index: class D:\xampp\htdocs\wemall\ThinkPHP\Application\Runtime\Cache\Admin\bc62bb2a7402468c1e0e6ba68e4517bd.php 第 2 行.
NOTIC: [8] Undefined index: class D:\xampp\htdocs\wemall\ThinkPHP\Application\Runtime\Cache\Admin\bc62bb2a7402468c1e0e6ba68e4517bd.php 第 2 行.
NOTIC: [8] Undefined index: class D:\xampp\htdocs\wemall\ThinkPHP\Application\Runtime\Cache\Admin\bc62bb2a7402468c1e0e6ba68e4517bd.php 第 2 行.
NOTIC: [8] Undefined index: class D:\xampp\htdocs\wemall\ThinkPHP\Application\Runtime\Cache\Admin\bc62bb2a7402468c1e0e6ba68e4517bd.php 第 2 行.
NOTIC: [8] Undefined index: class D:\xampp\htdocs\wemall\ThinkPHP\Application\Runtime\Cache\Admin\bc62bb2a7402468c1e0e6ba68e4517bd.php 第 2 行.
NOTIC: [8] Undefined index: class D:\xampp\htdocs\wemall\ThinkPHP\Application\Runtime\Cache\Admin\bc62bb2a7402468c1e0e6ba68e4517bd.php 第 2 行.
INFO: Run Behavior\ParseTemplateBehavior [ RunTime:0.015001s ]
INFO: [ view_parse ] --END-- [ RunTime:0.016001s ]
INFO: [ view_filter ] --START--
INFO: Run Behavior\WriteHtmlCacheBehavior [ RunTime:0.000000s ]
INFO: [ view_filter ] --END-- [ RunTime:0.001000s ]
SQL: SELECT * FROM `wemall_admin_menu` WHERE `module` = 'Admin' AND `controller` = 'Index' AND `action` = 'index' LIMIT 1   [ RunTime:0.0110s ]
SQL: SELECT * FROM `wemall_admin_menu` WHERE `id` = 23 LIMIT 1   [ RunTime:0.0100s ]
NOTIC: [8] Use of undefined constant pid - assumed 'pid' D:\xampp\htdocs\wemall\ThinkPHP\Application\Admin\Model\AdminMenuModel.class.php 第 44 行.
SQL: SELECT * FROM `wemall_admin_menu` WHERE ( pid = 23 ) ORDER BY sort desc  [ RunTime:0.0120s ]
SQL: SELECT * FROM `wemall_admin_menu` WHERE `module` = 'Admin' AND `controller` = 'Index' AND `action` = 'index' LIMIT 1   [ RunTime:0.0090s ]
NOTIC: [8] Use of undefined constant logout - assumed 'logout' D:\xampp\htdocs\wemall\ThinkPHP\Application\Admin\Controller\IndexController.class.php 第 13 行.
INFO: [ view_parse ] --START--
INFO: [ template_filter ] --START--
INFO: Run Behavior\ContentReplaceBehavior [ RunTime:0.000000s ]
INFO: [ template_filter ] --END-- [ RunTime:-0.071004s ]
INFO: Run Behavior\ParseTemplateBehavior [ RunTime:0.004000s ]
INFO: [ view_parse ] --END-- [ RunTime:-0.064003s ]
INFO: [ view_filter ] --START--
INFO: Run Behavior\WriteHtmlCacheBehavior [ RunTime:0.000000s ]
INFO: [ view_filter ] --END-- [ RunTime:-0.066003s ]
INFO: [ view_parse ] --START--
INFO: [ template_filter ] --START--
INFO: Run Behavior\ContentReplaceBehavior [ RunTime:0.000000s ]
INFO: [ template_filter ] --END-- [ RunTime:-0.085005s ]
NOTIC: [8] Undefined variable: YZFooterJs D:\xampp\htdocs\wemall\ThinkPHP\Application\Runtime\Cache\Admin\bbbf7050b05668fa13be77e37d2e0d3d.php 第 40 行.
INFO: Run Behavior\ParseTemplateBehavior [ RunTime:0.014000s ]
INFO: [ view_parse ] --END-- [ RunTime:-0.069004s ]
INFO: [ view_filter ] --START--
INFO: Run Behavior\WriteHtmlCacheBehavior [ RunTime:0.000000s ]
INFO: [ view_filter ] --END-- [ RunTime:-0.083004s ]
INFO: [ app_end ] --START--
INFO: Run Behavior\ShowPageTraceBehavior [ RunTime:0.001001s ]
INFO: [ app_end ] --END-- [ RunTime:0.001001s ]

