[ 2015-05-02T11:55:48+08:00 ] 127.0.0.1 /wemall/WeiPHP/admin.php/Admin/Index/index.html
INFO: [ app_init ] --START--
INFO: Run Behavior\BuildLiteBehavior [ RunTime:0.000000s ]
INFO: [ app_init ] --END-- [ RunTime:0.001000s ]
INFO: [ app_begin ] --START--
INFO: Run Behavior\ReadHtmlCacheBehavior [ RunTime:0.001000s ]
INFO: [ app_begin ] --END-- [ RunTime:0.002000s ]
SQL: SHOW COLUMNS FROM `wemall_admin_menu` [ RunTime:0.0280s ]
SQL: SELECT * FROM `wemall_admin_menu` WHERE ( pid = 0 ) ORDER BY sort desc  [ RunTime:0.0080s ]
NOTIC: [8] Undefined variable: menuList D:\xampp\htdocs\wemall\ThinkPHP\Application\Admin\Model\AdminMenuModel.class.php 第 66 行.
NOTIC: [8] Undefined variable: menuList D:\xampp\htdocs\wemall\ThinkPHP\Application\Admin\Model\AdminMenuModel.class.php 第 66 行.
NOTIC: [8] Undefined variable: menuList D:\xampp\htdocs\wemall\ThinkPHP\Application\Admin\Model\AdminMenuModel.class.php 第 66 行.
NOTIC: [8] Undefined variable: menuList D:\xampp\htdocs\wemall\ThinkPHP\Application\Admin\Model\AdminMenuModel.class.php 第 66 行.
NOTIC: [8] Undefined variable: menuList D:\xampp\htdocs\wemall\ThinkPHP\Application\Admin\Model\AdminMenuModel.class.php 第 66 行.
NOTIC: [8] Undefined variable: menuList D:\xampp\htdocs\wemall\ThinkPHP\Application\Admin\Model\AdminMenuModel.class.php 第 66 行.
NOTIC: [8] Undefined variable: menuList D:\xampp\htdocs\wemall\ThinkPHP\Application\Admin\Model\AdminMenuModel.class.php 第 66 行.
NOTIC: [8] Undefined variable: menuList D:\xampp\htdocs\wemall\ThinkPHP\Application\Admin\Model\AdminMenuModel.class.php 第 66 行.
NOTIC: [8] Undefined variable: menuList D:\xampp\htdocs\wemall\ThinkPHP\Application\Admin\Model\AdminMenuModel.class.php 第 66 行.
NOTIC: [8] Undefined variable: menuList D:\xampp\htdocs\wemall\ThinkPHP\Application\Admin\Model\AdminMenuModel.class.php 第 66 行.
NOTIC: [8] Undefined variable: menuList D:\xampp\htdocs\wemall\ThinkPHP\Application\Admin\Model\AdminMenuModel.class.php 第 66 行.
NOTIC: [8] Use of undefined constant url - assumed 'url' D:\xampp\htdocs\wemall\ThinkPHP\Application\Admin\Controller\MenuListController.class.php 第 30 行.
NOTIC: [8] Use of undefined constant url - assumed 'url' D:\xampp\htdocs\wemall\ThinkPHP\Application\Admin\Controller\MenuListController.class.php 第 30 行.
NOTIC: [8] Use of undefined constant url - assumed 'url' D:\xampp\htdocs\wemall\ThinkPHP\Application\Admin\Controller\MenuListController.class.php 第 30 行.
NOTIC: [8] Use of undefined constant url - assumed 'url' D:\xampp\htdocs\wemall\ThinkPHP\Application\Admin\Controller\MenuListController.class.php 第 30 行.
NOTIC: [8] Use of undefined constant url - assumed 'url' D:\xampp\htdocs\wemall\ThinkPHP\Application\Admin\Controller\MenuListController.class.php 第 30 行.
NOTIC: [8] Use of undefined constant url - assumed 'url' D:\xampp\htdocs\wemall\ThinkPHP\Application\Admin\Controller\MenuListController.class.php 第 30 行.
NOTIC: [8] Use of undefined constant url - assumed 'url' D:\xampp\htdocs\wemall\ThinkPHP\Application\Admin\Controller\MenuListController.class.php 第 30 行.
NOTIC: [8] Use of undefined constant url - assumed 'url' D:\xampp\htdocs\wemall\ThinkPHP\Application\Admin\Controller\MenuListController.class.php 第 30 行.
NOTIC: [8] Use of undefined constant url - assumed 'url' D:\xampp\htdocs\wemall\ThinkPHP\Application\Admin\Controller\MenuListController.class.php 第 30 行.
NOTIC: [8] Use of undefined constant url - assumed 'url' D:\xampp\htdocs\wemall\ThinkPHP\Application\Admin\Controller\MenuListController.class.php 第 30 行.
NOTIC: [8] Use of undefined constant url - assumed 'url' D:\xampp\htdocs\wemall\ThinkPHP\Application\Admin\Controller\MenuListController.class.php 第 30 行.
SQL: SHOW COLUMNS FROM `wemall_admin_menu` [ RunTime:0.0080s ]
SQL: SELECT * FROM `wemall_admin_menu` WHERE `module` = 'Admin' AND `controller` = 'Index' AND `action` = 'index' LIMIT 1   [ RunTime:0.0080s ]
SQL: SELECT * FROM `wemall_admin_menu` WHERE `id` = 23 LIMIT 1   [ RunTime:0.0080s ]
NOTIC: [8] Use of undefined constant pid - assumed 'pid' D:\xampp\htdocs\wemall\ThinkPHP\Application\Admin\Model\AdminMenuModel.class.php 第 44 行.
INFO: [ view_parse ] --START--
INFO: [ template_filter ] --START--
INFO: Run Behavior\ContentReplaceBehavior [ RunTime:0.001000s ]
INFO: [ template_filter ] --END-- [ RunTime:0.001000s ]
NOTIC: [8] Undefined index: class D:\xampp\htdocs\wemall\ThinkPHP\Application\Runtime\Cache\Admin\bc62bb2a7402468c1e0e6ba68e4517bd.php 第 2 行.
NOTIC: [8] Undefined index: class D:\xampp\htdocs\wemall\ThinkPHP\Application\Runtime\Cache\Admin\bc62bb2a7402468c1e0e6ba68e4517bd.php 第 2 行.
NOTIC: [8] Undefined index: class D:\xampp\htdocs\wemall\ThinkPHP\Application\Runtime\Cache\Admin\bc62bb2a7402468c1e0e6ba68e4517bd.php 第 2 行.
NOTIC: [8] Undefined index: class D:\xampp\htdocs\wemall\ThinkPHP\Application\Runtime\Cache\Admin\bc62bb2a7402468c1e0e6ba68e4517bd.php 第 2 行.
NOTIC: [8] Undefined index: class D:\xampp\htdocs\wemall\ThinkPHP\Application\Runtime\Cache\Admin\bc62bb2a7402468c1e0e6ba68e4517bd.php 第 2 行.
NOTIC: [8] Undefined index: class D:\xampp\htdocs\wemall\ThinkPHP\Application\Runtime\Cache\Admin\bc62bb2a7402468c1e0e6ba68e4517bd.php 第 2 行.
NOTIC: [8] Undefined index: class D:\xampp\htdocs\wemall\ThinkPHP\Application\Runtime\Cache\Admin\bc62bb2a7402468c1e0e6ba68e4517bd.php 第 2 行.
NOTIC: [8] Undefined index: class D:\xampp\htdocs\wemall\ThinkPHP\Application\Runtime\Cache\Admin\bc62bb2a7402468c1e0e6ba68e4517bd.php 第 2 行.
NOTIC: [8] Undefined index: class D:\xampp\htdocs\wemall\ThinkPHP\Application\Runtime\Cache\Admin\bc62bb2a7402468c1e0e6ba68e4517bd.php 第 2 行.
NOTIC: [8] Undefined index: class D:\xampp\htdocs\wemall\ThinkPHP\Application\Runtime\Cache\Admin\bc62bb2a7402468c1e0e6ba68e4517bd.php 第 2 行.
INFO: Run Behavior\ParseTemplateBehavior [ RunTime:0.018001s ]
INFO: [ view_parse ] --END-- [ RunTime:0.018001s ]
INFO: [ view_filter ] --START--
INFO: Run Behavior\WriteHtmlCacheBehavior [ RunTime:0.001000s ]
INFO: [ view_filter ] --END-- [ RunTime:0.002000s ]
SQL: SELECT * FROM `wemall_admin_menu` WHERE `module` = 'Admin' AND `controller` = 'Index' AND `action` = 'index' LIMIT 1   [ RunTime:0.0070s ]
SQL: SELECT * FROM `wemall_admin_menu` WHERE `id` = 23 LIMIT 1   [ RunTime:0.0080s ]
NOTIC: [8] Use of undefined constant pid - assumed 'pid' D:\xampp\htdocs\wemall\ThinkPHP\Application\Admin\Model\AdminMenuModel.class.php 第 44 行.
SQL: SELECT * FROM `wemall_admin_menu` WHERE ( pid = 23 ) ORDER BY sort desc  [ RunTime:0.0070s ]
SQL: SELECT * FROM `wemall_admin_menu` WHERE `module` = 'Admin' AND `controller` = 'Index' AND `action` = 'index' LIMIT 1   [ RunTime:0.0080s ]
NOTIC: [8] Use of undefined constant logout - assumed 'logout' D:\xampp\htdocs\wemall\ThinkPHP\Application\Admin\Controller\IndexController.class.php 第 13 行.
INFO: [ view_parse ] --START--
INFO: [ template_filter ] --START--
INFO: Run Behavior\ContentReplaceBehavior [ RunTime:0.000000s ]
INFO: [ template_filter ] --END-- [ RunTime:-0.055003s ]
INFO: Run Behavior\ParseTemplateBehavior [ RunTime:0.005001s ]
INFO: [ view_parse ] --END-- [ RunTime:-0.046002s ]
INFO: [ view_filter ] --START--
INFO: Run Behavior\WriteHtmlCacheBehavior [ RunTime:0.001000s ]
INFO: [ view_filter ] --END-- [ RunTime:-0.049003s ]
INFO: [ view_parse ] --START--
INFO: [ template_filter ] --START--
INFO: Run Behavior\ContentReplaceBehavior [ RunTime:0.000000s ]
INFO: [ template_filter ] --END-- [ RunTime:-0.071004s ]
NOTIC: [8] Undefined variable: YZFooterJs D:\xampp\htdocs\wemall\ThinkPHP\Application\Runtime\Cache\Admin\bbbf7050b05668fa13be77e37d2e0d3d.php 第 40 行.
INFO: Run Behavior\ParseTemplateBehavior [ RunTime:0.017001s ]
INFO: [ view_parse ] --END-- [ RunTime:-0.053003s ]
INFO: [ view_filter ] --START--
INFO: Run Behavior\WriteHtmlCacheBehavior [ RunTime:0.000000s ]
INFO: [ view_filter ] --END-- [ RunTime:-0.069004s ]
INFO: [ app_end ] --START--
INFO: Run Behavior\ShowPageTraceBehavior [ RunTime:0.001000s ]
INFO: [ app_end ] --END-- [ RunTime:0.001000s ]

[ 2015-05-02T11:56:37+08:00 ] 127.0.0.1 /wemall/WeiPHP/admin.php/Admin/Index/index.html
INFO: [ app_init ] --START--
INFO: Run Behavior\BuildLiteBehavior [ RunTime:0.000000s ]
INFO: [ app_init ] --END-- [ RunTime:0.001000s ]
INFO: [ app_begin ] --START--
INFO: Run Behavior\ReadHtmlCacheBehavior [ RunTime:0.001000s ]
INFO: [ app_begin ] --END-- [ RunTime:0.001000s ]
SQL: SHOW COLUMNS FROM `wemall_admin_menu` [ RunTime:0.0270s ]
SQL: SELECT * FROM `wemall_admin_menu` WHERE ( pid = 0 ) ORDER BY sort desc  [ RunTime:0.0070s ]
NOTIC: [8] Undefined variable: menuList D:\xampp\htdocs\wemall\ThinkPHP\Application\Admin\Model\AdminMenuModel.class.php 第 66 行.
NOTIC: [8] Undefined variable: menuList D:\xampp\htdocs\wemall\ThinkPHP\Application\Admin\Model\AdminMenuModel.class.php 第 66 行.
NOTIC: [8] Undefined variable: menuList D:\xampp\htdocs\wemall\ThinkPHP\Application\Admin\Model\AdminMenuModel.class.php 第 66 行.
NOTIC: [8] Undefined variable: menuList D:\xampp\htdocs\wemall\ThinkPHP\Application\Admin\Model\AdminMenuModel.class.php 第 66 行.
NOTIC: [8] Undefined variable: menuList D:\xampp\htdocs\wemall\ThinkPHP\Application\Admin\Model\AdminMenuModel.class.php 第 66 行.
NOTIC: [8] Undefined variable: menuList D:\xampp\htdocs\wemall\ThinkPHP\Application\Admin\Model\AdminMenuModel.class.php 第 66 行.
NOTIC: [8] Undefined variable: menuList D:\xampp\htdocs\wemall\ThinkPHP\Application\Admin\Model\AdminMenuModel.class.php 第 66 行.
NOTIC: [8] Undefined variable: menuList D:\xampp\htdocs\wemall\ThinkPHP\Application\Admin\Model\AdminMenuModel.class.php 第 66 行.
NOTIC: [8] Undefined variable: menuList D:\xampp\htdocs\wemall\ThinkPHP\Application\Admin\Model\AdminMenuModel.class.php 第 66 行.
NOTIC: [8] Undefined variable: menuList D:\xampp\htdocs\wemall\ThinkPHP\Application\Admin\Model\AdminMenuModel.class.php 第 66 行.
NOTIC: [8] Undefined variable: menuList D:\xampp\htdocs\wemall\ThinkPHP\Application\Admin\Model\AdminMenuModel.class.php 第 66 行.
NOTIC: [8] Use of undefined constant url - assumed 'url' D:\xampp\htdocs\wemall\ThinkPHP\Application\Admin\Controller\MenuListController.class.php 第 30 行.
NOTIC: [8] Use of undefined constant url - assumed 'url' D:\xampp\htdocs\wemall\ThinkPHP\Application\Admin\Controller\MenuListController.class.php 第 30 行.
NOTIC: [8] Use of undefined constant url - assumed 'url' D:\xampp\htdocs\wemall\ThinkPHP\Application\Admin\Controller\MenuListController.class.php 第 30 行.
NOTIC: [8] Use of undefined constant url - assumed 'url' D:\xampp\htdocs\wemall\ThinkPHP\Application\Admin\Controller\MenuListController.class.php 第 30 行.
NOTIC: [8] Use of undefined constant url - assumed 'url' D:\xampp\htdocs\wemall\ThinkPHP\Application\Admin\Controller\MenuListController.class.php 第 30 行.
NOTIC: [8] Use of undefined constant url - assumed 'url' D:\xampp\htdocs\wemall\ThinkPHP\Application\Admin\Controller\MenuListController.class.php 第 30 行.
NOTIC: [8] Use of undefined constant url - assumed 'url' D:\xampp\htdocs\wemall\ThinkPHP\Application\Admin\Controller\MenuListController.class.php 第 30 行.
NOTIC: [8] Use of undefined constant url - assumed 'url' D:\xampp\htdocs\wemall\ThinkPHP\Application\Admin\Controller\MenuListController.class.php 第 30 行.
NOTIC: [8] Use of undefined constant url - assumed 'url' D:\xampp\htdocs\wemall\ThinkPHP\Application\Admin\Controller\MenuListController.class.php 第 30 行.
NOTIC: [8] Use of undefined constant url - assumed 'url' D:\xampp\htdocs\wemall\ThinkPHP\Application\Admin\Controller\MenuListController.class.php 第 30 行.
NOTIC: [8] Use of undefined constant url - assumed 'url' D:\xampp\htdocs\wemall\ThinkPHP\Application\Admin\Controller\MenuListController.class.php 第 30 行.
SQL: SHOW COLUMNS FROM `wemall_admin_menu` [ RunTime:0.0100s ]
SQL: SELECT * FROM `wemall_admin_menu` WHERE `module` = 'Admin' AND `controller` = 'Index' AND `action` = 'index' LIMIT 1   [ RunTime:0.0070s ]
SQL: SELECT * FROM `wemall_admin_menu` WHERE `id` = 23 LIMIT 1   [ RunTime:0.0080s ]
NOTIC: [8] Use of undefined constant pid - assumed 'pid' D:\xampp\htdocs\wemall\ThinkPHP\Application\Admin\Model\AdminMenuModel.class.php 第 44 行.
INFO: [ view_parse ] --START--
INFO: [ template_filter ] --START--
INFO: Run Behavior\ContentReplaceBehavior [ RunTime:0.000000s ]
INFO: [ template_filter ] --END-- [ RunTime:0.000000s ]
NOTIC: [8] Undefined index: class D:\xampp\htdocs\wemall\ThinkPHP\Application\Runtime\Cache\Admin\bc62bb2a7402468c1e0e6ba68e4517bd.php 第 2 行.
NOTIC: [8] Undefined index: class D:\xampp\htdocs\wemall\ThinkPHP\Application\Runtime\Cache\Admin\bc62bb2a7402468c1e0e6ba68e4517bd.php 第 2 行.
NOTIC: [8] Undefined index: class D:\xampp\htdocs\wemall\ThinkPHP\Application\Runtime\Cache\Admin\bc62bb2a7402468c1e0e6ba68e4517bd.php 第 2 行.
NOTIC: [8] Undefined index: class D:\xampp\htdocs\wemall\ThinkPHP\Application\Runtime\Cache\Admin\bc62bb2a7402468c1e0e6ba68e4517bd.php 第 2 行.
NOTIC: [8] Undefined index: class D:\xampp\htdocs\wemall\ThinkPHP\Application\Runtime\Cache\Admin\bc62bb2a7402468c1e0e6ba68e4517bd.php 第 2 行.
NOTIC: [8] Undefined index: class D:\xampp\htdocs\wemall\ThinkPHP\Application\Runtime\Cache\Admin\bc62bb2a7402468c1e0e6ba68e4517bd.php 第 2 行.
NOTIC: [8] Undefined index: class D:\xampp\htdocs\wemall\ThinkPHP\Application\Runtime\Cache\Admin\bc62bb2a7402468c1e0e6ba68e4517bd.php 第 2 行.
NOTIC: [8] Undefined index: class D:\xampp\htdocs\wemall\ThinkPHP\Application\Runtime\Cache\Admin\bc62bb2a7402468c1e0e6ba68e4517bd.php 第 2 行.
NOTIC: [8] Undefined index: class D:\xampp\htdocs\wemall\ThinkPHP\Application\Runtime\Cache\Admin\bc62bb2a7402468c1e0e6ba68e4517bd.php 第 2 行.
NOTIC: [8] Undefined index: class D:\xampp\htdocs\wemall\ThinkPHP\Application\Runtime\Cache\Admin\bc62bb2a7402468c1e0e6ba68e4517bd.php 第 2 行.
INFO: Run Behavior\ParseTemplateBehavior [ RunTime:0.019001s ]
INFO: [ view_parse ] --END-- [ RunTime:0.021001s ]
INFO: [ view_filter ] --START--
INFO: Run Behavior\WriteHtmlCacheBehavior [ RunTime:0.001000s ]
INFO: [ view_filter ] --END-- [ RunTime:0.001000s ]
SQL: SELECT * FROM `wemall_admin_menu` WHERE `module` = 'Admin' AND `controller` = 'Index' AND `action` = 'index' LIMIT 1   [ RunTime:0.0070s ]
SQL: SELECT * FROM `wemall_admin_menu` WHERE `id` = 23 LIMIT 1   [ RunTime:0.0070s ]
NOTIC: [8] Use of undefined constant pid - assumed 'pid' D:\xampp\htdocs\wemall\ThinkPHP\Application\Admin\Model\AdminMenuModel.class.php 第 44 行.
SQL: SELECT * FROM `wemall_admin_menu` WHERE ( pid = 23 ) ORDER BY sort desc  [ RunTime:0.0070s ]
SQL: SELECT * FROM `wemall_admin_menu` WHERE `module` = 'Admin' AND `controller` = 'Index' AND `action` = 'index' LIMIT 1   [ RunTime:0.0070s ]
NOTIC: [8] Use of undefined constant logout - assumed 'logout' D:\xampp\htdocs\wemall\ThinkPHP\Application\Admin\Controller\IndexController.class.php 第 13 行.
INFO: [ view_parse ] --START--
INFO: [ template_filter ] --START--
INFO: Run Behavior\ContentReplaceBehavior [ RunTime:0.000000s ]
INFO: [ template_filter ] --END-- [ RunTime:-0.058004s ]
INFO: Run Behavior\ParseTemplateBehavior [ RunTime:0.003001s ]
INFO: [ view_parse ] --END-- [ RunTime:-0.047002s ]
INFO: [ view_filter ] --START--
INFO: Run Behavior\WriteHtmlCacheBehavior [ RunTime:0.000000s ]
INFO: [ view_filter ] --END-- [ RunTime:-0.051003s ]
INFO: [ view_parse ] --START--
INFO: [ template_filter ] --START--
INFO: Run Behavior\ContentReplaceBehavior [ RunTime:0.000000s ]
INFO: [ template_filter ] --END-- [ RunTime:-0.072004s ]
NOTIC: [8] Undefined variable: YZFooterJs D:\xampp\htdocs\wemall\ThinkPHP\Application\Runtime\Cache\Admin\bbbf7050b05668fa13be77e37d2e0d3d.php 第 40 行.
INFO: Run Behavior\ParseTemplateBehavior [ RunTime:0.014001s ]
INFO: [ view_parse ] --END-- [ RunTime:-0.053003s ]
INFO: [ view_filter ] --START--
INFO: Run Behavior\WriteHtmlCacheBehavior [ RunTime:0.001000s ]
INFO: [ view_filter ] --END-- [ RunTime:-0.066004s ]
INFO: [ app_end ] --START--
INFO: Run Behavior\ShowPageTraceBehavior [ RunTime:0.001000s ]
INFO: [ app_end ] --END-- [ RunTime:0.001000s ]

[ 2015-05-02T13:30:22+08:00 ] 127.0.0.1 /wemall/WeiPHP/admin.php/Admin/Index/index.html
INFO: [ app_init ] --START--
INFO: Run Behavior\BuildLiteBehavior [ RunTime:0.000000s ]
INFO: [ app_init ] --END-- [ RunTime:0.001000s ]
INFO: [ app_begin ] --START--
INFO: Run Behavior\ReadHtmlCacheBehavior [ RunTime:0.001000s ]
INFO: [ app_begin ] --END-- [ RunTime:0.002000s ]
SQL: SHOW COLUMNS FROM `wemall_admin_menu` [ RunTime:0.0280s ]
SQL: SELECT * FROM `wemall_admin_menu` WHERE ( pid = 0 ) ORDER BY sort desc  [ RunTime:0.0080s ]
NOTIC: [8] Undefined variable: menuList D:\xampp\htdocs\wemall\ThinkPHP\Application\Admin\Model\AdminMenuModel.class.php 第 66 行.
NOTIC: [8] Undefined variable: menuList D:\xampp\htdocs\wemall\ThinkPHP\Application\Admin\Model\AdminMenuModel.class.php 第 66 行.
NOTIC: [8] Undefined variable: menuList D:\xampp\htdocs\wemall\ThinkPHP\Application\Admin\Model\AdminMenuModel.class.php 第 66 行.
NOTIC: [8] Undefined variable: menuList D:\xampp\htdocs\wemall\ThinkPHP\Application\Admin\Model\AdminMenuModel.class.php 第 66 行.
NOTIC: [8] Undefined variable: menuList D:\xampp\htdocs\wemall\ThinkPHP\Application\Admin\Model\AdminMenuModel.class.php 第 66 行.
NOTIC: [8] Undefined variable: menuList D:\xampp\htdocs\wemall\ThinkPHP\Application\Admin\Model\AdminMenuModel.class.php 第 66 行.
NOTIC: [8] Undefined variable: menuList D:\xampp\htdocs\wemall\ThinkPHP\Application\Admin\Model\AdminMenuModel.class.php 第 66 行.
NOTIC: [8] Undefined variable: menuList D:\xampp\htdocs\wemall\ThinkPHP\Application\Admin\Model\AdminMenuModel.class.php 第 66 行.
NOTIC: [8] Undefined variable: menuList D:\xampp\htdocs\wemall\ThinkPHP\Application\Admin\Model\AdminMenuModel.class.php 第 66 行.
NOTIC: [8] Undefined variable: menuList D:\xampp\htdocs\wemall\ThinkPHP\Application\Admin\Model\AdminMenuModel.class.php 第 66 行.
NOTIC: [8] Undefined variable: menuList D:\xampp\htdocs\wemall\ThinkPHP\Application\Admin\Model\AdminMenuModel.class.php 第 66 行.
NOTIC: [8] Use of undefined constant url - assumed 'url' D:\xampp\htdocs\wemall\ThinkPHP\Application\Admin\Controller\MenuListController.class.php 第 30 行.
NOTIC: [8] Use of undefined constant url - assumed 'url' D:\xampp\htdocs\wemall\ThinkPHP\Application\Admin\Controller\MenuListController.class.php 第 30 行.
NOTIC: [8] Use of undefined constant url - assumed 'url' D:\xampp\htdocs\wemall\ThinkPHP\Application\Admin\Controller\MenuListController.class.php 第 30 行.
NOTIC: [8] Use of undefined constant url - assumed 'url' D:\xampp\htdocs\wemall\ThinkPHP\Application\Admin\Controller\MenuListController.class.php 第 30 行.
NOTIC: [8] Use of undefined constant url - assumed 'url' D:\xampp\htdocs\wemall\ThinkPHP\Application\Admin\Controller\MenuListController.class.php 第 30 行.
NOTIC: [8] Use of undefined constant url - assumed 'url' D:\xampp\htdocs\wemall\ThinkPHP\Application\Admin\Controller\MenuListController.class.php 第 30 行.
NOTIC: [8] Use of undefined constant url - assumed 'url' D:\xampp\htdocs\wemall\ThinkPHP\Application\Admin\Controller\MenuListController.class.php 第 30 行.
NOTIC: [8] Use of undefined constant url - assumed 'url' D:\xampp\htdocs\wemall\ThinkPHP\Application\Admin\Controller\MenuListController.class.php 第 30 行.
NOTIC: [8] Use of undefined constant url - assumed 'url' D:\xampp\htdocs\wemall\ThinkPHP\Application\Admin\Controller\MenuListController.class.php 第 30 行.
NOTIC: [8] Use of undefined constant url - assumed 'url' D:\xampp\htdocs\wemall\ThinkPHP\Application\Admin\Controller\MenuListController.class.php 第 30 行.
NOTIC: [8] Use of undefined constant url - assumed 'url' D:\xampp\htdocs\wemall\ThinkPHP\Application\Admin\Controller\MenuListController.class.php 第 30 行.
SQL: SHOW COLUMNS FROM `wemall_admin_menu` [ RunTime:0.0080s ]
SQL: SELECT * FROM `wemall_admin_menu` WHERE `module` = 'Admin' AND `controller` = 'Index' AND `action` = 'index' LIMIT 1   [ RunTime:0.0070s ]
SQL: SELECT * FROM `wemall_admin_menu` WHERE `id` = 23 LIMIT 1   [ RunTime:0.0070s ]
NOTIC: [8] Use of undefined constant pid - assumed 'pid' D:\xampp\htdocs\wemall\ThinkPHP\Application\Admin\Model\AdminMenuModel.class.php 第 44 行.
INFO: [ view_parse ] --START--
INFO: [ template_filter ] --START--
INFO: Run Behavior\ContentReplaceBehavior [ RunTime:0.001000s ]
INFO: [ template_filter ] --END-- [ RunTime:0.001000s ]
NOTIC: [8] Undefined index: class D:\xampp\htdocs\wemall\ThinkPHP\Application\Runtime\Cache\Admin\bc62bb2a7402468c1e0e6ba68e4517bd.php 第 2 行.
NOTIC: [8] Undefined index: class D:\xampp\htdocs\wemall\ThinkPHP\Application\Runtime\Cache\Admin\bc62bb2a7402468c1e0e6ba68e4517bd.php 第 2 行.
NOTIC: [8] Undefined index: class D:\xampp\htdocs\wemall\ThinkPHP\Application\Runtime\Cache\Admin\bc62bb2a7402468c1e0e6ba68e4517bd.php 第 2 行.
NOTIC: [8] Undefined index: class D:\xampp\htdocs\wemall\ThinkPHP\Application\Runtime\Cache\Admin\bc62bb2a7402468c1e0e6ba68e4517bd.php 第 2 行.
NOTIC: [8] Undefined index: class D:\xampp\htdocs\wemall\ThinkPHP\Application\Runtime\Cache\Admin\bc62bb2a7402468c1e0e6ba68e4517bd.php 第 2 行.
NOTIC: [8] Undefined index: class D:\xampp\htdocs\wemall\ThinkPHP\Application\Runtime\Cache\Admin\bc62bb2a7402468c1e0e6ba68e4517bd.php 第 2 行.
NOTIC: [8] Undefined index: class D:\xampp\htdocs\wemall\ThinkPHP\Application\Runtime\Cache\Admin\bc62bb2a7402468c1e0e6ba68e4517bd.php 第 2 行.
NOTIC: [8] Undefined index: class D:\xampp\htdocs\wemall\ThinkPHP\Application\Runtime\Cache\Admin\bc62bb2a7402468c1e0e6ba68e4517bd.php 第 2 行.
NOTIC: [8] Undefined index: class D:\xampp\htdocs\wemall\ThinkPHP\Application\Runtime\Cache\Admin\bc62bb2a7402468c1e0e6ba68e4517bd.php 第 2 行.
NOTIC: [8] Undefined index: class D:\xampp\htdocs\wemall\ThinkPHP\Application\Runtime\Cache\Admin\bc62bb2a7402468c1e0e6ba68e4517bd.php 第 2 行.
INFO: Run Behavior\ParseTemplateBehavior [ RunTime:0.030001s ]
INFO: [ view_parse ] --END-- [ RunTime:0.030001s ]
INFO: [ view_filter ] --START--
INFO: Run Behavior\WriteHtmlCacheBehavior [ RunTime:0.001001s ]
INFO: [ view_filter ] --END-- [ RunTime:0.001001s ]
SQL: SELECT * FROM `wemall_admin_menu` WHERE `module` = 'Admin' AND `controller` = 'Index' AND `action` = 'index' LIMIT 1   [ RunTime:0.0070s ]
SQL: SELECT * FROM `wemall_admin_menu` WHERE `id` = 23 LIMIT 1   [ RunTime:0.0080s ]
NOTIC: [8] Use of undefined constant pid - assumed 'pid' D:\xampp\htdocs\wemall\ThinkPHP\Application\Admin\Model\AdminMenuModel.class.php 第 44 行.
SQL: SELECT * FROM `wemall_admin_menu` WHERE ( pid = 23 ) ORDER BY sort desc  [ RunTime:0.0080s ]
SQL: SELECT * FROM `wemall_admin_menu` WHERE `module` = 'Admin' AND `controller` = 'Index' AND `action` = 'index' LIMIT 1   [ RunTime:0.0100s ]
NOTIC: [8] Use of undefined constant logout - assumed 'logout' D:\xampp\htdocs\wemall\ThinkPHP\Application\Admin\Controller\IndexController.class.php 第 13 行.
INFO: [ view_parse ] --START--
INFO: [ template_filter ] --START--
INFO: Run Behavior\ContentReplaceBehavior [ RunTime:0.000000s ]
INFO: [ template_filter ] --END-- [ RunTime:-0.060004s ]
INFO: Run Behavior\ParseTemplateBehavior [ RunTime:0.007001s ]
INFO: [ view_parse ] --END-- [ RunTime:-0.050003s ]
INFO: [ view_filter ] --START--
INFO: Run Behavior\WriteHtmlCacheBehavior [ RunTime:0.000000s ]
INFO: [ view_filter ] --END-- [ RunTime:-0.057003s ]
INFO: [ view_parse ] --START--
INFO: [ template_filter ] --START--
INFO: Run Behavior\ContentReplaceBehavior [ RunTime:0.000000s ]
INFO: [ template_filter ] --END-- [ RunTime:-0.080005s ]
NOTIC: [8] Undefined variable: YZFooterJs D:\xampp\htdocs\wemall\ThinkPHP\Application\Runtime\Cache\Admin\bbbf7050b05668fa13be77e37d2e0d3d.php 第 40 行.
INFO: Run Behavior\ParseTemplateBehavior [ RunTime:0.020001s ]
INFO: [ view_parse ] --END-- [ RunTime:-0.059004s ]
INFO: [ view_filter ] --START--
INFO: Run Behavior\WriteHtmlCacheBehavior [ RunTime:0.000000s ]
INFO: [ view_filter ] --END-- [ RunTime:-0.079004s ]
INFO: [ app_end ] --START--
INFO: Run Behavior\ShowPageTraceBehavior [ RunTime:0.001000s ]
INFO: [ app_end ] --END-- [ RunTime:0.001000s ]

[ 2015-05-02T13:30:26+08:00 ] 127.0.0.1 /wemall/WeiPHP/admin.php/Admin/Index/index.html
INFO: [ app_init ] --START--
INFO: Run Behavior\BuildLiteBehavior [ RunTime:0.000000s ]
INFO: [ app_init ] --END-- [ RunTime:0.001000s ]
INFO: [ app_begin ] --START--
INFO: Run Behavior\ReadHtmlCacheBehavior [ RunTime:0.001000s ]
INFO: [ app_begin ] --END-- [ RunTime:0.001000s ]
SQL: SHOW COLUMNS FROM `wemall_admin_menu` [ RunTime:0.0290s ]
SQL: SELECT * FROM `wemall_admin_menu` WHERE ( pid = 0 ) ORDER BY sort desc  [ RunTime:0.0090s ]
NOTIC: [8] Undefined variable: menuList D:\xampp\htdocs\wemall\ThinkPHP\Application\Admin\Model\AdminMenuModel.class.php 第 66 行.
NOTIC: [8] Undefined variable: menuList D:\xampp\htdocs\wemall\ThinkPHP\Application\Admin\Model\AdminMenuModel.class.php 第 66 行.
NOTIC: [8] Undefined variable: menuList D:\xampp\htdocs\wemall\ThinkPHP\Application\Admin\Model\AdminMenuModel.class.php 第 66 行.
NOTIC: [8] Undefined variable: menuList D:\xampp\htdocs\wemall\ThinkPHP\Application\Admin\Model\AdminMenuModel.class.php 第 66 行.
NOTIC: [8] Undefined variable: menuList D:\xampp\htdocs\wemall\ThinkPHP\Application\Admin\Model\AdminMenuModel.class.php 第 66 行.
NOTIC: [8] Undefined variable: menuList D:\xampp\htdocs\wemall\ThinkPHP\Application\Admin\Model\AdminMenuModel.class.php 第 66 行.
NOTIC: [8] Undefined variable: menuList D:\xampp\htdocs\wemall\ThinkPHP\Application\Admin\Model\AdminMenuModel.class.php 第 66 行.
NOTIC: [8] Undefined variable: menuList D:\xampp\htdocs\wemall\ThinkPHP\Application\Admin\Model\AdminMenuModel.class.php 第 66 行.
NOTIC: [8] Undefined variable: menuList D:\xampp\htdocs\wemall\ThinkPHP\Application\Admin\Model\AdminMenuModel.class.php 第 66 行.
NOTIC: [8] Undefined variable: menuList D:\xampp\htdocs\wemall\ThinkPHP\Application\Admin\Model\AdminMenuModel.class.php 第 66 行.
NOTIC: [8] Undefined variable: menuList D:\xampp\htdocs\wemall\ThinkPHP\Application\Admin\Model\AdminMenuModel.class.php 第 66 行.
NOTIC: [8] Use of undefined constant url - assumed 'url' D:\xampp\htdocs\wemall\ThinkPHP\Application\Admin\Controller\MenuListController.class.php 第 30 行.
NOTIC: [8] Use of undefined constant url - assumed 'url' D:\xampp\htdocs\wemall\ThinkPHP\Application\Admin\Controller\MenuListController.class.php 第 30 行.
NOTIC: [8] Use of undefined constant url - assumed 'url' D:\xampp\htdocs\wemall\ThinkPHP\Application\Admin\Controller\MenuListController.class.php 第 30 行.
NOTIC: [8] Use of undefined constant url - assumed 'url' D:\xampp\htdocs\wemall\ThinkPHP\Application\Admin\Controller\MenuListController.class.php 第 30 行.
NOTIC: [8] Use of undefined constant url - assumed 'url' D:\xampp\htdocs\wemall\ThinkPHP\Application\Admin\Controller\MenuListController.class.php 第 30 行.
NOTIC: [8] Use of undefined constant url - assumed 'url' D:\xampp\htdocs\wemall\ThinkPHP\Application\Admin\Controller\MenuListController.class.php 第 30 行.
NOTIC: [8] Use of undefined constant url - assumed 'url' D:\xampp\htdocs\wemall\ThinkPHP\Application\Admin\Controller\MenuListController.class.php 第 30 行.
NOTIC: [8] Use of undefined constant url - assumed 'url' D:\xampp\htdocs\wemall\ThinkPHP\Application\Admin\Controller\MenuListController.class.php 第 30 行.
NOTIC: [8] Use of undefined constant url - assumed 'url' D:\xampp\htdocs\wemall\ThinkPHP\Application\Admin\Controller\MenuListController.class.php 第 30 行.
NOTIC: [8] Use of undefined constant url - assumed 'url' D:\xampp\htdocs\wemall\ThinkPHP\Application\Admin\Controller\MenuListController.class.php 第 30 行.
NOTIC: [8] Use of undefined constant url - assumed 'url' D:\xampp\htdocs\wemall\ThinkPHP\Application\Admin\Controller\MenuListController.class.php 第 30 行.
SQL: SHOW COLUMNS FROM `wemall_admin_menu` [ RunTime:0.0100s ]
SQL: SELECT * FROM `wemall_admin_menu` WHERE `module` = 'Admin' AND `controller` = 'Index' AND `action` = 'index' LIMIT 1   [ RunTime:0.0090s ]
SQL: SELECT * FROM `wemall_admin_menu` WHERE `id` = 23 LIMIT 1   [ RunTime:0.0080s ]
NOTIC: [8] Use of undefined constant pid - assumed 'pid' D:\xampp\htdocs\wemall\ThinkPHP\Application\Admin\Model\AdminMenuModel.class.php 第 44 行.
INFO: [ view_parse ] --START--
INFO: [ template_filter ] --START--
INFO: Run Behavior\ContentReplaceBehavior [ RunTime:0.001000s ]
INFO: [ template_filter ] --END-- [ RunTime:0.001000s ]
NOTIC: [8] Undefined index: class D:\xampp\htdocs\wemall\ThinkPHP\Application\Runtime\Cache\Admin\bc62bb2a7402468c1e0e6ba68e4517bd.php 第 2 行.
NOTIC: [8] Undefined index: class D:\xampp\htdocs\wemall\ThinkPHP\Application\Runtime\Cache\Admin\bc62bb2a7402468c1e0e6ba68e4517bd.php 第 2 行.
NOTIC: [8] Undefined index: class D:\xampp\htdocs\wemall\ThinkPHP\Application\Runtime\Cache\Admin\bc62bb2a7402468c1e0e6ba68e4517bd.php 第 2 行.
NOTIC: [8] Undefined index: class D:\xampp\htdocs\wemall\ThinkPHP\Application\Runtime\Cache\Admin\bc62bb2a7402468c1e0e6ba68e4517bd.php 第 2 行.
NOTIC: [8] Undefined index: class D:\xampp\htdocs\wemall\ThinkPHP\Application\Runtime\Cache\Admin\bc62bb2a7402468c1e0e6ba68e4517bd.php 第 2 行.
NOTIC: [8] Undefined index: class D:\xampp\htdocs\wemall\ThinkPHP\Application\Runtime\Cache\Admin\bc62bb2a7402468c1e0e6ba68e4517bd.php 第 2 行.
NOTIC: [8] Undefined index: class D:\xampp\htdocs\wemall\ThinkPHP\Application\Runtime\Cache\Admin\bc62bb2a7402468c1e0e6ba68e4517bd.php 第 2 行.
NOTIC: [8] Undefined index: class D:\xampp\htdocs\wemall\ThinkPHP\Application\Runtime\Cache\Admin\bc62bb2a7402468c1e0e6ba68e4517bd.php 第 2 行.
NOTIC: [8] Undefined index: class D:\xampp\htdocs\wemall\ThinkPHP\Application\Runtime\Cache\Admin\bc62bb2a7402468c1e0e6ba68e4517bd.php 第 2 行.
NOTIC: [8] Undefined index: class D:\xampp\htdocs\wemall\ThinkPHP\Application\Runtime\Cache\Admin\bc62bb2a7402468c1e0e6ba68e4517bd.php 第 2 行.
INFO: Run Behavior\ParseTemplateBehavior [ RunTime:0.017001s ]
INFO: [ view_parse ] --END-- [ RunTime:0.019001s ]
INFO: [ view_filter ] --START--
INFO: Run Behavior\WriteHtmlCacheBehavior [ RunTime:0.001000s ]
INFO: [ view_filter ] --END-- [ RunTime:0.001000s ]
SQL: SELECT * FROM `wemall_admin_menu` WHERE `module` = 'Admin' AND `controller` = 'Index' AND `action` = 'index' LIMIT 1   [ RunTime:0.0080s ]
SQL: SELECT * FROM `wemall_admin_menu` WHERE `id` = 23 LIMIT 1   [ RunTime:0.0100s ]
NOTIC: [8] Use of undefined constant pid - assumed 'pid' D:\xampp\htdocs\wemall\ThinkPHP\Application\Admin\Model\AdminMenuModel.class.php 第 44 行.
SQL: SELECT * FROM `wemall_admin_menu` WHERE ( pid = 23 ) ORDER BY sort desc  [ RunTime:0.0090s ]
SQL: SELECT * FROM `wemall_admin_menu` WHERE `module` = 'Admin' AND `controller` = 'Index' AND `action` = 'index' LIMIT 1   [ RunTime:0.0090s ]
NOTIC: [8] Use of undefined constant logout - assumed 'logout' D:\xampp\htdocs\wemall\ThinkPHP\Application\Admin\Controller\IndexController.class.php 第 13 行.
INFO: [ view_parse ] --START--
INFO: [ template_filter ] --START--
INFO: Run Behavior\ContentReplaceBehavior [ RunTime:0.000000s ]
INFO: [ template_filter ] --END-- [ RunTime:-0.059003s ]
INFO: Run Behavior\ParseTemplateBehavior [ RunTime:0.005000s ]
INFO: [ view_parse ] --END-- [ RunTime:-0.051003s ]
INFO: [ view_filter ] --START--
INFO: Run Behavior\WriteHtmlCacheBehavior [ RunTime:0.000000s ]
INFO: [ view_filter ] --END-- [ RunTime:-0.056003s ]
INFO: [ view_parse ] --START--
INFO: [ template_filter ] --START--
INFO: Run Behavior\ContentReplaceBehavior [ RunTime:0.000000s ]
INFO: [ template_filter ] --END-- [ RunTime:-0.075004s ]
NOTIC: [8] Undefined variable: YZFooterJs D:\xampp\htdocs\wemall\ThinkPHP\Application\Runtime\Cache\Admin\bbbf7050b05668fa13be77e37d2e0d3d.php 第 40 行.
INFO: Run Behavior\ParseTemplateBehavior [ RunTime:0.015001s ]
INFO: [ view_parse ] --END-- [ RunTime:-0.058003s ]
INFO: [ view_filter ] --START--
INFO: Run Behavior\WriteHtmlCacheBehavior [ RunTime:0.000000s ]
INFO: [ view_filter ] --END-- [ RunTime:-0.072004s ]
INFO: [ app_end ] --START--
INFO: Run Behavior\ShowPageTraceBehavior [ RunTime:0.001000s ]
INFO: [ app_end ] --END-- [ RunTime:0.002000s ]

[ 2015-05-02T14:40:05+08:00 ] 127.0.0.1 /wemall/WeiPHP/admin.php/Admin/Index/index.html
INFO: [ app_init ] --START--
INFO: Run Behavior\BuildLiteBehavior [ RunTime:0.000000s ]
INFO: [ app_init ] --END-- [ RunTime:0.001000s ]
INFO: [ app_begin ] --START--
INFO: Run Behavior\ReadHtmlCacheBehavior [ RunTime:0.001000s ]
INFO: [ app_begin ] --END-- [ RunTime:0.001000s ]
SQL: SHOW COLUMNS FROM `wemall_admin_menu` [ RunTime:0.0290s ]
SQL: SELECT * FROM `wemall_admin_menu` WHERE ( pid = 0 ) ORDER BY sort desc  [ RunTime:0.0100s ]
NOTIC: [8] Undefined variable: menuList D:\xampp\htdocs\wemall\ThinkPHP\Application\Admin\Model\AdminMenuModel.class.php 第 66 行.
NOTIC: [8] Undefined variable: menuList D:\xampp\htdocs\wemall\ThinkPHP\Application\Admin\Model\AdminMenuModel.class.php 第 66 行.
NOTIC: [8] Undefined variable: menuList D:\xampp\htdocs\wemall\ThinkPHP\Application\Admin\Model\AdminMenuModel.class.php 第 66 行.
NOTIC: [8] Undefined variable: menuList D:\xampp\htdocs\wemall\ThinkPHP\Application\Admin\Model\AdminMenuModel.class.php 第 66 行.
NOTIC: [8] Undefined variable: menuList D:\xampp\htdocs\wemall\ThinkPHP\Application\Admin\Model\AdminMenuModel.class.php 第 66 行.
NOTIC: [8] Undefined variable: menuList D:\xampp\htdocs\wemall\ThinkPHP\Application\Admin\Model\AdminMenuModel.class.php 第 66 行.
NOTIC: [8] Undefined variable: menuList D:\xampp\htdocs\wemall\ThinkPHP\Application\Admin\Model\AdminMenuModel.class.php 第 66 行.
NOTIC: [8] Undefined variable: menuList D:\xampp\htdocs\wemall\ThinkPHP\Application\Admin\Model\AdminMenuModel.class.php 第 66 行.
NOTIC: [8] Undefined variable: menuList D:\xampp\htdocs\wemall\ThinkPHP\Application\Admin\Model\AdminMenuModel.class.php 第 66 行.
NOTIC: [8] Undefined variable: menuList D:\xampp\htdocs\wemall\ThinkPHP\Application\Admin\Model\AdminMenuModel.class.php 第 66 行.
NOTIC: [8] Undefined variable: menuList D:\xampp\htdocs\wemall\ThinkPHP\Application\Admin\Model\AdminMenuModel.class.php 第 66 行.
NOTIC: [8] Use of undefined constant url - assumed 'url' D:\xampp\htdocs\wemall\ThinkPHP\Application\Admin\Controller\MenuListController.class.php 第 30 行.
NOTIC: [8] Use of undefined constant url - assumed 'url' D:\xampp\htdocs\wemall\ThinkPHP\Application\Admin\Controller\MenuListController.class.php 第 30 行.
NOTIC: [8] Use of undefined constant url - assumed 'url' D:\xampp\htdocs\wemall\ThinkPHP\Application\Admin\Controller\MenuListController.class.php 第 30 行.
NOTIC: [8] Use of undefined constant url - assumed 'url' D:\xampp\htdocs\wemall\ThinkPHP\Application\Admin\Controller\MenuListController.class.php 第 30 行.
NOTIC: [8] Use of undefined constant url - assumed 'url' D:\xampp\htdocs\wemall\ThinkPHP\Application\Admin\Controller\MenuListController.class.php 第 30 行.
NOTIC: [8] Use of undefined constant url - assumed 'url' D:\xampp\htdocs\wemall\ThinkPHP\Application\Admin\Controller\MenuListController.class.php 第 30 行.
NOTIC: [8] Use of undefined constant url - assumed 'url' D:\xampp\htdocs\wemall\ThinkPHP\Application\Admin\Controller\MenuListController.class.php 第 30 行.
NOTIC: [8] Use of undefined constant url - assumed 'url' D:\xampp\htdocs\wemall\ThinkPHP\Application\Admin\Controller\MenuListController.class.php 第 30 行.
NOTIC: [8] Use of undefined constant url - assumed 'url' D:\xampp\htdocs\wemall\ThinkPHP\Application\Admin\Controller\MenuListController.class.php 第 30 行.
NOTIC: [8] Use of undefined constant url - assumed 'url' D:\xampp\htdocs\wemall\ThinkPHP\Application\Admin\Controller\MenuListController.class.php 第 30 行.
NOTIC: [8] Use of undefined constant url - assumed 'url' D:\xampp\htdocs\wemall\ThinkPHP\Application\Admin\Controller\MenuListController.class.php 第 30 行.
SQL: SHOW COLUMNS FROM `wemall_admin_menu` [ RunTime:0.0090s ]
SQL: SELECT * FROM `wemall_admin_menu` WHERE `module` = 'Admin' AND `controller` = 'Index' AND `action` = 'index' LIMIT 1   [ RunTime:0.0110s ]
SQL: SELECT * FROM `wemall_admin_menu` WHERE `id` = 23 LIMIT 1   [ RunTime:0.0090s ]
NOTIC: [8] Use of undefined constant pid - assumed 'pid' D:\xampp\htdocs\wemall\ThinkPHP\Application\Admin\Model\AdminMenuModel.class.php 第 44 行.
INFO: [ view_parse ] --START--
INFO: [ template_filter ] --START--
INFO: Run Behavior\ContentReplaceBehavior [ RunTime:0.000000s ]
INFO: [ template_filter ] --END-- [ RunTime:0.000000s ]
NOTIC: [8] Undefined index: class D:\xampp\htdocs\wemall\ThinkPHP\Application\Runtime\Cache\Admin\bc62bb2a7402468c1e0e6ba68e4517bd.php 第 2 行.
NOTIC: [8] Undefined index: class D:\xampp\htdocs\wemall\ThinkPHP\Application\Runtime\Cache\Admin\bc62bb2a7402468c1e0e6ba68e4517bd.php 第 2 行.
NOTIC: [8] Undefined index: class D:\xampp\htdocs\wemall\ThinkPHP\Application\Runtime\Cache\Admin\bc62bb2a7402468c1e0e6ba68e4517bd.php 第 2 行.
NOTIC: [8] Undefined index: class D:\xampp\htdocs\wemall\ThinkPHP\Application\Runtime\Cache\Admin\bc62bb2a7402468c1e0e6ba68e4517bd.php 第 2 行.
NOTIC: [8] Undefined index: class D:\xampp\htdocs\wemall\ThinkPHP\Application\Runtime\Cache\Admin\bc62bb2a7402468c1e0e6ba68e4517bd.php 第 2 行.
NOTIC: [8] Undefined index: class D:\xampp\htdocs\wemall\ThinkPHP\Application\Runtime\Cache\Admin\bc62bb2a7402468c1e0e6ba68e4517bd.php 第 2 行.
NOTIC: [8] Undefined index: class D:\xampp\htdocs\wemall\ThinkPHP\Application\Runtime\Cache\Admin\bc62bb2a7402468c1e0e6ba68e4517bd.php 第 2 行.
NOTIC: [8] Undefined index: class D:\xampp\htdocs\wemall\ThinkPHP\Application\Runtime\Cache\Admin\bc62bb2a7402468c1e0e6ba68e4517bd.php 第 2 行.
NOTIC: [8] Undefined index: class D:\xampp\htdocs\wemall\ThinkPHP\Application\Runtime\Cache\Admin\bc62bb2a7402468c1e0e6ba68e4517bd.php 第 2 行.
NOTIC: [8] Undefined index: class D:\xampp\htdocs\wemall\ThinkPHP\Application\Runtime\Cache\Admin\bc62bb2a7402468c1e0e6ba68e4517bd.php 第 2 行.
INFO: Run Behavior\ParseTemplateBehavior [ RunTime:0.021001s ]
INFO: [ view_parse ] --END-- [ RunTime:0.022001s ]
INFO: [ view_filter ] --START--
INFO: Run Behavior\WriteHtmlCacheBehavior [ RunTime:0.000000s ]
INFO: [ view_filter ] --END-- [ RunTime:0.002000s ]
SQL: SELECT * FROM `wemall_admin_menu` WHERE `module` = 'Admin' AND `controller` = 'Index' AND `action` = 'index' LIMIT 1   [ RunTime:0.0080s ]
SQL: SELECT * FROM `wemall_admin_menu` WHERE `id` = 23 LIMIT 1   [ RunTime:0.0170s ]
NOTIC: [8] Use of undefined constant pid - assumed 'pid' D:\xampp\htdocs\wemall\ThinkPHP\Application\Admin\Model\AdminMenuModel.class.php 第 44 行.
SQL: SELECT * FROM `wemall_admin_menu` WHERE ( pid = 23 ) ORDER BY sort desc  [ RunTime:0.0080s ]
SQL: SELECT * FROM `wemall_admin_menu` WHERE `module` = 'Admin' AND `controller` = 'Index' AND `action` = 'index' LIMIT 1   [ RunTime:0.0110s ]
NOTIC: [8] Use of undefined constant logout - assumed 'logout' D:\xampp\htdocs\wemall\ThinkPHP\Application\Admin\Controller\IndexController.class.php 第 13 行.
INFO: [ view_parse ] --START--
INFO: [ template_filter ] --START--
INFO: Run Behavior\ContentReplaceBehavior [ RunTime:0.000000s ]
INFO: [ template_filter ] --END-- [ RunTime:-0.069004s ]
INFO: Run Behavior\ParseTemplateBehavior [ RunTime:0.005000s ]
INFO: [ view_parse ] --END-- [ RunTime:-0.061004s ]
INFO: [ view_filter ] --START--
INFO: Run Behavior\WriteHtmlCacheBehavior [ RunTime:0.000000s ]
INFO: [ view_filter ] --END-- [ RunTime:-0.065004s ]
INFO: [ view_parse ] --START--
INFO: [ template_filter ] --START--
INFO: Run Behavior\ContentReplaceBehavior [ RunTime:0.000000s ]
INFO: [ template_filter ] --END-- [ RunTime:-0.084005s ]
NOTIC: [8] Undefined variable: YZFooterJs D:\xampp\htdocs\wemall\ThinkPHP\Application\Runtime\Cache\Admin\bbbf7050b05668fa13be77e37d2e0d3d.php 第 40 行.
INFO: Run Behavior\ParseTemplateBehavior [ RunTime:0.013001s ]
INFO: [ view_parse ] --END-- [ RunTime:-0.069004s ]
INFO: [ view_filter ] --START--
INFO: Run Behavior\WriteHtmlCacheBehavior [ RunTime:0.000000s ]
INFO: [ view_filter ] --END-- [ RunTime:-0.081005s ]
INFO: [ app_end ] --START--
INFO: Run Behavior\ShowPageTraceBehavior [ RunTime:0.000000s ]
INFO: [ app_end ] --END-- [ RunTime:0.001000s ]

[ 2015-05-02T15:54:13+08:00 ] 127.0.0.1 /wemall/WeiPHP/admin.php
INFO: [ app_init ] --START--
INFO: Run Behavior\BuildLiteBehavior [ RunTime:0.000000s ]
INFO: [ app_init ] --END-- [ RunTime:0.000000s ]
INFO: [ app_begin ] --START--
INFO: Run Behavior\ReadHtmlCacheBehavior [ RunTime:0.001000s ]
INFO: [ app_begin ] --END-- [ RunTime:0.001000s ]
SQL: SHOW COLUMNS FROM `wemall_admin_menu` [ RunTime:0.0300s ]
SQL: SELECT * FROM `wemall_admin_menu` WHERE ( pid = 0 ) ORDER BY sort desc  [ RunTime:0.0100s ]
NOTIC: [8] Undefined variable: menuList D:\xampp\htdocs\wemall\ThinkPHP\Application\Admin\Model\AdminMenuModel.class.php 第 66 行.
NOTIC: [8] Undefined variable: menuList D:\xampp\htdocs\wemall\ThinkPHP\Application\Admin\Model\AdminMenuModel.class.php 第 66 行.
NOTIC: [8] Undefined variable: menuList D:\xampp\htdocs\wemall\ThinkPHP\Application\Admin\Model\AdminMenuModel.class.php 第 66 行.
NOTIC: [8] Undefined variable: menuList D:\xampp\htdocs\wemall\ThinkPHP\Application\Admin\Model\AdminMenuModel.class.php 第 66 行.
NOTIC: [8] Undefined variable: menuList D:\xampp\htdocs\wemall\ThinkPHP\Application\Admin\Model\AdminMenuModel.class.php 第 66 行.
NOTIC: [8] Undefined variable: menuList D:\xampp\htdocs\wemall\ThinkPHP\Application\Admin\Model\AdminMenuModel.class.php 第 66 行.
NOTIC: [8] Undefined variable: menuList D:\xampp\htdocs\wemall\ThinkPHP\Application\Admin\Model\AdminMenuModel.class.php 第 66 行.
NOTIC: [8] Undefined variable: menuList D:\xampp\htdocs\wemall\ThinkPHP\Application\Admin\Model\AdminMenuModel.class.php 第 66 行.
NOTIC: [8] Undefined variable: menuList D:\xampp\htdocs\wemall\ThinkPHP\Application\Admin\Model\AdminMenuModel.class.php 第 66 行.
NOTIC: [8] Undefined variable: menuList D:\xampp\htdocs\wemall\ThinkPHP\Application\Admin\Model\AdminMenuModel.class.php 第 66 行.
NOTIC: [8] Undefined variable: menuList D:\xampp\htdocs\wemall\ThinkPHP\Application\Admin\Model\AdminMenuModel.class.php 第 66 行.
NOTIC: [8] Use of undefined constant url - assumed 'url' D:\xampp\htdocs\wemall\ThinkPHP\Application\Admin\Controller\MenuListController.class.php 第 30 行.
NOTIC: [8] Use of undefined constant url - assumed 'url' D:\xampp\htdocs\wemall\ThinkPHP\Application\Admin\Controller\MenuListController.class.php 第 30 行.
NOTIC: [8] Use of undefined constant url - assumed 'url' D:\xampp\htdocs\wemall\ThinkPHP\Application\Admin\Controller\MenuListController.class.php 第 30 行.
NOTIC: [8] Use of undefined constant url - assumed 'url' D:\xampp\htdocs\wemall\ThinkPHP\Application\Admin\Controller\MenuListController.class.php 第 30 行.
NOTIC: [8] Use of undefined constant url - assumed 'url' D:\xampp\htdocs\wemall\ThinkPHP\Application\Admin\Controller\MenuListController.class.php 第 30 行.
NOTIC: [8] Use of undefined constant url - assumed 'url' D:\xampp\htdocs\wemall\ThinkPHP\Application\Admin\Controller\MenuListController.class.php 第 30 行.
NOTIC: [8] Use of undefined constant url - assumed 'url' D:\xampp\htdocs\wemall\ThinkPHP\Application\Admin\Controller\MenuListController.class.php 第 30 行.
NOTIC: [8] Use of undefined constant url - assumed 'url' D:\xampp\htdocs\wemall\ThinkPHP\Application\Admin\Controller\MenuListController.class.php 第 30 行.
NOTIC: [8] Use of undefined constant url - assumed 'url' D:\xampp\htdocs\wemall\ThinkPHP\Application\Admin\Controller\MenuListController.class.php 第 30 行.
NOTIC: [8] Use of undefined constant url - assumed 'url' D:\xampp\htdocs\wemall\ThinkPHP\Application\Admin\Controller\MenuListController.class.php 第 30 行.
NOTIC: [8] Use of undefined constant url - assumed 'url' D:\xampp\htdocs\wemall\ThinkPHP\Application\Admin\Controller\MenuListController.class.php 第 30 行.
SQL: SHOW COLUMNS FROM `wemall_admin_menu` [ RunTime:0.0090s ]
SQL: SELECT * FROM `wemall_admin_menu` WHERE `module` = 'Admin' AND `controller` = 'Index' AND `action` = 'index' LIMIT 1   [ RunTime:0.0090s ]
SQL: SELECT * FROM `wemall_admin_menu` WHERE `id` = 23 LIMIT 1   [ RunTime:0.0090s ]
NOTIC: [8] Use of undefined constant pid - assumed 'pid' D:\xampp\htdocs\wemall\ThinkPHP\Application\Admin\Model\AdminMenuModel.class.php 第 44 行.
INFO: [ view_parse ] --START--
INFO: [ template_filter ] --START--
INFO: Run Behavior\ContentReplaceBehavior [ RunTime:0.000000s ]
INFO: [ template_filter ] --END-- [ RunTime:0.000000s ]
NOTIC: [8] Undefined index: class D:\xampp\htdocs\wemall\ThinkPHP\Application\Runtime\Cache\Admin\bc62bb2a7402468c1e0e6ba68e4517bd.php 第 2 行.
NOTIC: [8] Undefined index: class D:\xampp\htdocs\wemall\ThinkPHP\Application\Runtime\Cache\Admin\bc62bb2a7402468c1e0e6ba68e4517bd.php 第 2 行.
NOTIC: [8] Undefined index: class D:\xampp\htdocs\wemall\ThinkPHP\Application\Runtime\Cache\Admin\bc62bb2a7402468c1e0e6ba68e4517bd.php 第 2 行.
NOTIC: [8] Undefined index: class D:\xampp\htdocs\wemall\ThinkPHP\Application\Runtime\Cache\Admin\bc62bb2a7402468c1e0e6ba68e4517bd.php 第 2 行.
NOTIC: [8] Undefined index: class D:\xampp\htdocs\wemall\ThinkPHP\Application\Runtime\Cache\Admin\bc62bb2a7402468c1e0e6ba68e4517bd.php 第 2 行.
NOTIC: [8] Undefined index: class D:\xampp\htdocs\wemall\ThinkPHP\Application\Runtime\Cache\Admin\bc62bb2a7402468c1e0e6ba68e4517bd.php 第 2 行.
NOTIC: [8] Undefined index: class D:\xampp\htdocs\wemall\ThinkPHP\Application\Runtime\Cache\Admin\bc62bb2a7402468c1e0e6ba68e4517bd.php 第 2 行.
NOTIC: [8] Undefined index: class D:\xampp\htdocs\wemall\ThinkPHP\Application\Runtime\Cache\Admin\bc62bb2a7402468c1e0e6ba68e4517bd.php 第 2 行.
NOTIC: [8] Undefined index: class D:\xampp\htdocs\wemall\ThinkPHP\Application\Runtime\Cache\Admin\bc62bb2a7402468c1e0e6ba68e4517bd.php 第 2 行.
NOTIC: [8] Undefined index: class D:\xampp\htdocs\wemall\ThinkPHP\Application\Runtime\Cache\Admin\bc62bb2a7402468c1e0e6ba68e4517bd.php 第 2 行.
INFO: Run Behavior\ParseTemplateBehavior [ RunTime:0.013001s ]
INFO: [ view_parse ] --END-- [ RunTime:0.013001s ]
INFO: [ view_filter ] --START--
INFO: Run Behavior\WriteHtmlCacheBehavior [ RunTime:0.000000s ]
INFO: [ view_filter ] --END-- [ RunTime:0.001000s ]
SQL: SELECT * FROM `wemall_admin_menu` WHERE `module` = 'Admin' AND `controller` = 'Index' AND `action` = 'index' LIMIT 1   [ RunTime:0.0140s ]
SQL: SELECT * FROM `wemall_admin_menu` WHERE `id` = 23 LIMIT 1   [ RunTime:0.0080s ]
NOTIC: [8] Use of undefined constant pid - assumed 'pid' D:\xampp\htdocs\wemall\ThinkPHP\Application\Admin\Model\AdminMenuModel.class.php 第 44 行.
SQL: SELECT * FROM `wemall_admin_menu` WHERE ( pid = 23 ) ORDER BY sort desc  [ RunTime:0.0090s ]
SQL: SELECT * FROM `wemall_admin_menu` WHERE `module` = 'Admin' AND `controller` = 'Index' AND `action` = 'index' LIMIT 1   [ RunTime:0.0080s ]
NOTIC: [8] Use of undefined constant logout - assumed 'logout' D:\xampp\htdocs\wemall\ThinkPHP\Application\Admin\Controller\IndexController.class.php 第 13 行.
INFO: [ view_parse ] --START--
INFO: [ template_filter ] --START--
INFO: Run Behavior\ContentReplaceBehavior [ RunTime:0.000000s ]
INFO: [ template_filter ] --END-- [ RunTime:-0.058003s ]
INFO: Run Behavior\ParseTemplateBehavior [ RunTime:0.005000s ]
INFO: [ view_parse ] --END-- [ RunTime:-0.052003s ]
INFO: [ view_filter ] --START--
INFO: Run Behavior\WriteHtmlCacheBehavior [ RunTime:0.000000s ]
INFO: [ view_filter ] --END-- [ RunTime:-0.057003s ]
INFO: [ view_parse ] --START--
INFO: [ template_filter ] --START--
INFO: Run Behavior\ContentReplaceBehavior [ RunTime:0.000000s ]
INFO: [ template_filter ] --END-- [ RunTime:-0.073004s ]
NOTIC: [8] Undefined variable: YZFooterJs D:\xampp\htdocs\wemall\ThinkPHP\Application\Runtime\Cache\Admin\bbbf7050b05668fa13be77e37d2e0d3d.php 第 40 行.
INFO: Run Behavior\ParseTemplateBehavior [ RunTime:0.015001s ]
INFO: [ view_parse ] --END-- [ RunTime:-0.059003s ]
INFO: [ view_filter ] --START--
INFO: Run Behavior\WriteHtmlCacheBehavior [ RunTime:0.000000s ]
INFO: [ view_filter ] --END-- [ RunTime:-0.073004s ]
INFO: [ app_end ] --START--
INFO: Run Behavior\ShowPageTraceBehavior [ RunTime:0.002000s ]
INFO: [ app_end ] --END-- [ RunTime:0.002000s ]

[ 2015-05-02T16:12:19+08:00 ] 127.0.0.1 /wemall/WeiPHP/admin.php
INFO: [ app_init ] --START--
INFO: Run Behavior\BuildLiteBehavior [ RunTime:0.000000s ]
INFO: [ app_init ] --END-- [ RunTime:0.001000s ]
INFO: [ app_begin ] --START--
INFO: Run Behavior\ReadHtmlCacheBehavior [ RunTime:0.001000s ]
INFO: [ app_begin ] --END-- [ RunTime:0.001000s ]
SQL: SHOW COLUMNS FROM `wemall_admin_menu` [ RunTime:0.0290s ]
SQL: SELECT * FROM `wemall_admin_menu` WHERE ( pid = 0 ) ORDER BY sort desc  [ RunTime:0.0100s ]
NOTIC: [8] Undefined variable: menuList D:\xampp\htdocs\wemall\ThinkPHP\Application\Admin\Model\AdminMenuModel.class.php 第 66 行.
NOTIC: [8] Undefined variable: menuList D:\xampp\htdocs\wemall\ThinkPHP\Application\Admin\Model\AdminMenuModel.class.php 第 66 行.
NOTIC: [8] Undefined variable: menuList D:\xampp\htdocs\wemall\ThinkPHP\Application\Admin\Model\AdminMenuModel.class.php 第 66 行.
NOTIC: [8] Undefined variable: menuList D:\xampp\htdocs\wemall\ThinkPHP\Application\Admin\Model\AdminMenuModel.class.php 第 66 行.
NOTIC: [8] Undefined variable: menuList D:\xampp\htdocs\wemall\ThinkPHP\Application\Admin\Model\AdminMenuModel.class.php 第 66 行.
NOTIC: [8] Undefined variable: menuList D:\xampp\htdocs\wemall\ThinkPHP\Application\Admin\Model\AdminMenuModel.class.php 第 66 行.
NOTIC: [8] Undefined variable: menuList D:\xampp\htdocs\wemall\ThinkPHP\Application\Admin\Model\AdminMenuModel.class.php 第 66 行.
NOTIC: [8] Undefined variable: menuList D:\xampp\htdocs\wemall\ThinkPHP\Application\Admin\Model\AdminMenuModel.class.php 第 66 行.
NOTIC: [8] Undefined variable: menuList D:\xampp\htdocs\wemall\ThinkPHP\Application\Admin\Model\AdminMenuModel.class.php 第 66 行.
NOTIC: [8] Undefined variable: menuList D:\xampp\htdocs\wemall\ThinkPHP\Application\Admin\Model\AdminMenuModel.class.php 第 66 行.
NOTIC: [8] Undefined variable: menuList D:\xampp\htdocs\wemall\ThinkPHP\Application\Admin\Model\AdminMenuModel.class.php 第 66 行.
NOTIC: [8] Use of undefined constant url - assumed 'url' D:\xampp\htdocs\wemall\ThinkPHP\Application\Admin\Controller\MenuListController.class.php 第 30 行.
NOTIC: [8] Use of undefined constant url - assumed 'url' D:\xampp\htdocs\wemall\ThinkPHP\Application\Admin\Controller\MenuListController.class.php 第 30 行.
NOTIC: [8] Use of undefined constant url - assumed 'url' D:\xampp\htdocs\wemall\ThinkPHP\Application\Admin\Controller\MenuListController.class.php 第 30 行.
NOTIC: [8] Use of undefined constant url - assumed 'url' D:\xampp\htdocs\wemall\ThinkPHP\Application\Admin\Controller\MenuListController.class.php 第 30 行.
NOTIC: [8] Use of undefined constant url - assumed 'url' D:\xampp\htdocs\wemall\ThinkPHP\Application\Admin\Controller\MenuListController.class.php 第 30 行.
NOTIC: [8] Use of undefined constant url - assumed 'url' D:\xampp\htdocs\wemall\ThinkPHP\Application\Admin\Controller\MenuListController.class.php 第 30 行.
NOTIC: [8] Use of undefined constant url - assumed 'url' D:\xampp\htdocs\wemall\ThinkPHP\Application\Admin\Controller\MenuListController.class.php 第 30 行.
NOTIC: [8] Use of undefined constant url - assumed 'url' D:\xampp\htdocs\wemall\ThinkPHP\Application\Admin\Controller\MenuListController.class.php 第 30 行.
NOTIC: [8] Use of undefined constant url - assumed 'url' D:\xampp\htdocs\wemall\ThinkPHP\Application\Admin\Controller\MenuListController.class.php 第 30 行.
NOTIC: [8] Use of undefined constant url - assumed 'url' D:\xampp\htdocs\wemall\ThinkPHP\Application\Admin\Controller\MenuListController.class.php 第 30 行.
NOTIC: [8] Use of undefined constant url - assumed 'url' D:\xampp\htdocs\wemall\ThinkPHP\Application\Admin\Controller\MenuListController.class.php 第 30 行.
SQL: SHOW COLUMNS FROM `wemall_admin_menu` [ RunTime:0.0090s ]
SQL: SELECT * FROM `wemall_admin_menu` WHERE `module` = 'Admin' AND `controller` = 'Index' AND `action` = 'index' LIMIT 1   [ RunTime:0.0090s ]
SQL: SELECT * FROM `wemall_admin_menu` WHERE `id` = 23 LIMIT 1   [ RunTime:0.0080s ]
NOTIC: [8] Use of undefined constant pid - assumed 'pid' D:\xampp\htdocs\wemall\ThinkPHP\Application\Admin\Model\AdminMenuModel.class.php 第 44 行.
INFO: [ view_parse ] --START--
INFO: [ template_filter ] --START--
INFO: Run Behavior\ContentReplaceBehavior [ RunTime:0.000000s ]
INFO: [ template_filter ] --END-- [ RunTime:0.000000s ]
NOTIC: [8] Undefined index: class D:\xampp\htdocs\wemall\ThinkPHP\Application\Runtime\Cache\Admin\bc62bb2a7402468c1e0e6ba68e4517bd.php 第 2 行.
NOTIC: [8] Undefined index: class D:\xampp\htdocs\wemall\ThinkPHP\Application\Runtime\Cache\Admin\bc62bb2a7402468c1e0e6ba68e4517bd.php 第 2 行.
NOTIC: [8] Undefined index: class D:\xampp\htdocs\wemall\ThinkPHP\Application\Runtime\Cache\Admin\bc62bb2a7402468c1e0e6ba68e4517bd.php 第 2 行.
NOTIC: [8] Undefined index: class D:\xampp\htdocs\wemall\ThinkPHP\Application\Runtime\Cache\Admin\bc62bb2a7402468c1e0e6ba68e4517bd.php 第 2 行.
NOTIC: [8] Undefined index: class D:\xampp\htdocs\wemall\ThinkPHP\Application\Runtime\Cache\Admin\bc62bb2a7402468c1e0e6ba68e4517bd.php 第 2 行.
NOTIC: [8] Undefined index: class D:\xampp\htdocs\wemall\ThinkPHP\Application\Runtime\Cache\Admin\bc62bb2a7402468c1e0e6ba68e4517bd.php 第 2 行.
NOTIC: [8] Undefined index: class D:\xampp\htdocs\wemall\ThinkPHP\Application\Runtime\Cache\Admin\bc62bb2a7402468c1e0e6ba68e4517bd.php 第 2 行.
NOTIC: [8] Undefined index: class D:\xampp\htdocs\wemall\ThinkPHP\Application\Runtime\Cache\Admin\bc62bb2a7402468c1e0e6ba68e4517bd.php 第 2 行.
NOTIC: [8] Undefined index: class D:\xampp\htdocs\wemall\ThinkPHP\Application\Runtime\Cache\Admin\bc62bb2a7402468c1e0e6ba68e4517bd.php 第 2 行.
NOTIC: [8] Undefined index: class D:\xampp\htdocs\wemall\ThinkPHP\Application\Runtime\Cache\Admin\bc62bb2a7402468c1e0e6ba68e4517bd.php 第 2 行.
INFO: Run Behavior\ParseTemplateBehavior [ RunTime:0.012001s ]
INFO: [ view_parse ] --END-- [ RunTime:0.013001s ]
INFO: [ view_filter ] --START--
INFO: Run Behavior\WriteHtmlCacheBehavior [ RunTime:0.000000s ]
INFO: [ view_filter ] --END-- [ RunTime:0.001000s ]
SQL: SELECT * FROM `wemall_admin_menu` WHERE `module` = 'Admin' AND `controller` = 'Index' AND `action` = 'index' LIMIT 1   [ RunTime:0.0090s ]
SQL: SELECT * FROM `wemall_admin_menu` WHERE `id` = 23 LIMIT 1   [ RunTime:0.0080s ]
NOTIC: [8] Use of undefined constant pid - assumed 'pid' D:\xampp\htdocs\wemall\ThinkPHP\Application\Admin\Model\AdminMenuModel.class.php 第 44 行.
SQL: SELECT * FROM `wemall_admin_menu` WHERE ( pid = 23 ) ORDER BY sort desc  [ RunTime:0.0080s ]
SQL: SELECT * FROM `wemall_admin_menu` WHERE `module` = 'Admin' AND `controller` = 'Index' AND `action` = 'index' LIMIT 1   [ RunTime:0.0080s ]
NOTIC: [8] Use of undefined constant logout - assumed 'logout' D:\xampp\htdocs\wemall\ThinkPHP\Application\Admin\Controller\IndexController.class.php 第 13 行.
INFO: [ view_parse ] --START--
INFO: [ template_filter ] --START--
INFO: Run Behavior\ContentReplaceBehavior [ RunTime:0.000000s ]
INFO: [ template_filter ] --END-- [ RunTime:-0.050003s ]
INFO: Run Behavior\ParseTemplateBehavior [ RunTime:0.005000s ]
INFO: [ view_parse ] --END-- [ RunTime:-0.045003s ]
INFO: [ view_filter ] --START--
INFO: Run Behavior\WriteHtmlCacheBehavior [ RunTime:0.000000s ]
INFO: [ view_filter ] --END-- [ RunTime:-0.049003s ]
INFO: [ view_parse ] --START--
INFO: [ template_filter ] --START--
INFO: Run Behavior\ContentReplaceBehavior [ RunTime:0.000000s ]
INFO: [ template_filter ] --END-- [ RunTime:-0.061003s ]
NOTIC: [8] Undefined variable: YZFooterJs D:\xampp\htdocs\wemall\ThinkPHP\Application\Runtime\Cache\Admin\bbbf7050b05668fa13be77e37d2e0d3d.php 第 40 行.
INFO: Run Behavior\ParseTemplateBehavior [ RunTime:0.009001s ]
INFO: [ view_parse ] --END-- [ RunTime:-0.051003s ]
INFO: [ view_filter ] --START--
INFO: Run Behavior\WriteHtmlCacheBehavior [ RunTime:0.000000s ]
INFO: [ view_filter ] --END-- [ RunTime:-0.060004s ]
INFO: [ app_end ] --START--
INFO: Run Behavior\ShowPageTraceBehavior [ RunTime:0.001000s ]
INFO: [ app_end ] --END-- [ RunTime:0.001000s ]

[ 2015-05-02T16:16:49+08:00 ] 127.0.0.1 /wemall/WeiPHP/admin.php/Admin/Index/index.html
INFO: [ app_init ] --START--
INFO: Run Behavior\BuildLiteBehavior [ RunTime:0.000000s ]
INFO: [ app_init ] --END-- [ RunTime:0.000000s ]
INFO: [ app_begin ] --START--
INFO: Run Behavior\ReadHtmlCacheBehavior [ RunTime:0.000000s ]
INFO: [ app_begin ] --END-- [ RunTime:0.001000s ]
SQL: SHOW COLUMNS FROM `wemall_admin_menu` [ RunTime:0.0300s ]
SQL: SELECT * FROM `wemall_admin_menu` WHERE ( pid = 0 ) ORDER BY sort desc  [ RunTime:0.0110s ]
NOTIC: [8] Undefined variable: menuList D:\xampp\htdocs\wemall\ThinkPHP\Application\Admin\Model\AdminMenuModel.class.php 第 66 行.
NOTIC: [8] Undefined variable: menuList D:\xampp\htdocs\wemall\ThinkPHP\Application\Admin\Model\AdminMenuModel.class.php 第 66 行.
NOTIC: [8] Undefined variable: menuList D:\xampp\htdocs\wemall\ThinkPHP\Application\Admin\Model\AdminMenuModel.class.php 第 66 行.
NOTIC: [8] Undefined variable: menuList D:\xampp\htdocs\wemall\ThinkPHP\Application\Admin\Model\AdminMenuModel.class.php 第 66 行.
NOTIC: [8] Undefined variable: menuList D:\xampp\htdocs\wemall\ThinkPHP\Application\Admin\Model\AdminMenuModel.class.php 第 66 行.
NOTIC: [8] Undefined variable: menuList D:\xampp\htdocs\wemall\ThinkPHP\Application\Admin\Model\AdminMenuModel.class.php 第 66 行.
NOTIC: [8] Undefined variable: menuList D:\xampp\htdocs\wemall\ThinkPHP\Application\Admin\Model\AdminMenuModel.class.php 第 66 行.
NOTIC: [8] Undefined variable: menuList D:\xampp\htdocs\wemall\ThinkPHP\Application\Admin\Model\AdminMenuModel.class.php 第 66 行.
NOTIC: [8] Undefined variable: menuList D:\xampp\htdocs\wemall\ThinkPHP\Application\Admin\Model\AdminMenuModel.class.php 第 66 行.
NOTIC: [8] Undefined variable: menuList D:\xampp\htdocs\wemall\ThinkPHP\Application\Admin\Model\AdminMenuModel.class.php 第 66 行.
NOTIC: [8] Undefined variable: menuList D:\xampp\htdocs\wemall\ThinkPHP\Application\Admin\Model\AdminMenuModel.class.php 第 66 行.
NOTIC: [8] Use of undefined constant url - assumed 'url' D:\xampp\htdocs\wemall\ThinkPHP\Application\Admin\Controller\MenuListController.class.php 第 30 行.
NOTIC: [8] Use of undefined constant url - assumed 'url' D:\xampp\htdocs\wemall\ThinkPHP\Application\Admin\Controller\MenuListController.class.php 第 30 行.
NOTIC: [8] Use of undefined constant url - assumed 'url' D:\xampp\htdocs\wemall\ThinkPHP\Application\Admin\Controller\MenuListController.class.php 第 30 行.
NOTIC: [8] Use of undefined constant url - assumed 'url' D:\xampp\htdocs\wemall\ThinkPHP\Application\Admin\Controller\MenuListController.class.php 第 30 行.
NOTIC: [8] Use of undefined constant url - assumed 'url' D:\xampp\htdocs\wemall\ThinkPHP\Application\Admin\Controller\MenuListController.class.php 第 30 行.
NOTIC: [8] Use of undefined constant url - assumed 'url' D:\xampp\htdocs\wemall\ThinkPHP\Application\Admin\Controller\MenuListController.class.php 第 30 行.
NOTIC: [8] Use of undefined constant url - assumed 'url' D:\xampp\htdocs\wemall\ThinkPHP\Application\Admin\Controller\MenuListController.class.php 第 30 行.
NOTIC: [8] Use of undefined constant url - assumed 'url' D:\xampp\htdocs\wemall\ThinkPHP\Application\Admin\Controller\MenuListController.class.php 第 30 行.
NOTIC: [8] Use of undefined constant url - assumed 'url' D:\xampp\htdocs\wemall\ThinkPHP\Application\Admin\Controller\MenuListController.class.php 第 30 行.
NOTIC: [8] Use of undefined constant url - assumed 'url' D:\xampp\htdocs\wemall\ThinkPHP\Application\Admin\Controller\MenuListController.class.php 第 30 行.
NOTIC: [8] Use of undefined constant url - assumed 'url' D:\xampp\htdocs\wemall\ThinkPHP\Application\Admin\Controller\MenuListController.class.php 第 30 行.
SQL: SHOW COLUMNS FROM `wemall_admin_menu` [ RunTime:0.0210s ]
SQL: SELECT * FROM `wemall_admin_menu` WHERE `module` = 'Admin' AND `controller` = 'Index' AND `action` = 'index' LIMIT 1   [ RunTime:0.0110s ]
SQL: SELECT * FROM `wemall_admin_menu` WHERE `id` = 23 LIMIT 1   [ RunTime:0.0090s ]
NOTIC: [8] Use of undefined constant pid - assumed 'pid' D:\xampp\htdocs\wemall\ThinkPHP\Application\Admin\Model\AdminMenuModel.class.php 第 44 行.
INFO: [ view_parse ] --START--
INFO: [ template_filter ] --START--
INFO: Run Behavior\ContentReplaceBehavior [ RunTime:0.000000s ]
INFO: [ template_filter ] --END-- [ RunTime:0.001000s ]
NOTIC: [8] Undefined index: class D:\xampp\htdocs\wemall\ThinkPHP\Application\Runtime\Cache\Admin\bc62bb2a7402468c1e0e6ba68e4517bd.php 第 2 行.
NOTIC: [8] Undefined index: class D:\xampp\htdocs\wemall\ThinkPHP\Application\Runtime\Cache\Admin\bc62bb2a7402468c1e0e6ba68e4517bd.php 第 2 行.
NOTIC: [8] Undefined index: class D:\xampp\htdocs\wemall\ThinkPHP\Application\Runtime\Cache\Admin\bc62bb2a7402468c1e0e6ba68e4517bd.php 第 2 行.
NOTIC: [8] Undefined index: class D:\xampp\htdocs\wemall\ThinkPHP\Application\Runtime\Cache\Admin\bc62bb2a7402468c1e0e6ba68e4517bd.php 第 2 行.
NOTIC: [8] Undefined index: class D:\xampp\htdocs\wemall\ThinkPHP\Application\Runtime\Cache\Admin\bc62bb2a7402468c1e0e6ba68e4517bd.php 第 2 行.
NOTIC: [8] Undefined index: class D:\xampp\htdocs\wemall\ThinkPHP\Application\Runtime\Cache\Admin\bc62bb2a7402468c1e0e6ba68e4517bd.php 第 2 行.
NOTIC: [8] Undefined index: class D:\xampp\htdocs\wemall\ThinkPHP\Application\Runtime\Cache\Admin\bc62bb2a7402468c1e0e6ba68e4517bd.php 第 2 行.
NOTIC: [8] Undefined index: class D:\xampp\htdocs\wemall\ThinkPHP\Application\Runtime\Cache\Admin\bc62bb2a7402468c1e0e6ba68e4517bd.php 第 2 行.
NOTIC: [8] Undefined index: class D:\xampp\htdocs\wemall\ThinkPHP\Application\Runtime\Cache\Admin\bc62bb2a7402468c1e0e6ba68e4517bd.php 第 2 行.
NOTIC: [8] Undefined index: class D:\xampp\htdocs\wemall\ThinkPHP\Application\Runtime\Cache\Admin\bc62bb2a7402468c1e0e6ba68e4517bd.php 第 2 行.
INFO: Run Behavior\ParseTemplateBehavior [ RunTime:0.027002s ]
INFO: [ view_parse ] --END-- [ RunTime:0.029002s ]
INFO: [ view_filter ] --START--
INFO: Run Behavior\WriteHtmlCacheBehavior [ RunTime:0.001000s ]
INFO: [ view_filter ] --END-- [ RunTime:0.002000s ]
SQL: SELECT * FROM `wemall_admin_menu` WHERE `module` = 'Admin' AND `controller` = 'Index' AND `action` = 'index' LIMIT 1   [ RunTime:0.0090s ]
SQL: SELECT * FROM `wemall_admin_menu` WHERE `id` = 23 LIMIT 1   [ RunTime:0.0090s ]
NOTIC: [8] Use of undefined constant pid - assumed 'pid' D:\xampp\htdocs\wemall\ThinkPHP\Application\Admin\Model\AdminMenuModel.class.php 第 44 行.
SQL: SELECT * FROM `wemall_admin_menu` WHERE ( pid = 23 ) ORDER BY sort desc  [ RunTime:0.0100s ]
SQL: SELECT * FROM `wemall_admin_menu` WHERE `module` = 'Admin' AND `controller` = 'Index' AND `action` = 'index' LIMIT 1   [ RunTime:0.0090s ]
NOTIC: [8] Use of undefined constant logout - assumed 'logout' D:\xampp\htdocs\wemall\ThinkPHP\Application\Admin\Controller\IndexController.class.php 第 13 行.
INFO: [ view_parse ] --START--
INFO: [ template_filter ] --START--
INFO: Run Behavior\ContentReplaceBehavior [ RunTime:0.000000s ]
INFO: [ template_filter ] --END-- [ RunTime:-0.064004s ]
INFO: Run Behavior\ParseTemplateBehavior [ RunTime:0.005000s ]
INFO: [ view_parse ] --END-- [ RunTime:-0.050003s ]
INFO: [ view_filter ] --START--
INFO: Run Behavior\WriteHtmlCacheBehavior [ RunTime:0.000000s ]
INFO: [ view_filter ] --END-- [ RunTime:-0.053003s ]
INFO: [ view_parse ] --START--
INFO: [ template_filter ] --START--
INFO: Run Behavior\ContentReplaceBehavior [ RunTime:0.001000s ]
INFO: [ template_filter ] --END-- [ RunTime:-0.074005s ]
NOTIC: [8] Undefined variable: YZFooterJs D:\xampp\htdocs\wemall\ThinkPHP\Application\Runtime\Cache\Admin\bbbf7050b05668fa13be77e37d2e0d3d.php 第 40 行.
INFO: Run Behavior\ParseTemplateBehavior [ RunTime:0.010001s ]
INFO: [ view_parse ] --END-- [ RunTime:-0.056003s ]
INFO: [ view_filter ] --START--
INFO: Run Behavior\WriteHtmlCacheBehavior [ RunTime:0.000000s ]
INFO: [ view_filter ] --END-- [ RunTime:-0.064004s ]
INFO: [ app_end ] --START--
INFO: Run Behavior\ShowPageTraceBehavior [ RunTime:0.001000s ]
INFO: [ app_end ] --END-- [ RunTime:0.001000s ]

[ 2015-05-02T16:43:32+08:00 ] 127.0.0.1 /wemall/WeiPHP/admin.php
INFO: [ app_init ] --START--
INFO: Run Behavior\BuildLiteBehavior [ RunTime:0.000000s ]
INFO: [ app_init ] --END-- [ RunTime:0.001000s ]
INFO: [ app_begin ] --START--
INFO: Run Behavior\ReadHtmlCacheBehavior [ RunTime:0.001000s ]
INFO: [ app_begin ] --END-- [ RunTime:0.001000s ]
SQL: SHOW COLUMNS FROM `wemall_admin_menu` [ RunTime:0.0280s ]
SQL: SELECT * FROM `wemall_admin_menu` WHERE ( pid = 0 ) ORDER BY sort desc  [ RunTime:0.0080s ]
NOTIC: [8] Undefined variable: menuList D:\xampp\htdocs\wemall\ThinkPHP\Application\Admin\Model\AdminMenuModel.class.php 第 66 行.
NOTIC: [8] Undefined variable: menuList D:\xampp\htdocs\wemall\ThinkPHP\Application\Admin\Model\AdminMenuModel.class.php 第 66 行.
NOTIC: [8] Undefined variable: menuList D:\xampp\htdocs\wemall\ThinkPHP\Application\Admin\Model\AdminMenuModel.class.php 第 66 行.
NOTIC: [8] Undefined variable: menuList D:\xampp\htdocs\wemall\ThinkPHP\Application\Admin\Model\AdminMenuModel.class.php 第 66 行.
NOTIC: [8] Undefined variable: menuList D:\xampp\htdocs\wemall\ThinkPHP\Application\Admin\Model\AdminMenuModel.class.php 第 66 行.
NOTIC: [8] Undefined variable: menuList D:\xampp\htdocs\wemall\ThinkPHP\Application\Admin\Model\AdminMenuModel.class.php 第 66 行.
NOTIC: [8] Undefined variable: menuList D:\xampp\htdocs\wemall\ThinkPHP\Application\Admin\Model\AdminMenuModel.class.php 第 66 行.
NOTIC: [8] Undefined variable: menuList D:\xampp\htdocs\wemall\ThinkPHP\Application\Admin\Model\AdminMenuModel.class.php 第 66 行.
NOTIC: [8] Undefined variable: menuList D:\xampp\htdocs\wemall\ThinkPHP\Application\Admin\Model\AdminMenuModel.class.php 第 66 行.
NOTIC: [8] Undefined variable: menuList D:\xampp\htdocs\wemall\ThinkPHP\Application\Admin\Model\AdminMenuModel.class.php 第 66 行.
NOTIC: [8] Undefined variable: menuList D:\xampp\htdocs\wemall\ThinkPHP\Application\Admin\Model\AdminMenuModel.class.php 第 66 行.
NOTIC: [8] Use of undefined constant url - assumed 'url' D:\xampp\htdocs\wemall\ThinkPHP\Application\Admin\Controller\MenuListController.class.php 第 30 行.
NOTIC: [8] Use of undefined constant url - assumed 'url' D:\xampp\htdocs\wemall\ThinkPHP\Application\Admin\Controller\MenuListController.class.php 第 30 行.
NOTIC: [8] Use of undefined constant url - assumed 'url' D:\xampp\htdocs\wemall\ThinkPHP\Application\Admin\Controller\MenuListController.class.php 第 30 行.
NOTIC: [8] Use of undefined constant url - assumed 'url' D:\xampp\htdocs\wemall\ThinkPHP\Application\Admin\Controller\MenuListController.class.php 第 30 行.
NOTIC: [8] Use of undefined constant url - assumed 'url' D:\xampp\htdocs\wemall\ThinkPHP\Application\Admin\Controller\MenuListController.class.php 第 30 行.
NOTIC: [8] Use of undefined constant url - assumed 'url' D:\xampp\htdocs\wemall\ThinkPHP\Application\Admin\Controller\MenuListController.class.php 第 30 行.
NOTIC: [8] Use of undefined constant url - assumed 'url' D:\xampp\htdocs\wemall\ThinkPHP\Application\Admin\Controller\MenuListController.class.php 第 30 行.
NOTIC: [8] Use of undefined constant url - assumed 'url' D:\xampp\htdocs\wemall\ThinkPHP\Application\Admin\Controller\MenuListController.class.php 第 30 行.
NOTIC: [8] Use of undefined constant url - assumed 'url' D:\xampp\htdocs\wemall\ThinkPHP\Application\Admin\Controller\MenuListController.class.php 第 30 行.
NOTIC: [8] Use of undefined constant url - assumed 'url' D:\xampp\htdocs\wemall\ThinkPHP\Application\Admin\Controller\MenuListController.class.php 第 30 行.
NOTIC: [8] Use of undefined constant url - assumed 'url' D:\xampp\htdocs\wemall\ThinkPHP\Application\Admin\Controller\MenuListController.class.php 第 30 行.
SQL: SHOW COLUMNS FROM `wemall_admin_menu` [ RunTime:0.0130s ]
SQL: SELECT * FROM `wemall_admin_menu` WHERE `module` = 'Admin' AND `controller` = 'Index' AND `action` = 'index' LIMIT 1   [ RunTime:0.0070s ]
SQL: SELECT * FROM `wemall_admin_menu` WHERE `id` = 23 LIMIT 1   [ RunTime:0.0070s ]
NOTIC: [8] Use of undefined constant pid - assumed 'pid' D:\xampp\htdocs\wemall\ThinkPHP\Application\Admin\Model\AdminMenuModel.class.php 第 44 行.
INFO: [ view_parse ] --START--
INFO: [ template_filter ] --START--
INFO: Run Behavior\ContentReplaceBehavior [ RunTime:0.000000s ]
INFO: [ template_filter ] --END-- [ RunTime:0.000000s ]
NOTIC: [8] Undefined index: class D:\xampp\htdocs\wemall\ThinkPHP\Application\Runtime\Cache\Admin\bc62bb2a7402468c1e0e6ba68e4517bd.php 第 2 行.
NOTIC: [8] Undefined index: class D:\xampp\htdocs\wemall\ThinkPHP\Application\Runtime\Cache\Admin\bc62bb2a7402468c1e0e6ba68e4517bd.php 第 2 行.
NOTIC: [8] Undefined index: class D:\xampp\htdocs\wemall\ThinkPHP\Application\Runtime\Cache\Admin\bc62bb2a7402468c1e0e6ba68e4517bd.php 第 2 行.
NOTIC: [8] Undefined index: class D:\xampp\htdocs\wemall\ThinkPHP\Application\Runtime\Cache\Admin\bc62bb2a7402468c1e0e6ba68e4517bd.php 第 2 行.
NOTIC: [8] Undefined index: class D:\xampp\htdocs\wemall\ThinkPHP\Application\Runtime\Cache\Admin\bc62bb2a7402468c1e0e6ba68e4517bd.php 第 2 行.
NOTIC: [8] Undefined index: class D:\xampp\htdocs\wemall\ThinkPHP\Application\Runtime\Cache\Admin\bc62bb2a7402468c1e0e6ba68e4517bd.php 第 2 行.
NOTIC: [8] Undefined index: class D:\xampp\htdocs\wemall\ThinkPHP\Application\Runtime\Cache\Admin\bc62bb2a7402468c1e0e6ba68e4517bd.php 第 2 行.
NOTIC: [8] Undefined index: class D:\xampp\htdocs\wemall\ThinkPHP\Application\Runtime\Cache\Admin\bc62bb2a7402468c1e0e6ba68e4517bd.php 第 2 行.
NOTIC: [8] Undefined index: class D:\xampp\htdocs\wemall\ThinkPHP\Application\Runtime\Cache\Admin\bc62bb2a7402468c1e0e6ba68e4517bd.php 第 2 行.
NOTIC: [8] Undefined index: class D:\xampp\htdocs\wemall\ThinkPHP\Application\Runtime\Cache\Admin\bc62bb2a7402468c1e0e6ba68e4517bd.php 第 2 行.
INFO: Run Behavior\ParseTemplateBehavior [ RunTime:0.015001s ]
INFO: [ view_parse ] --END-- [ RunTime:0.015001s ]
INFO: [ view_filter ] --START--
INFO: Run Behavior\WriteHtmlCacheBehavior [ RunTime:0.000000s ]
INFO: [ view_filter ] --END-- [ RunTime:0.001000s ]
SQL: SELECT * FROM `wemall_admin_menu` WHERE `module` = 'Admin' AND `controller` = 'Index' AND `action` = 'index' LIMIT 1   [ RunTime:0.0080s ]
SQL: SELECT * FROM `wemall_admin_menu` WHERE `id` = 23 LIMIT 1   [ RunTime:0.0070s ]
NOTIC: [8] Use of undefined constant pid - assumed 'pid' D:\xampp\htdocs\wemall\ThinkPHP\Application\Admin\Model\AdminMenuModel.class.php 第 44 行.
SQL: SELECT * FROM `wemall_admin_menu` WHERE ( pid = 23 ) ORDER BY sort desc  [ RunTime:0.0070s ]
SQL: SELECT * FROM `wemall_admin_menu` WHERE `module` = 'Admin' AND `controller` = 'Index' AND `action` = 'index' LIMIT 1   [ RunTime:0.0070s ]
NOTIC: [8] Use of undefined constant logout - assumed 'logout' D:\xampp\htdocs\wemall\ThinkPHP\Application\Admin\Controller\IndexController.class.php 第 13 行.
INFO: [ view_parse ] --START--
INFO: [ template_filter ] --START--
INFO: Run Behavior\ContentReplaceBehavior [ RunTime:0.000000s ]
INFO: [ template_filter ] --END-- [ RunTime:-0.046002s ]
INFO: Run Behavior\ParseTemplateBehavior [ RunTime:0.004000s ]
INFO: [ view_parse ] --END-- [ RunTime:-0.041002s ]
INFO: [ view_filter ] --START--
INFO: Run Behavior\WriteHtmlCacheBehavior [ RunTime:0.000000s ]
INFO: [ view_filter ] --END-- [ RunTime:-0.045002s ]
INFO: [ view_parse ] --START--
INFO: [ template_filter ] --START--
INFO: Run Behavior\ContentReplaceBehavior [ RunTime:0.001000s ]
INFO: [ template_filter ] --END-- [ RunTime:-0.059003s ]
NOTIC: [8] Undefined variable: YZFooterJs D:\xampp\htdocs\wemall\ThinkPHP\Application\Runtime\Cache\Admin\bbbf7050b05668fa13be77e37d2e0d3d.php 第 40 行.
INFO: Run Behavior\ParseTemplateBehavior [ RunTime:0.013001s ]
INFO: [ view_parse ] --END-- [ RunTime:-0.046002s ]
INFO: [ view_filter ] --START--
INFO: Run Behavior\WriteHtmlCacheBehavior [ RunTime:0.000000s ]
INFO: [ view_filter ] --END-- [ RunTime:-0.060003s ]
INFO: [ app_end ] --START--
INFO: Run Behavior\ShowPageTraceBehavior [ RunTime:0.002000s ]
INFO: [ app_end ] --END-- [ RunTime:0.002000s ]

[ 2015-05-02T16:52:44+08:00 ] 127.0.0.1 /wemall/WeiPHP/admin.php
INFO: [ app_init ] --START--
INFO: Run Behavior\BuildLiteBehavior [ RunTime:0.000000s ]
INFO: [ app_init ] --END-- [ RunTime:0.002000s ]
INFO: [ app_begin ] --START--
INFO: Run Behavior\ReadHtmlCacheBehavior [ RunTime:0.001000s ]
INFO: [ app_begin ] --END-- [ RunTime:0.001000s ]
SQL: SHOW COLUMNS FROM `wemall_admin_menu` [ RunTime:0.0290s ]
SQL: SELECT * FROM `wemall_admin_menu` WHERE ( pid = 0 ) ORDER BY sort desc  [ RunTime:0.0120s ]
NOTIC: [8] Undefined variable: menuList D:\xampp\htdocs\wemall\ThinkPHP\Application\Admin\Model\AdminMenuModel.class.php 第 66 行.
NOTIC: [8] Undefined variable: menuList D:\xampp\htdocs\wemall\ThinkPHP\Application\Admin\Model\AdminMenuModel.class.php 第 66 行.
NOTIC: [8] Undefined variable: menuList D:\xampp\htdocs\wemall\ThinkPHP\Application\Admin\Model\AdminMenuModel.class.php 第 66 行.
NOTIC: [8] Undefined variable: menuList D:\xampp\htdocs\wemall\ThinkPHP\Application\Admin\Model\AdminMenuModel.class.php 第 66 行.
NOTIC: [8] Undefined variable: menuList D:\xampp\htdocs\wemall\ThinkPHP\Application\Admin\Model\AdminMenuModel.class.php 第 66 行.
NOTIC: [8] Undefined variable: menuList D:\xampp\htdocs\wemall\ThinkPHP\Application\Admin\Model\AdminMenuModel.class.php 第 66 行.
NOTIC: [8] Undefined variable: menuList D:\xampp\htdocs\wemall\ThinkPHP\Application\Admin\Model\AdminMenuModel.class.php 第 66 行.
NOTIC: [8] Undefined variable: menuList D:\xampp\htdocs\wemall\ThinkPHP\Application\Admin\Model\AdminMenuModel.class.php 第 66 行.
NOTIC: [8] Undefined variable: menuList D:\xampp\htdocs\wemall\ThinkPHP\Application\Admin\Model\AdminMenuModel.class.php 第 66 行.
NOTIC: [8] Undefined variable: menuList D:\xampp\htdocs\wemall\ThinkPHP\Application\Admin\Model\AdminMenuModel.class.php 第 66 行.
NOTIC: [8] Undefined variable: menuList D:\xampp\htdocs\wemall\ThinkPHP\Application\Admin\Model\AdminMenuModel.class.php 第 66 行.
NOTIC: [8] Use of undefined constant url - assumed 'url' D:\xampp\htdocs\wemall\ThinkPHP\Application\Admin\Controller\MenuListController.class.php 第 30 行.
NOTIC: [8] Use of undefined constant url - assumed 'url' D:\xampp\htdocs\wemall\ThinkPHP\Application\Admin\Controller\MenuListController.class.php 第 30 行.
NOTIC: [8] Use of undefined constant url - assumed 'url' D:\xampp\htdocs\wemall\ThinkPHP\Application\Admin\Controller\MenuListController.class.php 第 30 行.
NOTIC: [8] Use of undefined constant url - assumed 'url' D:\xampp\htdocs\wemall\ThinkPHP\Application\Admin\Controller\MenuListController.class.php 第 30 行.
NOTIC: [8] Use of undefined constant url - assumed 'url' D:\xampp\htdocs\wemall\ThinkPHP\Application\Admin\Controller\MenuListController.class.php 第 30 行.
NOTIC: [8] Use of undefined constant url - assumed 'url' D:\xampp\htdocs\wemall\ThinkPHP\Application\Admin\Controller\MenuListController.class.php 第 30 行.
NOTIC: [8] Use of undefined constant url - assumed 'url' D:\xampp\htdocs\wemall\ThinkPHP\Application\Admin\Controller\MenuListController.class.php 第 30 行.
NOTIC: [8] Use of undefined constant url - assumed 'url' D:\xampp\htdocs\wemall\ThinkPHP\Application\Admin\Controller\MenuListController.class.php 第 30 行.
NOTIC: [8] Use of undefined constant url - assumed 'url' D:\xampp\htdocs\wemall\ThinkPHP\Application\Admin\Controller\MenuListController.class.php 第 30 行.
NOTIC: [8] Use of undefined constant url - assumed 'url' D:\xampp\htdocs\wemall\ThinkPHP\Application\Admin\Controller\MenuListController.class.php 第 30 行.
NOTIC: [8] Use of undefined constant url - assumed 'url' D:\xampp\htdocs\wemall\ThinkPHP\Application\Admin\Controller\MenuListController.class.php 第 30 行.
SQL: SHOW COLUMNS FROM `wemall_admin_menu` [ RunTime:0.0090s ]
SQL: SELECT * FROM `wemall_admin_menu` WHERE `module` = 'Admin' AND `controller` = 'Index' AND `action` = 'index' LIMIT 1   [ RunTime:0.0090s ]
SQL: SELECT * FROM `wemall_admin_menu` WHERE `id` = 23 LIMIT 1   [ RunTime:0.0080s ]
NOTIC: [8] Use of undefined constant pid - assumed 'pid' D:\xampp\htdocs\wemall\ThinkPHP\Application\Admin\Model\AdminMenuModel.class.php 第 44 行.
INFO: [ view_parse ] --START--
INFO: [ template_filter ] --START--
INFO: Run Behavior\ContentReplaceBehavior [ RunTime:0.001000s ]
INFO: [ template_filter ] --END-- [ RunTime:0.001000s ]
NOTIC: [8] Undefined index: class D:\xampp\htdocs\wemall\ThinkPHP\Application\Runtime\Cache\Admin\bc62bb2a7402468c1e0e6ba68e4517bd.php 第 2 行.
NOTIC: [8] Undefined index: class D:\xampp\htdocs\wemall\ThinkPHP\Application\Runtime\Cache\Admin\bc62bb2a7402468c1e0e6ba68e4517bd.php 第 2 行.
NOTIC: [8] Undefined index: class D:\xampp\htdocs\wemall\ThinkPHP\Application\Runtime\Cache\Admin\bc62bb2a7402468c1e0e6ba68e4517bd.php 第 2 行.
NOTIC: [8] Undefined index: class D:\xampp\htdocs\wemall\ThinkPHP\Application\Runtime\Cache\Admin\bc62bb2a7402468c1e0e6ba68e4517bd.php 第 2 行.
NOTIC: [8] Undefined index: class D:\xampp\htdocs\wemall\ThinkPHP\Application\Runtime\Cache\Admin\bc62bb2a7402468c1e0e6ba68e4517bd.php 第 2 行.
NOTIC: [8] Undefined index: class D:\xampp\htdocs\wemall\ThinkPHP\Application\Runtime\Cache\Admin\bc62bb2a7402468c1e0e6ba68e4517bd.php 第 2 行.
NOTIC: [8] Undefined index: class D:\xampp\htdocs\wemall\ThinkPHP\Application\Runtime\Cache\Admin\bc62bb2a7402468c1e0e6ba68e4517bd.php 第 2 行.
NOTIC: [8] Undefined index: class D:\xampp\htdocs\wemall\ThinkPHP\Application\Runtime\Cache\Admin\bc62bb2a7402468c1e0e6ba68e4517bd.php 第 2 行.
NOTIC: [8] Undefined index: class D:\xampp\htdocs\wemall\ThinkPHP\Application\Runtime\Cache\Admin\bc62bb2a7402468c1e0e6ba68e4517bd.php 第 2 行.
NOTIC: [8] Undefined index: class D:\xampp\htdocs\wemall\ThinkPHP\Application\Runtime\Cache\Admin\bc62bb2a7402468c1e0e6ba68e4517bd.php 第 2 行.
INFO: Run Behavior\ParseTemplateBehavior [ RunTime:0.016001s ]
INFO: [ view_parse ] --END-- [ RunTime:0.016001s ]
INFO: [ view_filter ] --START--
INFO: Run Behavior\WriteHtmlCacheBehavior [ RunTime:0.001000s ]
INFO: [ view_filter ] --END-- [ RunTime:0.001000s ]
SQL: SELECT * FROM `wemall_admin_menu` WHERE `module` = 'Admin' AND `controller` = 'Index' AND `action` = 'index' LIMIT 1   [ RunTime:0.0090s ]
SQL: SELECT * FROM `wemall_admin_menu` WHERE `id` = 23 LIMIT 1   [ RunTime:0.0080s ]
NOTIC: [8] Use of undefined constant pid - assumed 'pid' D:\xampp\htdocs\wemall\ThinkPHP\Application\Admin\Model\AdminMenuModel.class.php 第 44 行.
SQL: SELECT * FROM `wemall_admin_menu` WHERE ( pid = 23 ) ORDER BY sort desc  [ RunTime:0.0090s ]
SQL: SELECT * FROM `wemall_admin_menu` WHERE `module` = 'Admin' AND `controller` = 'Index' AND `action` = 'index' LIMIT 1   [ RunTime:0.0090s ]
NOTIC: [8] Use of undefined constant logout - assumed 'logout' D:\xampp\htdocs\wemall\ThinkPHP\Application\Admin\Controller\IndexController.class.php 第 13 行.
INFO: [ view_parse ] --START--
INFO: [ template_filter ] --START--
INFO: Run Behavior\ContentReplaceBehavior [ RunTime:0.000000s ]
INFO: [ template_filter ] --END-- [ RunTime:-0.057004s ]
INFO: Run Behavior\ParseTemplateBehavior [ RunTime:0.004001s ]
INFO: [ view_parse ] --END-- [ RunTime:-0.051002s ]
INFO: [ view_filter ] --START--
INFO: Run Behavior\WriteHtmlCacheBehavior [ RunTime:0.000000s ]
INFO: [ view_filter ] --END-- [ RunTime:-0.055003s ]
INFO: [ view_parse ] --START--
INFO: [ template_filter ] --START--
INFO: Run Behavior\ContentReplaceBehavior [ RunTime:0.000000s ]
INFO: [ template_filter ] --END-- [ RunTime:-0.074005s ]
NOTIC: [8] Undefined variable: YZFooterJs D:\xampp\htdocs\wemall\ThinkPHP\Application\Runtime\Cache\Admin\bbbf7050b05668fa13be77e37d2e0d3d.php 第 40 行.
INFO: Run Behavior\ParseTemplateBehavior [ RunTime:0.017001s ]
INFO: [ view_parse ] --END-- [ RunTime:-0.057003s ]
INFO: [ view_filter ] --START--
INFO: Run Behavior\WriteHtmlCacheBehavior [ RunTime:0.000000s ]
INFO: [ view_filter ] --END-- [ RunTime:-0.073004s ]
INFO: [ app_end ] --START--
INFO: Run Behavior\ShowPageTraceBehavior [ RunTime:0.001000s ]
INFO: [ app_end ] --END-- [ RunTime:0.002000s ]

[ 2015-05-02T17:06:59+08:00 ] 127.0.0.1 /wemall/WeiPHP/admin.php/
INFO: [ app_init ] --START--
INFO: Run Behavior\BuildLiteBehavior [ RunTime:0.000000s ]
INFO: [ app_init ] --END-- [ RunTime:0.001000s ]
INFO: [ app_begin ] --START--
INFO: Run Behavior\ReadHtmlCacheBehavior [ RunTime:0.001000s ]
INFO: [ app_begin ] --END-- [ RunTime:0.001000s ]
SQL: SHOW COLUMNS FROM `wemall_admin_menu` [ RunTime:0.0230s ]
SQL: SELECT * FROM `wemall_admin_menu` WHERE ( pid = 0 ) ORDER BY sort desc  [ RunTime:0.0090s ]
NOTIC: [8] Undefined variable: menuList D:\xampp\htdocs\wemall\ThinkPHP\Application\Admin\Model\AdminMenuModel.class.php 第 66 行.
NOTIC: [8] Undefined variable: menuList D:\xampp\htdocs\wemall\ThinkPHP\Application\Admin\Model\AdminMenuModel.class.php 第 66 行.
NOTIC: [8] Undefined variable: menuList D:\xampp\htdocs\wemall\ThinkPHP\Application\Admin\Model\AdminMenuModel.class.php 第 66 行.
NOTIC: [8] Undefined variable: menuList D:\xampp\htdocs\wemall\ThinkPHP\Application\Admin\Model\AdminMenuModel.class.php 第 66 行.
NOTIC: [8] Undefined variable: menuList D:\xampp\htdocs\wemall\ThinkPHP\Application\Admin\Model\AdminMenuModel.class.php 第 66 行.
NOTIC: [8] Undefined variable: menuList D:\xampp\htdocs\wemall\ThinkPHP\Application\Admin\Model\AdminMenuModel.class.php 第 66 行.
NOTIC: [8] Undefined variable: menuList D:\xampp\htdocs\wemall\ThinkPHP\Application\Admin\Model\AdminMenuModel.class.php 第 66 行.
NOTIC: [8] Undefined variable: menuList D:\xampp\htdocs\wemall\ThinkPHP\Application\Admin\Model\AdminMenuModel.class.php 第 66 行.
NOTIC: [8] Undefined variable: menuList D:\xampp\htdocs\wemall\ThinkPHP\Application\Admin\Model\AdminMenuModel.class.php 第 66 行.
NOTIC: [8] Undefined variable: menuList D:\xampp\htdocs\wemall\ThinkPHP\Application\Admin\Model\AdminMenuModel.class.php 第 66 行.
NOTIC: [8] Undefined variable: menuList D:\xampp\htdocs\wemall\ThinkPHP\Application\Admin\Model\AdminMenuModel.class.php 第 66 行.
NOTIC: [8] Use of undefined constant url - assumed 'url' D:\xampp\htdocs\wemall\ThinkPHP\Application\Admin\Controller\MenuListController.class.php 第 30 行.
NOTIC: [8] Use of undefined constant url - assumed 'url' D:\xampp\htdocs\wemall\ThinkPHP\Application\Admin\Controller\MenuListController.class.php 第 30 行.
NOTIC: [8] Use of undefined constant url - assumed 'url' D:\xampp\htdocs\wemall\ThinkPHP\Application\Admin\Controller\MenuListController.class.php 第 30 行.
NOTIC: [8] Use of undefined constant url - assumed 'url' D:\xampp\htdocs\wemall\ThinkPHP\Application\Admin\Controller\MenuListController.class.php 第 30 行.
NOTIC: [8] Use of undefined constant url - assumed 'url' D:\xampp\htdocs\wemall\ThinkPHP\Application\Admin\Controller\MenuListController.class.php 第 30 行.
NOTIC: [8] Use of undefined constant url - assumed 'url' D:\xampp\htdocs\wemall\ThinkPHP\Application\Admin\Controller\MenuListController.class.php 第 30 行.
NOTIC: [8] Use of undefined constant url - assumed 'url' D:\xampp\htdocs\wemall\ThinkPHP\Application\Admin\Controller\MenuListController.class.php 第 30 行.
NOTIC: [8] Use of undefined constant url - assumed 'url' D:\xampp\htdocs\wemall\ThinkPHP\Application\Admin\Controller\MenuListController.class.php 第 30 行.
NOTIC: [8] Use of undefined constant url - assumed 'url' D:\xampp\htdocs\wemall\ThinkPHP\Application\Admin\Controller\MenuListController.class.php 第 30 行.
NOTIC: [8] Use of undefined constant url - assumed 'url' D:\xampp\htdocs\wemall\ThinkPHP\Application\Admin\Controller\MenuListController.class.php 第 30 行.
NOTIC: [8] Use of undefined constant url - assumed 'url' D:\xampp\htdocs\wemall\ThinkPHP\Application\Admin\Controller\MenuListController.class.php 第 30 行.
SQL: SHOW COLUMNS FROM `wemall_admin_menu` [ RunTime:0.0090s ]
SQL: SELECT * FROM `wemall_admin_menu` WHERE `module` = 'Admin' AND `controller` = 'Index' AND `action` = 'index' LIMIT 1   [ RunTime:0.0080s ]
SQL: SELECT * FROM `wemall_admin_menu` WHERE `id` = 23 LIMIT 1   [ RunTime:0.0080s ]
NOTIC: [8] Use of undefined constant pid - assumed 'pid' D:\xampp\htdocs\wemall\ThinkPHP\Application\Admin\Model\AdminMenuModel.class.php 第 44 行.
INFO: [ view_parse ] --START--
INFO: [ template_filter ] --START--
INFO: Run Behavior\ContentReplaceBehavior [ RunTime:0.000000s ]
INFO: [ template_filter ] --END-- [ RunTime:0.000000s ]
NOTIC: [8] Undefined index: class D:\xampp\htdocs\wemall\ThinkPHP\Application\Runtime\Cache\Admin\bc62bb2a7402468c1e0e6ba68e4517bd.php 第 2 行.
NOTIC: [8] Undefined index: class D:\xampp\htdocs\wemall\ThinkPHP\Application\Runtime\Cache\Admin\bc62bb2a7402468c1e0e6ba68e4517bd.php 第 2 行.
NOTIC: [8] Undefined index: class D:\xampp\htdocs\wemall\ThinkPHP\Application\Runtime\Cache\Admin\bc62bb2a7402468c1e0e6ba68e4517bd.php 第 2 行.
NOTIC: [8] Undefined index: class D:\xampp\htdocs\wemall\ThinkPHP\Application\Runtime\Cache\Admin\bc62bb2a7402468c1e0e6ba68e4517bd.php 第 2 行.
NOTIC: [8] Undefined index: class D:\xampp\htdocs\wemall\ThinkPHP\Application\Runtime\Cache\Admin\bc62bb2a7402468c1e0e6ba68e4517bd.php 第 2 行.
NOTIC: [8] Undefined index: class D:\xampp\htdocs\wemall\ThinkPHP\Application\Runtime\Cache\Admin\bc62bb2a7402468c1e0e6ba68e4517bd.php 第 2 行.
NOTIC: [8] Undefined index: class D:\xampp\htdocs\wemall\ThinkPHP\Application\Runtime\Cache\Admin\bc62bb2a7402468c1e0e6ba68e4517bd.php 第 2 行.
NOTIC: [8] Undefined index: class D:\xampp\htdocs\wemall\ThinkPHP\Application\Runtime\Cache\Admin\bc62bb2a7402468c1e0e6ba68e4517bd.php 第 2 行.
NOTIC: [8] Undefined index: class D:\xampp\htdocs\wemall\ThinkPHP\Application\Runtime\Cache\Admin\bc62bb2a7402468c1e0e6ba68e4517bd.php 第 2 行.
NOTIC: [8] Undefined index: class D:\xampp\htdocs\wemall\ThinkPHP\Application\Runtime\Cache\Admin\bc62bb2a7402468c1e0e6ba68e4517bd.php 第 2 行.
INFO: Run Behavior\ParseTemplateBehavior [ RunTime:0.010000s ]
INFO: [ view_parse ] --END-- [ RunTime:0.010000s ]
INFO: [ view_filter ] --START--
INFO: Run Behavior\WriteHtmlCacheBehavior [ RunTime:0.000000s ]
INFO: [ view_filter ] --END-- [ RunTime:0.000000s ]
SQL: SELECT * FROM `wemall_admin_menu` WHERE `module` = 'Admin' AND `controller` = 'Index' AND `action` = 'index' LIMIT 1   [ RunTime:0.0000s ]
SQL: SELECT * FROM `wemall_admin_menu` WHERE `id` = 23 LIMIT 1   [ RunTime:0.0080s ]
NOTIC: [8] Use of undefined constant pid - assumed 'pid' D:\xampp\htdocs\wemall\ThinkPHP\Application\Admin\Model\AdminMenuModel.class.php 第 44 行.
SQL: SELECT * FROM `wemall_admin_menu` WHERE ( pid = 23 ) ORDER BY sort desc  [ RunTime:0.0080s ]
SQL: SELECT * FROM `wemall_admin_menu` WHERE `module` = 'Admin' AND `controller` = 'Index' AND `action` = 'index' LIMIT 1   [ RunTime:0.0010s ]
NOTIC: [8] Use of undefined constant logout - assumed 'logout' D:\xampp\htdocs\wemall\ThinkPHP\Application\Admin\Controller\IndexController.class.php 第 13 行.
INFO: [ view_parse ] --START--
INFO: [ template_filter ] --START--
INFO: Run Behavior\ContentReplaceBehavior [ RunTime:0.001000s ]
INFO: [ template_filter ] --END-- [ RunTime:-0.057002s ]
INFO: Run Behavior\ParseTemplateBehavior [ RunTime:0.004000s ]
INFO: [ view_parse ] --END-- [ RunTime:-0.055002s ]
INFO: [ view_filter ] --START--
INFO: Run Behavior\WriteHtmlCacheBehavior [ RunTime:0.000000s ]
INFO: [ view_filter ] --END-- [ RunTime:-0.059002s ]
INFO: [ view_parse ] --START--
INFO: [ template_filter ] --START--
INFO: Run Behavior\ContentReplaceBehavior [ RunTime:0.000000s ]
INFO: [ template_filter ] --END-- [ RunTime:-0.069003s ]
NOTIC: [8] Undefined variable: YZFooterJs D:\xampp\htdocs\wemall\ThinkPHP\Application\Runtime\Cache\Admin\bbbf7050b05668fa13be77e37d2e0d3d.php 第 40 行.
INFO: Run Behavior\ParseTemplateBehavior [ RunTime:0.012001s ]
INFO: [ view_parse ] --END-- [ RunTime:-0.060002s ]
INFO: [ view_filter ] --START--
INFO: Run Behavior\WriteHtmlCacheBehavior [ RunTime:0.000000s ]
INFO: [ view_filter ] --END-- [ RunTime:-0.073003s ]
INFO: [ app_end ] --START--
INFO: Run Behavior\ShowPageTraceBehavior [ RunTime:0.000000s ]
INFO: [ app_end ] --END-- [ RunTime:0.001000s ]

